3f71_9e1c_0000_1607198137_1_received
e70a_3f71_0000_1607198140_2_received
b3a7_e70a_0000_1607198145_3_received
2e68_e70a_0000_1607198146_3_received
db64_b3a7_0000_1607198149_4_generated
c615_db64_0000_1607198150_5_generated
8394_b3a7_0000_1607198150_4_received
5c2f_c615_0000_1607198151_6_received
c7b6_5c2f_0000_1607198154_7_generated
7c66_c7b6_0000_1607198155_8_generated
ae1b_7c66_0000_1607198155_9_generated
535e_ae1b_0000_1607198156_10_generated
6875_5c2f_0000_1607198155_7_received
6a4a_535e_0000_1607198157_11_generated
e2af_6875_0000_1607198155_8_received
1353_6a4a_0000_1607198158_12_received
fae2_1353_0000_1607198159_13_received
cff9_535e_0000_1607198158_11_received
1a77_fae2_0000_1607198160_14_received
65fa_1a77_0000_1607198162_15_generated
ce16_fae2_0000_1607198161_14_received
6618_65fa_0000_1607198164_16_generated
49da_65fa_0000_1607198163_16_received
3d7b_6618_0000_1607198165_17_generated
41af_ce16_0000_1607198163_15_received
0c90_49da_0000_1607198165_17_received
ab01_41af_0000_1607198164_16_received
5920_49da_0000_1607198166_17_received
96c7_3d7b_0000_1607198169_18_generated
76c9_0c90_0000_1607198168_18_received
2b8c_96c7_0000_1607198172_19_received
24b9_2b8c_0000_1607198173_20_generated
0cf2_76c9_0000_1607198171_19_received
9eaa_24b9_0000_1607198174_21_generated
d61c_2b8c_0000_1607198174_20_received
2768_9eaa_0000_1607198175_22_received
2f93_2768_0000_1607198176_23_received
c993_2f93_0000_1607198178_24_generated
d252_c993_0000_1607198178_25_generated
afc9_9eaa_0000_1607198177_22_received
8731_d252_0000_1607198180_26_received
bbd6_8731_0000_1607198182_27_generated
4d1e_bbd6_0000_1607198182_28_generated
073f_bbd6_0000_1607198183_28_received
e7cf_4d1e_0000_1607198185_29_received
ceac_e7cf_0000_1607198187_30_generated
370f_ceac_0000_1607198188_31_generated
1725_370f_0000_1607198189_32_generated
f80b_1725_0000_1607198189_33_generated
0ca7_e7cf_0000_1607198188_30_received
992f_f80b_0000_1607198191_34_generated
a5ce_1725_0000_1607198190_33_received
2df6_0ca7_0000_1607198190_31_received
a9fc_992f_0000_1607198193_35_generated
da80_992f_0000_1607198192_35_received
6da9_da80_0000_1607198201_36_received
bd0e_6da9_0000_1607198202_37_generated
8d22_bd0e_0000_1607198203_38_generated
39fa_a9fc_0000_1607198202_36_received
9737_39fa_0000_1607198203_37_received
c517_8d22_0000_1607198207_39_generated
1f84_8d22_0000_1607198206_39_received
d9e2_c517_0000_1607198210_40_generated
5a11_d9e2_0000_1607198212_41_generated
bbc3_5a11_0000_1607198212_42_generated
9eb4_5a11_0000_1607198213_42_received
b3e8_bbc3_0000_1607198214_43_received
5655_5a11_0000_1607198214_42_received
9429_b3e8_0000_1607198216_44_received
8bef_9429_0000_1607198218_45_generated
c046_9429_0000_1607198217_45_received
22a7_8bef_0000_1607198222_46_generated
1c71_22a7_0000_1607198224_47_received
7d5d_1c71_0000_1607198228_48_generated
b9c3_1c71_0000_1607198227_48_received
f4cd_1c71_0000_1607198226_48_received
cead_f4cd_0000_1607198229_49_received
a728_b9c3_0000_1607198230_49_received
204c_cead_0000_1607198232_50_generated
3ab2_204c_0000_1607198232_51_generated
61dd_3ab2_0000_1607198232_52_generated
fe05_61dd_0000_1607198234_53_generated
4e78_cead_0000_1607198233_50_received
0945_fe05_0000_1607198236_54_generated
0584_61dd_0000_1607198236_53_received
4e2c_0945_0000_1607198238_55_generated
9a39_0584_0000_1607198238_54_received
a357_4e2c_0000_1607198242_56_generated
e393_a357_0000_1607198242_57_generated
5701_e393_0000_1607198244_58_generated
5ad7_4e2c_0000_1607198243_56_received
6a05_5701_0000_1607198246_59_generated
6bb0_e393_0000_1607198246_58_received
957e_6a05_0000_1607198249_60_received
bd83_957e_0000_1607198250_61_received
04bf_bd83_0000_1607198252_62_received
05b7_04bf_0000_1607198254_63_received
db13_05b7_0000_1607198255_64_received
6fd1_db13_0000_1607198257_65_generated
b419_db13_0000_1607198258_65_received
965a_6fd1_0000_1607198262_66_generated
c271_6fd1_0000_1607198260_66_received
b1da_c271_0000_1607198261_67_received
e9e6_b1da_0000_1607198263_68_generated
d984_c271_0000_1607198262_67_received
e63b_e9e6_0000_1607198264_69_generated
f148_c271_0000_1607198263_67_received
3044_e63b_0000_1607198265_70_generated
0965_3044_0000_1607198266_71_generated
034f_e9e6_0000_1607198265_69_received
98b1_b1da_0000_1607198264_68_received
4538_f148_0000_1607198264_68_received
8b3e_0965_0000_1607198268_72_generated
4c07_e9e6_0000_1607198266_69_received
b743_8b3e_0000_1607198270_73_received
327d_b743_0000_1607198276_74_received
b042_327d_0000_1607198278_75_received
0755_b042_0000_1607198281_76_received
df8f_0755_0000_1607198282_77_generated
bad3_b042_0000_1607198280_76_received
66b2_bad3_0000_1607198282_77_received
8631_bad3_0000_1607198281_77_received
5fe7_df8f_0000_1607198286_78_generated
c989_8631_0000_1607198286_78_received
f214_5fe7_0000_1607198289_79_generated
4651_5fe7_0000_1607198290_79_received
162a_f214_0000_1607198292_80_generated
35d2_162a_0000_1607198294_81_generated
84ab_35d2_0000_1607198297_82_generated
db0e_162a_0000_1607198295_81_received
84cc_84ab_0000_1607198301_83_generated
3d68_84cc_0000_1607198305_84_generated
94d9_3d68_0000_1607198306_85_generated
be9b_94d9_0000_1607198307_86_generated
2571_84cc_0000_1607198306_84_received
8ef0_be9b_0000_1607198310_87_generated
b6cd_8ef0_0000_1607198311_88_generated
3066_b6cd_0000_1607198312_89_received
a82b_b6cd_0000_1607198313_89_received
752e_8ef0_0000_1607198312_88_received
ac04_3066_0000_1607198315_90_received
ceea_ac04_0000_1607198317_91_generated
c838_752e_0000_1607198315_89_received
ef53_ceea_0000_1607198319_92_received
3338_ef53_0000_1607198323_93_received
dd47_3338_0000_1607198325_94_generated
3381_dd47_0000_1607198327_95_received
ab03_3381_0000_1607198331_96_received
5260_ab03_0000_1607198333_97_received
84b0_5260_0000_1607198335_98_generated
ea2d_84b0_0000_1607198337_99_generated
2486_ab03_0000_1607198334_97_received
0602_84b0_0000_1607198336_99_received
f069_ab03_0000_1607198335_97_received
0b55_5260_0000_1607198337_98_received
0256_0602_0000_1607198341_100_received
0d02_0256_0000_1607198345_101_generated
c5c6_0d02_0000_1607198345_102_generated
727a_c5c6_0000_1607198348_103_generated
d1a0_c5c6_0000_1607198347_103_received
7734_727a_0000_1607198349_104_generated
522e_0256_0000_1607198346_101_received
d127_d1a0_0000_1607198349_104_received
6db4_7734_0000_1607198351_105_received
9370_6db4_0000_1607198357_106_received
0606_6db4_0000_1607198358_106_received
696c_9370_0000_1607198362_107_received
fe93_696c_0000_1607198363_108_received
b63e_fe93_0000_1607198365_109_received
bbbf_b63e_0000_1607198366_110_received
dea8_fe93_0000_1607198366_109_received
7ff2_bbbf_0000_1607198368_111_generated
c339_7ff2_0000_1607198369_112_generated
83f4_c339_0000_1607198369_113_generated
a922_83f4_0000_1607198370_114_generated
af7c_a922_0000_1607198370_115_generated
2bde_7ff2_0000_1607198371_112_received
42b9_bbbf_0000_1607198370_111_received
822b_bbbf_0000_1607198371_111_received
1e54_822b_0000_1607198371_112_received
e67c_42b9_0000_1607198370_112_received
7a63_bbbf_0000_1607198372_111_received
ef33_af7c_0000_1607198380_116_received
b79c_af7c_0000_1607198381_116_received
efe8_b79c_0000_1607198383_117_received
89bb_ef33_0000_1607198383_117_received
48b4_efe8_0000_1607198387_118_received
b537_89bb_0000_1607198388_118_received
a938_efe8_0000_1607198386_118_received
ccdb_48b4_0000_1607198392_119_generated
0e49_a938_0000_1607198389_119_received
6454_0e49_0000_1607198395_120_received
f01b_6454_0000_1607198397_121_received
c221_f01b_0000_1607198399_122_received
2ace_0e49_0000_1607198398_120_received
1fb8_c221_0000_1607198403_123_generated
ebd7_1fb8_0000_1607198403_124_generated
be82_c221_0000_1607198402_123_received
df90_ebd7_0000_1607198404_125_generated
ded3_df90_0000_1607198406_126_received
dcb0_df90_0000_1607198407_126_received
5a58_ded3_0000_1607198410_127_received
a8b5_5a58_0000_1607198413_128_generated
7748_a8b5_0000_1607198413_129_generated
de42_ded3_0000_1607198411_127_received
e2bf_7748_0000_1607198415_130_generated
6927_de42_0000_1607198412_128_received
c9c7_e2bf_0000_1607198418_131_generated
2d08_7748_0000_1607198416_130_received
c346_7748_0000_1607198418_130_received
b4d9_c9c7_0000_1607198422_132_received
a527_b4d9_0000_1607198425_133_generated
3613_a527_0000_1607198426_134_generated
76b6_3613_0000_1607198427_135_generated
8412_76b6_0000_1607198428_136_generated
dda8_8412_0000_1607198429_137_generated
9109_dda8_0000_1607198434_138_generated
5aaa_dda8_0000_1607198432_138_received
51bd_dda8_0000_1607198435_138_received
2fbf_5aaa_0000_1607198441_139_received
eb74_2fbf_0000_1607198444_140_generated
e64d_eb74_0000_1607198446_141_generated
5fd7_eb74_0000_1607198447_141_received
4f44_5fd7_0000_1607198448_142_received
e811_4f44_0000_1607198450_143_generated
7a79_e811_0000_1607198453_144_generated
9669_7a79_0000_1607198453_145_generated
5443_4f44_0000_1607198452_143_received
4fc0_9669_0000_1607198456_146_generated
f3fe_4fc0_0000_1607198457_147_generated
884a_4f44_0000_1607198454_143_received
eb06_f3fe_0000_1607198459_148_generated
16b1_9669_0000_1607198457_146_received
0bf3_eb06_0000_1607198463_149_received
3c06_0bf3_0000_1607198466_150_generated
0429_3c06_0000_1607198468_151_generated
7b18_0429_0000_1607198469_152_generated
cb5f_eb06_0000_1607198467_149_received
22ab_3c06_0000_1607198470_151_received
5b76_7b18_0000_1607198476_153_generated
a8fb_3c06_0000_1607198472_151_received
d38a_5b76_0000_1607198477_154_generated
1d96_d38a_0000_1607198477_155_generated
26c8_1d96_0000_1607198480_156_generated
48f7_26c8_0000_1607198481_157_generated
0ead_48f7_0000_1607198482_158_generated
6d08_1d96_0000_1607198481_156_received
b526_0ead_0000_1607198487_159_generated
2f84_1d96_0000_1607198484_156_received
4bd4_0ead_0000_1607198489_159_received
49d8_b526_0000_1607198491_160_received
31e0_49d8_0000_1607198493_161_generated
3873_31e0_0000_1607198494_162_generated
95ee_49d8_0000_1607198495_161_received
624e_3873_0000_1607198498_163_received
480d_3873_0000_1607198500_163_received
c99a_624e_0000_1607198504_164_generated
10d5_480d_0000_1607198504_164_received
31df_c99a_0000_1607198509_165_generated
4ebf_c99a_0000_1607198510_165_received
f9ee_4ebf_0000_1607198510_166_received
4bea_f9ee_0000_1607198512_167_received
6f60_31df_0000_1607198512_166_received
7555_4bea_0000_1607198518_168_generated
622f_7555_0000_1607198518_169_generated
8e18_4bea_0000_1607198516_168_received
bac7_622f_0000_1607198520_170_generated
2e92_622f_0000_1607198521_170_received
6481_622f_0000_1607198523_170_received
d7a8_bac7_0000_1607198529_171_generated
09e6_bac7_0000_1607198528_171_received
5dc6_09e6_0000_1607198535_172_received
c3f9_5dc6_0000_1607198536_173_generated
880d_09e6_0000_1607198536_172_received
5c52_c3f9_0000_1607198541_174_generated
c40f_5c52_0000_1607198542_175_generated
a176_c40f_0000_1607198543_176_generated
d9f2_a176_0000_1607198550_177_generated
b645_d9f2_0000_1607198550_178_generated
9a0e_a176_0000_1607198549_177_received
6af7_9a0e_0000_1607198552_178_received
6943_6af7_0000_1607198553_179_received
ce99_6943_0000_1607198556_180_received
d5fb_b645_0000_1607198557_179_received
49cb_ce99_0000_1607198563_181_generated
177a_ce99_0000_1607198561_181_received
282a_49cb_0000_1607198566_182_generated
158b_ce99_0000_1607198564_181_received
28eb_177a_0000_1607198565_182_received
426c_177a_0000_1607198567_182_received
220f_158b_0000_1607198566_182_received
47ad_282a_0000_1607198578_183_generated
36f4_220f_0000_1607198575_183_received
f740_36f4_0000_1607198578_184_received
2d14_f740_0000_1607198583_185_generated
221d_2d14_0000_1607198584_186_generated
642a_f740_0000_1607198584_185_received
fd8b_221d_0000_1607198589_187_received
d389_221d_0000_1607198590_187_received
767f_fd8b_0000_1607198599_188_generated
76a4_d389_0000_1607198600_188_received
353a_767f_0000_1607198606_189_generated
7f1f_76a4_0000_1607198604_189_received
8abb_7f1f_0000_1607198606_190_received
ea37_7f1f_0000_1607198609_190_received
40a0_8abb_0000_1607198612_191_received
50c1_40a0_0000_1607198616_192_generated
fa80_50c1_0000_1607198618_193_generated
c5b4_8abb_0000_1607198616_191_received
ac58_8abb_0000_1607198615_191_received
7daf_40a0_0000_1607198615_192_received
4dc8_fa80_0000_1607198627_194_generated
61dc_fa80_0000_1607198625_194_received
035e_fa80_0000_1607198626_194_received
2680_035e_0000_1607198631_195_received
8bdf_2680_0000_1607198635_196_generated
1bd5_8bdf_0000_1607198637_197_generated
743f_61dc_0000_1607198635_195_received
fa95_2680_0000_1607198637_196_received
f1a0_1bd5_0000_1607198644_198_generated
8e88_1bd5_0000_1607198642_198_received
62c1_743f_0000_1607198640_196_received
0e10_1bd5_0000_1607198643_198_received
e1af_f1a0_0000_1607198650_199_generated
30b5_8e88_0000_1607198651_199_received
61f1_8e88_0000_1607198649_199_received
abb5_e1af_0000_1607198659_200_generated
c04f_30b5_0000_1607198658_200_received
567b_abb5_0000_1607198662_201_generated
4b98_567b_0000_1607198663_202_generated
a6b4_c04f_0000_1607198661_201_received
4c0d_4b98_0000_1607198669_203_generated
aeb3_4c0d_0000_1607198671_204_generated
17de_4b98_0000_1607198670_203_received
ad52_a6b4_0000_1607198668_202_received
be62_aeb3_0000_1607198675_205_generated
bdd5_be62_0000_1607198677_206_generated
1436_ad52_0000_1607198672_203_received
0367_bdd5_0000_1607198682_207_generated
71ab_0367_0000_1607198684_208_generated
31ca_bdd5_0000_1607198684_207_received
bfa4_bdd5_0000_1607198686_207_received
446d_71ab_0000_1607198691_209_received
ae48_71ab_0000_1607198692_209_received
2799_446d_0000_1607198698_210_generated
78dd_71ab_0000_1607198693_209_received
0c86_2799_0000_1607198701_211_generated
154f_0c86_0000_1607198702_212_generated
e03f_154f_0000_1607198704_213_generated
2f6f_2799_0000_1607198702_211_received
b65e_e03f_0000_1607198711_214_generated
be4f_b65e_0000_1607198713_215_generated
7441_2799_0000_1607198705_211_received
f4b4_2f6f_0000_1607198707_212_received
0551_e03f_0000_1607198712_214_received
2c44_e03f_0000_1607198717_214_received
bee6_be4f_0000_1607198725_216_generated
0cb7_bee6_0000_1607198726_217_generated
78fb_0cb7_0000_1607198727_218_generated
fa70_be4f_0000_1607198726_216_received
7ef3_78fb_0000_1607198731_219_generated
3631_7ef3_0000_1607198733_220_generated
10ef_fa70_0000_1607198726_217_received
cfe3_3631_0000_1607198736_221_generated
b686_be4f_0000_1607198728_216_received
28a9_78fb_0000_1607198735_219_received
117b_cfe3_0000_1607198744_222_generated
cf9a_3631_0000_1607198742_221_received
e0ee_3631_0000_1607198741_221_received
e992_117b_0000_1607198755_223_generated
feab_e992_0000_1607198756_224_generated
6125_117b_0000_1607198754_223_received
a09e_117b_0000_1607198753_223_received
e821_feab_0000_1607198760_225_generated
34b1_e821_0000_1607198761_226_generated
e647_34b1_0000_1607198763_227_generated
5454_a09e_0000_1607198757_224_received
a99d_a09e_0000_1607198759_224_received
dc44_feab_0000_1607198762_225_received
e9fe_e647_0000_1607198772_228_generated
6852_e9fe_0000_1607198773_229_generated
d1e0_6852_0000_1607198775_230_generated
3644_e647_0000_1607198775_228_received
b3f3_e647_0000_1607198774_228_received
94d3_d1e0_0000_1607198783_231_generated
aa9b_94d3_0000_1607198784_232_generated
7805_aa9b_0000_1607198785_233_generated
0aa9_7805_0000_1607198787_234_generated
ca6c_0aa9_0000_1607198789_235_generated
83d2_94d3_0000_1607198787_232_received
8fe8_0aa9_0000_1607198791_235_received
6241_ca6c_0000_1607198798_236_generated
655e_6241_0000_1607198799_237_generated
e240_655e_0000_1607198801_238_generated
d1c8_e240_0000_1607198804_239_generated
716a_d1c8_0000_1607198806_240_generated
9c53_716a_0000_1607198808_241_generated
9def_0aa9_0000_1607198796_235_received
c4f5_6241_0000_1607198805_237_received
c0ce_9c53_0000_1607198816_242_received
fdda_c0ce_0000_1607198818_243_received
544b_9c53_0000_1607198819_242_received
6d24_fdda_0000_1607198826_244_generated
3564_fdda_0000_1607198827_244_received
85fe_fdda_0000_1607198828_244_received
336f_6d24_0000_1607198832_245_received
d074_6d24_0000_1607198834_245_received
30df_336f_0000_1607198843_246_generated
c31d_336f_0000_1607198838_246_received
f615_c31d_0000_1607198843_247_received
cd11_f615_0000_1607198845_248_received
f61a_c31d_0000_1607198844_247_received
133e_c31d_0000_1607198845_247_received
e187_cd11_0000_1607198854_249_received
2ac5_e187_0000_1607198861_250_generated
86c5_e187_0000_1607198860_250_received
2cbb_2ac5_0000_1607198865_251_generated
eec9_e187_0000_1607198863_250_received
16d4_2cbb_0000_1607198872_252_generated
ce65_16d4_0000_1607198875_253_generated
643a_2cbb_0000_1607198873_252_received
7c13_86c5_0000_1607198866_251_received
17e3_643a_0000_1607198877_253_received
791f_2cbb_0000_1607198874_252_received
d587_643a_0000_1607198879_253_received
5818_17e3_0000_1607198886_254_received
7af3_643a_0000_1607198878_253_received
b88d_d587_0000_1607198884_254_received
d875_ce65_0000_1607198889_254_received
fb22_b88d_0000_1607198896_255_received
478f_5818_0000_1607198900_255_received
f5b1_478f_0000_1607198901_256_received
1d10_5818_0000_1607198902_255_received
f2c0_f5b1_0000_1607198909_257_generated
85f5_fb22_0000_1607198902_256_received
4502_fb22_0000_1607198901_256_received
a250_f2c0_0000_1607198918_258_generated
6cdb_4502_0000_1607198904_257_received
0565_6cdb_0000_1607198910_258_received
07e5_a250_0000_1607198926_259_generated
4ae6_0565_0000_1607198922_259_received
5206_07e5_0000_1607198930_260_generated
eadc_0565_0000_1607198924_259_received
8da5_5206_0000_1607198934_261_generated
7e9d_4ae6_0000_1607198929_260_received
ba38_8da5_0000_1607198939_262_generated
06e9_ba38_0000_1607198941_263_generated
c141_eadc_0000_1607198935_260_received
9d5c_5206_0000_1607198940_261_received
ae7f_7e9d_0000_1607198940_261_received
32a0_06e9_0000_1607198950_264_generated
a2d6_32a0_0000_1607198953_265_generated
e780_a2d6_0000_1607198955_266_generated
892b_e780_0000_1607198959_267_generated
82ee_ae7f_0000_1607198948_262_received
f16e_892b_0000_1607198968_268_generated
7580_f16e_0000_1607198970_269_generated
c85f_7580_0000_1607198972_270_generated
354f_892b_0000_1607198969_268_received
7a56_892b_0000_1607198971_268_received
8809_c85f_0000_1607198983_271_generated
10cd_354f_0000_1607198977_269_received
14e2_f16e_0000_1607198974_269_received
b8d7_c85f_0000_1607198982_271_received
bbda_c85f_0000_1607198986_271_received
5a33_c85f_0000_1607198985_271_received
6a43_8809_0000_1607198997_272_generated
798c_6a43_0000_1607199002_273_generated
3975_bbda_0000_1607198998_272_received
5b1e_3975_0000_1607198999_273_received
9016_798c_0000_1607199012_274_generated
a9d4_5b1e_0000_1607199011_274_received
459e_5b1e_0000_1607199008_274_received
c5a7_5b1e_0000_1607199012_274_received
d732_9016_0000_1607199020_275_generated
5112_5b1e_0000_1607199009_274_received
af90_d732_0000_1607199026_276_generated
a9de_459e_0000_1607199015_275_received
e8f4_459e_0000_1607199019_275_received
c978_af90_0000_1607199034_277_generated
ac92_a9de_0000_1607199027_276_received
70f4_c978_0000_1607199038_278_generated
597b_70f4_0000_1607199040_279_generated
2d70_ac92_0000_1607199037_277_received
c7c2_af90_0000_1607199039_277_received
065d_ac92_0000_1607199039_277_received
766e_af90_0000_1607199042_277_received
94f9_597b_0000_1607199054_280_received
fe5e_94f9_0000_1607199061_281_generated
e43b_fe5e_0000_1607199063_282_generated
b610_e43b_0000_1607199064_283_generated
be2e_94f9_0000_1607199060_281_received
5fb6_be2e_0000_1607199062_282_received
2748_94f9_0000_1607199062_281_received
3c03_b610_0000_1607199076_284_generated
f741_94f9_0000_1607199064_281_received
b17c_3c03_0000_1607199086_285_generated
470a_b17c_0000_1607199087_286_generated
c981_470a_0000_1607199090_287_generated
19df_3c03_0000_1607199087_285_received
6e20_b17c_0000_1607199091_286_received
889e_c981_0000_1607199099_288_generated
5b77_889e_0000_1607199101_289_generated
af5a_c981_0000_1607199102_288_received
ab91_5b77_0000_1607199109_290_generated
cb1e_ab91_0000_1607199111_291_generated
a0b3_cb1e_0000_1607199113_292_generated
676b_5b77_0000_1607199111_290_received
3370_c981_0000_1607199106_288_received
dca8_a0b3_0000_1607199123_293_generated
1107_dca8_0000_1607199126_294_generated
bdd2_1107_0000_1607199128_295_generated
5efb_bdd2_0000_1607199130_296_generated
7bc5_a0b3_0000_1607199124_293_received
a905_a0b3_0000_1607199128_293_received
0eb2_7bc5_0000_1607199127_294_received
af09_5efb_0000_1607199144_297_generated
c452_af09_0000_1607199146_298_generated
901d_a0b3_0000_1607199130_293_received
0b24_901d_0000_1607199133_294_received
6bf9_c452_0000_1607199156_299_generated
857b_6bf9_0000_1607199160_300_received
a71c_c452_0000_1607199160_299_received
3949_6bf9_0000_1607199162_300_received
2d5a_6bf9_0000_1607199164_300_received
30f1_857b_0000_1607199175_301_generated
0967_30f1_0000_1607199176_302_generated
f020_0967_0000_1607199177_303_generated
0987_f020_0000_1607199182_304_generated
f060_0987_0000_1607199185_305_generated
90b5_f060_0000_1607199187_306_generated
ac1a_857b_0000_1607199177_301_received
7aa1_857b_0000_1607199179_301_received
65e8_ac1a_0000_1607199179_302_received
145d_90b5_0000_1607199198_307_generated
b778_145d_0000_1607199201_308_generated
e308_b778_0000_1607199203_309_generated
c475_f020_0000_1607199192_304_received
426f_e308_0000_1607199208_310_generated
4531_426f_0000_1607199211_311_generated
3508_4531_0000_1607199213_312_generated
4222_145d_0000_1607199210_308_received
bd5b_145d_0000_1607199207_308_received
8957_3508_0000_1607199223_313_generated
e44f_8957_0000_1607199231_314_generated
9071_e44f_0000_1607199234_315_generated
9b54_9071_0000_1607199237_316_generated
f334_9b54_0000_1607199241_317_generated
2d5e_e44f_0000_1607199237_315_received
4f8d_2d5e_0000_1607199239_316_received
3da3_9b54_0000_1607199244_317_received
c862_f334_0000_1607199259_318_generated
713b_f334_0000_1607199255_318_received
796a_c862_0000_1607199263_319_generated
95d3_796a_0000_1607199265_320_generated
5725_713b_0000_1607199262_319_received
76ac_95d3_0000_1607199274_321_generated
c3d0_c862_0000_1607199267_319_received
f81e_713b_0000_1607199265_319_received
8fd4_76ac_0000_1607199288_322_generated
8cc3_95d3_0000_1607199282_321_received
d126_76ac_0000_1607199291_322_received
ed80_8fd4_0000_1607199299_323_generated
9c68_ed80_0000_1607199302_324_generated
42eb_d126_0000_1607199299_323_received
f6b7_9c68_0000_1607199313_325_generated
1706_d126_0000_1607199300_323_received
deb2_d126_0000_1607199304_323_received
bc5c_42eb_0000_1607199311_324_received
ffcd_42eb_0000_1607199310_324_received
37f9_f6b7_0000_1607199329_326_generated
c55a_f6b7_0000_1607199330_326_received
