d22f_9e1c_0000_1605006917_1_received
7499_d22f_0000_1605006918_2_received
ba69_7499_0000_1605006925_3_generated
7125_ba69_0000_1605006943_4_received
7d04_7125_0000_1605006951_5_received
42df_7d04_0000_1605006962_6_received
42c4_42df_0000_1605006969_7_generated
5939_42c4_0000_1605006972_8_received
e078_5939_0000_1605006980_9_generated
4ebb_e078_0000_1605007001_10_generated
fbf7_4ebb_0000_1605007007_11_received
9c9a_fbf7_0000_1605007022_12_generated
cb36_9c9a_0000_1605007025_13_received
d7bd_cb36_0000_1605007029_14_generated
23e8_d7bd_0000_1605007038_15_received
bced_23e8_0000_1605007042_16_generated
e34a_bced_0000_1605007047_17_generated
0277_e34a_0000_1605007060_18_received
26c2_0277_0000_1605007074_19_generated
5eff_26c2_0000_1605007096_20_received
e448_5eff_0000_1605007098_21_received
ec5b_e448_0000_1605007103_22_received
2f82_ec5b_0000_1605007112_23_generated
0fdc_2f82_0000_1605007114_24_received
efbb_0fdc_0000_1605007137_25_received
e4fd_efbb_0000_1605007138_26_received
c787_e4fd_0000_1605007143_27_generated
b367_c787_0000_1605007155_28_received
7eb0_b367_0000_1605007169_29_generated
551a_7eb0_0000_1605007171_30_received
211f_551a_0000_1605007172_31_received
49df_211f_0000_1605007178_32_received
161d_49df_0000_1605007187_33_generated
3264_161d_0000_1605007198_34_generated
274d_161d_0000_1605007199_34_received
8c82_274d_0000_1605007204_35_received
74b8_8c82_0000_1605007220_36_received
5ed7_74b8_0000_1605007238_37_generated
4ffd_5ed7_0000_1605007245_38_generated
0d63_4ffd_0000_1605007249_39_received
3f0f_0d63_0000_1605007253_40_generated
fc02_3f0f_0000_1605007263_41_generated
3e71_fc02_0000_1605007279_42_received
971c_3e71_0000_1605007280_43_received
35d9_971c_0000_1605007290_44_generated
32ac_35d9_0000_1605007293_45_received
5fef_32ac_0000_1605007297_46_generated
e918_5fef_0000_1605007322_47_generated
5109_e918_0000_1605007326_48_received
ad95_5109_0000_1605007334_49_generated
7f75_ad95_0000_1605007349_50_received
1264_7f75_0000_1605007352_51_received
5df3_1264_0000_1605007362_52_received
bb85_5df3_0000_1605007368_53_received
4205_bb85_0000_1605007373_54_received
a9b7_4205_0000_1605007377_55_received
cd23_a9b7_0000_1605007398_56_received
67af_cd23_0000_1605007401_57_generated
7bb8_67af_0000_1605007405_58_received
8512_7bb8_0000_1605007408_59_received
1d3c_8512_0000_1605007432_60_received
c713_1d3c_0000_1605007440_61_received
6a75_c713_0000_1605007453_62_received
1bfa_6a75_0000_1605007454_63_received
7325_1bfa_0000_1605007458_64_generated
8ef3_7325_0000_1605007464_65_received
91b7_8ef3_0000_1605007469_66_received
d2f1_91b7_0000_1605007494_67_received
b554_d2f1_0000_1605007498_68_generated
6de5_b554_0000_1605007509_69_received
0bd0_6de5_0000_1605007515_70_generated
d5aa_0bd0_0000_1605007524_71_received
d20a_d5aa_0000_1605007535_72_generated
5b33_d20a_0000_1605007543_73_received
b8f6_5b33_0000_1605007558_74_received
647a_b8f6_0000_1605007563_75_received
d83e_647a_0000_1605007567_76_generated
0d99_d83e_0000_1605007572_77_received
b1f6_0d99_0000_1605007573_78_received
99b5_b1f6_0000_1605007584_79_received
a6b9_99b5_0000_1605007588_80_received
4eae_a6b9_0000_1605007595_81_generated
