ff96_9e1c_0000_1607338693_1_generated
4d89_ff96_0000_1607338694_2_generated
a27f_4d89_0000_1607338699_3_generated
c1a3_a27f_0000_1607338702_4_received
85e4_c1a3_0000_1607338703_5_received
8a68_85e4_0000_1607338704_6_generated
148c_8a68_0000_1607338707_7_generated
2cc7_148c_0000_1607338711_8_generated
4509_2cc7_0000_1607338713_9_received
3372_4509_0000_1607338714_10_generated
d814_3372_0000_1607338722_11_generated
08b6_d814_0000_1607338723_12_generated
0cae_08b6_0000_1607338725_13_generated
2644_0cae_0000_1607338727_14_generated
f04b_2644_0000_1607338736_15_received
2293_f04b_0000_1607338737_16_generated
bffe_2293_0000_1607338739_17_received
9d59_bffe_0000_1607338742_18_generated
6f39_9d59_0000_1607338746_19_generated
51cc_6f39_0000_1607338747_20_generated
8501_51cc_0000_1607338752_21_generated
61f6_8501_0000_1607338755_22_generated
9d7c_61f6_0000_1607338757_23_received
27de_9d7c_0000_1607338762_24_received
c7fa_27de_0000_1607338764_25_received
70b7_c7fa_0000_1607338765_26_generated
0fbb_70b7_0000_1607338767_27_received
7713_0fbb_0000_1607338773_28_generated
a379_7713_0000_1607338773_29_generated
bcf9_a379_0000_1607338776_30_generated
6f1b_bcf9_0000_1607338781_31_generated
be7e_6f1b_0000_1607338781_32_generated
3295_be7e_0000_1607338787_33_generated
331c_3295_0000_1607338788_34_generated
367e_331c_0000_1607338795_35_received
c396_367e_0000_1607338796_36_received
409d_c396_0000_1607338796_37_generated
50a0_409d_0000_1607338797_38_generated
1e33_50a0_0000_1607338802_39_generated
be39_1e33_0000_1607338816_40_received
83a5_be39_0000_1607338823_41_generated
7fc9_83a5_0000_1607338830_42_received
f8fe_7fc9_0000_1607338832_43_generated
11b1_7fc9_0000_1607338831_43_received
1d80_f8fe_0000_1607338834_44_generated
0e99_1d80_0000_1607338839_45_generated
17e3_0e99_0000_1607338850_46_generated
f4cb_17e3_0000_1607338851_47_generated
3b39_f4cb_0000_1607338853_48_received
8fd6_3b39_0000_1607338854_49_received
8ad8_8fd6_0000_1607338857_50_generated
4d83_8ad8_0000_1607338858_51_generated
7918_4d83_0000_1607338863_52_received
7de8_7918_0000_1607338869_53_generated
2bca_7de8_0000_1607338869_54_generated
003d_2bca_0000_1607338871_55_generated
1115_003d_0000_1607338872_56_generated
c7bc_1115_0000_1607338873_57_received
fbef_c7bc_0000_1607338875_58_generated
457a_fbef_0000_1607338878_59_generated
a4dc_457a_0000_1607338882_60_received
58c1_a4dc_0000_1607338882_61_received
51bc_58c1_0000_1607338883_62_generated
bcb4_51bc_0000_1607338887_63_generated
4b4d_bcb4_0000_1607338889_64_generated
6437_4b4d_0000_1607338889_65_received
49d6_6437_0000_1607338890_66_generated
1e3f_49d6_0000_1607338892_67_generated
e001_1e3f_0000_1607338893_68_generated
7243_e001_0000_1607338896_69_generated
d4f6_e001_0000_1607338895_69_received
dd61_d4f6_0000_1607338901_70_received
f42d_dd61_0000_1607338907_71_generated
167d_f42d_0000_1607338911_72_received
e709_167d_0000_1607338920_73_received
0670_e709_0000_1607338923_74_generated
4dca_0670_0000_1607338929_75_received
3eff_4dca_0000_1607338934_76_received
dd73_3eff_0000_1607338938_77_generated
d5b1_dd73_0000_1607338941_78_generated
fb77_d5b1_0000_1607338941_79_generated
a782_fb77_0000_1607338942_80_generated
9c33_a782_0000_1607338944_81_generated
d24e_a782_0000_1607338943_81_received
13fa_9c33_0000_1607338947_82_generated
ec6e_13fa_0000_1607338949_83_generated
114c_ec6e_0000_1607338956_84_received
5d48_114c_0000_1607338961_85_generated
b2a7_5d48_0000_1607338963_86_generated
1f78_b2a7_0000_1607338966_87_received
843b_1f78_0000_1607338970_88_received
a69a_843b_0000_1607338982_89_generated
f873_a69a_0000_1607338984_90_generated
d898_f873_0000_1607338986_91_received
b0f9_d898_0000_1607338995_92_generated
18e6_b0f9_0000_1607338998_93_generated
6614_18e6_0000_1607339002_94_generated
71e5_6614_0000_1607339004_95_generated
13d5_71e5_0000_1607339006_96_received
e8c0_13d5_0000_1607339008_97_received
ebb3_e8c0_0000_1607339014_98_received
5c7d_ebb3_0000_1607339016_99_received
f5c2_5c7d_0000_1607339016_100_received
7e5d_f5c2_0000_1607339019_101_generated
58c0_7e5d_0000_1607339020_102_received
f6da_58c0_0000_1607339031_103_received
6555_f6da_0000_1607339034_104_generated
a0f5_6555_0000_1607339041_105_generated
4b10_a0f5_0000_1607339043_106_generated
d496_4b10_0000_1607339044_107_received
a517_d496_0000_1607339044_108_received
2037_a517_0000_1607339046_109_generated
4b6e_2037_0000_1607339046_110_generated
f3a1_a517_0000_1607339045_109_received
721a_4b6e_0000_1607339052_111_generated
33cb_721a_0000_1607339054_112_received
6f75_33cb_0000_1607339056_113_generated
13c7_6f75_0000_1607339066_114_generated
8e83_13c7_0000_1607339069_115_received
6b11_8e83_0000_1607339071_116_generated
694f_6b11_0000_1607339076_117_received
e6b4_694f_0000_1607339079_118_received
6155_e6b4_0000_1607339082_119_received
650a_6155_0000_1607339082_120_received
8ceb_650a_0000_1607339083_121_received
96ff_8ceb_0000_1607339087_122_generated
cd2e_96ff_0000_1607339089_123_generated
4352_96ff_0000_1607339088_123_received
1a13_4352_0000_1607339091_124_received
bc45_1a13_0000_1607339093_125_received
a790_bc45_0000_1607339096_126_generated
6eb3_bc45_0000_1607339097_126_received
5445_a790_0000_1607339098_127_generated
4c65_5445_0000_1607339098_128_generated
2e62_4c65_0000_1607339101_129_received
a5b8_2e62_0000_1607339102_130_generated
0c87_a5b8_0000_1607339105_131_received
a6b7_0c87_0000_1607339106_132_generated
b861_a6b7_0000_1607339107_133_generated
d4e6_b861_0000_1607339110_134_generated
ad65_d4e6_0000_1607339111_135_generated
7b53_ad65_0000_1607339112_136_received
a8b9_7b53_0000_1607339125_137_generated
dae2_a8b9_0000_1607339125_138_received
13cd_dae2_0000_1607339127_139_generated
1db1_13cd_0000_1607339129_140_received
7a8a_1db1_0000_1607339131_141_received
2de4_7a8a_0000_1607339132_142_received
2215_2de4_0000_1607339133_143_generated
987f_2215_0000_1607339144_144_generated
5074_987f_0000_1607339151_145_generated
f635_5074_0000_1607339153_146_generated
7dfb_f635_0000_1607339156_147_generated
98b0_7dfb_0000_1607339160_148_received
3bf4_98b0_0000_1607339163_149_received
6319_3bf4_0000_1607339164_150_generated
beda_6319_0000_1607339167_151_generated
ba44_beda_0000_1607339170_152_generated
8248_ba44_0000_1607339172_153_generated
0156_8248_0000_1607339173_154_generated
1a3f_0156_0000_1607339175_155_generated
c60d_1a3f_0000_1607339179_156_received
dca0_c60d_0000_1607339184_157_generated
a403_dca0_0000_1607339191_158_received
8833_a403_0000_1607339194_159_generated
54f7_8833_0000_1607339196_160_received
b096_54f7_0000_1607339198_161_generated
2dda_b096_0000_1607339200_162_generated
edcf_2dda_0000_1607339208_163_generated
22de_edcf_0000_1607339221_164_generated
7e4a_22de_0000_1607339225_165_received
e77a_7e4a_0000_1607339230_166_generated
87de_e77a_0000_1607339231_167_received
c4e1_87de_0000_1607339237_168_generated
7c1a_c4e1_0000_1607339240_169_received
6022_7c1a_0000_1607339244_170_generated
d9a1_6022_0000_1607339245_171_generated
e348_d9a1_0000_1607339247_172_generated
a653_e348_0000_1607339249_173_received
b09f_a653_0000_1607339249_174_received
922f_b09f_0000_1607339249_175_received
32d4_922f_0000_1607339252_176_generated
4b14_32d4_0000_1607339255_177_received
a3b2_4b14_0000_1607339259_178_received
9b77_a3b2_0000_1607339260_179_received
061d_9b77_0000_1607339261_180_generated
ac59_061d_0000_1607339263_181_generated
936e_ac59_0000_1607339270_182_received
443b_936e_0000_1607339271_183_generated
a219_443b_0000_1607339280_184_generated
126c_a219_0000_1607339281_185_generated
c1c0_126c_0000_1607339286_186_received
