ff96_9e1c_0000_1607338693_1_received
4d89_ff96_0000_1607338694_2_received
a27f_4d89_0000_1607338699_3_generated
c1a3_a27f_0000_1607338702_4_generated
85e4_c1a3_0000_1607338703_5_generated
8a68_85e4_0000_1607338704_6_received
148c_8a68_0000_1607338707_7_received
2cc7_148c_0000_1607338711_8_received
4509_2cc7_0000_1607338713_9_generated
3372_4509_0000_1607338714_10_received
d814_3372_0000_1607338722_11_received
08b6_d814_0000_1607338723_12_received
0cae_08b6_0000_1607338725_13_received
2644_0cae_0000_1607338727_14_received
f04b_2644_0000_1607338736_15_generated
2293_f04b_0000_1607338737_16_received
bffe_2293_0000_1607338739_17_generated
9d59_bffe_0000_1607338742_18_received
6f39_9d59_0000_1607338746_19_received
51cc_6f39_0000_1607338747_20_received
8501_51cc_0000_1607338752_21_received
61f6_8501_0000_1607338755_22_received
9d7c_61f6_0000_1607338757_23_generated
27de_9d7c_0000_1607338762_24_generated
c7fa_27de_0000_1607338764_25_generated
70b7_c7fa_0000_1607338765_26_received
0fbb_70b7_0000_1607338767_27_generated
7713_0fbb_0000_1607338773_28_received
a379_7713_0000_1607338773_29_received
bcf9_a379_0000_1607338776_30_generated
6f1b_bcf9_0000_1607338781_31_received
be7e_6f1b_0000_1607338781_32_received
3295_be7e_0000_1607338787_33_generated
331c_3295_0000_1607338788_34_received
367e_331c_0000_1607338795_35_generated
c396_367e_0000_1607338796_36_generated
409d_c396_0000_1607338796_37_received
50a0_409d_0000_1607338797_38_received
1e33_50a0_0000_1607338802_39_received
be39_1e33_0000_1607338816_40_generated
83a5_be39_0000_1607338823_41_received
7fc9_83a5_0000_1607338830_42_generated
11b1_7fc9_0000_1607338831_43_generated
f8fe_7fc9_0000_1607338832_43_received
1d80_f8fe_0000_1607338834_44_received
0e99_1d80_0000_1607338839_45_received
17e3_0e99_0000_1607338850_46_received
f4cb_17e3_0000_1607338851_47_received
3b39_f4cb_0000_1607338853_48_generated
8fd6_3b39_0000_1607338854_49_generated
8ad8_8fd6_0000_1607338857_50_received
4d83_8ad8_0000_1607338858_51_received
7918_4d83_0000_1607338863_52_generated
7de8_7918_0000_1607338869_53_received
2bca_7de8_0000_1607338869_54_received
003d_2bca_0000_1607338871_55_generated
1115_003d_0000_1607338872_56_received
c7bc_1115_0000_1607338873_57_generated
fbef_c7bc_0000_1607338875_58_received
457a_fbef_0000_1607338878_59_received
a4dc_457a_0000_1607338882_60_generated
58c1_a4dc_0000_1607338882_61_generated
51bc_58c1_0000_1607338883_62_received
bcb4_51bc_0000_1607338887_63_received
4b4d_bcb4_0000_1607338889_64_generated
6437_4b4d_0000_1607338889_65_generated
49d6_6437_0000_1607338890_66_received
1e3f_49d6_0000_1607338892_67_received
e001_1e3f_0000_1607338893_68_received
d4f6_e001_0000_1607338895_69_generated
7243_e001_0000_1607338896_69_received
dd61_d4f6_0000_1607338901_70_generated
f42d_dd61_0000_1607338907_71_received
167d_f42d_0000_1607338911_72_generated
e709_167d_0000_1607338920_73_generated
0670_e709_0000_1607338923_74_received
4dca_0670_0000_1607338929_75_generated
3eff_4dca_0000_1607338934_76_generated
dd73_3eff_0000_1607338938_77_received
d5b1_dd73_0000_1607338941_78_received
fb77_d5b1_0000_1607338941_79_received
a782_fb77_0000_1607338942_80_received
d24e_a782_0000_1607338943_81_generated
9c33_a782_0000_1607338944_81_received
13fa_9c33_0000_1607338947_82_received
ec6e_13fa_0000_1607338949_83_received
114c_ec6e_0000_1607338956_84_generated
5d48_114c_0000_1607338961_85_received
b2a7_5d48_0000_1607338963_86_received
1f78_b2a7_0000_1607338966_87_generated
843b_1f78_0000_1607338970_88_generated
a69a_843b_0000_1607338982_89_received
f873_a69a_0000_1607338984_90_generated
d898_f873_0000_1607338986_91_generated
b0f9_d898_0000_1607338995_92_received
18e6_b0f9_0000_1607338998_93_received
6614_18e6_0000_1607339002_94_received
71e5_6614_0000_1607339004_95_received
13d5_71e5_0000_1607339006_96_generated
e8c0_13d5_0000_1607339008_97_generated
ebb3_e8c0_0000_1607339014_98_generated
5c7d_ebb3_0000_1607339016_99_generated
f5c2_5c7d_0000_1607339016_100_generated
7e5d_f5c2_0000_1607339019_101_received
58c0_7e5d_0000_1607339020_102_generated
f6da_58c0_0000_1607339031_103_generated
6555_f6da_0000_1607339034_104_received
a0f5_6555_0000_1607339041_105_received
4b10_a0f5_0000_1607339043_106_received
d496_4b10_0000_1607339044_107_generated
a517_d496_0000_1607339044_108_generated
f3a1_a517_0000_1607339045_109_generated
2037_a517_0000_1607339046_109_received
4b6e_2037_0000_1607339046_110_received
721a_4b6e_0000_1607339052_111_received
33cb_721a_0000_1607339054_112_generated
6f75_33cb_0000_1607339056_113_received
13c7_6f75_0000_1607339066_114_received
8e83_13c7_0000_1607339069_115_generated
6b11_8e83_0000_1607339071_116_received
694f_6b11_0000_1607339076_117_generated
e6b4_694f_0000_1607339079_118_generated
6155_e6b4_0000_1607339082_119_generated
650a_6155_0000_1607339082_120_generated
8ceb_650a_0000_1607339083_121_generated
96ff_8ceb_0000_1607339087_122_received
4352_96ff_0000_1607339088_123_generated
cd2e_96ff_0000_1607339089_123_received
1a13_4352_0000_1607339091_124_generated
bc45_1a13_0000_1607339093_125_generated
6eb3_bc45_0000_1607339097_126_generated
a790_bc45_0000_1607339096_126_received
5445_a790_0000_1607339098_127_received
4c65_5445_0000_1607339098_128_received
2e62_4c65_0000_1607339101_129_generated
a5b8_2e62_0000_1607339102_130_received
0c87_a5b8_0000_1607339105_131_generated
a6b7_0c87_0000_1607339106_132_received
b861_a6b7_0000_1607339107_133_received
d4e6_b861_0000_1607339110_134_received
ad65_d4e6_0000_1607339111_135_received
7b53_ad65_0000_1607339112_136_generated
a8b9_7b53_0000_1607339125_137_generated
dae2_a8b9_0000_1607339125_138_generated
13cd_dae2_0000_1607339127_139_received
1db1_13cd_0000_1607339129_140_generated
7a8a_1db1_0000_1607339131_141_generated
2de4_7a8a_0000_1607339132_142_generated
2215_2de4_0000_1607339133_143_received
987f_2215_0000_1607339144_144_generated
5074_987f_0000_1607339151_145_received
f635_5074_0000_1607339153_146_generated
7dfb_f635_0000_1607339156_147_received
98b0_7dfb_0000_1607339160_148_generated
3bf4_98b0_0000_1607339163_149_generated
6319_3bf4_0000_1607339164_150_generated
beda_6319_0000_1607339167_151_received
ba44_beda_0000_1607339170_152_received
8248_ba44_0000_1607339172_153_received
0156_8248_0000_1607339173_154_received
1a3f_0156_0000_1607339175_155_received
c60d_1a3f_0000_1607339179_156_generated
dca0_c60d_0000_1607339184_157_received
a403_dca0_0000_1607339191_158_generated
8833_a403_0000_1607339194_159_generated
54f7_8833_0000_1607339196_160_generated
b096_54f7_0000_1607339198_161_received
2dda_b096_0000_1607339200_162_received
edcf_2dda_0000_1607339208_163_received
22de_edcf_0000_1607339221_164_received
7e4a_22de_0000_1607339225_165_generated
e77a_7e4a_0000_1607339230_166_received
87de_e77a_0000_1607339231_167_generated
c4e1_87de_0000_1607339237_168_received
7c1a_c4e1_0000_1607339240_169_generated
6022_7c1a_0000_1607339244_170_received
d9a1_6022_0000_1607339245_171_received
e348_d9a1_0000_1607339247_172_received
a653_e348_0000_1607339249_173_generated
b09f_a653_0000_1607339249_174_generated
922f_b09f_0000_1607339249_175_generated
32d4_922f_0000_1607339252_176_received
4b14_32d4_0000_1607339255_177_generated
a3b2_4b14_0000_1607339259_178_generated
9b77_a3b2_0000_1607339260_179_generated
061d_9b77_0000_1607339261_180_received
ac59_061d_0000_1607339263_181_generated
936e_ac59_0000_1607339270_182_generated
443b_936e_0000_1607339271_183_received
a219_443b_0000_1607339280_184_received
126c_a219_0000_1607339281_185_received
c1c0_126c_0000_1607339286_186_generated
7542_c1c0_0000_1607339291_187_generated
