0734_9e1c_0000_1605041436_1_received
c3fd_0734_0000_1605041439_2_generated
2efd_c3fd_0000_1605041444_3_received
ff92_2efd_0000_1605041449_4_received
1bd4_ff92_0000_1605041451_5_received
4e03_ff92_0000_1605041452_5_received
6f99_1bd4_0000_1605041455_6_received
6bbb_6f99_0000_1605041462_7_received
6f23_6bbb_0000_1605041465_8_received
745f_6f23_0000_1605041468_9_received
c379_745f_0000_1605041473_10_generated
3af5_c379_0000_1605041477_11_received
62dd_3af5_0000_1605041478_12_received
b5f0_62dd_0000_1605041480_13_received
cd2d_b5f0_0000_1605041489_14_received
dd78_b5f0_0000_1605041490_14_received
161f_cd2d_0000_1605041494_15_received
2c58_dd78_0000_1605041496_15_received
dd1f_161f_0000_1605041503_16_received
04a4_dd1f_0000_1605041504_17_received
6695_dd1f_0000_1605041505_17_received
5829_04a4_0000_1605041505_18_received
d1b8_5829_0000_1605041509_19_received
4b6f_d1b8_0000_1605041512_20_received
48d4_4b6f_0000_1605041515_21_received
7d82_48d4_0000_1605041521_22_received
de4b_48d4_0000_1605041522_22_received
f35a_7d82_0000_1605041523_23_received
1a59_7d82_0000_1605041524_23_received
e2eb_1a59_0000_1605041527_24_received
7e26_e2eb_0000_1605041530_25_received
c082_7e26_0000_1605041535_26_received
2d10_c082_0000_1605041536_27_received
43b5_2d10_0000_1605041540_28_received
b349_43b5_0000_1605041544_29_received
4860_b349_0000_1605041552_30_received
42b0_b349_0000_1605041553_30_received
e793_42b0_0000_1605041555_31_received
711d_e793_0000_1605041559_32_received
f2a2_711d_0000_1605041560_33_received
9306_f2a2_0000_1605041567_34_received
2cfe_9306_0000_1605041572_35_received
6266_9306_0000_1605041573_35_received
9c79_2cfe_0000_1605041574_36_received
23d0_2cfe_0000_1605041575_36_received
c9d9_2cfe_0000_1605041576_36_received
7521_9c79_0000_1605041578_37_generated
27f8_9c79_0000_1605041577_37_received
5030_7521_0000_1605041580_38_generated
3cf6_27f8_0000_1605041581_38_received
89a5_5030_0000_1605041586_39_received
2749_5030_0000_1605041587_39_received
7896_89a5_0000_1605041590_40_received
efa4_89a5_0000_1605041589_40_received
7940_7896_0000_1605041591_41_received
f377_7940_0000_1605041595_42_received
6705_f377_0000_1605041598_43_received
c0df_6705_0000_1605041604_44_received
67e4_c0df_0000_1605041605_45_received
0950_67e4_0000_1605041608_46_received
66de_67e4_0000_1605041607_46_received
858e_0950_0000_1605041613_47_received
e773_858e_0000_1605041613_48_received
9041_e773_0000_1605041614_49_received
7076_9041_0000_1605041620_50_received
338d_9041_0000_1605041619_50_received
702b_7076_0000_1605041621_51_received
3899_702b_0000_1605041625_52_received
aed1_3899_0000_1605041630_53_received
3f60_aed1_0000_1605041636_54_received
ecb6_3f60_0000_1605041639_55_received
82db_ecb6_0000_1605041643_56_received
99c9_ecb6_0000_1605041644_56_received
f0b5_82db_0000_1605041646_57_generated
f5d7_ecb6_0000_1605041645_56_received
113c_f0b5_0000_1605041649_58_received
c2be_113c_0000_1605041652_59_generated
df09_113c_0000_1605041653_59_received
49c8_113c_0000_1605041654_59_received
325e_c2be_0000_1605041657_60_received
8da8_325e_0000_1605041659_61_received
62f2_8da8_0000_1605041661_62_received
0a94_325e_0000_1605041660_61_received
4422_62f2_0000_1605041665_63_received
3fd3_4422_0000_1605041668_64_received
b0aa_3fd3_0000_1605041669_65_received
089b_b0aa_0000_1605041671_66_received
ad98_b0aa_0000_1605041672_66_received
0f5f_089b_0000_1605041676_67_received
30d8_089b_0000_1605041675_67_received
86dc_0f5f_0000_1605041678_68_received
7c4a_86dc_0000_1605041681_69_generated
dc24_7c4a_0000_1605041682_70_generated
fbab_7c4a_0000_1605041683_70_received
ab7d_dc24_0000_1605041692_71_received
9ff5_ab7d_0000_1605041696_72_received
f975_9ff5_0000_1605041700_73_received
5fa9_f975_0000_1605041702_74_received
c215_5fa9_0000_1605041704_75_received
e587_c215_0000_1605041704_76_received
da59_e587_0000_1605041706_77_received
98a5_da59_0000_1605041709_78_received
15c4_da59_0000_1605041710_78_received
fdd4_15c4_0000_1605041713_79_received
9e2f_fdd4_0000_1605041718_80_received
a580_9e2f_0000_1605041721_81_received
1571_a580_0000_1605041725_82_received
55e2_1571_0000_1605041727_83_received
9a08_55e2_0000_1605041729_84_received
5977_9a08_0000_1605041729_85_received
7b26_9a08_0000_1605041731_85_received
e2ba_7b26_0000_1605041734_86_received
0bb2_5977_0000_1605041733_86_received
e00b_0bb2_0000_1605041737_87_received
e5ea_e00b_0000_1605041740_88_received
bb74_e5ea_0000_1605041742_89_received
1102_e5ea_0000_1605041743_89_received
1bc1_1102_0000_1605041751_90_received
edd3_1bc1_0000_1605041752_91_received
7830_edd3_0000_1605041756_92_received
5c24_7830_0000_1605041756_93_received
a092_5c24_0000_1605041758_94_received
fcf5_a092_0000_1605041759_95_received
7dca_fcf5_0000_1605041760_96_received
af2f_7dca_0000_1605041761_97_received
62df_af2f_0000_1605041763_98_received
0cf0_62df_0000_1605041765_99_received
8f25_62df_0000_1605041766_99_received
1808_8f25_0000_1605041767_100_received
9da1_1808_0000_1605041769_101_received
afe3_9da1_0000_1605041771_102_received
a0b2_9da1_0000_1605041773_102_received
c086_afe3_0000_1605041774_103_received
c9be_c086_0000_1605041776_104_received
7226_c086_0000_1605041778_104_received
3907_c9be_0000_1605041782_105_received
1ca4_3907_0000_1605041788_106_received
3bbb_1ca4_0000_1605041788_107_received
083f_3bbb_0000_1605041788_108_received
7a42_083f_0000_1605041795_109_received
c55f_083f_0000_1605041796_109_received
1040_7a42_0000_1605041796_110_received
702f_1040_0000_1605041801_111_generated
e604_702f_0000_1605041803_112_received
b07b_e604_0000_1605041805_113_received
03f8_b07b_0000_1605041808_114_generated
c3cd_03f8_0000_1605041810_115_received
c9ae_c3cd_0000_1605041813_116_received
267f_c9ae_0000_1605041817_117_received
7182_267f_0000_1605041819_118_received
b0f2_7182_0000_1605041823_119_received
b916_b0f2_0000_1605041830_120_received
bae0_b0f2_0000_1605041829_120_received
8cd2_bae0_0000_1605041834_121_received
e90d_8cd2_0000_1605041837_122_received
1025_e90d_0000_1605041842_123_received
1b3e_1025_0000_1605041844_124_received
578d_1b3e_0000_1605041846_125_received
a188_1b3e_0000_1605041848_125_received
305c_578d_0000_1605041850_126_generated
c739_578d_0000_1605041849_126_received
87ef_305c_0000_1605041853_127_received
d048_87ef_0000_1605041855_128_generated
b609_d048_0000_1605041857_129_generated
aa66_b609_0000_1605041859_130_received
c781_aa66_0000_1605041862_131_received
cddb_c781_0000_1605041865_132_received
d9d5_c781_0000_1605041866_132_received
080e_cddb_0000_1605041870_133_received
66c0_080e_0000_1605041881_134_received
0478_66c0_0000_1605041883_135_received
a6ff_0478_0000_1605041887_136_received
6e27_a6ff_0000_1605041888_137_received
1bcc_6e27_0000_1605041889_138_received
6440_1bcc_0000_1605041894_139_generated
c145_1bcc_0000_1605041895_139_received
5b64_6440_0000_1605041897_140_received
6c0a_6440_0000_1605041898_140_received
8476_5b64_0000_1605041903_141_received
ed13_8476_0000_1605041905_142_received
f48e_8476_0000_1605041906_142_received
f634_ed13_0000_1605041910_143_received
7dc8_f634_0000_1605041913_144_generated
b1ee_f634_0000_1605041912_144_received
0da5_b1ee_0000_1605041913_145_received
18e1_0da5_0000_1605041917_146_received
de07_0da5_0000_1605041920_146_received
ea30_18e1_0000_1605041920_147_received
340a_ea30_0000_1605041934_148_received
4a6b_ea30_0000_1605041935_148_received
b254_4a6b_0000_1605041941_149_received
5d4c_b254_0000_1605041941_150_received
ac13_5d4c_0000_1605041944_151_received
4fce_5d4c_0000_1605041945_151_received
f561_ac13_0000_1605041946_152_received
3b6d_f561_0000_1605041947_153_received
3172_3b6d_0000_1605041951_154_received
0709_3b6d_0000_1605041952_154_received
a0be_3b6d_0000_1605041953_154_received
41b3_3172_0000_1605041953_155_received
c435_41b3_0000_1605041955_156_received
9397_c435_0000_1605041959_157_received
f566_c435_0000_1605041961_157_received
bb5e_9397_0000_1605041962_158_received
518d_bb5e_0000_1605041964_159_received
19b0_bb5e_0000_1605041966_159_received
c30f_518d_0000_1605041969_160_received
1913_c30f_0000_1605041973_161_received
ca7b_1913_0000_1605041976_162_received
7a98_ca7b_0000_1605041979_163_generated
d86f_ca7b_0000_1605041978_163_received
80b7_d86f_0000_1605041984_164_received
ddc3_80b7_0000_1605041986_165_received
a86c_ddc3_0000_1605041990_166_received
4dde_a86c_0000_1605041993_167_received
bef2_a86c_0000_1605041994_167_received
7fbd_4dde_0000_1605041996_168_received
b637_bef2_0000_1605041997_168_received
3357_7fbd_0000_1605041998_169_received
1fc9_3357_0000_1605042005_170_received
04dc_1fc9_0000_1605042010_171_generated
722d_04dc_0000_1605042012_172_generated
436f_722d_0000_1605042014_173_received
0f38_436f_0000_1605042016_174_received
9ef0_0f38_0000_1605042019_175_received
fde2_9ef0_0000_1605042031_176_received
37fd_fde2_0000_1605042033_177_received
23fa_37fd_0000_1605042036_178_received
a407_37fd_0000_1605042037_178_received
366d_a407_0000_1605042039_179_received
e48b_366d_0000_1605042044_180_generated
82eb_e48b_0000_1605042044_181_received
db60_366d_0000_1605042045_180_received
842e_82eb_0000_1605042052_182_received
40b4_842e_0000_1605042054_183_received
27ff_40b4_0000_1605042057_184_received
57d4_27ff_0000_1605042061_185_received
363f_57d4_0000_1605042065_186_received
17e2_57d4_0000_1605042066_186_received
f21b_363f_0000_1605042067_187_received
2029_17e2_0000_1605042068_187_received
93ae_f21b_0000_1605042079_188_generated
16dd_93ae_0000_1605042083_189_received
0eca_93ae_0000_1605042084_189_received
910a_16dd_0000_1605042085_190_received
69a5_0eca_0000_1605042087_190_received
19b5_16dd_0000_1605042087_190_received
d6e8_910a_0000_1605042093_191_received
45a4_d6e8_0000_1605042099_192_received
f97e_45a4_0000_1605042100_193_received
b47d_f97e_0000_1605042100_194_received
233e_b47d_0000_1605042101_195_received
7a2f_233e_0000_1605042102_196_received
c2a4_7a2f_0000_1605042117_197_received
7897_c2a4_0000_1605042120_198_received
a4af_c2a4_0000_1605042121_198_received
9fd5_7897_0000_1605042124_199_received
fa1c_9fd5_0000_1605042128_200_received
7698_fa1c_0000_1605042133_201_generated
cb6f_fa1c_0000_1605042132_201_received
071b_cb6f_0000_1605042138_202_received
