86be_9e1c_0000_1607347322_1_received
fe48_86be_0000_1607347323_2_received
53a4_fe48_0000_1607347325_3_received
2eb5_53a4_0000_1607347326_4_received
f2b2_2eb5_0000_1607347328_5_received
2c97_f2b2_0000_1607347330_6_received
e5c6_2c97_0000_1607347332_7_generated
c69e_2c97_0000_1607347331_7_received
4372_c69e_0000_1607347333_8_received
b0b8_4372_0000_1607347334_9_received
abc8_b0b8_0000_1607347340_10_generated
263d_b0b8_0000_1607347339_10_received
25f1_abc8_0000_1607347343_11_generated
9ea4_25f1_0000_1607347344_12_generated
8bc0_9ea4_0000_1607347344_13_generated
a61a_8bc0_0000_1607347345_14_generated
e52e_a61a_0000_1607347346_15_received
6498_e52e_0000_1607347347_16_received
9d3b_6498_0000_1607347349_17_generated
5536_9d3b_0000_1607347350_18_generated
60dd_5536_0000_1607347352_19_received
f057_60dd_0000_1607347353_20_received
4b39_f057_0000_1607347353_21_received
31f3_4b39_0000_1607347354_22_received
7c15_31f3_0000_1607347356_23_generated
9693_7c15_0000_1607347356_24_generated
219d_9693_0000_1607347357_25_generated
c2fc_219d_0000_1607347358_26_received
8aff_c2fc_0000_1607347360_27_received
6ebb_8aff_0000_1607347361_28_generated
8b0b_6ebb_0000_1607347362_29_generated
20ed_8b0b_0000_1607347363_30_generated
cd91_8b0b_0000_1607347362_30_received
899d_cd91_0000_1607347365_31_received
7e23_899d_0000_1607347368_32_received
6869_7e23_0000_1607347368_33_received
a79a_6869_0000_1607347369_34_received
9db3_a79a_0000_1607347374_35_generated
83a4_9db3_0000_1607347374_36_generated
5cb0_83a4_0000_1607347377_37_generated
8162_83a4_0000_1607347378_37_received
baa8_5cb0_0000_1607347379_38_generated
05b5_8162_0000_1607347379_38_received
47e6_05b5_0000_1607347379_39_received
d75f_47e6_0000_1607347383_40_received
707d_d75f_0000_1607347383_41_received
be5b_707d_0000_1607347384_42_generated
59ff_be5b_0000_1607347385_43_generated
090f_be5b_0000_1607347386_43_received
3309_090f_0000_1607347386_44_received
515e_3309_0000_1607347391_45_received
860b_515e_0000_1607347394_46_generated
3cc0_860b_0000_1607347395_47_generated
6be6_3cc0_0000_1607347396_48_generated
bb91_6be6_0000_1607347398_49_received
f0b9_bb91_0000_1607347399_50_received
5250_f0b9_0000_1607347401_51_received
d3c4_5250_0000_1607347402_52_generated
f4af_5250_0000_1607347403_52_received
9f69_f4af_0000_1607347403_53_received
2d9f_9f69_0000_1607347407_54_received
eab6_2d9f_0000_1607347408_55_received
1d3f_eab6_0000_1607347410_56_received
49b9_1d3f_0000_1607347411_57_generated
8432_49b9_0000_1607347414_58_generated
c1a0_49b9_0000_1607347415_58_received
60b0_c1a0_0000_1607347417_59_received
d9ca_60b0_0000_1607347418_60_received
3681_d9ca_0000_1607347418_61_received
e9ac_3681_0000_1607347419_62_received
ab5b_e9ac_0000_1607347420_63_received
2ec7_ab5b_0000_1607347420_64_received
9a30_2ec7_0000_1607347421_65_received
d0a9_9a30_0000_1607347422_66_received
6fba_d0a9_0000_1607347422_67_received
5893_6fba_0000_1607347423_68_received
d628_5893_0000_1607347424_69_received
0554_d628_0000_1607347425_70_received
5612_0554_0000_1607347426_71_received
566a_5612_0000_1607347427_72_received
2aad_566a_0000_1607347428_73_generated
f14e_2aad_0000_1607347429_74_generated
be38_f14e_0000_1607347429_75_generated
4c2c_be38_0000_1607347430_76_generated
3d67_4c2c_0000_1607347430_77_generated
2972_3d67_0000_1607347432_78_generated
1816_2972_0000_1607347435_79_received
feb1_1816_0000_1607347438_80_generated
1bbf_feb1_0000_1607347439_81_generated
2a4c_1bbf_0000_1607347439_82_generated
7d16_2a4c_0000_1607347441_83_received
eada_7d16_0000_1607347444_84_received
890a_eada_0000_1607347445_85_received
2605_890a_0000_1607347446_86_received
5a8c_2605_0000_1607347450_87_generated
e701_5a8c_0000_1607347453_88_generated
bf02_e701_0000_1607347458_89_generated
e6bf_bf02_0000_1607347459_90_generated
3182_e6bf_0000_1607347460_91_generated
7c27_3182_0000_1607347462_92_generated
6132_7c27_0000_1607347463_93_generated
783c_3182_0000_1607347463_92_received
f80f_6132_0000_1607347463_94_generated
b9cf_f80f_0000_1607347466_95_received
469c_b9cf_0000_1607347468_96_generated
9df1_469c_0000_1607347469_97_received
7af3_9df1_0000_1607347470_98_received
54df_7af3_0000_1607347471_99_generated
6657_7af3_0000_1607347470_99_received
6f2f_6657_0000_1607347470_100_received
6e57_6f2f_0000_1607347473_101_generated
02bc_6e57_0000_1607347475_102_received
14a7_02bc_0000_1607347475_103_received
e0f5_14a7_0000_1607347476_104_generated
d02b_e0f5_0000_1607347476_105_generated
c2be_d02b_0000_1607347478_106_generated
ae66_d02b_0000_1607347477_106_received
3e8c_c2be_0000_1607347481_107_generated
38a1_3e8c_0000_1607347482_108_generated
20fa_38a1_0000_1607347483_109_received
95fc_20fa_0000_1607347484_110_received
074c_95fc_0000_1607347486_111_generated
ca40_074c_0000_1607347487_112_generated
cbc1_ca40_0000_1607347487_113_generated
273c_cbc1_0000_1607347492_114_generated
6b45_273c_0000_1607347492_115_received
b7fd_6b45_0000_1607347493_116_received
7a92_b7fd_0000_1607347493_117_received
3d7b_7a92_0000_1607347495_118_generated
0e6b_7a92_0000_1607347494_118_received
a4e8_0e6b_0000_1607347495_119_received
7446_a4e8_0000_1607347496_120_generated
4a23_7446_0000_1607347498_121_generated
f09f_4a23_0000_1607347502_122_received
cc81_f09f_0000_1607347502_123_received
3fdc_cc81_0000_1607347504_124_received
adb1_3fdc_0000_1607347505_125_generated
4c14_adb1_0000_1607347506_126_received
830d_4c14_0000_1607347507_127_received
b2f3_830d_0000_1607347508_128_received
b55b_b2f3_0000_1607347510_129_generated
0872_b55b_0000_1607347512_130_generated
c4f1_b55b_0000_1607347511_130_received
95fb_0872_0000_1607347512_131_generated
d4ff_95fb_0000_1607347514_132_generated
6440_d4ff_0000_1607347515_133_received
2419_6440_0000_1607347516_134_generated
8cab_2419_0000_1607347517_135_received
f649_8cab_0000_1607347520_136_generated
f764_8cab_0000_1607347519_136_received
b50f_f764_0000_1607347522_137_received
a239_b50f_0000_1607347524_138_received
df49_a239_0000_1607347525_139_received
63ea_df49_0000_1607347525_140_received
6f00_63ea_0000_1607347526_141_received
456e_6f00_0000_1607347528_142_received
733b_456e_0000_1607347530_143_received
831f_733b_0000_1607347532_144_received
6d22_831f_0000_1607347533_145_received
b161_6d22_0000_1607347536_146_generated
fca0_b161_0000_1607347537_147_generated
01ac_fca0_0000_1607347542_148_generated
ab37_01ac_0000_1607347542_149_generated
6267_ab37_0000_1607347543_150_generated
cd5a_6267_0000_1607347545_151_generated
d037_cd5a_0000_1607347547_152_received
8b7a_d037_0000_1607347547_153_received
424c_8b7a_0000_1607347551_154_received
5cf4_424c_0000_1607347553_155_received
d171_5cf4_0000_1607347555_156_received
9c9a_d171_0000_1607347556_157_received
6ca5_9c9a_0000_1607347559_158_received
ecd3_6ca5_0000_1607347560_159_received
dc95_ecd3_0000_1607347563_160_generated
74a4_dc95_0000_1607347565_161_generated
0593_74a4_0000_1607347566_162_generated
67b3_0593_0000_1607347568_163_generated
c6ab_67b3_0000_1607347571_164_generated
e141_c6ab_0000_1607347575_165_generated
4f7b_c6ab_0000_1607347574_165_received
7ad5_e141_0000_1607347578_166_generated
c6ea_7ad5_0000_1607347579_167_generated
6054_4f7b_0000_1607347578_166_received
91d3_6054_0000_1607347578_167_received
770c_91d3_0000_1607347579_168_received
4d79_770c_0000_1607347588_169_generated
35a7_4d79_0000_1607347591_170_received
5796_35a7_0000_1607347592_171_generated
21be_5796_0000_1607347593_172_generated
3aca_21be_0000_1607347594_173_received
d332_3aca_0000_1607347595_174_received
a7e7_d332_0000_1607347596_175_generated
f939_a7e7_0000_1607347598_176_received
e2e0_f939_0000_1607347599_177_received
2434_e2e0_0000_1607347605_178_generated
182d_2434_0000_1607347606_179_generated
6efd_182d_0000_1607347607_180_generated
4baf_6efd_0000_1607347607_181_generated
a74a_4baf_0000_1607347614_182_generated
11ca_a74a_0000_1607347614_183_received
191c_11ca_0000_1607347615_184_received
0649_191c_0000_1607347618_185_received
f005_0649_0000_1607347620_186_generated
2290_f005_0000_1607347621_187_generated
c818_2290_0000_1607347622_188_generated
7733_f005_0000_1607347622_187_received
16e2_7733_0000_1607347623_188_received
a636_c818_0000_1607347626_189_generated
d9da_16e2_0000_1607347626_189_received
10b8_a636_0000_1607347630_190_generated
e233_d9da_0000_1607347629_190_received
1893_e233_0000_1607347629_191_received
ce08_1893_0000_1607347633_192_generated
622a_ce08_0000_1607347633_193_generated
c56e_ce08_0000_1607347634_193_received
4e7a_c56e_0000_1607347639_194_received
7623_4e7a_0000_1607347640_195_generated
3b56_7623_0000_1607347641_196_generated
9a0f_7623_0000_1607347642_196_received
12e5_3b56_0000_1607347643_197_generated
3257_12e5_0000_1607347644_198_generated
5080_9a0f_0000_1607347643_197_received
264e_3257_0000_1607347646_199_generated
1299_264e_0000_1607347647_200_generated
9309_1299_0000_1607347648_201_generated
7191_9309_0000_1607347648_202_generated
1602_7191_0000_1607347650_203_received
41c6_1602_0000_1607347651_204_generated
f427_41c6_0000_1607347653_205_received
ecdc_f427_0000_1607347654_206_generated
8a44_ecdc_0000_1607347656_207_generated
f1bb_ecdc_0000_1607347657_207_received
6b0b_f1bb_0000_1607347659_208_received
1a42_6b0b_0000_1607347661_209_generated
2243_1a42_0000_1607347662_210_generated
1c0f_6b0b_0000_1607347662_209_received
8c46_2243_0000_1607347664_211_generated
7915_8c46_0000_1607347665_212_generated
7490_7915_0000_1607347669_213_generated
092d_7490_0000_1607347671_214_received
70a7_092d_0000_1607347672_215_generated
8bd1_70a7_0000_1607347673_216_generated
7988_8bd1_0000_1607347676_217_generated
d752_7988_0000_1607347677_218_generated
5e1f_d752_0000_1607347677_219_generated
c329_8bd1_0000_1607347677_217_received
bedd_c329_0000_1607347678_218_received
5473_5e1f_0000_1607347681_220_generated
03b9_5473_0000_1607347683_221_received
e8cc_03b9_0000_1607347685_222_received
cbbe_e8cc_0000_1607347686_223_received
b332_cbbe_0000_1607347686_224_received
749f_b332_0000_1607347689_225_generated
59e0_749f_0000_1607347690_226_generated
c82f_59e0_0000_1607347691_227_generated
9538_c82f_0000_1607347692_228_generated
574c_59e0_0000_1607347692_227_received
1d05_9538_0000_1607347694_229_received
ab8a_1d05_0000_1607347696_230_generated
911f_1d05_0000_1607347695_230_received
246f_911f_0000_1607347697_231_received
978a_246f_0000_1607347698_232_received
be86_978a_0000_1607347699_233_received
d00d_be86_0000_1607347700_234_received
a1a3_d00d_0000_1607347702_235_generated
9391_a1a3_0000_1607347702_236_received
7b8a_9391_0000_1607347705_237_generated
0595_7b8a_0000_1607347705_238_received
4973_0595_0000_1607347707_239_generated
e319_4973_0000_1607347709_240_generated
f3af_e319_0000_1607347710_241_generated
f79d_f3af_0000_1607347712_242_received
8053_f79d_0000_1607347712_243_received
b2a7_8053_0000_1607347714_244_received
4cc6_b2a7_0000_1607347716_245_generated
ec54_4cc6_0000_1607347718_246_generated
8352_ec54_0000_1607347722_247_generated
010c_ec54_0000_1607347721_247_received
e118_010c_0000_1607347721_248_received
94bd_e118_0000_1607347724_249_generated
e81d_94bd_0000_1607347724_250_received
54bc_e81d_0000_1607347727_251_received
f686_54bc_0000_1607347730_252_generated
d853_54bc_0000_1607347729_252_received
155c_f686_0000_1607347730_253_generated
38be_d853_0000_1607347730_253_received
d368_155c_0000_1607347732_254_generated
f3f9_d368_0000_1607347735_255_received
1115_f3f9_0000_1607347738_256_generated
fddc_1115_0000_1607347740_257_generated
a50e_fddc_0000_1607347742_258_received
c563_a50e_0000_1607347745_259_received
a95c_c563_0000_1607347745_260_received
3fb1_a95c_0000_1607347747_261_received
69a3_3fb1_0000_1607347749_262_received
ea06_69a3_0000_1607347751_263_generated
22d1_ea06_0000_1607347753_264_generated
f2da_22d1_0000_1607347754_265_generated
efd0_f2da_0000_1607347755_266_generated
e7f3_efd0_0000_1607347755_267_generated
f4b5_ea06_0000_1607347754_264_received
4a82_e7f3_0000_1607347757_268_generated
66dc_f4b5_0000_1607347755_265_received
905b_e7f3_0000_1607347758_268_received
685c_4a82_0000_1607347765_269_generated
5722_685c_0000_1607347768_270_generated
8195_5722_0000_1607347768_271_generated
04e3_685c_0000_1607347767_270_received
5a2e_8195_0000_1607347769_272_generated
9925_5a2e_0000_1607347769_273_generated
7386_04e3_0000_1607347770_271_received
d488_9925_0000_1607347772_274_generated
37cd_9925_0000_1607347773_274_received
ca04_37cd_0000_1607347773_275_received
5c3f_ca04_0000_1607347775_276_received
f524_5c3f_0000_1607347779_277_generated
7203_f524_0000_1607347784_278_received
ed8e_7203_0000_1607347787_279_generated
c483_ed8e_0000_1607347788_280_received
5261_c483_0000_1607347789_281_generated
b831_5261_0000_1607347791_282_generated
b28c_b831_0000_1607347791_283_generated
aa81_b28c_0000_1607347795_284_generated
b7e0_aa81_0000_1607347796_285_generated
5093_b7e0_0000_1607347797_286_generated
49f0_5093_0000_1607347800_287_generated
fb74_49f0_0000_1607347801_288_generated
5535_fb74_0000_1607347801_289_generated
8a13_5535_0000_1607347805_290_generated
1cf5_8a13_0000_1607347806_291_generated
a251_8a13_0000_1607347807_291_received
e92c_a251_0000_1607347808_292_received
f242_e92c_0000_1607347810_293_generated
840c_e92c_0000_1607347809_293_received
80bb_f242_0000_1607347812_294_generated
251a_840c_0000_1607347810_294_received
69ca_251a_0000_1607347811_295_received
ee0c_69ca_0000_1607347814_296_generated
d54e_69ca_0000_1607347813_296_received
7ae7_d54e_0000_1607347818_297_received
a3b1_7ae7_0000_1607347818_298_received
a35c_a3b1_0000_1607347821_299_generated
4274_a35c_0000_1607347821_300_generated
ac5f_4274_0000_1607347825_301_generated
e7af_ac5f_0000_1607347827_302_generated
0dcd_e7af_0000_1607347828_303_received
9ae9_0dcd_0000_1607347829_304_received
acfa_9ae9_0000_1607347831_305_received
91d4_acfa_0000_1607347834_306_received
0ecf_91d4_0000_1607347835_307_received
9383_0ecf_0000_1607347837_308_generated
101e_0ecf_0000_1607347838_308_received
d22c_9383_0000_1607347840_309_generated
13b2_d22c_0000_1607347841_310_generated
3612_d22c_0000_1607347842_310_received
1693_13b2_0000_1607347847_311_generated
57df_1693_0000_1607347847_312_generated
6bf4_57df_0000_1607347848_313_generated
d483_6bf4_0000_1607347850_314_generated
86c2_1693_0000_1607347849_312_received
510f_d483_0000_1607347852_315_generated
0c4a_86c2_0000_1607347851_313_received
8889_510f_0000_1607347853_316_generated
4e2b_d483_0000_1607347853_315_received
e82a_8889_0000_1607347857_317_generated
a09b_e82a_0000_1607347858_318_generated
d1ab_e82a_0000_1607347857_318_received
f069_d1ab_0000_1607347860_319_received
fba1_f069_0000_1607347862_320_generated
ae48_f069_0000_1607347863_320_received
b696_fba1_0000_1607347866_321_generated
b91a_b696_0000_1607347867_322_generated
80b3_b91a_0000_1607347869_323_generated
106e_80b3_0000_1607347872_324_generated
0109_80b3_0000_1607347871_324_received
a7c8_0109_0000_1607347872_325_received
1cc0_a7c8_0000_1607347875_326_received
f222_1cc0_0000_1607347877_327_generated
9d23_f222_0000_1607347878_328_received
0a15_9d23_0000_1607347878_329_received
1d43_0a15_0000_1607347883_330_generated
3ea7_1d43_0000_1607347884_331_received
2455_3ea7_0000_1607347887_332_generated
7fa9_3ea7_0000_1607347886_332_received
9c3c_7fa9_0000_1607347886_333_received
4025_9c3c_0000_1607347889_334_received
0cfd_4025_0000_1607347891_335_generated
940b_0cfd_0000_1607347893_336_received
49d4_940b_0000_1607347894_337_received
7713_49d4_0000_1607347896_338_generated
f6ff_49d4_0000_1607347894_338_received
34bc_f6ff_0000_1607347898_339_received
6aac_34bc_0000_1607347899_340_received
6012_6aac_0000_1607347902_341_received
5fb3_6012_0000_1607347904_342_generated
337d_6012_0000_1607347903_342_received
73e7_337d_0000_1607347904_343_received
a85c_73e7_0000_1607347905_344_received
686d_a85c_0000_1607347906_345_received
8e35_686d_0000_1607347909_346_received
81bd_8e35_0000_1607347910_347_received
abb7_81bd_0000_1607347911_348_received
14d3_abb7_0000_1607347917_349_generated
1ed9_14d3_0000_1607347919_350_generated
45d8_14d3_0000_1607347918_350_received
46f3_1ed9_0000_1607347921_351_generated
