0209_9e1c_0000_1607343326_1_generated
1661_0209_0000_1607343338_2_received
3216_1661_0000_1607343344_3_generated
181f_3216_0000_1607343351_4_received
7e14_181f_0000_1607343369_5_generated
c821_7e14_0000_1607343369_6_generated
a6f1_c821_0000_1607343371_7_generated
e420_a6f1_0000_1607343373_8_generated
2e92_e420_0000_1607343374_9_received
5ea0_2e92_0000_1607343381_10_received
b11e_5ea0_0000_1607343386_11_received
8f05_b11e_0000_1607343388_12_received
a785_8f05_0000_1607343392_13_generated
03a9_a785_0000_1607343394_14_generated
c33c_03a9_0000_1607343405_15_generated
3d73_c33c_0000_1607343413_16_received
fb16_3d73_0000_1607343429_17_received
0aef_fb16_0000_1607343436_18_generated
e95b_0aef_0000_1607343446_19_generated
8d73_e95b_0000_1607343452_20_received
bf3c_8d73_0000_1607343453_21_generated
c55d_bf3c_0000_1607343456_22_generated
ed0b_bf3c_0000_1607343457_22_received
a5d3_c55d_0000_1607343458_23_generated
5d93_a5d3_0000_1607343461_24_generated
4256_5d93_0000_1607343464_25_generated
8a80_4256_0000_1607343467_26_received
f866_8a80_0000_1607343472_27_generated
70dd_f866_0000_1607343483_28_received
9ecf_70dd_0000_1607343483_29_received
8c37_9ecf_0000_1607343488_30_received
26c9_8c37_0000_1607343492_31_received
0e4b_26c9_0000_1607343493_32_received
fc74_0e4b_0000_1607343496_33_generated
e8d6_fc74_0000_1607343497_34_received
5cba_e8d6_0000_1607343507_35_generated
e668_5cba_0000_1607343517_36_received
3b3c_e668_0000_1607343520_37_generated
d6e5_3b3c_0000_1607343523_38_received
5a99_d6e5_0000_1607343528_39_generated
b40d_5a99_0000_1607343532_40_generated
7b0d_b40d_0000_1607343543_41_received
324c_7b0d_0000_1607343543_42_received
c7ef_324c_0000_1607343544_43_generated
cdcb_c7ef_0000_1607343571_44_generated
b566_cdcb_0000_1607343572_45_generated
0c00_b566_0000_1607343576_46_received
9291_0c00_0000_1607343578_47_generated
e549_9291_0000_1607343584_48_received
cc71_e549_0000_1607343585_49_received
3bae_cc71_0000_1607343589_50_received
5438_3bae_0000_1607343603_51_received
cafe_5438_0000_1607343608_52_generated
27c6_cafe_0000_1607343614_53_received
18d3_27c6_0000_1607343617_54_generated
b070_18d3_0000_1607343630_55_generated
1fa1_b070_0000_1607343632_56_received
2816_1fa1_0000_1607343634_57_generated
6349_2816_0000_1607343638_58_received
cfd6_6349_0000_1607343654_59_received
3c8e_cfd6_0000_1607343655_60_generated
690c_3c8e_0000_1607343657_61_received
a44f_690c_0000_1607343659_62_generated
a2e6_a44f_0000_1607343660_63_received
0ef2_a2e6_0000_1607343665_64_generated
5bea_0ef2_0000_1607343674_65_received
77fe_5bea_0000_1607343675_66_received
01d5_77fe_0000_1607343676_67_generated
8faf_01d5_0000_1607343692_68_generated
1fef_8faf_0000_1607343696_69_generated
09e2_1fef_0000_1607343703_70_received
bebb_09e2_0000_1607343709_71_generated
3f7a_bebb_0000_1607343720_72_generated
20cd_3f7a_0000_1607343720_73_generated
6d8d_20cd_0000_1607343733_74_received
833b_6d8d_0000_1607343744_75_generated
276c_833b_0000_1607343747_76_received
e0ee_276c_0000_1607343755_77_received
a883_e0ee_0000_1607343756_78_received
c85f_a883_0000_1607343765_79_generated
dcb4_c85f_0000_1607343765_80_generated
9cec_dcb4_0000_1607343782_81_generated
100d_9cec_0000_1607343788_82_received
10e9_100d_0000_1607343789_83_received
f2c1_10e9_0000_1607343792_84_generated
1e1e_f2c1_0000_1607343794_85_generated
1a50_1e1e_0000_1607343798_86_generated
45d5_1a50_0000_1607343803_87_generated
b22b_45d5_0000_1607343806_88_generated
9076_b22b_0000_1607343822_89_generated
7533_9076_0000_1607343823_90_generated
bd13_7533_0000_1607343849_91_received
2f15_bd13_0000_1607343850_92_generated
46b3_2f15_0000_1607343865_93_received
1613_46b3_0000_1607343881_94_received
3ae3_1613_0000_1607343881_95_received
529f_3ae3_0000_1607343887_96_generated
26a9_529f_0000_1607343888_97_generated
b662_26a9_0000_1607343889_98_received
298c_b662_0000_1607343904_99_generated
711d_298c_0000_1607343907_100_received
392b_711d_0000_1607343919_101_received
22d3_392b_0000_1607343921_102_received
