7c67_9e1c_0000_1605071055_1_generated
573a_7c67_0000_1605071061_2_generated
847e_573a_0000_1605071067_3_received
b25c_847e_0000_1605071077_4_generated
ffe4_b25c_0000_1605071084_5_generated
9352_b25c_0000_1605071083_5_received
d2bb_9352_0000_1605071086_6_received
ea8a_d2bb_0000_1605071101_7_generated
779c_ea8a_0000_1605071103_8_generated
002c_779c_0000_1605071105_9_received
50dc_002c_0000_1605071107_10_received
f226_50dc_0000_1605071111_11_received
4df3_f226_0000_1605071125_12_generated
2147_4df3_0000_1605071136_13_received
1f36_2147_0000_1605071145_14_received
a4b6_1f36_0000_1605071156_15_generated
d64b_a4b6_0000_1605071178_16_generated
8fce_d64b_0000_1605071182_17_received
33cd_8fce_0000_1605071195_18_received
58b9_33cd_0000_1605071211_19_received
93a4_58b9_0000_1605071228_20_generated
a741_93a4_0000_1605071233_21_received
e108_a741_0000_1605071245_22_generated
cdce_e108_0000_1605071246_23_generated
4fc7_cdce_0000_1605071290_24_generated
5a8e_4fc7_0000_1605071299_25_generated
5827_5a8e_0000_1605071304_26_generated
dc0c_5827_0000_1605071331_27_generated
28ed_dc0c_0000_1605071331_28_generated
78ed_28ed_0000_1605071335_29_generated
aa3c_78ed_0000_1605071343_30_generated
8ccc_aa3c_0000_1605071350_31_received
5a39_8ccc_0000_1605071357_32_received
e239_5a39_0000_1605071369_33_generated
45a7_e239_0000_1605071390_34_generated
3e5d_45a7_0000_1605071396_35_received
a81b_3e5d_0000_1605071407_36_generated
4a55_a81b_0000_1605071416_37_received
bdca_4a55_0000_1605071421_38_generated
1298_bdca_0000_1605071422_39_generated
7122_1298_0000_1605071433_40_received
a4f0_7122_0000_1605071447_41_received
75f4_a4f0_0000_1605071456_42_generated
30a0_75f4_0000_1605071471_43_generated
a12c_30a0_0000_1605071472_44_generated
870f_a12c_0000_1605071490_45_received
8b87_870f_0000_1605071492_46_generated
2932_8b87_0000_1605071494_47_received
fd6f_2932_0000_1605071500_48_generated
48b8_fd6f_0000_1605071518_49_received
301c_48b8_0000_1605071526_50_generated
8b96_301c_0000_1605071535_51_received
8a20_8b96_0000_1605071541_52_received
c7ed_8a20_0000_1605071552_53_generated
4997_c7ed_0000_1605071557_54_generated
fef4_4997_0000_1605071583_55_generated
0318_fef4_0000_1605071586_56_received
4829_0318_0000_1605071589_57_received
a3f7_4829_0000_1605071592_58_generated
a83d_a3f7_0000_1605071617_59_generated
17ea_a83d_0000_1605071621_60_generated
7987_17ea_0000_1605071633_61_generated
437a_7987_0000_1605071647_62_generated
3592_437a_0000_1605071649_63_received
8427_3592_0000_1605071657_64_generated
038c_8427_0000_1605071679_65_generated
79ff_038c_0000_1605071686_66_received
c889_79ff_0000_1605071692_67_generated
ab6c_c889_0000_1605071704_68_generated
5fb7_ab6c_0000_1605071708_69_generated
aa77_5fb7_0000_1605071725_70_generated
b286_aa77_0000_1605071732_71_received
b885_b286_0000_1605071756_72_generated
