31b4_9e1c_0000_1607170061_1_received
ab1b_31b4_0000_1607170062_2_received
801d_ab1b_0000_1607170062_3_received
3c8f_31b4_0000_1607170063_2_received
5652_3c8f_0000_1607170063_3_received
707a_801d_0000_1607170065_4_received
c5f0_707a_0000_1607170067_5_received
669c_c5f0_0000_1607170068_6_received
ccbc_669c_0000_1607170071_7_received
6172_ccbc_0000_1607170072_8_received
5960_6172_0000_1607170072_9_received
1201_ccbc_0000_1607170073_8_received
a3ad_5960_0000_1607170073_10_received
06a5_5960_0000_1607170074_10_received
35d6_06a5_0000_1607170074_11_received
b3fc_a3ad_0000_1607170075_11_received
88ce_35d6_0000_1607170076_12_received
af00_88ce_0000_1607170078_13_received
6659_af00_0000_1607170080_14_received
f568_6659_0000_1607170082_15_received
dfd2_f568_0000_1607170084_16_received
7895_dfd2_0000_1607170085_17_received
499c_7895_0000_1607170086_18_received
b40b_499c_0000_1607170088_19_received
7044_499c_0000_1607170089_19_received
70ad_b40b_0000_1607170089_20_received
1805_70ad_0000_1607170090_21_received
6f46_1805_0000_1607170091_22_received
34b0_6f46_0000_1607170092_23_received
3c82_34b0_0000_1607170093_24_received
5bd1_3c82_0000_1607170093_25_received
e36d_5bd1_0000_1607170096_26_received
b618_e36d_0000_1607170096_27_received
8757_b618_0000_1607170097_28_received
31a8_8757_0000_1607170100_29_received
8efa_31a8_0000_1607170101_30_received
7d1c_8efa_0000_1607170103_31_received
5f8a_7d1c_0000_1607170105_32_received
f0ad_5f8a_0000_1607170106_33_received
25d5_f0ad_0000_1607170107_34_received
b9d1_25d5_0000_1607170107_35_received
807e_b9d1_0000_1607170108_36_received
e001_f0ad_0000_1607170108_34_received
e997_b9d1_0000_1607170109_36_received
1db4_e997_0000_1607170109_37_received
33e0_1db4_0000_1607170110_38_received
abdd_33e0_0000_1607170111_39_received
e7f0_abdd_0000_1607170112_40_received
c6fd_e7f0_0000_1607170112_41_received
7aeb_c6fd_0000_1607170113_42_received
1fac_7aeb_0000_1607170115_43_received
7dd2_1fac_0000_1607170116_44_received
f4bd_7dd2_0000_1607170116_45_received
3537_f4bd_0000_1607170116_46_received
0cbc_3537_0000_1607170117_47_received
3e33_0cbc_0000_1607170117_48_received
d7e0_7dd2_0000_1607170117_45_received
8886_3e33_0000_1607170117_49_received
a27b_8886_0000_1607170118_50_received
046e_a27b_0000_1607170118_51_received
f59b_046e_0000_1607170119_52_received
ef03_f59b_0000_1607170119_53_received
4375_ef03_0000_1607170120_54_received
2f18_ef03_0000_1607170121_54_received
15c1_2f18_0000_1607170123_55_received
ed6e_15c1_0000_1607170123_56_received
c633_ed6e_0000_1607170125_57_received
deb8_c633_0000_1607170125_58_received
4bf7_deb8_0000_1607170126_59_received
b777_4bf7_0000_1607170127_60_received
f311_b777_0000_1607170129_61_received
83da_f311_0000_1607170131_62_received
77d2_83da_0000_1607170131_63_received
5835_77d2_0000_1607170135_64_received
d95b_77d2_0000_1607170136_64_received
ad42_d95b_0000_1607170138_65_received
be91_ad42_0000_1607170138_66_received
e724_5835_0000_1607170138_65_received
4886_e724_0000_1607170138_66_received
5149_be91_0000_1607170139_67_received
2ba4_5149_0000_1607170139_68_received
351f_4886_0000_1607170139_67_received
bdbe_2ba4_0000_1607170139_69_received
c64c_351f_0000_1607170140_68_received
8add_bdbe_0000_1607170141_70_received
0dd3_8add_0000_1607170143_71_received
3e1c_0dd3_0000_1607170143_72_received
e056_8add_0000_1607170144_71_received
756c_e056_0000_1607170144_72_received
1e8a_756c_0000_1607170144_73_received
da0f_1e8a_0000_1607170149_74_received
75fc_da0f_0000_1607170151_75_received
5407_75fc_0000_1607170155_76_received
cea3_5407_0000_1607170155_77_received
b986_cea3_0000_1607170158_78_received
d5f9_b986_0000_1607170158_79_received
7623_d5f9_0000_1607170160_80_received
dd63_7623_0000_1607170160_81_received
2958_dd63_0000_1607170161_82_received
4963_2958_0000_1607170161_83_received
237d_4963_0000_1607170162_84_received
9eed_dd63_0000_1607170162_82_received
0ecd_237d_0000_1607170163_85_received
ba72_0ecd_0000_1607170165_86_received
3199_ba72_0000_1607170165_87_received
fa2d_3199_0000_1607170166_88_received
3453_fa2d_0000_1607170167_89_received
b7ec_3453_0000_1607170168_90_received
28ab_b7ec_0000_1607170169_91_received
e028_28ab_0000_1607170170_92_received
fab9_e028_0000_1607170172_93_received
c417_fab9_0000_1607170172_94_received
db4b_c417_0000_1607170174_95_received
d644_db4b_0000_1607170177_96_received
639a_db4b_0000_1607170178_96_received
861a_639a_0000_1607170178_97_received
dcd2_861a_0000_1607170179_98_received
29c6_dcd2_0000_1607170179_99_received
9523_29c6_0000_1607170182_100_received
0b75_9523_0000_1607170183_101_received
6523_0b75_0000_1607170183_102_received
3e51_6523_0000_1607170184_103_received
e044_3e51_0000_1607170186_104_received
c12a_e044_0000_1607170186_105_received
edbc_c12a_0000_1607170186_106_received
eb92_edbc_0000_1607170189_107_received
56bc_eb92_0000_1607170191_108_received
bf3b_56bc_0000_1607170193_109_received
e647_bf3b_0000_1607170193_110_received
5c5a_e647_0000_1607170195_111_received
131d_5c5a_0000_1607170196_112_received
3e9d_131d_0000_1607170199_113_received
a7aa_131d_0000_1607170200_113_received
c20e_a7aa_0000_1607170200_114_received
5e04_c20e_0000_1607170202_115_received
66fc_5e04_0000_1607170202_116_received
54c0_66fc_0000_1607170203_117_received
5c1b_54c0_0000_1607170204_118_generated
d6b1_54c0_0000_1607170203_118_received
36ff_5e04_0000_1607170203_116_received
5655_d6b1_0000_1607170204_119_received
20bd_5655_0000_1607170206_120_received
d6e6_5655_0000_1607170207_120_received
fa8a_20bd_0000_1607170207_121_received
e947_d6e6_0000_1607170208_121_received
7fa5_e947_0000_1607170212_122_received
1dec_7fa5_0000_1607170213_123_received
7140_1dec_0000_1607170213_124_received
10c5_7140_0000_1607170213_125_received
ea32_10c5_0000_1607170213_126_received
c7a1_ea32_0000_1607170214_127_received
cc2d_c7a1_0000_1607170214_128_received
0d8c_cc2d_0000_1607170216_129_received
dc55_0d8c_0000_1607170217_130_received
b57c_dc55_0000_1607170217_131_received
2f6c_b57c_0000_1607170218_132_received
1fd7_2f6c_0000_1607170220_133_received
4f69_1fd7_0000_1607170222_134_received
c1fc_1fd7_0000_1607170223_134_received
11eb_4f69_0000_1607170225_135_received
5750_11eb_0000_1607170226_136_received
8bbf_5750_0000_1607170227_137_generated
2cae_5750_0000_1607170226_137_received
1282_11eb_0000_1607170227_136_received
a5d0_2cae_0000_1607170228_138_received
2dbe_a5d0_0000_1607170231_139_received
c271_2dbe_0000_1607170232_140_received
a4ca_2dbe_0000_1607170233_140_received
76c2_a4ca_0000_1607170233_141_received
63c1_c271_0000_1607170233_141_received
cd89_76c2_0000_1607170234_142_received
43ee_cd89_0000_1607170235_143_received
d54c_43ee_0000_1607170236_144_received
2d19_d54c_0000_1607170238_145_received
7439_2d19_0000_1607170239_146_received
b259_7439_0000_1607170240_147_received
cc5e_7439_0000_1607170241_147_received
1b6f_b259_0000_1607170241_148_received
fb14_1b6f_0000_1607170244_149_received
6db5_fb14_0000_1607170247_150_received
0ecf_6db5_0000_1607170249_151_received
0cd6_0ecf_0000_1607170250_152_received
8721_0cd6_0000_1607170252_153_received
1efe_8721_0000_1607170253_154_received
4bcc_1efe_0000_1607170255_155_received
6d9a_4bcc_0000_1607170256_156_received
6f58_6d9a_0000_1607170260_157_received
2a3f_6f58_0000_1607170262_158_received
2ec0_2a3f_0000_1607170263_159_received
2b52_2ec0_0000_1607170265_160_received
f7f7_2ec0_0000_1607170264_160_received
d6ff_f7f7_0000_1607170265_161_received
6bac_2b52_0000_1607170265_161_received
f1a5_6bac_0000_1607170268_162_received
3836_f1a5_0000_1607170270_163_received
3f83_3836_0000_1607170270_164_received
1489_3f83_0000_1607170272_165_received
15f1_1489_0000_1607170273_166_received
dad8_15f1_0000_1607170275_167_received
0477_dad8_0000_1607170277_168_received
4924_0477_0000_1607170277_169_received
007d_4924_0000_1607170280_170_received
ee1f_007d_0000_1607170280_171_received
4af2_ee1f_0000_1607170282_172_received
c7cc_4af2_0000_1607170284_173_received
8fc7_c7cc_0000_1607170284_174_received
3ae6_8fc7_0000_1607170285_175_received
1474_3ae6_0000_1607170288_176_received
534e_1474_0000_1607170293_177_received
446f_534e_0000_1607170294_178_received
3a21_446f_0000_1607170296_179_received
59e3_3a21_0000_1607170296_180_received
63a6_59e3_0000_1607170298_181_received
8d12_63a6_0000_1607170299_182_received
d483_63a6_0000_1607170300_182_received
f9ec_8d12_0000_1607170301_183_received
a6ab_d483_0000_1607170302_183_received
9bfc_a6ab_0000_1607170304_184_received
5d3a_9bfc_0000_1607170306_185_received
2c13_5d3a_0000_1607170308_186_received
bf7f_5d3a_0000_1607170309_186_received
49a8_bf7f_0000_1607170309_187_received
131e_49a8_0000_1607170311_188_received
aba3_131e_0000_1607170312_189_received
e41b_aba3_0000_1607170314_190_received
9424_e41b_0000_1607170315_191_received
e772_9424_0000_1607170320_192_received
db87_e772_0000_1607170320_193_received
bdf9_db87_0000_1607170323_194_received
8b19_bdf9_0000_1607170325_195_received
fd77_8b19_0000_1607170325_196_received
7e5c_fd77_0000_1607170326_197_received
ba6b_7e5c_0000_1607170327_198_received
24c7_fd77_0000_1607170327_197_received
d75e_24c7_0000_1607170327_198_received
2ab3_d75e_0000_1607170327_199_received
f187_2ab3_0000_1607170330_200_received
8041_f187_0000_1607170331_201_received
ff3b_8041_0000_1607170331_202_received
16f9_ff3b_0000_1607170333_203_received
28d9_16f9_0000_1607170334_204_received
73cf_28d9_0000_1607170334_205_received
f96e_73cf_0000_1607170335_206_received
9334_f96e_0000_1607170337_207_received
d738_9334_0000_1607170337_208_received
2b89_d738_0000_1607170339_209_received
9f87_2b89_0000_1607170340_210_received
f448_2b89_0000_1607170341_210_received
0da3_9f87_0000_1607170345_211_received
c520_f448_0000_1607170345_211_received
deff_0da3_0000_1607170350_212_received
0b62_c520_0000_1607170351_212_received
5910_0b62_0000_1607170352_213_received
52c4_deff_0000_1607170353_213_received
1d73_52c4_0000_1607170354_214_received
415a_1d73_0000_1607170356_215_received
e802_415a_0000_1607170356_216_received
988f_e802_0000_1607170359_217_received
201d_988f_0000_1607170361_218_received
c96d_201d_0000_1607170361_219_received
2ef8_988f_0000_1607170362_218_received
d290_c96d_0000_1607170364_220_received
7da3_d290_0000_1607170365_221_received
1495_7da3_0000_1607170365_222_received
aa76_1495_0000_1607170367_223_received
3776_aa76_0000_1607170367_224_received
9849_3776_0000_1607170368_225_received
2bae_9849_0000_1607170371_226_received
0126_2bae_0000_1607170372_227_received
d521_0126_0000_1607170372_228_received
0d0f_d521_0000_1607170372_229_received
5531_0d0f_0000_1607170373_230_received
5eb2_5531_0000_1607170374_231_received
8a92_5eb2_0000_1607170374_232_received
c222_8a92_0000_1607170376_233_received
c8f7_c222_0000_1607170377_234_received
2f5c_8a92_0000_1607170377_233_received
57dc_c8f7_0000_1607170378_235_received
50fb_57dc_0000_1607170378_236_received
e2f9_c8f7_0000_1607170379_235_received
566a_50fb_0000_1607170382_237_received
2a72_566a_0000_1607170383_238_received
45ff_2a72_0000_1607170385_239_received
8242_45ff_0000_1607170389_240_received
2ec4_8242_0000_1607170389_241_received
fb6a_2ec4_0000_1607170393_242_received
42cb_fb6a_0000_1607170395_243_received
7ade_42cb_0000_1607170395_244_received
7c74_7ade_0000_1607170397_245_received
8ed0_7c74_0000_1607170399_246_received
4f17_8ed0_0000_1607170399_247_received
eb3b_8ed0_0000_1607170400_247_received
0e25_4f17_0000_1607170402_248_received
b150_0e25_0000_1607170406_249_received
f668_b150_0000_1607170408_250_received
89db_f668_0000_1607170409_251_received
4145_89db_0000_1607170410_252_received
de01_4145_0000_1607170411_253_received
8bca_de01_0000_1607170411_254_received
b360_8bca_0000_1607170412_255_received
3ab1_b360_0000_1607170415_256_received
bda6_3ab1_0000_1607170415_257_received
f4ba_3ab1_0000_1607170416_257_received
d8f2_bda6_0000_1607170416_258_received
1c87_d8f2_0000_1607170416_259_received
9bf3_1c87_0000_1607170417_260_received
a426_f4ba_0000_1607170417_258_received
56cb_9bf3_0000_1607170419_261_received
3e53_56cb_0000_1607170423_262_received
2e78_3e53_0000_1607170425_263_received
ab0b_2e78_0000_1607170426_264_received
5d59_ab0b_0000_1607170427_265_received
aa46_5d59_0000_1607170428_266_received
d1b5_aa46_0000_1607170429_267_received
45a6_5d59_0000_1607170430_266_received
9d43_d1b5_0000_1607170431_268_received
9f36_9d43_0000_1607170431_269_received
4263_9f36_0000_1607170441_270_generated
91cb_4263_0000_1607170453_271_generated
3a39_91cb_0000_1607170498_272_generated
1587_3a39_0000_1607170505_273_generated
95e0_1587_0000_1607170507_274_generated
e495_95e0_0000_1607170543_275_generated
2ca0_e495_0000_1607170548_276_generated
0f9d_2ca0_0000_1607170549_277_generated
5b24_0f9d_0000_1607170562_278_generated
aea6_5b24_0000_1607170584_279_generated
a0fa_aea6_0000_1607170591_280_generated
7734_a0fa_0000_1607170602_281_generated
fc98_7734_0000_1607170606_282_generated
5c7e_fc98_0000_1607170642_283_generated
c1e5_5c7e_0000_1607170650_284_generated
28da_c1e5_0000_1607170659_285_generated
04f6_28da_0000_1607170660_286_generated
1038_04f6_0000_1607170663_287_generated
d109_1038_0000_1607170704_288_generated
c5ae_d109_0000_1607170716_289_generated
c147_c5ae_0000_1607170719_290_generated
2746_c147_0000_1607170721_291_generated
8c59_2746_0000_1607170741_292_generated
