c5df_9e1c_0000_1607347927_1_received
5539_c5df_0000_1607347928_2_received
5782_5539_0000_1607347936_3_received
2097_5782_0000_1607347942_4_generated
c02b_2097_0000_1607347942_5_generated
1aa5_2097_0000_1607347943_5_received
d52f_c02b_0000_1607347944_6_generated
6284_d52f_0000_1607347947_7_received
6638_6284_0000_1607347950_8_generated
cbf2_6284_0000_1607347949_8_received
2fbb_6638_0000_1607347950_9_generated
33fc_2fbb_0000_1607347951_10_generated
6aa8_33fc_0000_1607347955_11_received
00aa_6aa8_0000_1607347956_12_generated
3728_00aa_0000_1607347958_13_received
100d_3728_0000_1607347964_14_generated
6a9c_100d_0000_1607347964_15_generated
37d4_6a9c_0000_1607347967_16_generated
6d62_37d4_0000_1607347967_17_generated
2e8a_6d62_0000_1607347969_18_generated
d932_2e8a_0000_1607347970_19_generated
0439_d932_0000_1607347972_20_generated
e381_0439_0000_1607347973_21_received
87b9_e381_0000_1607347974_22_received
44b1_87b9_0000_1607347974_23_received
f12e_44b1_0000_1607347977_24_received
0450_f12e_0000_1607347979_25_received
93e6_0450_0000_1607347980_26_generated
462c_93e6_0000_1607347981_27_generated
3eb6_462c_0000_1607347982_28_generated
6957_3eb6_0000_1607347982_29_generated
e8de_6957_0000_1607347985_30_received
05a6_e8de_0000_1607347989_31_received
7e05_05a6_0000_1607347993_32_generated
edca_7e05_0000_1607347994_33_generated
c022_edca_0000_1607347994_34_received
fb32_c022_0000_1607347995_35_received
10fe_fb32_0000_1607347998_36_generated
9cf6_10fe_0000_1607348002_37_generated
b8e9_9cf6_0000_1607348008_38_received
eefa_b8e9_0000_1607348009_39_received
e747_eefa_0000_1607348011_40_generated
0fb4_e747_0000_1607348011_41_generated
19ae_0fb4_0000_1607348015_42_received
a587_19ae_0000_1607348016_43_generated
ac71_a587_0000_1607348019_44_received
84d5_ac71_0000_1607348022_45_generated
89aa_84d5_0000_1607348024_46_generated
7367_89aa_0000_1607348026_47_generated
21ec_89aa_0000_1607348025_47_received
89d0_7367_0000_1607348027_48_generated
941b_89d0_0000_1607348035_49_received
3ea5_941b_0000_1607348036_50_received
a5af_3ea5_0000_1607348037_51_generated
93a4_a5af_0000_1607348038_52_generated
fcc0_93a4_0000_1607348041_53_generated
8d67_fcc0_0000_1607348042_54_received
301d_8d67_0000_1607348045_55_generated
c9b3_8d67_0000_1607348044_55_received
2330_301d_0000_1607348048_56_generated
9f10_c9b3_0000_1607348048_56_received
a404_9f10_0000_1607348050_57_received
213d_a404_0000_1607348050_58_received
f400_213d_0000_1607348058_59_generated
5968_f400_0000_1607348059_60_generated
394d_213d_0000_1607348059_59_received
23e1_5968_0000_1607348061_61_generated
5ed2_23e1_0000_1607348063_62_received
fefe_5ed2_0000_1607348065_63_received
bd44_fefe_0000_1607348066_64_generated
e71f_bd44_0000_1607348068_65_generated
4f45_e71f_0000_1607348069_66_generated
e2bf_4f45_0000_1607348070_67_generated
ad85_e2bf_0000_1607348071_68_generated
f6e2_ad85_0000_1607348071_69_generated
eb90_f6e2_0000_1607348075_70_received
30c5_eb90_0000_1607348076_71_generated
8362_30c5_0000_1607348077_72_generated
dd46_8362_0000_1607348079_73_received
cb7c_dd46_0000_1607348087_74_received
c9c2_cb7c_0000_1607348091_75_received
cf25_c9c2_0000_1607348094_76_generated
775c_cf25_0000_1607348095_77_received
37c3_775c_0000_1607348098_78_generated
a1e6_37c3_0000_1607348102_79_generated
5610_a1e6_0000_1607348103_80_generated
f8cc_5610_0000_1607348106_81_received
e343_f8cc_0000_1607348108_82_received
b3fc_e343_0000_1607348109_83_generated
e743_b3fc_0000_1607348110_84_generated
9089_e743_0000_1607348111_85_generated
0c43_9089_0000_1607348112_86_generated
a72d_0c43_0000_1607348113_87_generated
68c4_a72d_0000_1607348116_88_received
671c_68c4_0000_1607348122_89_generated
3232_671c_0000_1607348123_90_generated
3b1b_3232_0000_1607348126_91_generated
5a25_3b1b_0000_1607348137_92_received
4f38_5a25_0000_1607348138_93_received
d883_4f38_0000_1607348139_94_generated
26a6_d883_0000_1607348141_95_received
aaaf_26a6_0000_1607348144_96_generated
1083_aaaf_0000_1607348148_97_received
a119_1083_0000_1607348152_98_received
0593_a119_0000_1607348156_99_generated
f44d_0593_0000_1607348159_100_generated
af68_f44d_0000_1607348161_101_received
fed5_af68_0000_1607348165_102_generated
1880_af68_0000_1607348166_102_received
b28a_1880_0000_1607348167_103_received
455e_b28a_0000_1607348170_104_received
19fa_455e_0000_1607348173_105_received
3ff5_19fa_0000_1607348177_106_received
7c92_3ff5_0000_1607348179_107_received
5ce5_7c92_0000_1607348181_108_generated
7c34_5ce5_0000_1607348181_109_generated
b840_7c34_0000_1607348183_110_generated
d258_b840_0000_1607348186_111_received
97b6_d258_0000_1607348187_112_generated
03e5_97b6_0000_1607348188_113_generated
256e_03e5_0000_1607348191_114_generated
d3e5_256e_0000_1607348193_115_received
c3fb_d3e5_0000_1607348196_116_received
b4cd_c3fb_0000_1607348198_117_generated
c2b0_b4cd_0000_1607348198_118_generated
6757_c2b0_0000_1607348207_119_received
882c_6757_0000_1607348208_120_received
c642_882c_0000_1607348209_121_generated
8565_882c_0000_1607348208_121_received
78b1_c642_0000_1607348212_122_generated
b6cb_8565_0000_1607348212_122_received
e9e7_78b1_0000_1607348215_123_generated
aa24_b6cb_0000_1607348214_123_received
4ebd_e9e7_0000_1607348216_124_generated
2702_4ebd_0000_1607348217_125_received
5484_2702_0000_1607348219_126_generated
475b_5484_0000_1607348226_127_generated
7412_475b_0000_1607348229_128_received
dce7_7412_0000_1607348232_129_generated
64f2_dce7_0000_1607348235_130_received
3c74_64f2_0000_1607348239_131_generated
0523_3c74_0000_1607348241_132_generated
4c1a_0523_0000_1607348244_133_generated
9b52_4c1a_0000_1607348246_134_generated
8260_9b52_0000_1607348249_135_generated
c71e_8260_0000_1607348252_136_generated
f44e_8260_0000_1607348251_136_received
e784_c71e_0000_1607348253_137_generated
4cc4_e784_0000_1607348253_138_generated
4685_f44e_0000_1607348254_137_received
ba24_4cc4_0000_1607348256_139_received
32b1_ba24_0000_1607348257_140_generated
ed15_32b1_0000_1607348260_141_received
f069_ed15_0000_1607348266_142_generated
3070_f069_0000_1607348267_143_received
ae38_3070_0000_1607348270_144_received
1f0f_ae38_0000_1607348278_145_generated
a452_1f0f_0000_1607348281_146_generated
f8a2_a452_0000_1607348283_147_received
411a_f8a2_0000_1607348291_148_received
fbef_411a_0000_1607348292_149_generated
e622_fbef_0000_1607348294_150_generated
7a8f_e622_0000_1607348296_151_received
2d72_7a8f_0000_1607348302_152_generated
189e_2d72_0000_1607348304_153_generated
ada1_189e_0000_1607348307_154_received
5247_ada1_0000_1607348308_155_generated
7cb5_5247_0000_1607348310_156_received
97cb_7cb5_0000_1607348312_157_generated
898e_97cb_0000_1607348320_158_generated
9260_898e_0000_1607348324_159_received
b9d3_9260_0000_1607348329_160_generated
46f5_b9d3_0000_1607348341_161_generated
5350_46f5_0000_1607348343_162_generated
2972_5350_0000_1607348345_163_generated
19c9_2972_0000_1607348346_164_generated
15c7_19c9_0000_1607348347_165_received
c010_15c7_0000_1607348349_166_generated
ea5c_c010_0000_1607348350_167_generated
d7cf_ea5c_0000_1607348355_168_generated
a373_ea5c_0000_1607348354_168_received
a6da_d7cf_0000_1607348356_169_generated
7919_a6da_0000_1607348360_170_generated
c1a6_7919_0000_1607348363_171_received
6110_c1a6_0000_1607348367_172_received
a61c_6110_0000_1607348369_173_generated
9081_a61c_0000_1607348371_174_generated
fc00_9081_0000_1607348373_175_generated
7ca2_fc00_0000_1607348375_176_received
1efb_7ca2_0000_1607348375_177_received
96e5_1efb_0000_1607348378_178_generated
bb8e_1efb_0000_1607348379_178_received
f8d2_bb8e_0000_1607348381_179_received
7e0c_f8d2_0000_1607348387_180_generated
0e2b_7e0c_0000_1607348390_181_generated
850a_0e2b_0000_1607348392_182_generated
c616_850a_0000_1607348393_183_generated
2c97_c616_0000_1607348393_184_generated
bb1e_2c97_0000_1607348395_185_generated
26ff_bb1e_0000_1607348407_186_generated
06d3_26ff_0000_1607348410_187_received
a33c_06d3_0000_1607348413_188_generated
9e60_a33c_0000_1607348416_189_generated
4b89_9e60_0000_1607348418_190_generated
5c2d_4b89_0000_1607348419_191_generated
43b9_5c2d_0000_1607348419_192_generated
4b06_4b89_0000_1607348420_191_received
3477_43b9_0000_1607348421_193_received
263a_3477_0000_1607348423_194_received
7616_263a_0000_1607348433_195_generated
00ee_263a_0000_1607348432_195_received
a351_7616_0000_1607348435_196_generated
93a7_00ee_0000_1607348435_196_received
2077_93a7_0000_1607348438_197_received
f89a_2077_0000_1607348440_198_received
012b_f89a_0000_1607348441_199_generated
ffaa_012b_0000_1607348449_200_generated
1f32_ffaa_0000_1607348453_201_generated
7f0f_1f32_0000_1607348461_202_generated
4033_7f0f_0000_1607348463_203_received
8ef3_4033_0000_1607348466_204_received
8851_8ef3_0000_1607348469_205_generated
5b1a_8851_0000_1607348470_206_generated
3507_5b1a_0000_1607348472_207_generated
7dcb_3507_0000_1607348476_208_generated
9f14_7dcb_0000_1607348480_209_generated
d919_9f14_0000_1607348483_210_received
c93d_d919_0000_1607348492_211_received
b9cc_c93d_0000_1607348497_212_generated
4023_b9cc_0000_1607348503_213_received
ad23_4023_0000_1607348505_214_received
5875_ad23_0000_1607348509_215_received
2fdd_5875_0000_1607348510_216_generated
2627_2fdd_0000_1607348513_217_generated
160f_2627_0000_1607348515_218_generated
3b14_160f_0000_1607348518_219_generated
5635_3b14_0000_1607348520_220_generated
33c4_5635_0000_1607348520_221_generated
a9ec_33c4_0000_1607348527_222_generated
