32a7_9e1c_0000_1607368669_1_received
a8d3_32a7_0000_1607368671_2_generated
9d6c_a8d3_0000_1607368672_3_generated
2dbf_9d6c_0000_1607368673_4_generated
54f6_2dbf_0000_1607368673_5_generated
45f1_32a7_0000_1607368672_2_received
7677_a8d3_0000_1607368673_3_received
8fda_54f6_0000_1607368674_6_received
c377_7677_0000_1607368674_4_received
e52b_8fda_0000_1607368676_7_generated
4512_e52b_0000_1607368678_8_generated
bcc8_e52b_0000_1607368677_8_received
e352_bcc8_0000_1607368680_9_received
6311_e352_0000_1607368681_10_generated
d80f_6311_0000_1607368681_11_generated
8cb0_bcc8_0000_1607368681_9_received
7307_d80f_0000_1607368682_12_received
ff25_8cb0_0000_1607368682_10_received
6aef_7307_0000_1607368686_13_received
20f4_7307_0000_1607368685_13_received
7ab9_20f4_0000_1607368686_14_received
ea5b_7ab9_0000_1607368688_15_received
c499_ea5b_0000_1607368689_16_received
cdff_c499_0000_1607368692_17_generated
4532_c499_0000_1607368691_17_received
f482_4532_0000_1607368692_18_received
f9cd_f482_0000_1607368696_19_generated
d6bc_f9cd_0000_1607368698_20_received
96c4_d6bc_0000_1607368700_21_received
9473_96c4_0000_1607368701_22_received
7998_9473_0000_1607368702_23_received
6210_7998_0000_1607368703_24_received
a982_6210_0000_1607368705_25_generated
4016_a982_0000_1607368705_26_generated
67b8_4016_0000_1607368706_27_generated
8ca7_a982_0000_1607368706_26_received
55d3_67b8_0000_1607368707_28_received
2118_55d3_0000_1607368710_29_received
cf2b_2118_0000_1607368711_30_generated
7d11_2118_0000_1607368712_30_received
21b0_cf2b_0000_1607368716_31_generated
5b6c_cf2b_0000_1607368715_31_received
6c4b_21b0_0000_1607368718_32_generated
fe95_5b6c_0000_1607368718_32_received
1f20_fe95_0000_1607368719_33_received
ef6c_1f20_0000_1607368720_34_received
ee75_1f20_0000_1607368721_34_received
e082_ef6c_0000_1607368721_35_received
d34c_e082_0000_1607368722_36_received
956b_d34c_0000_1607368724_37_generated
2769_956b_0000_1607368725_38_received
2bc7_956b_0000_1607368726_38_received
f085_2bc7_0000_1607368727_39_received
50dc_f085_0000_1607368728_40_received
25f4_50dc_0000_1607368729_41_generated
2e58_25f4_0000_1607368730_42_received
345c_2e58_0000_1607368732_43_received
3928_345c_0000_1607368733_44_received
1a22_3928_0000_1607368736_45_received
df50_1a22_0000_1607368739_46_received
e76e_df50_0000_1607368741_47_generated
a558_1a22_0000_1607368740_46_received
fffb_e76e_0000_1607368743_48_received
a476_fffb_0000_1607368745_49_received
b208_a476_0000_1607368746_50_received
d2bd_b208_0000_1607368748_51_received
1504_d2bd_0000_1607368750_52_generated
0bba_1504_0000_1607368750_53_generated
f812_0bba_0000_1607368751_54_generated
e085_f812_0000_1607368753_55_received
caf1_e085_0000_1607368753_56_received
8221_caf1_0000_1607368755_57_generated
507c_8221_0000_1607368756_58_generated
7503_507c_0000_1607368761_59_generated
2a9c_7503_0000_1607368763_60_received
717e_2a9c_0000_1607368764_61_generated
ea9b_717e_0000_1607368766_62_received
880f_ea9b_0000_1607368768_63_generated
12da_880f_0000_1607368769_64_generated
800b_12da_0000_1607368769_65_generated
9e93_800b_0000_1607368770_66_received
4ee7_9e93_0000_1607368771_67_received
a94e_4ee7_0000_1607368777_68_generated
78fd_4ee7_0000_1607368776_68_received
d32a_78fd_0000_1607368776_69_received
b14a_d32a_0000_1607368779_70_received
216d_b14a_0000_1607368784_71_generated
aad3_b14a_0000_1607368785_71_received
85fb_216d_0000_1607368786_72_received
8cf8_85fb_0000_1607368786_73_received
e1dc_8cf8_0000_1607368788_74_received
f6c0_e1dc_0000_1607368789_75_received
7108_f6c0_0000_1607368790_76_received
e047_7108_0000_1607368792_77_generated
941e_e047_0000_1607368792_78_generated
58ce_941e_0000_1607368793_79_received
fa93_941e_0000_1607368794_79_received
3450_58ce_0000_1607368795_80_received
77df_3450_0000_1607368796_81_generated
e7f3_fa93_0000_1607368796_80_received
deb9_58ce_0000_1607368796_80_received
9016_77df_0000_1607368798_82_generated
bbbe_9016_0000_1607368798_83_generated
d559_77df_0000_1607368799_82_received
f6c7_bbbe_0000_1607368801_84_received
7ac8_f6c7_0000_1607368802_85_received
af51_7ac8_0000_1607368802_86_generated
e35c_af51_0000_1607368805_87_generated
b72a_e35c_0000_1607368810_88_generated
be08_e35c_0000_1607368811_88_received
d7cf_b72a_0000_1607368811_89_received
c755_d7cf_0000_1607368812_90_generated
ab66_c755_0000_1607368814_91_generated
1a10_ab66_0000_1607368815_92_received
0a47_1a10_0000_1607368816_93_received
23d0_0a47_0000_1607368817_94_generated
53bb_1a10_0000_1607368817_93_received
c574_53bb_0000_1607368817_94_received
e033_23d0_0000_1607368820_95_generated
6b04_23d0_0000_1607368819_95_received
3f4a_e033_0000_1607368823_96_generated
c3ed_6b04_0000_1607368822_96_received
211a_c3ed_0000_1607368823_97_received
de10_c3ed_0000_1607368824_97_received
2486_211a_0000_1607368826_98_generated
15dc_2486_0000_1607368827_99_received
c458_15dc_0000_1607368828_100_generated
4be8_c458_0000_1607368828_101_generated
e774_4be8_0000_1607368829_102_received
c48f_e774_0000_1607368832_103_received
eb73_c48f_0000_1607368833_104_received
48d8_eb73_0000_1607368834_105_generated
90d9_48d8_0000_1607368835_106_generated
e6db_90d9_0000_1607368836_107_generated
4128_e6db_0000_1607368839_108_generated
3f7e_e6db_0000_1607368838_108_received
3292_4128_0000_1607368840_109_generated
4ee1_3f7e_0000_1607368839_109_received
0a20_3292_0000_1607368842_110_generated
a084_4ee1_0000_1607368841_110_received
eb3c_a084_0000_1607368843_111_received
d507_eb3c_0000_1607368850_112_generated
2ad0_d507_0000_1607368853_113_received
c595_d507_0000_1607368854_113_received
3e1d_2ad0_0000_1607368856_114_generated
7471_3e1d_0000_1607368856_115_received
e0c5_7471_0000_1607368858_116_received
09c4_e0c5_0000_1607368859_117_generated
f304_09c4_0000_1607368860_118_generated
1310_e0c5_0000_1607368860_117_received
f25d_f304_0000_1607368862_119_received
d605_f25d_0000_1607368865_120_received
b2c9_d605_0000_1607368867_121_generated
3348_f25d_0000_1607368866_120_received
b9ba_d605_0000_1607368868_121_received
80f4_b2c9_0000_1607368871_122_received
c7c2_80f4_0000_1607368872_123_generated
cee8_b9ba_0000_1607368871_122_received
bd9c_cee8_0000_1607368873_123_received
f9e8_c7c2_0000_1607368876_124_generated
d5ef_80f4_0000_1607368874_123_received
e6f7_f9e8_0000_1607368878_125_generated
3dfe_d5ef_0000_1607368877_124_received
5fc5_e6f7_0000_1607368882_126_generated
5af7_5fc5_0000_1607368883_127_generated
5612_5af7_0000_1607368886_128_generated
632a_5af7_0000_1607368885_128_received
3ea1_632a_0000_1607368888_129_received
8fc9_3ea1_0000_1607368891_130_generated
26c6_8fc9_0000_1607368892_131_received
13a1_26c6_0000_1607368893_132_generated
93e5_3ea1_0000_1607368892_130_received
c065_93e5_0000_1607368893_131_received
78ec_13a1_0000_1607368895_133_received
c55c_78ec_0000_1607368898_134_received
69e6_c55c_0000_1607368900_135_generated
fd49_69e6_0000_1607368901_136_generated
c810_fd49_0000_1607368902_137_generated
24ec_69e6_0000_1607368902_136_received
c891_c810_0000_1607368904_138_generated
d4f2_c891_0000_1607368906_139_generated
c730_d4f2_0000_1607368906_140_generated
0909_24ec_0000_1607368904_137_received
f5d3_c810_0000_1607368905_138_received
d992_c730_0000_1607368909_141_generated
67df_d4f2_0000_1607368909_140_received
97c0_d992_0000_1607368910_142_generated
8985_c810_0000_1607368906_138_received
3ceb_97c0_0000_1607368913_143_received
e000_67df_0000_1607368911_141_received
38c6_3ceb_0000_1607368915_144_generated
0d39_e000_0000_1607368913_142_received
b0eb_97c0_0000_1607368915_143_received
5317_d992_0000_1607368914_142_received
9e56_3ceb_0000_1607368916_144_received
1122_38c6_0000_1607368921_145_received
e2f0_1122_0000_1607368923_146_generated
9184_e2f0_0000_1607368923_147_generated
34e8_e2f0_0000_1607368924_147_received
51e5_1122_0000_1607368924_146_received
58b7_e2f0_0000_1607368925_147_received
ebd0_9184_0000_1607368930_148_generated
8cfa_e2f0_0000_1607368926_147_received
1d96_9184_0000_1607368928_148_received
9099_ebd0_0000_1607368933_149_generated
71a3_9184_0000_1607368931_148_received
653e_1d96_0000_1607368935_149_received
a2ca_9099_0000_1607368936_150_received
ca9f_a2ca_0000_1607368939_151_generated
9e0b_1d96_0000_1607368936_149_received
c332_a2ca_0000_1607368940_151_received
170b_ca9f_0000_1607368944_152_generated
5892_170b_0000_1607368946_153_generated
51d1_5892_0000_1607368946_154_generated
bc23_ca9f_0000_1607368945_152_received
f010_51d1_0000_1607368947_155_generated
d2f7_f010_0000_1607368949_156_generated
8dad_d2f7_0000_1607368950_157_generated
446b_51d1_0000_1607368949_155_received
7f14_f010_0000_1607368950_156_received
256c_8dad_0000_1607368953_158_received
d4c0_d2f7_0000_1607368952_157_received
6998_5892_0000_1607368951_154_received
18bf_256c_0000_1607368959_159_received
bb13_8dad_0000_1607368958_158_received
b696_18bf_0000_1607368961_160_received
0114_8dad_0000_1607368955_158_received
c6bb_b696_0000_1607368964_161_generated
1f04_0114_0000_1607368959_159_received
726d_c6bb_0000_1607368965_162_generated
5e33_726d_0000_1607368967_163_generated
8bb4_18bf_0000_1607368964_160_received
95ca_c6bb_0000_1607368967_162_received
e420_726d_0000_1607368969_163_received
2b71_8bb4_0000_1607368969_161_received
46b2_5e33_0000_1607368976_164_generated
46ee_5e33_0000_1607368973_164_received
2356_46ee_0000_1607368975_165_received
357c_5e33_0000_1607368975_164_received
3939_46ee_0000_1607368976_165_received
4d98_2356_0000_1607368980_166_generated
455e_2356_0000_1607368977_166_received
8e90_4d98_0000_1607368982_167_generated
a682_357c_0000_1607368978_165_received
a3c1_455e_0000_1607368981_167_received
8d15_455e_0000_1607368982_167_received
be39_8e90_0000_1607368985_168_received
daa5_be39_0000_1607368989_169_generated
8528_be39_0000_1607368988_169_received
dca4_a3c1_0000_1607368984_168_received
3bf9_daa5_0000_1607368992_170_generated
5ac0_dca4_0000_1607368989_169_received
9028_8528_0000_1607368992_170_received
b062_3bf9_0000_1607368996_171_generated
f2fd_8528_0000_1607368994_170_received
51ec_b062_0000_1607368999_172_generated
6aae_daa5_0000_1607368995_170_received
2834_9028_0000_1607368997_171_received
14ff_b062_0000_1607369000_172_received
9c0b_8528_0000_1607368997_170_received
05d5_3bf9_0000_1607368999_171_received
ead7_51ec_0000_1607369002_173_received
3981_ead7_0000_1607369005_174_received
f838_2834_0000_1607369002_172_received
3eb4_ead7_0000_1607369007_174_received
521e_3981_0000_1607369011_175_generated
3192_521e_0000_1607369012_176_generated
5029_2834_0000_1607369006_172_received
afd6_3192_0000_1607369017_177_generated
d5ce_afd6_0000_1607369018_178_generated
b891_3981_0000_1607369012_175_received
76a7_3192_0000_1607369016_177_received
ef86_3981_0000_1607369013_175_received
238f_3192_0000_1607369018_177_received
e505_d5ce_0000_1607369024_179_generated
6324_3eb4_0000_1607369014_175_received
7ff0_521e_0000_1607369015_176_received
ca39_e505_0000_1607369028_180_generated
930b_238f_0000_1607369021_178_received
99a5_930b_0000_1607369026_179_received
a924_76a7_0000_1607369023_178_received
174b_ca39_0000_1607369031_181_generated
a86b_76a7_0000_1607369024_178_received
6eb6_a86b_0000_1607369028_179_received
e358_174b_0000_1607369035_182_generated
55e0_3192_0000_1607369020_177_received
eb66_99a5_0000_1607369035_180_received
5b9b_e358_0000_1607369038_183_generated
4992_6eb6_0000_1607369032_180_received
8a88_99a5_0000_1607369032_180_received
ab5f_5b9b_0000_1607369042_184_generated
8dd9_eb66_0000_1607369040_181_received
8ef7_a924_0000_1607369035_179_received
0444_eb66_0000_1607369038_181_received
2083_0444_0000_1607369040_182_received
2f25_ab5f_0000_1607369052_185_received
3480_2f25_0000_1607369056_186_generated
bcee_8dd9_0000_1607369047_182_received
9255_ab5f_0000_1607369053_185_received
b91b_3480_0000_1607369061_187_generated
e2fa_2f25_0000_1607369057_186_received
e45d_b91b_0000_1607369064_188_generated
3f94_8ef7_0000_1607369040_180_received
5d4f_3f94_0000_1607369047_181_received
e276_9255_0000_1607369060_186_received
dcf6_ab5f_0000_1607369057_185_received
3e09_e2fa_0000_1607369062_187_received
8b05_e45d_0000_1607369072_189_generated
cabc_2f25_0000_1607369065_186_received
31f7_3e09_0000_1607369070_188_received
f6dc_e2fa_0000_1607369066_187_received
a776_8b05_0000_1607369077_190_generated
bf64_f6dc_0000_1607369069_188_received
8022_e358_0000_1607369055_183_received
9fb0_a776_0000_1607369081_191_generated
1d37_9255_0000_1607369064_186_received
ec60_31f7_0000_1607369075_189_received
2081_3e09_0000_1607369072_188_received
ecf8_9fb0_0000_1607369086_192_generated
b660_ec60_0000_1607369087_190_received
4a8c_ecf8_0000_1607369092_193_generated
bb99_4a8c_0000_1607369097_194_generated
085e_bb99_0000_1607369099_195_generated
c53d_085e_0000_1607369100_196_generated
2e4f_c53d_0000_1607369102_197_generated
bc66_ecf8_0000_1607369098_193_received
099a_2e4f_0000_1607369104_198_generated
9d7c_099a_0000_1607369106_199_generated
9a88_ecf8_0000_1607369099_193_received
10c4_9d7c_0000_1607369109_200_generated
7d65_3e09_0000_1607369074_188_received
4e8a_10c4_0000_1607369113_201_generated
4c23_4e8a_0000_1607369115_202_generated
ee45_cabc_0000_1607369073_187_received
7b4e_4c23_0000_1607369119_203_generated
06ca_7b4e_0000_1607369120_204_generated
1da0_06ca_0000_1607369123_205_generated
c9f9_1da0_0000_1607369125_206_generated
92f7_c9f9_0000_1607369127_207_generated
7ade_bf64_0000_1607369079_189_received
ffe6_2f25_0000_1607369060_186_received
10ef_ffe6_0000_1607369068_187_received
7e19_92f7_0000_1607369139_208_generated
e562_bf64_0000_1607369077_189_received
f68d_e562_0000_1607369079_190_received
e8b1_f68d_0000_1607369085_191_received
47ca_e8b1_0000_1607369093_192_received
f61c_f68d_0000_1607369093_191_received
3226_e8b1_0000_1607369091_192_received
4d05_3226_0000_1607369093_193_received
4969_7d65_0000_1607369082_189_received
1531_4d05_0000_1607369101_194_received
4f15_1531_0000_1607369108_195_received
02bc_4d05_0000_1607369112_194_received
11a4_4f15_0000_1607369115_196_received
7e28_7e19_0000_1607369159_209_generated
fa73_92f7_0000_1607369144_208_received
c4ed_2081_0000_1607369080_189_received
6b55_c4ed_0000_1607369088_190_received
ced5_06ca_0000_1607369140_205_received
8ddd_92f7_0000_1607369148_208_received
83d0_8ddd_0000_1607369157_209_received
5c29_f68d_0000_1607369087_191_received
46fe_bb99_0000_1607369110_195_received
2d0b_2e4f_0000_1607369120_198_received
5af4_fa73_0000_1607369149_209_received
b2a3_5af4_0000_1607369153_210_received
2a35_b2a3_0000_1607369155_211_received
8eed_2a35_0000_1607369156_212_received
fdc0_8eed_0000_1607369181_213_generated
2404_2e4f_0000_1607369129_198_received
7fb1_92f7_0000_1607369153_208_received
698a_7fb1_0000_1607369162_209_received
8a64_fa73_0000_1607369148_209_received
4307_8a64_0000_1607369155_210_received
0195_8eed_0000_1607369166_213_received
d9da_0195_0000_1607369178_214_received
329b_d9da_0000_1607369195_215_generated
4db9_8eed_0000_1607369182_213_received
8fce_4db9_0000_1607369185_214_received
94e0_8fce_0000_1607369191_215_received
16c5_0195_0000_1607369179_214_received
03ce_16c5_0000_1607369181_215_received
0ee9_d9da_0000_1607369189_215_received
78cc_94e0_0000_1607369195_216_received
1bfb_03ce_0000_1607369196_216_received
4a65_78cc_0000_1607369208_217_generated
82bb_bb99_0000_1607369118_195_received
553d_0ee9_0000_1607369198_216_received
983b_3e09_0000_1607369078_188_received
bce6_983b_0000_1607369086_189_received
b10c_bce6_0000_1607369096_190_received
1cb7_4a8c_0000_1607369109_194_received
9fa1_2e4f_0000_1607369130_198_received
9a6c_92f7_0000_1607369160_208_received
211b_9a6c_0000_1607369167_209_received
9f04_4a65_0000_1607369228_218_generated
2304_4c23_0000_1607369139_203_received
7dd5_fa73_0000_1607369166_209_received
bc79_8eed_0000_1607369180_213_received
4aef_03ce_0000_1607369198_216_received
c3b9_78cc_0000_1607369212_217_received
5e4c_78cc_0000_1607369211_217_received
6780_c3b9_0000_1607369216_218_received
3a0d_1bfb_0000_1607369202_217_received
4170_0195_0000_1607369181_214_received
b999_4170_0000_1607369194_215_received
4add_9f04_0000_1607369247_219_generated
62ce_4aef_0000_1607369219_217_received
34c4_6780_0000_1607369236_219_received
29ed_34c4_0000_1607369239_220_received
ab72_29ed_0000_1607369253_221_generated
2b1e_ab72_0000_1607369255_222_generated
f3a0_2b1e_0000_1607369256_223_generated
14eb_f3a0_0000_1607369258_224_generated
de95_14eb_0000_1607369263_225_generated
77f4_de95_0000_1607369273_226_generated
fa64_77f4_0000_1607369277_227_generated
8e54_fa64_0000_1607369279_228_generated
28bc_8e54_0000_1607369280_229_generated
8e8b_28bc_0000_1607369282_230_generated
683e_ab72_0000_1607369262_222_received
c59e_8e8b_0000_1607369287_231_generated
1c38_c59e_0000_1607369288_232_generated
7eb1_1c38_0000_1607369290_233_generated
b6fa_14eb_0000_1607369278_225_received
0227_6780_0000_1607369246_219_received
5841_fa64_0000_1607369288_228_received
03a8_7eb1_0000_1607369299_234_generated
d2f6_03a8_0000_1607369303_235_generated
d171_d2f6_0000_1607369311_236_generated
539b_11a4_0000_1607369150_197_received
6e52_d171_0000_1607369315_237_generated
78f0_d2f6_0000_1607369316_236_received
864e_6e52_0000_1607369321_238_generated
c4de_864e_0000_1607369326_239_generated
21e1_c4de_0000_1607369330_240_generated
c67a_fa73_0000_1607369173_209_received
8075_21e1_0000_1607369339_241_generated
46e5_553d_0000_1607369213_217_received
f843_46e5_0000_1607369224_218_received
b428_11a4_0000_1607369151_197_received
4379_8a64_0000_1607369181_210_received
3579_1bfb_0000_1607369215_217_received
b90b_f843_0000_1607369243_219_received
4dc8_3579_0000_1607369225_218_received
9b0f_0195_0000_1607369195_214_received
610e_9b0f_0000_1607369204_215_received
6ca0_78cc_0000_1607369219_217_received
1c65_6780_0000_1607369230_219_received
48e1_1c65_0000_1607369237_220_received
3198_29ed_0000_1607369267_221_received
68ec_48e1_0000_1607369249_221_received
141e_68ec_0000_1607369256_222_received
267a_8075_0000_1607369370_242_generated
0403_29ed_0000_1607369252_221_received
284b_0403_0000_1607369268_222_received
0868_141e_0000_1607369259_223_received
2532_0868_0000_1607369262_224_received
9ccf_2532_0000_1607369279_225_received
cede_48e1_0000_1607369264_221_received
9cf1_2532_0000_1607369282_225_received
4882_9cf1_0000_1607369283_226_received
32b6_4882_0000_1607369285_227_received
43a5_8e54_0000_1607369302_229_received
9682_03a8_0000_1607369325_235_received
ac7f_21e1_0000_1607369355_241_received
12f5_7eb1_0000_1607369314_234_received
7f73_d2f6_0000_1607369326_236_received
989d_21e1_0000_1607369343_241_received
0ad1_989d_0000_1607369348_242_received
fbf7_267a_0000_1607369400_243_generated
b904_0ad1_0000_1607369369_243_received
8888_b904_0000_1607369375_244_received
42b0_5e4c_0000_1607369224_218_received
cef9_8888_0000_1607369386_245_received
dcca_cef9_0000_1607369393_246_received
7e0b_cef9_0000_1607369392_246_received
db44_dcca_0000_1607369413_247_generated
0216_8075_0000_1607369371_242_received
ee34_7e0b_0000_1607369407_247_received
f45d_ee34_0000_1607369409_248_received
22a1_dcca_0000_1607369407_247_received
7333_f45d_0000_1607369423_249_generated
c1b0_f45d_0000_1607369416_249_received
8ee2_c1b0_0000_1607369419_250_received
c8bc_34c4_0000_1607369262_220_received
6532_fa64_0000_1607369309_228_received
0632_8ee2_0000_1607369427_251_received
0a63_c1b0_0000_1607369420_250_received
89f4_d2f6_0000_1607369339_236_received
1b24_21e1_0000_1607369363_241_received
fced_1b24_0000_1607369373_242_received
01cd_b904_0000_1607369394_244_received
14ab_7e0b_0000_1607369406_247_received
8480_14ab_0000_1607369411_248_received
59d0_8480_0000_1607369415_249_received
4968_0632_0000_1607369448_252_generated
8b15_0632_0000_1607369436_252_received
e08c_4968_0000_1607369452_253_generated
8fdd_8b15_0000_1607369450_253_received
43d2_e08c_0000_1607369463_254_generated
9faa_43d2_0000_1607369465_255_generated
27d1_9faa_0000_1607369467_256_generated
0477_27d1_0000_1607369468_257_generated
db17_0477_0000_1607369470_258_generated
cdcb_db17_0000_1607369477_259_generated
051e_cdcb_0000_1607369482_260_generated
03b9_051e_0000_1607369484_261_generated
7148_03b9_0000_1607369486_262_generated
ec58_7148_0000_1607369488_263_generated
1403_ec58_0000_1607369490_264_generated
2370_1403_0000_1607369493_265_generated
0c45_db17_0000_1607369484_259_received
9ee0_2370_0000_1607369497_266_generated
194d_8fdd_0000_1607369478_254_received
897d_9ee0_0000_1607369501_267_generated
b565_897d_0000_1607369502_268_generated
a9e6_b565_0000_1607369504_269_generated
6437_a9e6_0000_1607369507_270_generated
a344_1403_0000_1607369499_265_received
ed33_9ee0_0000_1607369505_267_received
089e_6437_0000_1607369514_271_generated
f876_089e_0000_1607369517_272_generated
c6d9_f876_0000_1607369519_273_generated
bdcd_c6d9_0000_1607369521_274_generated
b0b8_6437_0000_1607369519_271_received
df0b_b565_0000_1607369512_269_received
cce3_bdcd_0000_1607369533_275_generated
0f14_6437_0000_1607369520_271_received
7b2c_bdcd_0000_1607369531_275_received
72c9_cce3_0000_1607369538_276_generated
9849_7b2c_0000_1607369536_276_received
2107_72c9_0000_1607369541_277_generated
cb66_2107_0000_1607369544_278_generated
ccba_cb66_0000_1607369548_279_generated
4861_ccba_0000_1607369553_280_generated
7ea9_4861_0000_1607369555_281_generated
6d87_ccba_0000_1607369552_280_received
ba99_4861_0000_1607369557_281_received
40af_7ea9_0000_1607369565_282_generated
1773_40af_0000_1607369566_283_generated
e814_1773_0000_1607369568_284_generated
480a_e814_0000_1607369573_285_generated
8146_480a_0000_1607369579_286_generated
cd9f_8146_0000_1607369581_287_generated
8229_40af_0000_1607369572_283_received
d2f4_e814_0000_1607369578_285_received
3297_cd9f_0000_1607369588_288_generated
3f7c_3297_0000_1607369593_289_generated
8b3e_3f7c_0000_1607369597_290_generated
0983_8b3e_0000_1607369599_291_generated
9b02_3f7c_0000_1607369600_290_received
9df1_0983_0000_1607369608_292_generated
a9c5_9df1_0000_1607369610_293_generated
f1e0_a9c5_0000_1607369612_294_generated
01c1_f1e0_0000_1607369615_295_generated
fb43_01c1_0000_1607369618_296_generated
a5f0_f1e0_0000_1607369620_295_received
1e72_fb43_0000_1607369626_297_received
ee25_fb43_0000_1607369628_297_received
d788_1e72_0000_1607369634_298_generated
3f98_d788_0000_1607369637_299_generated
06a4_3f98_0000_1607369643_300_generated
4926_d788_0000_1607369641_299_received
5422_06a4_0000_1607369648_301_generated
5039_06a4_0000_1607369646_301_received
dee1_4926_0000_1607369650_300_received
12aa_5422_0000_1607369654_302_generated
68dc_12aa_0000_1607369658_303_generated
fb1a_68dc_0000_1607369660_304_generated
4849_fb1a_0000_1607369662_305_generated
ab6c_4849_0000_1607369665_306_generated
36f3_ab6c_0000_1607369667_307_generated
5ade_12aa_0000_1607369663_303_received
6576_36f3_0000_1607369672_308_generated
37c6_6576_0000_1607369674_309_generated
3940_37c6_0000_1607369677_310_generated
32d5_3940_0000_1607369679_311_generated
1e39_32d5_0000_1607369682_312_generated
4077_1e39_0000_1607369684_313_generated
f35b_4077_0000_1607369687_314_generated
8d9e_f35b_0000_1607369690_315_generated
4979_8d9e_0000_1607369692_316_generated
0826_4849_0000_1607369675_306_received
b2ba_36f3_0000_1607369681_308_received
3f13_4979_0000_1607369698_317_generated
8a7a_3f13_0000_1607369701_318_generated
f0a4_8a7a_0000_1607369704_319_generated
1ed9_f0a4_0000_1607369713_320_generated
8d16_1ed9_0000_1607369718_321_generated
49b3_8d16_0000_1607369721_322_generated
45fd_1ed9_0000_1607369719_321_received
3ff3_49b3_0000_1607369726_323_generated
5c2e_4979_0000_1607369709_317_received
65e3_f0a4_0000_1607369720_320_received
9206_45fd_0000_1607369728_322_received
5255_8d16_0000_1607369728_322_received
a3eb_3ff3_0000_1607369736_324_generated
69c9_a3eb_0000_1607369741_325_generated
9723_69c9_0000_1607369744_326_generated
bee5_9723_0000_1607369746_327_generated
2934_bee5_0000_1607369749_328_generated
57d1_2934_0000_1607369751_329_generated
3a66_5255_0000_1607369733_323_received
e50d_57d1_0000_1607369756_330_generated
4fdf_3ff3_0000_1607369740_324_received
3ae7_e50d_0000_1607369761_331_generated
4a05_3a66_0000_1607369742_324_received
abf4_69c9_0000_1607369752_326_received
0b58_3ae7_0000_1607369768_332_generated
ff6c_0b58_0000_1607369771_333_generated
4287_57d1_0000_1607369767_330_received
1d9e_4287_0000_1607369769_331_received
eb0a_ff6c_0000_1607369779_334_generated
a55b_eb0a_0000_1607369783_335_generated
1a7a_a55b_0000_1607369785_336_generated
7d99_1a7a_0000_1607369788_337_generated
d138_7d99_0000_1607369790_338_generated
0cb3_d138_0000_1607369792_339_generated
7900_0cb3_0000_1607369796_340_generated
71fa_7900_0000_1607369799_341_generated
f560_71fa_0000_1607369801_342_generated
ab1e_f560_0000_1607369804_343_generated
8180_ab1e_0000_1607369806_344_generated
7134_8180_0000_1607369815_345_generated
d4dc_7134_0000_1607369817_346_generated
46b4_d4dc_0000_1607369822_347_generated
0058_46b4_0000_1607369827_348_generated
d9d9_0058_0000_1607369828_349_generated
ab73_7d99_0000_1607369806_338_received
1df2_f560_0000_1607369819_343_received
4407_d4dc_0000_1607369826_347_received
c902_d9d9_0000_1607369837_350_generated
ac87_c902_0000_1607369843_351_generated
864c_0058_0000_1607369838_349_received
1714_ac87_0000_1607369847_352_generated
180e_c902_0000_1607369845_351_received
9881_1714_0000_1607369856_353_generated
8a8d_1714_0000_1607369854_353_received
5f5a_9881_0000_1607369860_354_generated
b454_5f5a_0000_1607369867_355_generated
