265f_9e1c_0000_1607349268_1_received
8330_265f_0000_1607349271_2_received
956f_8330_0000_1607349274_3_received
2b58_956f_0000_1607349279_4_received
83a6_2b58_0000_1607349285_5_received
3b6b_83a6_0000_1607349300_6_received
9985_3b6b_0000_1607349305_7_received
491b_9985_0000_1607349330_8_received
2e9d_491b_0000_1607349336_9_received
5898_2e9d_0000_1607349342_10_received
9956_5898_0000_1607349345_11_received
499a_9956_0000_1607349347_12_received
4936_499a_0000_1607349351_13_received
f87b_4936_0000_1607349351_14_received
b483_f87b_0000_1607349351_15_received
234e_b483_0000_1607349352_16_received
3015_234e_0000_1607349355_17_received
1488_3015_0000_1607349356_18_received
a17e_1488_0000_1607349368_19_received
80f4_a17e_0000_1607349372_20_received
2990_80f4_0000_1607349373_21_received
29a1_2990_0000_1607349376_22_received
ac2b_29a1_0000_1607349381_23_received
f554_ac2b_0000_1607349385_24_received
d432_f554_0000_1607349394_25_received
4ad2_d432_0000_1607349415_26_received
26b3_4ad2_0000_1607349417_27_received
e839_26b3_0000_1607349421_28_received
4988_e839_0000_1607349432_29_received
ed17_4988_0000_1607349446_30_received
4d51_ed17_0000_1607349447_31_received
d53b_4d51_0000_1607349450_32_received
850f_d53b_0000_1607349453_33_received
3447_850f_0000_1607349457_34_received
5bc8_3447_0000_1607349462_35_received
d9fa_5bc8_0000_1607349463_36_received
2d2b_d9fa_0000_1607349472_37_received
eb97_2d2b_0000_1607349474_38_received
150c_eb97_0000_1607349478_39_received
ebbc_150c_0000_1607349484_40_received
4003_ebbc_0000_1607349484_41_received
c37e_4003_0000_1607349487_42_received
7867_c37e_0000_1607349489_43_received
161a_7867_0000_1607349498_44_received
999d_161a_0000_1607349504_45_received
b0b6_999d_0000_1607349506_46_received
4c4b_b0b6_0000_1607349509_47_received
99bc_4c4b_0000_1607349519_48_received
1c6e_99bc_0000_1607349519_49_received
f35c_1c6e_0000_1607349535_50_received
18c4_f35c_0000_1607349537_51_received
42be_18c4_0000_1607349557_52_received
9e32_42be_0000_1607349562_53_received
02c5_9e32_0000_1607349566_54_received
3a42_02c5_0000_1607349570_55_received
da78_3a42_0000_1607349577_56_received
41c9_da78_0000_1607349579_57_received
0e8f_41c9_0000_1607349590_58_received
a3cb_0e8f_0000_1607349592_59_received
7018_a3cb_0000_1607349594_60_received
f04c_7018_0000_1607349600_61_received
a482_f04c_0000_1607349604_62_received
1810_a482_0000_1607349611_63_received
ccbf_1810_0000_1607349618_64_received
d9d4_ccbf_0000_1607349623_65_received
25b4_d9d4_0000_1607349636_66_received
2467_25b4_0000_1607349648_67_received
96ff_2467_0000_1607349653_68_received
6b68_96ff_0000_1607349655_69_received
06ca_6b68_0000_1607349662_70_received
9de0_06ca_0000_1607349672_71_received
26a9_9de0_0000_1607349678_72_received
96df_26a9_0000_1607349680_73_received
6867_96df_0000_1607349684_74_received
4113_6867_0000_1607349693_75_received
e9ac_6867_0000_1607349694_75_received
9582_e9ac_0000_1607349694_76_received
bace_9582_0000_1607349699_77_received
43bf_bace_0000_1607349700_78_received
0f06_43bf_0000_1607349707_79_received
9e8e_0f06_0000_1607349714_80_received
0643_9e8e_0000_1607349725_81_received
c2ad_0643_0000_1607349729_82_received
708b_c2ad_0000_1607349738_83_received
8c57_708b_0000_1607349746_84_received
479f_8c57_0000_1607349753_85_received
95b6_479f_0000_1607349768_86_received
0a81_95b6_0000_1607349790_87_received
dbcd_0a81_0000_1607349794_88_received
9ecb_dbcd_0000_1607349798_89_received
3a60_dbcd_0000_1607349799_89_received
397e_9ecb_0000_1607349803_90_received
a46e_397e_0000_1607349810_91_received
