265f_9e1c_0000_1607349268_1_generated
8330_265f_0000_1607349271_2_generated
956f_8330_0000_1607349274_3_generated
2b58_956f_0000_1607349279_4_received
83a6_2b58_0000_1607349285_5_generated
3b6b_83a6_0000_1607349300_6_received
9985_3b6b_0000_1607349305_7_received
491b_9985_0000_1607349330_8_generated
2e9d_491b_0000_1607349336_9_generated
5898_2e9d_0000_1607349342_10_generated
9956_5898_0000_1607349345_11_generated
499a_9956_0000_1607349347_12_generated
4936_499a_0000_1607349351_13_generated
f87b_4936_0000_1607349351_14_generated
b483_f87b_0000_1607349351_15_generated
234e_b483_0000_1607349352_16_generated
3015_234e_0000_1607349355_17_generated
1488_3015_0000_1607349356_18_generated
a17e_1488_0000_1607349368_19_generated
80f4_a17e_0000_1607349372_20_generated
2990_80f4_0000_1607349373_21_generated
29a1_2990_0000_1607349376_22_received
ac2b_29a1_0000_1607349381_23_generated
f554_ac2b_0000_1607349385_24_received
d432_f554_0000_1607349394_25_generated
4ad2_d432_0000_1607349415_26_generated
26b3_4ad2_0000_1607349417_27_generated
e839_26b3_0000_1607349421_28_generated
4988_e839_0000_1607349432_29_generated
ed17_4988_0000_1607349446_30_received
4d51_ed17_0000_1607349447_31_generated
d53b_4d51_0000_1607349450_32_generated
850f_d53b_0000_1607349453_33_generated
3447_850f_0000_1607349457_34_received
5bc8_3447_0000_1607349462_35_received
d9fa_5bc8_0000_1607349463_36_received
2d2b_d9fa_0000_1607349472_37_received
eb97_2d2b_0000_1607349474_38_received
150c_eb97_0000_1607349478_39_generated
ebbc_150c_0000_1607349484_40_generated
4003_ebbc_0000_1607349484_41_generated
c37e_4003_0000_1607349487_42_generated
7867_c37e_0000_1607349489_43_generated
161a_7867_0000_1607349498_44_generated
999d_161a_0000_1607349504_45_received
b0b6_999d_0000_1607349506_46_generated
4c4b_b0b6_0000_1607349509_47_generated
99bc_4c4b_0000_1607349519_48_generated
1c6e_99bc_0000_1607349519_49_generated
f35c_1c6e_0000_1607349535_50_generated
18c4_f35c_0000_1607349537_51_generated
42be_18c4_0000_1607349557_52_received
9e32_42be_0000_1607349562_53_generated
02c5_9e32_0000_1607349566_54_generated
3a42_02c5_0000_1607349570_55_received
da78_3a42_0000_1607349577_56_generated
41c9_da78_0000_1607349579_57_generated
0e8f_41c9_0000_1607349590_58_received
a3cb_0e8f_0000_1607349592_59_generated
7018_a3cb_0000_1607349594_60_received
f04c_7018_0000_1607349600_61_generated
a482_f04c_0000_1607349604_62_generated
1810_a482_0000_1607349611_63_generated
ccbf_1810_0000_1607349618_64_received
d9d4_ccbf_0000_1607349623_65_received
25b4_d9d4_0000_1607349636_66_generated
2467_25b4_0000_1607349648_67_generated
96ff_2467_0000_1607349653_68_generated
6b68_96ff_0000_1607349655_69_received
06ca_6b68_0000_1607349662_70_generated
9de0_06ca_0000_1607349672_71_generated
26a9_9de0_0000_1607349678_72_received
96df_26a9_0000_1607349680_73_received
6867_96df_0000_1607349684_74_received
4113_6867_0000_1607349693_75_generated
e9ac_6867_0000_1607349694_75_received
9582_e9ac_0000_1607349694_76_received
bace_9582_0000_1607349699_77_generated
43bf_bace_0000_1607349700_78_generated
0f06_43bf_0000_1607349707_79_generated
9e8e_0f06_0000_1607349714_80_received
0643_9e8e_0000_1607349725_81_received
c2ad_0643_0000_1607349729_82_generated
708b_c2ad_0000_1607349738_83_received
8c57_708b_0000_1607349746_84_generated
479f_8c57_0000_1607349753_85_received
95b6_479f_0000_1607349768_86_generated
0a81_95b6_0000_1607349790_87_received
dbcd_0a81_0000_1607349794_88_generated
3a60_dbcd_0000_1607349799_89_generated
9ecb_dbcd_0000_1607349798_89_received
397e_9ecb_0000_1607349803_90_received
a46e_397e_0000_1607349810_91_generated
ca28_a46e_0000_1607349816_92_generated
aacc_ca28_0000_1607349819_93_generated
244b_aacc_0000_1607349828_94_received
5638_244b_0000_1607349834_95_generated
c42e_5638_0000_1607349836_96_generated
4e5d_c42e_0000_1607349837_97_generated
9390_4e5d_0000_1607349849_98_received
1a89_9390_0000_1607349850_99_received
7fd4_1a89_0000_1607349851_100_received
fe58_7fd4_0000_1607349861_101_generated
