c219_9e1c_0000_1607202948_1_received
ab9c_c219_0000_1607202971_2_received
3493_ab9c_0000_1607202978_3_generated
546a_ab9c_0000_1607202977_3_received
efda_3493_0000_1607202990_4_received
9fbb_efda_0000_1607203003_5_received
b454_9fbb_0000_1607203013_6_received
1a0a_b454_0000_1607203026_7_received
9039_1a0a_0000_1607203074_8_received
8003_9039_0000_1607203076_9_received
aac1_8003_0000_1607203083_10_generated
f563_aac1_0000_1607203091_11_received
8d95_f563_0000_1607203092_12_received
7fec_8d95_0000_1607203100_13_received
34c8_8d95_0000_1607203101_13_received
2249_34c8_0000_1607203112_14_received
f9d3_2249_0000_1607203117_15_received
c8f6_f9d3_0000_1607203159_16_received
094f_c8f6_0000_1607203164_17_received
d0f9_094f_0000_1607203193_18_received
b1a8_d0f9_0000_1607203211_19_received
2505_b1a8_0000_1607203221_20_received
aa96_2505_0000_1607203223_21_received
7cc5_aa96_0000_1607203228_22_received
8b5b_7cc5_0000_1607203230_23_received
6fba_8b5b_0000_1607203231_24_generated
1e06_6fba_0000_1607203238_25_received
5979_1e06_0000_1607203241_26_received
e2ef_5979_0000_1607203244_27_received
9787_e2ef_0000_1607203261_28_received
d13f_e2ef_0000_1607203262_28_received
e0b4_9787_0000_1607203267_29_received
e7c2_e0b4_0000_1607203278_30_received
ddc8_e7c2_0000_1607203317_31_generated
e4cc_ddc8_0000_1607203330_32_received
b6de_e4cc_0000_1607203362_33_received
7dfc_b6de_0000_1607203371_34_received
cad5_7dfc_0000_1607203377_35_received
dae9_7dfc_0000_1607203378_35_received
3848_cad5_0000_1607203390_36_received
91a9_3848_0000_1607203393_37_received
fa16_91a9_0000_1607203394_38_received
9845_fa16_0000_1607203407_39_generated
25bf_9845_0000_1607203410_40_received
a02b_25bf_0000_1607203420_41_received
23af_a02b_0000_1607203422_42_received
7551_23af_0000_1607203425_43_received
fb8e_7551_0000_1607203428_44_received
19d4_fb8e_0000_1607203440_45_received
0ac5_19d4_0000_1607203455_46_generated
166b_0ac5_0000_1607203464_47_received
49fd_166b_0000_1607203480_48_received
08c1_49fd_0000_1607203484_49_received
2f88_08c1_0000_1607203494_50_generated
5cd5_2f88_0000_1607203522_51_received
304f_5cd5_0000_1607203528_52_received
038a_304f_0000_1607203540_53_received
7189_038a_0000_1607203584_54_received
2b46_7189_0000_1607203605_55_received
bdc8_2b46_0000_1607203647_56_received
3306_bdc8_0000_1607203651_57_generated
dffa_3306_0000_1607203654_58_received
f71e_dffa_0000_1607203696_59_received
1291_f71e_0000_1607203709_60_generated
5c0e_1291_0000_1607203734_61_received
71ac_5c0e_0000_1607203736_62_received
898e_71ac_0000_1607203748_63_received
ddd6_898e_0000_1607203766_64_received
3cb2_ddd6_0000_1607203785_65_received
2759_3cb2_0000_1607203847_66_received
14e9_2759_0000_1607203870_67_received
bb20_14e9_0000_1607203877_68_received
fba0_bb20_0000_1607203899_69_received
df96_fba0_0000_1607203906_70_received
19fe_df96_0000_1607203916_71_received
54ab_19fe_0000_1607203929_72_received
c810_19fe_0000_1607203928_72_received
914d_54ab_0000_1607203943_73_received
55ec_914d_0000_1607203949_74_received
fac0_55ec_0000_1607203950_75_received
89d1_fac0_0000_1607203959_76_received
9ac8_89d1_0000_1607203963_77_received
3637_89d1_0000_1607203964_77_received
bebb_9ac8_0000_1607203985_78_generated
e9db_bebb_0000_1607204010_79_received
788e_e9db_0000_1607204034_80_received
8f5d_788e_0000_1607204045_81_received
38d1_8f5d_0000_1607204071_82_generated
e60a_38d1_0000_1607204080_83_received
374d_38d1_0000_1607204081_83_received
7a3e_374d_0000_1607204103_84_received
f285_7a3e_0000_1607204110_85_received
1f72_f285_0000_1607204114_86_received
0950_1f72_0000_1607204118_87_received
502a_0950_0000_1607204135_88_received
92e6_502a_0000_1607204137_89_received
