516a_9e1c_0000_1604986163_1_generated
b61c_516a_0000_1604986164_2_generated
b3d9_b61c_0000_1604986167_3_received
917d_b3d9_0000_1604986167_4_received
7ad8_917d_0000_1604986174_5_generated
84a3_7ad8_0000_1604986177_6_generated
035e_917d_0000_1604986175_5_received
43d8_84a3_0000_1604986178_7_generated
e83f_43d8_0000_1604986179_8_generated
7b35_e83f_0000_1604986179_9_generated
3d99_7b35_0000_1604986190_10_generated
6584_3d99_0000_1604986190_11_generated
567f_6584_0000_1604986192_12_generated
b4c9_567f_0000_1604986192_13_generated
0891_b4c9_0000_1604986195_14_generated
96cc_0891_0000_1604986196_15_generated
f9be_96cc_0000_1604986202_16_generated
20da_96cc_0000_1604986201_16_received
e9d1_20da_0000_1604986201_17_received
3cc7_e9d1_0000_1604986204_18_generated
275f_3cc7_0000_1604986208_19_received
d650_275f_0000_1604986210_20_generated
9a71_d650_0000_1604986210_21_generated
9b42_9a71_0000_1604986211_22_generated
de2b_9b42_0000_1604986212_23_generated
ce3b_de2b_0000_1604986212_24_generated
c87f_ce3b_0000_1604986213_25_generated
6020_c87f_0000_1604986216_26_generated
9efb_6020_0000_1604986223_27_generated
f2c4_9efb_0000_1604986228_28_generated
3e0a_f2c4_0000_1604986230_29_generated
8445_f2c4_0000_1604986232_29_received
1ece_3e0a_0000_1604986234_30_generated
daa7_1ece_0000_1604986236_31_generated
2921_516a_0000_1604986235_2_received
5eac_8445_0000_1604986235_30_received
de75_2921_0000_1604986237_3_received
b81c_5eac_0000_1604986237_31_received
0d6b_daa7_0000_1604986241_32_generated
a21f_0d6b_0000_1604986242_33_generated
08ba_b81c_0000_1604986242_32_received
d45e_a21f_0000_1604986246_34_generated
9d47_a21f_0000_1604986245_34_received
c89c_d45e_0000_1604986247_35_generated
3c30_c89c_0000_1604986247_36_generated
6ea3_9d47_0000_1604986245_35_received
bff1_3c30_0000_1604986249_37_generated
f245_bff1_0000_1604986253_38_received
ae94_f245_0000_1604986255_39_received
4cea_ae94_0000_1604986262_40_generated
8607_4cea_0000_1604986264_41_generated
07c6_8607_0000_1604986264_42_generated
6391_07c6_0000_1604986265_43_generated
faa9_4cea_0000_1604986265_41_received
c340_de75_0000_1604986266_4_received
ac33_6391_0000_1604986270_44_received
690c_c340_0000_1604986270_5_received
af34_ac33_0000_1604986275_45_generated
d588_af34_0000_1604986276_46_generated
ba61_690c_0000_1604986276_6_received
0597_ac33_0000_1604986277_45_received
8d11_0597_0000_1604986277_46_received
debc_d588_0000_1604986284_47_generated
eb4e_debc_0000_1604986285_48_generated
f0de_eb4e_0000_1604986288_49_generated
b9b3_f0de_0000_1604986295_50_generated
703b_b9b3_0000_1604986295_51_generated
98a0_703b_0000_1604986299_52_generated
8391_98a0_0000_1604986300_53_generated
477b_703b_0000_1604986301_52_received
32b4_8391_0000_1604986303_54_generated
b15f_32b4_0000_1604986305_55_generated
00ad_32b4_0000_1604986306_55_received
a941_00ad_0000_1604986307_56_received
0274_a941_0000_1604986314_57_received
8324_0274_0000_1604986316_58_received
05ff_8324_0000_1604986317_59_received
6cc8_05ff_0000_1604986319_60_generated
9a11_ba61_0000_1604986317_7_received
0998_05ff_0000_1604986317_60_received
422a_9a11_0000_1604986318_8_received
51e5_0998_0000_1604986326_61_received
58ff_51e5_0000_1604986326_62_received
297c_58ff_0000_1604986330_63_generated
e8bc_297c_0000_1604986330_64_generated
3c7b_e8bc_0000_1604986333_65_generated
c865_3c7b_0000_1604986333_66_generated
e421_422a_0000_1604986332_9_received
304f_c865_0000_1604986336_67_generated
103c_304f_0000_1604986339_68_generated
441b_103c_0000_1604986343_69_received
28de_441b_0000_1604986344_70_received
0863_28de_0000_1604986348_71_generated
bc7a_0863_0000_1604986349_72_generated
ebe6_0863_0000_1604986350_72_received
4e20_bc7a_0000_1604986354_73_generated
c3ea_ebe6_0000_1604986352_73_received
41d1_c3ea_0000_1604986352_74_received
88ec_41d1_0000_1604986356_75_generated
7719_88ec_0000_1604986357_76_generated
ead4_7719_0000_1604986359_77_generated
e777_e421_0000_1604986358_10_received
6d88_ead4_0000_1604986363_78_generated
0402_6d88_0000_1604986364_79_generated
d3bf_e777_0000_1604986363_11_received
e399_0402_0000_1604986367_80_generated
e3c9_e399_0000_1604986372_81_generated
5c59_e3c9_0000_1604986382_82_generated
7f3c_e3c9_0000_1604986380_82_received
7e20_5c59_0000_1604986383_83_generated
ca4f_7f3c_0000_1604986383_83_received
f31a_7e20_0000_1604986388_84_generated
8e36_f31a_0000_1604986390_85_generated
4053_ca4f_0000_1604986389_84_received
7297_8e36_0000_1604986392_86_generated
eaa7_7297_0000_1604986396_87_generated
6eff_eaa7_0000_1604986397_88_generated
39b5_d3bf_0000_1604986401_12_received
f4fd_6eff_0000_1604986405_89_received
cd3c_f4fd_0000_1604986411_90_received
8e3d_cd3c_0000_1604986411_91_received
c7c0_8e3d_0000_1604986412_92_received
c4da_c7c0_0000_1604986415_93_generated
5ca5_c4da_0000_1604986416_94_generated
8a6f_5ca5_0000_1604986418_95_generated
eb24_c4da_0000_1604986417_94_received
7db6_39b5_0000_1604986418_13_received
9f4c_8a6f_0000_1604986422_96_generated
ca39_9f4c_0000_1604986425_97_generated
1a66_ca39_0000_1604986425_98_generated
0235_7db6_0000_1604986428_14_received
ab5b_1a66_0000_1604986433_99_generated
24ec_1a66_0000_1604986432_99_received
bd55_ab5b_0000_1604986435_100_generated
7a17_bd55_0000_1604986443_101_generated
cc9d_7a17_0000_1604986445_102_generated
8d1a_0235_0000_1604986449_15_received
fc6a_cc9d_0000_1604986452_103_received
cc97_fc6a_0000_1604986453_104_received
7b6b_cc97_0000_1604986455_105_generated
ec8e_cc97_0000_1604986456_105_received
efa9_8d1a_0000_1604986456_16_received
7e87_7b6b_0000_1604986459_106_generated
41fe_7e87_0000_1604986460_107_generated
a99c_41fe_0000_1604986461_108_generated
b21c_a99c_0000_1604986464_109_received
8f4d_b21c_0000_1604986465_110_received
8b77_8f4d_0000_1604986471_111_generated
1c77_8b77_0000_1604986475_112_generated
2848_1c77_0000_1604986475_113_generated
cce9_2848_0000_1604986479_114_generated
754f_cce9_0000_1604986480_115_generated
69eb_2848_0000_1604986480_114_received
3d31_69eb_0000_1604986481_115_received
f364_754f_0000_1604986487_116_generated
f8d7_f364_0000_1604986488_117_generated
0ab0_f8d7_0000_1604986489_118_generated
710c_0ab0_0000_1604986493_119_generated
26eb_710c_0000_1604986496_120_generated
3f19_26eb_0000_1604986499_121_generated
d64b_3f19_0000_1604986502_122_generated
69bd_26eb_0000_1604986500_121_received
b573_69bd_0000_1604986502_122_received
5095_b573_0000_1604986502_123_received
3121_5095_0000_1604986506_124_generated
7ee5_3121_0000_1604986509_125_generated
a355_7ee5_0000_1604986510_126_received
b39f_a355_0000_1604986516_127_generated
7561_efa9_0000_1604986516_17_received
9905_7561_0000_1604986522_18_received
1a58_b39f_0000_1604986525_128_generated
ceb0_1a58_0000_1604986527_129_generated
37d7_1a58_0000_1604986526_129_received
9630_9905_0000_1604986526_19_received
74de_ceb0_0000_1604986532_130_generated
2d3d_37d7_0000_1604986532_130_received
6582_9630_0000_1604986533_20_received
24b9_74de_0000_1604986537_131_generated
92fe_24b9_0000_1604986539_132_received
d50f_92fe_0000_1604986544_133_received
5a8c_d50f_0000_1604986547_134_received
2027_5a8c_0000_1604986551_135_generated
bf34_6582_0000_1604986552_21_received
b66e_5a8c_0000_1604986553_135_received
e6a2_2027_0000_1604986556_136_generated
ae1a_e6a2_0000_1604986557_137_generated
b832_ae1a_0000_1604986559_138_generated
ee6c_b832_0000_1604986560_139_generated
02f3_ee6c_0000_1604986565_140_generated
6fed_02f3_0000_1604986571_141_generated
b568_6fed_0000_1604986574_142_generated
9ae6_b568_0000_1604986576_143_generated
015f_9ae6_0000_1604986581_144_generated
52ff_9ae6_0000_1604986580_144_received
919b_bf34_0000_1604986581_22_received
addd_52ff_0000_1604986582_145_received
1f88_919b_0000_1604986582_23_received
a8e7_addd_0000_1604986583_146_received
7253_1f88_0000_1604986583_24_received
f43c_a8e7_0000_1604986586_147_received
9a60_f43c_0000_1604986590_148_received
9561_9a60_0000_1604986595_149_generated
207e_7253_0000_1604986594_25_received
608b_9a60_0000_1604986596_149_received
b6b4_9561_0000_1604986599_150_generated
674c_608b_0000_1604986598_150_received
fa17_b6b4_0000_1604986601_151_generated
1cb7_fa17_0000_1604986604_152_received
45d5_1cb7_0000_1604986609_153_generated
cfc0_45d5_0000_1604986610_154_generated
cdb8_cfc0_0000_1604986610_155_generated
30d2_cdb8_0000_1604986611_156_generated
58d7_30d2_0000_1604986615_157_generated
5732_58d7_0000_1604986616_158_generated
e06d_58d7_0000_1604986617_158_received
bbef_5732_0000_1604986621_159_generated
b823_e06d_0000_1604986619_159_received
696f_b823_0000_1604986622_160_received
10f7_207e_0000_1604986623_26_received
25c5_696f_0000_1604986627_161_generated
3704_696f_0000_1604986629_161_received
7e39_25c5_0000_1604986636_162_generated
010a_7e39_0000_1604986639_163_received
e420_010a_0000_1604986642_164_generated
1947_010a_0000_1604986644_164_received
30a1_e420_0000_1604986650_165_generated
d09c_1947_0000_1604986648_165_received
e79a_d09c_0000_1604986650_166_received
ea2b_e79a_0000_1604986654_167_generated
4b6f_ea2b_0000_1604986655_168_generated
3ac9_4b6f_0000_1604986658_169_generated
7aa7_e79a_0000_1604986656_167_received
1139_10f7_0000_1604986658_27_received
0162_3ac9_0000_1604986665_170_generated
d1df_3ac9_0000_1604986663_170_received
547c_0162_0000_1604986666_171_generated
eebf_547c_0000_1604986666_172_generated
186e_d1df_0000_1604986668_171_received
ebd8_eebf_0000_1604986672_173_received
ec8c_ebd8_0000_1604986675_174_generated
ae48_ec8c_0000_1604986677_175_generated
115f_1139_0000_1604986676_28_received
2b4c_ae48_0000_1604986679_176_generated
08f6_2b4c_0000_1604986680_177_generated
cfcc_08f6_0000_1604986684_178_generated
7a7a_cfcc_0000_1604986689_179_generated
24c2_115f_0000_1604986690_29_received
b34e_cfcc_0000_1604986690_179_received
9072_b34e_0000_1604986693_180_received
9ff0_9072_0000_1604986694_181_received
76d4_9ff0_0000_1604986694_182_received
e70f_76d4_0000_1604986700_183_generated
6f82_24c2_0000_1604986702_30_received
e962_e70f_0000_1604986707_184_generated
eedd_e70f_0000_1604986706_184_received
0a11_e962_0000_1604986715_185_generated
db09_eedd_0000_1604986714_185_received
286c_db09_0000_1604986717_186_received
9cbe_286c_0000_1604986721_187_received
27d9_6f82_0000_1604986721_31_received
d069_9cbe_0000_1604986727_188_generated
7055_9cbe_0000_1604986726_188_received
f4c1_7055_0000_1604986728_189_received
b9ad_f4c1_0000_1604986731_190_generated
a4a4_b9ad_0000_1604986735_191_generated
8fde_f4c1_0000_1604986732_190_received
0d5a_8fde_0000_1604986734_191_received
ff69_0d5a_0000_1604986735_192_received
c1d5_ff69_0000_1604986737_193_generated
367a_c1d5_0000_1604986739_194_generated
4ea8_367a_0000_1604986741_195_generated
8f2f_4ea8_0000_1604986744_196_generated
5f0a_8f2f_0000_1604986747_197_generated
7add_5f0a_0000_1604986750_198_received
7718_7add_0000_1604986752_199_generated
5df7_7718_0000_1604986753_200_generated
51f9_7add_0000_1604986751_199_received
f92d_5df7_0000_1604986756_201_received
4d4a_f92d_0000_1604986760_202_generated
9dc2_4d4a_0000_1604986761_203_generated
90c3_9dc2_0000_1604986764_204_received
a8ff_90c3_0000_1604986767_205_generated
b1aa_a8ff_0000_1604986770_206_received
b66b_b1aa_0000_1604986773_207_generated
1a74_b1aa_0000_1604986774_207_received
8916_b66b_0000_1604986778_208_generated
9c25_27d9_0000_1604986780_32_received
78df_8916_0000_1604986783_209_generated
76b4_9c25_0000_1604986784_33_received
e9c1_78df_0000_1604986786_210_generated
3253_e9c1_0000_1604986788_211_generated
f95e_3253_0000_1604986790_212_generated
d0cc_f95e_0000_1604986793_213_received
4d0d_d0cc_0000_1604986796_214_received
8821_4d0d_0000_1604986809_215_generated
3297_8821_0000_1604986811_216_generated
aa30_3297_0000_1604986813_217_generated
0a1f_aa30_0000_1604986816_218_generated
6fb7_3297_0000_1604986815_217_received
d96b_0a1f_0000_1604986817_219_generated
be21_d96b_0000_1604986819_220_generated
07c8_be21_0000_1604986822_221_generated
7547_0a1f_0000_1604986820_219_received
8bfe_07c8_0000_1604986823_222_generated
4c3c_8bfe_0000_1604986824_223_generated
83cc_4c3c_0000_1604986825_224_generated
490b_07c8_0000_1604986825_222_received
d140_83cc_0000_1604986828_225_generated
3ea1_d140_0000_1604986834_226_received
c2e2_3ea1_0000_1604986839_227_generated
b0e0_c2e2_0000_1604986841_228_generated
c244_3ea1_0000_1604986840_227_received
111f_76b4_0000_1604986841_34_received
1699_b0e0_0000_1604986844_229_generated
ed37_1699_0000_1604986847_230_generated
5cc2_ed37_0000_1604986848_231_generated
f8be_111f_0000_1604986849_35_received
d6c5_ed37_0000_1604986850_231_received
00b8_d6c5_0000_1604986852_232_received
bc8e_00b8_0000_1604986855_233_generated
d93b_bc8e_0000_1604986856_234_generated
0006_00b8_0000_1604986857_233_received
00d1_d93b_0000_1604986860_235_generated
753d_00d1_0000_1604986866_236_generated
bd83_f8be_0000_1604986865_36_received
a243_753d_0000_1604986869_237_generated
2003_a243_0000_1604986869_238_generated
d4ca_2003_0000_1604986871_239_generated
27f5_d4ca_0000_1604986871_240_generated
44a2_753d_0000_1604986870_237_received
dabf_27f5_0000_1604986873_241_generated
5ceb_dabf_0000_1604986873_242_generated
697e_bd83_0000_1604986873_37_received
ef8a_5ceb_0000_1604986881_243_generated
a210_5ceb_0000_1604986878_243_received
