516a_9e1c_0000_1604986163_1_received
b61c_516a_0000_1604986164_2_received
b3d9_b61c_0000_1604986167_3_generated
917d_b3d9_0000_1604986167_4_generated
035e_917d_0000_1604986175_5_generated
7ad8_917d_0000_1604986174_5_received
84a3_7ad8_0000_1604986177_6_received
43d8_84a3_0000_1604986178_7_received
e83f_43d8_0000_1604986179_8_received
7b35_e83f_0000_1604986179_9_received
3d99_7b35_0000_1604986190_10_generated
6584_3d99_0000_1604986190_11_received
567f_6584_0000_1604986192_12_received
b4c9_567f_0000_1604986192_13_received
0891_b4c9_0000_1604986195_14_received
96cc_0891_0000_1604986196_15_received
20da_96cc_0000_1604986201_16_generated
e9d1_20da_0000_1604986201_17_generated
f9be_96cc_0000_1604986202_16_received
3cc7_e9d1_0000_1604986204_18_received
275f_3cc7_0000_1604986208_19_generated
d650_275f_0000_1604986210_20_received
9a71_d650_0000_1604986210_21_received
9b42_9a71_0000_1604986211_22_received
de2b_9b42_0000_1604986212_23_received
ce3b_de2b_0000_1604986212_24_received
c87f_ce3b_0000_1604986213_25_received
6020_c87f_0000_1604986216_26_received
9efb_6020_0000_1604986223_27_received
f2c4_9efb_0000_1604986228_28_received
8445_f2c4_0000_1604986232_29_generated
3e0a_f2c4_0000_1604986230_29_received
5eac_8445_0000_1604986235_30_generated
1ece_3e0a_0000_1604986234_30_received
b81c_5eac_0000_1604986237_31_generated
2921_516a_0000_1604986235_2_received
daa7_1ece_0000_1604986236_31_received
de75_2921_0000_1604986237_3_received
08ba_b81c_0000_1604986242_32_generated
0d6b_daa7_0000_1604986241_32_received
a21f_0d6b_0000_1604986242_33_received
9d47_a21f_0000_1604986245_34_generated
6ea3_9d47_0000_1604986245_35_generated
d45e_a21f_0000_1604986246_34_received
c89c_d45e_0000_1604986247_35_received
3c30_c89c_0000_1604986247_36_received
bff1_3c30_0000_1604986249_37_received
f245_bff1_0000_1604986253_38_generated
ae94_f245_0000_1604986255_39_generated
4cea_ae94_0000_1604986262_40_received
faa9_4cea_0000_1604986265_41_generated
8607_4cea_0000_1604986264_41_received
07c6_8607_0000_1604986264_42_received
6391_07c6_0000_1604986265_43_received
c340_de75_0000_1604986266_4_received
ac33_6391_0000_1604986270_44_generated
690c_c340_0000_1604986270_5_received
0597_ac33_0000_1604986277_45_generated
af34_ac33_0000_1604986275_45_received
8d11_0597_0000_1604986277_46_generated
ba61_690c_0000_1604986276_6_received
d588_af34_0000_1604986276_46_received
debc_d588_0000_1604986284_47_received
eb4e_debc_0000_1604986285_48_received
f0de_eb4e_0000_1604986288_49_received
b9b3_f0de_0000_1604986295_50_received
703b_b9b3_0000_1604986295_51_received
477b_703b_0000_1604986301_52_generated
98a0_703b_0000_1604986299_52_received
8391_98a0_0000_1604986300_53_received
32b4_8391_0000_1604986303_54_received
00ad_32b4_0000_1604986306_55_generated
b15f_32b4_0000_1604986305_55_received
a941_00ad_0000_1604986307_56_generated
0274_a941_0000_1604986314_57_generated
8324_0274_0000_1604986316_58_generated
05ff_8324_0000_1604986317_59_generated
0998_05ff_0000_1604986317_60_generated
9a11_ba61_0000_1604986317_7_received
422a_9a11_0000_1604986318_8_received
6cc8_05ff_0000_1604986319_60_received
51e5_0998_0000_1604986326_61_generated
58ff_51e5_0000_1604986326_62_generated
297c_58ff_0000_1604986330_63_generated
e8bc_297c_0000_1604986330_64_received
e421_422a_0000_1604986332_9_received
3c7b_e8bc_0000_1604986333_65_received
c865_3c7b_0000_1604986333_66_received
304f_c865_0000_1604986336_67_received
103c_304f_0000_1604986339_68_received
441b_103c_0000_1604986343_69_generated
28de_441b_0000_1604986344_70_generated
0863_28de_0000_1604986348_71_received
ebe6_0863_0000_1604986350_72_generated
bc7a_0863_0000_1604986349_72_received
c3ea_ebe6_0000_1604986352_73_generated
41d1_c3ea_0000_1604986352_74_generated
88ec_41d1_0000_1604986356_75_generated
4e20_bc7a_0000_1604986354_73_received
7719_88ec_0000_1604986357_76_received
e777_e421_0000_1604986358_10_received
ead4_7719_0000_1604986359_77_received
6d88_ead4_0000_1604986363_78_received
d3bf_e777_0000_1604986363_11_received
0402_6d88_0000_1604986364_79_received
e399_0402_0000_1604986367_80_received
e3c9_e399_0000_1604986372_81_received
7f3c_e3c9_0000_1604986380_82_generated
ca4f_7f3c_0000_1604986383_83_generated
5c59_e3c9_0000_1604986382_82_received
7e20_5c59_0000_1604986383_83_received
4053_ca4f_0000_1604986389_84_generated
f31a_7e20_0000_1604986388_84_received
8e36_f31a_0000_1604986390_85_received
7297_8e36_0000_1604986392_86_received
eaa7_7297_0000_1604986396_87_received
6eff_eaa7_0000_1604986397_88_received
39b5_d3bf_0000_1604986401_12_received
f4fd_6eff_0000_1604986405_89_generated
cd3c_f4fd_0000_1604986411_90_generated
8e3d_cd3c_0000_1604986411_91_generated
c7c0_8e3d_0000_1604986412_92_generated
c4da_c7c0_0000_1604986415_93_received
eb24_c4da_0000_1604986417_94_generated
5ca5_c4da_0000_1604986416_94_received
7db6_39b5_0000_1604986418_13_received
8a6f_5ca5_0000_1604986418_95_received
9f4c_8a6f_0000_1604986422_96_received
ca39_9f4c_0000_1604986425_97_received
1a66_ca39_0000_1604986425_98_received
0235_7db6_0000_1604986428_14_received
24ec_1a66_0000_1604986432_99_generated
ab5b_1a66_0000_1604986433_99_received
bd55_ab5b_0000_1604986435_100_received
7a17_bd55_0000_1604986443_101_received
cc9d_7a17_0000_1604986445_102_received
8d1a_0235_0000_1604986449_15_received
fc6a_cc9d_0000_1604986452_103_generated
cc97_fc6a_0000_1604986453_104_generated
ec8e_cc97_0000_1604986456_105_generated
7b6b_cc97_0000_1604986455_105_received
efa9_8d1a_0000_1604986456_16_received
7e87_7b6b_0000_1604986459_106_received
41fe_7e87_0000_1604986460_107_received
a99c_41fe_0000_1604986461_108_received
b21c_a99c_0000_1604986464_109_generated
8f4d_b21c_0000_1604986465_110_generated
8b77_8f4d_0000_1604986471_111_received
1c77_8b77_0000_1604986475_112_received
2848_1c77_0000_1604986475_113_received
69eb_2848_0000_1604986480_114_generated
3d31_69eb_0000_1604986481_115_generated
cce9_2848_0000_1604986479_114_received
754f_cce9_0000_1604986480_115_received
f364_754f_0000_1604986487_116_received
f8d7_f364_0000_1604986488_117_received
0ab0_f8d7_0000_1604986489_118_received
710c_0ab0_0000_1604986493_119_received
26eb_710c_0000_1604986496_120_received
69bd_26eb_0000_1604986500_121_generated
3f19_26eb_0000_1604986499_121_received
b573_69bd_0000_1604986502_122_generated
5095_b573_0000_1604986502_123_generated
d64b_3f19_0000_1604986502_122_received
3121_5095_0000_1604986506_124_received
7ee5_3121_0000_1604986509_125_generated
a355_7ee5_0000_1604986510_126_generated
7561_efa9_0000_1604986516_17_received
b39f_a355_0000_1604986516_127_received
9905_7561_0000_1604986522_18_received
1a58_b39f_0000_1604986525_128_generated
37d7_1a58_0000_1604986526_129_generated
9630_9905_0000_1604986526_19_received
ceb0_1a58_0000_1604986527_129_received
2d3d_37d7_0000_1604986532_130_generated
74de_ceb0_0000_1604986532_130_received
6582_9630_0000_1604986533_20_received
24b9_74de_0000_1604986537_131_received
92fe_24b9_0000_1604986539_132_generated
d50f_92fe_0000_1604986544_133_generated
5a8c_d50f_0000_1604986547_134_generated
b66e_5a8c_0000_1604986553_135_generated
2027_5a8c_0000_1604986551_135_received
bf34_6582_0000_1604986552_21_received
e6a2_2027_0000_1604986556_136_received
ae1a_e6a2_0000_1604986557_137_received
b832_ae1a_0000_1604986559_138_received
ee6c_b832_0000_1604986560_139_received
02f3_ee6c_0000_1604986565_140_received
6fed_02f3_0000_1604986571_141_received
b568_6fed_0000_1604986574_142_received
9ae6_b568_0000_1604986576_143_received
52ff_9ae6_0000_1604986580_144_generated
addd_52ff_0000_1604986582_145_generated
a8e7_addd_0000_1604986583_146_generated
919b_bf34_0000_1604986581_22_received
015f_9ae6_0000_1604986581_144_received
1f88_919b_0000_1604986582_23_received
7253_1f88_0000_1604986583_24_received
f43c_a8e7_0000_1604986586_147_generated
9a60_f43c_0000_1604986590_148_generated
207e_7253_0000_1604986594_25_received
608b_9a60_0000_1604986596_149_generated
9561_9a60_0000_1604986595_149_received
674c_608b_0000_1604986598_150_generated
b6b4_9561_0000_1604986599_150_received
fa17_b6b4_0000_1604986601_151_received
1cb7_fa17_0000_1604986604_152_generated
45d5_1cb7_0000_1604986609_153_received
cfc0_45d5_0000_1604986610_154_received
cdb8_cfc0_0000_1604986610_155_received
30d2_cdb8_0000_1604986611_156_received
58d7_30d2_0000_1604986615_157_generated
e06d_58d7_0000_1604986617_158_generated
5732_58d7_0000_1604986616_158_received
b823_e06d_0000_1604986619_159_generated
696f_b823_0000_1604986622_160_generated
bbef_5732_0000_1604986621_159_received
10f7_207e_0000_1604986623_26_received
3704_696f_0000_1604986629_161_generated
25c5_696f_0000_1604986627_161_received
7e39_25c5_0000_1604986636_162_received
010a_7e39_0000_1604986639_163_generated
1947_010a_0000_1604986644_164_generated
e420_010a_0000_1604986642_164_received
d09c_1947_0000_1604986648_165_generated
e79a_d09c_0000_1604986650_166_generated
30a1_e420_0000_1604986650_165_received
7aa7_e79a_0000_1604986656_167_generated
ea2b_e79a_0000_1604986654_167_received
4b6f_ea2b_0000_1604986655_168_received
3ac9_4b6f_0000_1604986658_169_generated
1139_10f7_0000_1604986658_27_received
d1df_3ac9_0000_1604986663_170_generated
0162_3ac9_0000_1604986665_170_received
186e_d1df_0000_1604986668_171_generated
547c_0162_0000_1604986666_171_received
eebf_547c_0000_1604986666_172_received
ebd8_eebf_0000_1604986672_173_generated
ec8c_ebd8_0000_1604986675_174_received
115f_1139_0000_1604986676_28_received
ae48_ec8c_0000_1604986677_175_received
2b4c_ae48_0000_1604986679_176_received
08f6_2b4c_0000_1604986680_177_received
cfcc_08f6_0000_1604986684_178_received
b34e_cfcc_0000_1604986690_179_generated
7a7a_cfcc_0000_1604986689_179_received
24c2_115f_0000_1604986690_29_received
9072_b34e_0000_1604986693_180_generated
9ff0_9072_0000_1604986694_181_generated
76d4_9ff0_0000_1604986694_182_generated
e70f_76d4_0000_1604986700_183_generated
6f82_24c2_0000_1604986702_30_received
eedd_e70f_0000_1604986706_184_generated
e962_e70f_0000_1604986707_184_received
db09_eedd_0000_1604986714_185_generated
286c_db09_0000_1604986717_186_generated
0a11_e962_0000_1604986715_185_received
9cbe_286c_0000_1604986721_187_generated
27d9_6f82_0000_1604986721_31_received
7055_9cbe_0000_1604986726_188_generated
f4c1_7055_0000_1604986728_189_generated
d069_9cbe_0000_1604986727_188_received
8fde_f4c1_0000_1604986732_190_generated
b9ad_f4c1_0000_1604986731_190_received
0d5a_8fde_0000_1604986734_191_generated
ff69_0d5a_0000_1604986735_192_generated
a4a4_b9ad_0000_1604986735_191_received
c1d5_ff69_0000_1604986737_193_received
367a_c1d5_0000_1604986739_194_received
4ea8_367a_0000_1604986741_195_received
8f2f_4ea8_0000_1604986744_196_received
5f0a_8f2f_0000_1604986747_197_generated
7add_5f0a_0000_1604986750_198_generated
51f9_7add_0000_1604986751_199_generated
7718_7add_0000_1604986752_199_received
5df7_7718_0000_1604986753_200_received
f92d_5df7_0000_1604986756_201_generated
4d4a_f92d_0000_1604986760_202_received
9dc2_4d4a_0000_1604986761_203_received
90c3_9dc2_0000_1604986764_204_generated
a8ff_90c3_0000_1604986767_205_received
b1aa_a8ff_0000_1604986770_206_generated
1a74_b1aa_0000_1604986774_207_generated
b66b_b1aa_0000_1604986773_207_received
8916_b66b_0000_1604986778_208_received
9c25_27d9_0000_1604986780_32_received
78df_8916_0000_1604986783_209_received
76b4_9c25_0000_1604986784_33_received
e9c1_78df_0000_1604986786_210_received
3253_e9c1_0000_1604986788_211_received
f95e_3253_0000_1604986790_212_received
d0cc_f95e_0000_1604986793_213_generated
4d0d_d0cc_0000_1604986796_214_generated
8821_4d0d_0000_1604986809_215_received
3297_8821_0000_1604986811_216_received
6fb7_3297_0000_1604986815_217_generated
aa30_3297_0000_1604986813_217_received
0a1f_aa30_0000_1604986816_218_received
7547_0a1f_0000_1604986820_219_generated
d96b_0a1f_0000_1604986817_219_received
be21_d96b_0000_1604986819_220_received
07c8_be21_0000_1604986822_221_received
490b_07c8_0000_1604986825_222_generated
8bfe_07c8_0000_1604986823_222_received
4c3c_8bfe_0000_1604986824_223_received
83cc_4c3c_0000_1604986825_224_received
d140_83cc_0000_1604986828_225_generated
3ea1_d140_0000_1604986834_226_generated
c244_3ea1_0000_1604986840_227_generated
c2e2_3ea1_0000_1604986839_227_received
b0e0_c2e2_0000_1604986841_228_received
111f_76b4_0000_1604986841_34_received
1699_b0e0_0000_1604986844_229_generated
ed37_1699_0000_1604986847_230_received
d6c5_ed37_0000_1604986850_231_generated
5cc2_ed37_0000_1604986848_231_received
f8be_111f_0000_1604986849_35_received
00b8_d6c5_0000_1604986852_232_generated
0006_00b8_0000_1604986857_233_generated
bc8e_00b8_0000_1604986855_233_received
d93b_bc8e_0000_1604986856_234_received
00d1_d93b_0000_1604986860_235_received
bd83_f8be_0000_1604986865_36_received
753d_00d1_0000_1604986866_236_received
44a2_753d_0000_1604986870_237_generated
a243_753d_0000_1604986869_237_received
2003_a243_0000_1604986869_238_received
d4ca_2003_0000_1604986871_239_received
27f5_d4ca_0000_1604986871_240_received
697e_bd83_0000_1604986873_37_received
dabf_27f5_0000_1604986873_241_received
5ceb_dabf_0000_1604986873_242_received
a210_5ceb_0000_1604986878_243_generated
