46c1_9e1c_0000_1607342731_1_received
380c_46c1_0000_1607342739_2_received
53e4_380c_0000_1607342740_3_received
fe9c_53e4_0000_1607342744_4_received
badb_fe9c_0000_1607342747_5_received
a51c_badb_0000_1607342748_6_received
0a51_a51c_0000_1607342756_7_received
33f2_0a51_0000_1607342763_8_received
ffa4_33f2_0000_1607342765_9_received
d90e_ffa4_0000_1607342767_10_received
1708_d90e_0000_1607342768_11_received
c145_1708_0000_1607342769_12_received
dc60_c145_0000_1607342769_13_received
9130_dc60_0000_1607342777_14_received
6144_9130_0000_1607342778_15_received
85ad_6144_0000_1607342781_16_received
aca4_85ad_0000_1607342783_17_received
cb5c_aca4_0000_1607342785_18_received
a32a_cb5c_0000_1607342794_19_received
038e_a32a_0000_1607342795_20_received
c1c1_038e_0000_1607342795_21_received
54d0_c1c1_0000_1607342802_22_received
6e67_54d0_0000_1607342803_23_received
00ff_6e67_0000_1607342804_24_received
3d9a_00ff_0000_1607342805_25_received
87e3_3d9a_0000_1607342815_26_received
f02d_87e3_0000_1607342816_27_received
35a2_f02d_0000_1607342817_28_received
3d7e_35a2_0000_1607342819_29_received
5505_3d7e_0000_1607342821_30_received
ccc5_5505_0000_1607342825_31_received
6925_ccc5_0000_1607342825_32_received
402c_6925_0000_1607342826_33_received
55ca_402c_0000_1607342827_34_received
ac89_55ca_0000_1607342829_35_received
df84_ac89_0000_1607342829_36_received
bd5b_df84_0000_1607342830_37_received
fff5_bd5b_0000_1607342832_38_received
dbb8_fff5_0000_1607342833_39_received
8e58_dbb8_0000_1607342834_40_received
4737_8e58_0000_1607342837_41_received
7c4d_4737_0000_1607342839_42_received
d594_7c4d_0000_1607342839_43_received
ea2c_d594_0000_1607342840_44_received
e007_ea2c_0000_1607342841_45_received
d834_e007_0000_1607342846_46_received
a28a_d834_0000_1607342846_47_received
8276_a28a_0000_1607342851_48_received
d01e_8276_0000_1607342852_49_received
09b7_d01e_0000_1607342859_50_received
0230_09b7_0000_1607342871_51_received
7bac_0230_0000_1607342878_52_received
5276_7bac_0000_1607342879_53_received
1da8_5276_0000_1607342879_54_received
ab98_1da8_0000_1607342880_55_received
f67f_ab98_0000_1607342881_56_received
ddd7_f67f_0000_1607342885_57_received
0424_ddd7_0000_1607342885_58_received
c79c_0424_0000_1607342887_59_received
a21e_c79c_0000_1607342893_60_received
ce77_a21e_0000_1607342898_61_received
0f61_ce77_0000_1607342900_62_received
771e_0f61_0000_1607342903_63_received
8539_771e_0000_1607342907_64_received
4cb4_8539_0000_1607342907_65_received
b483_4cb4_0000_1607342914_66_received
4555_b483_0000_1607342915_67_received
eff8_4555_0000_1607342915_68_received
06d7_eff8_0000_1607342918_69_received
7ab4_eff8_0000_1607342919_69_received
cb76_7ab4_0000_1607342924_70_received
e578_cb76_0000_1607342929_71_received
ed6f_e578_0000_1607342930_72_received
d737_ed6f_0000_1607342932_73_received
bcb7_d737_0000_1607342943_74_received
6896_bcb7_0000_1607342945_75_received
894a_6896_0000_1607342946_76_received
0a5c_894a_0000_1607342952_77_received
3d24_0a5c_0000_1607342953_78_received
5d97_3d24_0000_1607342956_79_received
6396_5d97_0000_1607342960_80_received
9bce_6396_0000_1607342960_81_received
6557_9bce_0000_1607342966_82_received
1e57_6557_0000_1607342967_83_received
9a5f_1e57_0000_1607342969_84_received
9ead_9a5f_0000_1607342970_85_received
caff_9ead_0000_1607342971_86_received
56a7_caff_0000_1607342976_87_received
72ee_56a7_0000_1607342977_88_received
a4b0_72ee_0000_1607342979_89_received
d4a8_a4b0_0000_1607342981_90_received
5e54_d4a8_0000_1607342988_91_received
e986_5e54_0000_1607342988_92_received
0302_e986_0000_1607342990_93_received
0a9e_0302_0000_1607342993_94_received
1a65_0a9e_0000_1607342995_95_received
42b7_0a9e_0000_1607342996_95_received
0c0c_42b7_0000_1607342997_96_received
8999_0c0c_0000_1607342998_97_received
4232_8999_0000_1607343001_98_received
01df_4232_0000_1607343008_99_received
1b5e_01df_0000_1607343013_100_received
b171_1b5e_0000_1607343016_101_received
742d_b171_0000_1607343027_102_received
2223_742d_0000_1607343032_103_received
9a85_2223_0000_1607343036_104_received
665f_9a85_0000_1607343039_105_received
23ca_665f_0000_1607343049_106_received
95fe_23ca_0000_1607343050_107_received
09a6_95fe_0000_1607343052_108_received
4c23_09a6_0000_1607343060_109_received
1ebc_4c23_0000_1607343064_110_received
818a_4c23_0000_1607343065_110_received
3a51_818a_0000_1607343065_111_received
6199_3a51_0000_1607343066_112_received
0e62_6199_0000_1607343068_113_received
0a39_0e62_0000_1607343072_114_received
8eff_0a39_0000_1607343073_115_received
709a_8eff_0000_1607343076_116_received
10e8_709a_0000_1607343080_117_received
8519_10e8_0000_1607343082_118_received
e49d_8519_0000_1607343084_119_received
90ef_e49d_0000_1607343085_120_received
15b4_90ef_0000_1607343086_121_received
6a8a_15b4_0000_1607343088_122_received
f430_6a8a_0000_1607343090_123_received
f3b6_f430_0000_1607343095_124_received
b47e_f3b6_0000_1607343098_125_received
0a86_b47e_0000_1607343099_126_received
9efb_0a86_0000_1607343101_127_received
a20a_9efb_0000_1607343106_128_received
7d3f_a20a_0000_1607343107_129_received
8c22_7d3f_0000_1607343108_130_received
1982_7d3f_0000_1607343109_130_received
e956_8c22_0000_1607343112_131_received
ae79_e956_0000_1607343114_132_received
c651_ae79_0000_1607343117_133_received
820c_c651_0000_1607343118_134_received
67f2_820c_0000_1607343119_135_received
515c_67f2_0000_1607343123_136_received
a915_515c_0000_1607343126_137_received
12f8_a915_0000_1607343127_138_received
1085_12f8_0000_1607343132_139_received
8f83_1085_0000_1607343133_140_received
f480_8f83_0000_1607343135_141_received
5a6c_f480_0000_1607343135_142_received
a4bb_5a6c_0000_1607343136_143_received
d852_a4bb_0000_1607343140_144_received
5208_d852_0000_1607343149_145_received
79c8_5208_0000_1607343150_146_received
31b1_79c8_0000_1607343155_147_received
97e0_31b1_0000_1607343160_148_received
fa30_97e0_0000_1607343165_149_received
7575_fa30_0000_1607343169_150_received
e190_7575_0000_1607343172_151_received
3cc7_e190_0000_1607343174_152_received
33d8_3cc7_0000_1607343175_153_received
a8a4_33d8_0000_1607343176_154_received
e42b_a8a4_0000_1607343178_155_received
f405_e42b_0000_1607343183_156_received
e0d8_f405_0000_1607343184_157_received
8d1f_e0d8_0000_1607343184_158_received
fb76_e42b_0000_1607343184_156_received
3274_8d1f_0000_1607343188_159_received
d00f_3274_0000_1607343190_160_received
1912_d00f_0000_1607343190_161_received
69b6_1912_0000_1607343197_162_received
9e19_69b6_0000_1607343202_163_received
6fe7_9e19_0000_1607343202_164_received
d184_6fe7_0000_1607343203_165_received
f7f6_6fe7_0000_1607343204_165_received
b7c0_d184_0000_1607343204_166_received
6154_b7c0_0000_1607343207_167_received
9260_6154_0000_1607343207_168_received
fb85_9260_0000_1607343210_169_received
