46c1_9e1c_0000_1607342731_1_received
380c_46c1_0000_1607342739_2_generated
53e4_380c_0000_1607342740_3_generated
fe9c_53e4_0000_1607342744_4_generated
badb_fe9c_0000_1607342747_5_generated
a51c_badb_0000_1607342748_6_received
0a51_a51c_0000_1607342756_7_received
33f2_0a51_0000_1607342763_8_received
ffa4_33f2_0000_1607342765_9_generated
d90e_ffa4_0000_1607342767_10_generated
1708_d90e_0000_1607342768_11_generated
c145_1708_0000_1607342769_12_received
dc60_c145_0000_1607342769_13_received
9130_dc60_0000_1607342777_14_received
6144_9130_0000_1607342778_15_received
85ad_6144_0000_1607342781_16_generated
aca4_85ad_0000_1607342783_17_received
cb5c_aca4_0000_1607342785_18_received
a32a_cb5c_0000_1607342794_19_received
038e_a32a_0000_1607342795_20_generated
c1c1_038e_0000_1607342795_21_generated
54d0_c1c1_0000_1607342802_22_received
6e67_54d0_0000_1607342803_23_received
00ff_6e67_0000_1607342804_24_generated
3d9a_00ff_0000_1607342805_25_generated
87e3_3d9a_0000_1607342815_26_generated
f02d_87e3_0000_1607342816_27_generated
35a2_f02d_0000_1607342817_28_generated
3d7e_35a2_0000_1607342819_29_generated
5505_3d7e_0000_1607342821_30_generated
ccc5_5505_0000_1607342825_31_generated
6925_ccc5_0000_1607342825_32_generated
402c_6925_0000_1607342826_33_generated
55ca_402c_0000_1607342827_34_received
ac89_55ca_0000_1607342829_35_received
df84_ac89_0000_1607342829_36_received
bd5b_df84_0000_1607342830_37_received
fff5_bd5b_0000_1607342832_38_received
dbb8_fff5_0000_1607342833_39_received
8e58_dbb8_0000_1607342834_40_generated
4737_8e58_0000_1607342837_41_generated
7c4d_4737_0000_1607342839_42_received
d594_7c4d_0000_1607342839_43_received
ea2c_d594_0000_1607342840_44_generated
e007_ea2c_0000_1607342841_45_generated
d834_e007_0000_1607342846_46_generated
a28a_d834_0000_1607342846_47_generated
8276_a28a_0000_1607342851_48_received
d01e_8276_0000_1607342852_49_received
09b7_d01e_0000_1607342859_50_generated
0230_09b7_0000_1607342871_51_received
7bac_0230_0000_1607342878_52_generated
5276_7bac_0000_1607342879_53_received
1da8_5276_0000_1607342879_54_received
ab98_1da8_0000_1607342880_55_generated
f67f_ab98_0000_1607342881_56_received
ddd7_f67f_0000_1607342885_57_generated
0424_ddd7_0000_1607342885_58_generated
c79c_0424_0000_1607342887_59_generated
a21e_c79c_0000_1607342893_60_generated
ce77_a21e_0000_1607342898_61_generated
0f61_ce77_0000_1607342900_62_generated
771e_0f61_0000_1607342903_63_received
8539_771e_0000_1607342907_64_received
4cb4_8539_0000_1607342907_65_received
b483_4cb4_0000_1607342914_66_received
4555_b483_0000_1607342915_67_generated
eff8_4555_0000_1607342915_68_generated
7ab4_eff8_0000_1607342919_69_generated
06d7_eff8_0000_1607342918_69_received
cb76_7ab4_0000_1607342924_70_generated
e578_cb76_0000_1607342929_71_received
ed6f_e578_0000_1607342930_72_generated
d737_ed6f_0000_1607342932_73_received
bcb7_d737_0000_1607342943_74_received
6896_bcb7_0000_1607342945_75_received
894a_6896_0000_1607342946_76_received
0a5c_894a_0000_1607342952_77_received
3d24_0a5c_0000_1607342953_78_generated
5d97_3d24_0000_1607342956_79_received
6396_5d97_0000_1607342960_80_received
9bce_6396_0000_1607342960_81_received
6557_9bce_0000_1607342966_82_received
1e57_6557_0000_1607342967_83_generated
9a5f_1e57_0000_1607342969_84_received
9ead_9a5f_0000_1607342970_85_received
caff_9ead_0000_1607342971_86_generated
56a7_caff_0000_1607342976_87_generated
72ee_56a7_0000_1607342977_88_generated
a4b0_72ee_0000_1607342979_89_generated
d4a8_a4b0_0000_1607342981_90_generated
5e54_d4a8_0000_1607342988_91_received
e986_5e54_0000_1607342988_92_received
0302_e986_0000_1607342990_93_generated
0a9e_0302_0000_1607342993_94_received
42b7_0a9e_0000_1607342996_95_generated
1a65_0a9e_0000_1607342995_95_received
0c0c_42b7_0000_1607342997_96_generated
8999_0c0c_0000_1607342998_97_received
4232_8999_0000_1607343001_98_received
01df_4232_0000_1607343008_99_generated
1b5e_01df_0000_1607343013_100_received
b171_1b5e_0000_1607343016_101_received
742d_b171_0000_1607343027_102_generated
2223_742d_0000_1607343032_103_generated
9a85_2223_0000_1607343036_104_generated
665f_9a85_0000_1607343039_105_received
23ca_665f_0000_1607343049_106_received
95fe_23ca_0000_1607343050_107_received
09a6_95fe_0000_1607343052_108_generated
4c23_09a6_0000_1607343060_109_generated
1ebc_4c23_0000_1607343064_110_generated
818a_4c23_0000_1607343065_110_received
3a51_818a_0000_1607343065_111_received
6199_3a51_0000_1607343066_112_generated
0e62_6199_0000_1607343068_113_received
0a39_0e62_0000_1607343072_114_generated
8eff_0a39_0000_1607343073_115_generated
709a_8eff_0000_1607343076_116_generated
10e8_709a_0000_1607343080_117_generated
8519_10e8_0000_1607343082_118_generated
e49d_8519_0000_1607343084_119_received
90ef_e49d_0000_1607343085_120_generated
15b4_90ef_0000_1607343086_121_generated
6a8a_15b4_0000_1607343088_122_generated
f430_6a8a_0000_1607343090_123_generated
f3b6_f430_0000_1607343095_124_received
b47e_f3b6_0000_1607343098_125_received
0a86_b47e_0000_1607343099_126_generated
9efb_0a86_0000_1607343101_127_generated
a20a_9efb_0000_1607343106_128_received
7d3f_a20a_0000_1607343107_129_received
1982_7d3f_0000_1607343109_130_generated
8c22_7d3f_0000_1607343108_130_received
e956_8c22_0000_1607343112_131_received
ae79_e956_0000_1607343114_132_generated
c651_ae79_0000_1607343117_133_generated
820c_c651_0000_1607343118_134_generated
67f2_820c_0000_1607343119_135_received
515c_67f2_0000_1607343123_136_generated
a915_515c_0000_1607343126_137_generated
12f8_a915_0000_1607343127_138_received
1085_12f8_0000_1607343132_139_received
8f83_1085_0000_1607343133_140_received
f480_8f83_0000_1607343135_141_received
5a6c_f480_0000_1607343135_142_received
a4bb_5a6c_0000_1607343136_143_received
d852_a4bb_0000_1607343140_144_received
5208_d852_0000_1607343149_145_generated
79c8_5208_0000_1607343150_146_received
31b1_79c8_0000_1607343155_147_received
97e0_31b1_0000_1607343160_148_generated
fa30_97e0_0000_1607343165_149_received
7575_fa30_0000_1607343169_150_generated
e190_7575_0000_1607343172_151_generated
3cc7_e190_0000_1607343174_152_received
33d8_3cc7_0000_1607343175_153_generated
a8a4_33d8_0000_1607343176_154_generated
e42b_a8a4_0000_1607343178_155_received
fb76_e42b_0000_1607343184_156_generated
f405_e42b_0000_1607343183_156_received
e0d8_f405_0000_1607343184_157_received
8d1f_e0d8_0000_1607343184_158_received
3274_8d1f_0000_1607343188_159_received
d00f_3274_0000_1607343190_160_generated
1912_d00f_0000_1607343190_161_generated
69b6_1912_0000_1607343197_162_received
9e19_69b6_0000_1607343202_163_received
6fe7_9e19_0000_1607343202_164_received
d184_6fe7_0000_1607343203_165_generated
b7c0_d184_0000_1607343204_166_generated
f7f6_6fe7_0000_1607343204_165_received
6154_b7c0_0000_1607343207_167_received
9260_6154_0000_1607343207_168_received
fb85_9260_0000_1607343210_169_generated
9aef_fb85_0000_1607343211_170_generated
bb97_9aef_0000_1607343211_171_generated
5909_bb97_0000_1607343215_172_generated
b81a_5909_0000_1607343218_173_received
fde8_b81a_0000_1607343220_174_generated
4d6f_fde8_0000_1607343222_175_received
100d_4d6f_0000_1607343225_176_generated
fc10_100d_0000_1607343232_177_received
dcea_fc10_0000_1607343236_178_received
24b6_dcea_0000_1607343238_179_received
f102_24b6_0000_1607343239_180_generated
a595_f102_0000_1607343241_181_generated
545e_a595_0000_1607343242_182_generated
3676_545e_0000_1607343244_183_generated
e470_3676_0000_1607343250_184_generated
714f_e470_0000_1607343254_185_received
a2a2_714f_0000_1607343256_186_generated
b8f5_a2a2_0000_1607343260_187_received
6d5f_b8f5_0000_1607343264_188_generated
cf6a_6d5f_0000_1607343268_189_received
9e3a_cf6a_0000_1607343270_190_generated
1588_cf6a_0000_1607343271_190_received
494c_1588_0000_1607343273_191_received
0da5_494c_0000_1607343274_192_received
4331_0da5_0000_1607343275_193_received
f4fe_4331_0000_1607343278_194_generated
cfc9_f4fe_0000_1607343280_195_received
d30a_cfc9_0000_1607343283_196_received
bd29_d30a_0000_1607343284_197_received
40ea_bd29_0000_1607343289_198_generated
f21b_bd29_0000_1607343288_198_received
3510_40ea_0000_1607343292_199_generated
6b5d_3510_0000_1607343292_200_generated
d983_6b5d_0000_1607343299_201_generated
512b_d983_0000_1607343301_202_generated
74a1_512b_0000_1607343301_203_received
a2e6_74a1_0000_1607343303_204_generated
aebf_a2e6_0000_1607343305_205_generated
6d27_aebf_0000_1607343310_206_generated
b0ac_6d27_0000_1607343313_207_generated
068c_b0ac_0000_1607343314_208_generated
69f8_068c_0000_1607343317_209_received
58b4_69f8_0000_1607343317_210_received
6333_58b4_0000_1607343319_211_received
be09_6333_0000_1607343319_212_received
