bcbb_9e1c_0000_1607422604_1_generated
55b0_bcbb_0000_1607422653_2_received
9eac_55b0_0000_1607422681_3_received
b4ad_9eac_0000_1607422719_4_received
2286_b4ad_0000_1607422721_5_received
a0ae_2286_0000_1607422725_6_received
575f_a0ae_0000_1607422732_7_generated
c9af_575f_0000_1607422756_8_received
8212_c9af_0000_1607422786_9_received
3aa4_8212_0000_1607422787_10_received
c11b_3aa4_0000_1607422819_11_received
6437_c11b_0000_1607422821_12_received
bcaf_6437_0000_1607422829_13_generated
48b1_bcaf_0000_1607422843_14_received
34fc_48b1_0000_1607422852_15_received
f3b4_34fc_0000_1607422857_16_received
ce2a_f3b4_0000_1607422895_17_received
5795_ce2a_0000_1607422901_18_received
155c_5795_0000_1607422912_19_generated
828e_155c_0000_1607422943_20_received
e2fa_828e_0000_1607422944_21_received
f1f0_e2fa_0000_1607422947_22_received
00ce_f1f0_0000_1607422965_23_generated
91b7_00ce_0000_1607422972_24_received
1c69_91b7_0000_1607422975_25_received
158f_1c69_0000_1607422997_26_received
52ad_158f_0000_1607423012_27_received
1d69_52ad_0000_1607423042_28_received
cb63_1d69_0000_1607423053_29_received
6a20_cb63_0000_1607423063_30_received
c59d_6a20_0000_1607423078_31_received
7d46_c59d_0000_1607423080_32_received
ea36_7d46_0000_1607423104_33_received
a072_ea36_0000_1607423117_34_received
0477_a072_0000_1607423119_35_received
01f1_0477_0000_1607423136_36_received
63c8_01f1_0000_1607423185_37_received
