e0e8_9e1c_0000_1607389139_1_received
2e6d_e0e8_0000_1607389146_2_received
ba70_2e6d_0000_1607389172_3_received
0567_ba70_0000_1607389187_4_received
026e_0567_0000_1607389208_5_received
e5cf_026e_0000_1607389213_6_received
f26f_e5cf_0000_1607389226_7_received
2e7d_f26f_0000_1607389238_8_received
cdde_2e7d_0000_1607389244_9_received
74cb_cdde_0000_1607389263_10_received
d21f_74cb_0000_1607389266_11_received
efcd_d21f_0000_1607389275_12_received
6d83_efcd_0000_1607389280_13_received
f0e4_6d83_0000_1607389283_14_received
b6d8_f0e4_0000_1607389314_15_generated
995a_b6d8_0000_1607389354_16_received
183d_995a_0000_1607389355_17_received
a201_183d_0000_1607389375_18_received
8f06_a201_0000_1607389388_19_generated
24d4_8f06_0000_1607389392_20_received
bc63_24d4_0000_1607389402_21_received
0847_bc63_0000_1607389411_22_received
aca2_0847_0000_1607389424_23_generated
e950_aca2_0000_1607389434_24_received
9f5a_e950_0000_1607389452_25_received
4569_9f5a_0000_1607389464_26_received
7ae8_4569_0000_1607389464_27_received
a38b_7ae8_0000_1607389475_28_received
4390_a38b_0000_1607389479_29_received
0ae1_4390_0000_1607389484_30_received
9528_0ae1_0000_1607389485_31_received
3c36_9528_0000_1607389489_32_received
8286_3c36_0000_1607389493_33_received
9ab6_8286_0000_1607389501_34_generated
5b0e_9ab6_0000_1607389518_35_received
6016_5b0e_0000_1607389525_36_received
7370_6016_0000_1607389537_37_received
1571_7370_0000_1607389538_38_received
463c_1571_0000_1607389548_39_received
5c03_463c_0000_1607389549_40_received
f53c_5c03_0000_1607389552_41_received
8bad_f53c_0000_1607389562_42_received
ef81_8bad_0000_1607389567_43_received
e52f_ef81_0000_1607389579_44_received
8307_e52f_0000_1607389590_45_received
468f_8307_0000_1607389593_46_received
719b_468f_0000_1607389607_47_received
65c0_719b_0000_1607389630_48_received
c6db_65c0_0000_1607389654_49_received
9dca_c6db_0000_1607389656_50_received
b296_9dca_0000_1607389661_51_received
8e88_b296_0000_1607389668_52_received
79af_8e88_0000_1607389678_53_received
b271_79af_0000_1607389703_54_received
55fc_b271_0000_1607389709_55_received
8498_55fc_0000_1607389709_56_received
cb45_8498_0000_1607389714_57_received
a001_cb45_0000_1607389718_58_received
6eb5_a001_0000_1607389721_59_received
0fda_6eb5_0000_1607389728_60_received
039c_0fda_0000_1607389739_61_generated
4b40_039c_0000_1607389756_62_received
b363_039c_0000_1607389757_62_received
6558_4b40_0000_1607389771_63_received
deb4_6558_0000_1607389789_64_received
d791_deb4_0000_1607389790_65_received
d2bc_d791_0000_1607389816_66_received
3acf_d2bc_0000_1607389834_67_received
b74e_3acf_0000_1607389838_68_received
8f54_b74e_0000_1607389847_69_received
fb4e_8f54_0000_1607389847_70_received
4c2f_fb4e_0000_1607389856_71_received
f5fd_4c2f_0000_1607389858_72_received
a308_f5fd_0000_1607389862_73_received
1c15_a308_0000_1607389869_74_received
afde_1c15_0000_1607389877_75_received
d91b_afde_0000_1607389889_76_received
f53f_d91b_0000_1607389891_77_received
6d67_f53f_0000_1607389912_78_received
9c38_6d67_0000_1607389920_79_received
84b9_9c38_0000_1607389928_80_received
1a45_84b9_0000_1607389941_81_received
b4a4_1a45_0000_1607389943_82_received
d342_b4a4_0000_1607389948_83_received
1874_d342_0000_1607389953_84_received
6400_1874_0000_1607389956_85_received
e8fe_6400_0000_1607389962_86_received
44ab_6400_0000_1607389963_86_received
2ebc_e8fe_0000_1607389976_87_received
b55f_2ebc_0000_1607389991_88_received
1920_b55f_0000_1607389992_89_received
53af_1920_0000_1607390041_90_received
8833_53af_0000_1607390055_91_received
7163_8833_0000_1607390074_92_received
6a53_7163_0000_1607390077_93_received
10c6_6a53_0000_1607390103_94_received
07c0_10c6_0000_1607390115_95_received
21b5_07c0_0000_1607390123_96_received
1452_21b5_0000_1607390129_97_received
1278_21b5_0000_1607390130_97_received
a479_1452_0000_1607390133_98_generated
b04e_a479_0000_1607390153_99_received
dc05_b04e_0000_1607390160_100_received
e98e_dc05_0000_1607390162_101_received
339f_e98e_0000_1607390168_102_received
8ac4_339f_0000_1607390176_103_received
53ce_8ac4_0000_1607390189_104_received
9813_53ce_0000_1607390197_105_received
6d29_9813_0000_1607390203_106_received
6dac_6d29_0000_1607390217_107_received
3343_6dac_0000_1607390233_108_received
3731_3343_0000_1607390236_109_received
b940_3731_0000_1607390260_110_received
81ad_b940_0000_1607390285_111_received
781a_81ad_0000_1607390286_112_received
07cf_781a_0000_1607390287_113_received
07b4_07cf_0000_1607390293_114_received
