d803_9e1c_0000_1604985211_1_received
2404_d803_0000_1604985212_2_received
691c_2404_0000_1604985214_3_generated
a65e_2404_0000_1604985213_3_received
b370_691c_0000_1604985216_4_generated
7eae_a65e_0000_1604985214_4_received
c1bf_b370_0000_1604985216_5_generated
b1c8_7eae_0000_1604985218_5_received
c1b7_c1bf_0000_1604985221_6_received
bad0_c1b7_0000_1604985226_7_received
6abd_bad0_0000_1604985227_8_received
859a_6abd_0000_1604985230_9_generated
bc2a_6abd_0000_1604985228_9_received
f99b_859a_0000_1604985230_10_generated
18e6_bc2a_0000_1604985230_10_received
4ffe_18e6_0000_1604985231_11_received
0b2a_4ffe_0000_1604985232_12_received
d388_0b2a_0000_1604985235_13_received
5d95_d388_0000_1604985238_14_generated
c6a9_d388_0000_1604985237_14_received
98c9_c6a9_0000_1604985245_15_received
2645_98c9_0000_1604985245_16_received
befd_2645_0000_1604985249_17_generated
1417_2645_0000_1604985248_17_received
1493_befd_0000_1604985257_18_generated
bd58_1417_0000_1604985256_18_received
042f_bd58_0000_1604985258_19_received
541f_042f_0000_1604985260_20_received
ab46_541f_0000_1604985260_21_received
dfc2_ab46_0000_1604985266_22_generated
b144_ab46_0000_1604985268_22_received
bdb5_b144_0000_1604985273_23_received
89e3_bdb5_0000_1604985275_24_generated
78bb_bdb5_0000_1604985273_24_received
0354_89e3_0000_1604985277_25_generated
30d9_0354_0000_1604985279_26_received
8f8f_30d9_0000_1604985284_27_received
1161_f99b_0000_1604985288_11_received
45c7_8f8f_0000_1604985288_28_received
2122_45c7_0000_1604985291_29_received
b88f_2122_0000_1604985296_30_generated
5be4_b88f_0000_1604985296_31_generated
97f7_5be4_0000_1604985297_32_generated
24ef_97f7_0000_1604985298_33_generated
1ce0_24ef_0000_1604985298_34_generated
a93a_1ce0_0000_1604985299_35_generated
9e7d_2122_0000_1604985297_30_received
4880_9e7d_0000_1604985297_31_received
c527_4880_0000_1604985297_32_received
c31b_a93a_0000_1604985304_36_generated
8087_c31b_0000_1604985310_37_received
2773_8087_0000_1604985314_38_generated
06e6_8087_0000_1604985312_38_received
ff54_06e6_0000_1604985315_39_received
4d58_ff54_0000_1604985319_40_received
2626_4d58_0000_1604985320_41_received
eb5c_2626_0000_1604985323_42_generated
b3e7_2626_0000_1604985322_42_received
62fb_b3e7_0000_1604985323_43_received
c71c_62fb_0000_1604985330_44_generated
9cb4_c71c_0000_1604985331_45_generated
cac3_1161_0000_1604985330_12_received
804e_9cb4_0000_1604985331_46_received
f3f6_804e_0000_1604985336_47_generated
970e_f3f6_0000_1604985336_48_generated
fb15_804e_0000_1604985335_47_received
edbc_fb15_0000_1604985336_48_received
d88d_cac3_0000_1604985338_13_received
96ac_edbc_0000_1604985343_49_received
7fab_d88d_0000_1604985343_14_received
b587_96ac_0000_1604985344_50_received
a5aa_b587_0000_1604985349_51_received
7804_a5aa_0000_1604985357_52_generated
cc94_7804_0000_1604985362_53_generated
4cd8_7804_0000_1604985360_53_received
fbe1_cc94_0000_1604985363_54_generated
00ba_4cd8_0000_1604985362_54_received
38eb_00ba_0000_1604985366_55_received
5565_38eb_0000_1604985372_56_generated
3a52_5565_0000_1604985376_57_generated
faac_3a52_0000_1604985380_58_received
56b3_faac_0000_1604985382_59_received
9c3a_56b3_0000_1604985383_60_received
c93a_9c3a_0000_1604985384_61_received
d446_c93a_0000_1604985385_62_received
ee23_d446_0000_1604985388_63_generated
df8d_ee23_0000_1604985391_64_generated
6096_df8d_0000_1604985393_65_generated
0439_7fab_0000_1604985394_15_received
ce9c_6096_0000_1604985394_66_received
cf1b_ce9c_0000_1604985399_67_received
c03f_cf1b_0000_1604985407_68_generated
79fd_c03f_0000_1604985415_69_generated
8256_79fd_0000_1604985416_70_generated
003f_8256_0000_1604985418_71_generated
54fc_003f_0000_1604985419_72_generated
0763_54fc_0000_1604985428_73_received
0ea2_0763_0000_1604985430_74_received
5243_0ea2_0000_1604985433_75_received
5933_5243_0000_1604985433_76_received
657c_5933_0000_1604985433_77_received
4457_0439_0000_1604985435_16_received
cdc9_657c_0000_1604985439_78_generated
cb95_657c_0000_1604985441_78_received
cdc8_cb95_0000_1604985443_79_received
ac55_cdc8_0000_1604985452_80_received
0af3_ac55_0000_1604985456_81_generated
a0b5_4457_0000_1604985458_17_received
50fc_0af3_0000_1604985464_82_generated
f4bf_50fc_0000_1604985464_83_generated
2e51_0af3_0000_1604985465_82_received
3e91_2e51_0000_1604985466_83_received
0bbe_3e91_0000_1604985470_84_received
a3f6_0bbe_0000_1604985472_85_generated
4777_a3f6_0000_1604985473_86_generated
0655_4777_0000_1604985473_87_generated
65f6_a0b5_0000_1604985476_18_received
71af_0655_0000_1604985477_88_received
57c5_71af_0000_1604985479_89_received
7e64_57c5_0000_1604985479_90_received
f36c_7e64_0000_1604985483_91_generated
8dcf_f36c_0000_1604985487_92_generated
289d_65f6_0000_1604985487_19_received
e020_f36c_0000_1604985488_92_received
aa9e_8dcf_0000_1604985494_93_generated
5486_e020_0000_1604985494_93_received
68b7_aa9e_0000_1604985496_94_generated
2314_68b7_0000_1604985499_95_generated
4dc0_2314_0000_1604985501_96_generated
7e9d_289d_0000_1604985503_20_received
f422_2314_0000_1604985503_96_received
c14b_4dc0_0000_1604985508_97_generated
4a9e_f422_0000_1604985508_97_received
b883_4a9e_0000_1604985509_98_received
06a9_b883_0000_1604985510_99_received
bb2f_06a9_0000_1604985511_100_received
202d_bb2f_0000_1604985511_101_received
e748_202d_0000_1604985511_102_received
f8de_e748_0000_1604985514_103_generated
de3c_e748_0000_1604985513_103_received
7a93_f8de_0000_1604985518_104_generated
4fdb_de3c_0000_1604985517_104_received
91e6_7e9d_0000_1604985519_21_received
be02_4fdb_0000_1604985521_105_received
d2c5_be02_0000_1604985523_106_generated
5d8b_d2c5_0000_1604985527_107_generated
ef38_5d8b_0000_1604985529_108_received
35e2_ef38_0000_1604985530_109_received
e6a6_35e2_0000_1604985530_110_received
247f_e6a6_0000_1604985532_111_received
dc1c_247f_0000_1604985532_112_received
4c2e_dc1c_0000_1604985538_113_generated
e9c3_dc1c_0000_1604985536_113_received
d41f_e9c3_0000_1604985541_114_received
1a74_d41f_0000_1604985541_115_received
a617_1a74_0000_1604985542_116_received
d171_a617_0000_1604985545_117_received
54ca_d171_0000_1604985551_118_received
a06b_54ca_0000_1604985554_119_generated
f16c_54ca_0000_1604985552_119_received
1edc_f16c_0000_1604985554_120_received
2cbb_1edc_0000_1604985557_121_generated
9fd9_2cbb_0000_1604985557_122_received
2752_91e6_0000_1604985565_22_received
5053_2752_0000_1604985566_23_received
e735_9fd9_0000_1604985570_123_generated
aaa5_5053_0000_1604985573_24_received
f7db_e735_0000_1604985575_124_received
2f44_f7db_0000_1604985576_125_received
3aa4_2f44_0000_1604985577_126_received
54d3_3aa4_0000_1604985580_127_generated
5df7_3aa4_0000_1604985579_127_received
aa4a_5df7_0000_1604985580_128_received
ca8f_aa4a_0000_1604985582_129_generated
7b07_aa4a_0000_1604985581_129_received
a053_7b07_0000_1604985582_130_received
7d90_aaa5_0000_1604985583_25_received
2caf_a053_0000_1604985586_131_received
f266_2caf_0000_1604985589_132_received
5b52_f266_0000_1604985591_133_received
f70d_7d90_0000_1604985592_26_received
934a_5b52_0000_1604985593_134_received
b626_934a_0000_1604985594_135_received
893e_f70d_0000_1604985594_27_received
196e_b626_0000_1604985597_136_received
c6ac_196e_0000_1604985599_137_generated
0f3c_c6ac_0000_1604985601_138_generated
8529_0f3c_0000_1604985602_139_generated
9446_8529_0000_1604985602_140_generated
32d9_8529_0000_1604985604_140_received
a800_32d9_0000_1604985606_141_received
7eb0_a800_0000_1604985609_142_generated
f5f5_7eb0_0000_1604985610_143_generated
e42a_f5f5_0000_1604985612_144_generated
e72d_e42a_0000_1604985613_145_received
859b_893e_0000_1604985614_28_received
f8d1_e72d_0000_1604985616_146_received
ca8d_f8d1_0000_1604985617_147_received
61ba_ca8d_0000_1604985627_148_generated
f082_61ba_0000_1604985632_149_generated
aee5_f082_0000_1604985633_150_generated
14d0_61ba_0000_1604985631_149_received
1030_aee5_0000_1604985636_151_received
95f2_1030_0000_1604985636_152_received
c118_95f2_0000_1604985639_153_generated
c11a_c118_0000_1604985642_154_generated
3a94_c11a_0000_1604985643_155_generated
2e96_3a94_0000_1604985643_156_generated
7145_3a94_0000_1604985644_156_received
55c7_7145_0000_1604985644_157_received
2d77_55c7_0000_1604985647_158_generated
d051_2d77_0000_1604985648_159_generated
aebb_d051_0000_1604985648_160_generated
f8e5_aebb_0000_1604985649_161_generated
d4a0_f8e5_0000_1604985651_162_generated
0b05_d051_0000_1604985650_160_received
f2d4_859b_0000_1604985651_29_received
8e20_d4a0_0000_1604985656_163_generated
dae2_d4a0_0000_1604985654_163_received
3d6d_dae2_0000_1604985654_164_received
a7aa_3d6d_0000_1604985658_165_generated
6f25_3d6d_0000_1604985657_165_received
1f76_6f25_0000_1604985664_166_received
e544_1f76_0000_1604985664_167_received
d475_e544_0000_1604985666_168_received
819d_d475_0000_1604985669_169_received
005d_f2d4_0000_1604985670_30_received
dd36_819d_0000_1604985673_170_received
0947_dd36_0000_1604985675_171_received
a788_005d_0000_1604985679_31_received
9aa6_0947_0000_1604985682_172_generated
80b3_0947_0000_1604985680_172_received
338a_80b3_0000_1604985681_173_received
07d1_338a_0000_1604985684_174_generated
6737_07d1_0000_1604985685_175_generated
80a2_338a_0000_1604985685_174_received
5630_80a2_0000_1604985687_175_received
991e_6737_0000_1604985693_176_generated
4156_5630_0000_1604985691_176_received
bb32_991e_0000_1604985693_177_generated
9727_4156_0000_1604985691_177_received
c52d_9727_0000_1604985691_178_received
e7ec_c52d_0000_1604985699_179_generated
991f_c52d_0000_1604985697_179_received
d2ad_991f_0000_1604985698_180_received
7b75_d2ad_0000_1604985698_181_received
9611_7b75_0000_1604985698_182_received
d700_a788_0000_1604985704_32_received
58f5_9611_0000_1604985706_183_generated
b3c3_58f5_0000_1604985707_184_generated
4bb0_58f5_0000_1604985706_184_received
6ddf_b3c3_0000_1604985709_185_generated
95af_4bb0_0000_1604985711_185_received
dece_6ddf_0000_1604985716_186_generated
a4f7_d700_0000_1604985715_33_received
1fa7_dece_0000_1604985723_187_received
1335_1fa7_0000_1604985725_188_received
b7f9_1335_0000_1604985726_189_received
5337_b7f9_0000_1604985729_190_received
b615_5337_0000_1604985737_191_generated
7ed7_b615_0000_1604985738_192_generated
1524_7ed7_0000_1604985739_193_generated
06a8_1524_0000_1604985741_194_generated
e026_b615_0000_1604985740_192_received
6b85_06a8_0000_1604985743_195_generated
7bed_6b85_0000_1604985745_196_generated
76a5_7bed_0000_1604985749_197_received
1ef3_76a5_0000_1604985751_198_received
f3f3_1ef3_0000_1604985754_199_generated
77d3_f3f3_0000_1604985757_200_generated
b35f_a4f7_0000_1604985759_34_received
8644_77d3_0000_1604985760_201_received
ef2c_b35f_0000_1604985760_35_received
5d4d_8644_0000_1604985763_202_generated
8117_8644_0000_1604985764_202_received
8223_5d4d_0000_1604985767_203_generated
37e5_8223_0000_1604985768_204_generated
5fbd_37e5_0000_1604985769_205_generated
2819_8117_0000_1604985768_203_received
291d_5fbd_0000_1604985772_206_generated
65ad_291d_0000_1604985776_207_generated
e733_65ad_0000_1604985776_208_generated
4aa5_e733_0000_1604985778_209_generated
078f_e733_0000_1604985779_209_received
0059_4aa5_0000_1604985783_210_generated
a1f1_078f_0000_1604985781_210_received
d114_a1f1_0000_1604985781_211_received
81ae_d114_0000_1604985784_212_generated
21aa_81ae_0000_1604985784_213_generated
902f_21aa_0000_1604985787_214_received
4282_902f_0000_1604985790_215_generated
82be_902f_0000_1604985789_215_received
cdbc_82be_0000_1604985789_216_received
5de5_cdbc_0000_1604985796_217_received
5078_5de5_0000_1604985797_218_received
f12c_5078_0000_1604985799_219_received
04c1_ef2c_0000_1604985802_36_received
ee38_04c1_0000_1604985805_37_received
dd82_f12c_0000_1604985806_220_received
7da6_dd82_0000_1604985810_221_received
3979_7da6_0000_1604985810_222_received
3120_3979_0000_1604985812_223_received
a3e4_3120_0000_1604985816_224_generated
8875_a3e4_0000_1604985816_225_generated
6d8d_3120_0000_1604985815_224_received
6222_6d8d_0000_1604985816_225_received
fff3_8875_0000_1604985819_226_generated
3b02_6222_0000_1604985820_226_received
b584_ee38_0000_1604985824_38_received
46fc_fff3_0000_1604985827_227_generated
1ae2_3b02_0000_1604985827_227_received
eb79_1ae2_0000_1604985831_228_received
2524_eb79_0000_1604985832_229_received
c79d_2524_0000_1604985834_230_received
d2b8_c79d_0000_1604985835_231_received
3e78_d2b8_0000_1604985836_232_received
9bf7_3e78_0000_1604985847_233_generated
e804_9bf7_0000_1604985847_234_generated
e768_3e78_0000_1604985848_233_received
62e3_e804_0000_1604985849_235_received
5542_62e3_0000_1604985850_236_received
29fc_5542_0000_1604985851_237_received
def2_29fc_0000_1604985852_238_received
c44f_b584_0000_1604985853_39_received
6e1e_def2_0000_1604985856_239_received
91b0_6e1e_0000_1604985856_240_received
77ec_91b0_0000_1604985856_241_received
0533_77ec_0000_1604985861_242_generated
59ee_77ec_0000_1604985862_242_received
d6fa_0533_0000_1604985866_243_generated
7d11_59ee_0000_1604985864_243_received
262f_d6fa_0000_1604985868_244_generated
b3c7_262f_0000_1604985869_245_generated
6ee1_c44f_0000_1604985871_40_received
80cf_b3c7_0000_1604985873_246_received
c971_80cf_0000_1604985877_247_received
96b3_c971_0000_1604985880_248_received
f25f_96b3_0000_1604985885_249_received
e0f0_f25f_0000_1604985887_250_received
00e1_e0f0_0000_1604985887_251_received
9412_00e1_0000_1604985889_252_received
af20_9412_0000_1604985898_253_generated
0e3e_af20_0000_1604985899_254_generated
c1e9_9412_0000_1604985899_253_received
8297_0e3e_0000_1604985903_255_received
36d5_8297_0000_1604985906_256_generated
7d86_36d5_0000_1604985908_257_generated
0cb3_7d86_0000_1604985908_258_generated
173b_6ee1_0000_1604985915_41_received
65df_0cb3_0000_1604985921_259_received
d28a_65df_0000_1604985927_260_received
ffd1_d28a_0000_1604985929_261_received
1dc8_ffd1_0000_1604985931_262_received
