f355_9e1c_0000_1607095957_1_generated
202b_f355_0000_1607095962_2_generated
fa0c_202b_0000_1607095964_3_generated
807a_fa0c_0000_1607095968_4_generated
ac2b_807a_0000_1607095968_5_generated
764c_ac2b_0000_1607095969_6_generated
9f99_764c_0000_1607095969_7_generated
67ad_9f99_0000_1607095970_8_generated
28ff_807a_0000_1607095969_5_received
21f3_67ad_0000_1607095972_9_received
15aa_21f3_0000_1607095974_10_received
e0c8_15aa_0000_1607095976_11_received
a53e_e0c8_0000_1607095979_12_generated
04f6_a53e_0000_1607095981_13_generated
2f8f_04f6_0000_1607095983_14_generated
85ce_2f8f_0000_1607095985_15_received
6a91_85ce_0000_1607095989_16_generated
5d4b_6a91_0000_1607095993_17_generated
338d_6a91_0000_1607095994_17_received
5bc9_5d4b_0000_1607095996_18_received
280d_5bc9_0000_1607095998_19_received
bcac_280d_0000_1607096000_20_generated
4aad_280d_0000_1607096001_20_received
a38c_bcac_0000_1607096003_21_generated
c369_4aad_0000_1607096003_21_received
6ee5_a38c_0000_1607096007_22_generated
6feb_6ee5_0000_1607096009_23_received
1816_6feb_0000_1607096012_24_received
7b14_1816_0000_1607096018_25_generated
a7af_7b14_0000_1607096018_26_generated
1c47_a7af_0000_1607096021_27_received
d5d1_1c47_0000_1607096028_28_received
4df7_1c47_0000_1607096030_28_received
e1c7_4df7_0000_1607096031_29_received
a645_e1c7_0000_1607096032_30_received
5f9a_a645_0000_1607096036_31_received
e5c8_5f9a_0000_1607096037_32_received
b647_e5c8_0000_1607096038_33_received
c318_b647_0000_1607096040_34_generated
e975_c318_0000_1607096046_35_received
5aee_e975_0000_1607096047_36_generated
6f79_5aee_0000_1607096049_37_generated
cdb6_5aee_0000_1607096050_37_received
0455_cdb6_0000_1607096058_38_received
0828_0455_0000_1607096058_39_received
9747_0828_0000_1607096060_40_generated
d29c_9747_0000_1607096061_41_generated
d792_d29c_0000_1607096064_42_received
ea32_d792_0000_1607096067_43_generated
3f77_ea32_0000_1607096067_44_generated
44bd_3f77_0000_1607096069_45_generated
0a82_44bd_0000_1607096073_46_received
e8da_0a82_0000_1607096076_47_generated
52ef_e8da_0000_1607096077_48_generated
ce4f_52ef_0000_1607096077_49_generated
2d5d_0a82_0000_1607096077_47_received
4b23_ce4f_0000_1607096081_50_generated
a28d_4b23_0000_1607096082_51_received
3c6b_a28d_0000_1607096085_52_generated
d6c3_3c6b_0000_1607096087_53_generated
f769_d6c3_0000_1607096087_54_received
77f3_f769_0000_1607096098_55_received
6290_77f3_0000_1607096099_56_received
c6f3_6290_0000_1607096102_57_generated
5a2f_6290_0000_1607096101_57_received
1e74_5a2f_0000_1607096101_58_received
de15_5a2f_0000_1607096102_58_received
405a_de15_0000_1607096102_59_received
50d8_405a_0000_1607096106_60_received
c8b3_50d8_0000_1607096115_61_received
3474_c8b3_0000_1607096120_62_generated
79b2_3474_0000_1607096123_63_received
3bfe_79b2_0000_1607096128_64_generated
054c_79b2_0000_1607096129_64_received
781e_3bfe_0000_1607096133_65_generated
b9a9_3bfe_0000_1607096134_65_received
c747_781e_0000_1607096141_66_generated
f433_b9a9_0000_1607096140_66_received
1141_c747_0000_1607096146_67_generated
4ca6_1141_0000_1607096148_68_generated
63a6_4ca6_0000_1607096148_69_generated
a213_63a6_0000_1607096151_70_generated
a7ed_a213_0000_1607096153_71_generated
87f2_a7ed_0000_1607096155_72_generated
879b_87f2_0000_1607096157_73_generated
f42c_879b_0000_1607096162_74_generated
840f_f42c_0000_1607096163_75_generated
e354_840f_0000_1607096168_76_generated
3696_e354_0000_1607096171_77_generated
e4df_e354_0000_1607096172_77_received
e962_e4df_0000_1607096180_78_received
55e0_e962_0000_1607096182_79_generated
65d8_55e0_0000_1607096184_80_generated
6424_65d8_0000_1607096187_81_received
6303_6424_0000_1607096192_82_generated
8481_6303_0000_1607096193_83_received
dd21_8481_0000_1607096196_84_generated
0c54_dd21_0000_1607096196_85_received
ed11_0c54_0000_1607096199_86_generated
9352_ed11_0000_1607096200_87_generated
e130_9352_0000_1607096207_88_received
e862_e130_0000_1607096211_89_received
7003_e862_0000_1607096216_90_generated
a138_e862_0000_1607096215_90_received
2d99_a138_0000_1607096221_91_received
1adc_2d99_0000_1607096224_92_generated
51f9_1adc_0000_1607096226_93_generated
fe98_51f9_0000_1607096231_94_received
d1c3_fe98_0000_1607096236_95_generated
7573_d1c3_0000_1607096238_96_received
de56_7573_0000_1607096240_97_generated
1877_de56_0000_1607096242_98_generated
8736_7573_0000_1607096241_97_received
da41_1877_0000_1607096244_99_received
d785_da41_0000_1607096246_100_generated
58c8_d785_0000_1607096248_101_generated
6ffb_58c8_0000_1607096250_102_received
b755_6ffb_0000_1607096252_103_generated
c68b_b755_0000_1607096258_104_generated
867e_b755_0000_1607096257_104_received
3385_c68b_0000_1607096259_105_generated
45a4_3385_0000_1607096266_106_received
a4ea_45a4_0000_1607096267_107_received
e92b_a4ea_0000_1607096268_108_generated
dd8b_e92b_0000_1607096272_109_generated
e63a_dd8b_0000_1607096273_110_generated
9e21_e92b_0000_1607096273_109_received
1a46_9e21_0000_1607096273_110_received
a2be_1a46_0000_1607096277_111_received
e706_a2be_0000_1607096280_112_received
fc4a_e706_0000_1607096280_113_received
58cb_fc4a_0000_1607096287_114_received
79bd_58cb_0000_1607096289_115_received
4374_79bd_0000_1607096290_116_generated
f1ee_79bd_0000_1607096291_116_received
6f06_4374_0000_1607096294_117_generated
bdc4_f1ee_0000_1607096293_117_received
634d_6f06_0000_1607096298_118_generated
cb36_bdc4_0000_1607096297_118_received
8c1f_bdc4_0000_1607096298_118_received
8ff2_634d_0000_1607096300_119_generated
f71d_8ff2_0000_1607096300_120_generated
0b61_f71d_0000_1607096306_121_generated
860f_0b61_0000_1607096311_122_generated
759e_860f_0000_1607096311_123_generated
fdd8_0b61_0000_1607096312_122_received
d763_759e_0000_1607096314_124_generated
f066_d763_0000_1607096318_125_received
59ea_f066_0000_1607096319_126_received
4d7b_59ea_0000_1607096320_127_generated
7910_4d7b_0000_1607096321_128_generated
5c7b_7910_0000_1607096324_129_generated
5647_5c7b_0000_1607096324_130_generated
3b9d_7910_0000_1607096325_129_received
23e5_5c7b_0000_1607096326_130_received
61c1_23e5_0000_1607096329_131_received
b76b_61c1_0000_1607096332_132_generated
455f_b76b_0000_1607096333_133_received
50cd_455f_0000_1607096337_134_generated
4a30_50cd_0000_1607096337_135_generated
2ad7_4a30_0000_1607096337_136_generated
bb77_2ad7_0000_1607096339_137_generated
325e_bb77_0000_1607096341_138_received
082b_325e_0000_1607096345_139_generated
e753_082b_0000_1607096350_140_generated
bcba_e753_0000_1607096353_141_generated
e478_bcba_0000_1607096353_142_generated
342e_e753_0000_1607096352_141_received
ea16_e478_0000_1607096357_143_received
fd19_ea16_0000_1607096361_144_generated
e42e_fd19_0000_1607096363_145_generated
a21b_ea16_0000_1607096362_144_received
64ba_e42e_0000_1607096364_146_generated
acb6_64ba_0000_1607096368_147_generated
492b_acb6_0000_1607096369_148_generated
5139_492b_0000_1607096373_149_generated
5484_5139_0000_1607096374_150_generated
8d03_5484_0000_1607096374_151_generated
6acb_8d03_0000_1607096375_152_generated
1218_6acb_0000_1607096380_153_generated
33de_1218_0000_1607096389_154_received
1267_33de_0000_1607096389_155_received
bebb_1267_0000_1607096391_156_received
4f2c_bebb_0000_1607096393_157_received
063e_4f2c_0000_1607096394_158_generated
165f_063e_0000_1607096394_159_generated
49a8_165f_0000_1607096397_160_generated
1ca8_49a8_0000_1607096397_161_generated
4dec_1ca8_0000_1607096402_162_received
491c_4dec_0000_1607096410_163_received
13df_491c_0000_1607096413_164_generated
c98b_491c_0000_1607096414_164_received
f77c_13df_0000_1607096418_165_generated
89ff_f77c_0000_1607096419_166_generated
8349_f77c_0000_1607096420_166_received
b9da_89ff_0000_1607096423_167_generated
5ce5_8349_0000_1607096422_167_received
ab90_5ce5_0000_1607096424_168_received
6089_ab90_0000_1607096426_169_generated
02f8_6089_0000_1607096427_170_generated
392c_ab90_0000_1607096425_169_received
e469_392c_0000_1607096426_170_received
3d38_02f8_0000_1607096428_171_generated
4b54_3d38_0000_1607096428_172_generated
e0ac_4b54_0000_1607096430_173_received
9cdb_e0ac_0000_1607096433_174_received
fbb6_9cdb_0000_1607096440_175_generated
9b76_fbb6_0000_1607096442_176_generated
e18c_9b76_0000_1607096443_177_generated
01df_e18c_0000_1607096445_178_generated
d35a_01df_0000_1607096446_179_received
4710_01df_0000_1607096447_179_received
d164_d35a_0000_1607096450_180_generated
a879_d164_0000_1607096453_181_received
26a4_a879_0000_1607096454_182_received
18b9_26a4_0000_1607096458_183_generated
36b4_18b9_0000_1607096461_184_received
112d_36b4_0000_1607096465_185_generated
3bf9_112d_0000_1607096469_186_received
fae8_3bf9_0000_1607096471_187_generated
7ceb_fae8_0000_1607096471_188_generated
165c_7ceb_0000_1607096475_189_generated
6799_165c_0000_1607096476_190_generated
8848_6799_0000_1607096479_191_received
b811_8848_0000_1607096482_192_generated
8752_8848_0000_1607096481_192_received
d6be_b811_0000_1607096491_193_generated
b92f_8752_0000_1607096491_193_received
854d_d6be_0000_1607096495_194_generated
9129_854d_0000_1607096496_195_generated
77bb_b92f_0000_1607096496_194_received
300b_9129_0000_1607096498_196_received
dd39_300b_0000_1607096499_197_generated
cd4e_dd39_0000_1607096501_198_received
7d06_cd4e_0000_1607096503_199_generated
d775_7d06_0000_1607096504_200_generated
139f_d775_0000_1607096507_201_generated
6f50_139f_0000_1607096511_202_generated
7693_6f50_0000_1607096511_203_received
2bf4_7693_0000_1607096513_204_generated
fd22_2bf4_0000_1607096514_205_generated
daa8_7693_0000_1607096514_204_received
b2c6_fd22_0000_1607096519_206_received
75a6_b2c6_0000_1607096522_207_generated
a354_75a6_0000_1607096524_208_generated
f210_a354_0000_1607096528_209_generated
c97f_f210_0000_1607096543_210_generated
b26c_c97f_0000_1607096545_211_generated
ec33_b26c_0000_1607096545_212_generated
e467_c97f_0000_1607096546_211_received
105d_ec33_0000_1607096547_213_generated
e4eb_105d_0000_1607096548_214_generated
a2bc_ec33_0000_1607096549_213_received
1666_e4eb_0000_1607096553_215_generated
205c_1666_0000_1607096559_216_received
49fe_205c_0000_1607096561_217_generated
2def_49fe_0000_1607096562_218_generated
c9fe_2def_0000_1607096563_219_generated
998e_c9fe_0000_1607096567_220_generated
3dab_998e_0000_1607096568_221_generated
c8b9_3dab_0000_1607096574_222_generated
bd0c_c8b9_0000_1607096577_223_generated
8b4a_bd0c_0000_1607096578_224_generated
3e35_8b4a_0000_1607096579_225_generated
f818_bd0c_0000_1607096579_224_received
3400_f818_0000_1607096579_225_received
34b6_3e35_0000_1607096582_226_generated
8924_3400_0000_1607096582_226_received
3780_34b6_0000_1607096584_227_generated
a4d5_3780_0000_1607096585_228_generated
3570_a4d5_0000_1607096589_229_generated
4ebd_3570_0000_1607096591_230_generated
adda_4ebd_0000_1607096591_231_generated
3fb1_adda_0000_1607096592_232_generated
f35e_adda_0000_1607096593_232_received
daca_3fb1_0000_1607096597_233_generated
69d3_daca_0000_1607096599_234_generated
c302_69d3_0000_1607096599_235_generated
a509_c302_0000_1607096603_236_generated
01f5_a509_0000_1607096605_237_generated
fd71_01f5_0000_1607096608_238_received
5ee8_fd71_0000_1607096608_239_received
806b_5ee8_0000_1607096610_240_generated
6606_806b_0000_1607096614_241_generated
28ef_6606_0000_1607096616_242_generated
db51_28ef_0000_1607096619_243_generated
bcbb_db51_0000_1607096619_244_generated
ddc4_28ef_0000_1607096618_243_received
f689_bcbb_0000_1607096629_245_received
f549_f689_0000_1607096633_246_generated
ede0_f549_0000_1607096634_247_generated
0909_ede0_0000_1607096642_248_generated
9047_ede0_0000_1607096641_248_received
663a_0909_0000_1607096646_249_generated
ba87_663a_0000_1607096649_250_generated
2834_ba87_0000_1607096650_251_generated
7bc4_663a_0000_1607096650_250_received
bbf0_2834_0000_1607096653_252_received
8e79_bbf0_0000_1607096655_253_received
d307_8e79_0000_1607096658_254_generated
5a30_8e79_0000_1607096657_254_received
39d1_5a30_0000_1607096658_255_received
fc89_39d1_0000_1607096662_256_generated
bcfe_fc89_0000_1607096664_257_received
93c9_bcfe_0000_1607096666_258_received
983b_93c9_0000_1607096672_259_generated
4158_983b_0000_1607096678_260_received
