8ba1_9e1c_0000_1605073227_1_received
a320_8ba1_0000_1605073231_2_received
af3a_a320_0000_1605073232_3_received
55d8_a320_0000_1605073233_3_received
5131_55d8_0000_1605073238_4_received
e5a5_5131_0000_1605073241_5_received
bf28_5131_0000_1605073242_5_received
badc_e5a5_0000_1605073242_6_received
a7f6_badc_0000_1605073244_7_received
02ef_a7f6_0000_1605073245_8_received
0ff1_02ef_0000_1605073246_9_received
13de_0ff1_0000_1605073246_10_received
bee5_13de_0000_1605073258_11_generated
fadc_bee5_0000_1605073295_12_generated
c33e_fadc_0000_1605073309_13_generated
ff8f_c33e_0000_1605073333_14_generated
5344_ff8f_0000_1605073385_15_generated
3f94_5344_0000_1605073410_16_generated
3f78_3f94_0000_1605073412_17_generated
8734_3f78_0000_1605073438_18_generated
aa18_8734_0000_1605073454_19_generated
23ba_aa18_0000_1605073464_20_generated
ed76_23ba_0000_1605073471_21_generated
ac2e_ed76_0000_1605073492_22_generated
1862_ac2e_0000_1605073534_23_generated
5545_1862_0000_1605073543_24_generated
38ac_5545_0000_1605073566_25_generated
6b78_38ac_0000_1605073572_26_generated
7e22_6b78_0000_1605073576_27_generated
77b6_7e22_0000_1605073584_28_generated
2eb2_77b6_0000_1605073589_29_generated
d3d2_2eb2_0000_1605073600_30_generated
fb8e_d3d2_0000_1605073601_31_generated
4217_fb8e_0000_1605073604_32_generated
38fb_4217_0000_1605073608_33_generated
9c39_38fb_0000_1605073610_34_generated
f463_9c39_0000_1605073619_35_generated
d52c_f463_0000_1605073625_36_generated
1163_d52c_0000_1605073631_37_generated
8e15_1163_0000_1605073651_38_generated
8ff4_8e15_0000_1605073660_39_generated
31ba_8ff4_0000_1605073672_40_generated
4f9e_31ba_0000_1605073673_41_generated
cf1b_4f9e_0000_1605073682_42_generated
615b_cf1b_0000_1605073683_43_generated
f142_615b_0000_1605073700_44_generated
4146_f142_0000_1605073719_45_generated
a99e_4146_0000_1605073725_46_generated
167d_a99e_0000_1605073731_47_generated
52cf_167d_0000_1605073750_48_generated
9071_52cf_0000_1605073752_49_generated
ec22_9071_0000_1605073758_50_generated
137a_ec22_0000_1605073787_51_generated
fee7_137a_0000_1605073788_52_generated
9f69_fee7_0000_1605073800_53_generated
1954_9f69_0000_1605073810_54_generated
8577_1954_0000_1605073875_55_generated
1e85_8577_0000_1605073883_56_generated
b967_1e85_0000_1605073889_57_generated
6999_b967_0000_1605073896_58_generated
b708_6999_0000_1605073907_59_generated
3031_b708_0000_1605073919_60_generated
7437_3031_0000_1605073942_61_generated
