8ba1_9e1c_0000_1605073227_1_received
a320_8ba1_0000_1605073231_2_received
55d8_a320_0000_1605073233_3_generated
af3a_a320_0000_1605073232_3_received
5131_55d8_0000_1605073238_4_generated
e5a5_5131_0000_1605073241_5_generated
badc_e5a5_0000_1605073242_6_generated
bf28_5131_0000_1605073242_5_received
a7f6_badc_0000_1605073244_7_generated
02ef_a7f6_0000_1605073245_8_generated
0ff1_02ef_0000_1605073246_9_generated
13de_0ff1_0000_1605073246_10_generated
de80_13de_0000_1605073247_11_generated
5c99_de80_0000_1605073250_12_generated
c8af_de80_0000_1605073251_12_received
e486_5c99_0000_1605073252_13_generated
f3d2_e486_0000_1605073255_14_received
bee5_13de_0000_1605073258_11_received
cd17_f3d2_0000_1605073259_15_generated
78ae_cd17_0000_1605073261_16_received
ecf2_78ae_0000_1605073263_17_received
2dce_ecf2_0000_1605073271_18_generated
1f78_2dce_0000_1605073272_19_generated
3288_1f78_0000_1605073278_20_generated
0d38_3288_0000_1605073278_21_generated
157a_0d38_0000_1605073279_22_generated
8819_157a_0000_1605073283_23_generated
d2fc_157a_0000_1605073282_23_received
4279_8819_0000_1605073289_24_generated
d6b5_d2fc_0000_1605073288_24_received
d391_d6b5_0000_1605073292_25_received
123f_d391_0000_1605073294_26_generated
fadc_bee5_0000_1605073295_12_received
0b63_123f_0000_1605073296_27_generated
230b_0b63_0000_1605073298_28_generated
a60b_230b_0000_1605073298_29_generated
086b_a60b_0000_1605073300_30_received
3a68_086b_0000_1605073302_31_generated
3b4d_3a68_0000_1605073303_32_received
710c_3b4d_0000_1605073305_33_received
c33e_fadc_0000_1605073309_13_received
29fa_710c_0000_1605073314_34_received
7b1d_29fa_0000_1605073319_35_received
6cbb_7b1d_0000_1605073321_36_received
9859_6cbb_0000_1605073324_37_generated
83a8_9859_0000_1605073328_38_received
acc1_83a8_0000_1605073334_39_generated
ff8f_c33e_0000_1605073333_14_received
eb57_acc1_0000_1605073336_40_received
f29e_eb57_0000_1605073338_41_generated
8d88_eb57_0000_1605073337_41_received
d67c_f29e_0000_1605073339_42_generated
956c_d67c_0000_1605073341_43_received
d7aa_956c_0000_1605073342_44_generated
462c_d7aa_0000_1605073345_45_generated
ab42_462c_0000_1605073347_46_received
c314_ab42_0000_1605073351_47_generated
81ad_c314_0000_1605073354_48_generated
a774_81ad_0000_1605073357_49_generated
b1b5_a774_0000_1605073363_50_generated
cab5_b1b5_0000_1605073364_51_generated
92c0_cab5_0000_1605073366_52_received
106a_92c0_0000_1605073368_53_received
d1ab_106a_0000_1605073370_54_received
57fb_d1ab_0000_1605073371_55_generated
0b3e_57fb_0000_1605073375_56_generated
74d8_0b3e_0000_1605073377_57_generated
8533_74d8_0000_1605073384_58_received
a7f4_8533_0000_1605073385_59_generated
d763_a7f4_0000_1605073385_60_generated
5344_ff8f_0000_1605073385_15_received
b94c_d763_0000_1605073397_61_generated
6886_d763_0000_1605073398_61_received
8d53_b94c_0000_1605073406_62_generated
7bef_8d53_0000_1605073407_63_generated
d975_7bef_0000_1605073410_64_generated
8385_d975_0000_1605073410_65_generated
5260_7bef_0000_1605073409_64_received
3f94_5344_0000_1605073410_16_received
3f78_3f94_0000_1605073412_17_received
f51d_8385_0000_1605073414_66_generated
c879_8385_0000_1605073413_66_received
6d05_f51d_0000_1605073415_67_generated
fb71_6d05_0000_1605073416_68_generated
c7de_fb71_0000_1605073425_69_generated
2e51_c7de_0000_1605073426_70_received
ef2c_2e51_0000_1605073430_71_received
603f_ef2c_0000_1605073436_72_received
8734_3f78_0000_1605073438_18_received
7232_603f_0000_1605073438_73_received
4273_7232_0000_1605073441_74_received
4b76_4273_0000_1605073446_75_generated
5314_4b76_0000_1605073447_76_received
e1b8_5314_0000_1605073447_77_received
aa18_8734_0000_1605073454_19_received
dd73_e1b8_0000_1605073456_78_generated
f6ca_e1b8_0000_1605073455_78_received
8641_dd73_0000_1605073459_79_generated
da57_8641_0000_1605073463_80_received
23ba_aa18_0000_1605073464_20_received
fb33_da57_0000_1605073466_81_received
cae8_fb33_0000_1605073468_82_received
d945_cae8_0000_1605073471_83_generated
ed76_23ba_0000_1605073471_21_received
dc2e_d945_0000_1605073474_84_generated
fc39_dc2e_0000_1605073474_85_generated
9529_fc39_0000_1605073477_86_generated
d109_9529_0000_1605073477_87_generated
1f5c_d109_0000_1605073479_88_received
ea66_1f5c_0000_1605073481_89_generated
f798_ea66_0000_1605073488_90_received
68b8_f798_0000_1605073492_91_generated
ac2e_ed76_0000_1605073492_22_received
e8d9_68b8_0000_1605073494_92_generated
970c_e8d9_0000_1605073495_93_generated
bfed_970c_0000_1605073499_94_generated
84d8_bfed_0000_1605073500_95_generated
05d2_84d8_0000_1605073502_96_generated
c873_05d2_0000_1605073515_97_received
958d_c873_0000_1605073519_98_generated
5801_958d_0000_1605073524_99_received
29b7_5801_0000_1605073527_100_received
dbc9_29b7_0000_1605073533_101_received
1862_ac2e_0000_1605073534_23_received
0119_dbc9_0000_1605073534_102_received
b8d2_0119_0000_1605073540_103_generated
96cc_0119_0000_1605073541_103_received
5545_1862_0000_1605073543_24_received
c1b7_b8d2_0000_1605073548_104_generated
dbc4_96cc_0000_1605073548_104_received
cbc2_c1b7_0000_1605073551_105_generated
9e5f_dbc4_0000_1605073551_105_received
9271_9e5f_0000_1605073551_106_received
62ff_9271_0000_1605073552_107_received
c914_62ff_0000_1605073553_108_received
7015_c914_0000_1605073556_109_generated
8a24_7015_0000_1605073558_110_generated
04b9_8a24_0000_1605073560_111_generated
4937_04b9_0000_1605073561_112_generated
b69e_4937_0000_1605073562_113_generated
38ac_5545_0000_1605073566_25_received
9a9a_b69e_0000_1605073568_114_generated
63d6_9a9a_0000_1605073570_115_received
6b78_38ac_0000_1605073572_26_received
cd21_63d6_0000_1605073574_116_generated
1850_cd21_0000_1605073574_117_generated
22f8_1850_0000_1605073576_118_generated
7e22_6b78_0000_1605073576_27_received
a439_22f8_0000_1605073584_119_generated
77b6_7e22_0000_1605073584_28_received
f1e4_a439_0000_1605073588_120_generated
2eb2_77b6_0000_1605073589_29_received
a74b_f1e4_0000_1605073592_121_received
3bcb_a74b_0000_1605073596_122_generated
d3d2_2eb2_0000_1605073600_30_received
d1eb_3bcb_0000_1605073601_123_generated
fb8e_d3d2_0000_1605073601_31_received
32b0_3bcb_0000_1605073602_123_received
4217_fb8e_0000_1605073604_32_received
31eb_d1eb_0000_1605073606_124_generated
9eea_31eb_0000_1605073608_125_generated
38fb_4217_0000_1605073608_33_received
9c39_38fb_0000_1605073610_34_received
1bcb_9eea_0000_1605073614_126_generated
c2ba_1bcb_0000_1605073619_127_generated
f463_9c39_0000_1605073619_35_received
8ee9_c2ba_0000_1605073620_128_generated
72a2_c2ba_0000_1605073621_128_received
7d70_8ee9_0000_1605073625_129_generated
de6b_7d70_0000_1605073625_130_generated
d52c_f463_0000_1605073625_36_received
a029_de6b_0000_1605073627_131_generated
015c_a029_0000_1605073628_132_generated
2d8e_015c_0000_1605073631_133_generated
8c08_2d8e_0000_1605073632_134_generated
1163_d52c_0000_1605073631_37_received
a6f6_015c_0000_1605073632_133_received
ae11_8c08_0000_1605073637_135_generated
da42_ae11_0000_1605073638_136_generated
5fc3_da42_0000_1605073642_137_generated
7927_5fc3_0000_1605073643_138_received
5584_7927_0000_1605073646_139_generated
0b6f_5584_0000_1605073647_140_generated
7c94_0b6f_0000_1605073648_141_generated
9901_7c94_0000_1605073649_142_received
35ce_9901_0000_1605073652_143_generated
8e15_1163_0000_1605073651_38_received
7415_35ce_0000_1605073656_144_generated
78a8_7415_0000_1605073659_145_generated
8ff4_8e15_0000_1605073660_39_received
597f_78a8_0000_1605073662_146_generated
d958_597f_0000_1605073664_147_generated
64d9_d958_0000_1605073668_148_generated
29c5_64d9_0000_1605073670_149_generated
31ba_8ff4_0000_1605073672_40_received
4f9e_31ba_0000_1605073673_41_received
ccd3_29c5_0000_1605073674_150_generated
1dcf_ccd3_0000_1605073676_151_generated
6a85_1dcf_0000_1605073679_152_generated
d32b_6a85_0000_1605073679_153_generated
5ddf_d32b_0000_1605073682_154_generated
cf1b_4f9e_0000_1605073682_42_received
615b_cf1b_0000_1605073683_43_received
a5bd_5ddf_0000_1605073685_155_generated
5553_a5bd_0000_1605073689_156_received
3aad_5553_0000_1605073692_157_generated
3a43_3aad_0000_1605073693_158_generated
f142_615b_0000_1605073700_44_received
80e0_3a43_0000_1605073704_159_generated
1834_80e0_0000_1605073705_160_received
8195_1834_0000_1605073707_161_generated
df0e_8195_0000_1605073718_162_received
4146_f142_0000_1605073719_45_received
ac65_df0e_0000_1605073720_163_received
1fb0_ac65_0000_1605073722_164_generated
38dd_1fb0_0000_1605073723_165_generated
658e_38dd_0000_1605073723_166_generated
8b4b_658e_0000_1605073725_167_received
a99e_4146_0000_1605073725_46_received
167d_a99e_0000_1605073731_47_received
153a_8b4b_0000_1605073733_168_generated
09f7_153a_0000_1605073736_169_generated
6111_09f7_0000_1605073738_170_generated
e1f0_6111_0000_1605073738_171_generated
a364_e1f0_0000_1605073747_172_generated
52cf_167d_0000_1605073750_48_received
99b0_a364_0000_1605073752_173_generated
9071_52cf_0000_1605073752_49_received
ad71_99b0_0000_1605073757_174_generated
3d9e_ad71_0000_1605073757_175_generated
c0c5_3d9e_0000_1605073758_176_generated
ec22_9071_0000_1605073758_50_received
9f64_c0c5_0000_1605073764_177_received
2a4b_9f64_0000_1605073768_178_generated
0ead_2a4b_0000_1605073768_179_received
662a_0ead_0000_1605073773_180_generated
9cf6_0ead_0000_1605073772_180_received
57a1_662a_0000_1605073773_181_generated
9351_57a1_0000_1605073775_182_generated
1cd9_57a1_0000_1605073776_182_received
075d_9351_0000_1605073779_183_generated
ee19_075d_0000_1605073781_184_received
a7be_ee19_0000_1605073785_185_received
137a_ec22_0000_1605073787_51_received
a474_a7be_0000_1605073788_186_generated
fee7_137a_0000_1605073788_52_received
d132_a474_0000_1605073791_187_received
cd1a_d132_0000_1605073792_188_generated
d9f0_cd1a_0000_1605073797_189_generated
eed6_d9f0_0000_1605073797_190_generated
bbcb_eed6_0000_1605073798_191_generated
3632_cd1a_0000_1605073798_189_received
bb6d_bbcb_0000_1605073799_192_generated
9f69_fee7_0000_1605073800_53_received
d212_bb6d_0000_1605073806_193_received
b8db_d212_0000_1605073806_194_received
f40c_b8db_0000_1605073806_195_received
0a94_f40c_0000_1605073809_196_generated
4405_0a94_0000_1605073810_197_generated
1954_9f69_0000_1605073810_54_received
e89b_4405_0000_1605073818_198_generated
2c92_e89b_0000_1605073820_199_received
ca5b_2c92_0000_1605073825_200_received
d01c_ca5b_0000_1605073829_201_received
530e_d01c_0000_1605073831_202_generated
9d51_530e_0000_1605073832_203_generated
e418_9d51_0000_1605073834_204_generated
bfba_e418_0000_1605073835_205_generated
9f18_bfba_0000_1605073839_206_generated
836f_9f18_0000_1605073840_207_generated
ea88_9f18_0000_1605073841_207_received
6fbd_836f_0000_1605073842_208_generated
8bd5_6fbd_0000_1605073845_209_generated
bf8e_8bd5_0000_1605073846_210_generated
1d3b_bf8e_0000_1605073847_211_generated
45ac_1d3b_0000_1605073849_212_received
5b2e_45ac_0000_1605073855_213_generated
5e0a_5b2e_0000_1605073857_214_generated
fa57_5e0a_0000_1605073858_215_generated
8f93_fa57_0000_1605073866_216_received
5146_8f93_0000_1605073868_217_generated
3b83_8f93_0000_1605073869_217_received
fc01_5146_0000_1605073875_218_generated
8577_1954_0000_1605073875_55_received
1c51_fc01_0000_1605073878_219_generated
ae91_1c51_0000_1605073881_220_received
674c_ae91_0000_1605073881_221_received
1e85_8577_0000_1605073883_56_received
cb7e_674c_0000_1605073886_222_generated
b967_1e85_0000_1605073889_57_received
cd6f_cb7e_0000_1605073890_223_received
6999_b967_0000_1605073896_58_received
7d58_cd6f_0000_1605073898_224_received
3b72_7d58_0000_1605073901_225_generated
c58a_3b72_0000_1605073905_226_generated
9f17_3b72_0000_1605073904_226_received
b708_6999_0000_1605073907_59_received
58a8_9f17_0000_1605073908_227_received
22c8_58a8_0000_1605073909_228_received
d258_22c8_0000_1605073910_229_generated
6d8d_22c8_0000_1605073911_229_received
a809_d258_0000_1605073912_230_generated
468a_a809_0000_1605073916_231_received
3031_b708_0000_1605073919_60_received
23c8_468a_0000_1605073922_232_generated
7117_468a_0000_1605073921_232_received
74e4_23c8_0000_1605073926_233_generated
474f_74e4_0000_1605073928_234_generated
cabd_474f_0000_1605073935_235_generated
136d_cabd_0000_1605073936_236_generated
e41b_136d_0000_1605073939_237_generated
11d8_e41b_0000_1605073942_238_generated
a5e6_11d8_0000_1605073942_239_generated
4e14_a5e6_0000_1605073943_240_generated
7437_3031_0000_1605073942_61_received
