09a4_9e1c_0000_1607175135_1_received
53a7_09a4_0000_1607175135_2_received
bc52_9e1c_0000_1607175136_1_received
5328_53a7_0000_1607175147_3_received
8556_5328_0000_1607175149_4_received
caf7_8556_0000_1607175158_5_received
b77f_8556_0000_1607175159_5_received
7b65_b77f_0000_1607175160_6_received
d658_caf7_0000_1607175160_6_received
68b5_d658_0000_1607175160_7_received
66d3_7b65_0000_1607175161_7_received
e779_68b5_0000_1607175161_8_received
4968_e779_0000_1607175162_9_received
b223_4968_0000_1607175163_10_received
2681_b223_0000_1607175166_11_received
1b41_2681_0000_1607175169_12_received
86da_1b41_0000_1607175171_13_received
e916_86da_0000_1607175171_14_received
1d79_e916_0000_1607175175_15_received
f46c_1d79_0000_1607175181_16_received
c374_f46c_0000_1607175186_17_generated
2ddf_c374_0000_1607175191_18_received
5dae_2ddf_0000_1607175199_19_received
f256_5dae_0000_1607175200_20_received
925a_f256_0000_1607175202_21_received
1c7a_925a_0000_1607175205_22_received
5014_1c7a_0000_1607175208_23_received
fb24_5014_0000_1607175209_24_received
910e_fb24_0000_1607175212_25_received
0c84_910e_0000_1607175214_26_received
558f_0c84_0000_1607175215_27_received
8caa_558f_0000_1607175216_28_received
2fbd_8caa_0000_1607175218_29_received
0b35_2fbd_0000_1607175219_30_received
3fd3_0b35_0000_1607175219_31_received
4bd0_3fd3_0000_1607175225_32_received
f058_4bd0_0000_1607175226_33_received
d4a2_f058_0000_1607175233_34_received
4cea_d4a2_0000_1607175237_35_received
77d1_4cea_0000_1607175238_36_received
c60f_77d1_0000_1607175239_37_received
4205_c60f_0000_1607175244_38_received
b82e_4205_0000_1607175248_39_received
b1e8_b82e_0000_1607175255_40_received
e671_b1e8_0000_1607175265_41_generated
5e63_b1e8_0000_1607175264_41_received
f885_5e63_0000_1607175270_42_received
5b49_5e63_0000_1607175271_42_received
335d_5b49_0000_1607175275_43_received
6088_335d_0000_1607175280_44_received
06fb_6088_0000_1607175296_45_received
e126_06fb_0000_1607175297_46_received
30b1_e126_0000_1607175299_47_received
1be7_30b1_0000_1607175300_48_received
8cb7_1be7_0000_1607175301_49_generated
367a_8cb7_0000_1607175303_50_received
0739_367a_0000_1607175304_51_received
afc7_0739_0000_1607175306_52_received
b068_afc7_0000_1607175308_53_received
3e6c_b068_0000_1607175308_54_received
b738_afc7_0000_1607175309_53_received
f346_3e6c_0000_1607175311_55_received
55c3_f346_0000_1607175313_56_received
614e_55c3_0000_1607175314_57_received
edfb_614e_0000_1607175322_58_received
25db_edfb_0000_1607175323_59_received
ad74_edfb_0000_1607175324_59_received
633d_ad74_0000_1607175328_60_received
906c_633d_0000_1607175335_61_received
4607_906c_0000_1607175337_62_received
15e1_4607_0000_1607175337_63_received
250e_906c_0000_1607175338_62_received
4604_15e1_0000_1607175339_64_received
0276_4604_0000_1607175341_65_received
2461_0276_0000_1607175343_66_received
17d7_2461_0000_1607175346_67_received
cc3e_17d7_0000_1607175348_68_received
76e3_cc3e_0000_1607175348_69_received
e70a_76e3_0000_1607175348_70_received
499f_e70a_0000_1607175353_71_received
7405_499f_0000_1607175358_72_received
efbf_7405_0000_1607175359_73_received
6028_efbf_0000_1607175362_74_generated
5504_6028_0000_1607175368_75_received
dd56_5504_0000_1607175371_76_received
0a44_dd56_0000_1607175372_77_received
724f_0a44_0000_1607175376_78_received
8c52_724f_0000_1607175377_79_received
5b0c_8c52_0000_1607175382_80_received
5694_5b0c_0000_1607175383_81_received
640a_5694_0000_1607175385_82_received
0480_640a_0000_1607175386_83_received
afc8_0480_0000_1607175388_84_received
c1d9_afc8_0000_1607175395_85_received
74ed_c1d9_0000_1607175401_86_received
a743_74ed_0000_1607175406_87_received
53a5_a743_0000_1607175408_88_received
537b_53a5_0000_1607175411_89_received
5073_537b_0000_1607175426_90_received
839b_5073_0000_1607175426_91_received
4543_839b_0000_1607175430_92_received
8805_4543_0000_1607175432_93_received
f751_8805_0000_1607175433_94_received
67ae_f751_0000_1607175435_95_generated
13a2_67ae_0000_1607175439_96_received
1bc9_13a2_0000_1607175439_97_received
7b98_1bc9_0000_1607175442_98_received
1c6c_7b98_0000_1607175447_99_received
cde6_1c6c_0000_1607175454_100_received
14f6_cde6_0000_1607175456_101_received
9ba5_14f6_0000_1607175456_102_received
7586_cde6_0000_1607175457_101_received
a3bd_9ba5_0000_1607175458_103_received
9e3d_9ba5_0000_1607175459_103_received
ad9d_9e3d_0000_1607175464_104_received
f214_ad9d_0000_1607175471_105_received
b98c_f214_0000_1607175472_106_received
3eee_b98c_0000_1607175474_107_received
537d_3eee_0000_1607175477_108_received
df00_537d_0000_1607175483_109_received
f5e5_df00_0000_1607175483_110_received
edc8_f5e5_0000_1607175486_111_received
dd2a_edc8_0000_1607175487_112_received
4d5a_dd2a_0000_1607175489_113_received
987b_dd2a_0000_1607175490_113_received
2735_4d5a_0000_1607175490_114_received
8ca8_987b_0000_1607175491_114_received
2116_8ca8_0000_1607175492_115_received
4708_2116_0000_1607175498_116_received
5c8e_4708_0000_1607175498_117_received
dac7_4708_0000_1607175499_117_received
a34a_5c8e_0000_1607175500_118_received
e98f_a34a_0000_1607175501_119_received
84e8_e98f_0000_1607175502_120_received
d982_e98f_0000_1607175503_120_received
0bff_84e8_0000_1607175504_121_received
7563_0bff_0000_1607175512_122_received
2c6d_7563_0000_1607175520_123_received
3a66_2c6d_0000_1607175526_124_received
83bf_3a66_0000_1607175530_125_received
92dc_83bf_0000_1607175530_126_received
6818_92dc_0000_1607175533_127_received
9738_6818_0000_1607175533_128_received
0252_9738_0000_1607175538_129_received
d9be_0252_0000_1607175538_130_received
cc2e_d9be_0000_1607175540_131_received
dcc6_cc2e_0000_1607175546_132_received
17c3_dcc6_0000_1607175551_133_received
0fe0_17c3_0000_1607175557_134_received
0359_0fe0_0000_1607175558_135_received
b183_0359_0000_1607175558_136_received
3f3d_b183_0000_1607175560_137_received
fbf2_3f3d_0000_1607175563_138_received
04f3_3f3d_0000_1607175564_138_received
f275_fbf2_0000_1607175564_139_received
d20a_f275_0000_1607175571_140_received
834d_d20a_0000_1607175572_141_received
14f8_834d_0000_1607175575_142_received
89b9_14f8_0000_1607175584_143_received
55e9_89b9_0000_1607175586_144_received
ebc7_89b9_0000_1607175587_144_received
4068_55e9_0000_1607175587_145_received
b0b4_4068_0000_1607175588_146_received
a4ac_b0b4_0000_1607175593_147_received
d21c_a4ac_0000_1607175594_148_received
eb86_d21c_0000_1607175601_149_received
da37_eb86_0000_1607175603_150_received
0f29_da37_0000_1607175604_151_received
0706_0f29_0000_1607175605_152_received
ca1d_0706_0000_1607175612_153_received
4580_ca1d_0000_1607175613_154_received
cdfd_4580_0000_1607175615_155_generated
4ac8_cdfd_0000_1607175618_156_received
ff7e_4ac8_0000_1607175619_157_received
c260_ff7e_0000_1607175622_158_received
440a_c260_0000_1607175625_159_received
4f63_440a_0000_1607175626_160_received
8d18_4f63_0000_1607175626_161_received
72d5_8d18_0000_1607175629_162_received
8c1e_72d5_0000_1607175633_163_received
3c47_8c1e_0000_1607175637_164_received
a02d_3c47_0000_1607175642_165_received
863a_a02d_0000_1607175644_166_received
aa0d_863a_0000_1607175646_167_received
55e5_aa0d_0000_1607175654_168_received
c7a8_55e5_0000_1607175655_169_received
6a26_c7a8_0000_1607175659_170_received
1e2a_6a26_0000_1607175661_171_received
e59e_1e2a_0000_1607175661_172_received
c1c7_e59e_0000_1607175662_173_received
56b6_c1c7_0000_1607175663_174_received
427b_56b6_0000_1607175666_175_received
e968_427b_0000_1607175668_176_received
8e3a_e968_0000_1607175671_177_received
a573_8e3a_0000_1607175671_178_received
9b21_a573_0000_1607175674_179_received
ead8_9b21_0000_1607175675_180_received
2631_ead8_0000_1607175678_181_received
6ccd_2631_0000_1607175681_182_received
1d1c_6ccd_0000_1607175682_183_received
f448_1d1c_0000_1607175685_184_received
371c_f448_0000_1607175688_185_received
4a26_371c_0000_1607175689_186_received
ad67_4a26_0000_1607175695_187_received
7a0d_ad67_0000_1607175695_188_received
35be_7a0d_0000_1607175705_189_received
38f3_35be_0000_1607175708_190_received
c7a3_38f3_0000_1607175709_191_received
66f3_c7a3_0000_1607175713_192_received
c827_66f3_0000_1607175717_193_received
478c_c827_0000_1607175730_194_received
65a3_478c_0000_1607175733_195_received
5612_65a3_0000_1607175736_196_received
5737_5612_0000_1607175742_197_received
1dd7_5737_0000_1607175745_198_received
7eef_1dd7_0000_1607175747_199_received
c952_7eef_0000_1607175754_200_received
c34e_c952_0000_1607175755_201_received
4c04_c34e_0000_1607175766_202_received
a186_c34e_0000_1607175767_202_received
6156_a186_0000_1607175768_203_received
9f7b_6156_0000_1607175769_204_received
05df_9f7b_0000_1607175769_205_received
e9f9_05df_0000_1607175772_206_received
cbe3_e9f9_0000_1607175780_207_received
41e5_cbe3_0000_1607175788_208_received
7522_cbe3_0000_1607175789_208_received
cb7e_41e5_0000_1607175792_209_received
5147_cb7e_0000_1607175796_210_received
7196_5147_0000_1607175799_211_received
6092_7196_0000_1607175805_212_received
1e88_6092_0000_1607175810_213_received
f53a_1e88_0000_1607175815_214_received
8a7f_f53a_0000_1607175817_215_received
0445_8a7f_0000_1607175819_216_received
d770_8a7f_0000_1607175820_216_received
8060_d770_0000_1607175821_217_received
5f63_8060_0000_1607175824_218_received
c11c_5f63_0000_1607175829_219_received
6355_c11c_0000_1607175830_220_received
f6b0_6355_0000_1607175833_221_received
276b_f6b0_0000_1607175839_222_received
7414_276b_0000_1607175840_223_received
c707_7414_0000_1607175844_224_received
e1d5_c707_0000_1607175845_225_received
66ff_7414_0000_1607175845_224_received
610e_e1d5_0000_1607175847_226_received
ccc9_610e_0000_1607175849_227_received
b4ad_ccc9_0000_1607175853_228_received
