3e89_9e1c_0000_1607194538_1_received
d12a_9e1c_0000_1607194539_1_received
410e_3e89_0000_1607194545_2_received
3b15_410e_0000_1607194554_3_received
e65d_3b15_0000_1607194578_4_received
141f_e65d_0000_1607194582_5_received
65d8_141f_0000_1607194584_6_generated
b803_e65d_0000_1607194583_5_received
f98c_65d8_0000_1607194585_7_received
15d5_f98c_0000_1607194586_8_received
a826_f98c_0000_1607194587_8_received
9a18_65d8_0000_1607194586_7_received
760e_15d5_0000_1607194595_9_received
88c3_760e_0000_1607194614_10_generated
ff35_88c3_0000_1607194616_11_received
8678_ff35_0000_1607194620_12_received
ed1c_8678_0000_1607194623_13_received
6c5f_ed1c_0000_1607194627_14_received
6a63_ed1c_0000_1607194628_14_received
b6e6_6a63_0000_1607194629_15_received
0a72_b6e6_0000_1607194633_16_received
2e35_0a72_0000_1607194643_17_received
3a34_0a72_0000_1607194645_17_received
7fec_2e35_0000_1607194649_18_received
c4c8_7fec_0000_1607194652_19_received
dbf4_7fec_0000_1607194653_19_received
3463_c4c8_0000_1607194655_20_received
e29f_3463_0000_1607194656_21_received
0852_e29f_0000_1607194664_22_received
a8a9_0852_0000_1607194673_23_received
5e5e_a8a9_0000_1607194674_24_received
62a1_5e5e_0000_1607194678_25_received
d304_62a1_0000_1607194683_26_received
87ab_d304_0000_1607194683_27_received
a661_87ab_0000_1607194688_28_received
04f8_a661_0000_1607194690_29_received
429e_04f8_0000_1607194693_30_received
f8d7_04f8_0000_1607194694_30_received
9fc7_f8d7_0000_1607194697_31_received
ceaf_429e_0000_1607194696_31_received
3642_9fc7_0000_1607194701_32_generated
e530_3642_0000_1607194702_33_received
9070_e530_0000_1607194705_34_received
a03a_9070_0000_1607194709_35_received
a1b6_a03a_0000_1607194718_36_generated
bbd1_a03a_0000_1607194719_36_received
2e4e_a1b6_0000_1607194724_37_received
1037_2e4e_0000_1607194731_38_received
7583_2e4e_0000_1607194730_38_received
8b5e_1037_0000_1607194737_39_received
ff96_8b5e_0000_1607194739_40_received
e006_8b5e_0000_1607194740_40_received
6b7f_ff96_0000_1607194744_41_received
daf4_6b7f_0000_1607194752_42_received
e882_daf4_0000_1607194758_43_generated
b279_e882_0000_1607194760_44_received
77ac_b279_0000_1607194762_45_received
2540_77ac_0000_1607194771_46_received
b1f9_2540_0000_1607194775_47_received
7258_b1f9_0000_1607194777_48_received
f1a8_7258_0000_1607194779_49_received
0444_f1a8_0000_1607194781_50_received
b0fe_0444_0000_1607194789_51_received
abe4_b0fe_0000_1607194789_52_received
1a85_abe4_0000_1607194792_53_received
5bc6_1a85_0000_1607194795_54_received
34b5_5bc6_0000_1607194804_55_generated
3fda_5bc6_0000_1607194805_55_received
e3d2_5bc6_0000_1607194806_55_received
1c32_34b5_0000_1607194807_56_received
4f12_1c32_0000_1607194812_57_generated
c76a_1c32_0000_1607194811_57_received
56fb_4f12_0000_1607194813_58_generated
24d0_c76a_0000_1607194812_58_received
fa48_24d0_0000_1607194823_59_received
4ef0_fa48_0000_1607194836_60_generated
a45e_4ef0_0000_1607194840_61_received
4ff8_4ef0_0000_1607194841_61_received
7619_a45e_0000_1607194843_62_received
bf83_7619_0000_1607194846_63_received
fd2d_bf83_0000_1607194851_64_generated
f354_fd2d_0000_1607194853_65_received
2a3d_f354_0000_1607194855_66_received
432b_2a3d_0000_1607194860_67_received
2b67_432b_0000_1607194868_68_received
32dc_2b67_0000_1607194868_69_received
f912_32dc_0000_1607194875_70_received
fb2a_f912_0000_1607194878_71_received
8d5c_fb2a_0000_1607194899_72_received
d459_8d5c_0000_1607194903_73_received
696a_d459_0000_1607194905_74_received
7d70_696a_0000_1607194910_75_received
9fba_696a_0000_1607194909_75_received
4ca5_9fba_0000_1607194911_76_received
4440_4ca5_0000_1607194914_77_received
4258_4440_0000_1607194918_78_received
620d_4258_0000_1607194926_79_received
0d6b_620d_0000_1607194927_80_received
9f74_4258_0000_1607194928_79_received
8bb0_0d6b_0000_1607194931_81_received
242f_8bb0_0000_1607194933_82_received
0b25_8bb0_0000_1607194935_82_received
aa6f_242f_0000_1607194942_83_received
2f62_aa6f_0000_1607194956_84_generated
e0a3_2f62_0000_1607194965_85_received
20bf_e0a3_0000_1607194976_86_received
f34c_20bf_0000_1607194979_87_received
d8c8_f34c_0000_1607194981_88_received
c7e5_f34c_0000_1607194982_88_received
229c_c7e5_0000_1607194994_89_received
93d8_229c_0000_1607194995_90_received
29e5_93d8_0000_1607194997_91_received
f7e8_229c_0000_1607194996_90_received
400f_29e5_0000_1607194998_92_received
70fa_400f_0000_1607195000_93_received
d326_70fa_0000_1607195003_94_received
7ea3_d326_0000_1607195016_95_received
9170_7ea3_0000_1607195018_96_received
196a_7ea3_0000_1607195019_96_received
940f_9170_0000_1607195026_97_received
789c_940f_0000_1607195032_98_received
0bee_789c_0000_1607195041_99_received
2c44_0bee_0000_1607195043_100_received
cb2e_2c44_0000_1607195050_101_received
a699_cb2e_0000_1607195053_102_received
5b01_a699_0000_1607195067_103_received
0357_5b01_0000_1607195068_104_received
9535_5b01_0000_1607195069_104_received
9455_0357_0000_1607195070_105_received
612c_9455_0000_1607195087_106_received
fd28_612c_0000_1607195091_107_received
8715_fd28_0000_1607195104_108_received
a18d_8715_0000_1607195107_109_received
fb47_8715_0000_1607195108_109_received
b618_a18d_0000_1607195110_110_received
99cd_b618_0000_1607195112_111_received
08ec_a18d_0000_1607195111_110_received
b07f_99cd_0000_1607195117_112_generated
3acd_99cd_0000_1607195116_112_received
d792_3acd_0000_1607195119_113_received
6664_d792_0000_1607195122_114_received
857e_6664_0000_1607195127_115_received
84e3_6664_0000_1607195129_115_received
9620_857e_0000_1607195135_116_received
f2b3_84e3_0000_1607195137_116_received
ef38_857e_0000_1607195136_116_received
bd5a_9620_0000_1607195136_117_received
adbd_bd5a_0000_1607195140_118_received
3261_adbd_0000_1607195143_119_received
648b_3261_0000_1607195145_120_received
7b52_648b_0000_1607195149_121_received
576d_7b52_0000_1607195149_122_received
2735_576d_0000_1607195151_123_received
025e_2735_0000_1607195170_124_generated
969c_025e_0000_1607195170_125_generated
eec6_969c_0000_1607195175_126_received
fee0_eec6_0000_1607195178_127_generated
60e4_eec6_0000_1607195177_127_received
7ec2_60e4_0000_1607195183_128_received
e310_7ec2_0000_1607195184_129_received
8be5_60e4_0000_1607195184_128_received
1d1e_e310_0000_1607195189_130_received
f195_1d1e_0000_1607195197_131_received
3039_f195_0000_1607195201_132_received
0a05_3039_0000_1607195208_133_received
80fc_0a05_0000_1607195215_134_received
4982_80fc_0000_1607195224_135_received
1be1_4982_0000_1607195226_136_received
3816_1be1_0000_1607195232_137_received
07e9_3816_0000_1607195236_138_received
7ef6_07e9_0000_1607195238_139_received
8f7c_7ef6_0000_1607195245_140_received
e43b_8f7c_0000_1607195253_141_received
b5a0_e43b_0000_1607195258_142_received
552d_b5a0_0000_1607195267_143_received
78d1_552d_0000_1607195274_144_received
eeaf_78d1_0000_1607195281_145_received
c5e8_eeaf_0000_1607195283_146_received
8d6e_c5e8_0000_1607195287_147_received
2775_8d6e_0000_1607195293_148_generated
02f7_2775_0000_1607195301_149_received
24f9_02f7_0000_1607195305_150_received
b980_24f9_0000_1607195320_151_generated
a99a_b980_0000_1607195322_152_generated
1eeb_a99a_0000_1607195329_153_received
291e_1eeb_0000_1607195337_154_received
5e4d_291e_0000_1607195340_155_received
c352_5e4d_0000_1607195346_156_received
0d87_c352_0000_1607195358_157_received
2253_0d87_0000_1607195363_158_received
9b73_2253_0000_1607195369_159_received
0364_9b73_0000_1607195375_160_received
144c_0364_0000_1607195375_161_received
b61b_144c_0000_1607195380_162_received
d91b_b61b_0000_1607195382_163_received
5b3e_d91b_0000_1607195384_164_received
542c_b61b_0000_1607195384_163_received
1f00_5b3e_0000_1607195395_165_received
cdf6_1f00_0000_1607195398_166_received
14d0_cdf6_0000_1607195406_167_received
66c5_14d0_0000_1607195415_168_received
2d07_66c5_0000_1607195420_169_received
40e9_2d07_0000_1607195422_170_generated
ea52_40e9_0000_1607195426_171_received
48bc_ea52_0000_1607195432_172_received
a2ab_48bc_0000_1607195442_173_received
0200_a2ab_0000_1607195446_174_received
bc24_0200_0000_1607195449_175_received
f5b4_bc24_0000_1607195456_176_received
48b4_bc24_0000_1607195457_176_received
5124_f5b4_0000_1607195456_177_received
75e2_5124_0000_1607195467_178_received
27bf_75e2_0000_1607195484_179_received
cfaa_27bf_0000_1607195498_180_received
97b8_cfaa_0000_1607195503_181_received
4eaf_97b8_0000_1607195507_182_received
f77a_4eaf_0000_1607195520_183_received
884f_f77a_0000_1607195526_184_received
3bff_884f_0000_1607195529_185_received
8cea_3bff_0000_1607195531_186_received
183c_8cea_0000_1607195532_187_received
bbe0_183c_0000_1607195538_188_received
8441_bbe0_0000_1607195541_189_received
4351_bbe0_0000_1607195543_189_received
2c98_4351_0000_1607195549_190_received
d967_2c98_0000_1607195556_191_received
1ea5_2c98_0000_1607195555_191_received
e641_1ea5_0000_1607195572_192_received
bccb_e641_0000_1607195580_193_received
4417_bccb_0000_1607195587_194_generated
1829_bccb_0000_1607195586_194_received
49a9_1829_0000_1607195593_195_received
123e_49a9_0000_1607195597_196_received
654c_123e_0000_1607195599_197_received
45e4_654c_0000_1607195603_198_received
8674_45e4_0000_1607195609_199_received
fcce_8674_0000_1607195611_200_received
8090_fcce_0000_1607195616_201_received
a035_8090_0000_1607195618_202_received
fb8c_fcce_0000_1607195618_201_received
a838_a035_0000_1607195625_203_received
5c6d_a035_0000_1607195624_203_received
b8cf_5c6d_0000_1607195630_204_received
60ff_b8cf_0000_1607195649_205_received
a4c0_60ff_0000_1607195652_206_received
4f04_a4c0_0000_1607195656_207_received
c173_a4c0_0000_1607195657_207_received
6799_4f04_0000_1607195663_208_received
b853_4f04_0000_1607195664_208_received
df27_6799_0000_1607195675_209_received
87b0_df27_0000_1607195676_210_received
f42d_87b0_0000_1607195679_211_generated
64f3_f42d_0000_1607195683_212_received
845c_64f3_0000_1607195694_213_received
de50_845c_0000_1607195703_214_received
ed0e_de50_0000_1607195707_215_received
abc1_de50_0000_1607195708_215_received
d231_abc1_0000_1607195719_216_received
8f42_d231_0000_1607195723_217_generated
40fb_d231_0000_1607195724_217_received
