8b29_9e1c_0000_1607348542_1_generated
7f44_8b29_0000_1607348543_2_generated
3f31_7f44_0000_1607348543_3_generated
c293_3f31_0000_1607348544_4_generated
1daa_c293_0000_1607348545_5_generated
21e3_1daa_0000_1607348550_6_received
5224_21e3_0000_1607348557_7_received
0faa_5224_0000_1607348573_8_generated
bbe6_0faa_0000_1607348577_9_received
cf32_bbe6_0000_1607348587_10_generated
6bcd_cf32_0000_1607348592_11_received
fe27_6bcd_0000_1607348592_12_received
4947_fe27_0000_1607348597_13_generated
9087_4947_0000_1607348612_14_generated
de9f_9087_0000_1607348613_15_generated
83c7_de9f_0000_1607348621_16_generated
33ad_83c7_0000_1607348628_17_generated
bd32_33ad_0000_1607348632_18_generated
6d13_33ad_0000_1607348631_18_received
f0e1_bd32_0000_1607348632_19_generated
eae8_f0e1_0000_1607348636_20_generated
e455_eae8_0000_1607348639_21_generated
031d_e455_0000_1607348641_22_generated
daa5_031d_0000_1607348643_23_generated
972c_daa5_0000_1607348649_24_received
434d_972c_0000_1607348658_25_generated
6861_434d_0000_1607348666_26_generated
1c42_6861_0000_1607348667_27_generated
5e74_1c42_0000_1607348671_28_generated
86a0_5e74_0000_1607348674_29_generated
feee_86a0_0000_1607348680_30_generated
140a_feee_0000_1607348681_31_generated
814f_140a_0000_1607348682_32_generated
944d_814f_0000_1607348685_33_generated
e0eb_944d_0000_1607348689_34_generated
0c6e_944d_0000_1607348690_34_received
45d4_e0eb_0000_1607348691_35_generated
2baf_45d4_0000_1607348705_36_received
d07b_2baf_0000_1607348706_37_generated
1b3b_d07b_0000_1607348708_38_generated
00ca_1b3b_0000_1607348711_39_generated
03dc_00ca_0000_1607348724_40_generated
e9aa_03dc_0000_1607348724_41_generated
37e2_e9aa_0000_1607348728_42_received
8aa8_37e2_0000_1607348734_43_received
49a1_8aa8_0000_1607348745_44_received
bea6_49a1_0000_1607348757_45_generated
bc5b_bea6_0000_1607348764_46_generated
583f_bc5b_0000_1607348765_47_generated
fad9_583f_0000_1607348770_48_received
b634_fad9_0000_1607348782_49_generated
e205_b634_0000_1607348785_50_generated
a5e6_e205_0000_1607348786_51_generated
f43c_a5e6_0000_1607348787_52_generated
8864_f43c_0000_1607348790_53_generated
f3c6_8864_0000_1607348797_54_received
5fcb_f3c6_0000_1607348811_55_received
d4e3_5fcb_0000_1607348816_56_received
3911_d4e3_0000_1607348820_57_generated
c305_3911_0000_1607348827_58_received
381e_c305_0000_1607348831_59_generated
bf1e_381e_0000_1607348835_60_generated
7b88_bf1e_0000_1607348836_61_generated
08ae_7b88_0000_1607348843_62_generated
0d65_08ae_0000_1607348845_63_generated
6fce_0d65_0000_1607348848_64_generated
9b67_6fce_0000_1607348854_65_generated
cf24_9b67_0000_1607348859_66_generated
42ad_cf24_0000_1607348861_67_generated
0c19_42ad_0000_1607348863_68_received
9893_0c19_0000_1607348875_69_generated
63ac_9893_0000_1607348876_70_received
d61a_63ac_0000_1607348877_71_received
40be_d61a_0000_1607348879_72_received
c177_40be_0000_1607348881_73_generated
e059_c177_0000_1607348883_74_generated
09f8_c177_0000_1607348884_74_received
e88b_e059_0000_1607348888_75_generated
229f_e88b_0000_1607348889_76_generated
0726_229f_0000_1607348897_77_received
6b6d_0726_0000_1607348898_78_generated
7837_6b6d_0000_1607348905_79_generated
0f6e_7837_0000_1607348909_80_generated
76be_0f6e_0000_1607348919_81_received
0848_76be_0000_1607348920_82_generated
99fe_0848_0000_1607348922_83_generated
3449_99fe_0000_1607348930_84_generated
e062_3449_0000_1607348940_85_received
7f90_e062_0000_1607348946_86_received
f084_7f90_0000_1607348961_87_received
e786_f084_0000_1607348963_88_received
5396_e786_0000_1607348964_89_generated
5544_5396_0000_1607348964_90_generated
4baa_5544_0000_1607348966_91_received
f5c0_4baa_0000_1607348972_92_generated
a1e1_4baa_0000_1607348973_92_received
71a2_a1e1_0000_1607348987_93_received
71aa_71a2_0000_1607349003_94_received
d851_71aa_0000_1607349007_95_received
b482_d851_0000_1607349009_96_received
bf75_b482_0000_1607349011_97_received
80a6_bf75_0000_1607349025_98_generated
1b9c_80a6_0000_1607349032_99_generated
aa3b_1b9c_0000_1607349035_100_generated
7f15_aa3b_0000_1607349038_101_received
6ed2_7f15_0000_1607349047_102_generated
c34a_6ed2_0000_1607349050_103_generated
7a80_c34a_0000_1607349053_104_generated
62da_7a80_0000_1607349054_105_generated
93cf_62da_0000_1607349056_106_generated
25df_93cf_0000_1607349060_107_generated
c765_25df_0000_1607349068_108_generated
5e2e_c765_0000_1607349078_109_received
ff6e_5e2e_0000_1607349082_110_received
3d06_ff6e_0000_1607349093_111_received
ead4_3d06_0000_1607349095_112_received
bcde_ead4_0000_1607349096_113_received
cf42_bcde_0000_1607349098_114_generated
b9c9_cf42_0000_1607349107_115_generated
56f4_b9c9_0000_1607349111_116_generated
be6c_56f4_0000_1607349120_117_generated
6c17_be6c_0000_1607349126_118_received
