9833_9e1c_0000_1607193327_1_received
dbfb_9e1c_0000_1607193330_1_received
44bc_9833_0000_1607193333_2_received
c7e9_9833_0000_1607193334_2_received
e0df_44bc_0000_1607193335_3_received
ba97_c7e9_0000_1607193337_3_received
bf94_e0df_0000_1607193340_4_received
5c4e_bf94_0000_1607193341_5_generated
eebb_bf94_0000_1607193342_5_received
b4d4_5c4e_0000_1607193344_6_received
e225_b4d4_0000_1607193352_7_received
92da_b4d4_0000_1607193351_7_received
b4eb_92da_0000_1607193360_8_received
88f3_b4eb_0000_1607193363_9_received
8a1f_88f3_0000_1607193367_10_generated
7925_88f3_0000_1607193368_10_received
44fa_8a1f_0000_1607193370_11_received
4aa6_44fa_0000_1607193375_12_received
47ac_44fa_0000_1607193376_12_received
bf8a_4aa6_0000_1607193379_13_received
1766_47ac_0000_1607193378_13_received
2cfc_bf8a_0000_1607193380_14_received
8c1b_2cfc_0000_1607193383_15_generated
c230_2cfc_0000_1607193384_15_received
9240_8c1b_0000_1607193389_16_received
d08d_9240_0000_1607193394_17_generated
31eb_d08d_0000_1607193394_18_generated
cf98_9240_0000_1607193395_17_received
598d_31eb_0000_1607193397_19_received
9fe0_cf98_0000_1607193396_18_received
6a59_9fe0_0000_1607193397_19_received
349f_6a59_0000_1607193398_20_received
b3c4_349f_0000_1607193400_21_generated
cebb_598d_0000_1607193399_20_received
f6fb_b3c4_0000_1607193402_22_generated
39ce_f6fb_0000_1607193407_23_received
05b5_39ce_0000_1607193407_24_received
c01b_05b5_0000_1607193409_25_received
907d_c01b_0000_1607193416_26_generated
cc57_c01b_0000_1607193417_26_received
05a3_cc57_0000_1607193420_27_received
3399_05a3_0000_1607193423_28_generated
4abf_05a3_0000_1607193425_28_received
e6e8_4abf_0000_1607193426_29_received
e865_e6e8_0000_1607193426_30_received
db52_e865_0000_1607193429_31_received
a481_db52_0000_1607193431_32_received
7679_a481_0000_1607193432_33_received
9078_7679_0000_1607193435_34_received
a5df_9078_0000_1607193437_35_generated
e67a_7679_0000_1607193436_34_received
06c4_9078_0000_1607193438_35_received
fb83_e67a_0000_1607193438_35_received
a052_fb83_0000_1607193440_36_received
7fc4_a5df_0000_1607193441_36_received
e330_a052_0000_1607193447_37_received
c30c_e330_0000_1607193449_38_received
477f_c30c_0000_1607193453_39_received
94ab_477f_0000_1607193456_40_received
563e_477f_0000_1607193457_40_received
f09b_94ab_0000_1607193460_41_received
97d9_f09b_0000_1607193464_42_received
0e27_97d9_0000_1607193465_43_received
f82d_0e27_0000_1607193466_44_received
04b9_f82d_0000_1607193472_45_received
c791_04b9_0000_1607193474_46_received
615e_c791_0000_1607193475_47_received
7bf0_615e_0000_1607193477_48_received
d65d_7bf0_0000_1607193479_49_received
0d25_d65d_0000_1607193480_50_received
c848_0d25_0000_1607193481_51_received
2e87_c848_0000_1607193486_52_received
8cd5_2e87_0000_1607193488_53_received
30ee_8cd5_0000_1607193496_54_received
d087_30ee_0000_1607193498_55_generated
f4fb_30ee_0000_1607193500_55_received
21dd_d087_0000_1607193501_56_received
1c52_21dd_0000_1607193503_57_generated
3460_1c52_0000_1607193504_58_received
7b6f_3460_0000_1607193510_59_received
1c31_7b6f_0000_1607193512_60_received
0f67_1c31_0000_1607193514_61_received
f14b_0f67_0000_1607193516_62_received
2e82_f14b_0000_1607193521_63_received
98ed_2e82_0000_1607193531_64_received
8807_2e82_0000_1607193532_64_received
d21b_98ed_0000_1607193536_65_generated
103a_98ed_0000_1607193537_65_received
82a9_d21b_0000_1607193539_66_received
26ba_82a9_0000_1607193541_67_generated
1fb0_82a9_0000_1607193542_67_received
0300_26ba_0000_1607193543_68_received
ee17_1fb0_0000_1607193542_68_received
91db_0300_0000_1607193547_69_received
fe4e_ee17_0000_1607193547_69_received
b8f7_91db_0000_1607193549_70_received
2223_b8f7_0000_1607193551_71_generated
85bf_fe4e_0000_1607193549_70_received
5144_2223_0000_1607193552_72_received
f223_5144_0000_1607193554_73_received
0ef3_2223_0000_1607193554_72_received
8d09_f223_0000_1607193558_74_received
c92b_8d09_0000_1607193560_75_received
7153_f223_0000_1607193560_74_received
9b87_7153_0000_1607193560_75_received
cf7a_c92b_0000_1607193564_76_received
17f2_cf7a_0000_1607193567_77_generated
cfe3_17f2_0000_1607193569_78_received
bacb_cf7a_0000_1607193568_77_received
cc22_bacb_0000_1607193568_78_received
8e00_cfe3_0000_1607193571_79_received
4a49_cfe3_0000_1607193570_79_received
05bf_4a49_0000_1607193574_80_received
5e24_8e00_0000_1607193574_80_received
58e1_5e24_0000_1607193576_81_received
b57c_58e1_0000_1607193578_82_received
4d17_58e1_0000_1607193580_82_received
6368_b57c_0000_1607193582_83_received
f8b4_6368_0000_1607193585_84_received
85ee_f8b4_0000_1607193588_85_received
a09c_85ee_0000_1607193590_86_received
0df0_a09c_0000_1607193593_87_received
b5ef_0df0_0000_1607193595_88_received
0c08_0df0_0000_1607193594_88_received
8090_0c08_0000_1607193596_89_received
06c3_8090_0000_1607193598_90_generated
c3dc_06c3_0000_1607193601_91_received
524f_c3dc_0000_1607193608_92_received
f409_524f_0000_1607193609_93_received
09a8_f409_0000_1607193612_94_received
e524_09a8_0000_1607193620_95_generated
98b0_09a8_0000_1607193619_95_received
17a0_98b0_0000_1607193621_96_received
6c70_17a0_0000_1607193627_97_received
2d09_17a0_0000_1607193628_97_received
03d3_6c70_0000_1607193635_98_received
ae16_03d3_0000_1607193640_99_received
36c5_03d3_0000_1607193639_99_received
2506_36c5_0000_1607193643_100_received
e3e5_2506_0000_1607193646_101_received
357c_e3e5_0000_1607193651_102_generated
e168_357c_0000_1607193654_103_received
0b7a_e168_0000_1607193656_104_received
f215_e168_0000_1607193657_104_received
0f9d_0b7a_0000_1607193658_105_received
6014_f215_0000_1607193658_105_received
347c_0b7a_0000_1607193659_105_received
7f51_6014_0000_1607193662_106_received
c324_7f51_0000_1607193668_107_received
7ab1_c324_0000_1607193670_108_received
b6dc_7ab1_0000_1607193676_109_generated
ec2f_7ab1_0000_1607193675_109_received
0944_ec2f_0000_1607193681_110_received
0f99_0944_0000_1607193684_111_received
dff8_0f99_0000_1607193686_112_received
ade2_dff8_0000_1607193690_113_received
45ef_ade2_0000_1607193692_114_received
515b_45ef_0000_1607193695_115_received
f602_515b_0000_1607193696_116_received
67a5_f602_0000_1607193703_117_received
28c8_67a5_0000_1607193704_118_received
0a91_28c8_0000_1607193705_119_received
e0ca_28c8_0000_1607193707_119_received
88e2_0a91_0000_1607193708_120_received
7b26_88e2_0000_1607193708_121_received
bf88_7b26_0000_1607193717_122_received
6a0d_bf88_0000_1607193718_123_received
2c83_6a0d_0000_1607193720_124_received
8b4f_2c83_0000_1607193722_125_received
05de_8b4f_0000_1607193724_126_received
9a6e_05de_0000_1607193725_127_received
7e5e_9a6e_0000_1607193725_128_received
be54_7e5e_0000_1607193730_129_received
59e3_be54_0000_1607193732_130_received
4f62_59e3_0000_1607193734_131_received
f860_4f62_0000_1607193738_132_received
00f3_f860_0000_1607193750_133_received
a701_00f3_0000_1607193751_134_received
eb9a_00f3_0000_1607193753_134_received
17b8_a701_0000_1607193754_135_received
b2ab_a701_0000_1607193755_135_received
b072_a701_0000_1607193756_135_received
5885_b072_0000_1607193756_136_received
7a39_5885_0000_1607193759_137_received
eda4_7a39_0000_1607193763_138_received
d1b8_eda4_0000_1607193764_139_received
b5e5_7a39_0000_1607193765_138_received
72f8_d1b8_0000_1607193765_140_received
b841_72f8_0000_1607193770_141_received
4da5_b841_0000_1607193775_142_received
fdb5_4da5_0000_1607193781_143_received
26ae_fdb5_0000_1607193782_144_received
4f8d_26ae_0000_1607193785_145_generated
90cc_fdb5_0000_1607193785_144_received
d696_26ae_0000_1607193786_145_received
9f8d_90cc_0000_1607193789_145_received
00b2_9f8d_0000_1607193792_146_received
8808_00b2_0000_1607193798_147_generated
191a_00b2_0000_1607193800_147_received
59e6_191a_0000_1607193802_148_received
66b3_59e6_0000_1607193812_149_generated
acd5_66b3_0000_1607193816_150_generated
35ea_59e6_0000_1607193815_149_received
a348_35ea_0000_1607193815_150_received
fbe6_a348_0000_1607193821_151_received
67b3_acd5_0000_1607193821_151_received
22b5_a348_0000_1607193823_151_received
ed53_fbe6_0000_1607193834_152_received
2e6e_ed53_0000_1607193837_153_generated
2e34_2e6e_0000_1607193844_154_received
af25_2e6e_0000_1607193846_154_received
48b6_2e34_0000_1607193848_155_received
8161_48b6_0000_1607193851_156_received
f3e2_8161_0000_1607193852_157_received
9b81_8161_0000_1607193855_157_received
f7bf_9b81_0000_1607193856_158_received
b5c9_f3e2_0000_1607193859_158_received
44f1_f7bf_0000_1607193861_159_received
9c4e_44f1_0000_1607193863_160_received
02c0_9c4e_0000_1607193868_161_received
0ec1_9c4e_0000_1607193867_161_received
fe8a_0ec1_0000_1607193872_162_received
06df_02c0_0000_1607193872_162_received
0b9d_06df_0000_1607193882_163_received
0a8b_06df_0000_1607193884_163_received
6d1d_fe8a_0000_1607193882_163_received
4903_0b9d_0000_1607193893_164_generated
923f_4903_0000_1607193895_165_generated
d156_6d1d_0000_1607193892_164_received
dc17_d156_0000_1607193896_165_received
e83e_923f_0000_1607193902_166_generated
b738_e83e_0000_1607193918_167_received
c52f_b738_0000_1607193923_168_received
cd1c_c52f_0000_1607193926_169_received
fd40_cd1c_0000_1607193927_170_received
d104_fd40_0000_1607193930_171_received
f429_fd40_0000_1607193931_171_received
0f4d_d104_0000_1607193935_172_received
ca24_0f4d_0000_1607193935_173_received
4b2c_d104_0000_1607193936_172_received
c294_ca24_0000_1607193939_174_received
63d7_c294_0000_1607193939_175_received
2fd5_63d7_0000_1607193942_176_received
b680_2fd5_0000_1607193946_177_received
8ae7_2fd5_0000_1607193948_177_received
7577_b680_0000_1607193951_178_received
94f3_7577_0000_1607193955_179_received
4a77_94f3_0000_1607193956_180_received
c0d1_4a77_0000_1607193961_181_received
953f_4a77_0000_1607193964_181_received
f78d_c0d1_0000_1607193970_182_received
a683_f78d_0000_1607193974_183_received
6f5e_f78d_0000_1607193975_183_received
0ccd_6f5e_0000_1607193975_184_received
7a79_a683_0000_1607193977_184_received
d501_7a79_0000_1607193978_185_received
85cb_0ccd_0000_1607193981_185_received
3593_d501_0000_1607193987_186_received
db2b_3593_0000_1607193990_187_received
8800_3593_0000_1607193993_187_received
f14e_8800_0000_1607193997_188_received
2d90_f14e_0000_1607194000_189_received
afa7_2d90_0000_1607194002_190_received
b532_2d90_0000_1607194004_190_received
d42d_afa7_0000_1607194019_191_received
4873_afa7_0000_1607194018_191_received
1373_4873_0000_1607194025_192_received
2138_d42d_0000_1607194026_192_received
8041_4873_0000_1607194027_192_received
e594_8041_0000_1607194029_193_received
a76b_e594_0000_1607194032_194_received
9233_a76b_0000_1607194037_195_received
109b_a76b_0000_1607194039_195_received
a1e9_109b_0000_1607194042_196_received
9d8d_9233_0000_1607194042_196_received
0a19_9d8d_0000_1607194043_197_received
b0fd_0a19_0000_1607194048_198_received
1768_b0fd_0000_1607194051_199_generated
ceb1_0a19_0000_1607194049_198_received
9efd_b0fd_0000_1607194053_199_received
8e7b_b0fd_0000_1607194054_199_received
2001_1768_0000_1607194059_200_received
204d_8e7b_0000_1607194060_200_received
3f4e_2001_0000_1607194064_201_received
9e1d_3f4e_0000_1607194068_202_received
7190_204d_0000_1607194067_201_received
65b7_9e1d_0000_1607194076_203_received
0639_65b7_0000_1607194080_204_received
3688_9e1d_0000_1607194078_203_received
b403_3688_0000_1607194080_204_received
7cd0_b403_0000_1607194082_205_received
b7cf_7cd0_0000_1607194087_206_received
27f6_7cd0_0000_1607194089_206_received
d874_7cd0_0000_1607194088_206_received
9c76_d874_0000_1607194095_207_received
d1d0_9c76_0000_1607194098_208_received
bc54_9c76_0000_1607194101_208_received
f515_bc54_0000_1607194101_209_received
e3af_f515_0000_1607194106_210_received
081d_e3af_0000_1607194111_211_received
26fd_e3af_0000_1607194112_211_received
74fb_081d_0000_1607194120_212_received
f67e_26fd_0000_1607194120_212_received
59ca_081d_0000_1607194122_212_received
d7b3_f67e_0000_1607194122_213_received
1b28_74fb_0000_1607194122_213_received
225d_d7b3_0000_1607194132_214_received
f919_1b28_0000_1607194133_214_received
5b17_f919_0000_1607194133_215_received
fdd6_225d_0000_1607194136_215_received
aa6a_5b17_0000_1607194137_216_received
8794_aa6a_0000_1607194140_217_received
2d7d_fdd6_0000_1607194141_216_received
13ad_8794_0000_1607194156_218_received
7fce_13ad_0000_1607194157_219_received
73ab_8794_0000_1607194157_218_received
1d0a_7fce_0000_1607194162_220_received
6739_1d0a_0000_1607194163_221_received
1dd4_6739_0000_1607194168_222_received
8b7e_6739_0000_1607194167_222_received
85e3_7fce_0000_1607194168_220_received
37f8_8b7e_0000_1607194169_223_received
33c4_6739_0000_1607194172_222_received
ef54_37f8_0000_1607194175_224_received
a16e_ef54_0000_1607194183_225_received
105e_a16e_0000_1607194188_226_received
a47a_105e_0000_1607194191_227_generated
6197_a16e_0000_1607194189_226_received
1ecf_a47a_0000_1607194199_228_received
bcd3_a47a_0000_1607194203_228_received
84a6_1ecf_0000_1607194209_229_received
c297_1ecf_0000_1607194212_229_received
92e6_84a6_0000_1607194221_230_received
90cb_92e6_0000_1607194225_231_received
1509_90cb_0000_1607194231_232_received
0a0d_1509_0000_1607194236_233_generated
96ce_1509_0000_1607194235_233_received
b90c_96ce_0000_1607194246_234_received
1d26_96ce_0000_1607194247_234_received
169f_1d26_0000_1607194247_235_received
356e_b90c_0000_1607194250_235_received
f4ba_169f_0000_1607194251_236_received
ddb2_f4ba_0000_1607194259_237_received
9ea6_f4ba_0000_1607194260_237_received
957d_f4ba_0000_1607194256_237_received
cd54_957d_0000_1607194268_238_received
9f34_cd54_0000_1607194276_239_received
1f12_9f34_0000_1607194278_240_received
7575_1f12_0000_1607194285_241_received
fd73_1f12_0000_1607194283_241_received
db5f_7575_0000_1607194292_242_received
e287_db5f_0000_1607194299_243_received
b300_e287_0000_1607194302_244_received
0fd9_db5f_0000_1607194301_243_received
37bd_db5f_0000_1607194303_243_received
3e33_b300_0000_1607194309_245_received
6361_3e33_0000_1607194312_246_received
0a28_3e33_0000_1607194316_246_received
6481_6361_0000_1607194326_247_received
63f9_6361_0000_1607194328_247_received
4209_6481_0000_1607194331_248_received
a4af_63f9_0000_1607194332_248_received
b566_4209_0000_1607194337_249_received
7099_a4af_0000_1607194335_249_received
e02b_7099_0000_1607194338_250_received
b5de_4209_0000_1607194340_249_received
e111_e02b_0000_1607194348_251_received
8ed9_e111_0000_1607194351_252_received
8475_8ed9_0000_1607194355_253_received
ed12_8ed9_0000_1607194359_253_received
ea49_8475_0000_1607194365_254_received
9612_8475_0000_1607194367_254_received
c87c_ea49_0000_1607194370_255_received
319c_ea49_0000_1607194373_255_received
9bc0_c87c_0000_1607194377_256_received
20e3_c87c_0000_1607194380_256_received
684f_9bc0_0000_1607194389_257_received
b2ea_20e3_0000_1607194389_257_received
fe2d_684f_0000_1607194398_258_received
5893_fe2d_0000_1607194402_259_received
6acd_fe2d_0000_1607194403_259_received
f5e7_5893_0000_1607194408_260_received
f55d_5893_0000_1607194410_260_received
e108_fe2d_0000_1607194404_259_received
5e13_f5e7_0000_1607194412_261_received
36cc_e108_0000_1607194413_260_received
dd8e_f55d_0000_1607194416_261_received
6be7_dd8e_0000_1607194417_262_received
cf06_36cc_0000_1607194419_261_received
a25e_6be7_0000_1607194436_263_received
e514_a25e_0000_1607194438_264_received
317c_e514_0000_1607194445_265_generated
b67c_e514_0000_1607194439_265_received
381c_b67c_0000_1607194441_266_received
fffa_381c_0000_1607194448_267_received
9881_381c_0000_1607194447_267_received
cc61_9881_0000_1607194460_268_received
6c53_9881_0000_1607194459_268_received
906d_cc61_0000_1607194461_269_received
2d68_6c53_0000_1607194462_269_received
2ea8_2d68_0000_1607194464_270_received
2d40_2ea8_0000_1607194466_271_received
7550_2d40_0000_1607194479_272_received
f2d1_2d40_0000_1607194481_272_received
2540_2d40_0000_1607194483_272_received
a48a_7550_0000_1607194486_273_received
3a5e_a48a_0000_1607194495_274_received
d6e3_3a5e_0000_1607194497_275_received
62c0_d6e3_0000_1607194503_276_received
442b_d6e3_0000_1607194505_276_received
1a62_62c0_0000_1607194512_277_received
18c8_1a62_0000_1607194516_278_received
f028_1a62_0000_1607194521_278_received
