e0a0_9e1c_0000_1607195750_1_generated
37ba_e0a0_0000_1607195769_2_received
2e3a_37ba_0000_1607195778_3_received
98c7_2e3a_0000_1607195781_4_received
eef8_98c7_0000_1607195785_5_generated
af14_98c7_0000_1607195783_5_received
7458_af14_0000_1607195786_6_received
925b_7458_0000_1607195787_7_received
a88a_925b_0000_1607195790_8_generated
d25c_a88a_0000_1607195793_9_received
8e52_d25c_0000_1607195803_10_received
15fc_8e52_0000_1607195805_11_generated
7d5e_8e52_0000_1607195804_11_received
fc53_15fc_0000_1607195815_12_generated
44fc_7d5e_0000_1607195814_12_received
f15f_fc53_0000_1607195822_13_generated
f42f_f15f_0000_1607195846_14_generated
a134_f42f_0000_1607195851_15_received
054b_f42f_0000_1607195850_15_received
c376_a134_0000_1607195864_16_generated
b4cb_c376_0000_1607195866_17_generated
d23e_b4cb_0000_1607195881_18_received
1f80_d23e_0000_1607195884_19_generated
d52f_1f80_0000_1607195886_20_received
2f01_d52f_0000_1607195890_21_received
20d0_2f01_0000_1607195910_22_received
0d6e_20d0_0000_1607195926_23_received
1d89_0d6e_0000_1607195955_24_generated
c7b9_1d89_0000_1607195956_25_generated
d5ed_c7b9_0000_1607195961_26_received
77b7_d5ed_0000_1607195991_27_generated
7066_77b7_0000_1607195998_28_generated
63a3_7066_0000_1607196000_29_generated
77ee_63a3_0000_1607196002_30_generated
be5c_77ee_0000_1607196006_31_received
cc32_be5c_0000_1607196021_32_received
ac63_cc32_0000_1607196027_33_generated
6bf0_cc32_0000_1607196025_33_received
d750_ac63_0000_1607196043_34_generated
4251_6bf0_0000_1607196043_34_received
263f_4251_0000_1607196047_35_received
102c_263f_0000_1607196049_36_received
1693_102c_0000_1607196056_37_generated
c773_1693_0000_1607196059_38_generated
842a_c773_0000_1607196069_39_generated
33af_842a_0000_1607196074_40_received
d87b_33af_0000_1607196083_41_generated
8e9e_d87b_0000_1607196085_42_received
26ae_8e9e_0000_1607196090_43_received
6344_26ae_0000_1607196095_44_generated
41d7_26ae_0000_1607196094_44_received
9d85_6344_0000_1607196111_45_generated
502c_9d85_0000_1607196119_46_received
64b3_502c_0000_1607196123_47_received
2f99_64b3_0000_1607196129_48_received
5189_2f99_0000_1607196144_49_received
94eb_5189_0000_1607196147_50_generated
8d12_94eb_0000_1607196152_51_generated
53bd_8d12_0000_1607196156_52_generated
bfa2_53bd_0000_1607196159_53_received
ee8b_bfa2_0000_1607196163_54_received
2a3b_ee8b_0000_1607196166_55_received
33fe_2a3b_0000_1607196169_56_generated
e7f2_33fe_0000_1607196191_57_received
93d4_e7f2_0000_1607196206_58_received
04f9_93d4_0000_1607196214_59_received
ce90_04f9_0000_1607196222_60_received
6d0a_ce90_0000_1607196231_61_generated
3bae_6d0a_0000_1607196254_62_received
e45d_3bae_0000_1607196264_63_generated
45f0_e45d_0000_1607196270_64_generated
88f7_e45d_0000_1607196269_64_received
8a87_88f7_0000_1607196278_65_received
1285_8a87_0000_1607196281_66_received
c000_1285_0000_1607196289_67_generated
0125_c000_0000_1607196307_68_received
928e_0125_0000_1607196322_69_generated
c784_928e_0000_1607196329_70_received
8fc9_c784_0000_1607196341_71_generated
956d_8fc9_0000_1607196352_72_received
4f06_956d_0000_1607196354_73_received
a84a_4f06_0000_1607196356_74_generated
e454_a84a_0000_1607196360_75_generated
c5a4_e454_0000_1607196364_76_generated
48c9_c5a4_0000_1607196367_77_received
f498_48c9_0000_1607196371_78_generated
6e07_48c9_0000_1607196372_78_received
e52b_f498_0000_1607196391_79_received
421c_e52b_0000_1607196391_80_received
432e_421c_0000_1607196401_81_received
68a1_432e_0000_1607196437_82_generated
14a0_432e_0000_1607196438_82_received
4139_68a1_0000_1607196451_83_generated
1dc4_4139_0000_1607196459_84_received
494b_4139_0000_1607196460_84_received
764f_494b_0000_1607196462_85_received
1395_764f_0000_1607196468_86_received
fe35_1395_0000_1607196476_87_received
77ca_fe35_0000_1607196481_88_received
ed1f_77ca_0000_1607196483_89_received
ebc4_ed1f_0000_1607196488_90_received
aeeb_ebc4_0000_1607196495_91_generated
6174_aeeb_0000_1607196510_92_received
55d0_6174_0000_1607196521_93_generated
3855_55d0_0000_1607196524_94_received
4a4f_3855_0000_1607196530_95_generated
bfdf_4a4f_0000_1607196544_96_received
51cc_bfdf_0000_1607196554_97_generated
6970_51cc_0000_1607196562_98_received
9501_6970_0000_1607196569_99_received
848a_9501_0000_1607196589_100_received
9553_848a_0000_1607196604_101_received
667a_9553_0000_1607196610_102_received
232a_667a_0000_1607196615_103_received
afa7_232a_0000_1607196619_104_generated
ce1b_232a_0000_1607196618_104_received
c19a_ce1b_0000_1607196619_105_received
1fac_c19a_0000_1607196626_106_received
3c73_1fac_0000_1607196628_107_generated
b92a_3c73_0000_1607196635_108_received
ee56_b92a_0000_1607196641_109_received
fc10_ee56_0000_1607196662_110_received
b63e_fc10_0000_1607196676_111_generated
7124_fc10_0000_1607196675_111_received
366a_7124_0000_1607196702_112_received
9a5c_366a_0000_1607196738_113_received
cab5_9a5c_0000_1607196766_114_generated
cf4d_cab5_0000_1607196768_115_received
01a9_cf4d_0000_1607196773_116_received
c5e4_01a9_0000_1607196780_117_received
6ec4_c5e4_0000_1607196791_118_received
da20_c5e4_0000_1607196792_118_received
6ea5_6ec4_0000_1607196794_119_generated
3474_6ea5_0000_1607196802_120_received
1fc2_3474_0000_1607196807_121_received
b557_1fc2_0000_1607196836_122_generated
a343_b557_0000_1607196849_123_generated
2048_a343_0000_1607196853_124_generated
ca18_2048_0000_1607196864_125_received
6a49_ca18_0000_1607196872_126_received
d78a_6a49_0000_1607196875_127_received
6e23_d78a_0000_1607196885_128_received
7dd4_6e23_0000_1607196889_129_received
d1c3_7dd4_0000_1607196892_130_generated
1397_d1c3_0000_1607196913_131_received
06e3_1397_0000_1607196919_132_generated
8a18_06e3_0000_1607196921_133_generated
0854_8a18_0000_1607196925_134_generated
