1629_9e1c_0000_1607346570_1_generated
b238_1629_0000_1607346583_2_received
ec1e_b238_0000_1607346585_3_generated
2825_ec1e_0000_1607346590_4_generated
7c83_2825_0000_1607346595_5_generated
6e07_7c83_0000_1607346601_6_generated
4780_6e07_0000_1607346602_7_generated
017f_4780_0000_1607346610_8_received
8f78_017f_0000_1607346614_9_received
f07c_8f78_0000_1607346615_10_generated
6c13_f07c_0000_1607346628_11_generated
53af_6c13_0000_1607346633_12_received
5b9d_53af_0000_1607346637_13_received
6182_5b9d_0000_1607346671_14_generated
ec06_6182_0000_1607346694_15_generated
26b7_ec06_0000_1607346702_16_generated
2404_26b7_0000_1607346707_17_received
c1fb_2404_0000_1607346716_18_received
d424_c1fb_0000_1607346727_19_generated
857b_d424_0000_1607346739_20_generated
b166_857b_0000_1607346742_21_received
5667_b166_0000_1607346745_22_generated
9262_5667_0000_1607346750_23_received
b8f5_9262_0000_1607346755_24_generated
475b_b8f5_0000_1607346757_25_received
4828_475b_0000_1607346759_26_generated
31f8_4828_0000_1607346771_27_generated
ddda_31f8_0000_1607346775_28_generated
c258_ddda_0000_1607346787_29_received
f28b_c258_0000_1607346803_30_generated
2835_f28b_0000_1607346836_31_received
fb2d_2835_0000_1607346843_32_generated
1848_fb2d_0000_1607346856_33_generated
d051_1848_0000_1607346860_34_received
f9c9_d051_0000_1607346865_35_received
b440_f9c9_0000_1607346879_36_received
eb0b_b440_0000_1607346895_37_received
5b90_eb0b_0000_1607346898_38_received
db33_5b90_0000_1607346916_39_received
a0a2_db33_0000_1607346925_40_received
5db4_a0a2_0000_1607346954_41_received
efee_5db4_0000_1607346961_42_generated
9c5b_efee_0000_1607346975_43_generated
3f72_9c5b_0000_1607346990_44_received
4841_3f72_0000_1607346992_45_received
384d_4841_0000_1607346999_46_received
5988_384d_0000_1607347000_47_generated
fb6c_5988_0000_1607347014_48_received
0156_fb6c_0000_1607347016_49_received
6c4a_0156_0000_1607347037_50_received
8afd_6c4a_0000_1607347042_51_generated
3f3c_8afd_0000_1607347046_52_received
23e2_3f3c_0000_1607347066_53_received
5c8b_23e2_0000_1607347071_54_received
d129_5c8b_0000_1607347095_55_generated
46ec_d129_0000_1607347105_56_generated
a783_46ec_0000_1607347116_57_generated
59b1_a783_0000_1607347119_58_received
369f_59b1_0000_1607347138_59_received
f172_369f_0000_1607347163_60_generated
