0eac_9e1c_0000_1607207754_1_received
669f_0eac_0000_1607207756_2_received
bace_669f_0000_1607207758_3_received
e900_bace_0000_1607207761_4_received
8a1d_e900_0000_1607207770_5_received
3f0c_8a1d_0000_1607207778_6_received
1058_3f0c_0000_1607207793_7_generated
876f_1058_0000_1607207795_8_received
ee9b_876f_0000_1607207805_9_received
9a7e_ee9b_0000_1607207814_10_generated
0375_9a7e_0000_1607207820_11_received
2d56_0375_0000_1607207834_12_received
7a72_2d56_0000_1607207844_13_received
afbb_7a72_0000_1607207853_14_received
eb8f_afbb_0000_1607207866_15_received
cb55_eb8f_0000_1607207874_16_received
7af7_cb55_0000_1607207881_17_received
c115_7af7_0000_1607207885_18_received
6e2c_7af7_0000_1607207886_18_received
e537_c115_0000_1607207898_19_received
a972_e537_0000_1607207911_20_received
2769_a972_0000_1607207918_21_received
c82b_2769_0000_1607207928_22_received
0ecc_c82b_0000_1607207968_23_received
1871_0ecc_0000_1607207973_24_received
7bea_1871_0000_1607207991_25_received
7e02_7bea_0000_1607208006_26_received
3158_7e02_0000_1607208009_27_received
5eb1_3158_0000_1607208016_28_received
b4ad_5eb1_0000_1607208018_29_received
bb5c_b4ad_0000_1607208021_30_received
5020_bb5c_0000_1607208023_31_received
79e3_bb5c_0000_1607208025_31_received
d57b_5020_0000_1607208027_32_received
3fb2_d57b_0000_1607208033_33_received
97a0_3fb2_0000_1607208056_34_received
c2c2_97a0_0000_1607208060_35_received
21be_c2c2_0000_1607208084_36_received
2fce_21be_0000_1607208103_37_received
2742_2fce_0000_1607208110_38_received
0755_2742_0000_1607208116_39_received
48ae_0755_0000_1607208121_40_received
5652_48ae_0000_1607208125_41_received
62f1_5652_0000_1607208150_42_received
7ea9_62f1_0000_1607208155_43_received
d2dc_7ea9_0000_1607208159_44_received
b9a9_d2dc_0000_1607208165_45_received
6ca5_b9a9_0000_1607208171_46_received
931d_6ca5_0000_1607208176_47_received
8955_931d_0000_1607208181_48_generated
1e8c_8955_0000_1607208196_49_received
3ec1_1e8c_0000_1607208204_50_received
1c21_3ec1_0000_1607208214_51_received
2e47_1c21_0000_1607208216_52_received
80d2_2e47_0000_1607208265_53_received
20c6_80d2_0000_1607208275_54_received
9c81_20c6_0000_1607208280_55_received
0236_9c81_0000_1607208298_56_received
6a70_0236_0000_1607208303_57_received
a5cd_6a70_0000_1607208311_58_received
922a_a5cd_0000_1607208317_59_received
710c_922a_0000_1607208350_60_received
0450_710c_0000_1607208352_61_received
5ba5_0450_0000_1607208366_62_received
ed95_5ba5_0000_1607208375_63_received
647c_ed95_0000_1607208376_64_received
c8e3_647c_0000_1607208392_65_received
8dcb_c8e3_0000_1607208412_66_generated
7051_8dcb_0000_1607208417_67_received
d869_7051_0000_1607208425_68_received
99e2_d869_0000_1607208433_69_received
a9de_99e2_0000_1607208438_70_received
24e3_a9de_0000_1607208445_71_received
2ef2_24e3_0000_1607208450_72_received
d438_2ef2_0000_1607208467_73_generated
0da7_d438_0000_1607208482_74_received
4a42_0da7_0000_1607208497_75_received
cff7_4a42_0000_1607208499_76_received
9cf4_cff7_0000_1607208505_77_received
010f_9cf4_0000_1607208512_78_received
bb9f_010f_0000_1607208520_79_received
4c3e_bb9f_0000_1607208525_80_received
ae57_4c3e_0000_1607208543_81_received
23c7_ae57_0000_1607208559_82_received
2032_23c7_0000_1607208568_83_received
f8ac_23c7_0000_1607208567_83_received
4965_23c7_0000_1607208569_83_received
3244_f8ac_0000_1607208585_84_received
9156_3244_0000_1607208591_85_received
2532_9156_0000_1607208602_86_received
34a9_2532_0000_1607208622_87_received
93cb_34a9_0000_1607208624_88_received
fc89_93cb_0000_1607208634_89_received
ecd9_fc89_0000_1607208641_90_received
7247_ecd9_0000_1607208643_91_received
d8c4_7247_0000_1607208655_92_generated
afe6_d8c4_0000_1607208692_93_received
ce33_afe6_0000_1607208715_94_received
84c5_ce33_0000_1607208724_95_received
5bb8_84c5_0000_1607208730_96_received
1eee_5bb8_0000_1607208759_97_received
6e0a_1eee_0000_1607208770_98_received
95af_1eee_0000_1607208771_98_received
ef86_6e0a_0000_1607208780_99_received
9c3b_ef86_0000_1607208787_100_received
7c11_9c3b_0000_1607208806_101_received
57db_7c11_0000_1607208810_102_received
b943_57db_0000_1607208814_103_received
499f_b943_0000_1607208817_104_received
356d_499f_0000_1607208837_105_received
c412_356d_0000_1607208842_106_received
63b6_c412_0000_1607208848_107_received
1010_63b6_0000_1607208855_108_received
4504_63b6_0000_1607208856_108_received
c9b5_1010_0000_1607208871_109_received
f5bb_c9b5_0000_1607208878_110_received
093e_f5bb_0000_1607208889_111_received
399a_093e_0000_1607208889_112_received
3251_f5bb_0000_1607208890_111_received
1495_399a_0000_1607208896_113_received
92d2_399a_0000_1607208897_113_received
4f19_92d2_0000_1607208898_114_received
7c1e_4f19_0000_1607208908_115_received
06dd_7c1e_0000_1607208911_116_received
d342_06dd_0000_1607208926_117_received
278a_d342_0000_1607208930_118_received
cc69_278a_0000_1607208939_119_received
bac0_cc69_0000_1607208941_120_received
