e840_9e1c_0000_1605077574_1_generated
25d5_9e1c_0000_1605077573_1_received
2d6b_25d5_0000_1605077576_2_received
5f1a_2d6b_0000_1605077581_3_received
cb12_5f1a_0000_1605077583_4_received
0c24_cb12_0000_1605077588_5_received
d258_0c24_0000_1605077592_6_received
05f8_d258_0000_1605077593_7_received
5e52_05f8_0000_1605077599_8_received
0d0d_5e52_0000_1605077612_9_received
82dd_0d0d_0000_1605077626_10_received
aaf5_82dd_0000_1605077629_11_received
f820_aaf5_0000_1605077641_12_received
7f44_f820_0000_1605077648_13_received
f868_7f44_0000_1605077666_14_received
7df0_f868_0000_1605077673_15_generated
ceec_7df0_0000_1605077676_16_received
473f_ceec_0000_1605077680_17_generated
e24c_473f_0000_1605077686_18_received
fa7e_473f_0000_1605077687_18_received
47bf_fa7e_0000_1605077690_19_received
133d_47bf_0000_1605077698_20_received
8fbd_133d_0000_1605077707_21_received
634f_8fbd_0000_1605077714_22_received
5a90_634f_0000_1605077738_23_received
55ea_5a90_0000_1605077740_24_generated
09df_55ea_0000_1605077757_25_received
8920_09df_0000_1605077758_26_received
58b9_8920_0000_1605077766_27_received
0581_58b9_0000_1605077769_28_received
8ce6_0581_0000_1605077777_29_received
dd1e_8ce6_0000_1605077783_30_received
9aae_dd1e_0000_1605077792_31_received
05a5_9aae_0000_1605077803_32_received
5682_05a5_0000_1605077808_33_received
8692_5682_0000_1605077811_34_received
c8bb_8692_0000_1605077825_35_generated
7593_c8bb_0000_1605077830_36_received
6eba_7593_0000_1605077833_37_received
a07a_6eba_0000_1605077840_38_received
27b4_a07a_0000_1605077848_39_received
b091_27b4_0000_1605077850_40_received
fde8_b091_0000_1605077851_41_received
6051_fde8_0000_1605077865_42_received
dde7_6051_0000_1605077869_43_received
f98d_dde7_0000_1605077873_44_received
f6c4_f98d_0000_1605077879_45_received
0d10_f6c4_0000_1605077882_46_received
ba8a_0d10_0000_1605077883_47_received
e597_ba8a_0000_1605077891_48_received
d472_e597_0000_1605077897_49_received
7e9c_d472_0000_1605077909_50_received
4a94_7e9c_0000_1605077914_51_received
b4ac_4a94_0000_1605077915_52_received
3045_b4ac_0000_1605077922_53_received
d58e_3045_0000_1605077924_54_received
dfe0_d58e_0000_1605077928_55_received
94dd_dfe0_0000_1605077931_56_received
119b_94dd_0000_1605077939_57_received
5f33_119b_0000_1605077940_58_received
4f7b_5f33_0000_1605077943_59_received
3b82_4f7b_0000_1605077946_60_generated
2327_3b82_0000_1605077962_61_received
98c2_2327_0000_1605077964_62_received
4afc_98c2_0000_1605077964_63_received
0898_4afc_0000_1605077976_64_received
28aa_0898_0000_1605077978_65_received
2123_28aa_0000_1605077982_66_received
932a_2123_0000_1605077983_67_received
7206_932a_0000_1605077988_68_received
5e73_7206_0000_1605077990_69_received
2570_5e73_0000_1605077994_70_generated
db2a_2570_0000_1605077999_71_generated
61ea_db2a_0000_1605078003_72_received
9377_61ea_0000_1605078008_73_received
bea7_9377_0000_1605078015_74_received
1454_bea7_0000_1605078017_75_received
87cc_1454_0000_1605078021_76_received
36e2_87cc_0000_1605078024_77_received
d880_36e2_0000_1605078030_78_received
7290_d880_0000_1605078036_79_received
7e0c_7290_0000_1605078043_80_received
4487_7e0c_0000_1605078051_81_received
be4a_4487_0000_1605078052_82_received
ff01_be4a_0000_1605078053_83_received
077d_ff01_0000_1605078053_84_received
e53d_077d_0000_1605078062_85_received
e625_e53d_0000_1605078064_86_received
cf10_e625_0000_1605078066_87_received
6482_cf10_0000_1605078069_88_received
f85e_6482_0000_1605078072_89_received
95d6_f85e_0000_1605078073_90_received
f505_95d6_0000_1605078085_91_received
a432_f505_0000_1605078095_92_received
c61f_a432_0000_1605078097_93_received
e076_c61f_0000_1605078103_94_received
350c_e076_0000_1605078108_95_received
32a8_350c_0000_1605078117_96_received
93d3_32a8_0000_1605078120_97_received
8580_93d3_0000_1605078146_98_generated
38b8_8580_0000_1605078148_99_generated
4bf7_8580_0000_1605078147_99_received
0017_4bf7_0000_1605078149_100_received
56e6_0017_0000_1605078158_101_generated
c38b_56e6_0000_1605078164_102_received
b4de_c38b_0000_1605078167_103_received
89af_b4de_0000_1605078171_104_received
3842_89af_0000_1605078175_105_received
76fc_3842_0000_1605078200_106_generated
b430_3842_0000_1605078199_106_received
cfd3_b430_0000_1605078209_107_received
65a9_cfd3_0000_1605078211_108_generated
400e_65a9_0000_1605078212_109_generated
94ac_400e_0000_1605078214_110_received
3dd8_94ac_0000_1605078215_111_received
d255_3dd8_0000_1605078221_112_received
bd28_3dd8_0000_1605078222_112_received
475d_d255_0000_1605078226_113_received
7630_475d_0000_1605078229_114_received
dddd_7630_0000_1605078233_115_generated
2f2a_dddd_0000_1605078235_116_received
5483_dddd_0000_1605078236_116_received
6c0e_2f2a_0000_1605078236_117_received
37a3_6c0e_0000_1605078240_118_received
b259_37a3_0000_1605078265_119_generated
2384_b259_0000_1605078280_120_received
f1df_2384_0000_1605078286_121_received
12db_f1df_0000_1605078290_122_received
