6849_9e1c_0000_1607176618_1_generated
0f5c_6849_0000_1607176627_2_received
c63b_0f5c_0000_1607176633_3_generated
c571_c63b_0000_1607176645_4_generated
db92_c571_0000_1607176652_5_received
ce56_db92_0000_1607176658_6_received
9389_ce56_0000_1607176665_7_received
e8ce_9389_0000_1607176678_8_generated
e602_e8ce_0000_1607176686_9_generated
f004_e602_0000_1607176690_10_generated
ae8a_f004_0000_1607176690_11_generated
e273_ae8a_0000_1607176692_12_generated
ab81_e273_0000_1607176698_13_received
9c30_ab81_0000_1607176700_14_generated
d556_9c30_0000_1607176703_15_received
c77d_d556_0000_1607176721_16_generated
220d_c77d_0000_1607176734_17_received
2d7e_220d_0000_1607176737_18_generated
5959_2d7e_0000_1607176741_19_generated
148c_5959_0000_1607176763_20_received
b819_148c_0000_1607176770_21_received
f4c1_b819_0000_1607176776_22_received
afb4_f4c1_0000_1607176781_23_received
970a_afb4_0000_1607176787_24_generated
54f1_970a_0000_1607176794_25_received
52ce_54f1_0000_1607176795_26_received
fa1a_52ce_0000_1607176807_27_received
3850_fa1a_0000_1607176808_28_received
9312_3850_0000_1607176812_29_generated
a3f9_9312_0000_1607176818_30_generated
066d_a3f9_0000_1607176821_31_received
8718_066d_0000_1607176823_32_generated
3ac5_066d_0000_1607176824_32_received
7b72_8718_0000_1607176827_33_generated
6007_7b72_0000_1607176839_34_received
3dab_6007_0000_1607176849_35_generated
5bc0_3dab_0000_1607176856_36_received
1315_5bc0_0000_1607176861_37_received
d031_1315_0000_1607176872_38_received
9351_d031_0000_1607176888_39_generated
89bc_9351_0000_1607176893_40_received
ba3e_89bc_0000_1607176903_41_received
5156_ba3e_0000_1607176921_42_generated
98fe_5156_0000_1607176921_43_generated
f61a_98fe_0000_1607176923_44_received
c37f_f61a_0000_1607176944_45_generated
50ed_c37f_0000_1607176952_46_generated
46a3_50ed_0000_1607176998_47_received
c1cb_46a3_0000_1607177004_48_generated
a966_c1cb_0000_1607177007_49_received
96f3_a966_0000_1607177017_50_received
ebbf_96f3_0000_1607177057_51_received
0782_ebbf_0000_1607177067_52_received
b6bc_0782_0000_1607177074_53_received
6db2_b6bc_0000_1607177100_54_generated
8291_6db2_0000_1607177102_55_generated
be52_8291_0000_1607177124_56_generated
c24f_be52_0000_1607177128_57_received
9905_c24f_0000_1607177133_58_received
c579_9905_0000_1607177144_59_generated
03fc_c579_0000_1607177147_60_received
6f12_03fc_0000_1607177175_61_generated
97b8_6f12_0000_1607177176_62_generated
abed_97b8_0000_1607177189_63_received
e1b9_abed_0000_1607177189_64_received
5524_e1b9_0000_1607177196_65_received
a60d_5524_0000_1607177199_66_received
7571_a60d_0000_1607177202_67_generated
f610_a60d_0000_1607177201_67_received
23de_7571_0000_1607177204_68_generated
e6b4_23de_0000_1607177205_69_generated
37c0_e6b4_0000_1607177206_70_generated
9c6b_37c0_0000_1607177233_71_received
3e93_9c6b_0000_1607177260_72_generated
34ed_3e93_0000_1607177264_73_generated
112f_34ed_0000_1607177266_74_received
abdb_112f_0000_1607177283_75_generated
f309_abdb_0000_1607177287_76_generated
29f7_f309_0000_1607177304_77_generated
