a10c_9e1c_0000_1607377085_1_received
44e8_a10c_0000_1607377099_2_received
4eef_44e8_0000_1607377102_3_received
1d34_4eef_0000_1607377102_4_received
ed61_1d34_0000_1607377109_5_received
b45d_ed61_0000_1607377112_6_received
12e0_b45d_0000_1607377114_7_received
87b9_12e0_0000_1607377116_8_received
f97d_87b9_0000_1607377117_9_received
2495_f97d_0000_1607377117_10_received
a8b0_2495_0000_1607377119_11_received
2708_a8b0_0000_1607377126_12_received
4f0e_2708_0000_1607377127_13_generated
283d_4f0e_0000_1607377128_14_received
3664_283d_0000_1607377129_15_received
d265_4f0e_0000_1607377129_14_received
e301_3664_0000_1607377130_16_received
ab56_e301_0000_1607377133_17_received
29aa_ab56_0000_1607377135_18_received
1663_29aa_0000_1607377135_19_received
db30_1663_0000_1607377136_20_received
dd88_db30_0000_1607377138_21_received
aacb_dd88_0000_1607377143_22_received
6991_aacb_0000_1607377145_23_received
b0f5_6991_0000_1607377147_24_received
cef7_6991_0000_1607377148_24_received
526d_b0f5_0000_1607377150_25_received
a8c8_526d_0000_1607377154_26_received
af2f_a8c8_0000_1607377156_27_received
96dc_af2f_0000_1607377157_28_received
2daa_96dc_0000_1607377159_29_generated
4c37_96dc_0000_1607377160_29_received
a70e_2daa_0000_1607377163_30_received
3a53_a70e_0000_1607377164_31_received
d366_3a53_0000_1607377165_32_received
43d3_d366_0000_1607377167_33_received
4831_43d3_0000_1607377172_34_received
fa6d_4831_0000_1607377177_35_received
401d_fa6d_0000_1607377179_36_received
ad4d_fa6d_0000_1607377180_36_received
7f43_401d_0000_1607377180_37_received
f229_ad4d_0000_1607377180_37_received
16c3_f229_0000_1607377185_38_received
86e1_16c3_0000_1607377193_39_received
d928_86e1_0000_1607377197_40_received
a959_d928_0000_1607377198_41_received
eb19_a959_0000_1607377201_42_generated
f303_eb19_0000_1607377204_43_received
87d8_f303_0000_1607377204_44_received
9691_87d8_0000_1607377207_45_received
9e49_9691_0000_1607377208_46_received
61f5_9691_0000_1607377209_46_received
dceb_9e49_0000_1607377212_47_received
15fc_dceb_0000_1607377213_48_generated
bb9e_15fc_0000_1607377216_49_received
c252_15fc_0000_1607377215_49_received
8eb0_bb9e_0000_1607377216_50_received
76b1_8eb0_0000_1607377218_51_received
fd3a_76b1_0000_1607377223_52_generated
25c0_fd3a_0000_1607377224_53_received
980c_25c0_0000_1607377230_54_received
9af6_980c_0000_1607377231_55_received
7780_9af6_0000_1607377232_56_received
3561_7780_0000_1607377234_57_received
0e0f_3561_0000_1607377237_58_received
7b21_0e0f_0000_1607377239_59_received
45ac_7b21_0000_1607377242_60_received
3660_45ac_0000_1607377244_61_received
7322_3660_0000_1607377245_62_received
b12b_7322_0000_1607377249_63_received
321c_b12b_0000_1607377257_64_received
d75e_321c_0000_1607377258_65_received
3237_d75e_0000_1607377266_66_received
b7cb_d75e_0000_1607377267_66_received
a1cc_3237_0000_1607377268_67_received
7011_a1cc_0000_1607377271_68_received
de97_7011_0000_1607377274_69_received
d999_de97_0000_1607377277_70_received
04e4_d999_0000_1607377278_71_generated
af8f_04e4_0000_1607377287_72_received
96ac_af8f_0000_1607377289_73_received
15ad_96ac_0000_1607377291_74_received
23ec_15ad_0000_1607377292_75_received
9389_23ec_0000_1607377294_76_received
c13c_9389_0000_1607377296_77_received
7438_9389_0000_1607377297_77_received
a6a2_c13c_0000_1607377300_78_generated
4e2f_7438_0000_1607377299_78_received
47bd_4e2f_0000_1607377300_79_received
186b_47bd_0000_1607377303_80_received
e98a_186b_0000_1607377304_81_received
6da2_e98a_0000_1607377306_82_received
1622_6da2_0000_1607377307_83_received
766e_1622_0000_1607377310_84_received
bf63_1622_0000_1607377309_84_received
4981_766e_0000_1607377310_85_received
ef26_4981_0000_1607377311_86_received
459c_ef26_0000_1607377320_87_received
d62b_459c_0000_1607377323_88_received
1c44_d62b_0000_1607377333_89_received
eee2_1c44_0000_1607377333_90_received
6fcf_eee2_0000_1607377338_91_received
0875_6fcf_0000_1607377340_92_received
c7d5_0875_0000_1607377341_93_received
23bc_c7d5_0000_1607377343_94_received
0ead_23bc_0000_1607377345_95_received
37f9_0ead_0000_1607377349_96_received
79ec_37f9_0000_1607377353_97_generated
e07d_37f9_0000_1607377354_97_received
084f_79ec_0000_1607377355_98_received
86dc_79ec_0000_1607377354_98_received
fb4e_084f_0000_1607377357_99_received
02d9_86dc_0000_1607377357_99_received
a222_fb4e_0000_1607377360_100_received
7c3f_02d9_0000_1607377361_100_received
a160_a222_0000_1607377362_101_received
7fe0_a160_0000_1607377364_102_received
2e74_7fe0_0000_1607377365_103_received
a27f_2e74_0000_1607377369_104_received
5c0c_2e74_0000_1607377370_104_received
1757_5c0c_0000_1607377375_105_received
7e58_1757_0000_1607377381_106_received
f2b4_7e58_0000_1607377383_107_received
0ca0_1757_0000_1607377382_106_received
78fc_f2b4_0000_1607377389_108_received
a739_78fc_0000_1607377394_109_received
0cf2_a739_0000_1607377396_110_received
bdf1_0cf2_0000_1607377397_111_received
bc26_bdf1_0000_1607377398_112_received
10a4_bc26_0000_1607377409_113_received
1abf_10a4_0000_1607377410_114_received
d976_1abf_0000_1607377415_115_generated
a405_d976_0000_1607377416_116_received
bd0d_a405_0000_1607377418_117_received
d2bd_bd0d_0000_1607377420_118_received
a49e_d2bd_0000_1607377428_119_received
afaa_a49e_0000_1607377430_120_received
3545_afaa_0000_1607377436_121_received
3860_3545_0000_1607377440_122_received
4b0d_3860_0000_1607377443_123_generated
b566_4b0d_0000_1607377445_124_received
c9dc_b566_0000_1607377447_125_received
4bb5_c9dc_0000_1607377450_126_received
e0e9_4bb5_0000_1607377452_127_received
40e8_e0e9_0000_1607377456_128_received
d984_40e8_0000_1607377457_129_received
565f_d984_0000_1607377458_130_received
1ce1_565f_0000_1607377459_131_received
9a95_1ce1_0000_1607377461_132_received
c80b_9a95_0000_1607377464_133_received
808a_c80b_0000_1607377466_134_received
ece3_808a_0000_1607377478_135_received
1203_ece3_0000_1607377479_136_generated
c586_1203_0000_1607377481_137_received
1cb0_c586_0000_1607377484_138_received
77a1_1cb0_0000_1607377490_139_received
e8b8_77a1_0000_1607377494_140_received
6b0c_e8b8_0000_1607377500_141_received
5a04_6b0c_0000_1607377501_142_received
0e65_5a04_0000_1607377505_143_received
49f4_0e65_0000_1607377506_144_received
e998_49f4_0000_1607377510_145_received
56e8_e998_0000_1607377512_146_received
4206_56e8_0000_1607377514_147_received
e279_4206_0000_1607377520_148_received
9372_e279_0000_1607377523_149_received
534f_9372_0000_1607377526_150_received
d1fa_534f_0000_1607377527_151_generated
23ce_534f_0000_1607377528_151_received
96b9_d1fa_0000_1607377528_152_received
8358_96b9_0000_1607377528_153_received
4556_d1fa_0000_1607377530_152_received
84c4_8358_0000_1607377532_154_received
f22d_84c4_0000_1607377535_155_received
946d_f22d_0000_1607377541_156_received
9dde_946d_0000_1607377546_157_received
2d2c_9dde_0000_1607377555_158_received
a782_9dde_0000_1607377556_158_received
9139_2d2c_0000_1607377558_159_generated
4e3f_2d2c_0000_1607377559_159_received
bf40_9139_0000_1607377560_160_received
e900_bf40_0000_1607377561_161_received
9b4f_bf40_0000_1607377563_161_received
a567_e900_0000_1607377565_162_received
6a64_a567_0000_1607377567_163_received
3d01_6a64_0000_1607377571_164_received
6d25_3d01_0000_1607377574_165_received
3a8c_6d25_0000_1607377576_166_received
71fc_3a8c_0000_1607377577_167_received
4c1f_71fc_0000_1607377579_168_received
3ae3_4c1f_0000_1607377581_169_received
eb72_3ae3_0000_1607377582_170_generated
7c02_4c1f_0000_1607377582_169_received
e06f_3ae3_0000_1607377583_170_received
153b_eb72_0000_1607377586_171_received
600a_153b_0000_1607377590_172_received
7125_153b_0000_1607377591_172_received
52d6_7125_0000_1607377593_173_received
f43e_600a_0000_1607377594_173_received
64e3_f43e_0000_1607377596_174_received
4e1a_52d6_0000_1607377597_174_received
dca5_64e3_0000_1607377599_175_generated
1908_dca5_0000_1607377606_176_received
3c07_1908_0000_1607377608_177_received
2afd_3c07_0000_1607377609_178_generated
b5bb_2afd_0000_1607377612_179_received
45a1_b5bb_0000_1607377619_180_generated
2b37_b5bb_0000_1607377620_180_received
25e0_2b37_0000_1607377623_181_received
a510_25e0_0000_1607377625_182_received
28b9_a510_0000_1607377634_183_received
4fb0_28b9_0000_1607377641_184_received
c033_4fb0_0000_1607377645_185_received
de41_c033_0000_1607377649_186_received
76a0_de41_0000_1607377651_187_received
0ca7_76a0_0000_1607377654_188_generated
f7ab_76a0_0000_1607377653_188_received
b466_f7ab_0000_1607377656_189_received
c694_0ca7_0000_1607377658_189_received
a7cd_b466_0000_1607377659_190_received
b997_a7cd_0000_1607377661_191_received
8ce6_b997_0000_1607377666_192_received
6fb9_b997_0000_1607377665_192_received
0222_8ce6_0000_1607377666_193_received
8ed0_0222_0000_1607377669_194_received
d505_8ed0_0000_1607377677_195_received
67f8_d505_0000_1607377679_196_received
5671_d505_0000_1607377680_196_received
0eee_67f8_0000_1607377681_197_received
6bb7_0eee_0000_1607377684_198_received
0152_0eee_0000_1607377683_198_received
fcbc_0152_0000_1607377686_199_received
68d0_fcbc_0000_1607377691_200_received
2446_68d0_0000_1607377693_201_received
fd49_2446_0000_1607377695_202_received
8b88_2446_0000_1607377694_202_received
0b40_fd49_0000_1607377699_203_received
6804_0b40_0000_1607377701_204_generated
d104_6804_0000_1607377705_205_received
d1d9_d104_0000_1607377711_206_received
f83e_d1d9_0000_1607377711_207_received
171e_f83e_0000_1607377712_208_received
a2d3_171e_0000_1607377717_209_received
1fd5_a2d3_0000_1607377723_210_received
1bb6_1fd5_0000_1607377726_211_received
bc1c_1bb6_0000_1607377732_212_received
4f27_bc1c_0000_1607377734_213_received
00d5_bc1c_0000_1607377735_213_received
00fa_4f27_0000_1607377737_214_received
c81f_4f27_0000_1607377736_214_received
39df_00d5_0000_1607377738_214_received
06c1_c81f_0000_1607377740_215_received
665a_39df_0000_1607377741_215_received
08f7_c81f_0000_1607377739_215_received
f059_665a_0000_1607377744_216_received
d022_f059_0000_1607377748_217_received
68ee_f059_0000_1607377747_217_received
1f57_d022_0000_1607377750_218_received
4587_68ee_0000_1607377749_218_received
5d2e_d022_0000_1607377752_218_received
c1b1_1f57_0000_1607377752_219_received
e4b5_c1b1_0000_1607377756_220_received
2a6c_c1b1_0000_1607377755_220_received
8f25_e4b5_0000_1607377759_221_received
d089_c1b1_0000_1607377758_220_received
d65f_8f25_0000_1607377776_222_received
3df6_d65f_0000_1607377778_223_received
5da3_3df6_0000_1607377781_224_generated
777b_3df6_0000_1607377783_224_received
0949_5da3_0000_1607377788_225_generated
fa52_5da3_0000_1607377785_225_received
0f5d_777b_0000_1607377787_225_received
c9f7_0949_0000_1607377792_226_generated
dbb2_c9f7_0000_1607377796_227_received
5d9d_dbb2_0000_1607377796_228_received
0405_dbb2_0000_1607377797_228_received
19ec_c9f7_0000_1607377797_227_received
ab31_5d9d_0000_1607377798_229_received
db10_5d9d_0000_1607377802_229_received
c815_ab31_0000_1607377807_230_received
6e92_db10_0000_1607377807_230_received
333f_6e92_0000_1607377816_231_received
c0d2_333f_0000_1607377819_232_received
97d0_c0d2_0000_1607377823_233_received
94a8_97d0_0000_1607377836_234_received
f6c6_94a8_0000_1607377839_235_received
58d6_f6c6_0000_1607377842_236_generated
d655_94a8_0000_1607377838_235_received
89cf_d655_0000_1607377842_236_received
ce78_58d6_0000_1607377847_237_received
cbbc_58d6_0000_1607377845_237_received
57ed_ce78_0000_1607377851_238_received
ec93_cbbc_0000_1607377853_238_received
8deb_57ed_0000_1607377856_239_received
70d5_57ed_0000_1607377858_239_received
5aa9_57ed_0000_1607377857_239_received
eeec_5aa9_0000_1607377860_240_received
aa46_8deb_0000_1607377859_240_received
47d5_8deb_0000_1607377860_240_received
8902_aa46_0000_1607377868_241_received
4bf2_8902_0000_1607377870_242_received
4c05_4bf2_0000_1607377874_243_received
08d1_4bf2_0000_1607377875_243_received
b89c_4c05_0000_1607377878_244_received
71a3_08d1_0000_1607377877_244_received
65c2_b89c_0000_1607377882_245_generated
8e2c_b89c_0000_1607377880_245_received
fa41_4c05_0000_1607377879_244_received
faa7_8e2c_0000_1607377885_246_received
2904_8e2c_0000_1607377884_246_received
23fd_2904_0000_1607377886_247_received
0924_faa7_0000_1607377889_247_received
4b02_8e2c_0000_1607377887_246_received
6a90_23fd_0000_1607377894_248_received
cf6e_23fd_0000_1607377892_248_received
1c9e_cf6e_0000_1607377897_249_received
54f5_6a90_0000_1607377898_249_received
2118_6a90_0000_1607377901_249_received
2c05_54f5_0000_1607377903_250_received
7485_54f5_0000_1607377906_250_received
5992_54f5_0000_1607377907_250_received
71e6_2c05_0000_1607377911_251_received
e4f8_2c05_0000_1607377912_251_received
ef2d_71e6_0000_1607377915_252_received
5717_ef2d_0000_1607377921_253_generated
ccf2_e4f8_0000_1607377917_252_received
8421_ef2d_0000_1607377918_253_received
a9be_ccf2_0000_1607377921_253_received
db5a_8421_0000_1607377924_254_received
a8d1_8421_0000_1607377923_254_received
e8ee_a8d1_0000_1607377927_255_received
ba5a_71e6_0000_1607377916_252_received
385f_a9be_0000_1607377924_254_received
c0f1_385f_0000_1607377929_255_received
8c1e_c0f1_0000_1607377935_256_received
162f_a8d1_0000_1607377930_255_received
9f78_e8ee_0000_1607377938_256_received
b9a0_9f78_0000_1607377939_257_received
b3ec_8c1e_0000_1607377942_257_received
2227_8c1e_0000_1607377941_257_received
3eb5_2227_0000_1607377950_258_received
790b_b9a0_0000_1607377948_258_received
f8bf_3eb5_0000_1607377954_259_received
cfef_3eb5_0000_1607377956_259_received
ba9c_f8bf_0000_1607377957_260_received
cd7c_f8bf_0000_1607377959_260_received
bf4b_cd7c_0000_1607377963_261_received
20e3_bf4b_0000_1607377970_262_received
6e65_20e3_0000_1607377972_263_received
fedb_6e65_0000_1607377976_264_received
da93_fedb_0000_1607377979_265_received
91d3_da93_0000_1607377984_266_received
1bcd_91d3_0000_1607377987_267_received
ceed_1bcd_0000_1607377993_268_received
128c_ceed_0000_1607377998_269_received
d412_128c_0000_1607378001_270_received
3e88_d412_0000_1607378005_271_received
fe49_128c_0000_1607378002_270_received
64d7_3e88_0000_1607378011_272_received
f4bc_64d7_0000_1607378012_273_received
cd23_64d7_0000_1607378013_273_received
967a_64d7_0000_1607378014_273_received
0eb6_cd23_0000_1607378017_274_received
4b5b_967a_0000_1607378016_274_received
79f4_0eb6_0000_1607378019_275_received
5303_79f4_0000_1607378024_276_received
8921_cd23_0000_1607378019_274_received
8660_4b5b_0000_1607378025_275_received
b002_8921_0000_1607378024_275_received
fda5_5303_0000_1607378030_277_received
c567_5303_0000_1607378032_277_received
7eaa_0eb6_0000_1607378030_275_received
00d4_fda5_0000_1607378038_278_received
b150_5303_0000_1607378035_277_received
f8eb_5303_0000_1607378036_277_received
832d_00d4_0000_1607378046_279_generated
351a_00d4_0000_1607378045_279_received
1f56_832d_0000_1607378052_280_received
0195_1f56_0000_1607378054_281_received
2dec_0195_0000_1607378058_282_received
defe_2dec_0000_1607378061_283_received
48dc_0195_0000_1607378061_282_received
dcf8_defe_0000_1607378064_284_received
a18f_dcf8_0000_1607378069_285_received
d26f_a18f_0000_1607378074_286_generated
7ac3_dcf8_0000_1607378073_285_received
8bbe_d26f_0000_1607378077_287_received
1798_d26f_0000_1607378079_287_received
6ad3_1798_0000_1607378082_288_received
256b_8bbe_0000_1607378085_288_received
58c9_6ad3_0000_1607378091_289_received
2a83_58c9_0000_1607378092_290_received
2527_6ad3_0000_1607378093_289_received
3e4e_256b_0000_1607378092_289_received
0abf_2a83_0000_1607378096_291_received
e40b_2a83_0000_1607378099_291_received
ab65_6ad3_0000_1607378092_289_received
7af2_0abf_0000_1607378107_292_received
45f3_58c9_0000_1607378096_290_received
aa7f_2a83_0000_1607378101_291_received
7f13_0abf_0000_1607378105_292_received
a975_7af2_0000_1607378115_293_received
14f0_3e4e_0000_1607378102_290_received
f52d_7af2_0000_1607378112_293_received
0049_7af2_0000_1607378118_293_received
ee08_a975_0000_1607378122_294_received
c270_7af2_0000_1607378119_293_received
5ec2_c270_0000_1607378127_294_received
9b14_ee08_0000_1607378134_295_received
102a_ee08_0000_1607378130_295_received
25d0_102a_0000_1607378135_296_received
c094_25d0_0000_1607378142_297_received
9ef0_25d0_0000_1607378146_297_received
d388_9ef0_0000_1607378149_298_received
dbde_c094_0000_1607378150_298_received
a18c_d388_0000_1607378158_299_generated
5578_a18c_0000_1607378160_300_received
5120_5578_0000_1607378164_301_generated
e9a7_5578_0000_1607378166_301_received
0370_a18c_0000_1607378163_300_received
fe2b_e9a7_0000_1607378172_302_received
2491_5120_0000_1607378168_302_received
ee69_5120_0000_1607378172_302_received
b1bd_fe2b_0000_1607378175_303_received
49a1_b1bd_0000_1607378183_304_received
7e2c_49a1_0000_1607378190_305_generated
f1e9_b1bd_0000_1607378186_304_received
864b_49a1_0000_1607378188_305_received
74ea_b1bd_0000_1607378188_304_received
c269_864b_0000_1607378191_306_received
44f4_49a1_0000_1607378186_305_received
2b19_b1bd_0000_1607378187_304_received
a3dd_44f4_0000_1607378192_306_received
b90d_c269_0000_1607378202_307_received
1ffd_c269_0000_1607378201_307_received
8084_c269_0000_1607378207_307_received
46c5_c269_0000_1607378208_307_received
d84b_46c5_0000_1607378209_308_received
9871_d84b_0000_1607378215_309_received
7bc7_9871_0000_1607378218_310_received
7abf_8084_0000_1607378218_308_received
b9f6_b90d_0000_1607378218_308_received
f36b_7bc7_0000_1607378227_311_received
7533_b90d_0000_1607378214_308_received
8786_7533_0000_1607378223_309_received
82ef_b90d_0000_1607378220_308_received
f2a1_8786_0000_1607378228_310_received
ae5a_7bc7_0000_1607378226_311_received
c58d_f36b_0000_1607378240_312_received
aa0d_f36b_0000_1607378239_312_received
26be_aa0d_0000_1607378246_313_received
755c_26be_0000_1607378250_314_received
e8a4_755c_0000_1607378251_315_received
110e_c58d_0000_1607378249_313_received
9d97_e8a4_0000_1607378258_316_received
065c_c58d_0000_1607378251_313_received
c89e_9d97_0000_1607378263_317_received
9cce_7bc7_0000_1607378244_311_received
5ac4_065c_0000_1607378255_314_received
545b_5ac4_0000_1607378267_315_received
462e_e8a4_0000_1607378264_316_received
