e48d_9e1c_0000_1604989786_1_received
6d5a_e48d_0000_1604989790_2_received
c422_6d5a_0000_1604989797_3_generated
2b3e_c422_0000_1604989798_4_received
0984_2b3e_0000_1604989799_5_received
73a2_0984_0000_1604989800_6_received
8965_73a2_0000_1604989802_7_received
bdb2_8965_0000_1604989805_8_received
4272_bdb2_0000_1604989809_9_received
4544_4272_0000_1604989813_10_generated
7767_4272_0000_1604989814_10_received
1421_4544_0000_1604989821_11_received
b629_1421_0000_1604989822_12_received
039b_b629_0000_1604989822_13_received
0d33_039b_0000_1604989822_14_received
332d_7767_0000_1604989823_11_received
c007_0d33_0000_1604989826_15_received
3354_c007_0000_1604989826_16_received
6912_0d33_0000_1604989828_15_received
2282_3354_0000_1604989830_17_received
483c_2282_0000_1604989831_18_received
3ab3_483c_0000_1604989841_19_received
9a17_3ab3_0000_1604989853_20_received
5f04_9a17_0000_1604989860_21_received
6bdb_5f04_0000_1604989864_22_generated
ef86_5f04_0000_1604989863_22_received
a493_ef86_0000_1604989864_23_received
d647_a493_0000_1604989867_24_received
f6cc_d647_0000_1604989872_25_received
3c92_f6cc_0000_1604989872_26_received
3419_3c92_0000_1604989874_27_received
9225_3419_0000_1604989875_28_received
6730_9225_0000_1604989878_29_received
b47a_9225_0000_1604989879_29_received
54ff_b47a_0000_1604989881_30_received
f160_54ff_0000_1604989884_31_generated
4bc0_6730_0000_1604989881_30_received
9595_f160_0000_1604989885_32_received
a779_9595_0000_1604989888_33_received
9537_a779_0000_1604989891_34_received
2509_a779_0000_1604989893_34_received
4c3c_2509_0000_1604989898_35_received
79e2_4c3c_0000_1604989900_36_received
0484_79e2_0000_1604989907_37_received
89ee_0484_0000_1604989914_38_received
384d_0484_0000_1604989915_38_received
aae9_89ee_0000_1604989915_39_received
93c5_aae9_0000_1604989915_40_received
9a04_93c5_0000_1604989917_41_received
6d78_9a04_0000_1604989918_42_received
20e9_6d78_0000_1604989919_43_received
5aa3_20e9_0000_1604989923_44_received
2233_20e9_0000_1604989925_44_received
41ea_2233_0000_1604989926_45_received
2d0f_5aa3_0000_1604989928_45_received
a92e_41ea_0000_1604989931_46_received
b524_a92e_0000_1604989934_47_received
113b_b524_0000_1604989936_48_received
ff98_113b_0000_1604989941_49_received
35b4_ff98_0000_1604989944_50_received
1d28_35b4_0000_1604989949_51_received
9a38_1d28_0000_1604989952_52_received
ba78_1d28_0000_1604989953_52_received
19d1_ba78_0000_1604989954_53_received
3dec_19d1_0000_1604989956_54_received
eaa3_3dec_0000_1604989966_55_received
c103_eaa3_0000_1604989966_56_received
3432_3dec_0000_1604989967_55_received
4a69_c103_0000_1604989968_57_received
d275_4a69_0000_1604989972_58_received
fd1f_d275_0000_1604989972_59_received
fbf9_4a69_0000_1604989973_58_received
0122_fbf9_0000_1604989974_59_received
2c3d_fd1f_0000_1604989976_60_received
d54a_2c3d_0000_1604989982_61_received
6e2c_d54a_0000_1604989983_62_received
bc7e_d54a_0000_1604989984_62_received
4920_bc7e_0000_1604989986_63_received
832a_6e2c_0000_1604989988_63_received
fed8_832a_0000_1604989988_64_received
232e_4920_0000_1604989990_64_received
c4be_232e_0000_1604989995_65_received
f090_c4be_0000_1604989998_66_received
b78a_f090_0000_1604990001_67_received
6ed2_b78a_0000_1604990006_68_received
615f_6ed2_0000_1604990006_69_received
24bb_615f_0000_1604990012_70_received
88f9_24bb_0000_1604990020_71_received
6ae5_24bb_0000_1604990022_71_received
56e7_88f9_0000_1604990023_72_received
7c71_6ae5_0000_1604990025_72_received
dade_56e7_0000_1604990028_73_received
9fc0_dade_0000_1604990031_74_received
b5af_9fc0_0000_1604990037_75_received
5901_9fc0_0000_1604990039_75_received
3b4d_b5af_0000_1604990043_76_received
68db_3b4d_0000_1604990045_77_received
139f_68db_0000_1604990050_78_generated
5bc6_139f_0000_1604990052_79_received
cd22_5bc6_0000_1604990054_80_received
52b2_cd22_0000_1604990060_81_received
8b08_52b2_0000_1604990060_82_received
8f61_8b08_0000_1604990060_83_received
0c83_8f61_0000_1604990061_84_received
bb16_0c83_0000_1604990062_85_received
6063_8f61_0000_1604990063_84_received
50b7_bb16_0000_1604990070_86_received
9093_50b7_0000_1604990071_87_received
a529_9093_0000_1604990072_88_received
5a88_50b7_0000_1604990072_87_received
96cb_a529_0000_1604990076_89_received
8fcd_a529_0000_1604990077_89_received
057f_96cb_0000_1604990081_90_received
8bf1_057f_0000_1604990083_91_received
5ba1_8bf1_0000_1604990085_92_received
0b41_5ba1_0000_1604990085_93_received
3450_0b41_0000_1604990088_94_received
989a_3450_0000_1604990092_95_received
f787_989a_0000_1604990094_96_received
3fb1_f787_0000_1604990102_97_received
185d_3fb1_0000_1604990103_98_received
fa6a_185d_0000_1604990111_99_received
54ba_185d_0000_1604990112_99_received
0c9d_54ba_0000_1604990112_100_received
334b_fa6a_0000_1604990113_100_received
12fe_334b_0000_1604990118_101_received
71e2_0c9d_0000_1604990118_101_received
f1e9_12fe_0000_1604990121_102_received
b791_71e2_0000_1604990122_102_received
9749_f1e9_0000_1604990122_103_received
b68a_9749_0000_1604990128_104_received
ec58_b68a_0000_1604990132_105_received
0b3c_ec58_0000_1604990137_106_generated
b3f9_ec58_0000_1604990138_106_received
dbf2_b3f9_0000_1604990138_107_received
d339_dbf2_0000_1604990144_108_received
ca3e_d339_0000_1604990146_109_received
ef7e_ca3e_0000_1604990148_110_received
0550_ef7e_0000_1604990155_111_received
fb83_0550_0000_1604990156_112_received
049f_fb83_0000_1604990156_113_received
df0a_049f_0000_1604990159_114_received
8626_df0a_0000_1604990159_115_received
b40d_8626_0000_1604990160_116_received
eff9_b40d_0000_1604990161_117_received
21ad_eff9_0000_1604990171_118_received
d859_21ad_0000_1604990174_119_received
5938_d859_0000_1604990177_120_received
9db7_d859_0000_1604990178_120_received
b0a6_9db7_0000_1604990187_121_received
76ae_5938_0000_1604990187_121_received
5caf_b0a6_0000_1604990191_122_received
1b43_5caf_0000_1604990194_123_received
0503_1b43_0000_1604990213_124_received
2484_1b43_0000_1604990214_124_received
5fa2_2484_0000_1604990216_125_received
505d_5fa2_0000_1604990217_126_received
d452_505d_0000_1604990221_127_received
4320_d452_0000_1604990224_128_received
3e95_4320_0000_1604990228_129_generated
8dd3_4320_0000_1604990226_129_received
4024_8dd3_0000_1604990227_130_received
30bb_4320_0000_1604990227_129_received
cb9d_4024_0000_1604990231_131_generated
82e3_4024_0000_1604990229_131_received
18f2_cb9d_0000_1604990234_132_generated
5963_82e3_0000_1604990232_132_received
bdd4_5963_0000_1604990236_133_received
71f1_5963_0000_1604990237_133_received
12a5_bdd4_0000_1604990237_134_received
20da_71f1_0000_1604990238_134_received
b628_20da_0000_1604990239_135_received
66cf_b628_0000_1604990248_136_received
24eb_66cf_0000_1604990251_137_received
ca39_24eb_0000_1604990252_138_received
4f78_ca39_0000_1604990255_139_received
a67b_4f78_0000_1604990259_140_received
04e9_a67b_0000_1604990261_141_received
c070_a67b_0000_1604990262_141_received
5301_04e9_0000_1604990262_142_received
3986_5301_0000_1604990272_143_received
61d2_3986_0000_1604990276_144_received
eacd_3986_0000_1604990277_144_received
ed0a_61d2_0000_1604990277_145_received
77a8_ed0a_0000_1604990278_146_received
df74_77a8_0000_1604990278_147_received
4677_df74_0000_1604990279_148_received
2312_4677_0000_1604990280_149_received
b7f7_2312_0000_1604990283_150_received
070e_b7f7_0000_1604990288_151_received
7f5b_070e_0000_1604990301_152_received
aee5_7f5b_0000_1604990304_153_generated
01de_7f5b_0000_1604990305_153_received
c526_01de_0000_1604990306_154_received
dbfd_c526_0000_1604990308_155_received
11d6_dbfd_0000_1604990311_156_received
945a_11d6_0000_1604990314_157_generated
9229_945a_0000_1604990317_158_received
1221_9229_0000_1604990317_159_received
8750_1221_0000_1604990319_160_received
c12e_8750_0000_1604990322_161_received
68ad_c12e_0000_1604990326_162_received
08c5_68ad_0000_1604990330_163_received
994f_08c5_0000_1604990333_164_received
1eea_994f_0000_1604990337_165_received
a744_994f_0000_1604990338_165_received
ad84_1eea_0000_1604990339_166_received
9543_ad84_0000_1604990345_167_received
fb2e_9543_0000_1604990345_168_received
2c08_fb2e_0000_1604990351_169_received
f4ae_2c08_0000_1604990351_170_received
79b9_2c08_0000_1604990352_170_received
d417_79b9_0000_1604990357_171_received
3cce_f4ae_0000_1604990357_171_received
11f9_3cce_0000_1604990357_172_received
2e41_11f9_0000_1604990363_173_received
9977_2e41_0000_1604990366_174_received
59c5_9977_0000_1604990372_175_received
0958_59c5_0000_1604990377_176_generated
10dc_59c5_0000_1604990375_176_received
9836_10dc_0000_1604990378_177_received
98fa_9836_0000_1604990379_178_received
ac4a_0958_0000_1604990380_177_received
c287_98fa_0000_1604990386_179_received
f0c0_98fa_0000_1604990387_179_received
ff7a_c287_0000_1604990391_180_received
c206_ff7a_0000_1604990391_181_received
328f_c206_0000_1604990392_182_received
2bd5_f0c0_0000_1604990393_180_received
f814_2bd5_0000_1604990394_181_received
9360_328f_0000_1604990394_183_received
99a8_9360_0000_1604990400_184_received
e39f_99a8_0000_1604990402_185_received
54d3_e39f_0000_1604990415_186_received
b048_54d3_0000_1604990416_187_received
9d63_b048_0000_1604990419_188_generated
a78a_b048_0000_1604990417_188_received
89af_a78a_0000_1604990422_189_received
f2e1_89af_0000_1604990422_190_received
72e3_f2e1_0000_1604990424_191_received
6a56_72e3_0000_1604990426_192_received
761f_f2e1_0000_1604990426_191_received
197a_6a56_0000_1604990427_193_received
5195_197a_0000_1604990431_194_received
e6a8_5195_0000_1604990434_195_received
580d_e6a8_0000_1604990443_196_received
e7e3_580d_0000_1604990449_197_generated
ae40_e7e3_0000_1604990454_198_received
0ac8_ae40_0000_1604990455_199_received
8bed_0ac8_0000_1604990466_200_received
1664_8bed_0000_1604990467_201_received
7e9b_8bed_0000_1604990469_201_received
9b91_1664_0000_1604990476_202_received
0100_9b91_0000_1604990483_203_received
a0e2_0100_0000_1604990484_204_received
0472_a0e2_0000_1604990484_205_received
527e_0472_0000_1604990493_206_generated
575b_0472_0000_1604990491_206_received
427a_575b_0000_1604990498_207_received
d6e3_427a_0000_1604990501_208_received
c1ff_d6e3_0000_1604990502_209_received
074f_c1ff_0000_1604990503_210_received
