7f25_9e1c_0000_1607177349_1_generated
f628_7f25_0000_1607177350_2_generated
8006_f628_0000_1607177357_3_received
c8f7_8006_0000_1607177382_4_generated
41f7_c8f7_0000_1607177387_5_received
e953_41f7_0000_1607177392_6_generated
e9a8_e953_0000_1607177408_7_received
3011_e9a8_0000_1607177413_8_received
e52f_3011_0000_1607177418_9_generated
ccfe_e52f_0000_1607177421_10_received
e64d_ccfe_0000_1607177427_11_generated
dbe3_e64d_0000_1607177430_12_generated
9481_dbe3_0000_1607177432_13_generated
959f_9481_0000_1607177433_14_generated
00d1_959f_0000_1607177442_15_received
da2c_00d1_0000_1607177447_16_received
2093_da2c_0000_1607177450_17_generated
fba5_2093_0000_1607177451_18_generated
703f_fba5_0000_1607177477_19_generated
c5f3_703f_0000_1607177482_20_received
83f1_c5f3_0000_1607177490_21_received
de74_83f1_0000_1607177557_22_generated
5cac_de74_0000_1607177568_23_generated
1b95_5cac_0000_1607177588_24_generated
4262_1b95_0000_1607177591_25_generated
9fb5_4262_0000_1607177593_26_received
2a28_9fb5_0000_1607177607_27_generated
25e2_2a28_0000_1607177634_28_generated
43a4_25e2_0000_1607177654_29_received
bab9_43a4_0000_1607177664_30_generated
db95_bab9_0000_1607177669_31_generated
e22c_db95_0000_1607177674_32_received
5af8_e22c_0000_1607177682_33_received
ffb7_5af8_0000_1607177688_34_generated
cfb4_ffb7_0000_1607177697_35_received
2f98_cfb4_0000_1607177708_36_generated
2756_2f98_0000_1607177721_37_received
29c5_2756_0000_1607177752_38_received
aba5_29c5_0000_1607177760_39_received
6469_aba5_0000_1607177776_40_generated
c2ff_6469_0000_1607177793_41_received
c974_c2ff_0000_1607177800_42_generated
8d07_c974_0000_1607177812_43_generated
8928_8d07_0000_1607177818_44_generated
3c36_8928_0000_1607177845_45_generated
1d03_3c36_0000_1607177848_46_received
db89_1d03_0000_1607177849_47_received
5fcd_db89_0000_1607177866_48_generated
1f3d_5fcd_0000_1607177869_49_generated
e4c5_1f3d_0000_1607177871_50_generated
aafb_e4c5_0000_1607177896_51_generated
d6a4_aafb_0000_1607177906_52_received
f5b0_d6a4_0000_1607177937_53_generated
0b4d_f5b0_0000_1607177946_54_generated
0222_0b4d_0000_1607177950_55_received
e12f_0b4d_0000_1607177951_55_received
f646_0222_0000_1607177954_56_generated
e1a6_f646_0000_1607177966_57_received
9cb0_e1a6_0000_1607177967_58_received
80c1_9cb0_0000_1607177971_59_generated
7ce2_80c1_0000_1607177973_60_generated
a8b3_7ce2_0000_1607177980_61_generated
ba70_a8b3_0000_1607177995_62_received
75f9_ba70_0000_1607178000_63_generated
fd41_75f9_0000_1607178017_64_generated
