7f25_9e1c_0000_1607177349_1_received
f628_7f25_0000_1607177350_2_received
8006_f628_0000_1607177357_3_generated
c8f7_8006_0000_1607177382_4_received
41f7_c8f7_0000_1607177387_5_generated
e953_41f7_0000_1607177392_6_received
e9a8_e953_0000_1607177408_7_generated
3011_e9a8_0000_1607177413_8_generated
e52f_3011_0000_1607177418_9_received
ccfe_e52f_0000_1607177421_10_generated
e64d_ccfe_0000_1607177427_11_received
dbe3_e64d_0000_1607177430_12_received
9481_dbe3_0000_1607177432_13_received
959f_9481_0000_1607177433_14_received
00d1_959f_0000_1607177442_15_generated
da2c_00d1_0000_1607177447_16_generated
2093_da2c_0000_1607177450_17_received
fba5_2093_0000_1607177451_18_received
703f_fba5_0000_1607177477_19_received
c5f3_703f_0000_1607177482_20_generated
83f1_c5f3_0000_1607177490_21_generated
de74_83f1_0000_1607177557_22_received
5cac_de74_0000_1607177568_23_received
1b95_5cac_0000_1607177588_24_received
4262_1b95_0000_1607177591_25_received
9fb5_4262_0000_1607177593_26_generated
2a28_9fb5_0000_1607177607_27_received
25e2_2a28_0000_1607177634_28_received
43a4_25e2_0000_1607177654_29_generated
bab9_43a4_0000_1607177664_30_received
db95_bab9_0000_1607177669_31_received
e22c_db95_0000_1607177674_32_generated
5af8_e22c_0000_1607177682_33_generated
ffb7_5af8_0000_1607177688_34_received
cfb4_ffb7_0000_1607177697_35_generated
2f98_cfb4_0000_1607177708_36_received
2756_2f98_0000_1607177721_37_received
29c5_2756_0000_1607177752_38_received
aba5_29c5_0000_1607177760_39_generated
6469_aba5_0000_1607177776_40_received
c2ff_6469_0000_1607177793_41_generated
c974_c2ff_0000_1607177800_42_received
8d07_c974_0000_1607177812_43_received
8928_8d07_0000_1607177818_44_received
3c36_8928_0000_1607177845_45_received
1d03_3c36_0000_1607177848_46_generated
db89_1d03_0000_1607177849_47_generated
5fcd_db89_0000_1607177866_48_received
1f3d_5fcd_0000_1607177869_49_generated
e4c5_1f3d_0000_1607177871_50_received
aafb_e4c5_0000_1607177896_51_received
d6a4_aafb_0000_1607177906_52_generated
f5b0_d6a4_0000_1607177937_53_received
0b4d_f5b0_0000_1607177946_54_received
e12f_0b4d_0000_1607177951_55_generated
0222_0b4d_0000_1607177950_55_received
f646_0222_0000_1607177954_56_received
e1a6_f646_0000_1607177966_57_generated
9cb0_e1a6_0000_1607177967_58_generated
80c1_9cb0_0000_1607177971_59_received
7ce2_80c1_0000_1607177973_60_received
a8b3_7ce2_0000_1607177980_61_received
ba70_a8b3_0000_1607177995_62_generated
75f9_ba70_0000_1607178000_63_received
fd41_75f9_0000_1607178017_64_received
