2ecd_9e1c_0000_1607179483_1_received
795e_2ecd_0000_1607179486_2_received
7524_795e_0000_1607179487_3_received
68ce_795e_0000_1607179488_3_received
1f9e_68ce_0000_1607179489_4_received
d55c_7524_0000_1607179489_4_received
720a_d55c_0000_1607179493_5_received
fe94_720a_0000_1607179493_6_received
781e_fe94_0000_1607179497_7_received
da8d_fe94_0000_1607179498_7_received
b0d5_781e_0000_1607179499_8_received
cdce_b0d5_0000_1607179501_9_generated
2f61_cdce_0000_1607179510_10_received
be93_2f61_0000_1607179513_11_received
94b6_be93_0000_1607179516_12_received
d8c2_94b6_0000_1607179520_13_received
5288_d8c2_0000_1607179523_14_received
4c7c_5288_0000_1607179529_15_received
1238_4c7c_0000_1607179533_16_received
91fc_1238_0000_1607179537_17_received
ec15_91fc_0000_1607179539_18_received
2cd8_ec15_0000_1607179548_19_received
0da6_2cd8_0000_1607179555_20_received
06b0_0da6_0000_1607179569_21_received
fcf0_06b0_0000_1607179570_22_received
286e_fcf0_0000_1607179572_23_received
695b_286e_0000_1607179573_24_received
1b66_695b_0000_1607179584_25_received
ae54_1b66_0000_1607179585_26_received
224b_ae54_0000_1607179595_27_received
d7ff_224b_0000_1607179601_28_received
f8d9_d7ff_0000_1607179604_29_received
aaca_f8d9_0000_1607179605_30_received
b639_aaca_0000_1607179607_31_received
c9b2_b639_0000_1607179610_32_received
2dfa_c9b2_0000_1607179612_33_received
21bc_2dfa_0000_1607179612_34_received
fbc3_21bc_0000_1607179613_35_received
c738_2dfa_0000_1607179613_34_received
8bf2_fbc3_0000_1607179620_36_received
bf0d_8bf2_0000_1607179625_37_received
102c_bf0d_0000_1607179627_38_received
1962_102c_0000_1607179632_39_received
84f7_1962_0000_1607179636_40_received
87cc_84f7_0000_1607179637_41_received
64aa_1962_0000_1607179637_40_received
fae5_87cc_0000_1607179640_42_received
b135_87cc_0000_1607179641_42_received
65e1_b135_0000_1607179642_43_received
1c77_65e1_0000_1607179643_44_received
a5cc_1c77_0000_1607179643_45_received
4042_a5cc_0000_1607179648_46_received
7740_4042_0000_1607179650_47_received
340a_7740_0000_1607179652_48_received
a6b1_340a_0000_1607179658_49_received
cef5_a6b1_0000_1607179658_50_received
2bbf_cef5_0000_1607179662_51_received
14a9_2bbf_0000_1607179670_52_received
e8d7_14a9_0000_1607179676_53_received
9429_e8d7_0000_1607179679_54_received
5d7e_9429_0000_1607179684_55_received
3aa0_5d7e_0000_1607179686_56_received
5a71_3aa0_0000_1607179688_57_generated
ce75_5a71_0000_1607179693_58_received
f142_ce75_0000_1607179693_59_received
d804_f142_0000_1607179697_60_received
90ab_d804_0000_1607179710_61_received
a5bc_90ab_0000_1607179715_62_received
e6d6_a5bc_0000_1607179716_63_received
ad1e_e6d6_0000_1607179718_64_received
5cdf_ad1e_0000_1607179719_65_received
5058_5cdf_0000_1607179719_66_received
0204_5058_0000_1607179721_67_received
c8d5_0204_0000_1607179728_68_received
2443_c8d5_0000_1607179729_69_received
1eb8_2443_0000_1607179732_70_received
02e1_2443_0000_1607179733_70_received
615f_02e1_0000_1607179740_71_received
718d_1eb8_0000_1607179740_71_received
bcd1_718d_0000_1607179745_72_received
77e5_615f_0000_1607179746_72_received
5874_77e5_0000_1607179747_73_received
77c5_5874_0000_1607179748_74_received
69fb_77c5_0000_1607179751_75_received
2606_69fb_0000_1607179755_76_received
94d0_2606_0000_1607179758_77_received
824a_94d0_0000_1607179761_78_received
48e2_824a_0000_1607179762_79_received
8eb2_48e2_0000_1607179772_80_received
51b0_8eb2_0000_1607179774_81_generated
f48a_8eb2_0000_1607179775_81_received
abc7_51b0_0000_1607179775_82_received
1f03_abc7_0000_1607179776_83_received
7bc2_1f03_0000_1607179779_84_received
ac5a_7bc2_0000_1607179781_85_received
eabb_ac5a_0000_1607179781_86_received
c74d_eabb_0000_1607179787_87_received
21cb_c74d_0000_1607179788_88_received
94d1_eabb_0000_1607179788_87_received
5f2a_21cb_0000_1607179791_89_received
46dc_5f2a_0000_1607179796_90_received
3722_46dc_0000_1607179798_91_received
1624_3722_0000_1607179801_92_received
9a44_1624_0000_1607179804_93_received
0999_9a44_0000_1607179804_94_received
6f08_0999_0000_1607179804_95_received
0f43_6f08_0000_1607179805_96_received
1992_0f43_0000_1607179807_97_received
b71c_1992_0000_1607179813_98_received
39ac_b71c_0000_1607179813_99_received
b435_1992_0000_1607179814_98_received
d99a_39ac_0000_1607179815_100_received
165a_d99a_0000_1607179816_101_received
3152_165a_0000_1607179824_102_generated
54f6_3152_0000_1607179826_103_received
a773_54f6_0000_1607179827_104_received
cb71_a773_0000_1607179828_105_received
ff2d_cb71_0000_1607179830_106_received
f661_ff2d_0000_1607179837_107_received
e38e_f661_0000_1607179843_108_received
3bdd_e38e_0000_1607179843_109_received
fd8f_3bdd_0000_1607179844_110_received
b9f8_fd8f_0000_1607179856_111_received
f720_b9f8_0000_1607179861_112_received
78f0_f720_0000_1607179862_113_received
b809_78f0_0000_1607179863_114_received
26ca_b809_0000_1607179870_115_received
6fff_26ca_0000_1607179874_116_generated
8cd6_26ca_0000_1607179873_116_received
a58a_8cd6_0000_1607179876_117_received
6db1_a58a_0000_1607179882_118_received
6f2f_6db1_0000_1607179883_119_received
313a_6db1_0000_1607179884_119_received
0404_6f2f_0000_1607179884_120_received
478d_0404_0000_1607179887_121_received
5f01_478d_0000_1607179903_122_received
6f36_5f01_0000_1607179909_123_received
1fba_6f36_0000_1607179909_124_received
baa0_1fba_0000_1607179911_125_received
5185_baa0_0000_1607179913_126_received
e570_5185_0000_1607179915_127_received
c3bc_e570_0000_1607179915_128_received
df18_c3bc_0000_1607179916_129_received
8a62_df18_0000_1607179926_130_generated
2d86_8a62_0000_1607179929_131_received
b81b_2d86_0000_1607179932_132_received
7c79_b81b_0000_1607179932_133_received
4ca9_7c79_0000_1607179939_134_received
84df_4ca9_0000_1607179940_135_received
656a_84df_0000_1607179942_136_received
b9c8_84df_0000_1607179943_136_received
a16e_656a_0000_1607179951_137_received
a036_a16e_0000_1607179952_138_received
7fec_a036_0000_1607179955_139_received
a472_7fec_0000_1607179956_140_received
2b1d_a472_0000_1607179958_141_received
e20a_2b1d_0000_1607179960_142_received
b2ac_e20a_0000_1607179960_143_received
1509_b2ac_0000_1607179963_144_received
66ab_1509_0000_1607179967_145_received
0be7_66ab_0000_1607179969_146_received
e69d_0be7_0000_1607179971_147_received
283c_e69d_0000_1607179976_148_received
522b_283c_0000_1607179978_149_received
27c1_522b_0000_1607179982_150_received
877b_27c1_0000_1607179986_151_received
098a_877b_0000_1607179987_152_received
4df0_877b_0000_1607179988_152_received
6219_098a_0000_1607179989_153_received
7008_6219_0000_1607179989_154_received
4520_4df0_0000_1607179990_153_received
a0ee_7008_0000_1607179991_155_received
e379_a0ee_0000_1607179993_156_received
4744_e379_0000_1607179998_157_received
ca49_4744_0000_1607180003_158_generated
b37f_4744_0000_1607180002_158_received
4da9_b37f_0000_1607180008_159_received
b94e_b37f_0000_1607180009_159_received
9967_4da9_0000_1607180017_160_received
366a_9967_0000_1607180022_161_received
8a63_366a_0000_1607180024_162_received
ae69_8a63_0000_1607180028_163_received
018d_ae69_0000_1607180032_164_received
f002_018d_0000_1607180036_165_received
6c8d_f002_0000_1607180043_166_received
3b3f_6c8d_0000_1607180043_167_received
4d71_3b3f_0000_1607180045_168_received
fdd6_4d71_0000_1607180049_169_received
7c6e_fdd6_0000_1607180049_170_received
48c5_7c6e_0000_1607180052_171_received
fa2b_48c5_0000_1607180055_172_received
f81a_fa2b_0000_1607180057_173_received
245d_f81a_0000_1607180060_174_received
4755_245d_0000_1607180065_175_received
c5e2_4755_0000_1607180068_176_received
827c_c5e2_0000_1607180070_177_received
ae02_827c_0000_1607180074_178_received
ccbc_ae02_0000_1607180074_179_received
f21f_ccbc_0000_1607180075_180_received
1f4a_f21f_0000_1607180078_181_received
fd8c_1f4a_0000_1607180097_182_received
8d3f_fd8c_0000_1607180097_183_received
6729_8d3f_0000_1607180102_184_received
9e52_6729_0000_1607180103_185_received
87df_6729_0000_1607180104_185_received
c050_87df_0000_1607180106_186_received
7d05_9e52_0000_1607180107_186_received
80cc_7d05_0000_1607180110_187_received
eda2_80cc_0000_1607180110_188_received
a6af_eda2_0000_1607180112_189_received
1243_a6af_0000_1607180117_190_received
bcbd_1243_0000_1607180127_191_received
c7bd_bcbd_0000_1607180128_192_received
3a55_c7bd_0000_1607180128_193_received
