001b_9e1c_0000_1607170785_1_generated
3c31_001b_0000_1607170787_2_generated
b416_3c31_0000_1607170792_3_generated
97a3_b416_0000_1607170796_4_generated
56c3_97a3_0000_1607170803_5_generated
dad8_56c3_0000_1607170804_6_generated
9da2_dad8_0000_1607170804_7_generated
b2b4_9da2_0000_1607170809_8_generated
91c0_b2b4_0000_1607170815_9_received
ce6b_91c0_0000_1607170821_10_received
9abe_ce6b_0000_1607170825_11_generated
dada_9abe_0000_1607170827_12_generated
01d4_dada_0000_1607170835_13_generated
8ee6_01d4_0000_1607170838_14_generated
a4d2_8ee6_0000_1607170844_15_generated
932c_a4d2_0000_1607170844_16_generated
96eb_932c_0000_1607170846_17_generated
590c_932c_0000_1607170845_17_received
fc8a_96eb_0000_1607170848_18_generated
fb49_fc8a_0000_1607170848_19_generated
019b_fb49_0000_1607170851_20_received
bcf1_019b_0000_1607170853_21_received
109a_bcf1_0000_1607170854_22_generated
805d_109a_0000_1607170856_23_generated
8ca2_805d_0000_1607170859_24_generated
644a_805d_0000_1607170858_24_received
bab1_8ca2_0000_1607170859_25_generated
0a24_bab1_0000_1607170860_26_generated
520b_0a24_0000_1607170863_27_received
21d1_520b_0000_1607170868_28_generated
9c00_21d1_0000_1607170870_29_generated
5587_21d1_0000_1607170871_29_received
cff2_9c00_0000_1607170877_30_generated
6542_5587_0000_1607170878_30_received
34f4_cff2_0000_1607170882_31_generated
1076_34f4_0000_1607170887_32_generated
212a_1076_0000_1607170888_33_generated
de99_212a_0000_1607170892_34_received
cc30_de99_0000_1607170893_35_received
cdd2_cc30_0000_1607170895_36_generated
bd81_cdd2_0000_1607170896_37_received
95de_bd81_0000_1607170898_38_generated
25b6_bd81_0000_1607170897_38_received
0663_95de_0000_1607170900_39_generated
f9c8_25b6_0000_1607170899_39_received
0875_f9c8_0000_1607170900_40_received
0588_0875_0000_1607170908_41_generated
d2cb_0588_0000_1607170908_42_generated
7497_d2cb_0000_1607170910_43_received
df3c_7497_0000_1607170925_44_received
6e84_df3c_0000_1607170926_45_generated
c6b5_6e84_0000_1607170930_46_generated
ff8c_c6b5_0000_1607170932_47_generated
c991_ff8c_0000_1607170936_48_generated
cfbf_c991_0000_1607170937_49_received
457b_cfbf_0000_1607170939_50_received
a755_457b_0000_1607170942_51_received
0b56_a755_0000_1607170944_52_received
bf04_0b56_0000_1607170945_53_received
049d_bf04_0000_1607170955_54_generated
7eb8_049d_0000_1607170955_55_generated
4d7b_7eb8_0000_1607170958_56_received
e044_4d7b_0000_1607170961_57_generated
69be_e044_0000_1607170962_58_generated
86c4_69be_0000_1607170964_59_generated
0ba1_69be_0000_1607170963_59_received
93fa_0ba1_0000_1607170964_60_received
5dd4_93fa_0000_1607170967_61_received
3726_5dd4_0000_1607170977_62_generated
4f3b_3726_0000_1607170977_63_generated
2840_4f3b_0000_1607170979_64_received
6f35_2840_0000_1607170980_65_generated
8b67_6f35_0000_1607170981_66_generated
ba6d_8b67_0000_1607170982_67_generated
0df4_6f35_0000_1607170982_66_received
ca28_ba6d_0000_1607170989_68_generated
202b_ca28_0000_1607170989_69_generated
be51_202b_0000_1607170990_70_received
2916_be51_0000_1607170990_71_received
5239_2916_0000_1607170992_72_generated
0566_5239_0000_1607170995_73_generated
6a92_0566_0000_1607170996_74_received
a48f_6a92_0000_1607170999_75_generated
0a1d_a48f_0000_1607171000_76_generated
d38b_0a1d_0000_1607171002_77_generated
4f8a_d38b_0000_1607171004_78_generated
a9d5_4f8a_0000_1607171005_79_generated
bbcc_a9d5_0000_1607171005_80_generated
a50a_bbcc_0000_1607171010_81_received
40a1_a50a_0000_1607171011_82_generated
72ea_40a1_0000_1607171011_83_generated
2bfb_72ea_0000_1607171013_84_generated
a97b_2bfb_0000_1607171015_85_generated
8266_a97b_0000_1607171017_86_generated
cb51_8266_0000_1607171018_87_generated
c360_cb51_0000_1607171024_88_generated
b6be_c360_0000_1607171024_89_generated
f102_b6be_0000_1607171025_90_generated
1136_f102_0000_1607171026_91_generated
d230_1136_0000_1607171028_92_generated
3084_d230_0000_1607171032_93_received
732a_d230_0000_1607171033_93_received
3388_3084_0000_1607171035_94_generated
7b25_3388_0000_1607171037_95_generated
6d18_7b25_0000_1607171038_96_generated
245b_6d18_0000_1607171039_97_received
24cd_245b_0000_1607171048_98_generated
c96f_24cd_0000_1607171049_99_generated
b330_c96f_0000_1607171051_100_generated
193a_b330_0000_1607171054_101_received
18cd_193a_0000_1607171054_102_received
b42e_18cd_0000_1607171061_103_generated
19f2_b42e_0000_1607171063_104_generated
a1f2_19f2_0000_1607171064_105_generated
5db0_a1f2_0000_1607171072_106_generated
22f5_5db0_0000_1607171072_107_generated
8b33_22f5_0000_1607171075_108_received
7bc9_8b33_0000_1607171078_109_generated
bef9_7bc9_0000_1607171078_110_generated
4592_bef9_0000_1607171085_111_generated
9997_4592_0000_1607171086_112_generated
0c15_9997_0000_1607171087_113_generated
5651_0c15_0000_1607171088_114_generated
d619_5651_0000_1607171090_115_generated
0fb9_d619_0000_1607171097_116_generated
e53e_0fb9_0000_1607171099_117_received
8b12_e53e_0000_1607171100_118_generated
a141_8b12_0000_1607171101_119_generated
5fd3_a141_0000_1607171101_120_generated
0d70_5fd3_0000_1607171102_121_generated
31c8_0d70_0000_1607171102_122_generated
33dc_8b12_0000_1607171102_119_received
45c2_31c8_0000_1607171105_123_generated
135f_45c2_0000_1607171106_124_generated
e06e_135f_0000_1607171111_125_generated
7859_e06e_0000_1607171116_126_generated
7302_7859_0000_1607171117_127_generated
9a27_7302_0000_1607171118_128_generated
0069_9a27_0000_1607171119_129_generated
b3bd_0069_0000_1607171121_130_generated
6340_b3bd_0000_1607171122_131_generated
e5de_6340_0000_1607171124_132_generated
f71a_e5de_0000_1607171125_133_generated
5056_f71a_0000_1607171126_134_generated
99ad_5056_0000_1607171127_135_generated
951b_99ad_0000_1607171128_136_generated
4e61_951b_0000_1607171129_137_generated
f7ac_4e61_0000_1607171131_138_generated
0b3f_f7ac_0000_1607171132_139_generated
5e4f_0b3f_0000_1607171133_140_generated
a27c_5e4f_0000_1607171140_141_generated
8ceb_5e4f_0000_1607171141_141_received
1c8e_a27c_0000_1607171144_142_generated
7744_1c8e_0000_1607171145_143_generated
2748_7744_0000_1607171148_144_generated
6139_2748_0000_1607171160_145_generated
f991_6139_0000_1607171162_146_generated
bda7_6139_0000_1607171163_146_received
b81b_f991_0000_1607171170_147_generated
a4f5_bda7_0000_1607171169_147_received
7ed8_a4f5_0000_1607171170_148_received
bb79_7ed8_0000_1607171172_149_generated
19ba_bb79_0000_1607171174_150_generated
94e1_19ba_0000_1607171178_151_generated
09e6_94e1_0000_1607171180_152_generated
223b_09e6_0000_1607171181_153_generated
04a4_223b_0000_1607171182_154_generated
fc00_04a4_0000_1607171184_155_generated
4e62_fc00_0000_1607171187_156_generated
5709_4e62_0000_1607171187_157_generated
464e_5709_0000_1607171192_158_generated
a9b2_464e_0000_1607171193_159_generated
5751_a9b2_0000_1607171198_160_received
074b_5751_0000_1607171201_161_generated
dcb5_074b_0000_1607171203_162_received
7f21_dcb5_0000_1607171204_163_generated
3d10_7f21_0000_1607171206_164_generated
b56e_3d10_0000_1607171208_165_generated
efdc_b56e_0000_1607171209_166_generated
69b6_efdc_0000_1607171210_167_generated
bb95_69b6_0000_1607171211_168_generated
82b0_bb95_0000_1607171212_169_generated
b7b4_82b0_0000_1607171214_170_received
06d0_b7b4_0000_1607171221_171_generated
d5b3_06d0_0000_1607171223_172_generated
e59e_d5b3_0000_1607171224_173_generated
9437_e59e_0000_1607171226_174_generated
a9ec_9437_0000_1607171228_175_received
619b_a9ec_0000_1607171229_176_generated
8f3c_619b_0000_1607171230_177_generated
da97_8f3c_0000_1607171233_178_generated
41f7_da97_0000_1607171234_179_generated
9fff_41f7_0000_1607171236_180_received
693b_41f7_0000_1607171237_180_received
8187_9fff_0000_1607171240_181_generated
c0cf_8187_0000_1607171242_182_generated
69dd_c0cf_0000_1607171249_183_generated
4c7c_69dd_0000_1607171251_184_received
18ce_4c7c_0000_1607171254_185_generated
21d0_18ce_0000_1607171254_186_generated
1db7_21d0_0000_1607171260_187_generated
1808_21d0_0000_1607171259_187_received
9389_1db7_0000_1607171268_188_generated
9bd7_9389_0000_1607171269_189_generated
2b75_9bd7_0000_1607171273_190_generated
a7a0_2b75_0000_1607171273_191_generated
a9bc_a7a0_0000_1607171276_192_received
3f54_a9bc_0000_1607171278_193_generated
c1c6_3f54_0000_1607171279_194_generated
7f1b_c1c6_0000_1607171279_195_generated
bd9a_7f1b_0000_1607171283_196_generated
719e_bd9a_0000_1607171287_197_generated
a635_719e_0000_1607171288_198_generated
01f4_a635_0000_1607171294_199_generated
0c71_01f4_0000_1607171299_200_generated
995d_0c71_0000_1607171299_201_generated
15a5_995d_0000_1607171300_202_generated
4020_0c71_0000_1607171300_201_received
0c9a_15a5_0000_1607171303_203_generated
db8b_15a5_0000_1607171302_203_received
c265_0c9a_0000_1607171305_204_generated
edd9_c265_0000_1607171306_205_generated
75aa_edd9_0000_1607171308_206_generated
b144_75aa_0000_1607171309_207_generated
9c3a_b144_0000_1607171309_208_generated
b34b_9c3a_0000_1607171313_209_generated
3846_b34b_0000_1607171320_210_generated
9717_3846_0000_1607171321_211_generated
418c_9717_0000_1607171321_212_generated
4ba4_418c_0000_1607171328_213_generated
181b_4ba4_0000_1607171334_214_received
4fe0_181b_0000_1607171338_215_generated
1059_4fe0_0000_1607171339_216_generated
9c6b_1059_0000_1607171340_217_generated
7bb6_9c6b_0000_1607171342_218_generated
048c_9c6b_0000_1607171343_218_received
64a6_048c_0000_1607171345_219_received
956c_64a6_0000_1607171347_220_received
545d_956c_0000_1607171354_221_generated
ee7d_545d_0000_1607171355_222_generated
b357_ee7d_0000_1607171361_223_received
7d87_b357_0000_1607171361_224_received
602c_7d87_0000_1607171366_225_received
9a97_602c_0000_1607171368_226_generated
a364_9a97_0000_1607171370_227_received
93b5_a364_0000_1607171372_228_received
b679_93b5_0000_1607171379_229_generated
cebe_93b5_0000_1607171378_229_received
9cb1_b679_0000_1607171380_230_generated
f744_cebe_0000_1607171381_230_received
6771_9cb1_0000_1607171383_231_generated
e36a_6771_0000_1607171384_232_generated
3896_e36a_0000_1607171385_233_generated
1396_f744_0000_1607171384_231_received
c58b_3896_0000_1607171386_234_generated
6e34_3896_0000_1607171387_234_received
5944_6e34_0000_1607171387_235_received
be5b_5944_0000_1607171389_236_generated
f7c5_be5b_0000_1607171392_237_received
aaa8_f7c5_0000_1607171397_238_generated
353c_aaa8_0000_1607171398_239_generated
3387_f7c5_0000_1607171398_238_received
2a89_353c_0000_1607171400_240_generated
36d0_2a89_0000_1607171402_241_generated
8afd_36d0_0000_1607171405_242_generated
3061_8afd_0000_1607171407_243_generated
4da9_3061_0000_1607171410_244_generated
efe6_4da9_0000_1607171416_245_received
04f8_efe6_0000_1607171421_246_generated
ee64_04f8_0000_1607171425_247_generated
549f_ee64_0000_1607171427_248_generated
adf2_549f_0000_1607171428_249_generated
a59d_adf2_0000_1607171438_250_generated
a134_a59d_0000_1607171442_251_generated
dc83_a134_0000_1607171443_252_generated
61b9_dc83_0000_1607171444_253_generated
ba0f_a134_0000_1607171444_252_received
028a_61b9_0000_1607171446_254_generated
945a_028a_0000_1607171450_255_generated
4598_945a_0000_1607171451_256_generated
f84f_945a_0000_1607171452_256_received
c615_4598_0000_1607171456_257_generated
f1be_f84f_0000_1607171455_257_received
be48_c615_0000_1607171459_258_generated
a386_be48_0000_1607171465_259_received
94b9_a386_0000_1607171468_260_received
586b_94b9_0000_1607171470_261_generated
024f_94b9_0000_1607171469_261_received
582b_024f_0000_1607171472_262_received
980f_582b_0000_1607171474_263_received
7096_980f_0000_1607171475_264_received
28d1_7096_0000_1607171477_265_generated
3c05_7096_0000_1607171476_265_received
5055_28d1_0000_1607171478_266_generated
22e4_5055_0000_1607171482_267_generated
e7fa_22e4_0000_1607171483_268_generated
e510_e7fa_0000_1607171485_269_generated
48d2_5055_0000_1607171483_267_received
4b90_e510_0000_1607171489_270_generated
1ac8_4b90_0000_1607171490_271_generated
d717_1ac8_0000_1607171491_272_generated
1884_4b90_0000_1607171491_271_received
92cf_d717_0000_1607171501_273_generated
5bf7_92cf_0000_1607171501_274_generated
6b76_5bf7_0000_1607171502_275_generated
c95c_6b76_0000_1607171502_276_generated
0fec_d717_0000_1607171502_273_received
34af_c95c_0000_1607171506_277_generated
d1f0_34af_0000_1607171506_278_generated
