001b_9e1c_0000_1607170785_1_received
3c31_001b_0000_1607170787_2_received
b416_3c31_0000_1607170792_3_received
97a3_b416_0000_1607170796_4_received
56c3_97a3_0000_1607170803_5_received
dad8_56c3_0000_1607170804_6_received
9da2_dad8_0000_1607170804_7_received
b2b4_9da2_0000_1607170809_8_received
91c0_b2b4_0000_1607170815_9_received
ce6b_91c0_0000_1607170821_10_received
9abe_ce6b_0000_1607170825_11_received
dada_9abe_0000_1607170827_12_received
01d4_dada_0000_1607170835_13_received
8ee6_01d4_0000_1607170838_14_received
a4d2_8ee6_0000_1607170844_15_received
932c_a4d2_0000_1607170844_16_received
590c_932c_0000_1607170845_17_received
96eb_932c_0000_1607170846_17_received
fc8a_96eb_0000_1607170848_18_received
fb49_fc8a_0000_1607170848_19_received
019b_fb49_0000_1607170851_20_received
bcf1_019b_0000_1607170853_21_received
109a_bcf1_0000_1607170854_22_received
805d_109a_0000_1607170856_23_received
644a_805d_0000_1607170858_24_received
8ca2_805d_0000_1607170859_24_received
bab1_8ca2_0000_1607170859_25_received
0a24_bab1_0000_1607170860_26_received
520b_0a24_0000_1607170863_27_received
21d1_520b_0000_1607170868_28_received
9c00_21d1_0000_1607170870_29_received
5587_21d1_0000_1607170871_29_received
cff2_9c00_0000_1607170877_30_received
6542_5587_0000_1607170878_30_received
34f4_cff2_0000_1607170882_31_received
1076_34f4_0000_1607170887_32_received
212a_1076_0000_1607170888_33_received
de99_212a_0000_1607170892_34_received
cc30_de99_0000_1607170893_35_received
cdd2_cc30_0000_1607170895_36_received
bd81_cdd2_0000_1607170896_37_received
25b6_bd81_0000_1607170897_38_received
95de_bd81_0000_1607170898_38_received
f9c8_25b6_0000_1607170899_39_received
0663_95de_0000_1607170900_39_received
0875_f9c8_0000_1607170900_40_received
0588_0875_0000_1607170908_41_received
d2cb_0588_0000_1607170908_42_received
7497_d2cb_0000_1607170910_43_received
df3c_7497_0000_1607170925_44_received
6e84_df3c_0000_1607170926_45_received
c6b5_6e84_0000_1607170930_46_received
ff8c_c6b5_0000_1607170932_47_received
c991_ff8c_0000_1607170936_48_received
cfbf_c991_0000_1607170937_49_received
457b_cfbf_0000_1607170939_50_received
a755_457b_0000_1607170942_51_received
0b56_a755_0000_1607170944_52_received
bf04_0b56_0000_1607170945_53_received
049d_bf04_0000_1607170955_54_received
7eb8_049d_0000_1607170955_55_received
4d7b_7eb8_0000_1607170958_56_received
e044_4d7b_0000_1607170961_57_received
69be_e044_0000_1607170962_58_received
0ba1_69be_0000_1607170963_59_received
86c4_69be_0000_1607170964_59_received
93fa_0ba1_0000_1607170964_60_received
5dd4_93fa_0000_1607170967_61_received
3726_5dd4_0000_1607170977_62_received
4f3b_3726_0000_1607170977_63_received
2840_4f3b_0000_1607170979_64_received
6f35_2840_0000_1607170980_65_received
8b67_6f35_0000_1607170981_66_received
0df4_6f35_0000_1607170982_66_received
ba6d_8b67_0000_1607170982_67_received
ca28_ba6d_0000_1607170989_68_received
202b_ca28_0000_1607170989_69_received
be51_202b_0000_1607170990_70_received
2916_be51_0000_1607170990_71_received
5239_2916_0000_1607170992_72_received
0566_5239_0000_1607170995_73_received
6a92_0566_0000_1607170996_74_received
a48f_6a92_0000_1607170999_75_received
0a1d_a48f_0000_1607171000_76_received
d38b_0a1d_0000_1607171002_77_received
4f8a_d38b_0000_1607171004_78_received
a9d5_4f8a_0000_1607171005_79_received
bbcc_a9d5_0000_1607171005_80_received
a50a_bbcc_0000_1607171010_81_received
40a1_a50a_0000_1607171011_82_received
72ea_40a1_0000_1607171011_83_received
2bfb_72ea_0000_1607171013_84_received
a97b_2bfb_0000_1607171015_85_received
8266_a97b_0000_1607171017_86_received
cb51_8266_0000_1607171018_87_received
c360_cb51_0000_1607171024_88_received
b6be_c360_0000_1607171024_89_received
f102_b6be_0000_1607171025_90_received
1136_f102_0000_1607171026_91_received
d230_1136_0000_1607171028_92_received
732a_d230_0000_1607171033_93_generated
3084_d230_0000_1607171032_93_received
3388_3084_0000_1607171035_94_received
7b25_3388_0000_1607171037_95_received
6d18_7b25_0000_1607171038_96_received
245b_6d18_0000_1607171039_97_received
24cd_245b_0000_1607171048_98_received
c96f_24cd_0000_1607171049_99_received
b330_c96f_0000_1607171051_100_received
193a_b330_0000_1607171054_101_received
18cd_193a_0000_1607171054_102_received
b42e_18cd_0000_1607171061_103_received
19f2_b42e_0000_1607171063_104_received
a1f2_19f2_0000_1607171064_105_received
5db0_a1f2_0000_1607171072_106_received
22f5_5db0_0000_1607171072_107_received
8b33_22f5_0000_1607171075_108_received
7bc9_8b33_0000_1607171078_109_received
bef9_7bc9_0000_1607171078_110_received
4592_bef9_0000_1607171085_111_received
9997_4592_0000_1607171086_112_received
0c15_9997_0000_1607171087_113_received
5651_0c15_0000_1607171088_114_received
d619_5651_0000_1607171090_115_received
0fb9_d619_0000_1607171097_116_received
e53e_0fb9_0000_1607171099_117_received
8b12_e53e_0000_1607171100_118_received
a141_8b12_0000_1607171101_119_received
5fd3_a141_0000_1607171101_120_received
33dc_8b12_0000_1607171102_119_received
0d70_5fd3_0000_1607171102_121_received
31c8_0d70_0000_1607171102_122_received
45c2_31c8_0000_1607171105_123_received
135f_45c2_0000_1607171106_124_received
e06e_135f_0000_1607171111_125_received
7859_e06e_0000_1607171116_126_received
7302_7859_0000_1607171117_127_received
9a27_7302_0000_1607171118_128_received
0069_9a27_0000_1607171119_129_received
b3bd_0069_0000_1607171121_130_received
6340_b3bd_0000_1607171122_131_received
e5de_6340_0000_1607171124_132_received
f71a_e5de_0000_1607171125_133_received
5056_f71a_0000_1607171126_134_received
99ad_5056_0000_1607171127_135_received
951b_99ad_0000_1607171128_136_received
4e61_951b_0000_1607171129_137_received
f7ac_4e61_0000_1607171131_138_received
0b3f_f7ac_0000_1607171132_139_received
5e4f_0b3f_0000_1607171133_140_received
a27c_5e4f_0000_1607171140_141_received
8ceb_5e4f_0000_1607171141_141_received
1c8e_a27c_0000_1607171144_142_received
7744_1c8e_0000_1607171145_143_received
2748_7744_0000_1607171148_144_received
6139_2748_0000_1607171160_145_received
f991_6139_0000_1607171162_146_received
bda7_6139_0000_1607171163_146_received
a4f5_bda7_0000_1607171169_147_received
b81b_f991_0000_1607171170_147_received
7ed8_a4f5_0000_1607171170_148_received
bb79_7ed8_0000_1607171172_149_received
19ba_bb79_0000_1607171174_150_received
94e1_19ba_0000_1607171178_151_received
09e6_94e1_0000_1607171180_152_received
223b_09e6_0000_1607171181_153_received
04a4_223b_0000_1607171182_154_received
fc00_04a4_0000_1607171184_155_received
4e62_fc00_0000_1607171187_156_received
5709_4e62_0000_1607171187_157_received
464e_5709_0000_1607171192_158_received
a9b2_464e_0000_1607171193_159_received
5751_a9b2_0000_1607171198_160_received
074b_5751_0000_1607171201_161_received
dcb5_074b_0000_1607171203_162_received
7f21_dcb5_0000_1607171204_163_received
3d10_7f21_0000_1607171206_164_received
b56e_3d10_0000_1607171208_165_received
efdc_b56e_0000_1607171209_166_received
69b6_efdc_0000_1607171210_167_received
bb95_69b6_0000_1607171211_168_received
82b0_bb95_0000_1607171212_169_received
b7b4_82b0_0000_1607171214_170_received
06d0_b7b4_0000_1607171221_171_received
d5b3_06d0_0000_1607171223_172_received
e59e_d5b3_0000_1607171224_173_received
9437_e59e_0000_1607171226_174_received
a9ec_9437_0000_1607171228_175_received
619b_a9ec_0000_1607171229_176_received
8f3c_619b_0000_1607171230_177_received
da97_8f3c_0000_1607171233_178_received
41f7_da97_0000_1607171234_179_received
693b_41f7_0000_1607171237_180_generated
9fff_41f7_0000_1607171236_180_received
8187_9fff_0000_1607171240_181_received
c0cf_8187_0000_1607171242_182_received
69dd_c0cf_0000_1607171249_183_received
4c7c_69dd_0000_1607171251_184_received
18ce_4c7c_0000_1607171254_185_received
21d0_18ce_0000_1607171254_186_received
1808_21d0_0000_1607171259_187_generated
1db7_21d0_0000_1607171260_187_received
9389_1db7_0000_1607171268_188_received
9bd7_9389_0000_1607171269_189_received
2b75_9bd7_0000_1607171273_190_received
a7a0_2b75_0000_1607171273_191_received
a9bc_a7a0_0000_1607171276_192_received
3f54_a9bc_0000_1607171278_193_received
c1c6_3f54_0000_1607171279_194_received
7f1b_c1c6_0000_1607171279_195_received
bd9a_7f1b_0000_1607171283_196_received
719e_bd9a_0000_1607171287_197_received
a635_719e_0000_1607171288_198_received
01f4_a635_0000_1607171294_199_received
0c71_01f4_0000_1607171299_200_received
995d_0c71_0000_1607171299_201_received
15a5_995d_0000_1607171300_202_received
4020_0c71_0000_1607171300_201_received
db8b_15a5_0000_1607171302_203_received
0c9a_15a5_0000_1607171303_203_received
c265_0c9a_0000_1607171305_204_received
edd9_c265_0000_1607171306_205_received
75aa_edd9_0000_1607171308_206_received
b144_75aa_0000_1607171309_207_received
9c3a_b144_0000_1607171309_208_received
b34b_9c3a_0000_1607171313_209_received
3846_b34b_0000_1607171320_210_received
9717_3846_0000_1607171321_211_received
418c_9717_0000_1607171321_212_received
4ba4_418c_0000_1607171328_213_received
181b_4ba4_0000_1607171334_214_received
4fe0_181b_0000_1607171338_215_received
1059_4fe0_0000_1607171339_216_received
9c6b_1059_0000_1607171340_217_received
7bb6_9c6b_0000_1607171342_218_received
048c_9c6b_0000_1607171343_218_received
64a6_048c_0000_1607171345_219_received
956c_64a6_0000_1607171347_220_received
545d_956c_0000_1607171354_221_received
ee7d_545d_0000_1607171355_222_received
b357_ee7d_0000_1607171361_223_received
7d87_b357_0000_1607171361_224_received
602c_7d87_0000_1607171366_225_received
9a97_602c_0000_1607171368_226_received
a364_9a97_0000_1607171370_227_received
93b5_a364_0000_1607171372_228_received
cebe_93b5_0000_1607171378_229_received
b679_93b5_0000_1607171379_229_received
9cb1_b679_0000_1607171380_230_received
f744_cebe_0000_1607171381_230_received
6771_9cb1_0000_1607171383_231_received
1396_f744_0000_1607171384_231_received
e36a_6771_0000_1607171384_232_received
3896_e36a_0000_1607171385_233_received
c58b_3896_0000_1607171386_234_received
6e34_3896_0000_1607171387_234_received
5944_6e34_0000_1607171387_235_received
be5b_5944_0000_1607171389_236_received
f7c5_be5b_0000_1607171392_237_received
aaa8_f7c5_0000_1607171397_238_received
353c_aaa8_0000_1607171398_239_received
3387_f7c5_0000_1607171398_238_received
2a89_353c_0000_1607171400_240_received
36d0_2a89_0000_1607171402_241_received
8afd_36d0_0000_1607171405_242_received
3061_8afd_0000_1607171407_243_received
4da9_3061_0000_1607171410_244_received
efe6_4da9_0000_1607171416_245_received
04f8_efe6_0000_1607171421_246_received
ee64_04f8_0000_1607171425_247_received
549f_ee64_0000_1607171427_248_received
adf2_549f_0000_1607171428_249_received
a59d_adf2_0000_1607171438_250_received
a134_a59d_0000_1607171442_251_received
dc83_a134_0000_1607171443_252_received
61b9_dc83_0000_1607171444_253_received
ba0f_a134_0000_1607171444_252_received
028a_61b9_0000_1607171446_254_received
945a_028a_0000_1607171450_255_received
4598_945a_0000_1607171451_256_received
f84f_945a_0000_1607171452_256_received
f1be_f84f_0000_1607171455_257_received
c615_4598_0000_1607171456_257_received
be48_c615_0000_1607171459_258_received
a386_be48_0000_1607171465_259_received
94b9_a386_0000_1607171468_260_received
024f_94b9_0000_1607171469_261_received
586b_94b9_0000_1607171470_261_received
582b_024f_0000_1607171472_262_received
980f_582b_0000_1607171474_263_received
7096_980f_0000_1607171475_264_received
3c05_7096_0000_1607171476_265_received
28d1_7096_0000_1607171477_265_received
5055_28d1_0000_1607171478_266_received
22e4_5055_0000_1607171482_267_received
e7fa_22e4_0000_1607171483_268_received
48d2_5055_0000_1607171483_267_received
e510_e7fa_0000_1607171485_269_received
4b90_e510_0000_1607171489_270_received
1ac8_4b90_0000_1607171490_271_received
d717_1ac8_0000_1607171491_272_received
1884_4b90_0000_1607171491_271_received
92cf_d717_0000_1607171501_273_received
5bf7_92cf_0000_1607171501_274_received
6b76_5bf7_0000_1607171502_275_received
c95c_6b76_0000_1607171502_276_received
0fec_d717_0000_1607171502_273_received
