bd62_9e1c_0000_1607089195_1_received
9595_bd62_0000_1607089197_2_generated
2b08_9595_0000_1607089199_3_received
65eb_2b08_0000_1607089200_4_received
e250_65eb_0000_1607089201_5_received
40bb_e250_0000_1607089205_6_generated
8e8e_40bb_0000_1607089207_7_generated
21a3_8e8e_0000_1607089210_8_received
c44a_21a3_0000_1607089212_9_received
04b4_c44a_0000_1607089215_10_received
76d5_04b4_0000_1607089218_11_received
13a2_76d5_0000_1607089222_12_generated
0b89_13a2_0000_1607089223_13_generated
02f9_0b89_0000_1607089224_14_received
ba83_02f9_0000_1607089225_15_received
229c_ba83_0000_1607089228_16_received
52a7_229c_0000_1607089230_17_received
3f07_52a7_0000_1607089231_18_received
ed26_3f07_0000_1607089238_19_received
f2a7_ed26_0000_1607089239_20_received
04a1_f2a7_0000_1607089243_21_received
7bdc_f2a7_0000_1607089244_21_received
cab2_7bdc_0000_1607089246_22_received
9bbb_cab2_0000_1607089247_23_received
64a8_9bbb_0000_1607089250_24_generated
f6bb_64a8_0000_1607089252_25_received
06d0_f6bb_0000_1607089256_26_received
3bad_06d0_0000_1607089262_27_generated
9015_3bad_0000_1607089263_28_generated
d155_06d0_0000_1607089263_27_received
787b_9015_0000_1607089265_29_generated
8837_787b_0000_1607089269_30_received
bede_8837_0000_1607089272_31_generated
8f09_bede_0000_1607089276_32_received
4c96_8f09_0000_1607089277_33_received
2a39_4c96_0000_1607089279_34_generated
fa69_2a39_0000_1607089281_35_generated
d3b7_2a39_0000_1607089282_35_received
3e29_d3b7_0000_1607089287_36_received
a427_3e29_0000_1607089289_37_generated
3e6a_a427_0000_1607089292_38_received
2a90_3e6a_0000_1607089298_39_generated
1231_2a90_0000_1607089299_40_generated
6a70_1231_0000_1607089303_41_received
7e43_6a70_0000_1607089308_42_received
ea08_7e43_0000_1607089309_43_received
a83f_ea08_0000_1607089309_44_received
4993_a83f_0000_1607089317_45_generated
1d45_4993_0000_1607089319_46_received
cc10_1d45_0000_1607089323_47_generated
5e58_1d45_0000_1607089322_47_received
0002_5e58_0000_1607089323_48_received
a0e6_0002_0000_1607089323_49_received
e4be_a0e6_0000_1607089325_50_generated
5748_a0e6_0000_1607089326_50_received
6228_e4be_0000_1607089328_51_generated
f54a_5748_0000_1607089327_51_received
fe67_f54a_0000_1607089330_52_received
9a63_fe67_0000_1607089332_53_received
02b1_9a63_0000_1607089337_54_received
fe4e_02b1_0000_1607089339_55_generated
4ed0_fe4e_0000_1607089341_56_generated
1585_4ed0_0000_1607089343_57_received
5cca_1585_0000_1607089346_58_generated
a058_5cca_0000_1607089347_59_generated
1362_a058_0000_1607089349_60_received
2380_1362_0000_1607089353_61_generated
fdab_2380_0000_1607089356_62_received
52e4_fdab_0000_1607089363_63_generated
d00f_fdab_0000_1607089364_63_received
d0bb_d00f_0000_1607089364_64_received
06e9_d0bb_0000_1607089364_65_received
ad51_06e9_0000_1607089366_66_received
90dc_ad51_0000_1607089366_67_received
df42_90dc_0000_1607089369_68_received
27a4_df42_0000_1607089371_69_received
aa4a_27a4_0000_1607089374_70_received
6df0_aa4a_0000_1607089375_71_received
e60b_6df0_0000_1607089375_72_received
a08a_e60b_0000_1607089377_73_received
8294_a08a_0000_1607089378_74_received
8e84_8294_0000_1607089379_75_received
aed1_8e84_0000_1607089381_76_received
8269_aed1_0000_1607089382_77_received
efc5_8269_0000_1607089382_78_received
6384_efc5_0000_1607089386_79_received
dc0e_6384_0000_1607089387_80_received
4148_dc0e_0000_1607089390_81_generated
ee52_4148_0000_1607089393_82_generated
f041_ee52_0000_1607089395_83_received
7591_f041_0000_1607089397_84_received
c083_7591_0000_1607089397_85_received
63b6_c083_0000_1607089403_86_received
745f_63b6_0000_1607089406_87_generated
4bb5_745f_0000_1607089408_88_generated
39fa_745f_0000_1607089409_88_received
05b0_39fa_0000_1607089411_89_received
8b30_05b0_0000_1607089411_90_received
3e61_8b30_0000_1607089412_91_received
ab72_3e61_0000_1607089413_92_received
89e3_ab72_0000_1607089413_93_received
9fb4_89e3_0000_1607089415_94_received
a4b6_9fb4_0000_1607089419_95_received
7cec_a4b6_0000_1607089420_96_received
087a_7cec_0000_1607089421_97_received
6a01_087a_0000_1607089422_98_generated
1e51_087a_0000_1607089423_98_received
957a_1e51_0000_1607089426_99_received
fd3d_957a_0000_1607089432_100_generated
3a1a_fd3d_0000_1607089433_101_generated
ff10_3a1a_0000_1607089439_102_generated
b97e_ff10_0000_1607089439_103_generated
382e_b97e_0000_1607089445_104_generated
ebd4_382e_0000_1607089447_105_generated
b315_ebd4_0000_1607089451_106_received
76ae_b315_0000_1607089454_107_received
1796_76ae_0000_1607089464_108_received
c9fd_1796_0000_1607089465_109_received
7665_c9fd_0000_1607089469_110_generated
54e7_7665_0000_1607089471_111_generated
a8a3_54e7_0000_1607089472_112_generated
c1b3_a8a3_0000_1607089477_113_received
b481_c1b3_0000_1607089480_114_received
7803_b481_0000_1607089480_115_received
35ef_7803_0000_1607089486_116_received
7e77_35ef_0000_1607089489_117_received
7b0d_7e77_0000_1607089491_118_received
e745_7b0d_0000_1607089493_119_generated
2cc5_e745_0000_1607089497_120_generated
a57e_e745_0000_1607089496_120_received
5899_a57e_0000_1607089497_121_received
712b_5899_0000_1607089500_122_generated
8524_5899_0000_1607089499_122_received
a55b_8524_0000_1607089500_123_received
4a49_a55b_0000_1607089507_124_received
f3f4_4a49_0000_1607089507_125_received
e077_f3f4_0000_1607089507_126_received
8a85_e077_0000_1607089512_127_received
cfab_8a85_0000_1607089516_128_generated
827c_8a85_0000_1607089515_128_received
a61a_cfab_0000_1607089516_129_generated
fe08_827c_0000_1607089517_129_received
44fa_fe08_0000_1607089519_130_received
905e_44fa_0000_1607089519_131_received
9439_905e_0000_1607089521_132_received
dcfe_9439_0000_1607089525_133_received
784c_dcfe_0000_1607089526_134_received
c893_784c_0000_1607089529_135_generated
8f4f_784c_0000_1607089530_135_received
d1df_c893_0000_1607089531_136_generated
ef7b_8f4f_0000_1607089530_136_received
138b_ef7b_0000_1607089533_137_received
6322_138b_0000_1607089535_138_generated
f6f9_6322_0000_1607089539_139_generated
c87a_6322_0000_1607089540_139_received
c918_c87a_0000_1607089545_140_received
13b8_c918_0000_1607089547_141_received
8c84_13b8_0000_1607089548_142_received
dd57_8c84_0000_1607089551_143_generated
1097_dd57_0000_1607089553_144_received
8ec1_1097_0000_1607089554_145_received
893d_8ec1_0000_1607089561_146_generated
9976_8ec1_0000_1607089560_146_received
abca_9976_0000_1607089563_147_received
b6b1_abca_0000_1607089564_148_received
a01a_b6b1_0000_1607089566_149_generated
fa9c_a01a_0000_1607089567_150_generated
b942_fa9c_0000_1607089571_151_generated
2e23_fa9c_0000_1607089572_151_received
c0eb_b942_0000_1607089575_152_generated
be59_c0eb_0000_1607089578_153_received
a8a0_be59_0000_1607089578_154_received
7043_a8a0_0000_1607089582_155_generated
7a0d_7043_0000_1607089583_156_received
ca06_7a0d_0000_1607089584_157_received
d32d_ca06_0000_1607089585_158_received
ca89_d32d_0000_1607089586_159_received
5f2a_ca89_0000_1607089588_160_received
8edc_5f2a_0000_1607089594_161_generated
3d7a_8edc_0000_1607089599_162_received
0c05_3d7a_0000_1607089605_163_received
05e0_0c05_0000_1607089606_164_received
52c3_05e0_0000_1607089612_165_received
beb2_52c3_0000_1607089617_166_received
7efd_52c3_0000_1607089618_166_received
5df9_beb2_0000_1607089620_167_received
42d8_5df9_0000_1607089620_168_received
f9fa_42d8_0000_1607089621_169_received
0c18_f9fa_0000_1607089622_170_received
01f3_0c18_0000_1607089626_171_generated
ef27_0c18_0000_1607089625_171_received
a84c_ef27_0000_1607089626_172_received
a46e_a84c_0000_1607089628_173_received
b4a6_a46e_0000_1607089629_174_received
d96a_b4a6_0000_1607089630_175_received
6cd7_d96a_0000_1607089632_176_received
7237_6cd7_0000_1607089635_177_generated
ecd3_7237_0000_1607089639_178_received
5c1c_ecd3_0000_1607089639_179_received
e453_5c1c_0000_1607089639_180_received
849e_e453_0000_1607089648_181_received
7a3f_849e_0000_1607089652_182_generated
39d0_7a3f_0000_1607089652_183_generated
9970_39d0_0000_1607089653_184_generated
70f4_9970_0000_1607089660_185_received
9f62_70f4_0000_1607089660_186_received
5dfb_9f62_0000_1607089665_187_generated
ddc1_5dfb_0000_1607089669_188_generated
92fb_ddc1_0000_1607089671_189_generated
ed7b_92fb_0000_1607089672_190_generated
874c_ed7b_0000_1607089675_191_received
4a66_874c_0000_1607089676_192_received
9f9c_4a66_0000_1607089677_193_received
a5e9_9f9c_0000_1607089677_194_received
ff1c_a5e9_0000_1607089678_195_received
7c69_ff1c_0000_1607089682_196_received
b5f8_7c69_0000_1607089683_197_received
c92e_b5f8_0000_1607089686_198_received
0cc1_c92e_0000_1607089688_199_received
84ba_0cc1_0000_1607089689_200_generated
4879_84ba_0000_1607089691_201_generated
8566_0cc1_0000_1607089690_200_received
c155_4879_0000_1607089693_202_generated
8786_c155_0000_1607089694_203_received
b08c_8786_0000_1607089695_204_received
26ec_b08c_0000_1607089696_205_received
df0f_26ec_0000_1607089698_206_received
2cf4_df0f_0000_1607089704_207_received
7481_2cf4_0000_1607089709_208_received
5ccb_7481_0000_1607089714_209_received
1254_5ccb_0000_1607089717_210_generated
3211_5ccb_0000_1607089718_210_received
e529_3211_0000_1607089718_211_received
a4d8_e529_0000_1607089726_212_generated
564d_a4d8_0000_1607089730_213_received
50ef_564d_0000_1607089730_214_received
38af_50ef_0000_1607089733_215_received
4176_38af_0000_1607089738_216_received
90c5_4176_0000_1607089742_217_received
1839_90c5_0000_1607089743_218_received
5d5f_1839_0000_1607089746_219_received
0cc6_5d5f_0000_1607089758_220_received
1daf_0cc6_0000_1607089763_221_received
6caf_1daf_0000_1607089767_222_received
1cde_6caf_0000_1607089768_223_received
706c_1cde_0000_1607089772_224_generated
57d4_1cde_0000_1607089773_224_received
3493_706c_0000_1607089777_225_generated
8c30_3493_0000_1607089777_226_generated
58fa_8c30_0000_1607089783_227_received
5f0c_58fa_0000_1607089787_228_received
5ffa_5f0c_0000_1607089788_229_received
1414_5ffa_0000_1607089792_230_received
ba74_1414_0000_1607089797_231_received
7362_ba74_0000_1607089803_232_received
9601_7362_0000_1607089813_233_received
c201_9601_0000_1607089815_234_received
2314_c201_0000_1607089817_235_received
a124_2314_0000_1607089820_236_generated
6c4e_a124_0000_1607089822_237_received
5f99_6c4e_0000_1607089825_238_generated
b96c_5f99_0000_1607089827_239_generated
40d4_b96c_0000_1607089829_240_generated
7d58_b96c_0000_1607089830_240_received
8f9f_7d58_0000_1607089832_241_received
c6cb_8f9f_0000_1607089833_242_received
cce3_c6cb_0000_1607089835_243_generated
f5ae_cce3_0000_1607089836_244_received
b984_f5ae_0000_1607089839_245_received
aedc_b984_0000_1607089841_246_received
e3a8_aedc_0000_1607089842_247_received
24e0_e3a8_0000_1607089848_248_received
8755_24e0_0000_1607089850_249_generated
a0b9_8755_0000_1607089852_250_generated
6ab9_24e0_0000_1607089851_249_received
d07f_a0b9_0000_1607089853_251_generated
f945_d07f_0000_1607089853_252_generated
ba54_f945_0000_1607089860_253_received
01c1_ba54_0000_1607089864_254_received
5f67_01c1_0000_1607089868_255_generated
5092_5f67_0000_1607089876_256_generated
0f5d_5092_0000_1607089877_257_received
cb5a_0f5d_0000_1607089877_258_received
8704_cb5a_0000_1607089880_259_received
de4c_8704_0000_1607089886_260_generated
6fbf_de4c_0000_1607089889_261_received
9940_6fbf_0000_1607089890_262_received
0a5a_9940_0000_1607089891_263_received
656e_0a5a_0000_1607089893_264_generated
1727_656e_0000_1607089897_265_received
1e7f_1727_0000_1607089900_266_received
9232_1e7f_0000_1607089903_267_generated
1d17_9232_0000_1607089903_268_received
7e02_1d17_0000_1607089908_269_generated
504a_1d17_0000_1607089907_269_received
e0d7_7e02_0000_1607089910_270_generated
234d_504a_0000_1607089909_270_received
2c59_234d_0000_1607089911_271_received
9f53_2c59_0000_1607089911_272_received
9296_9f53_0000_1607089914_273_received
b638_9296_0000_1607089914_274_received
8985_b638_0000_1607089915_275_received
