e1ad_9e1c_0000_1605005462_1_received
00ac_e1ad_0000_1605005464_2_received
6a97_00ac_0000_1605005467_3_received
58db_6a97_0000_1605005469_4_received
4ce0_58db_0000_1605005471_5_received
bf5e_4ce0_0000_1605005474_6_received
1611_bf5e_0000_1605005474_7_received
2e33_1611_0000_1605005477_8_generated
08ba_1611_0000_1605005478_8_received
75e2_08ba_0000_1605005478_9_received
8dc6_75e2_0000_1605005479_10_received
83c2_8dc6_0000_1605005482_11_received
3ad4_83c2_0000_1605005483_12_generated
e93c_83c2_0000_1605005484_12_received
7162_e93c_0000_1605005487_13_received
752e_7162_0000_1605005488_14_received
5b31_752e_0000_1605005488_15_received
16cd_5b31_0000_1605005488_16_received
d9b2_16cd_0000_1605005488_17_received
03f7_d9b2_0000_1605005488_18_received
dea4_03f7_0000_1605005489_19_received
35c5_dea4_0000_1605005492_20_generated
fe89_35c5_0000_1605005493_21_received
0af4_fe89_0000_1605005495_22_generated
52d1_0af4_0000_1605005500_23_received
487c_52d1_0000_1605005500_24_received
3081_487c_0000_1605005503_25_generated
8d1b_3081_0000_1605005503_26_generated
eda1_8d1b_0000_1605005503_27_generated
08ae_eda1_0000_1605005506_28_received
3a37_08ae_0000_1605005507_29_received
9a41_d9b2_0000_1605005512_18_received
8484_3a37_0000_1605005515_30_generated
fa60_8484_0000_1605005516_31_generated
8963_fa60_0000_1605005520_32_received
5817_8963_0000_1605005524_33_generated
a8bb_5817_0000_1605005524_34_generated
f63a_a8bb_0000_1605005526_35_received
bf4c_f63a_0000_1605005527_36_received
8be7_bf4c_0000_1605005529_37_received
581a_8be7_0000_1605005530_38_received
2ce8_581a_0000_1605005532_39_received
c3f2_2ce8_0000_1605005532_40_received
5664_c3f2_0000_1605005534_41_received
069f_5664_0000_1605005537_42_received
f91c_069f_0000_1605005543_43_generated
08ed_f91c_0000_1605005547_44_generated
ba8e_08ed_0000_1605005550_45_received
80f3_ba8e_0000_1605005551_46_received
dc79_80f3_0000_1605005554_47_generated
fb02_80f3_0000_1605005555_47_received
8b6a_fb02_0000_1605005556_48_received
d8ae_8b6a_0000_1605005557_49_generated
0814_d8ae_0000_1605005558_50_generated
2404_0814_0000_1605005559_51_generated
f669_9a41_0000_1605005559_19_received
6ef4_2404_0000_1605005560_52_generated
a36b_6ef4_0000_1605005562_53_received
5cf8_a36b_0000_1605005565_54_received
4ca2_5cf8_0000_1605005571_55_received
1a0a_4ca2_0000_1605005574_56_received
549e_1a0a_0000_1605005575_57_received
56e0_549e_0000_1605005576_58_received
af4a_56e0_0000_1605005577_59_received
1c84_af4a_0000_1605005582_60_generated
984e_af4a_0000_1605005581_60_received
2593_984e_0000_1605005582_61_received
71f9_2593_0000_1605005583_62_received
0609_71f9_0000_1605005589_63_generated
0301_71f9_0000_1605005588_63_received
eb49_0301_0000_1605005588_64_received
fb25_eb49_0000_1605005591_65_received
d2ab_fb25_0000_1605005595_66_generated
1f63_d2ab_0000_1605005602_67_received
d1d0_1f63_0000_1605005604_68_received
0972_d1d0_0000_1605005605_69_received
6828_0972_0000_1605005607_70_generated
a476_f669_0000_1605005606_20_received
02cc_6828_0000_1605005608_71_received
5046_02cc_0000_1605005612_72_received
7da4_5046_0000_1605005612_73_received
4ae9_7da4_0000_1605005620_74_generated
f92d_a476_0000_1605005621_21_received
5672_4ae9_0000_1605005625_75_generated
eb61_5672_0000_1605005626_76_received
b7eb_eb61_0000_1605005629_77_received
d46b_b7eb_0000_1605005638_78_received
ed6a_d46b_0000_1605005638_79_received
e246_ed6a_0000_1605005639_80_received
1cc4_e246_0000_1605005647_81_received
e85a_1cc4_0000_1605005647_82_received
2060_e85a_0000_1605005653_83_received
ff39_2060_0000_1605005665_84_generated
d67c_ff39_0000_1605005671_85_generated
e301_d67c_0000_1605005672_86_received
e38c_e301_0000_1605005674_87_received
53db_e38c_0000_1605005676_88_generated
839a_53db_0000_1605005677_89_generated
f77e_e38c_0000_1605005677_88_received
fc02_839a_0000_1605005680_90_received
bf7e_fc02_0000_1605005684_91_generated
2082_bf7e_0000_1605005686_92_generated
21d1_2082_0000_1605005686_93_received
1217_21d1_0000_1605005687_94_received
b418_1217_0000_1605005687_95_received
fa9c_b418_0000_1605005688_96_received
87c9_fa9c_0000_1605005694_97_received
85f5_87c9_0000_1605005697_98_generated
01b1_85f5_0000_1605005701_99_generated
3a4e_85f5_0000_1605005700_99_received
80ce_01b1_0000_1605005706_100_generated
3684_3a4e_0000_1605005705_100_received
8736_80ce_0000_1605005707_101_generated
3450_f92d_0000_1605005707_22_received
7de5_3684_0000_1605005709_101_received
f211_7de5_0000_1605005711_102_received
8b0b_f211_0000_1605005711_103_received
bdb9_8b0b_0000_1605005714_104_received
9ad2_bdb9_0000_1605005719_105_generated
dc80_9ad2_0000_1605005721_106_generated
815a_dc80_0000_1605005724_107_generated
fa50_815a_0000_1605005726_108_generated
744a_fa50_0000_1605005728_109_received
b977_744a_0000_1605005730_110_received
3c69_b977_0000_1605005732_111_received
1384_3c69_0000_1605005732_112_received
c2e2_1384_0000_1605005735_113_received
e3b9_c2e2_0000_1605005738_114_received
ee16_e3b9_0000_1605005741_115_generated
a40b_ee16_0000_1605005743_116_generated
a80a_a40b_0000_1605005745_117_received
f8b8_a80a_0000_1605005748_118_generated
e939_f8b8_0000_1605005750_119_received
7201_e939_0000_1605005761_120_generated
4cdf_7201_0000_1605005763_121_generated
8c71_3450_0000_1605005762_23_received
3d45_4cdf_0000_1605005767_122_generated
a898_3d45_0000_1605005770_123_generated
9c7f_a898_0000_1605005772_124_generated
ae0e_9c7f_0000_1605005775_125_received
8d6c_ae0e_0000_1605005775_126_received
ca4f_8d6c_0000_1605005777_127_generated
f171_ca4f_0000_1605005780_128_received
38fa_f171_0000_1605005785_129_received
17f9_38fa_0000_1605005791_130_received
c014_17f9_0000_1605005791_131_received
e9e3_c014_0000_1605005792_132_received
d8e8_e9e3_0000_1605005792_133_received
e83b_d8e8_0000_1605005795_134_received
b012_e83b_0000_1605005798_135_received
38bc_b012_0000_1605005798_136_received
8923_38bc_0000_1605005806_137_received
5b55_8923_0000_1605005814_138_received
d29c_5b55_0000_1605005818_139_received
9b7f_d29c_0000_1605005819_140_received
3b07_9b7f_0000_1605005824_141_received
11db_3b07_0000_1605005832_142_generated
5559_11db_0000_1605005837_143_received
de5f_5559_0000_1605005846_144_generated
78d4_de5f_0000_1605005850_145_generated
c971_de5f_0000_1605005849_145_received
e961_78d4_0000_1605005855_146_generated
2f3e_c971_0000_1605005854_146_received
899e_2f3e_0000_1605005857_147_received
8045_899e_0000_1605005862_148_received
4274_8045_0000_1605005866_149_generated
1067_4274_0000_1605005869_150_received
6ec6_1067_0000_1605005870_151_received
df6c_6ec6_0000_1605005877_152_received
effc_df6c_0000_1605005879_153_generated
7ad2_df6c_0000_1605005878_153_received
cc4c_7ad2_0000_1605005879_154_received
46dd_cc4c_0000_1605005888_155_received
b7c9_46dd_0000_1605005890_156_received
c52d_b7c9_0000_1605005890_157_received
8672_c52d_0000_1605005894_158_received
15f9_8672_0000_1605005897_159_received
ebfb_15f9_0000_1605005898_160_received
ad1c_ebfb_0000_1605005900_161_received
ccda_ad1c_0000_1605005905_162_generated
1050_ccda_0000_1605005906_163_generated
9394_ad1c_0000_1605005906_162_received
eb00_1050_0000_1605005908_164_generated
676c_eb00_0000_1605005908_165_generated
cbfd_1050_0000_1605005907_164_received
a3ea_676c_0000_1605005910_166_generated
6760_a3ea_0000_1605005913_167_generated
0bdb_6760_0000_1605005917_168_generated
fced_6760_0000_1605005918_168_received
c85f_0bdb_0000_1605005925_169_generated
c331_fced_0000_1605005924_169_received
afac_c331_0000_1605005927_170_received
34bc_afac_0000_1605005928_171_received
4852_34bc_0000_1605005934_172_generated
5354_34bc_0000_1605005933_172_received
2796_5354_0000_1605005935_173_received
22d7_2796_0000_1605005938_174_generated
e1d4_22d7_0000_1605005938_175_generated
3183_2796_0000_1605005937_174_received
e996_e1d4_0000_1605005940_176_received
8e33_e996_0000_1605005942_177_received
d802_8e33_0000_1605005943_178_generated
5e1d_d802_0000_1605005944_179_generated
63ff_5e1d_0000_1605005946_180_generated
cdbe_63ff_0000_1605005948_181_received
e2b4_cdbe_0000_1605005948_182_received
41f6_e2b4_0000_1605005951_183_generated
e9d1_41f6_0000_1605005952_184_generated
24c8_e9d1_0000_1605005953_185_generated
90ea_24c8_0000_1605005953_186_received
e2fa_90ea_0000_1605005962_187_generated
03d9_e2fa_0000_1605005964_188_received
abc1_03d9_0000_1605005964_189_received
8eac_abc1_0000_1605005966_190_generated
5f7b_abc1_0000_1605005965_190_received
8c0c_8eac_0000_1605005968_191_generated
1785_8c0c_0000_1605005968_192_generated
feca_1785_0000_1605005969_193_generated
e053_feca_0000_1605005969_194_generated
70a3_e053_0000_1605005972_195_received
4fb8_70a3_0000_1605005974_196_received
5721_4fb8_0000_1605005976_197_received
fe5b_8c71_0000_1605005976_24_received
2a02_5721_0000_1605005977_198_generated
5ea2_2a02_0000_1605005986_199_generated
b25f_2a02_0000_1605005987_199_received
6e99_b25f_0000_1605005989_200_received
9d80_6e99_0000_1605005990_201_received
da3c_9d80_0000_1605005991_202_received
5a17_da3c_0000_1605005996_203_generated
b5e7_5a17_0000_1605005999_204_received
d16f_b5e7_0000_1605005999_205_received
5f11_d16f_0000_1605006001_206_received
cc46_5f11_0000_1605006004_207_received
5831_cc46_0000_1605006007_208_generated
f765_fe5b_0000_1605006008_25_received
ccbe_cc46_0000_1605006008_208_received
e30d_ccbe_0000_1605006008_209_received
8d89_e30d_0000_1605006009_210_received
6139_8d89_0000_1605006010_211_received
c52c_6139_0000_1605006010_212_received
5c22_c52c_0000_1605006012_213_received
8b71_5c22_0000_1605006014_214_received
fa0e_8b71_0000_1605006018_215_received
d3cc_f765_0000_1605006018_26_received
867c_fa0e_0000_1605006025_216_received
5cff_867c_0000_1605006031_217_received
1429_5cff_0000_1605006032_218_received
7c3d_1429_0000_1605006035_219_received
4446_7c3d_0000_1605006036_220_received
bd3d_d3cc_0000_1605006040_27_received
5f7a_4446_0000_1605006050_221_generated
fbfa_5f7a_0000_1605006051_222_received
9bd6_bd3d_0000_1605006053_28_received
a11f_9bd6_0000_1605006056_29_received
6c98_fbfa_0000_1605006056_223_received
fb6d_6c98_0000_1605006056_224_received
1854_fb6d_0000_1605006057_225_received
6c77_1854_0000_1605006059_226_received
9dad_6c77_0000_1605006062_227_generated
728e_9dad_0000_1605006070_228_generated
3279_9dad_0000_1605006071_228_received
eea6_728e_0000_1605006074_229_generated
5b18_3279_0000_1605006075_229_received
3353_5b18_0000_1605006077_230_received
1524_3353_0000_1605006077_231_received
e4bc_1524_0000_1605006080_232_generated
88cf_e4bc_0000_1605006084_233_received
bad7_88cf_0000_1605006084_234_received
63e3_bad7_0000_1605006089_235_generated
e78c_63e3_0000_1605006090_236_generated
7958_e78c_0000_1605006090_237_generated
bd59_7958_0000_1605006092_238_received
c0a6_bd59_0000_1605006096_239_generated
28a0_c0a6_0000_1605006103_240_generated
0f5f_28a0_0000_1605006104_241_generated
ab56_0f5f_0000_1605006108_242_generated
cf7a_ab56_0000_1605006110_243_generated
4968_ab56_0000_1605006111_243_received
1a31_4968_0000_1605006112_244_received
4989_1a31_0000_1605006114_245_generated
3a2e_4989_0000_1605006116_246_generated
2e84_3a2e_0000_1605006119_247_generated
41ed_2e84_0000_1605006121_248_generated
d2bf_3a2e_0000_1605006120_247_received
82da_41ed_0000_1605006124_249_generated
4a23_41ed_0000_1605006125_249_received
7f7e_4a23_0000_1605006125_250_received
ffd6_7f7e_0000_1605006131_251_received
22d1_ffd6_0000_1605006132_252_received
a005_a11f_0000_1605006132_30_received
d56a_22d1_0000_1605006135_253_generated
96ea_22d1_0000_1605006134_253_received
c74f_d56a_0000_1605006137_254_generated
e5dc_a005_0000_1605006136_31_received
9946_e5dc_0000_1605006138_32_received
7c19_c74f_0000_1605006141_255_generated
50fe_7c19_0000_1605006145_256_received
6b9e_50fe_0000_1605006149_257_received
df56_6b9e_0000_1605006150_258_received
b507_df56_0000_1605006153_259_generated
76dd_b507_0000_1605006154_260_received
8f7d_76dd_0000_1605006155_261_received
846c_9946_0000_1605006158_33_received
b8ca_8f7d_0000_1605006158_262_received
2733_b8ca_0000_1605006161_263_generated
ba98_b8ca_0000_1605006162_263_received
d7cf_2733_0000_1605006164_264_generated
f329_ba98_0000_1605006165_264_received
6ace_f329_0000_1605006166_265_received
4537_6ace_0000_1605006169_266_generated
c0b3_4537_0000_1605006174_267_generated
4379_4537_0000_1605006173_267_received
bb7e_c0b3_0000_1605006175_268_generated
13f5_4379_0000_1605006174_268_received
0447_13f5_0000_1605006174_269_received
e982_0447_0000_1605006175_270_received
c844_e982_0000_1605006177_271_generated
fda9_c844_0000_1605006177_272_received
47a4_846c_0000_1605006178_34_received
d950_fda9_0000_1605006181_273_generated
