8ea3_9e1c_0000_1605035615_1_received
2a87_8ea3_0000_1605035631_2_generated
0a0e_2a87_0000_1605035639_3_generated
bb88_2a87_0000_1605035640_3_received
d1b9_bb88_0000_1605035657_4_received
1479_d1b9_0000_1605035660_5_received
41c9_1479_0000_1605035669_6_received
4281_41c9_0000_1605035673_7_received
5c06_4281_0000_1605035676_8_generated
6f1c_4281_0000_1605035677_8_received
931e_5c06_0000_1605035691_9_generated
e583_6f1c_0000_1605035691_9_received
cfa1_931e_0000_1605035693_10_generated
4dc3_cfa1_0000_1605035701_11_generated
1929_4dc3_0000_1605035709_12_generated
bb3f_1929_0000_1605035740_13_generated
3b01_bb3f_0000_1605035756_14_generated
9361_3b01_0000_1605035761_15_generated
8128_9361_0000_1605035771_16_generated
02cd_8128_0000_1605035777_17_received
30db_02cd_0000_1605035777_18_received
1518_30db_0000_1605035779_19_received
08b3_1518_0000_1605035783_20_received
d786_08b3_0000_1605035827_21_received
ba02_d786_0000_1605035866_22_generated
8d98_ba02_0000_1605035929_23_received
4e66_8d98_0000_1605035930_24_received
bfc7_4e66_0000_1605035937_25_generated
beea_bfc7_0000_1605035949_26_generated
a9c3_beea_0000_1605035957_27_received
e8fc_a9c3_0000_1605035975_28_generated
41f8_e8fc_0000_1605035990_29_received
a695_41f8_0000_1605035992_30_generated
1762_a695_0000_1605035993_31_generated
7245_41f8_0000_1605035993_30_received
8a53_1762_0000_1605036012_32_generated
684b_8a53_0000_1605036021_33_generated
b9e6_684b_0000_1605036026_34_received
7b33_b9e6_0000_1605036036_35_received
791f_7b33_0000_1605036044_36_generated
dd55_791f_0000_1605036065_37_generated
9f38_dd55_0000_1605036088_38_generated
9bdd_9f38_0000_1605036110_39_received
4c46_9bdd_0000_1605036145_40_generated
d9dc_4c46_0000_1605036182_41_received
854d_d9dc_0000_1605036183_42_received
599a_854d_0000_1605036201_43_generated
4e98_599a_0000_1605036213_44_received
930e_4e98_0000_1605036219_45_received
22f2_930e_0000_1605036234_46_generated
1ee6_22f2_0000_1605036237_47_generated
bfba_1ee6_0000_1605036249_48_generated
61ba_bfba_0000_1605036261_49_generated
5baf_61ba_0000_1605036263_50_received
2c0b_5baf_0000_1605036272_51_generated
fc9d_5baf_0000_1605036271_51_received
729a_2c0b_0000_1605036280_52_generated
19eb_729a_0000_1605036316_53_received
