ece0_9e1c_0000_1607201755_1_received
99c0_ece0_0000_1607201780_2_received
1c4a_99c0_0000_1607201812_3_received
9d02_1c4a_0000_1607201820_4_received
98e3_9d02_0000_1607201831_5_received
e85e_98e3_0000_1607201837_6_received
27b9_e85e_0000_1607201844_7_received
0d7c_27b9_0000_1607201847_8_received
bfa9_0d7c_0000_1607201856_9_received
c1aa_bfa9_0000_1607201860_10_received
c33e_c1aa_0000_1607201866_11_received
6d4a_c33e_0000_1607201871_12_received
490b_6d4a_0000_1607201874_13_received
49eb_490b_0000_1607201882_14_received
9a0e_490b_0000_1607201883_14_received
c370_49eb_0000_1607201888_15_received
2454_c370_0000_1607201909_16_received
05a3_c370_0000_1607201910_16_received
512f_2454_0000_1607201938_17_received
44bb_512f_0000_1607201938_18_received
d539_44bb_0000_1607201958_19_received
abf1_d539_0000_1607201960_20_received
1b86_abf1_0000_1607201976_21_received
4c48_1b86_0000_1607201977_22_received
35e3_4c48_0000_1607202000_23_received
298b_35e3_0000_1607202009_24_received
43c6_298b_0000_1607202011_25_received
a9de_43c6_0000_1607202018_26_received
9fd0_a9de_0000_1607202032_27_received
836d_9fd0_0000_1607202038_28_received
8026_836d_0000_1607202042_29_received
265c_836d_0000_1607202041_29_received
b218_8026_0000_1607202053_30_received
e394_b218_0000_1607202060_31_received
e579_e394_0000_1607202060_32_received
dcb9_e579_0000_1607202073_33_received
a68e_dcb9_0000_1607202080_34_received
0f1e_a68e_0000_1607202083_35_received
0230_0f1e_0000_1607202094_36_received
8f7e_0230_0000_1607202101_37_received
7122_8f7e_0000_1607202106_38_generated
d81c_8f7e_0000_1607202107_38_received
562b_7122_0000_1607202120_39_received
5c89_562b_0000_1607202124_40_received
78ab_5c89_0000_1607202128_41_received
5edb_78ab_0000_1607202155_42_generated
2ea7_78ab_0000_1607202156_42_received
b6b0_5edb_0000_1607202163_43_generated
153b_5edb_0000_1607202162_43_received
f78c_153b_0000_1607202174_44_received
36bc_f78c_0000_1607202201_45_received
cd96_36bc_0000_1607202236_46_received
6658_cd96_0000_1607202239_47_received
9100_6658_0000_1607202264_48_received
77bd_9100_0000_1607202276_49_received
e84f_77bd_0000_1607202282_50_generated
1f4a_e84f_0000_1607202297_51_received
1b16_1f4a_0000_1607202320_52_received
2b30_1b16_0000_1607202323_53_received
ac57_2b30_0000_1607202327_54_received
a894_ac57_0000_1607202346_55_received
2e29_a894_0000_1607202347_56_received
b58c_ac57_0000_1607202349_55_received
9f20_2e29_0000_1607202357_57_received
defa_9f20_0000_1607202365_58_received
327e_defa_0000_1607202372_59_received
ab10_327e_0000_1607202396_60_received
0b78_ab10_0000_1607202401_61_generated
8899_ab10_0000_1607202402_61_received
3d86_8899_0000_1607202405_62_received
f3dd_8899_0000_1607202404_62_received
f0e5_f3dd_0000_1607202420_63_received
8e8f_f0e5_0000_1607202424_64_received
5862_f0e5_0000_1607202425_64_received
0976_8e8f_0000_1607202437_65_received
f9b2_0976_0000_1607202444_66_received
a74e_f9b2_0000_1607202464_67_received
07ab_a74e_0000_1607202467_68_received
4357_07ab_0000_1607202491_69_received
f706_4357_0000_1607202509_70_received
110d_f706_0000_1607202511_71_generated
5709_110d_0000_1607202517_72_received
f31f_110d_0000_1607202518_72_received
109f_f31f_0000_1607202547_73_received
c598_109f_0000_1607202562_74_received
71c8_c598_0000_1607202564_75_received
38da_71c8_0000_1607202564_76_received
46f5_38da_0000_1607202566_77_received
957f_46f5_0000_1607202581_78_received
69c0_957f_0000_1607202583_79_received
4fa7_69c0_0000_1607202592_80_received
bdcb_4fa7_0000_1607202599_81_received
aa90_bdcb_0000_1607202609_82_received
ce0a_aa90_0000_1607202611_83_received
2ec8_ce0a_0000_1607202630_84_received
cb39_2ec8_0000_1607202636_85_received
2a29_cb39_0000_1607202650_86_received
1ae4_2a29_0000_1607202675_87_received
b156_1ae4_0000_1607202689_88_received
4313_b156_0000_1607202689_89_received
a0ee_4313_0000_1607202693_90_generated
cf05_a0ee_0000_1607202725_91_received
225f_cf05_0000_1607202748_92_received
8952_225f_0000_1607202753_93_received
d504_8952_0000_1607202765_94_received
f0d4_d504_0000_1607202771_95_received
f3e7_f0d4_0000_1607202790_96_received
0783_f3e7_0000_1607202793_97_received
6296_f3e7_0000_1607202795_97_received
a345_0783_0000_1607202811_98_received
ed96_a345_0000_1607202828_99_received
6675_ed96_0000_1607202836_100_received
561a_6675_0000_1607202842_101_generated
4ec1_561a_0000_1607202845_102_received
da0c_4ec1_0000_1607202849_103_received
83c0_da0c_0000_1607202862_104_received
f393_83c0_0000_1607202864_105_received
360f_f393_0000_1607202874_106_received
db1c_360f_0000_1607202882_107_generated
d905_db1c_0000_1607202894_108_generated
13fd_d905_0000_1607202897_109_received
73c0_d905_0000_1607202899_109_received
f07d_13fd_0000_1607202924_110_received
