52f5_9e1c_0000_1607374692_1_received
6c96_52f5_0000_1607374702_2_generated
ba9e_6c96_0000_1607374708_3_received
2f64_ba9e_0000_1607374722_4_received
d7e8_2f64_0000_1607374742_5_received
8a5a_d7e8_0000_1607374769_6_received
a088_8a5a_0000_1607374772_7_received
5e2e_a088_0000_1607374793_8_received
5802_5e2e_0000_1607374802_9_received
9f34_5802_0000_1607374820_10_received
4a7e_9f34_0000_1607374845_11_received
629d_4a7e_0000_1607374849_12_received
5bc8_629d_0000_1607374859_13_received
e3fd_5bc8_0000_1607374864_14_received
2b81_e3fd_0000_1607374866_15_generated
78b7_2b81_0000_1607374879_16_generated
b399_78b7_0000_1607374898_17_received
4314_b399_0000_1607374903_18_generated
5a3e_b399_0000_1607374904_18_received
59ad_5a3e_0000_1607374909_19_received
0223_59ad_0000_1607374910_20_received
1420_0223_0000_1607374917_21_received
83e4_1420_0000_1607374920_22_received
2b01_83e4_0000_1607374923_23_received
7504_2b01_0000_1607374934_24_received
b970_7504_0000_1607374945_25_received
9a2d_b970_0000_1607374956_26_received
38f0_9a2d_0000_1607374957_27_received
4a53_38f0_0000_1607374959_28_received
22dc_4a53_0000_1607374981_29_received
0e0b_22dc_0000_1607375000_30_received
3570_0e0b_0000_1607375007_31_received
6e4e_3570_0000_1607375009_32_received
6552_6e4e_0000_1607375017_33_received
befe_6e4e_0000_1607375018_33_received
a006_6552_0000_1607375022_34_generated
6bd0_a006_0000_1607375053_35_received
e440_6bd0_0000_1607375077_36_received
e7bc_e440_0000_1607375090_37_received
adfc_e7bc_0000_1607375103_38_received
5992_adfc_0000_1607375106_39_received
580f_5992_0000_1607375134_40_received
dbd5_580f_0000_1607375137_41_received
83e0_dbd5_0000_1607375139_42_generated
e0f8_83e0_0000_1607375148_43_received
438e_e0f8_0000_1607375152_44_received
1086_438e_0000_1607375160_45_received
0a1d_1086_0000_1607375186_46_received
1e1e_0a1d_0000_1607375190_47_received
566b_1e1e_0000_1607375195_48_received
e13a_566b_0000_1607375199_49_received
84a5_e13a_0000_1607375224_50_received
a1e5_84a5_0000_1607375233_51_received
3068_a1e5_0000_1607375239_52_received
d64b_3068_0000_1607375246_53_received
bd2e_d64b_0000_1607375254_54_received
2f37_bd2e_0000_1607375265_55_received
5933_2f37_0000_1607375276_56_received
d503_5933_0000_1607375279_57_received
e492_d503_0000_1607375284_58_received
83e2_e492_0000_1607375292_59_received
eff2_83e2_0000_1607375294_60_received
e176_eff2_0000_1607375302_61_received
7746_e176_0000_1607375308_62_received
a6b9_7746_0000_1607375318_63_received
ab3c_a6b9_0000_1607375320_64_received
72a3_ab3c_0000_1607375361_65_received
0a6f_72a3_0000_1607375392_66_received
6b65_0a6f_0000_1607375436_67_received
cbd0_6b65_0000_1607375441_68_received
0585_cbd0_0000_1607375447_69_received
79ba_0585_0000_1607375484_70_received
98f6_79ba_0000_1607375494_71_received
34ad_98f6_0000_1607375497_72_received
b86a_34ad_0000_1607375533_73_received
c7ae_b86a_0000_1607375534_74_received
b229_c7ae_0000_1607375549_75_generated
4945_b229_0000_1607375552_76_received
4987_4945_0000_1607375555_77_received
cb1f_4987_0000_1607375582_78_received
8d88_cb1f_0000_1607375595_79_received
c168_8d88_0000_1607375600_80_received
4f8e_c168_0000_1607375615_81_received
0a8d_4f8e_0000_1607375628_82_received
04a1_0a8d_0000_1607375648_83_received
2a47_04a1_0000_1607375658_84_received
0872_2a47_0000_1607375666_85_received
878f_0872_0000_1607375670_86_received
7264_878f_0000_1607375688_87_received
5193_7264_0000_1607375693_88_received
bac1_5193_0000_1607375695_89_received
047f_bac1_0000_1607375725_90_received
67b8_047f_0000_1607375728_91_received
398b_67b8_0000_1607375734_92_received
f506_398b_0000_1607375740_93_received
f35c_f506_0000_1607375743_94_received
7720_f35c_0000_1607375777_95_received
428f_7720_0000_1607375783_96_received
a5b9_428f_0000_1607375818_97_received
0f71_a5b9_0000_1607375821_98_received
ba96_0f71_0000_1607375872_99_generated
