b320_9e1c_0000_1604994133_1_generated
3243_b320_0000_1604994136_2_generated
9728_b320_0000_1604994137_2_received
4179_9728_0000_1604994146_3_received
decd_4179_0000_1604994148_4_received
b07a_decd_0000_1604994152_5_received
707b_b07a_0000_1604994159_6_generated
e5aa_707b_0000_1604994165_7_generated
ba64_e5aa_0000_1604994165_8_generated
047b_707b_0000_1604994164_7_received
c292_ba64_0000_1604994171_9_received
0966_c292_0000_1604994178_10_received
bb3a_0966_0000_1604994184_11_received
7206_bb3a_0000_1604994190_12_received
a928_7206_0000_1604994196_13_generated
f377_a928_0000_1604994198_14_generated
65ef_a928_0000_1604994200_14_received
1f32_65ef_0000_1604994208_15_received
71f5_1f32_0000_1604994212_16_received
0a3b_71f5_0000_1604994215_17_received
d9ff_0a3b_0000_1604994219_18_generated
0e5b_d9ff_0000_1604994220_19_generated
d107_0e5b_0000_1604994226_20_received
b30d_d107_0000_1604994228_21_generated
6324_b30d_0000_1604994241_22_received
5a48_6324_0000_1604994247_23_generated
7472_5a48_0000_1604994248_24_generated
88fc_7472_0000_1604994264_25_generated
8fc6_88fc_0000_1604994265_26_generated
204f_8fc6_0000_1604994278_27_received
31b7_204f_0000_1604994286_28_received
3e93_31b7_0000_1604994295_29_received
6391_3e93_0000_1604994298_30_generated
219c_3e93_0000_1604994300_30_received
61ab_6391_0000_1604994308_31_generated
ec75_61ab_0000_1604994311_32_generated
7a77_ec75_0000_1604994316_33_generated
4599_7a77_0000_1604994323_34_received
9c0a_4599_0000_1604994328_35_received
4ee4_9c0a_0000_1604994348_36_generated
468d_4ee4_0000_1604994350_37_received
6114_468d_0000_1604994361_38_received
5232_6114_0000_1604994363_39_received
2166_5232_0000_1604994377_40_received
6c31_2166_0000_1604994392_41_generated
2b04_2166_0000_1604994391_41_received
c0c5_2b04_0000_1604994393_42_received
e735_c0c5_0000_1604994397_43_generated
d639_e735_0000_1604994399_44_generated
c036_d639_0000_1604994399_45_generated
26df_c036_0000_1604994405_46_received
a047_26df_0000_1604994409_47_generated
6184_a047_0000_1604994420_48_received
4f62_6184_0000_1604994425_49_generated
1a07_4f62_0000_1604994432_50_received
d629_1a07_0000_1604994432_51_received
ee23_d629_0000_1604994447_52_generated
b68c_ee23_0000_1604994452_53_received
7081_b68c_0000_1604994457_54_received
1f72_7081_0000_1604994466_55_received
0c7b_1f72_0000_1604994473_56_received
1888_1f72_0000_1604994474_56_received
790c_0c7b_0000_1604994483_57_generated
52e2_1888_0000_1604994485_57_received
c41c_52e2_0000_1604994486_58_received
cb77_c41c_0000_1604994501_59_received
aaf9_cb77_0000_1604994504_60_generated
a8c7_aaf9_0000_1604994510_61_generated
aae1_a8c7_0000_1604994512_62_generated
9e34_aae1_0000_1604994525_63_received
a138_9e34_0000_1604994526_64_received
3f00_a138_0000_1604994542_65_received
f15e_3f00_0000_1604994545_66_generated
ed3e_f15e_0000_1604994545_67_generated
9dae_ed3e_0000_1604994546_68_generated
d409_9dae_0000_1604994553_69_generated
8e27_9dae_0000_1604994551_69_received
3d3d_d409_0000_1604994557_70_generated
71cc_3d3d_0000_1604994576_71_generated
183f_71cc_0000_1604994582_72_generated
bc49_183f_0000_1604994596_73_generated
59af_bc49_0000_1604994605_74_received
1313_59af_0000_1604994612_75_received
aba0_1313_0000_1604994618_76_generated
0ae6_aba0_0000_1604994625_77_received
8647_0ae6_0000_1604994650_78_generated
da22_8647_0000_1604994652_79_received
5e8a_da22_0000_1604994658_80_generated
70fa_da22_0000_1604994659_80_received
016b_70fa_0000_1604994661_81_received
be7e_016b_0000_1604994664_82_received
901c_be7e_0000_1604994673_83_generated
be97_be7e_0000_1604994674_83_received
96cf_be97_0000_1604994686_84_received
2842_96cf_0000_1604994696_85_received
467a_2842_0000_1604994710_86_generated
6975_467a_0000_1604994716_87_received
7448_6975_0000_1604994720_88_generated
d673_7448_0000_1604994720_89_generated
8ae1_467a_0000_1604994718_87_received
5d19_d673_0000_1604994727_90_received
ba80_5d19_0000_1604994729_91_received
5081_ba80_0000_1604994736_92_received
6530_5081_0000_1604994743_93_generated
c96f_6530_0000_1604994758_94_generated
8bff_c96f_0000_1604994765_95_generated
007b_c96f_0000_1604994766_95_received
b0a1_007b_0000_1604994773_96_received
fcb0_b0a1_0000_1604994788_97_received
0d93_fcb0_0000_1604994792_98_received
fceb_fcb0_0000_1604994794_98_received
39fc_0d93_0000_1604994814_99_received
599a_39fc_0000_1604994816_100_generated
2820_599a_0000_1604994822_101_received
9335_2820_0000_1604994825_102_received
9164_9335_0000_1604994830_103_generated
de81_9164_0000_1604994833_104_received
3d56_de81_0000_1604994834_105_received
543a_3d56_0000_1604994837_106_received
3e8d_543a_0000_1604994844_107_received
a7fa_3e8d_0000_1604994846_108_received
