d86d_9e1c_0000_1607387905_1_received
67da_d86d_0000_1607387916_2_received
3fef_67da_0000_1607387928_3_received
bb80_3fef_0000_1607387931_4_received
e29e_bb80_0000_1607387932_5_received
7054_e29e_0000_1607387935_6_received
c50d_7054_0000_1607387953_7_received
6207_c50d_0000_1607387980_8_received
7141_6207_0000_1607387982_9_received
7c92_7141_0000_1607387986_10_received
4843_7c92_0000_1607387990_11_received
4d4e_4843_0000_1607388005_12_received
e5f1_4d4e_0000_1607388006_13_received
20d7_e5f1_0000_1607388008_14_received
79e3_20d7_0000_1607388028_15_received
0925_79e3_0000_1607388035_16_received
2d9c_0925_0000_1607388038_17_received
f2d6_2d9c_0000_1607388061_18_received
61d8_f2d6_0000_1607388071_19_received
ab17_61d8_0000_1607388074_20_received
ac85_ab17_0000_1607388075_21_received
088a_ac85_0000_1607388079_22_received
c132_088a_0000_1607388081_23_received
43d2_c132_0000_1607388095_24_received
05f5_43d2_0000_1607388117_25_received
adbc_05f5_0000_1607388134_26_received
3bbd_adbc_0000_1607388136_27_received
3c60_3bbd_0000_1607388140_28_received
c0ba_3c60_0000_1607388149_29_received
28b1_c0ba_0000_1607388154_30_received
c964_28b1_0000_1607388180_31_received
885b_c964_0000_1607388182_32_received
9b22_885b_0000_1607388191_33_received
241c_9b22_0000_1607388213_34_received
a11e_9b22_0000_1607388214_34_received
3494_241c_0000_1607388220_35_received
1809_3494_0000_1607388233_36_received
ee89_1809_0000_1607388257_37_received
7e36_ee89_0000_1607388267_38_received
1144_7e36_0000_1607388269_39_received
c9ad_1144_0000_1607388278_40_received
43c3_c9ad_0000_1607388280_41_received
e917_43c3_0000_1607388289_42_received
d7dc_e917_0000_1607388291_43_received
490c_d7dc_0000_1607388292_44_received
ca4f_490c_0000_1607388296_45_received
19dc_ca4f_0000_1607388301_46_received
3030_19dc_0000_1607388305_47_received
95b3_3030_0000_1607388313_48_received
b475_95b3_0000_1607388333_49_received
f3f5_b475_0000_1607388352_50_received
b36d_f3f5_0000_1607388359_51_received
ebb4_b36d_0000_1607388368_52_received
5814_ebb4_0000_1607388383_53_received
9af1_5814_0000_1607388402_54_received
c722_9af1_0000_1607388404_55_received
9e01_c722_0000_1607388409_56_received
df04_9e01_0000_1607388412_57_received
dcef_df04_0000_1607388432_58_received
7c27_dcef_0000_1607388434_59_received
bee2_7c27_0000_1607388441_60_received
8f38_bee2_0000_1607388459_61_received
