0cd2_9e1c_0000_1605045044_1_received
1015_0cd2_0000_1605045048_2_generated
c1eb_1015_0000_1605045049_3_received
9166_c1eb_0000_1605045050_4_generated
1275_9166_0000_1605045054_5_received
be65_9166_0000_1605045055_5_received
aea3_1275_0000_1605045058_6_received
0028_aea3_0000_1605045061_7_received
7a09_0028_0000_1605045063_8_received
5abc_7a09_0000_1605045065_9_received
03cb_5abc_0000_1605045068_10_received
24c0_03cb_0000_1605045071_11_received
5490_24c0_0000_1605045073_12_received
8195_03cb_0000_1605045073_11_received
f7b9_8195_0000_1605045074_12_received
f0dd_5490_0000_1605045076_13_received
60bc_f0dd_0000_1605045084_14_received
c3be_60bc_0000_1605045086_15_received
7f12_60bc_0000_1605045088_15_received
85ba_c3be_0000_1605045099_16_generated
478e_c3be_0000_1605045100_16_received
5c62_85ba_0000_1605045107_17_generated
6a58_5c62_0000_1605045109_18_received
a6dc_6a58_0000_1605045113_19_received
dd2d_6a58_0000_1605045114_19_received
b655_a6dc_0000_1605045117_20_received
25e2_a6dc_0000_1605045118_20_received
c54a_b655_0000_1605045120_21_received
a07e_c54a_0000_1605045126_22_received
8573_c54a_0000_1605045127_22_received
b4d8_a07e_0000_1605045128_23_received
c413_a07e_0000_1605045129_23_received
a697_b4d8_0000_1605045131_24_received
9692_a697_0000_1605045136_25_received
d26e_9692_0000_1605045138_26_received
3632_d26e_0000_1605045139_27_received
4b23_3632_0000_1605045141_28_received
977d_4b23_0000_1605045144_29_received
4cab_977d_0000_1605045147_30_received
c0b1_977d_0000_1605045149_30_received
4c7f_c0b1_0000_1605045149_31_received
24ec_4cab_0000_1605045150_31_received
491a_4c7f_0000_1605045151_32_received
6fb7_491a_0000_1605045153_33_received
6492_6fb7_0000_1605045153_34_received
dd11_6492_0000_1605045154_35_received
555e_6fb7_0000_1605045155_34_received
b8ae_dd11_0000_1605045165_36_generated
c7fa_b8ae_0000_1605045168_37_received
37ea_c7fa_0000_1605045171_38_generated
1ca5_c7fa_0000_1605045170_38_received
ef56_1ca5_0000_1605045171_39_received
d4ea_ef56_0000_1605045174_40_received
e8bc_d4ea_0000_1605045180_41_received
7b4b_d4ea_0000_1605045181_41_received
619c_e8bc_0000_1605045184_42_received
f87f_e8bc_0000_1605045185_42_received
b5d7_f87f_0000_1605045186_43_received
341a_b5d7_0000_1605045187_44_received
3c09_619c_0000_1605045188_43_received
ebd1_341a_0000_1605045190_45_received
f11a_ebd1_0000_1605045191_46_received
b4a8_f11a_0000_1605045198_47_received
75f4_f11a_0000_1605045199_47_received
1c46_b4a8_0000_1605045203_48_received
48ee_1c46_0000_1605045205_49_generated
e1cb_b4a8_0000_1605045204_48_received
99c2_48ee_0000_1605045213_50_received
438b_48ee_0000_1605045214_50_received
e7e3_99c2_0000_1605045221_51_received
76f8_e7e3_0000_1605045222_52_received
0383_99c2_0000_1605045222_51_received
0eb7_76f8_0000_1605045224_53_received
9ca9_0eb7_0000_1605045230_54_received
7d27_0eb7_0000_1605045231_54_received
0cf9_0eb7_0000_1605045232_54_received
1481_9ca9_0000_1605045235_55_received
e87b_1481_0000_1605045242_56_received
359d_1481_0000_1605045243_56_received
c728_359d_0000_1605045244_57_received
90b2_c728_0000_1605045246_58_received
c6fb_90b2_0000_1605045248_59_received
51f8_c6fb_0000_1605045252_60_received
db46_51f8_0000_1605045255_61_received
0f60_db46_0000_1605045258_62_received
ae4c_0f60_0000_1605045259_63_received
d165_ae4c_0000_1605045260_64_received
0f4f_d165_0000_1605045263_65_received
170b_0f4f_0000_1605045266_66_generated
ac8c_0f4f_0000_1605045265_66_received
8bef_170b_0000_1605045270_67_generated
adf2_ac8c_0000_1605045270_67_received
ab3c_170b_0000_1605045271_67_received
99c0_adf2_0000_1605045272_68_received
cd3c_adf2_0000_1605045273_68_received
1e41_99c0_0000_1605045280_69_received
7597_1e41_0000_1605045281_70_received
45cf_7597_0000_1605045284_71_received
e453_45cf_0000_1605045287_72_received
974b_e453_0000_1605045291_73_received
f446_974b_0000_1605045291_74_received
4fd6_f446_0000_1605045296_75_generated
26dc_4fd6_0000_1605045299_76_received
a751_26dc_0000_1605045301_77_received
93b6_a751_0000_1605045303_78_received
9b29_93b6_0000_1605045306_79_received
8f1d_9b29_0000_1605045308_80_received
50a8_8f1d_0000_1605045315_81_received
cca0_50a8_0000_1605045317_82_received
de01_cca0_0000_1605045320_83_received
a7f7_de01_0000_1605045324_84_received
5a59_a7f7_0000_1605045329_85_received
5d26_5a59_0000_1605045331_86_received
5662_5d26_0000_1605045333_87_received
4531_5662_0000_1605045336_88_generated
a440_4531_0000_1605045340_89_received
56ba_a440_0000_1605045342_90_received
bd7e_56ba_0000_1605045348_91_received
449b_bd7e_0000_1605045355_92_generated
17a5_449b_0000_1605045361_93_received
4d5f_17a5_0000_1605045363_94_generated
f4f5_17a5_0000_1605045362_94_received
0960_4d5f_0000_1605045365_95_received
4dad_0960_0000_1605045379_96_received
5631_4dad_0000_1605045379_97_received
e26c_0960_0000_1605045380_96_received
5a01_5631_0000_1605045382_98_received
0c42_5631_0000_1605045383_98_received
298a_5a01_0000_1605045385_99_generated
9215_5a01_0000_1605045386_99_received
f313_298a_0000_1605045394_100_received
e08b_f313_0000_1605045401_101_received
4a39_e08b_0000_1605045404_102_received
60b5_e08b_0000_1605045406_102_received
a125_4a39_0000_1605045407_103_received
5159_a125_0000_1605045409_104_received
9a76_5159_0000_1605045416_105_received
5d17_9a76_0000_1605045425_106_received
96bf_9a76_0000_1605045426_106_received
47f4_9a76_0000_1605045427_106_received
18b4_47f4_0000_1605045432_107_received
85ef_5d17_0000_1605045433_107_received
e80f_18b4_0000_1605045436_108_received
12a6_e80f_0000_1605045441_109_received
3e32_e80f_0000_1605045442_109_received
b479_12a6_0000_1605045446_110_received
c517_b479_0000_1605045447_111_received
f879_c517_0000_1605045449_112_received
751d_f879_0000_1605045451_113_received
e924_f879_0000_1605045452_113_received
6772_751d_0000_1605045453_114_received
a4ac_6772_0000_1605045454_115_received
05a8_a4ac_0000_1605045461_116_received
e6d3_a4ac_0000_1605045463_116_received
c0e9_e6d3_0000_1605045463_117_received
9086_05a8_0000_1605045465_117_received
1901_c0e9_0000_1605045467_118_received
ec1c_1901_0000_1605045475_119_received
5efa_1901_0000_1605045476_119_received
edde_5efa_0000_1605045477_120_received
e1b4_edde_0000_1605045479_121_generated
7d97_edde_0000_1605045480_121_received
d980_7d97_0000_1605045486_122_received
24c2_d980_0000_1605045487_123_received
5287_e1b4_0000_1605045487_122_received
e7b7_24c2_0000_1605045490_124_received
a2b1_e7b7_0000_1605045494_125_received
845a_a2b1_0000_1605045501_126_received
39a3_a2b1_0000_1605045502_126_received
ce35_a2b1_0000_1605045503_126_received
d446_845a_0000_1605045509_127_received
3219_d446_0000_1605045511_128_received
3554_3219_0000_1605045514_129_received
2822_3554_0000_1605045515_130_received
ad74_2822_0000_1605045521_131_received
b9e6_2822_0000_1605045522_131_received
7ae5_ad74_0000_1605045528_132_received
e357_7ae5_0000_1605045532_133_received
72bd_e357_0000_1605045534_134_received
1b1f_72bd_0000_1605045538_135_received
5414_72bd_0000_1605045539_135_received
1f41_5414_0000_1605045546_136_received
d660_1b1f_0000_1605045549_136_received
7864_d660_0000_1605045551_137_received
8f8a_1f41_0000_1605045552_137_received
fa3c_7864_0000_1605045557_138_generated
70aa_fa3c_0000_1605045561_139_received
dea1_70aa_0000_1605045567_140_received
a2bc_70aa_0000_1605045568_140_received
a8dd_dea1_0000_1605045570_141_received
49ba_a8dd_0000_1605045571_142_received
51af_dea1_0000_1605045572_141_received
7e57_49ba_0000_1605045572_143_received
79be_49ba_0000_1605045574_143_received
5eb6_7e57_0000_1605045578_144_received
19ba_5eb6_0000_1605045579_145_received
f9d3_19ba_0000_1605045584_146_received
5ef4_19ba_0000_1605045585_146_received
b525_5ef4_0000_1605045586_147_received
c424_f9d3_0000_1605045586_147_received
260e_b525_0000_1605045588_148_received
a86f_260e_0000_1605045589_149_received
2777_a86f_0000_1605045592_150_received
8594_a86f_0000_1605045593_150_received
f6f0_2777_0000_1605045596_151_received
1d29_f6f0_0000_1605045598_152_received
925a_f6f0_0000_1605045601_152_received
02e5_1d29_0000_1605045602_153_received
6848_1d29_0000_1605045603_153_received
7bf5_02e5_0000_1605045606_154_received
9099_02e5_0000_1605045607_154_received
a470_7bf5_0000_1605045613_155_generated
9fe4_7bf5_0000_1605045612_155_received
4285_9099_0000_1605045613_155_received
b98b_7bf5_0000_1605045614_155_received
63a0_9fe4_0000_1605045616_156_received
3026_63a0_0000_1605045617_157_received
0e8b_3026_0000_1605045622_158_received
a50a_0e8b_0000_1605045628_159_received
de93_a50a_0000_1605045632_160_received
3251_de93_0000_1605045636_161_received
a9d6_3251_0000_1605045638_162_received
9f77_3251_0000_1605045639_162_received
b842_3251_0000_1605045640_162_received
a8e4_a9d6_0000_1605045642_163_received
dd49_a8e4_0000_1605045647_164_received
dd8d_dd49_0000_1605045649_165_received
6fb8_dd49_0000_1605045651_165_received
bfc7_dd8d_0000_1605045654_166_received
18cd_bfc7_0000_1605045659_167_received
a2ba_18cd_0000_1605045660_168_received
5f05_a2ba_0000_1605045661_169_received
3795_bfc7_0000_1605045661_167_received
dbdf_5f05_0000_1605045664_170_received
f202_dbdf_0000_1605045670_171_generated
552b_dbdf_0000_1605045671_171_received
b57c_552b_0000_1605045673_172_received
bc56_f202_0000_1605045674_172_received
af0f_b57c_0000_1605045677_173_received
2845_b57c_0000_1605045679_173_received
1f3b_af0f_0000_1605045681_174_received
e7f7_1f3b_0000_1605045682_175_received
663c_e7f7_0000_1605045686_176_received
911f_663c_0000_1605045699_177_received
974d_911f_0000_1605045701_178_received
4118_911f_0000_1605045702_178_received
f599_4118_0000_1605045707_179_received
f86d_974d_0000_1605045707_179_received
8014_f86d_0000_1605045709_180_received
4388_f599_0000_1605045711_180_received
e5a0_8014_0000_1605045714_181_received
27db_4388_0000_1605045715_181_received
a6dd_e5a0_0000_1605045723_182_generated
61ae_e5a0_0000_1605045724_182_received
5674_a6dd_0000_1605045726_183_received
337e_a6dd_0000_1605045727_183_received
df41_5674_0000_1605045735_184_received
a696_5674_0000_1605045736_184_received
8c47_df41_0000_1605045738_185_received
ad86_8c47_0000_1605045742_186_received
c7ed_ad86_0000_1605045743_187_received
e828_8c47_0000_1605045743_186_received
0502_e828_0000_1605045744_187_received
f6fa_c7ed_0000_1605045751_188_received
b959_f6fa_0000_1605045753_189_received
2ea3_f6fa_0000_1605045755_189_received
decc_b959_0000_1605045756_190_received
