ef15_9e1c_0000_1605042153_1_received
786f_ef15_0000_1605042158_2_generated
5f6c_786f_0000_1605042167_3_received
7b1c_5f6c_0000_1605042170_4_received
9483_7b1c_0000_1605042173_5_received
b245_9483_0000_1605042175_6_received
fffd_b245_0000_1605042177_7_received
ceaf_fffd_0000_1605042179_8_generated
5932_fffd_0000_1605042181_8_received
0c8b_ceaf_0000_1605042188_9_generated
aabb_0c8b_0000_1605042202_10_received
dcb4_aabb_0000_1605042205_11_received
f0da_dcb4_0000_1605042210_12_received
166e_dcb4_0000_1605042211_12_received
e760_166e_0000_1605042217_13_received
067c_e760_0000_1605042228_14_received
dc82_067c_0000_1605042234_15_received
eec5_dc82_0000_1605042242_16_received
9f9c_eec5_0000_1605042250_17_received
ef72_9f9c_0000_1605042256_18_received
54a9_ef72_0000_1605042257_19_received
6cdc_54a9_0000_1605042258_20_received
0993_6cdc_0000_1605042265_21_received
f951_6cdc_0000_1605042266_21_received
a6d5_f951_0000_1605042270_22_received
a020_a6d5_0000_1605042270_23_received
4967_a020_0000_1605042275_24_received
e1e1_4967_0000_1605042277_25_received
b037_e1e1_0000_1605042284_26_generated
9dd6_b037_0000_1605042286_27_received
748d_9dd6_0000_1605042300_28_received
2ea2_748d_0000_1605042303_29_received
58b3_2ea2_0000_1605042305_30_received
0b51_58b3_0000_1605042319_31_received
5e32_0b51_0000_1605042323_32_received
78a0_0b51_0000_1605042322_32_received
58b9_78a0_0000_1605042325_33_received
d645_58b9_0000_1605042331_34_received
b909_58b9_0000_1605042332_34_received
df9b_d645_0000_1605042332_35_received
6b60_df9b_0000_1605042350_36_received
d5b3_6b60_0000_1605042356_37_received
ccfa_d5b3_0000_1605042363_38_received
c625_ccfa_0000_1605042373_39_received
1521_c625_0000_1605042385_40_received
f8dd_1521_0000_1605042392_41_received
f295_f8dd_0000_1605042394_42_received
a6dc_f8dd_0000_1605042395_42_received
ded0_a6dc_0000_1605042399_43_received
b8eb_ded0_0000_1605042408_44_received
d7c2_ded0_0000_1605042409_44_received
0681_b8eb_0000_1605042414_45_received
c01c_0681_0000_1605042417_46_received
4ead_c01c_0000_1605042429_47_received
0e1a_4ead_0000_1605042429_48_received
d5c4_0e1a_0000_1605042432_49_received
efbc_d5c4_0000_1605042435_50_received
f4f8_efbc_0000_1605042441_51_received
825a_f4f8_0000_1605042445_52_received
6120_825a_0000_1605042460_53_received
b75b_825a_0000_1605042462_53_received
6376_6120_0000_1605042466_54_generated
d1d3_6120_0000_1605042467_54_received
32c6_6376_0000_1605042471_55_received
8e36_32c6_0000_1605042476_56_received
0cf2_8e36_0000_1605042480_57_received
8fd9_8e36_0000_1605042481_57_received
1ce5_0cf2_0000_1605042486_58_received
fe35_1ce5_0000_1605042489_59_received
596a_1ce5_0000_1605042490_59_received
f2c8_fe35_0000_1605042491_60_received
e89e_f2c8_0000_1605042495_61_received
1bb4_e89e_0000_1605042503_62_received
d431_1bb4_0000_1605042506_63_received
1057_d431_0000_1605042509_64_generated
c910_1057_0000_1605042509_65_generated
17e0_1057_0000_1605042512_65_received
f022_c910_0000_1605042518_66_received
c9be_f022_0000_1605042525_67_received
d071_c9be_0000_1605042529_68_generated
69c1_d071_0000_1605042529_69_generated
f39e_69c1_0000_1605042535_70_received
f01b_f39e_0000_1605042541_71_received
1825_f01b_0000_1605042543_72_generated
f01c_f01b_0000_1605042542_72_received
b29b_f01c_0000_1605042545_73_received
0852_b29b_0000_1605042548_74_received
f476_b29b_0000_1605042550_74_received
6bc0_0852_0000_1605042565_75_received
7cea_f476_0000_1605042565_75_received
28fe_7cea_0000_1605042566_76_received
4f42_28fe_0000_1605042576_77_received
85fb_28fe_0000_1605042577_77_received
7289_4f42_0000_1605042600_78_generated
4b15_4f42_0000_1605042598_78_received
6380_4b15_0000_1605042600_79_received
9610_6380_0000_1605042602_80_received
f6b3_9610_0000_1605042607_81_received
e28a_f6b3_0000_1605042610_82_received
feac_e28a_0000_1605042615_83_received
0c45_feac_0000_1605042625_84_received
510f_0c45_0000_1605042630_85_received
b4cc_510f_0000_1605042630_86_received
d168_b4cc_0000_1605042635_87_received
1081_d168_0000_1605042640_88_received
8ed6_1081_0000_1605042648_89_received
ff21_8ed6_0000_1605042649_90_received
f886_ff21_0000_1605042653_91_received
c72a_ff21_0000_1605042652_91_received
f82b_c72a_0000_1605042654_92_received
d905_f82b_0000_1605042658_93_received
29c1_d905_0000_1605042666_94_received
7053_29c1_0000_1605042674_95_received
e996_7053_0000_1605042682_96_received
bcda_e996_0000_1605042685_97_received
76ef_bcda_0000_1605042689_98_received
a03e_76ef_0000_1605042704_99_received
a35d_76ef_0000_1605042706_99_received
5e7d_a03e_0000_1605042707_100_received
d88a_5e7d_0000_1605042709_101_received
cde6_a03e_0000_1605042708_100_received
44a1_d88a_0000_1605042715_102_received
b033_44a1_0000_1605042721_103_received
bdcd_b033_0000_1605042725_104_received
d7da_bdcd_0000_1605042731_105_received
3674_d7da_0000_1605042734_106_received
717d_3674_0000_1605042738_107_received
93dd_717d_0000_1605042742_108_generated
e6b3_717d_0000_1605042740_108_received
9d52_e6b3_0000_1605042745_109_received
eec0_9d52_0000_1605042748_110_received
8634_9d52_0000_1605042750_110_received
7449_8634_0000_1605042757_111_received
438e_7449_0000_1605042764_112_received
2dee_438e_0000_1605042768_113_received
342e_2dee_0000_1605042776_114_received
5b0d_342e_0000_1605042779_115_generated
40cc_5b0d_0000_1605042783_116_received
e114_40cc_0000_1605042790_117_received
e8d0_40cc_0000_1605042791_117_received
24de_e114_0000_1605042796_118_received
035c_24de_0000_1605042804_119_received
2867_035c_0000_1605042807_120_received
badf_2867_0000_1605042810_121_received
d159_badf_0000_1605042818_122_received
124a_badf_0000_1605042819_122_received
3425_d159_0000_1605042827_123_received
2aea_3425_0000_1605042831_124_received
06f6_2aea_0000_1605042835_125_generated
d3dd_2aea_0000_1605042833_125_received
0efc_d3dd_0000_1605042837_126_received
57c8_0efc_0000_1605042842_127_received
7a35_57c8_0000_1605042843_128_received
0773_57c8_0000_1605042844_128_received
6379_7a35_0000_1605042848_129_received
7d17_6379_0000_1605042871_130_received
