b870_9e1c_0000_1607174408_1_generated
5300_b870_0000_1607174412_2_received
8e72_5300_0000_1607174414_3_received
1378_8e72_0000_1607174416_4_received
9844_1378_0000_1607174419_5_received
3253_9844_0000_1607174421_6_received
14f5_3253_0000_1607174422_7_received
f02f_14f5_0000_1607174427_8_received
cdf7_f02f_0000_1607174427_9_received
a1bb_cdf7_0000_1607174427_10_received
237e_14f5_0000_1607174428_8_received
2d0b_237e_0000_1607174428_9_received
9a1c_2d0b_0000_1607174428_10_received
141b_a1bb_0000_1607174428_11_received
c582_141b_0000_1607174430_12_generated
64fd_c582_0000_1607174435_13_received
0d30_64fd_0000_1607174435_14_received
b5e7_0d30_0000_1607174436_15_received
ead4_64fd_0000_1607174436_14_received
91f0_ead4_0000_1607174436_15_received
2b2e_b5e7_0000_1607174438_16_received
5995_2b2e_0000_1607174441_17_received
30eb_5995_0000_1607174442_18_received
dc3a_30eb_0000_1607174444_19_received
6128_dc3a_0000_1607174445_20_received
065b_6128_0000_1607174445_21_received
10df_065b_0000_1607174446_22_received
ee2b_065b_0000_1607174447_22_received
ed1e_10df_0000_1607174447_23_received
3f81_ed1e_0000_1607174449_24_received
ccaf_3f81_0000_1607174451_25_received
fc35_ccaf_0000_1607174453_26_received
4ed5_fc35_0000_1607174456_27_received
452c_4ed5_0000_1607174463_28_received
4994_452c_0000_1607174467_29_received
0653_4994_0000_1607174467_30_received
c3a6_452c_0000_1607174468_29_received
f6dc_c3a6_0000_1607174468_30_received
1f59_f6dc_0000_1607174468_31_received
3e03_1f59_0000_1607174471_32_received
321b_3e03_0000_1607174471_33_received
53e1_321b_0000_1607174471_34_received
6652_53e1_0000_1607174473_35_received
20e1_6652_0000_1607174478_36_received
6680_6652_0000_1607174479_36_received
f7ab_6680_0000_1607174480_37_received
5f27_20e1_0000_1607174480_37_received
9236_f7ab_0000_1607174481_38_received
fb70_9236_0000_1607174483_39_received
94d4_fb70_0000_1607174484_40_received
9a87_94d4_0000_1607174485_41_received
d642_9a87_0000_1607174486_42_received
eba7_d642_0000_1607174486_43_received
23d8_eba7_0000_1607174486_44_received
3129_23d8_0000_1607174487_45_received
94d3_eba7_0000_1607174487_44_received
7923_3129_0000_1607174489_46_received
5b45_7923_0000_1607174489_47_received
ca4f_5b45_0000_1607174491_48_received
df95_ca4f_0000_1607174492_49_received
5653_df95_0000_1607174492_50_received
936e_5653_0000_1607174493_51_received
4905_df95_0000_1607174493_50_received
f07b_936e_0000_1607174493_52_received
eb5d_f07b_0000_1607174495_53_received
1f6e_eb5d_0000_1607174500_54_received
d28a_1f6e_0000_1607174500_55_received
9cbb_d28a_0000_1607174504_56_received
ab29_9cbb_0000_1607174508_57_received
e4a2_ab29_0000_1607174513_58_received
0724_e4a2_0000_1607174514_59_received
51a7_0724_0000_1607174517_60_received
65d2_51a7_0000_1607174518_61_received
d3f6_51a7_0000_1607174519_61_received
80d4_65d2_0000_1607174523_62_received
4126_d3f6_0000_1607174523_62_received
1aac_4126_0000_1607174527_63_received
480c_1aac_0000_1607174527_64_received
564f_480c_0000_1607174530_65_received
1b10_564f_0000_1607174531_66_received
fab0_1b10_0000_1607174533_67_received
7705_fab0_0000_1607174534_68_received
4758_7705_0000_1607174537_69_received
cb10_4758_0000_1607174537_70_received
122e_cb10_0000_1607174538_71_received
1a45_122e_0000_1607174541_72_received
7c05_122e_0000_1607174542_72_received
0bb7_1a45_0000_1607174543_73_received
2c90_0bb7_0000_1607174545_74_received
c445_2c90_0000_1607174549_75_received
4a34_c445_0000_1607174549_76_received
13bf_4a34_0000_1607174551_77_received
63f5_13bf_0000_1607174553_78_generated
b3c4_63f5_0000_1607174553_79_received
cd6e_b3c4_0000_1607174554_80_received
201b_cd6e_0000_1607174555_81_received
0977_201b_0000_1607174556_82_received
2eb5_0977_0000_1607174558_83_received
24d5_2eb5_0000_1607174559_84_received
e26c_24d5_0000_1607174559_85_received
a0cc_e26c_0000_1607174564_86_received
9d09_a0cc_0000_1607174566_87_received
2948_9d09_0000_1607174568_88_received
b9c3_2948_0000_1607174569_89_received
3fe6_b9c3_0000_1607174570_90_received
9e2a_3fe6_0000_1607174572_91_received
7d7c_9e2a_0000_1607174572_92_received
26ff_7d7c_0000_1607174573_93_received
d55f_7d7c_0000_1607174574_93_received
0fc3_d55f_0000_1607174575_94_received
fd45_0fc3_0000_1607174576_95_received
2cf4_0fc3_0000_1607174577_95_received
993b_fd45_0000_1607174577_96_received
bf61_993b_0000_1607174578_97_generated
e0e2_993b_0000_1607174579_97_received
05c9_bf61_0000_1607174581_98_received
1603_05c9_0000_1607174584_99_received
99b4_1603_0000_1607174586_100_received
8b68_1603_0000_1607174587_100_received
fd8f_8b68_0000_1607174588_101_received
1849_fd8f_0000_1607174590_102_received
fe50_1849_0000_1607174592_103_received
f4a4_fe50_0000_1607174592_104_received
228b_1849_0000_1607174593_103_received
a933_f4a4_0000_1607174593_105_received
a0b2_a933_0000_1607174593_106_received
2232_a0b2_0000_1607174597_107_received
2ea1_2232_0000_1607174600_108_received
5f3e_2ea1_0000_1607174602_109_received
3639_5f3e_0000_1607174605_110_received
1314_3639_0000_1607174606_111_received
5cb5_1314_0000_1607174609_112_received
9fda_5cb5_0000_1607174614_113_received
a203_5cb5_0000_1607174615_113_received
b0f1_9fda_0000_1607174616_114_received
d0e8_b0f1_0000_1607174618_115_received
d1bd_d0e8_0000_1607174622_116_received
c8d0_d1bd_0000_1607174622_117_received
1a5b_c8d0_0000_1607174622_118_received
586d_1a5b_0000_1607174629_119_generated
0307_1a5b_0000_1607174628_119_received
e3c5_0307_0000_1607174629_120_received
be31_e3c5_0000_1607174635_121_generated
d4ae_e3c5_0000_1607174634_121_received
107e_d4ae_0000_1607174638_122_received
5f23_107e_0000_1607174642_123_received
2f67_5f23_0000_1607174646_124_received
2a4d_2f67_0000_1607174646_125_received
9071_2a4d_0000_1607174648_126_received
2e89_9071_0000_1607174649_127_received
10bb_2e89_0000_1607174651_128_received
b262_2e89_0000_1607174652_128_received
ebef_10bb_0000_1607174652_129_received
4581_ebef_0000_1607174655_130_generated
4ab3_ebef_0000_1607174654_130_received
43be_4581_0000_1607174656_131_received
d1d9_43be_0000_1607174656_132_received
a264_d1d9_0000_1607174659_133_received
a683_a264_0000_1607174659_134_received
2789_a683_0000_1607174660_135_received
8ef2_a683_0000_1607174661_135_received
b673_8ef2_0000_1607174665_136_received
7915_2789_0000_1607174665_136_received
b138_7915_0000_1607174666_137_received
f7ec_b138_0000_1607174667_138_received
8a40_f7ec_0000_1607174671_139_received
8d97_f7ec_0000_1607174672_139_received
5954_8a40_0000_1607174673_140_received
94ff_5954_0000_1607174676_141_received
16fc_94ff_0000_1607174677_142_received
4936_16fc_0000_1607174677_143_received
7ee2_4936_0000_1607174679_144_generated
98e3_4936_0000_1607174680_144_received
cc9d_98e3_0000_1607174681_145_received
f93d_7ee2_0000_1607174682_145_received
5e0f_cc9d_0000_1607174683_146_received
0a83_5e0f_0000_1607174684_147_received
473b_0a83_0000_1607174688_148_received
fdbd_0a83_0000_1607174689_148_received
2be4_473b_0000_1607174691_149_generated
d599_fdbd_0000_1607174691_149_received
0f5c_d599_0000_1607174695_150_received
bce1_0f5c_0000_1607174697_151_received
7b4f_bce1_0000_1607174700_152_received
74e5_7b4f_0000_1607174701_153_received
1e9c_74e5_0000_1607174701_154_received
c9c1_1e9c_0000_1607174702_155_received
c661_c9c1_0000_1607174707_156_received
42e2_c661_0000_1607174709_157_received
4adf_42e2_0000_1607174712_158_received
4375_4adf_0000_1607174714_159_generated
9f23_4adf_0000_1607174713_159_received
0d5a_9f23_0000_1607174714_160_received
70ea_0d5a_0000_1607174715_161_received
f017_70ea_0000_1607174717_162_received
1aa3_f017_0000_1607174718_163_received
7542_1aa3_0000_1607174720_164_received
304f_7542_0000_1607174722_165_received
2c73_304f_0000_1607174724_166_received
46a5_2c73_0000_1607174725_167_received
5747_46a5_0000_1607174725_168_received
7e7b_5747_0000_1607174726_169_received
6714_46a5_0000_1607174726_168_received
ddb3_7e7b_0000_1607174729_170_received
6ceb_ddb3_0000_1607174729_171_received
0a1f_6ceb_0000_1607174732_172_received
6673_0a1f_0000_1607174734_173_received
00d5_0a1f_0000_1607174735_173_received
e539_6673_0000_1607174737_174_received
0669_e539_0000_1607174738_175_received
5b8e_0669_0000_1607174739_176_received
3099_5b8e_0000_1607174741_177_generated
450a_5b8e_0000_1607174740_177_received
acff_450a_0000_1607174741_178_received
a040_acff_0000_1607174742_179_received
9ac8_a040_0000_1607174749_180_received
d2a5_9ac8_0000_1607174750_181_received
488d_d2a5_0000_1607174753_182_received
ff85_488d_0000_1607174753_183_received
48fa_ff85_0000_1607174755_184_received
b999_48fa_0000_1607174757_185_received
1353_48fa_0000_1607174758_185_received
cb57_b999_0000_1607174758_186_received
c7a5_cb57_0000_1607174760_187_generated
2c14_1353_0000_1607174759_186_received
deda_c7a5_0000_1607174762_188_received
91a5_deda_0000_1607174764_189_received
311e_91a5_0000_1607174768_190_received
68f1_311e_0000_1607174769_191_received
6978_68f1_0000_1607174770_192_received
1eb9_6978_0000_1607174772_193_received
a1d1_1eb9_0000_1607174775_194_generated
4e0d_1eb9_0000_1607174774_194_received
9c73_4e0d_0000_1607174775_195_received
c96d_9c73_0000_1607174775_196_received
0111_c96d_0000_1607174775_197_received
3eff_4e0d_0000_1607174776_195_received
d5c3_0111_0000_1607174777_198_received
2b24_d5c3_0000_1607174779_199_received
11aa_2b24_0000_1607174781_200_generated
2066_2b24_0000_1607174780_200_received
7f62_2066_0000_1607174784_201_received
e837_7f62_0000_1607174784_202_received
f024_e837_0000_1607174785_203_received
5c4b_f024_0000_1607174785_204_received
4e2c_e837_0000_1607174786_203_received
03e4_5c4b_0000_1607174791_205_received
6503_5c4b_0000_1607174792_205_received
f2ed_03e4_0000_1607174792_206_received
d281_6503_0000_1607174793_206_received
43e9_f2ed_0000_1607174798_207_generated
caf5_d281_0000_1607174797_207_received
1b45_caf5_0000_1607174801_208_received
73a8_1b45_0000_1607174802_209_received
26a1_73a8_0000_1607174806_210_generated
c561_73a8_0000_1607174804_210_received
5835_c561_0000_1607174805_211_received
4a86_5835_0000_1607174810_212_received
f591_5835_0000_1607174811_212_received
0fc0_4a86_0000_1607174811_213_received
6208_0fc0_0000_1607174812_214_received
7203_6208_0000_1607174816_215_received
cb33_7203_0000_1607174816_216_received
dd01_cb33_0000_1607174817_217_received
24fb_dd01_0000_1607174817_218_received
a9fb_24fb_0000_1607174818_219_received
ecba_a9fb_0000_1607174818_220_received
b71b_ecba_0000_1607174820_221_received
3b8e_b71b_0000_1607174823_222_generated
de12_3b8e_0000_1607174824_223_generated
1ca0_de12_0000_1607174826_224_generated
3191_1ca0_0000_1607174827_225_received
1bd1_3191_0000_1607174828_226_received
5313_1bd1_0000_1607174829_227_received
6497_5313_0000_1607174831_228_received
a853_6497_0000_1607174833_229_received
50f1_a853_0000_1607174833_230_received
c453_6497_0000_1607174834_229_received
b12f_50f1_0000_1607174836_231_received
135f_b12f_0000_1607174840_232_received
0338_135f_0000_1607174842_233_received
c261_0338_0000_1607174843_234_received
12fb_c261_0000_1607174849_235_received
8918_12fb_0000_1607174852_236_received
3481_8918_0000_1607174852_237_received
5b61_3481_0000_1607174854_238_received
2310_5b61_0000_1607174859_239_received
aa20_2310_0000_1607174860_240_received
8481_aa20_0000_1607174860_241_received
dfe6_8481_0000_1607174862_242_received
3f3d_dfe6_0000_1607174863_243_received
8109_3f3d_0000_1607174863_244_received
c8b0_8109_0000_1607174866_245_received
5b1b_c8b0_0000_1607174868_246_received
0150_c8b0_0000_1607174869_246_received
52a9_5b1b_0000_1607174869_247_received
fcc0_52a9_0000_1607174871_248_received
5c10_fcc0_0000_1607174873_249_received
4608_52a9_0000_1607174872_248_received
49f5_5c10_0000_1607174874_250_received
47dd_49f5_0000_1607174881_251_generated
7092_47dd_0000_1607174881_252_generated
77b4_7092_0000_1607174883_253_generated
f711_77b4_0000_1607174911_254_generated
b704_f711_0000_1607174912_255_generated
aec3_b704_0000_1607174919_256_generated
434a_aec3_0000_1607174924_257_generated
f18d_434a_0000_1607174928_258_generated
63d4_f18d_0000_1607174928_259_generated
5581_63d4_0000_1607174940_260_generated
bcf8_5581_0000_1607174977_261_generated
e44a_bcf8_0000_1607174983_262_generated
bef3_e44a_0000_1607174986_263_generated
17b9_bef3_0000_1607174997_264_generated
fa38_17b9_0000_1607175013_265_generated
d859_fa38_0000_1607175022_266_generated
37aa_d859_0000_1607175039_267_generated
f9e7_37aa_0000_1607175049_268_generated
9940_f9e7_0000_1607175052_269_generated
fd25_9940_0000_1607175067_270_generated
ffec_fd25_0000_1607175076_271_generated
e36a_ffec_0000_1607175087_272_generated
38c9_e36a_0000_1607175091_273_generated
4dc9_38c9_0000_1607175098_274_generated
3979_4dc9_0000_1607175124_275_generated
9055_3979_0000_1607175129_276_generated
