80c0_9e1c_0000_1604986891_1_generated
5308_80c0_0000_1604986898_2_generated
d210_80c0_0000_1604986899_2_received
2860_5308_0000_1604986903_3_generated
fcf2_2860_0000_1604986905_4_generated
c66c_fcf2_0000_1604986913_5_generated
1fa8_fcf2_0000_1604986912_5_received
669d_c66c_0000_1604986920_6_generated
0912_669d_0000_1604986928_7_received
6e23_0912_0000_1604986930_8_generated
9c1a_6e23_0000_1604986937_9_generated
ebe3_9c1a_0000_1604986939_10_generated
81c1_ebe3_0000_1604986948_11_generated
9254_81c1_0000_1604986954_12_generated
72a1_9254_0000_1604986956_13_generated
2f3c_72a1_0000_1604986959_14_received
eb3f_2f3c_0000_1604986963_15_received
32c9_eb3f_0000_1604986970_16_generated
6a87_eb3f_0000_1604986969_16_received
014c_32c9_0000_1604986976_17_generated
75ab_014c_0000_1604986978_18_generated
13eb_75ab_0000_1604986987_19_generated
cc9a_75ab_0000_1604986986_19_received
1d5f_13eb_0000_1604986990_20_received
9c99_1d5f_0000_1604987001_21_generated
9456_9c99_0000_1604987006_22_generated
019f_9456_0000_1604987012_23_generated
eb26_019f_0000_1604987017_24_received
4cf8_eb26_0000_1604987024_25_received
ffb9_4cf8_0000_1604987028_26_received
d99c_ffb9_0000_1604987033_27_received
dbe4_d99c_0000_1604987038_28_generated
e5b4_dbe4_0000_1604987040_29_generated
b800_e5b4_0000_1604987042_30_generated
8e9b_b800_0000_1604987042_31_generated
fa4c_8e9b_0000_1604987045_32_received
0b36_fa4c_0000_1604987052_33_generated
b0b7_0b36_0000_1604987058_34_received
c319_b0b7_0000_1604987065_35_generated
7005_c319_0000_1604987076_36_received
09ad_7005_0000_1604987078_37_generated
48a1_09ad_0000_1604987085_38_generated
f41c_48a1_0000_1604987087_39_generated
200c_f41c_0000_1604987095_40_generated
deaa_f41c_0000_1604987094_40_received
29ae_deaa_0000_1604987095_41_received
d818_29ae_0000_1604987098_42_generated
bfb9_29ae_0000_1604987097_42_received
1e7b_bfb9_0000_1604987097_43_received
706f_1e7b_0000_1604987101_44_generated
d3a1_706f_0000_1604987102_45_generated
93df_1e7b_0000_1604987100_44_received
a25b_93df_0000_1604987101_45_received
034c_d3a1_0000_1604987104_46_generated
555b_034c_0000_1604987106_47_generated
18a9_555b_0000_1604987110_48_received
2778_18a9_0000_1604987113_49_received
2717_2778_0000_1604987126_50_generated
0d16_2717_0000_1604987133_51_generated
7828_2717_0000_1604987135_51_received
ff6d_0d16_0000_1604987140_52_generated
d831_ff6d_0000_1604987151_53_received
ad59_d831_0000_1604987152_54_received
dd86_ad59_0000_1604987161_55_generated
1974_dd86_0000_1604987168_56_generated
0223_1974_0000_1604987180_57_generated
39f3_0223_0000_1604987183_58_received
6d35_39f3_0000_1604987191_59_generated
6faf_6d35_0000_1604987196_60_generated
4491_6faf_0000_1604987200_61_received
dddb_4491_0000_1604987221_62_generated
5d95_dddb_0000_1604987225_63_generated
f8ea_5d95_0000_1604987233_64_generated
c0aa_5d95_0000_1604987235_64_received
8d0a_f8ea_0000_1604987243_65_generated
ff2d_8d0a_0000_1604987257_66_received
8e0d_ff2d_0000_1604987260_67_generated
f69c_8e0d_0000_1604987265_68_generated
6172_8e0d_0000_1604987264_68_received
2675_6172_0000_1604987278_69_received
415f_2675_0000_1604987284_70_generated
966f_415f_0000_1604987287_71_generated
5a17_966f_0000_1604987291_72_generated
a560_5a17_0000_1604987295_73_generated
a02d_966f_0000_1604987293_72_received
67e0_a560_0000_1604987296_74_generated
fe93_67e0_0000_1604987299_75_generated
90cb_fe93_0000_1604987304_76_received
8653_90cb_0000_1604987318_77_generated
842f_90cb_0000_1604987317_77_received
aec8_842f_0000_1604987322_78_received
14a3_aec8_0000_1604987325_79_generated
63f5_aec8_0000_1604987324_79_received
48ed_14a3_0000_1604987328_80_generated
856c_48ed_0000_1604987331_81_received
9b88_856c_0000_1604987332_82_received
07f4_9b88_0000_1604987337_83_received
2552_07f4_0000_1604987349_84_received
e3fe_2552_0000_1604987357_85_generated
3202_e3fe_0000_1604987360_86_received
d78e_3202_0000_1604987378_87_generated
7f92_d78e_0000_1604987380_88_generated
f3a2_3202_0000_1604987380_87_received
9bae_f3a2_0000_1604987381_88_received
9b1f_7f92_0000_1604987388_89_generated
b2e8_9b1f_0000_1604987388_90_generated
88a0_b2e8_0000_1604987389_91_generated
1b51_88a0_0000_1604987393_92_received
bef5_1b51_0000_1604987401_93_generated
7826_bef5_0000_1604987403_94_generated
f3c2_7826_0000_1604987405_95_received
82ad_f3c2_0000_1604987411_96_generated
191b_f3c2_0000_1604987412_96_received
f4d8_191b_0000_1604987420_97_received
7ec6_f4d8_0000_1604987427_98_received
eae3_7ec6_0000_1604987434_99_received
bff7_eae3_0000_1604987437_100_generated
6e84_bff7_0000_1604987445_101_generated
d7e5_6e84_0000_1604987446_102_generated
0c81_d7e5_0000_1604987452_103_received
9abe_0c81_0000_1604987455_104_generated
ed5e_9abe_0000_1604987461_105_received
cf53_ed5e_0000_1604987485_106_generated
65a3_cf53_0000_1604987491_107_received
2f6d_65a3_0000_1604987496_108_generated
789a_2f6d_0000_1604987497_109_generated
04ba_789a_0000_1604987501_110_generated
1d1d_04ba_0000_1604987513_111_generated
51fa_1d1d_0000_1604987519_112_generated
0fd1_51fa_0000_1604987521_113_generated
4d94_0fd1_0000_1604987524_114_generated
e06c_0fd1_0000_1604987526_114_received
31e5_4d94_0000_1604987537_115_generated
5a3b_31e5_0000_1604987548_116_received
4246_5a3b_0000_1604987562_117_generated
04b0_5a3b_0000_1604987560_117_received
81e0_04b0_0000_1604987563_118_received
eff8_81e0_0000_1604987569_119_received
8cd8_eff8_0000_1604987570_120_received
3105_8cd8_0000_1604987580_121_received
33c1_3105_0000_1604987590_122_received
7c7d_33c1_0000_1604987595_123_generated
4050_7c7d_0000_1604987603_124_generated
da3e_4050_0000_1604987606_125_generated
