1a3f_9e1c_0000_1605045769_1_received
d359_1a3f_0000_1605045774_2_received
4ebd_d359_0000_1605045779_3_received
83fd_4ebd_0000_1605045786_4_received
a00d_83fd_0000_1605045794_5_received
8e88_a00d_0000_1605045801_6_received
5d60_8e88_0000_1605045806_7_generated
e68a_8e88_0000_1605045807_7_received
c879_5d60_0000_1605045811_8_generated
28b0_e68a_0000_1605045810_8_received
6f9d_c879_0000_1605045812_9_generated
7a01_6f9d_0000_1605045820_10_received
0e62_7a01_0000_1605045824_11_generated
0ac5_0e62_0000_1605045826_12_generated
5cc2_0e62_0000_1605045827_12_received
ecf7_0ac5_0000_1605045832_13_received
79f5_ecf7_0000_1605045835_14_received
1ef1_79f5_0000_1605045838_15_received
1c61_1ef1_0000_1605045841_16_received
9724_1c61_0000_1605045843_17_received
5751_9724_0000_1605045847_18_received
e465_5751_0000_1605045852_19_generated
ec4d_5751_0000_1605045853_19_received
8002_e465_0000_1605045862_20_generated
f4ac_8002_0000_1605045870_21_received
3c78_f4ac_0000_1605045880_22_generated
5a2d_3c78_0000_1605045880_23_generated
6236_5a2d_0000_1605045883_24_received
8273_5a2d_0000_1605045884_24_received
3bcc_6236_0000_1605045887_25_received
c1a2_3bcc_0000_1605045896_26_generated
4285_3bcc_0000_1605045894_26_received
8fb9_c1a2_0000_1605045900_27_generated
eaf7_4285_0000_1605045899_27_received
61cd_8fb9_0000_1605045904_28_generated
b47f_61cd_0000_1605045910_29_received
35ff_b47f_0000_1605045913_30_generated
d315_35ff_0000_1605045914_31_generated
44a2_d315_0000_1605045921_32_generated
3675_44a2_0000_1605045923_33_generated
c87e_3675_0000_1605045924_34_generated
0aca_c87e_0000_1605045925_35_received
6d4e_0aca_0000_1605045930_36_received
291c_6d4e_0000_1605045940_37_generated
715b_291c_0000_1605045949_38_received
e1a6_715b_0000_1605045956_39_generated
ccd4_e1a6_0000_1605045964_40_received
9289_ccd4_0000_1605045967_41_received
9936_9289_0000_1605045969_42_generated
a7fb_ccd4_0000_1605045968_41_received
b085_9936_0000_1605045975_43_received
1707_b085_0000_1605045981_44_received
d327_1707_0000_1605045983_45_generated
e76c_d327_0000_1605045984_46_generated
31b7_e76c_0000_1605045992_47_received
e098_31b7_0000_1605045995_48_generated
236e_e098_0000_1605045998_49_generated
728e_236e_0000_1605046000_50_generated
8c45_728e_0000_1605046006_51_generated
0054_8c45_0000_1605046009_52_received
546f_0054_0000_1605046019_53_received
ceca_0054_0000_1605046020_53_received
9c19_546f_0000_1605046025_54_received
55e6_9c19_0000_1605046041_55_received
f376_55e6_0000_1605046055_56_generated
221b_f376_0000_1605046058_57_generated
557a_221b_0000_1605046063_58_received
2ac0_557a_0000_1605046072_59_received
f8f3_557a_0000_1605046073_59_received
caaf_2ac0_0000_1605046077_60_generated
970b_caaf_0000_1605046080_61_received
b776_970b_0000_1605046083_62_received
f982_970b_0000_1605046084_62_received
23bd_b776_0000_1605046097_63_received
042d_23bd_0000_1605046100_64_received
ab0b_042d_0000_1605046107_65_generated
9fcd_ab0b_0000_1605046110_66_generated
717c_9fcd_0000_1605046116_67_generated
4860_9fcd_0000_1605046117_67_received
6817_717c_0000_1605046120_68_received
32cc_6817_0000_1605046127_69_received
f633_32cc_0000_1605046133_70_received
24d6_f633_0000_1605046141_71_generated
7ef4_24d6_0000_1605046149_72_received
d122_7ef4_0000_1605046154_73_generated
acb0_d122_0000_1605046156_74_received
82db_acb0_0000_1605046159_75_received
930c_82db_0000_1605046162_76_generated
68fa_930c_0000_1605046172_77_received
19fe_68fa_0000_1605046182_78_generated
430f_19fe_0000_1605046190_79_received
fc9a_430f_0000_1605046196_80_generated
198e_fc9a_0000_1605046200_81_received
b4d3_198e_0000_1605046205_82_generated
7268_b4d3_0000_1605046212_83_received
3a16_7268_0000_1605046215_84_generated
f165_3a16_0000_1605046218_85_generated
c803_3a16_0000_1605046219_85_received
8efa_f165_0000_1605046221_86_generated
3d8e_8efa_0000_1605046229_87_generated
8fb2_3d8e_0000_1605046237_88_generated
6f42_8fb2_0000_1605046244_89_generated
35c6_6f42_0000_1605046249_90_received
87aa_35c6_0000_1605046251_91_received
5544_87aa_0000_1605046253_92_generated
1857_5544_0000_1605046255_93_generated
216b_1857_0000_1605046258_94_received
5dcd_216b_0000_1605046261_95_generated
ce24_5dcd_0000_1605046263_96_generated
442a_ce24_0000_1605046265_97_received
dd48_ce24_0000_1605046267_97_received
2896_442a_0000_1605046268_98_received
058a_2896_0000_1605046272_99_received
40b2_058a_0000_1605046275_100_received
2525_40b2_0000_1605046281_101_generated
1518_40b2_0000_1605046280_101_received
71e6_1518_0000_1605046287_102_received
2e5b_71e6_0000_1605046291_103_generated
e6d8_2e5b_0000_1605046295_104_generated
b20d_e6d8_0000_1605046298_105_generated
15a7_2e5b_0000_1605046297_104_received
9575_b20d_0000_1605046303_106_generated
127d_9575_0000_1605046308_107_received
2df1_127d_0000_1605046314_108_generated
dc82_2df1_0000_1605046316_109_received
1727_dc82_0000_1605046319_110_received
d5a2_1727_0000_1605046321_111_received
1275_d5a2_0000_1605046327_112_received
006e_1275_0000_1605046333_113_received
aba2_006e_0000_1605046336_114_generated
d9be_aba2_0000_1605046340_115_received
1940_d9be_0000_1605046344_116_received
053e_1940_0000_1605046347_117_received
ca26_1940_0000_1605046349_117_received
d0b8_053e_0000_1605046361_118_generated
c349_d0b8_0000_1605046372_119_generated
534f_c349_0000_1605046378_120_received
c0b1_534f_0000_1605046390_121_received
591c_c0b1_0000_1605046393_122_received
77b1_c0b1_0000_1605046394_122_received
02b5_591c_0000_1605046398_123_generated
db9c_02b5_0000_1605046403_124_received
2fcd_db9c_0000_1605046408_125_generated
3c80_db9c_0000_1605046409_125_received
e4cc_3c80_0000_1605046410_126_received
8d07_e4cc_0000_1605046411_127_received
8f28_8d07_0000_1605046416_128_generated
ab34_8f28_0000_1605046418_129_generated
bb3c_8f28_0000_1605046417_129_received
3154_ab34_0000_1605046419_130_generated
ba31_3154_0000_1605046439_131_generated
439e_ba31_0000_1605046442_132_received
af52_439e_0000_1605046453_133_received
3128_af52_0000_1605046460_134_generated
39cf_3128_0000_1605046463_135_generated
6b7e_39cf_0000_1605046465_136_received
8b3c_6b7e_0000_1605046471_137_generated
a473_8b3c_0000_1605046475_138_received
dc10_a473_0000_1605046479_139_generated
