32a7_9e1c_0000_1607368669_1_received
a8d3_32a7_0000_1607368671_2_received
9d6c_a8d3_0000_1607368672_3_received
45f1_32a7_0000_1607368672_2_received
2dbf_9d6c_0000_1607368673_4_received
54f6_2dbf_0000_1607368673_5_received
7677_a8d3_0000_1607368673_3_received
8fda_54f6_0000_1607368674_6_generated
c377_7677_0000_1607368674_4_received
e52b_8fda_0000_1607368676_7_received
bcc8_e52b_0000_1607368677_8_received
4512_e52b_0000_1607368678_8_received
e352_bcc8_0000_1607368680_9_received
8cb0_bcc8_0000_1607368681_9_received
6311_e352_0000_1607368681_10_received
d80f_6311_0000_1607368681_11_received
7307_d80f_0000_1607368682_12_received
ff25_8cb0_0000_1607368682_10_received
6aef_7307_0000_1607368686_13_received
20f4_7307_0000_1607368685_13_received
7ab9_20f4_0000_1607368686_14_received
ea5b_7ab9_0000_1607368688_15_received
c499_ea5b_0000_1607368689_16_received
cdff_c499_0000_1607368692_17_received
4532_c499_0000_1607368691_17_received
f482_4532_0000_1607368692_18_received
f9cd_f482_0000_1607368696_19_received
d6bc_f9cd_0000_1607368698_20_received
96c4_d6bc_0000_1607368700_21_generated
9473_96c4_0000_1607368701_22_received
7998_9473_0000_1607368702_23_received
6210_7998_0000_1607368703_24_received
a982_6210_0000_1607368705_25_received
4016_a982_0000_1607368705_26_received
8ca7_a982_0000_1607368706_26_received
67b8_4016_0000_1607368706_27_received
55d3_67b8_0000_1607368707_28_received
2118_55d3_0000_1607368710_29_received
7d11_2118_0000_1607368712_30_generated
cf2b_2118_0000_1607368711_30_received
5b6c_cf2b_0000_1607368715_31_received
21b0_cf2b_0000_1607368716_31_received
6c4b_21b0_0000_1607368718_32_received
fe95_5b6c_0000_1607368718_32_received
1f20_fe95_0000_1607368719_33_received
ee75_1f20_0000_1607368721_34_generated
ef6c_1f20_0000_1607368720_34_received
e082_ef6c_0000_1607368721_35_received
d34c_e082_0000_1607368722_36_received
956b_d34c_0000_1607368724_37_received
2769_956b_0000_1607368725_38_received
2bc7_956b_0000_1607368726_38_received
f085_2bc7_0000_1607368727_39_received
50dc_f085_0000_1607368728_40_received
25f4_50dc_0000_1607368729_41_received
2e58_25f4_0000_1607368730_42_received
345c_2e58_0000_1607368732_43_received
3928_345c_0000_1607368733_44_received
1a22_3928_0000_1607368736_45_received
a558_1a22_0000_1607368740_46_generated
df50_1a22_0000_1607368739_46_received
e76e_df50_0000_1607368741_47_received
fffb_e76e_0000_1607368743_48_received
a476_fffb_0000_1607368745_49_received
b208_a476_0000_1607368746_50_received
d2bd_b208_0000_1607368748_51_received
1504_d2bd_0000_1607368750_52_received
0bba_1504_0000_1607368750_53_received
f812_0bba_0000_1607368751_54_received
e085_f812_0000_1607368753_55_received
caf1_e085_0000_1607368753_56_received
8221_caf1_0000_1607368755_57_received
507c_8221_0000_1607368756_58_received
7503_507c_0000_1607368761_59_received
2a9c_7503_0000_1607368763_60_received
717e_2a9c_0000_1607368764_61_received
ea9b_717e_0000_1607368766_62_received
880f_ea9b_0000_1607368768_63_received
12da_880f_0000_1607368769_64_received
800b_12da_0000_1607368769_65_received
9e93_800b_0000_1607368770_66_generated
4ee7_9e93_0000_1607368771_67_received
78fd_4ee7_0000_1607368776_68_received
d32a_78fd_0000_1607368776_69_received
a94e_4ee7_0000_1607368777_68_received
b14a_d32a_0000_1607368779_70_received
216d_b14a_0000_1607368784_71_received
aad3_b14a_0000_1607368785_71_received
85fb_216d_0000_1607368786_72_received
8cf8_85fb_0000_1607368786_73_received
e1dc_8cf8_0000_1607368788_74_generated
f6c0_e1dc_0000_1607368789_75_received
7108_f6c0_0000_1607368790_76_received
e047_7108_0000_1607368792_77_received
941e_e047_0000_1607368792_78_received
58ce_941e_0000_1607368793_79_received
fa93_941e_0000_1607368794_79_received
3450_58ce_0000_1607368795_80_received
e7f3_fa93_0000_1607368796_80_received
77df_3450_0000_1607368796_81_received
deb9_58ce_0000_1607368796_80_received
9016_77df_0000_1607368798_82_received
bbbe_9016_0000_1607368798_83_received
d559_77df_0000_1607368799_82_received
f6c7_bbbe_0000_1607368801_84_received
7ac8_f6c7_0000_1607368802_85_received
af51_7ac8_0000_1607368802_86_received
e35c_af51_0000_1607368805_87_received
b72a_e35c_0000_1607368810_88_received
d7cf_b72a_0000_1607368811_89_received
be08_e35c_0000_1607368811_88_received
c755_d7cf_0000_1607368812_90_received
ab66_c755_0000_1607368814_91_received
1a10_ab66_0000_1607368815_92_received
0a47_1a10_0000_1607368816_93_received
53bb_1a10_0000_1607368817_93_received
23d0_0a47_0000_1607368817_94_received
c574_53bb_0000_1607368817_94_received
6b04_23d0_0000_1607368819_95_generated
e033_23d0_0000_1607368820_95_received
c3ed_6b04_0000_1607368822_96_received
3f4a_e033_0000_1607368823_96_received
211a_c3ed_0000_1607368823_97_generated
de10_c3ed_0000_1607368824_97_received
2486_211a_0000_1607368826_98_received
15dc_2486_0000_1607368827_99_received
c458_15dc_0000_1607368828_100_generated
4be8_c458_0000_1607368828_101_received
e774_4be8_0000_1607368829_102_generated
c48f_e774_0000_1607368832_103_generated
eb73_c48f_0000_1607368833_104_generated
48d8_eb73_0000_1607368834_105_received
90d9_48d8_0000_1607368835_106_received
e6db_90d9_0000_1607368836_107_received
4128_e6db_0000_1607368839_108_received
3f7e_e6db_0000_1607368838_108_received
4ee1_3f7e_0000_1607368839_109_received
a084_4ee1_0000_1607368841_110_generated
3292_4128_0000_1607368840_109_received
0a20_3292_0000_1607368842_110_received
eb3c_a084_0000_1607368843_111_received
d507_eb3c_0000_1607368850_112_received
2ad0_d507_0000_1607368853_113_received
c595_d507_0000_1607368854_113_received
3e1d_2ad0_0000_1607368856_114_received
7471_3e1d_0000_1607368856_115_received
e0c5_7471_0000_1607368858_116_received
09c4_e0c5_0000_1607368859_117_received
f304_09c4_0000_1607368860_118_received
1310_e0c5_0000_1607368860_117_received
f25d_f304_0000_1607368862_119_received
d605_f25d_0000_1607368865_120_received
3348_f25d_0000_1607368866_120_received
b9ba_d605_0000_1607368868_121_received
b2c9_d605_0000_1607368867_121_received
cee8_b9ba_0000_1607368871_122_received
80f4_b2c9_0000_1607368871_122_received
c7c2_80f4_0000_1607368872_123_received
bd9c_cee8_0000_1607368873_123_received
d5ef_80f4_0000_1607368874_123_received
f9e8_c7c2_0000_1607368876_124_received
e6f7_f9e8_0000_1607368878_125_received
3dfe_d5ef_0000_1607368877_124_received
5fc5_e6f7_0000_1607368882_126_received
5af7_5fc5_0000_1607368883_127_received
632a_5af7_0000_1607368885_128_received
5612_5af7_0000_1607368886_128_received
3ea1_632a_0000_1607368888_129_generated
8fc9_3ea1_0000_1607368891_130_received
26c6_8fc9_0000_1607368892_131_generated
13a1_26c6_0000_1607368893_132_generated
93e5_3ea1_0000_1607368892_130_received
c065_93e5_0000_1607368893_131_received
78ec_13a1_0000_1607368895_133_received
c55c_78ec_0000_1607368898_134_received
69e6_c55c_0000_1607368900_135_received
fd49_69e6_0000_1607368901_136_received
24ec_69e6_0000_1607368902_136_received
c810_fd49_0000_1607368902_137_received
c891_c810_0000_1607368904_138_received
f5d3_c810_0000_1607368905_138_received
d4f2_c891_0000_1607368906_139_received
0909_24ec_0000_1607368904_137_received
8985_c810_0000_1607368906_138_received
67df_d4f2_0000_1607368909_140_received
c730_d4f2_0000_1607368906_140_received
d992_c730_0000_1607368909_141_received
97c0_d992_0000_1607368910_142_received
e000_67df_0000_1607368911_141_received
3ceb_97c0_0000_1607368913_143_received
0d39_e000_0000_1607368913_142_received
38c6_3ceb_0000_1607368915_144_received
5317_d992_0000_1607368914_142_received
b0eb_97c0_0000_1607368915_143_received
9e56_3ceb_0000_1607368916_144_received
1122_38c6_0000_1607368921_145_received
51e5_1122_0000_1607368924_146_generated
e2f0_1122_0000_1607368923_146_received
9184_e2f0_0000_1607368923_147_received
34e8_e2f0_0000_1607368924_147_received
58b7_e2f0_0000_1607368925_147_received
8cfa_e2f0_0000_1607368926_147_received
ebd0_9184_0000_1607368930_148_received
1d96_9184_0000_1607368928_148_received
71a3_9184_0000_1607368931_148_received
9099_ebd0_0000_1607368933_149_received
a2ca_9099_0000_1607368936_150_received
653e_1d96_0000_1607368935_149_received
9e0b_1d96_0000_1607368936_149_received
ca9f_a2ca_0000_1607368939_151_received
c332_a2ca_0000_1607368940_151_received
bc23_ca9f_0000_1607368945_152_generated
170b_ca9f_0000_1607368944_152_received
5892_170b_0000_1607368946_153_received
51d1_5892_0000_1607368946_154_received
f010_51d1_0000_1607368947_155_received
d2f7_f010_0000_1607368949_156_received
8dad_d2f7_0000_1607368950_157_received
446b_51d1_0000_1607368949_155_received
0114_8dad_0000_1607368955_158_generated
256c_8dad_0000_1607368953_158_received
7f14_f010_0000_1607368950_156_received
1f04_0114_0000_1607368959_159_generated
6998_5892_0000_1607368951_154_received
d4c0_d2f7_0000_1607368952_157_received
18bf_256c_0000_1607368959_159_received
bb13_8dad_0000_1607368958_158_received
b696_18bf_0000_1607368961_160_received
c6bb_b696_0000_1607368964_161_received
726d_c6bb_0000_1607368965_162_received
8bb4_18bf_0000_1607368964_160_received
e420_726d_0000_1607368969_163_generated
5e33_726d_0000_1607368967_163_received
95ca_c6bb_0000_1607368967_162_received
2b71_8bb4_0000_1607368969_161_received
357c_5e33_0000_1607368975_164_received
a682_357c_0000_1607368978_165_generated
46ee_5e33_0000_1607368973_164_received
2356_46ee_0000_1607368975_165_received
46b2_5e33_0000_1607368976_164_received
3939_46ee_0000_1607368976_165_received
455e_2356_0000_1607368977_166_received
4d98_2356_0000_1607368980_166_received
8e90_4d98_0000_1607368982_167_received
be39_8e90_0000_1607368985_168_generated
a3c1_455e_0000_1607368981_167_received
8528_be39_0000_1607368988_169_generated
8d15_455e_0000_1607368982_167_received
dca4_a3c1_0000_1607368984_168_received
daa5_be39_0000_1607368989_169_received
9028_8528_0000_1607368992_170_generated
5ac0_dca4_0000_1607368989_169_received
3bf9_daa5_0000_1607368992_170_received
f2fd_8528_0000_1607368994_170_received
b062_3bf9_0000_1607368996_171_received
51ec_b062_0000_1607368999_172_received
ead7_51ec_0000_1607369002_173_generated
2834_9028_0000_1607368997_171_received
6aae_daa5_0000_1607368995_170_received
9c0b_8528_0000_1607368997_170_received
3981_ead7_0000_1607369005_174_generated
14ff_b062_0000_1607369000_172_received
05d5_3bf9_0000_1607368999_171_received
f838_2834_0000_1607369002_172_received
3eb4_ead7_0000_1607369007_174_received
521e_3981_0000_1607369011_175_received
3192_521e_0000_1607369012_176_received
b891_3981_0000_1607369012_175_received
5029_2834_0000_1607369006_172_received
76a7_3192_0000_1607369016_177_received
7ff0_521e_0000_1607369015_176_received
afd6_3192_0000_1607369017_177_received
6324_3eb4_0000_1607369014_175_received
ef86_3981_0000_1607369013_175_received
238f_3192_0000_1607369018_177_received
a924_76a7_0000_1607369023_178_received
d5ce_afd6_0000_1607369018_178_received
a86b_76a7_0000_1607369024_178_received
6eb6_a86b_0000_1607369028_179_received
55e0_3192_0000_1607369020_177_received
930b_238f_0000_1607369021_178_received
99a5_930b_0000_1607369026_179_received
eb66_99a5_0000_1607369035_180_received
4992_6eb6_0000_1607369032_180_received
8dd9_eb66_0000_1607369040_181_generated
8a88_99a5_0000_1607369032_180_received
e505_d5ce_0000_1607369024_179_received
ca39_e505_0000_1607369028_180_received
174b_ca39_0000_1607369031_181_received
e358_174b_0000_1607369035_182_received
5b9b_e358_0000_1607369038_183_received
ab5f_5b9b_0000_1607369042_184_received
0444_eb66_0000_1607369038_181_received
8ef7_a924_0000_1607369035_179_received
bcee_8dd9_0000_1607369047_182_received
2083_0444_0000_1607369040_182_received
2f25_ab5f_0000_1607369052_185_received
9255_ab5f_0000_1607369053_185_received
e2fa_2f25_0000_1607369057_186_received
3f94_8ef7_0000_1607369040_180_received
5d4f_3f94_0000_1607369047_181_received
dcf6_ab5f_0000_1607369057_185_received
e276_9255_0000_1607369060_186_received
3e09_e2fa_0000_1607369062_187_received
cabc_2f25_0000_1607369065_186_received
983b_3e09_0000_1607369078_188_generated
f6dc_e2fa_0000_1607369066_187_received
bf64_f6dc_0000_1607369069_188_received
3480_2f25_0000_1607369056_186_received
8022_e358_0000_1607369055_183_received
31f7_3e09_0000_1607369070_188_received
bce6_983b_0000_1607369086_189_generated
1d37_9255_0000_1607369064_186_received
ec60_31f7_0000_1607369075_189_received
2081_3e09_0000_1607369072_188_received
b91b_3480_0000_1607369061_187_received
b10c_bce6_0000_1607369096_190_generated
b660_ec60_0000_1607369087_190_received
e45d_b91b_0000_1607369064_188_received
8b05_e45d_0000_1607369072_189_received
a776_8b05_0000_1607369077_190_received
9fb0_a776_0000_1607369081_191_received
ecf8_9fb0_0000_1607369086_192_received
4a8c_ecf8_0000_1607369092_193_received
ee45_cabc_0000_1607369073_187_received
1cb7_4a8c_0000_1607369109_194_generated
bb99_4a8c_0000_1607369097_194_received
085e_bb99_0000_1607369099_195_received
c53d_085e_0000_1607369100_196_received
2e4f_c53d_0000_1607369102_197_received
ffe6_2f25_0000_1607369060_186_received
10ef_ffe6_0000_1607369068_187_received
e562_bf64_0000_1607369077_189_received
f68d_e562_0000_1607369079_190_received
f61c_f68d_0000_1607369093_191_received
e8b1_f68d_0000_1607369085_191_received
3226_e8b1_0000_1607369091_192_received
7d65_3e09_0000_1607369074_188_received
4d05_3226_0000_1607369093_193_received
9fa1_2e4f_0000_1607369130_198_generated
bc66_ecf8_0000_1607369098_193_received
099a_2e4f_0000_1607369104_198_received
9d7c_099a_0000_1607369106_199_received
9a88_ecf8_0000_1607369099_193_received
10c4_9d7c_0000_1607369109_200_received
4e8a_10c4_0000_1607369113_201_received
4c23_4e8a_0000_1607369115_202_received
7b4e_4c23_0000_1607369119_203_received
06ca_7b4e_0000_1607369120_204_received
1da0_06ca_0000_1607369123_205_received
c9f9_1da0_0000_1607369125_206_received
92f7_c9f9_0000_1607369127_207_received
4969_7d65_0000_1607369082_189_received
02bc_4d05_0000_1607369112_194_received
1531_4d05_0000_1607369101_194_received
4f15_1531_0000_1607369108_195_received
7ade_bf64_0000_1607369079_189_received
11a4_4f15_0000_1607369115_196_received
9a6c_92f7_0000_1607369160_208_generated
47ca_e8b1_0000_1607369093_192_received
5c29_f68d_0000_1607369087_191_received
46fe_bb99_0000_1607369110_195_received
211b_9a6c_0000_1607369167_209_generated
fa73_92f7_0000_1607369144_208_received
8a64_fa73_0000_1607369148_209_received
2d0b_2e4f_0000_1607369120_198_received
5af4_fa73_0000_1607369149_209_received
b2a3_5af4_0000_1607369153_210_received
2a35_b2a3_0000_1607369155_211_received
8eed_2a35_0000_1607369156_212_received
0195_8eed_0000_1607369166_213_received
4170_0195_0000_1607369181_214_generated
4307_8a64_0000_1607369155_210_received
c4ed_2081_0000_1607369080_189_received
6b55_c4ed_0000_1607369088_190_received
ced5_06ca_0000_1607369140_205_received
8ddd_92f7_0000_1607369148_208_received
83d0_8ddd_0000_1607369157_209_received
d9da_0195_0000_1607369178_214_received
b999_4170_0000_1607369194_215_generated
2404_2e4f_0000_1607369129_198_received
16c5_0195_0000_1607369179_214_received
03ce_16c5_0000_1607369181_215_received
7fb1_92f7_0000_1607369153_208_received
698a_7fb1_0000_1607369162_209_received
1bfb_03ce_0000_1607369196_216_received
0ee9_d9da_0000_1607369189_215_received
4db9_8eed_0000_1607369182_213_received
3a0d_1bfb_0000_1607369202_217_received
82bb_bb99_0000_1607369118_195_received
8fce_4db9_0000_1607369185_214_received
2304_4c23_0000_1607369139_203_received
7dd5_fa73_0000_1607369166_209_received
bc79_8eed_0000_1607369180_213_received
94e0_8fce_0000_1607369191_215_received
4aef_03ce_0000_1607369198_216_received
78cc_94e0_0000_1607369195_216_received
62ce_4aef_0000_1607369219_217_received
7e19_92f7_0000_1607369139_208_received
c3b9_78cc_0000_1607369212_217_received
5e4c_78cc_0000_1607369211_217_received
6780_c3b9_0000_1607369216_218_received
34c4_6780_0000_1607369236_219_received
29ed_34c4_0000_1607369239_220_received
ab72_29ed_0000_1607369253_221_generated
7e28_7e19_0000_1607369159_209_received
fdc0_8eed_0000_1607369181_213_received
329b_d9da_0000_1607369195_215_received
4a65_78cc_0000_1607369208_217_received
553d_0ee9_0000_1607369198_216_received
9f04_4a65_0000_1607369228_218_received
4add_9f04_0000_1607369247_219_received
2b1e_ab72_0000_1607369255_222_received
f3a0_2b1e_0000_1607369256_223_received
14eb_f3a0_0000_1607369258_224_received
de95_14eb_0000_1607369263_225_received
77f4_de95_0000_1607369273_226_received
fa64_77f4_0000_1607369277_227_received
8e54_fa64_0000_1607369279_228_received
28bc_8e54_0000_1607369280_229_received
683e_ab72_0000_1607369262_222_received
b6fa_14eb_0000_1607369278_225_received
0227_6780_0000_1607369246_219_received
5841_fa64_0000_1607369288_228_received
8e8b_28bc_0000_1607369282_230_received
c59e_8e8b_0000_1607369287_231_received
1c38_c59e_0000_1607369288_232_received
7eb1_1c38_0000_1607369290_233_received
03a8_7eb1_0000_1607369299_234_received
d2f6_03a8_0000_1607369303_235_received
539b_11a4_0000_1607369150_197_received
78f0_d2f6_0000_1607369316_236_generated
d171_d2f6_0000_1607369311_236_received
6e52_d171_0000_1607369315_237_received
864e_6e52_0000_1607369321_238_received
c4de_864e_0000_1607369326_239_received
21e1_c4de_0000_1607369330_240_received
c67a_fa73_0000_1607369173_209_received
46e5_553d_0000_1607369213_217_received
f843_46e5_0000_1607369224_218_received
b428_11a4_0000_1607369151_197_received
4379_8a64_0000_1607369181_210_received
3579_1bfb_0000_1607369215_217_received
b90b_f843_0000_1607369243_219_received
4dc8_3579_0000_1607369225_218_received
9b0f_0195_0000_1607369195_214_received
610e_9b0f_0000_1607369204_215_received
6ca0_78cc_0000_1607369219_217_received
1c65_6780_0000_1607369230_219_received
48e1_1c65_0000_1607369237_220_received
3198_29ed_0000_1607369267_221_received
68ec_48e1_0000_1607369249_221_received
141e_68ec_0000_1607369256_222_received
0868_141e_0000_1607369259_223_received
2532_0868_0000_1607369262_224_received
cede_48e1_0000_1607369264_221_received
43a5_8e54_0000_1607369302_229_received
9cf1_2532_0000_1607369282_225_received
4882_9cf1_0000_1607369283_226_received
32b6_4882_0000_1607369285_227_received
9682_03a8_0000_1607369325_235_received
0403_29ed_0000_1607369252_221_received
284b_0403_0000_1607369268_222_received
9ccf_2532_0000_1607369279_225_received
ac7f_21e1_0000_1607369355_241_received
12f5_7eb1_0000_1607369314_234_received
989d_21e1_0000_1607369343_241_received
0ad1_989d_0000_1607369348_242_received
b904_0ad1_0000_1607369369_243_received
8888_b904_0000_1607369375_244_received
42b0_5e4c_0000_1607369224_218_received
cef9_8888_0000_1607369386_245_received
7b15_cef9_0000_1607369406_246_generated
dcca_cef9_0000_1607369393_246_received
7e0b_cef9_0000_1607369392_246_received
8075_21e1_0000_1607369339_241_received
0216_8075_0000_1607369371_242_received
7f73_d2f6_0000_1607369326_236_received
28be_7b15_0000_1607369418_247_generated
22a1_dcca_0000_1607369407_247_received
ee34_7e0b_0000_1607369407_247_received
f45d_ee34_0000_1607369409_248_received
8c6d_f45d_0000_1607369425_249_generated
c1b0_f45d_0000_1607369416_249_received
2f04_8a64_0000_1607369177_210_received
6fd7_0195_0000_1607369202_214_received
268b_3a0d_0000_1607369238_218_received
9173_268b_0000_1607369256_219_received
050f_ab72_0000_1607369276_222_received
4fc6_2532_0000_1607369295_225_received
ce17_28bc_0000_1607369336_230_received
2848_21e1_0000_1607369373_241_received
a3e1_b904_0000_1607369400_244_received
8ee2_c1b0_0000_1607369419_250_received
1c87_8ee2_0000_1607369438_251_received
3ee4_1c87_0000_1607369442_252_received
0a63_c1b0_0000_1607369420_250_received
1cfd_3ee4_0000_1607369456_253_received
af47_1cfd_0000_1607369458_254_received
4c57_af47_0000_1607369481_255_generated
3eda_4c57_0000_1607369489_256_generated
824c_4c57_0000_1607369485_256_received
57c0_824c_0000_1607369496_257_received
a786_57c0_0000_1607369504_258_generated
68d9_a786_0000_1607369506_259_generated
9bdd_68d9_0000_1607369519_260_received
89c8_9bdd_0000_1607369524_261_received
db2a_89c8_0000_1607369533_262_received
d9c3_db2a_0000_1607369566_263_generated
216e_d9c3_0000_1607369571_264_generated
af7e_216e_0000_1607369573_265_generated
68cb_af7e_0000_1607369582_266_generated
eb7f_af7e_0000_1607369581_266_received
aef0_eb7f_0000_1607369584_267_received
1ac6_aef0_0000_1607369591_268_received
b484_1ac6_0000_1607369603_269_generated
ff31_1ac6_0000_1607369601_269_received
85ee_ff31_0000_1607369602_270_received
79d7_85ee_0000_1607369611_271_generated
3217_85ee_0000_1607369608_271_received
e855_3217_0000_1607369609_272_received
3513_e855_0000_1607369616_273_generated
5cf9_3513_0000_1607369619_274_generated
515d_5cf9_0000_1607369621_275_generated
965c_e855_0000_1607369618_273_received
39a3_515d_0000_1607369625_276_generated
ed9c_39a3_0000_1607369635_277_received
e0d0_ed9c_0000_1607369641_278_generated
bb29_e0d0_0000_1607369643_279_generated
6467_bb29_0000_1607369651_280_generated
d653_6467_0000_1607369652_281_generated
345d_d653_0000_1607369661_282_received
8d38_345d_0000_1607369679_283_generated
829c_8d38_0000_1607369687_284_generated
2d4b_8d38_0000_1607369686_284_received
763e_829c_0000_1607369702_285_generated
bad1_763e_0000_1607369718_286_received
7a70_bad1_0000_1607369720_287_received
3f1a_7a70_0000_1607369738_288_generated
0389_7a70_0000_1607369740_288_received
c325_0389_0000_1607369753_289_received
1e81_c325_0000_1607369756_290_received
254c_1e81_0000_1607369761_291_received
5e31_254c_0000_1607369768_292_generated
4099_254c_0000_1607369770_292_received
ee82_4099_0000_1607369786_293_received
f2d0_ee82_0000_1607369795_294_generated
3a39_f2d0_0000_1607369804_295_received
7753_3a39_0000_1607369814_296_generated
6e50_7753_0000_1607369835_297_received
5cad_6e50_0000_1607369838_298_received
0cba_5cad_0000_1607369854_299_generated
ad29_0cba_0000_1607369856_300_generated
9b8f_ad29_0000_1607369860_301_generated
1e44_9b8f_0000_1607369864_302_received
