d949_9e1c_0000_1605030533_1_generated
3e0f_d949_0000_1605030535_2_received
5962_3e0f_0000_1605030537_3_generated
2432_5962_0000_1605030539_4_generated
5854_2432_0000_1605030544_5_generated
b3ed_2432_0000_1605030545_5_received
e3b1_5854_0000_1605030550_6_generated
7874_e3b1_0000_1605030558_7_generated
7f0f_7874_0000_1605030560_8_generated
827c_7f0f_0000_1605030566_9_received
33f7_827c_0000_1605030568_10_generated
3a2c_33f7_0000_1605030570_11_generated
73bb_3a2c_0000_1605030571_12_received
6355_73bb_0000_1605030578_13_generated
dc4b_6355_0000_1605030585_14_generated
fc38_dc4b_0000_1605030586_15_generated
5287_fc38_0000_1605030589_16_received
6459_5287_0000_1605030591_17_received
f015_6459_0000_1605030591_18_received
6e0d_f015_0000_1605030593_19_received
1072_6e0d_0000_1605030595_20_generated
c339_1072_0000_1605030595_21_generated
012e_c339_0000_1605030599_22_generated
cadf_012e_0000_1605030601_23_generated
e103_cadf_0000_1605030602_24_generated
9445_e103_0000_1605030606_25_generated
e8a6_9445_0000_1605030610_26_generated
6c18_e8a6_0000_1605030615_27_generated
6b58_6c18_0000_1605030618_28_generated
90c1_6c18_0000_1605030617_28_received
5b6f_90c1_0000_1605030619_29_received
8a21_5b6f_0000_1605030620_30_generated
fd22_8a21_0000_1605030621_31_generated
d447_fd22_0000_1605030622_32_generated
0f85_d447_0000_1605030624_33_received
d9e4_0f85_0000_1605030626_34_generated
9880_d9e4_0000_1605030629_35_generated
b456_9880_0000_1605030629_36_generated
8ac2_b456_0000_1605030630_37_generated
70b6_8ac2_0000_1605030632_38_generated
466f_70b6_0000_1605030637_39_generated
c9ae_70b6_0000_1605030636_39_received
1432_466f_0000_1605030640_40_generated
04c1_c9ae_0000_1605030640_40_received
5996_1432_0000_1605030641_41_generated
f7fc_04c1_0000_1605030640_41_received
208f_5996_0000_1605030643_42_generated
1cea_208f_0000_1605030647_43_generated
32e9_1cea_0000_1605030649_44_received
2030_32e9_0000_1605030649_45_received
a430_2030_0000_1605030654_46_generated
0eb1_a430_0000_1605030658_47_received
e44c_0eb1_0000_1605030662_48_received
31d8_e44c_0000_1605030665_49_received
0719_31d8_0000_1605030671_50_generated
9f23_0719_0000_1605030679_51_generated
19aa_9f23_0000_1605030680_52_generated
0fcf_19aa_0000_1605030683_53_received
a048_0fcf_0000_1605030688_54_generated
a686_0fcf_0000_1605030687_54_received
286b_a048_0000_1605030689_55_generated
6dce_286b_0000_1605030691_56_generated
3da2_286b_0000_1605030690_56_received
7502_3da2_0000_1605030692_57_received
45bf_7502_0000_1605030694_58_generated
c4b2_45bf_0000_1605030697_59_received
606b_c4b2_0000_1605030706_60_received
fef6_606b_0000_1605030708_61_generated
d346_fef6_0000_1605030709_62_received
5118_d346_0000_1605030714_63_received
1626_5118_0000_1605030717_64_generated
3a0a_1626_0000_1605030718_65_received
c546_3a0a_0000_1605030721_66_generated
8d65_c546_0000_1605030722_67_received
bf99_8d65_0000_1605030731_68_generated
0690_8d65_0000_1605030730_68_received
ab9f_0690_0000_1605030730_69_received
2214_ab9f_0000_1605030739_70_generated
9e07_ab9f_0000_1605030738_70_received
285c_2214_0000_1605030740_71_generated
3e73_9e07_0000_1605030740_71_received
f915_285c_0000_1605030746_72_generated
fc34_f915_0000_1605030746_73_generated
1b5f_fc34_0000_1605030746_74_generated
af77_3e73_0000_1605030747_72_received
c2fb_1b5f_0000_1605030749_75_generated
7710_c2fb_0000_1605030759_76_generated
77a9_7710_0000_1605030761_77_generated
0bcb_77a9_0000_1605030762_78_received
a895_0bcb_0000_1605030767_79_generated
4ae2_a895_0000_1605030770_80_received
0fe4_4ae2_0000_1605030770_81_received
c247_0fe4_0000_1605030773_82_received
65a6_c247_0000_1605030782_83_generated
1f13_65a6_0000_1605030783_84_generated
0847_1f13_0000_1605030784_85_generated
d1b5_65a6_0000_1605030784_84_received
7c06_0847_0000_1605030793_86_generated
7b60_7c06_0000_1605030795_87_generated
34ec_7b60_0000_1605030797_88_generated
c9d6_34ec_0000_1605030800_89_generated
dbd0_c9d6_0000_1605030801_90_received
ccd1_dbd0_0000_1605030804_91_received
46a9_ccd1_0000_1605030806_92_received
16f5_46a9_0000_1605030808_93_generated
22f4_16f5_0000_1605030809_94_generated
6e35_22f4_0000_1605030812_95_generated
d15a_22f4_0000_1605030811_95_received
64f2_d15a_0000_1605030812_96_received
ef24_64f2_0000_1605030813_97_generated
eded_ef24_0000_1605030816_98_generated
1537_eded_0000_1605030819_99_generated
59ac_1537_0000_1605030826_100_generated
fb17_59ac_0000_1605030831_101_received
6009_fb17_0000_1605030832_102_received
6dbe_6009_0000_1605030836_103_received
eb8b_6dbe_0000_1605030839_104_generated
36e9_eb8b_0000_1605030845_105_generated
d400_eb8b_0000_1605030846_105_received
df36_36e9_0000_1605030848_106_received
3d1c_d400_0000_1605030848_106_received
92e6_df36_0000_1605030854_107_generated
65d0_92e6_0000_1605030857_108_generated
b5aa_92e6_0000_1605030856_108_received
07ac_65d0_0000_1605030860_109_generated
1f03_07ac_0000_1605030860_110_generated
13aa_1f03_0000_1605030862_111_generated
ff03_13aa_0000_1605030865_112_received
bb65_ff03_0000_1605030869_113_generated
9128_bb65_0000_1605030882_114_generated
10ce_9128_0000_1605030886_115_received
fc7a_10ce_0000_1605030892_116_generated
75e6_10ce_0000_1605030893_116_received
c4bc_75e6_0000_1605030893_117_received
1148_c4bc_0000_1605030895_118_generated
67c6_c4bc_0000_1605030894_118_received
20bd_1148_0000_1605030904_119_generated
928e_20bd_0000_1605030904_120_generated
a59c_928e_0000_1605030907_121_generated
5493_a59c_0000_1605030911_122_generated
b846_a59c_0000_1605030910_122_received
bbf6_5493_0000_1605030915_123_generated
ebf6_b846_0000_1605030914_123_received
1fd2_bbf6_0000_1605030917_124_generated
e471_1fd2_0000_1605030926_125_generated
e72e_e471_0000_1605030929_126_generated
a427_e72e_0000_1605030929_127_generated
2087_a427_0000_1605030931_128_received
11f8_2087_0000_1605030940_129_received
493b_11f8_0000_1605030941_130_received
52df_493b_0000_1605030941_131_received
278f_52df_0000_1605030941_132_received
7b3b_278f_0000_1605030958_133_generated
5e15_7b3b_0000_1605030960_134_generated
dfbd_5e15_0000_1605030960_135_received
96f3_dfbd_0000_1605030963_136_generated
e540_dfbd_0000_1605030964_136_received
1dc5_96f3_0000_1605030965_137_generated
ed5a_e540_0000_1605030964_137_received
3208_1dc5_0000_1605030968_138_generated
1d8c_3208_0000_1605030971_139_generated
f0a6_3208_0000_1605030970_139_received
ee53_1d8c_0000_1605030972_140_generated
8554_f0a6_0000_1605030971_140_received
49a5_ee53_0000_1605030973_141_generated
fdbb_8554_0000_1605030973_141_received
2baf_49a5_0000_1605030977_142_generated
8f60_2baf_0000_1605030980_143_generated
17a2_8f60_0000_1605030983_144_generated
a367_17a2_0000_1605030984_145_generated
4efb_a367_0000_1605030984_146_generated
7ae1_4efb_0000_1605030990_147_generated
07ef_7ae1_0000_1605030993_148_generated
ab9b_07ef_0000_1605030994_149_generated
d6ea_07ef_0000_1605030995_149_received
efde_ab9b_0000_1605030997_150_generated
9e3a_efde_0000_1605030997_151_generated
8612_9e3a_0000_1605030998_152_generated
dfac_d6ea_0000_1605030997_150_received
93de_8612_0000_1605031007_153_received
57a8_93de_0000_1605031008_154_received
70f3_57a8_0000_1605031009_155_received
5a5b_70f3_0000_1605031011_156_generated
f4af_5a5b_0000_1605031023_157_generated
90d5_f4af_0000_1605031024_158_received
9be9_90d5_0000_1605031032_159_generated
9b10_9be9_0000_1605031033_160_generated
b3c4_9b10_0000_1605031036_161_generated
d043_9b10_0000_1605031035_161_received
de87_b3c4_0000_1605031038_162_generated
626d_d043_0000_1605031037_162_received
d064_de87_0000_1605031039_163_generated
31b0_d064_0000_1605031042_164_generated
36b0_31b0_0000_1605031045_165_generated
73e5_36b0_0000_1605031045_166_generated
c903_73e5_0000_1605031049_167_received
d417_c903_0000_1605031050_168_received
5d88_d417_0000_1605031050_169_received
15e9_5d88_0000_1605031052_170_generated
d7cc_15e9_0000_1605031053_171_generated
4f34_d7cc_0000_1605031056_172_received
2d79_d7cc_0000_1605031057_172_received
add4_4f34_0000_1605031060_173_generated
504b_2d79_0000_1605031059_173_received
e008_504b_0000_1605031059_174_received
6612_e008_0000_1605031060_175_received
2c30_6612_0000_1605031062_176_received
2d63_2c30_0000_1605031067_177_received
6736_2d63_0000_1605031071_178_generated
2dd6_6736_0000_1605031072_179_generated
be8c_2dd6_0000_1605031074_180_received
dc38_be8c_0000_1605031076_181_received
e3eb_dc38_0000_1605031078_182_received
c6c3_e3eb_0000_1605031080_183_generated
088b_c6c3_0000_1605031086_184_received
6b2f_088b_0000_1605031088_185_received
dcef_6b2f_0000_1605031094_186_generated
e31d_dcef_0000_1605031096_187_received
f075_e31d_0000_1605031099_188_generated
27c4_f075_0000_1605031109_189_generated
a05f_27c4_0000_1605031109_190_generated
6682_a05f_0000_1605031112_191_received
f2f6_6682_0000_1605031113_192_received
ca76_f2f6_0000_1605031119_193_received
5a13_ca76_0000_1605031120_194_generated
a8bf_ca76_0000_1605031121_194_received
d2c9_5a13_0000_1605031123_195_generated
640f_d2c9_0000_1605031123_196_generated
2bae_640f_0000_1605031124_197_generated
2809_a8bf_0000_1605031123_195_received
d3be_2bae_0000_1605031127_198_generated
7d6a_d3be_0000_1605031132_199_generated
bc78_7d6a_0000_1605031135_200_generated
eb15_bc78_0000_1605031142_201_generated
46de_eb15_0000_1605031148_202_received
30b1_46de_0000_1605031149_203_generated
fcc5_30b1_0000_1605031153_204_generated
5c39_fcc5_0000_1605031153_205_generated
07ab_5c39_0000_1605031157_206_generated
c746_07ab_0000_1605031159_207_generated
c490_c746_0000_1605031162_208_received
1669_c490_0000_1605031164_209_received
7840_1669_0000_1605031168_210_generated
f3d7_7840_0000_1605031168_211_generated
0eb7_f3d7_0000_1605031173_212_received
81c6_0eb7_0000_1605031175_213_generated
dba5_f3d7_0000_1605031174_212_received
0969_81c6_0000_1605031177_214_received
a179_0969_0000_1605031180_215_generated
62b7_0969_0000_1605031181_215_received
60f5_a179_0000_1605031188_216_generated
c540_60f5_0000_1605031189_217_generated
8b0c_c540_0000_1605031191_218_generated
7add_8b0c_0000_1605031199_219_received
ea1c_7add_0000_1605031201_220_generated
709d_ea1c_0000_1605031203_221_received
a5d2_709d_0000_1605031203_222_received
3a19_a5d2_0000_1605031203_223_received
922b_3a19_0000_1605031208_224_generated
63f9_922b_0000_1605031212_225_generated
7b5b_922b_0000_1605031211_225_received
6a83_63f9_0000_1605031213_226_generated
ee50_6a83_0000_1605031214_227_generated
5b34_ee50_0000_1605031219_228_generated
69e5_5b34_0000_1605031225_229_generated
8bec_5b34_0000_1605031226_229_received
fc5b_8bec_0000_1605031227_230_received
2e3f_fc5b_0000_1605031229_231_received
d2c2_fc5b_0000_1605031230_231_received
1399_2e3f_0000_1605031238_232_generated
f772_1399_0000_1605031240_233_generated
1cad_f772_0000_1605031242_234_generated
d933_1cad_0000_1605031244_235_received
4c2f_d933_0000_1605031245_236_generated
4fdf_4c2f_0000_1605031247_237_generated
f084_4fdf_0000_1605031247_238_generated
7298_f084_0000_1605031247_239_generated
9815_4c2f_0000_1605031248_237_received
