7673_9e1c_0000_1607419929_1_generated
8eb4_9e1c_0000_1607419930_1_received
345a_8eb4_0000_1607419930_2_received
900c_8eb4_0000_1607419931_2_received
c848_345a_0000_1607419933_3_generated
3031_c848_0000_1607419934_4_generated
66c3_3031_0000_1607419935_5_generated
1380_66c3_0000_1607419935_6_generated
776a_1380_0000_1607419937_7_generated
d8ba_66c3_0000_1607419936_6_received
a2f2_776a_0000_1607419940_8_received
fa68_a2f2_0000_1607419941_9_received
a546_fa68_0000_1607419943_10_generated
a561_a546_0000_1607419945_11_generated
3e0d_a561_0000_1607419946_12_generated
a0d6_3e0d_0000_1607419946_13_generated
da70_a0d6_0000_1607419949_14_generated
17c8_da70_0000_1607419949_15_generated
566d_17c8_0000_1607419951_16_generated
3b71_17c8_0000_1607419952_16_received
9291_566d_0000_1607419953_17_received
91f1_9291_0000_1607419955_18_received
9bd4_91f1_0000_1607419957_19_generated
6358_91f1_0000_1607419956_19_received
9f0e_6358_0000_1607419958_20_received
3aba_9f0e_0000_1607419960_21_received
26b1_3aba_0000_1607419962_22_received
d6bf_26b1_0000_1607419963_23_received
f3f7_d6bf_0000_1607419964_24_generated
6424_f3f7_0000_1607419964_25_generated
c3f5_6424_0000_1607419967_26_received
9d7f_c3f5_0000_1607419968_27_generated
7100_9d7f_0000_1607419969_28_received
54cf_9d7f_0000_1607419970_28_received
0ee6_7100_0000_1607419973_29_received
f7b7_0ee6_0000_1607419974_30_received
c611_0ee6_0000_1607419973_30_received
132d_f7b7_0000_1607419976_31_received
1536_132d_0000_1607419978_32_received
f78c_1536_0000_1607419980_33_generated
299c_f78c_0000_1607419981_34_generated
990b_299c_0000_1607419981_35_generated
ec06_990b_0000_1607419983_36_received
c16a_ec06_0000_1607419984_37_generated
d4bf_c16a_0000_1607419985_38_generated
f2a7_d4bf_0000_1607419986_39_generated
f2b1_f2a7_0000_1607419986_40_generated
dac9_f2b1_0000_1607419988_41_generated
58da_f2b1_0000_1607419987_41_received
1268_dac9_0000_1607419989_42_generated
52f6_58da_0000_1607419988_42_received
3aeb_52f6_0000_1607419989_43_received
0cf3_3aeb_0000_1607419992_44_received
259e_0cf3_0000_1607419993_45_received
38fa_259e_0000_1607419994_46_generated
f1b3_38fa_0000_1607419995_47_generated
a3e8_f1b3_0000_1607419996_48_received
40ee_a3e8_0000_1607419997_49_generated
02df_a3e8_0000_1607419996_49_received
2e7e_02df_0000_1607419998_50_received
ba46_2e7e_0000_1607420003_51_generated
af57_ba46_0000_1607420004_52_generated
c651_af57_0000_1607420004_53_generated
020c_2e7e_0000_1607420004_51_received
d1ac_af57_0000_1607420005_53_received
0915_c651_0000_1607420011_54_generated
e65d_0915_0000_1607420014_55_received
9546_e65d_0000_1607420016_56_received
67be_9546_0000_1607420017_57_received
2ca4_67be_0000_1607420019_58_received
1386_2ca4_0000_1607420020_59_received
cad3_1386_0000_1607420023_60_received
2b7d_cad3_0000_1607420024_61_generated
b805_2b7d_0000_1607420025_62_generated
6872_b805_0000_1607420026_63_received
3c61_6872_0000_1607420030_64_generated
b6e1_3c61_0000_1607420031_65_generated
dfa6_3c61_0000_1607420032_65_received
3c44_b6e1_0000_1607420033_66_received
a2a9_3c44_0000_1607420034_67_generated
981b_3c44_0000_1607420035_67_received
87d9_a2a9_0000_1607420037_68_generated
0f89_a2a9_0000_1607420036_68_received
8ef7_87d9_0000_1607420038_69_generated
8395_0f89_0000_1607420038_69_received
4313_8ef7_0000_1607420040_70_generated
6dfa_8395_0000_1607420039_70_received
f45b_6dfa_0000_1607420042_71_received
1b20_f45b_0000_1607420043_72_received
97ff_1b20_0000_1607420045_73_received
8908_97ff_0000_1607420047_74_received
a863_8908_0000_1607420050_75_received
fadc_a863_0000_1607420052_76_received
ba54_fadc_0000_1607420053_77_received
e581_fadc_0000_1607420054_77_received
48be_ba54_0000_1607420057_78_generated
23d4_ba54_0000_1607420056_78_received
7d79_48be_0000_1607420058_79_received
2a95_7d79_0000_1607420060_80_received
03aa_2a95_0000_1607420060_81_received
a013_03aa_0000_1607420062_82_received
064e_a013_0000_1607420063_83_generated
66f5_064e_0000_1607420065_84_received
7e88_66f5_0000_1607420066_85_generated
2ae2_7e88_0000_1607420068_86_received
05f5_2ae2_0000_1607420070_87_received
91fa_2ae2_0000_1607420069_87_received
2f50_05f5_0000_1607420073_88_received
0770_91fa_0000_1607420074_88_received
78f3_0770_0000_1607420075_89_received
e084_78f3_0000_1607420076_90_generated
8373_78f3_0000_1607420077_90_received
7151_e084_0000_1607420081_91_received
5b83_7151_0000_1607420083_92_received
2d1b_7151_0000_1607420082_92_received
734d_5b83_0000_1607420087_93_generated
bcea_734d_0000_1607420087_94_generated
4f4e_bcea_0000_1607420089_95_generated
a4d5_4f4e_0000_1607420091_96_generated
297f_a4d5_0000_1607420093_97_received
75f2_297f_0000_1607420094_98_generated
a22d_75f2_0000_1607420096_99_received
2544_a22d_0000_1607420098_100_generated
4b77_2544_0000_1607420098_101_generated
430f_4b77_0000_1607420099_102_generated
e92f_430f_0000_1607420099_103_generated
687d_e92f_0000_1607420103_104_received
7c2b_687d_0000_1607420106_105_received
f627_7c2b_0000_1607420108_106_received
10c7_f627_0000_1607420108_107_received
dcaf_10c7_0000_1607420109_108_received
c57d_7c2b_0000_1607420109_106_received
346c_dcaf_0000_1607420111_109_generated
fad8_346c_0000_1607420116_110_generated
c1e3_fad8_0000_1607420117_111_received
3fef_c1e3_0000_1607420117_112_received
362a_3fef_0000_1607420119_113_received
a167_362a_0000_1607420121_114_generated
f1e9_3fef_0000_1607420120_113_received
6800_a167_0000_1607420123_115_generated
e144_6800_0000_1607420124_116_generated
0543_a167_0000_1607420124_115_received
27b0_6800_0000_1607420125_116_received
be56_e144_0000_1607420127_117_generated
c6eb_be56_0000_1607420128_118_generated
9653_c6eb_0000_1607420129_119_generated
93b4_27b0_0000_1607420128_117_received
78a5_9653_0000_1607420134_120_generated
c735_9653_0000_1607420135_120_received
804f_78a5_0000_1607420137_121_generated
a7fe_804f_0000_1607420138_122_received
a600_a7fe_0000_1607420143_123_received
a0bb_a600_0000_1607420146_124_generated
0994_a600_0000_1607420145_124_received
bc1d_0994_0000_1607420148_125_received
34bf_a0bb_0000_1607420149_125_received
d589_bc1d_0000_1607420153_126_generated
2bbe_d589_0000_1607420154_127_received
4e77_2bbe_0000_1607420156_128_generated
c9ad_4e77_0000_1607420158_129_generated
47c9_c9ad_0000_1607420159_130_generated
e86b_c9ad_0000_1607420160_130_received
3f67_47c9_0000_1607420162_131_generated
cd5e_4e77_0000_1607420160_129_received
158a_3f67_0000_1607420165_132_generated
07ee_3f67_0000_1607420164_132_received
ad39_158a_0000_1607420168_133_generated
b5b4_ad39_0000_1607420169_134_generated
6967_b5b4_0000_1607420171_135_generated
1138_07ee_0000_1607420169_133_received
26d2_6967_0000_1607420172_136_generated
7400_b5b4_0000_1607420172_135_received
0729_26d2_0000_1607420177_137_generated
bb1b_7400_0000_1607420174_136_received
b234_0729_0000_1607420178_138_generated
9351_b234_0000_1607420178_139_generated
1e09_9351_0000_1607420182_140_generated
5af5_0729_0000_1607420179_138_received
8de6_5af5_0000_1607420180_139_received
9bf7_9351_0000_1607420181_140_received
ff12_1e09_0000_1607420185_141_generated
bd63_9bf7_0000_1607420185_141_received
71dc_bd63_0000_1607420187_142_received
8deb_71dc_0000_1607420189_143_generated
5bf2_8deb_0000_1607420190_144_generated
1eb2_ff12_0000_1607420189_142_received
ab7a_5bf2_0000_1607420192_145_generated
e9eb_ab7a_0000_1607420193_146_generated
ac42_e9eb_0000_1607420193_147_generated
d7f9_ac42_0000_1607420196_148_generated
36d1_5bf2_0000_1607420194_145_received
7d8d_36d1_0000_1607420195_146_received
2871_d7f9_0000_1607420202_149_generated
4f4f_d7f9_0000_1607420200_149_received
ec8c_ac42_0000_1607420199_148_received
a054_2871_0000_1607420205_150_generated
e961_4f4f_0000_1607420203_150_received
ee29_a054_0000_1607420207_151_generated
0033_4f4f_0000_1607420205_150_received
f82e_e961_0000_1607420207_151_received
b5fe_f82e_0000_1607420210_152_received
feb8_b5fe_0000_1607420212_153_generated
5de2_ee29_0000_1607420211_152_received
8d3a_feb8_0000_1607420219_154_received
273e_8d3a_0000_1607420222_155_generated
164b_8d3a_0000_1607420219_155_received
cab3_164b_0000_1607420221_156_received
e091_164b_0000_1607420222_156_received
ddf2_cab3_0000_1607420225_157_generated
04c9_ddf2_0000_1607420226_158_generated
cdae_04c9_0000_1607420227_159_generated
2e0c_ddf2_0000_1607420227_158_received
bfed_2e0c_0000_1607420228_159_received
5aac_cdae_0000_1607420232_160_generated
e250_5aac_0000_1607420232_161_generated
5e41_cdae_0000_1607420233_160_received
a914_cdae_0000_1607420231_160_received
5eec_e250_0000_1607420238_162_generated
fc3b_bfed_0000_1607420232_160_received
2a52_bfed_0000_1607420233_160_received
6b4e_e250_0000_1607420239_162_received
e5b2_a914_0000_1607420235_161_received
4daa_5eec_0000_1607420243_163_generated
a61d_e5b2_0000_1607420237_162_received
75c3_4daa_0000_1607420244_164_generated
345e_e250_0000_1607420241_162_received
7b2b_900c_0000_1607420244_3_received
48d6_75c3_0000_1607420247_165_generated
a750_7b2b_0000_1607420245_4_received
a789_e250_0000_1607420240_162_received
2228_a61d_0000_1607420242_163_received
4a94_48d6_0000_1607420250_166_generated
5737_6b4e_0000_1607420244_163_received
8531_a789_0000_1607420242_163_received
e4f4_6b4e_0000_1607420246_163_received
9479_a750_0000_1607420250_5_received
a336_4a94_0000_1607420254_167_generated
428b_2228_0000_1607420251_164_received
901b_a336_0000_1607420258_168_generated
2256_8531_0000_1607420246_164_received
6729_9479_0000_1607420260_6_received
288f_5737_0000_1607420249_164_received
0753_901b_0000_1607420262_169_received
b27f_0753_0000_1607420267_170_generated
6e90_b27f_0000_1607420268_171_generated
d3a9_0753_0000_1607420269_170_received
4494_6e90_0000_1607420273_172_generated
9a64_b27f_0000_1607420270_171_received
4aba_a336_0000_1607420269_168_received
1db3_9a64_0000_1607420275_172_received
409e_6e90_0000_1607420275_172_received
d306_4494_0000_1607420280_173_generated
834c_b27f_0000_1607420273_171_received
856b_6729_0000_1607420278_7_received
b104_d306_0000_1607420283_174_generated
7cee_1db3_0000_1607420278_173_received
bec2_834c_0000_1607420275_172_received
37e1_409e_0000_1607420282_173_received
0715_409e_0000_1607420278_173_received
2292_409e_0000_1607420283_173_received
46ce_b104_0000_1607420289_175_generated
eb35_856b_0000_1607420289_8_received
6bed_eb35_0000_1607420290_9_received
58b9_0715_0000_1607420280_174_received
6739_6bed_0000_1607420291_10_received
d1fd_46ce_0000_1607420295_176_generated
7155_6bed_0000_1607420292_10_received
639a_6739_0000_1607420299_11_received
317b_d1fd_0000_1607420301_177_generated
a620_317b_0000_1607420302_178_generated
3d9e_a620_0000_1607420304_179_generated
65fa_58b9_0000_1607420292_175_received
7cd0_65fa_0000_1607420296_176_received
8811_7cd0_0000_1607420298_177_received
4bf2_8811_0000_1607420302_178_received
9502_7cee_0000_1607420287_174_received
269c_3d9e_0000_1607420312_180_generated
1545_2292_0000_1607420287_174_received
05b1_a620_0000_1607420311_179_received
cbec_269c_0000_1607420315_181_generated
4cb9_4bf2_0000_1607420311_179_received
da81_58b9_0000_1607420295_175_received
bade_cbec_0000_1607420319_182_generated
542e_da81_0000_1607420306_176_received
c14e_bade_0000_1607420321_183_generated
24c7_639a_0000_1607420321_12_received
1856_24c7_0000_1607420325_13_received
23aa_c14e_0000_1607420327_184_generated
3fd9_23aa_0000_1607420330_185_generated
ccc5_05b1_0000_1607420320_180_received
eaa8_1856_0000_1607420332_14_received
507b_3fd9_0000_1607420334_186_generated
7193_23aa_0000_1607420331_185_received
4c00_c14e_0000_1607420331_184_received
d35d_507b_0000_1607420337_187_generated
f08e_c14e_0000_1607420328_184_received
cced_7193_0000_1607420336_186_received
3130_3fd9_0000_1607420337_186_received
bc7b_eaa8_0000_1607420339_15_received
1ddc_d35d_0000_1607420343_188_generated
51c4_3fd9_0000_1607420338_186_received
f12a_bc7b_0000_1607420341_16_received
9785_f12a_0000_1607420342_17_received
3bad_9785_0000_1607420343_18_received
ce26_3bad_0000_1607420344_19_received
a60e_ce26_0000_1607420346_20_received
1029_a60e_0000_1607420347_21_received
83de_1ddc_0000_1607420350_189_generated
9f24_1029_0000_1607420348_22_received
e5d9_9f24_0000_1607420350_23_received
0837_83de_0000_1607420355_190_generated
572e_0837_0000_1607420358_191_generated
19a9_e5d9_0000_1607420357_24_received
3e2d_572e_0000_1607420361_192_generated
f78e_19a9_0000_1607420360_25_received
875c_3e2d_0000_1607420364_193_generated
5797_f78e_0000_1607420363_26_received
cd52_5797_0000_1607420364_27_received
a75c_cd52_0000_1607420368_28_received
5c17_a75c_0000_1607420371_29_received
3cbd_5c17_0000_1607420374_30_received
6509_875c_0000_1607420377_194_generated
69c6_6509_0000_1607420380_195_generated
1e50_69c6_0000_1607420386_196_generated
d739_1e50_0000_1607420387_197_generated
cc6a_3cbd_0000_1607420388_31_received
9090_d739_0000_1607420393_198_generated
2bc6_9090_0000_1607420395_199_generated
bbf4_2bc6_0000_1607420398_200_generated
c6c4_bbf4_0000_1607420399_201_generated
2e93_cc6a_0000_1607420398_32_received
2bcb_c6c4_0000_1607420404_202_generated
e01b_2e93_0000_1607420402_33_received
023a_e01b_0000_1607420405_34_received
859a_e01b_0000_1607420406_34_received
a38a_859a_0000_1607420408_35_received
f0af_a38a_0000_1607420410_36_received
282f_2bcb_0000_1607420412_203_generated
09c6_f0af_0000_1607420414_37_received
faa2_282f_0000_1607420416_204_generated
8d74_faa2_0000_1607420418_205_generated
fac0_09c6_0000_1607420421_38_received
b8ac_8d74_0000_1607420423_206_generated
0e15_b8ac_0000_1607420425_207_generated
6774_0e15_0000_1607420430_208_generated
4dbe_fac0_0000_1607420429_39_received
88cb_4dbe_0000_1607420430_40_received
2ecd_88cb_0000_1607420432_41_received
7d20_2ecd_0000_1607420434_42_received
10dd_7d20_0000_1607420436_43_received
1454_6774_0000_1607420439_209_generated
80b5_1454_0000_1607420441_210_generated
e80f_80b5_0000_1607420442_211_generated
cd16_10dd_0000_1607420442_44_received
71e9_cd16_0000_1607420443_45_received
36fa_e80f_0000_1607420450_212_generated
bb89_36fa_0000_1607420452_213_generated
e696_bb89_0000_1607420454_214_generated
27ec_e696_0000_1607420456_215_generated
b11f_27ec_0000_1607420458_216_generated
977b_b11f_0000_1607420460_217_generated
00d2_71e9_0000_1607420462_46_received
1ba7_977b_0000_1607420465_218_generated
f08f_1ba7_0000_1607420467_219_generated
ef32_00d2_0000_1607420469_47_received
762f_ef32_0000_1607420472_48_received
687b_f08f_0000_1607420476_220_generated
a7b4_687b_0000_1607420478_221_generated
65d0_a7b4_0000_1607420480_222_generated
19f7_65d0_0000_1607420485_223_generated
71ad_19f7_0000_1607420486_224_generated
358d_71ad_0000_1607420488_225_generated
d53d_358d_0000_1607420492_226_generated
9793_d53d_0000_1607420493_227_generated
1058_9793_0000_1607420495_228_generated
c912_762f_0000_1607420494_49_received
6412_c912_0000_1607420495_50_received
b9bb_c912_0000_1607420496_50_received
8ecc_1058_0000_1607420505_229_generated
bbd7_6412_0000_1607420499_51_received
6578_bbd7_0000_1607420501_52_received
4dc0_6578_0000_1607420502_53_received
992f_4dc0_0000_1607420503_54_received
4497_8ecc_0000_1607420516_230_generated
ea71_992f_0000_1607420506_55_received
fd12_ea71_0000_1607420508_56_received
38f8_fd12_0000_1607420510_57_received
c43b_4497_0000_1607420523_231_generated
1c39_38f8_0000_1607420519_58_received
0227_38f8_0000_1607420518_58_received
