c5df_9e1c_0000_1607347927_1_generated
5539_c5df_0000_1607347928_2_received
5782_5539_0000_1607347936_3_received
2097_5782_0000_1607347942_4_received
c02b_2097_0000_1607347942_5_received
1aa5_2097_0000_1607347943_5_received
d52f_c02b_0000_1607347944_6_received
6284_d52f_0000_1607347947_7_received
cbf2_6284_0000_1607347949_8_received
6638_6284_0000_1607347950_8_received
2fbb_6638_0000_1607347950_9_received
33fc_2fbb_0000_1607347951_10_received
6aa8_33fc_0000_1607347955_11_received
00aa_6aa8_0000_1607347956_12_received
3728_00aa_0000_1607347958_13_received
100d_3728_0000_1607347964_14_received
6a9c_100d_0000_1607347964_15_received
37d4_6a9c_0000_1607347967_16_received
6d62_37d4_0000_1607347967_17_received
2e8a_6d62_0000_1607347969_18_received
d932_2e8a_0000_1607347970_19_received
0439_d932_0000_1607347972_20_received
e381_0439_0000_1607347973_21_received
87b9_e381_0000_1607347974_22_received
44b1_87b9_0000_1607347974_23_received
f12e_44b1_0000_1607347977_24_received
0450_f12e_0000_1607347979_25_received
93e6_0450_0000_1607347980_26_received
462c_93e6_0000_1607347981_27_received
3eb6_462c_0000_1607347982_28_received
6957_3eb6_0000_1607347982_29_received
e8de_6957_0000_1607347985_30_received
05a6_e8de_0000_1607347989_31_received
7e05_05a6_0000_1607347993_32_received
edca_7e05_0000_1607347994_33_received
c022_edca_0000_1607347994_34_received
fb32_c022_0000_1607347995_35_received
10fe_fb32_0000_1607347998_36_received
9cf6_10fe_0000_1607348002_37_received
b8e9_9cf6_0000_1607348008_38_received
eefa_b8e9_0000_1607348009_39_received
e747_eefa_0000_1607348011_40_received
0fb4_e747_0000_1607348011_41_received
19ae_0fb4_0000_1607348015_42_received
a587_19ae_0000_1607348016_43_received
ac71_a587_0000_1607348019_44_received
84d5_ac71_0000_1607348022_45_received
89aa_84d5_0000_1607348024_46_received
21ec_89aa_0000_1607348025_47_received
7367_89aa_0000_1607348026_47_received
89d0_7367_0000_1607348027_48_received
941b_89d0_0000_1607348035_49_received
3ea5_941b_0000_1607348036_50_received
a5af_3ea5_0000_1607348037_51_received
93a4_a5af_0000_1607348038_52_received
fcc0_93a4_0000_1607348041_53_received
8d67_fcc0_0000_1607348042_54_received
c9b3_8d67_0000_1607348044_55_received
301d_8d67_0000_1607348045_55_received
9f10_c9b3_0000_1607348048_56_received
2330_301d_0000_1607348048_56_received
a404_9f10_0000_1607348050_57_received
213d_a404_0000_1607348050_58_received
f400_213d_0000_1607348058_59_received
394d_213d_0000_1607348059_59_received
5968_f400_0000_1607348059_60_received
23e1_5968_0000_1607348061_61_received
5ed2_23e1_0000_1607348063_62_received
fefe_5ed2_0000_1607348065_63_received
bd44_fefe_0000_1607348066_64_received
e71f_bd44_0000_1607348068_65_received
4f45_e71f_0000_1607348069_66_received
e2bf_4f45_0000_1607348070_67_received
ad85_e2bf_0000_1607348071_68_received
f6e2_ad85_0000_1607348071_69_received
eb90_f6e2_0000_1607348075_70_received
30c5_eb90_0000_1607348076_71_received
8362_30c5_0000_1607348077_72_received
dd46_8362_0000_1607348079_73_received
cb7c_dd46_0000_1607348087_74_received
c9c2_cb7c_0000_1607348091_75_received
cf25_c9c2_0000_1607348094_76_received
775c_cf25_0000_1607348095_77_received
37c3_775c_0000_1607348098_78_received
a1e6_37c3_0000_1607348102_79_received
5610_a1e6_0000_1607348103_80_received
f8cc_5610_0000_1607348106_81_received
e343_f8cc_0000_1607348108_82_received
b3fc_e343_0000_1607348109_83_received
e743_b3fc_0000_1607348110_84_received
9089_e743_0000_1607348111_85_received
0c43_9089_0000_1607348112_86_received
a72d_0c43_0000_1607348113_87_received
68c4_a72d_0000_1607348116_88_received
671c_68c4_0000_1607348122_89_received
3232_671c_0000_1607348123_90_received
3b1b_3232_0000_1607348126_91_received
5a25_3b1b_0000_1607348137_92_received
4f38_5a25_0000_1607348138_93_received
d883_4f38_0000_1607348139_94_received
26a6_d883_0000_1607348141_95_received
aaaf_26a6_0000_1607348144_96_received
1083_aaaf_0000_1607348148_97_received
a119_1083_0000_1607348152_98_received
0593_a119_0000_1607348156_99_received
f44d_0593_0000_1607348159_100_received
af68_f44d_0000_1607348161_101_received
fed5_af68_0000_1607348165_102_received
1880_af68_0000_1607348166_102_received
b28a_1880_0000_1607348167_103_received
455e_b28a_0000_1607348170_104_received
19fa_455e_0000_1607348173_105_received
3ff5_19fa_0000_1607348177_106_received
7c92_3ff5_0000_1607348179_107_received
5ce5_7c92_0000_1607348181_108_received
7c34_5ce5_0000_1607348181_109_received
b840_7c34_0000_1607348183_110_received
d258_b840_0000_1607348186_111_received
97b6_d258_0000_1607348187_112_received
03e5_97b6_0000_1607348188_113_received
256e_03e5_0000_1607348191_114_received
d3e5_256e_0000_1607348193_115_received
c3fb_d3e5_0000_1607348196_116_received
b4cd_c3fb_0000_1607348198_117_received
c2b0_b4cd_0000_1607348198_118_received
6757_c2b0_0000_1607348207_119_received
882c_6757_0000_1607348208_120_received
8565_882c_0000_1607348208_121_received
c642_882c_0000_1607348209_121_received
78b1_c642_0000_1607348212_122_received
b6cb_8565_0000_1607348212_122_received
aa24_b6cb_0000_1607348214_123_received
e9e7_78b1_0000_1607348215_123_received
4ebd_e9e7_0000_1607348216_124_received
2702_4ebd_0000_1607348217_125_received
5484_2702_0000_1607348219_126_received
475b_5484_0000_1607348226_127_received
7412_475b_0000_1607348229_128_received
dce7_7412_0000_1607348232_129_received
64f2_dce7_0000_1607348235_130_received
3c74_64f2_0000_1607348239_131_received
0523_3c74_0000_1607348241_132_received
4c1a_0523_0000_1607348244_133_received
9b52_4c1a_0000_1607348246_134_received
8260_9b52_0000_1607348249_135_received
f44e_8260_0000_1607348251_136_received
c71e_8260_0000_1607348252_136_received
e784_c71e_0000_1607348253_137_received
4cc4_e784_0000_1607348253_138_received
4685_f44e_0000_1607348254_137_received
ba24_4cc4_0000_1607348256_139_received
32b1_ba24_0000_1607348257_140_received
ed15_32b1_0000_1607348260_141_received
f069_ed15_0000_1607348266_142_received
3070_f069_0000_1607348267_143_received
ae38_3070_0000_1607348270_144_received
1f0f_ae38_0000_1607348278_145_received
a452_1f0f_0000_1607348281_146_received
f8a2_a452_0000_1607348283_147_received
411a_f8a2_0000_1607348291_148_received
fbef_411a_0000_1607348292_149_received
e622_fbef_0000_1607348294_150_received
7a8f_e622_0000_1607348296_151_received
