fe12_9e1c_0000_1607385501_1_received
3cb9_fe12_0000_1607385508_2_received
d508_3cb9_0000_1607385509_3_received
8500_d508_0000_1607385511_4_received
8da3_8500_0000_1607385511_5_received
2e85_8da3_0000_1607385522_6_received
6b9e_2e85_0000_1607385524_7_received
b492_6b9e_0000_1607385526_8_received
4fff_b492_0000_1607385532_9_received
1000_4fff_0000_1607385540_10_received
30a7_1000_0000_1607385541_11_received
8e80_30a7_0000_1607385543_12_received
e6f0_30a7_0000_1607385544_12_received
5124_8e80_0000_1607385550_13_received
e1ae_5124_0000_1607385559_14_received
5aec_e1ae_0000_1607385562_15_received
24b7_5aec_0000_1607385566_16_received
9246_24b7_0000_1607385589_17_received
cd5f_9246_0000_1607385593_18_received
0229_cd5f_0000_1607385596_19_received
4dcf_0229_0000_1607385600_20_received
8049_4dcf_0000_1607385602_21_received
f1e9_8049_0000_1607385604_22_received
0758_f1e9_0000_1607385615_23_received
a4d3_0758_0000_1607385617_24_received
4bb4_a4d3_0000_1607385619_25_received
eb1e_4bb4_0000_1607385624_26_received
bada_eb1e_0000_1607385626_27_received
dc42_bada_0000_1607385631_28_received
c49b_dc42_0000_1607385634_29_received
5b45_c49b_0000_1607385635_30_received
d6e2_5b45_0000_1607385639_31_received
399e_d6e2_0000_1607385639_32_received
433e_399e_0000_1607385646_33_received
a0d7_433e_0000_1607385663_34_received
6b25_a0d7_0000_1607385663_35_received
8162_6b25_0000_1607385672_36_received
570f_8162_0000_1607385679_37_received
e6fd_570f_0000_1607385684_38_received
56a1_e6fd_0000_1607385689_39_received
af18_56a1_0000_1607385705_40_received
eb3b_af18_0000_1607385710_41_received
513f_eb3b_0000_1607385732_42_received
c830_513f_0000_1607385735_43_received
7e18_513f_0000_1607385736_43_received
3801_c830_0000_1607385742_44_received
6a29_3801_0000_1607385743_45_received
dd49_c830_0000_1607385743_44_received
319f_6a29_0000_1607385749_46_received
8172_6a29_0000_1607385750_46_received
bf15_319f_0000_1607385759_47_received
c2ef_bf15_0000_1607385761_48_received
ed86_c2ef_0000_1607385768_49_received
a772_ed86_0000_1607385775_50_received
2dfc_a772_0000_1607385779_51_received
b188_2dfc_0000_1607385782_52_received
1a5e_b188_0000_1607385785_53_received
38c3_1a5e_0000_1607385807_54_received
3baf_38c3_0000_1607385814_55_received
55c9_3baf_0000_1607385816_56_received
9f7b_3baf_0000_1607385817_56_received
b9fd_55c9_0000_1607385819_57_received
f5ae_b9fd_0000_1607385824_58_received
57e4_f5ae_0000_1607385825_59_received
2d02_57e4_0000_1607385828_60_received
2f48_2d02_0000_1607385829_61_received
b3ea_2f48_0000_1607385832_62_received
1325_b3ea_0000_1607385834_63_received
ac79_1325_0000_1607385841_64_received
db44_ac79_0000_1607385847_65_received
1a72_db44_0000_1607385854_66_received
c0e1_1a72_0000_1607385855_67_received
a622_c0e1_0000_1607385857_68_received
9ba1_a622_0000_1607385860_69_received
3925_9ba1_0000_1607385861_70_received
3d5d_3925_0000_1607385863_71_received
4ef1_3925_0000_1607385864_71_received
895d_4ef1_0000_1607385876_72_received
81ae_895d_0000_1607385878_73_received
b97f_81ae_0000_1607385885_74_received
f79c_b97f_0000_1607385889_75_received
88a8_f79c_0000_1607385891_76_received
a35d_88a8_0000_1607385898_77_received
6f33_a35d_0000_1607385905_78_received
d418_6f33_0000_1607385912_79_received
f496_d418_0000_1607385913_80_received
a7e3_f496_0000_1607385921_81_received
c73a_a7e3_0000_1607385927_82_received
fb35_c73a_0000_1607385940_83_received
303a_fb35_0000_1607385943_84_received
fcba_303a_0000_1607385958_85_received
d0e3_fcba_0000_1607385960_86_received
7244_d0e3_0000_1607385961_87_received
0acc_7244_0000_1607385962_88_received
bd64_0acc_0000_1607385964_89_received
4b42_bd64_0000_1607385967_90_received
2db1_bd64_0000_1607385968_90_received
af2f_4b42_0000_1607385971_91_received
a118_af2f_0000_1607385973_92_received
1493_a118_0000_1607385976_93_received
6187_1493_0000_1607385978_94_received
f2a7_6187_0000_1607385979_95_received
4678_f2a7_0000_1607385980_96_received
728e_4678_0000_1607385984_97_received
3a73_728e_0000_1607385989_98_received
9fa0_3a73_0000_1607385990_99_received
6ff4_9fa0_0000_1607385997_100_received
c2ac_6ff4_0000_1607386006_101_received
7885_c2ac_0000_1607386007_102_received
06f7_7885_0000_1607386014_103_received
dc78_06f7_0000_1607386016_104_received
b62c_06f7_0000_1607386017_104_received
3a03_dc78_0000_1607386036_105_received
2297_3a03_0000_1607386039_106_received
b545_2297_0000_1607386043_107_received
2789_b545_0000_1607386048_108_received
db3a_2789_0000_1607386050_109_received
3e3a_db3a_0000_1607386061_110_received
62fd_3e3a_0000_1607386066_111_received
892f_3e3a_0000_1607386067_111_received
a204_892f_0000_1607386071_112_received
20fd_a204_0000_1607386075_113_received
c137_20fd_0000_1607386084_114_received
5fb3_c137_0000_1607386094_115_received
