f6e7_9e1c_0000_1607096851_1_generated
929b_f6e7_0000_1607096853_2_received
c4db_929b_0000_1607096857_3_received
841e_c4db_0000_1607096860_4_generated
1fe7_841e_0000_1607096866_5_generated
fa38_1fe7_0000_1607096866_6_generated
66a7_1fe7_0000_1607096867_6_received
b21d_fa38_0000_1607096874_7_generated
c609_b21d_0000_1607096876_8_generated
8b86_c609_0000_1607096881_9_generated
2a12_8b86_0000_1607096882_10_received
18a8_2a12_0000_1607096886_11_generated
438c_18a8_0000_1607096887_12_received
dbd4_438c_0000_1607096888_13_generated
97d7_dbd4_0000_1607096890_14_generated
772e_97d7_0000_1607096900_15_generated
0f04_772e_0000_1607096903_16_generated
85a5_0f04_0000_1607096906_17_generated
1175_85a5_0000_1607096908_18_generated
df05_1175_0000_1607096916_19_generated
22b7_1175_0000_1607096917_19_received
2d85_df05_0000_1607096925_20_generated
06c0_df05_0000_1607096927_20_received
f917_2d85_0000_1607096929_21_generated
7efe_f917_0000_1607096935_22_generated
a29b_7efe_0000_1607096936_23_generated
d535_a29b_0000_1607096940_24_generated
e39c_d535_0000_1607096956_25_generated
ef83_e39c_0000_1607096966_26_received
2ba3_ef83_0000_1607096971_27_generated
b891_2ba3_0000_1607096978_28_received
9dcd_b891_0000_1607096995_29_received
4bd7_9dcd_0000_1607097005_30_generated
4ba9_4bd7_0000_1607097005_31_generated
962c_4ba9_0000_1607097007_32_received
61b6_962c_0000_1607097008_33_generated
f20d_61b6_0000_1607097010_34_generated
6bd3_f20d_0000_1607097012_35_received
f7fa_6bd3_0000_1607097013_36_received
c415_f7fa_0000_1607097018_37_received
5c17_c415_0000_1607097021_38_received
f36a_5c17_0000_1607097026_39_received
fcee_f36a_0000_1607097027_40_received
76c4_fcee_0000_1607097029_41_received
ec5a_76c4_0000_1607097034_42_generated
aa86_ec5a_0000_1607097039_43_generated
6600_aa86_0000_1607097052_44_generated
263e_6600_0000_1607097068_45_received
32ea_263e_0000_1607097070_46_generated
8add_32ea_0000_1607097073_47_received
4135_8add_0000_1607097074_48_received
3650_4135_0000_1607097084_49_received
ab00_3650_0000_1607097086_50_generated
b666_ab00_0000_1607097100_51_generated
cbac_b666_0000_1607097105_52_received
a8d1_cbac_0000_1607097108_53_received
46fc_a8d1_0000_1607097111_54_generated
9525_a8d1_0000_1607097112_54_received
c377_46fc_0000_1607097113_55_generated
84e6_c377_0000_1607097116_56_received
1705_84e6_0000_1607097118_57_received
9084_1705_0000_1607097127_58_received
c649_9084_0000_1607097133_59_generated
e4b1_c649_0000_1607097146_60_generated
b278_e4b1_0000_1607097146_61_generated
06ff_b278_0000_1607097149_62_generated
acd6_06ff_0000_1607097151_63_received
2db5_acd6_0000_1607097153_64_generated
d1ab_2db5_0000_1607097154_65_generated
8391_d1ab_0000_1607097155_66_generated
67ac_8391_0000_1607097155_67_generated
e58e_67ac_0000_1607097161_68_generated
daba_67ac_0000_1607097160_68_received
4e1e_daba_0000_1607097162_69_received
b2cb_4e1e_0000_1607097176_70_received
50a7_b2cb_0000_1607097178_71_generated
439e_50a7_0000_1607097181_72_received
2cf1_439e_0000_1607097182_73_received
8e7e_2cf1_0000_1607097189_74_generated
6b7d_8e7e_0000_1607097197_75_generated
6d0a_6b7d_0000_1607097198_76_generated
16d0_6d0a_0000_1607097203_77_generated
4dd2_16d0_0000_1607097204_78_generated
2607_4dd2_0000_1607097210_79_received
02ff_2607_0000_1607097217_80_received
5816_02ff_0000_1607097222_81_generated
cd34_5816_0000_1607097235_82_received
554d_cd34_0000_1607097237_83_received
4f91_554d_0000_1607097252_84_received
4262_4f91_0000_1607097254_85_generated
06c2_4262_0000_1607097255_86_generated
daf1_06c2_0000_1607097262_87_generated
ab02_daf1_0000_1607097263_88_generated
f41f_ab02_0000_1607097268_89_generated
2697_f41f_0000_1607097272_90_generated
aa4d_2697_0000_1607097280_91_received
368f_aa4d_0000_1607097286_92_received
fe3b_368f_0000_1607097289_93_received
301b_fe3b_0000_1607097292_94_received
5d0c_301b_0000_1607097294_95_received
18b8_5d0c_0000_1607097297_96_generated
743d_18b8_0000_1607097301_97_received
24eb_743d_0000_1607097305_98_received
3638_24eb_0000_1607097309_99_generated
de0a_3638_0000_1607097312_100_received
7d70_3638_0000_1607097313_100_received
9694_de0a_0000_1607097315_101_generated
627f_9694_0000_1607097317_102_received
222a_627f_0000_1607097337_103_received
5045_222a_0000_1607097338_104_generated
38ea_627f_0000_1607097338_103_received
47af_5045_0000_1607097341_105_generated
0a92_47af_0000_1607097349_106_generated
ec90_0a92_0000_1607097367_107_received
6f96_ec90_0000_1607097375_108_received
84a1_6f96_0000_1607097377_109_generated
2b5d_84a1_0000_1607097377_110_generated
719e_2b5d_0000_1607097381_111_received
7727_2b5d_0000_1607097382_111_received
f2a4_719e_0000_1607097385_112_generated
2c20_f2a4_0000_1607097388_113_generated
2d37_2c20_0000_1607097391_114_generated
a998_2d37_0000_1607097394_115_generated
f08c_a998_0000_1607097404_116_generated
f3c9_f08c_0000_1607097407_117_received
37b3_f3c9_0000_1607097409_118_received
740a_37b3_0000_1607097411_119_received
480d_740a_0000_1607097414_120_generated
948f_480d_0000_1607097415_121_received
aee5_948f_0000_1607097423_122_generated
b5b1_aee5_0000_1607097428_123_received
42e7_b5b1_0000_1607097443_124_generated
c54b_42e7_0000_1607097446_125_received
51b8_c54b_0000_1607097451_126_received
e74a_51b8_0000_1607097452_127_generated
a513_e74a_0000_1607097459_128_received
94ee_a513_0000_1607097463_129_received
550d_94ee_0000_1607097465_130_received
b9b6_550d_0000_1607097473_131_generated
3774_b9b6_0000_1607097478_132_received
3b1e_3774_0000_1607097480_133_received
3516_3b1e_0000_1607097484_134_generated
bc2d_3516_0000_1607097488_135_received
ea25_bc2d_0000_1607097490_136_generated
3cef_ea25_0000_1607097491_137_generated
7b00_ea25_0000_1607097492_137_received
f1b3_7b00_0000_1607097508_138_received
e8a0_f1b3_0000_1607097511_139_generated
5357_f1b3_0000_1607097510_139_received
7f97_5357_0000_1607097512_140_received
009f_7f97_0000_1607097513_141_generated
56ac_009f_0000_1607097517_142_generated
94dc_56ac_0000_1607097526_143_received
f568_94dc_0000_1607097529_144_generated
f2be_f568_0000_1607097531_145_received
143e_f2be_0000_1607097538_146_generated
d1a0_f2be_0000_1607097539_146_received
9e88_143e_0000_1607097542_147_generated
aaf7_9e88_0000_1607097549_148_received
2024_aaf7_0000_1607097551_149_generated
5f79_2024_0000_1607097554_150_generated
1077_5f79_0000_1607097555_151_generated
a79d_1077_0000_1607097571_152_generated
de12_a79d_0000_1607097572_153_generated
