9fcd_9e1c_0000_1607175867_1_received
ed88_9fcd_0000_1607175873_2_received
8380_ed88_0000_1607175880_3_generated
fb49_8380_0000_1607175884_4_generated
6482_8380_0000_1607175883_4_received
e17d_fb49_0000_1607175887_5_generated
39f4_e17d_0000_1607175897_6_generated
e689_39f4_0000_1607175897_7_generated
d3d5_e17d_0000_1607175896_6_received
5151_e689_0000_1607175904_8_generated
6a94_5151_0000_1607175911_9_received
0fc1_6a94_0000_1607175913_10_generated
4c43_0fc1_0000_1607175924_11_generated
4ce2_4c43_0000_1607175932_12_generated
32f1_4c43_0000_1607175931_12_received
bd97_4ce2_0000_1607175951_13_generated
53dd_bd97_0000_1607175954_14_generated
9cb6_53dd_0000_1607175965_15_generated
9805_9cb6_0000_1607175967_16_generated
6792_9cb6_0000_1607175968_16_received
7c99_9805_0000_1607175983_17_generated
5940_7c99_0000_1607175985_18_generated
adc4_5940_0000_1607175991_19_received
e690_adc4_0000_1607175993_20_generated
ae73_e690_0000_1607175996_21_generated
1c8f_ae73_0000_1607176004_22_generated
7ebe_1c8f_0000_1607176004_23_generated
f281_ae73_0000_1607176005_22_received
b4ef_7ebe_0000_1607176016_24_received
9c01_b4ef_0000_1607176016_25_received
a8a6_9c01_0000_1607176024_26_generated
2e7e_9c01_0000_1607176025_26_received
b790_2e7e_0000_1607176032_27_received
961e_b790_0000_1607176034_28_generated
d7ee_961e_0000_1607176035_29_generated
2f4d_d7ee_0000_1607176039_30_generated
cb2f_2f4d_0000_1607176045_31_generated
19ea_cb2f_0000_1607176055_32_received
0633_19ea_0000_1607176060_33_generated
0d1f_0633_0000_1607176060_34_generated
a95b_0d1f_0000_1607176061_35_generated
beca_a95b_0000_1607176063_36_generated
c304_beca_0000_1607176069_37_generated
5242_c304_0000_1607176072_38_generated
11df_5242_0000_1607176072_39_generated
cb6a_11df_0000_1607176077_40_received
deda_cb6a_0000_1607176079_41_generated
fbd7_deda_0000_1607176082_42_received
889b_fbd7_0000_1607176094_43_generated
36ac_889b_0000_1607176098_44_received
606e_36ac_0000_1607176112_45_received
b97c_606e_0000_1607176127_46_generated
e944_b97c_0000_1607176128_47_generated
2f1f_b97c_0000_1607176129_47_received
a461_e944_0000_1607176132_48_generated
3aa3_a461_0000_1607176140_49_generated
88ab_3aa3_0000_1607176141_50_generated
ff47_88ab_0000_1607176144_51_generated
8fe6_ff47_0000_1607176147_52_generated
d3f2_ff47_0000_1607176148_52_received
9043_8fe6_0000_1607176149_53_generated
8f94_9043_0000_1607176157_54_received
2e46_8f94_0000_1607176159_55_generated
caad_2e46_0000_1607176170_56_generated
149a_caad_0000_1607176179_57_generated
10c0_149a_0000_1607176188_58_generated
a150_10c0_0000_1607176190_59_received
a890_a150_0000_1607176204_60_received
f552_a890_0000_1607176214_61_generated
1ab5_a890_0000_1607176213_61_received
821e_f552_0000_1607176216_62_generated
95db_821e_0000_1607176233_63_generated
4cb7_95db_0000_1607176236_64_generated
e662_4cb7_0000_1607176249_65_generated
7f37_e662_0000_1607176255_66_generated
ba04_7f37_0000_1607176256_67_generated
3c84_ba04_0000_1607176266_68_generated
3c1c_3c84_0000_1607176276_69_generated
abf5_3c1c_0000_1607176277_70_generated
c6d1_abf5_0000_1607176280_71_received
40b3_c6d1_0000_1607176282_72_generated
dee3_40b3_0000_1607176298_73_generated
e814_dee3_0000_1607176310_74_generated
a5ee_dee3_0000_1607176309_74_received
e638_e814_0000_1607176313_75_generated
96d7_e638_0000_1607176316_76_generated
ea59_96d7_0000_1607176318_77_received
2203_ea59_0000_1607176320_78_generated
f879_2203_0000_1607176327_79_generated
548a_f879_0000_1607176333_80_received
3cf0_548a_0000_1607176344_81_generated
618a_3cf0_0000_1607176351_82_generated
8a72_618a_0000_1607176357_83_generated
244e_618a_0000_1607176356_83_received
65b5_244e_0000_1607176359_84_received
7066_65b5_0000_1607176363_85_received
c8eb_7066_0000_1607176364_86_generated
5bcc_c8eb_0000_1607176375_87_received
1113_5bcc_0000_1607176380_88_received
ad01_1113_0000_1607176394_89_generated
b2b4_ad01_0000_1607176404_90_generated
7c16_b2b4_0000_1607176412_91_generated
c8ac_7c16_0000_1607176415_92_generated
d68e_c8ac_0000_1607176420_93_received
f908_d68e_0000_1607176432_94_received
5475_f908_0000_1607176434_95_generated
df4d_5475_0000_1607176440_96_generated
1470_df4d_0000_1607176441_97_generated
4ed9_1470_0000_1607176443_98_generated
c07a_4ed9_0000_1607176445_99_generated
4f17_c07a_0000_1607176452_100_generated
ff36_4f17_0000_1607176458_101_generated
dfbb_ff36_0000_1607176459_102_generated
81cf_dfbb_0000_1607176465_103_generated
58f8_81cf_0000_1607176475_104_generated
6026_58f8_0000_1607176481_105_generated
6f1c_6026_0000_1607176487_106_generated
fb15_6f1c_0000_1607176488_107_generated
672d_fb15_0000_1607176493_108_received
ed07_672d_0000_1607176496_109_generated
b2f8_ed07_0000_1607176496_110_generated
6cf8_b2f8_0000_1607176505_111_received
9406_6cf8_0000_1607176507_112_generated
8910_9406_0000_1607176518_113_generated
b691_8910_0000_1607176523_114_received
9473_b691_0000_1607176539_115_received
58ad_9473_0000_1607176568_116_received
