08c6_9e1c_0000_1607178755_1_received
b119_08c6_0000_1607178758_2_generated
2e4c_b119_0000_1607178758_3_received
915c_2e4c_0000_1607178760_4_received
e091_915c_0000_1607178761_5_received
2899_e091_0000_1607178764_6_received
4211_e091_0000_1607178765_6_received
c148_2899_0000_1607178767_7_received
f245_c148_0000_1607178769_8_received
c263_f245_0000_1607178771_9_received
d3d8_c263_0000_1607178771_10_received
c951_f245_0000_1607178772_9_received
f885_d3d8_0000_1607178772_11_received
1a82_c951_0000_1607178772_10_received
f8d3_f885_0000_1607178772_12_received
b49a_f8d3_0000_1607178773_13_received
640a_b49a_0000_1607178774_14_received
c0a7_640a_0000_1607178776_15_received
1cf8_c0a7_0000_1607178780_16_received
6eb8_1cf8_0000_1607178781_17_received
75e2_6eb8_0000_1607178782_18_received
ecbc_1cf8_0000_1607178782_17_received
5ae1_75e2_0000_1607178783_19_received
841b_75e2_0000_1607178784_19_received
da60_5ae1_0000_1607178786_20_received
ba68_841b_0000_1607178786_20_received
a7c7_ba68_0000_1607178788_21_received
124c_a7c7_0000_1607178789_22_received
18b1_124c_0000_1607178791_23_received
fe95_124c_0000_1607178792_23_received
31a0_18b1_0000_1607178793_24_received
a0d6_31a0_0000_1607178794_25_received
f5d0_a0d6_0000_1607178797_26_generated
7140_f5d0_0000_1607178798_27_received
0170_7140_0000_1607178802_28_received
11af_0170_0000_1607178804_29_received
796c_11af_0000_1607178809_30_received
01a7_796c_0000_1607178810_31_received
0238_01a7_0000_1607178814_32_received
1119_0238_0000_1607178817_33_received
a360_1119_0000_1607178819_34_received
e825_a360_0000_1607178819_35_received
969d_e825_0000_1607178821_36_received
2369_969d_0000_1607178823_37_received
4226_2369_0000_1607178826_38_received
370f_4226_0000_1607178830_39_received
26a0_370f_0000_1607178832_40_received
bb2c_26a0_0000_1607178838_41_received
86b0_26a0_0000_1607178839_41_received
2b4b_bb2c_0000_1607178844_42_received
51c0_2b4b_0000_1607178845_43_received
35ee_51c0_0000_1607178847_44_received
6501_35ee_0000_1607178848_45_received
ca41_6501_0000_1607178850_46_received
f897_ca41_0000_1607178850_47_received
ae9f_f897_0000_1607178851_48_received
613c_ae9f_0000_1607178854_49_received
a3f9_613c_0000_1607178858_50_received
e24c_a3f9_0000_1607178859_51_received
0284_e24c_0000_1607178861_52_received
02b0_e24c_0000_1607178862_52_received
bf07_02b0_0000_1607178863_53_received
8b60_bf07_0000_1607178865_54_received
d1c5_8b60_0000_1607178865_55_received
a994_d1c5_0000_1607178872_56_received
347c_a994_0000_1607178874_57_received
eb7f_347c_0000_1607178875_58_received
f778_eb7f_0000_1607178878_59_received
1e4e_f778_0000_1607178879_60_received
3f96_1e4e_0000_1607178880_61_received
6c60_3f96_0000_1607178882_62_received
84d4_6c60_0000_1607178882_63_received
a8cf_84d4_0000_1607178883_64_received
f089_a8cf_0000_1607178883_65_received
5dc1_f089_0000_1607178884_66_received
dcee_5dc1_0000_1607178885_67_received
fd23_f089_0000_1607178885_66_received
81bd_dcee_0000_1607178888_68_generated
cb33_81bd_0000_1607178890_69_received
b1a0_cb33_0000_1607178891_70_received
1e28_b1a0_0000_1607178894_71_received
7802_1e28_0000_1607178894_72_received
a151_7802_0000_1607178896_73_received
f11e_a151_0000_1607178899_74_received
e5df_f11e_0000_1607178901_75_received
912a_e5df_0000_1607178902_76_received
447f_912a_0000_1607178902_77_received
12d0_447f_0000_1607178904_78_generated
4cac_12d0_0000_1607178905_79_generated
9848_12d0_0000_1607178904_79_received
ab8e_4cac_0000_1607178907_80_generated
4d10_ab8e_0000_1607178909_81_received
7502_4d10_0000_1607178911_82_received
1cde_7502_0000_1607178911_83_received
06ed_1cde_0000_1607178914_84_received
04e6_06ed_0000_1607178915_85_received
dcc0_04e6_0000_1607178917_86_received
47c6_04e6_0000_1607178918_86_received
62f6_47c6_0000_1607178918_87_received
e1ff_62f6_0000_1607178919_88_received
84da_e1ff_0000_1607178920_89_received
dbd8_84da_0000_1607178921_90_received
e6c4_dbd8_0000_1607178923_91_received
f379_e6c4_0000_1607178926_92_received
faa6_f379_0000_1607178928_93_received
40fe_faa6_0000_1607178929_94_received
2d5f_40fe_0000_1607178929_95_received
ac49_2d5f_0000_1607178930_96_received
09be_40fe_0000_1607178931_95_received
774b_ac49_0000_1607178933_97_received
257c_774b_0000_1607178935_98_generated
47ad_774b_0000_1607178936_98_received
4c8a_47ad_0000_1607178936_99_received
259e_4c8a_0000_1607178939_100_received
d959_259e_0000_1607178942_101_received
df6c_d959_0000_1607178943_102_received
f3cd_df6c_0000_1607178949_103_received
a24a_f3cd_0000_1607178950_104_received
be41_a24a_0000_1607178953_105_received
68be_be41_0000_1607178954_106_received
837c_68be_0000_1607178955_107_generated
db0e_a24a_0000_1607178954_105_received
19b9_db0e_0000_1607178954_106_received
236c_68be_0000_1607178956_107_received
ec10_236c_0000_1607178959_108_received
0843_ec10_0000_1607178962_109_received
ad16_0843_0000_1607178963_110_received
7458_ad16_0000_1607178968_111_received
65c0_7458_0000_1607178971_112_received
fda6_65c0_0000_1607178974_113_generated
6bd5_fda6_0000_1607178974_114_received
68fb_6bd5_0000_1607178975_115_received
f636_68fb_0000_1607178980_116_received
8875_f636_0000_1607178981_117_received
f2d6_68fb_0000_1607178981_116_received
42e8_8875_0000_1607178983_118_received
c25a_42e8_0000_1607178983_119_received
abbe_c25a_0000_1607178987_120_received
a549_c25a_0000_1607178988_120_received
8e0c_abbe_0000_1607178988_121_received
6c38_8e0c_0000_1607178990_122_received
3ae4_6c38_0000_1607178991_123_received
fc18_3ae4_0000_1607178992_124_received
b6ad_fc18_0000_1607178994_125_received
da58_b6ad_0000_1607178996_126_received
fde0_b6ad_0000_1607178997_126_received
66d1_da58_0000_1607178999_127_received
3549_66d1_0000_1607179002_128_received
6934_3549_0000_1607179008_129_received
fdff_6934_0000_1607179010_130_received
facf_fdff_0000_1607179012_131_received
870a_facf_0000_1607179013_132_received
229c_870a_0000_1607179016_133_received
2eec_229c_0000_1607179019_134_received
d773_2eec_0000_1607179022_135_received
b1e5_d773_0000_1607179023_136_received
2454_d773_0000_1607179024_136_received
ffb1_b1e5_0000_1607179026_137_received
6640_ffb1_0000_1607179028_138_received
05b4_6640_0000_1607179028_139_received
88e1_05b4_0000_1607179031_140_received
785a_88e1_0000_1607179033_141_received
7be4_785a_0000_1607179034_142_received
8a7d_7be4_0000_1607179034_143_received
0d4f_8a7d_0000_1607179037_144_received
236e_0d4f_0000_1607179037_145_received
2a21_236e_0000_1607179039_146_received
dbe7_236e_0000_1607179040_146_received
837a_dbe7_0000_1607179041_147_received
833a_837a_0000_1607179043_148_received
d9b2_833a_0000_1607179044_149_received
5691_d9b2_0000_1607179044_150_received
9fcc_833a_0000_1607179045_149_received
f814_5691_0000_1607179047_151_received
35a0_f814_0000_1607179054_152_received
3b81_f814_0000_1607179055_152_received
cccd_3b81_0000_1607179055_153_received
aada_cccd_0000_1607179057_154_received
6d14_aada_0000_1607179059_155_received
f57b_aada_0000_1607179060_155_received
258a_f57b_0000_1607179062_156_received
d8c9_258a_0000_1607179065_157_received
bc57_d8c9_0000_1607179067_158_received
4fca_bc57_0000_1607179069_159_received
4bee_bc57_0000_1607179070_159_received
25ef_4fca_0000_1607179070_160_received
1ce8_25ef_0000_1607179073_161_received
a5cb_1ce8_0000_1607179077_162_received
2233_a5cb_0000_1607179080_163_received
3977_a5cb_0000_1607179081_163_received
b0f5_2233_0000_1607179083_164_generated
420d_2233_0000_1607179082_164_received
9374_420d_0000_1607179083_165_received
879d_9374_0000_1607179087_166_received
9e72_879d_0000_1607179089_167_received
6f11_9e72_0000_1607179092_168_received
88f2_6f11_0000_1607179094_169_generated
9933_88f2_0000_1607179095_170_received
d382_9933_0000_1607179096_171_received
86e8_d382_0000_1607179098_172_received
e073_86e8_0000_1607179101_173_received
fd9e_e073_0000_1607179102_174_received
87e0_fd9e_0000_1607179103_175_received
cd08_87e0_0000_1607179103_176_received
0208_fd9e_0000_1607179104_175_received
70f2_cd08_0000_1607179105_177_received
055c_70f2_0000_1607179109_178_received
ac3d_055c_0000_1607179109_179_received
e3f8_ac3d_0000_1607179112_180_received
6e19_e3f8_0000_1607179112_181_received
c323_ac3d_0000_1607179113_180_received
b757_6e19_0000_1607179118_182_received
db55_b757_0000_1607179121_183_received
c800_db55_0000_1607179122_184_received
50c7_c800_0000_1607179126_185_generated
d9fb_c800_0000_1607179125_185_received
b89e_d9fb_0000_1607179127_186_received
3532_b89e_0000_1607179128_187_received
2ed0_3532_0000_1607179129_188_received
053f_3532_0000_1607179130_188_received
fe5a_053f_0000_1607179131_189_received
7571_2ed0_0000_1607179131_189_received
0cc0_fe5a_0000_1607179133_190_received
b3c0_0cc0_0000_1607179133_191_received
44cc_b3c0_0000_1607179134_192_received
1bb7_44cc_0000_1607179138_193_received
29a0_1bb7_0000_1607179141_194_received
eb2b_29a0_0000_1607179141_195_received
a1d5_eb2b_0000_1607179142_196_received
5e76_a1d5_0000_1607179143_197_received
39dc_5e76_0000_1607179144_198_received
eb92_39dc_0000_1607179144_199_received
a579_39dc_0000_1607179145_199_received
61e6_a579_0000_1607179149_200_received
d3c3_eb92_0000_1607179150_200_received
d79d_d3c3_0000_1607179150_201_received
d36d_d79d_0000_1607179155_202_received
21ea_d36d_0000_1607179158_203_received
5af8_21ea_0000_1607179159_204_received
a1cd_5af8_0000_1607179164_205_received
9606_a1cd_0000_1607179168_206_received
fd22_9606_0000_1607179171_207_received
8f6c_fd22_0000_1607179171_208_received
ebb7_8f6c_0000_1607179172_209_received
bc71_ebb7_0000_1607179174_210_generated
0b49_ebb7_0000_1607179173_210_received
7657_0b49_0000_1607179173_211_received
71eb_0b49_0000_1607179174_211_received
1304_7657_0000_1607179176_212_received
825b_1304_0000_1607179180_213_received
879f_1304_0000_1607179181_213_received
c6af_879f_0000_1607179183_214_received
9e5e_c6af_0000_1607179183_215_received
4112_9e5e_0000_1607179186_216_received
c907_4112_0000_1607179188_217_received
0ec4_c907_0000_1607179189_218_received
9add_0ec4_0000_1607179195_219_received
535a_9add_0000_1607179197_220_received
f8dd_535a_0000_1607179199_221_received
910a_f8dd_0000_1607179199_222_received
0d95_f8dd_0000_1607179200_222_received
5a50_910a_0000_1607179200_223_received
cddf_5a50_0000_1607179201_224_received
0c17_cddf_0000_1607179204_225_generated
eca8_cddf_0000_1607179203_225_received
7c98_0c17_0000_1607179205_226_generated
71c1_eca8_0000_1607179204_226_received
4297_71c1_0000_1607179208_227_received
6377_71c1_0000_1607179209_227_received
d227_4297_0000_1607179212_228_received
fa24_d227_0000_1607179214_229_generated
014d_d227_0000_1607179215_229_received
4d1c_014d_0000_1607179215_230_received
1774_4d1c_0000_1607179218_231_received
35f2_1774_0000_1607179219_232_received
4ae1_35f2_0000_1607179221_233_received
b9e2_35f2_0000_1607179222_233_received
690f_4ae1_0000_1607179222_234_received
7641_b9e2_0000_1607179223_234_received
e039_7641_0000_1607179228_235_received
86cc_690f_0000_1607179229_235_received
c5f1_e039_0000_1607179229_236_received
adbc_c5f1_0000_1607179231_237_received
f5a3_adbc_0000_1607179233_238_received
0177_f5a3_0000_1607179237_239_received
936b_f5a3_0000_1607179238_239_received
0603_0177_0000_1607179242_240_generated
31fe_936b_0000_1607179241_240_received
ffcc_0603_0000_1607179243_241_received
0013_ffcc_0000_1607179245_242_received
c64d_0013_0000_1607179246_243_received
feeb_c64d_0000_1607179247_244_received
090e_c64d_0000_1607179248_244_received
a84c_090e_0000_1607179249_245_received
fa33_a84c_0000_1607179251_246_received
acf8_fa33_0000_1607179251_247_received
b86b_acf8_0000_1607179252_248_received
79ac_b86b_0000_1607179252_249_received
0e05_fa33_0000_1607179252_247_received
cd50_79ac_0000_1607179257_250_received
6972_79ac_0000_1607179258_250_received
29f7_6972_0000_1607179259_251_received
6c08_29f7_0000_1607179260_252_received
822d_6c08_0000_1607179260_253_received
b462_cd50_0000_1607179260_251_received
3c78_822d_0000_1607179262_254_received
ef46_822d_0000_1607179260_254_received
1cce_ef46_0000_1607179262_255_received
bf62_1cce_0000_1607179265_256_received
8048_bf62_0000_1607179267_257_received
4bbc_8048_0000_1607179271_258_received
c592_4bbc_0000_1607179273_259_generated
e0eb_c592_0000_1607179276_260_received
4139_e0eb_0000_1607179279_261_received
f320_4139_0000_1607179280_262_received
5816_f320_0000_1607179285_263_received
0880_5816_0000_1607179287_264_generated
04c3_5816_0000_1607179286_264_received
7fbc_04c3_0000_1607179286_265_received
dc3b_7fbc_0000_1607179287_266_received
337c_dc3b_0000_1607179287_267_received
3c45_337c_0000_1607179288_268_received
0dd2_3c45_0000_1607179291_269_received
cbf8_0dd2_0000_1607179292_270_received
7f17_cbf8_0000_1607179294_271_received
d5b6_7f17_0000_1607179296_272_received
e543_7f17_0000_1607179297_272_received
6358_e543_0000_1607179299_273_received
9753_6358_0000_1607179303_274_received
41ec_9753_0000_1607179304_275_received
666d_41ec_0000_1607179307_276_received
b83a_666d_0000_1607179311_277_received
83b1_b83a_0000_1607179314_278_generated
6927_b83a_0000_1607179313_278_received
9ed0_6927_0000_1607179316_279_received
14ff_9ed0_0000_1607179323_280_received
5f9a_9ed0_0000_1607179324_280_received
5abf_5f9a_0000_1607179331_281_received
a8c4_5abf_0000_1607179332_282_received
cb6c_14ff_0000_1607179331_281_received
116f_a8c4_0000_1607179336_283_received
c55b_a8c4_0000_1607179337_283_received
d69d_116f_0000_1607179339_284_received
4264_d69d_0000_1607179340_285_received
a14b_4264_0000_1607179342_286_received
82e3_a14b_0000_1607179345_287_received
b722_82e3_0000_1607179345_288_received
de31_b722_0000_1607179350_289_received
df07_de31_0000_1607179352_290_received
afaf_df07_0000_1607179353_291_received
795a_afaf_0000_1607179357_292_received
ac42_795a_0000_1607179358_293_received
9ed8_ac42_0000_1607179359_294_received
995f_9ed8_0000_1607179359_295_received
4e6f_afaf_0000_1607179358_292_received
923b_995f_0000_1607179361_296_received
2265_923b_0000_1607179364_297_generated
426c_2265_0000_1607179365_298_received
c42c_426c_0000_1607179369_299_received
73f8_c42c_0000_1607179376_300_received
ec01_73f8_0000_1607179376_301_received
b6e9_ec01_0000_1607179379_302_received
4086_b6e9_0000_1607179382_303_received
8b95_4086_0000_1607179383_304_received
2f26_8b95_0000_1607179383_305_received
eadc_2f26_0000_1607179383_306_received
f9fc_b6e9_0000_1607179383_303_received
0fb1_f9fc_0000_1607179384_304_received
73ec_eadc_0000_1607179387_307_received
9325_73ec_0000_1607179390_308_received
54a2_73ec_0000_1607179391_308_received
8321_54a2_0000_1607179393_309_received
1463_8321_0000_1607179393_310_received
30e8_9325_0000_1607179392_309_received
6c91_30e8_0000_1607179394_310_received
0784_6c91_0000_1607179395_311_received
319f_1463_0000_1607179396_311_received
922a_0784_0000_1607179419_312_generated
6872_922a_0000_1607179425_313_generated
e76e_6872_0000_1607179448_314_generated
7c85_e76e_0000_1607179451_315_generated
22d2_7c85_0000_1607179463_316_generated
2206_22d2_0000_1607179468_317_generated
720b_2206_0000_1607179472_318_generated
