08c6_9e1c_0000_1607178755_1_received
b119_08c6_0000_1607178758_2_received
2e4c_b119_0000_1607178758_3_received
915c_2e4c_0000_1607178760_4_received
e091_915c_0000_1607178761_5_generated
2899_e091_0000_1607178764_6_generated
4211_e091_0000_1607178765_6_received
c148_2899_0000_1607178767_7_generated
f245_c148_0000_1607178769_8_received
c951_f245_0000_1607178772_9_generated
1a82_c951_0000_1607178772_10_generated
c263_f245_0000_1607178771_9_received
d3d8_c263_0000_1607178771_10_received
f885_d3d8_0000_1607178772_11_received
f8d3_f885_0000_1607178772_12_received
b49a_f8d3_0000_1607178773_13_received
640a_b49a_0000_1607178774_14_received
c0a7_640a_0000_1607178776_15_generated
1cf8_c0a7_0000_1607178780_16_generated
6eb8_1cf8_0000_1607178781_17_generated
75e2_6eb8_0000_1607178782_18_generated
ecbc_1cf8_0000_1607178782_17_received
841b_75e2_0000_1607178784_19_generated
5ae1_75e2_0000_1607178783_19_received
ba68_841b_0000_1607178786_20_generated
da60_5ae1_0000_1607178786_20_received
a7c7_ba68_0000_1607178788_21_generated
124c_a7c7_0000_1607178789_22_received
fe95_124c_0000_1607178792_23_generated
18b1_124c_0000_1607178791_23_received
31a0_18b1_0000_1607178793_24_received
a0d6_31a0_0000_1607178794_25_generated
f5d0_a0d6_0000_1607178797_26_generated
7140_f5d0_0000_1607178798_27_generated
0170_7140_0000_1607178802_28_generated
11af_0170_0000_1607178804_29_generated
796c_11af_0000_1607178809_30_generated
01a7_796c_0000_1607178810_31_received
0238_01a7_0000_1607178814_32_received
1119_0238_0000_1607178817_33_received
a360_1119_0000_1607178819_34_generated
e825_a360_0000_1607178819_35_received
969d_e825_0000_1607178821_36_generated
2369_969d_0000_1607178823_37_received
4226_2369_0000_1607178826_38_received
370f_4226_0000_1607178830_39_received
26a0_370f_0000_1607178832_40_received
bb2c_26a0_0000_1607178838_41_generated
86b0_26a0_0000_1607178839_41_received
2b4b_bb2c_0000_1607178844_42_generated
51c0_2b4b_0000_1607178845_43_generated
35ee_51c0_0000_1607178847_44_generated
6501_35ee_0000_1607178848_45_generated
ca41_6501_0000_1607178850_46_generated
f897_ca41_0000_1607178850_47_received
ae9f_f897_0000_1607178851_48_generated
613c_ae9f_0000_1607178854_49_generated
a3f9_613c_0000_1607178858_50_generated
e24c_a3f9_0000_1607178859_51_generated
0284_e24c_0000_1607178861_52_generated
02b0_e24c_0000_1607178862_52_received
bf07_02b0_0000_1607178863_53_received
8b60_bf07_0000_1607178865_54_received
d1c5_8b60_0000_1607178865_55_received
a994_d1c5_0000_1607178872_56_generated
347c_a994_0000_1607178874_57_generated
eb7f_347c_0000_1607178875_58_generated
f778_eb7f_0000_1607178878_59_received
1e4e_f778_0000_1607178879_60_received
3f96_1e4e_0000_1607178880_61_generated
6c60_3f96_0000_1607178882_62_received
84d4_6c60_0000_1607178882_63_received
a8cf_84d4_0000_1607178883_64_received
f089_a8cf_0000_1607178883_65_received
fd23_f089_0000_1607178885_66_generated
5dc1_f089_0000_1607178884_66_received
dcee_5dc1_0000_1607178885_67_received
81bd_dcee_0000_1607178888_68_received
cb33_81bd_0000_1607178890_69_generated
b1a0_cb33_0000_1607178891_70_received
1e28_b1a0_0000_1607178894_71_generated
7802_1e28_0000_1607178894_72_generated
a151_7802_0000_1607178896_73_generated
f11e_a151_0000_1607178899_74_generated
e5df_f11e_0000_1607178901_75_received
912a_e5df_0000_1607178902_76_received
447f_912a_0000_1607178902_77_received
12d0_447f_0000_1607178904_78_generated
9848_12d0_0000_1607178904_79_generated
4cac_12d0_0000_1607178905_79_received
ab8e_4cac_0000_1607178907_80_received
4d10_ab8e_0000_1607178909_81_generated
7502_4d10_0000_1607178911_82_received
1cde_7502_0000_1607178911_83_received
06ed_1cde_0000_1607178914_84_received
04e6_06ed_0000_1607178915_85_received
47c6_04e6_0000_1607178918_86_generated
62f6_47c6_0000_1607178918_87_generated
dcc0_04e6_0000_1607178917_86_received
e1ff_62f6_0000_1607178919_88_generated
84da_e1ff_0000_1607178920_89_received
dbd8_84da_0000_1607178921_90_received
e6c4_dbd8_0000_1607178923_91_received
f379_e6c4_0000_1607178926_92_generated
faa6_f379_0000_1607178928_93_generated
40fe_faa6_0000_1607178929_94_generated
2d5f_40fe_0000_1607178929_95_generated
ac49_2d5f_0000_1607178930_96_generated
09be_40fe_0000_1607178931_95_received
774b_ac49_0000_1607178933_97_received
47ad_774b_0000_1607178936_98_generated
4c8a_47ad_0000_1607178936_99_generated
257c_774b_0000_1607178935_98_received
259e_4c8a_0000_1607178939_100_received
d959_259e_0000_1607178942_101_received
df6c_d959_0000_1607178943_102_received
f3cd_df6c_0000_1607178949_103_generated
a24a_f3cd_0000_1607178950_104_generated
db0e_a24a_0000_1607178954_105_generated
19b9_db0e_0000_1607178954_106_generated
be41_a24a_0000_1607178953_105_received
68be_be41_0000_1607178954_106_received
837c_68be_0000_1607178955_107_received
236c_68be_0000_1607178956_107_received
ec10_236c_0000_1607178959_108_received
0843_ec10_0000_1607178962_109_received
ad16_0843_0000_1607178963_110_received
7458_ad16_0000_1607178968_111_generated
65c0_7458_0000_1607178971_112_generated
fda6_65c0_0000_1607178974_113_generated
6bd5_fda6_0000_1607178974_114_generated
68fb_6bd5_0000_1607178975_115_generated
f636_68fb_0000_1607178980_116_generated
8875_f636_0000_1607178981_117_generated
f2d6_68fb_0000_1607178981_116_received
42e8_8875_0000_1607178983_118_generated
c25a_42e8_0000_1607178983_119_generated
a549_c25a_0000_1607178988_120_generated
abbe_c25a_0000_1607178987_120_received
8e0c_abbe_0000_1607178988_121_received
6c38_8e0c_0000_1607178990_122_received
3ae4_6c38_0000_1607178991_123_generated
fc18_3ae4_0000_1607178992_124_generated
b6ad_fc18_0000_1607178994_125_received
fde0_b6ad_0000_1607178997_126_generated
da58_b6ad_0000_1607178996_126_received
66d1_da58_0000_1607178999_127_received
3549_66d1_0000_1607179002_128_received
6934_3549_0000_1607179008_129_generated
fdff_6934_0000_1607179010_130_generated
facf_fdff_0000_1607179012_131_received
870a_facf_0000_1607179013_132_received
229c_870a_0000_1607179016_133_generated
2eec_229c_0000_1607179019_134_received
d773_2eec_0000_1607179022_135_generated
2454_d773_0000_1607179024_136_generated
b1e5_d773_0000_1607179023_136_received
ffb1_b1e5_0000_1607179026_137_received
6640_ffb1_0000_1607179028_138_generated
05b4_6640_0000_1607179028_139_generated
88e1_05b4_0000_1607179031_140_generated
785a_88e1_0000_1607179033_141_generated
7be4_785a_0000_1607179034_142_generated
8a7d_7be4_0000_1607179034_143_generated
0d4f_8a7d_0000_1607179037_144_received
236e_0d4f_0000_1607179037_145_received
dbe7_236e_0000_1607179040_146_generated
2a21_236e_0000_1607179039_146_received
837a_dbe7_0000_1607179041_147_generated
833a_837a_0000_1607179043_148_generated
d9b2_833a_0000_1607179044_149_generated
5691_d9b2_0000_1607179044_150_generated
9fcc_833a_0000_1607179045_149_received
f814_5691_0000_1607179047_151_generated
35a0_f814_0000_1607179054_152_generated
3b81_f814_0000_1607179055_152_received
cccd_3b81_0000_1607179055_153_received
aada_cccd_0000_1607179057_154_received
6d14_aada_0000_1607179059_155_generated
f57b_aada_0000_1607179060_155_received
258a_f57b_0000_1607179062_156_received
d8c9_258a_0000_1607179065_157_generated
bc57_d8c9_0000_1607179067_158_received
4fca_bc57_0000_1607179069_159_generated
25ef_4fca_0000_1607179070_160_generated
4bee_bc57_0000_1607179070_159_received
1ce8_25ef_0000_1607179073_161_received
a5cb_1ce8_0000_1607179077_162_generated
2233_a5cb_0000_1607179080_163_generated
3977_a5cb_0000_1607179081_163_received
420d_2233_0000_1607179082_164_generated
9374_420d_0000_1607179083_165_generated
b0f5_2233_0000_1607179083_164_received
879d_9374_0000_1607179087_166_received
9e72_879d_0000_1607179089_167_generated
6f11_9e72_0000_1607179092_168_generated
88f2_6f11_0000_1607179094_169_generated
9933_88f2_0000_1607179095_170_generated
d382_9933_0000_1607179096_171_generated
86e8_d382_0000_1607179098_172_generated
e073_86e8_0000_1607179101_173_generated
fd9e_e073_0000_1607179102_174_generated
87e0_fd9e_0000_1607179103_175_generated
cd08_87e0_0000_1607179103_176_generated
70f2_cd08_0000_1607179105_177_generated
0208_fd9e_0000_1607179104_175_received
055c_70f2_0000_1607179109_178_generated
ac3d_055c_0000_1607179109_179_generated
e3f8_ac3d_0000_1607179112_180_generated
6e19_e3f8_0000_1607179112_181_generated
c323_ac3d_0000_1607179113_180_received
b757_6e19_0000_1607179118_182_generated
db55_b757_0000_1607179121_183_received
c800_db55_0000_1607179122_184_received
d9fb_c800_0000_1607179125_185_generated
b89e_d9fb_0000_1607179127_186_generated
50c7_c800_0000_1607179126_185_received
3532_b89e_0000_1607179128_187_generated
2ed0_3532_0000_1607179129_188_generated
7571_2ed0_0000_1607179131_189_generated
053f_3532_0000_1607179130_188_received
fe5a_053f_0000_1607179131_189_received
0cc0_fe5a_0000_1607179133_190_received
b3c0_0cc0_0000_1607179133_191_received
44cc_b3c0_0000_1607179134_192_received
1bb7_44cc_0000_1607179138_193_generated
29a0_1bb7_0000_1607179141_194_received
eb2b_29a0_0000_1607179141_195_received
a1d5_eb2b_0000_1607179142_196_received
5e76_a1d5_0000_1607179143_197_generated
39dc_5e76_0000_1607179144_198_generated
eb92_39dc_0000_1607179144_199_generated
a579_39dc_0000_1607179145_199_received
d3c3_eb92_0000_1607179150_200_generated
d79d_d3c3_0000_1607179150_201_generated
61e6_a579_0000_1607179149_200_received
d36d_d79d_0000_1607179155_202_received
21ea_d36d_0000_1607179158_203_generated
5af8_21ea_0000_1607179159_204_generated
a1cd_5af8_0000_1607179164_205_generated
9606_a1cd_0000_1607179168_206_generated
fd22_9606_0000_1607179171_207_generated
8f6c_fd22_0000_1607179171_208_generated
ebb7_8f6c_0000_1607179172_209_generated
0b49_ebb7_0000_1607179173_210_generated
71eb_0b49_0000_1607179174_211_generated
7657_0b49_0000_1607179173_211_received
bc71_ebb7_0000_1607179174_210_received
1304_7657_0000_1607179176_212_received
879f_1304_0000_1607179181_213_generated
825b_1304_0000_1607179180_213_received
c6af_879f_0000_1607179183_214_generated
9e5e_c6af_0000_1607179183_215_generated
4112_9e5e_0000_1607179186_216_generated
c907_4112_0000_1607179188_217_generated
0ec4_c907_0000_1607179189_218_generated
9add_0ec4_0000_1607179195_219_received
535a_9add_0000_1607179197_220_received
f8dd_535a_0000_1607179199_221_generated
0d95_f8dd_0000_1607179200_222_generated
910a_f8dd_0000_1607179199_222_received
5a50_910a_0000_1607179200_223_received
cddf_5a50_0000_1607179201_224_received
eca8_cddf_0000_1607179203_225_generated
71c1_eca8_0000_1607179204_226_generated
0c17_cddf_0000_1607179204_225_received
7c98_0c17_0000_1607179205_226_received
4297_71c1_0000_1607179208_227_generated
6377_71c1_0000_1607179209_227_received
d227_4297_0000_1607179212_228_generated
014d_d227_0000_1607179215_229_generated
4d1c_014d_0000_1607179215_230_generated
fa24_d227_0000_1607179214_229_received
1774_4d1c_0000_1607179218_231_generated
35f2_1774_0000_1607179219_232_generated
4ae1_35f2_0000_1607179221_233_generated
690f_4ae1_0000_1607179222_234_generated
b9e2_35f2_0000_1607179222_233_received
7641_b9e2_0000_1607179223_234_received
86cc_690f_0000_1607179229_235_generated
e039_7641_0000_1607179228_235_received
c5f1_e039_0000_1607179229_236_received
adbc_c5f1_0000_1607179231_237_received
f5a3_adbc_0000_1607179233_238_received
936b_f5a3_0000_1607179238_239_generated
0177_f5a3_0000_1607179237_239_received
31fe_936b_0000_1607179241_240_generated
0603_0177_0000_1607179242_240_received
ffcc_0603_0000_1607179243_241_received
0013_ffcc_0000_1607179245_242_received
c64d_0013_0000_1607179246_243_received
090e_c64d_0000_1607179248_244_generated
feeb_c64d_0000_1607179247_244_received
a84c_090e_0000_1607179249_245_generated
fa33_a84c_0000_1607179251_246_generated
0e05_fa33_0000_1607179252_247_generated
acf8_fa33_0000_1607179251_247_received
b86b_acf8_0000_1607179252_248_received
79ac_b86b_0000_1607179252_249_received
cd50_79ac_0000_1607179257_250_generated
6972_79ac_0000_1607179258_250_received
b462_cd50_0000_1607179260_251_generated
29f7_6972_0000_1607179259_251_received
6c08_29f7_0000_1607179260_252_received
822d_6c08_0000_1607179260_253_received
3c78_822d_0000_1607179262_254_generated
ef46_822d_0000_1607179260_254_received
1cce_ef46_0000_1607179262_255_received
bf62_1cce_0000_1607179265_256_generated
8048_bf62_0000_1607179267_257_generated
4bbc_8048_0000_1607179271_258_received
c592_4bbc_0000_1607179273_259_received
e0eb_c592_0000_1607179276_260_received
4139_e0eb_0000_1607179279_261_generated
f320_4139_0000_1607179280_262_generated
5816_f320_0000_1607179285_263_generated
04c3_5816_0000_1607179286_264_generated
7fbc_04c3_0000_1607179286_265_generated
dc3b_7fbc_0000_1607179287_266_generated
337c_dc3b_0000_1607179287_267_generated
3c45_337c_0000_1607179288_268_generated
0880_5816_0000_1607179287_264_received
0dd2_3c45_0000_1607179291_269_received
cbf8_0dd2_0000_1607179292_270_received
7f17_cbf8_0000_1607179294_271_generated
e543_7f17_0000_1607179297_272_generated
d5b6_7f17_0000_1607179296_272_received
6358_e543_0000_1607179299_273_generated
9753_6358_0000_1607179303_274_received
41ec_9753_0000_1607179304_275_received
666d_41ec_0000_1607179307_276_received
b83a_666d_0000_1607179311_277_generated
6927_b83a_0000_1607179313_278_generated
83b1_b83a_0000_1607179314_278_received
9ed0_6927_0000_1607179316_279_generated
14ff_9ed0_0000_1607179323_280_generated
5f9a_9ed0_0000_1607179324_280_received
cb6c_14ff_0000_1607179331_281_generated
5abf_5f9a_0000_1607179331_281_received
a8c4_5abf_0000_1607179332_282_received
116f_a8c4_0000_1607179336_283_generated
c55b_a8c4_0000_1607179337_283_received
d69d_116f_0000_1607179339_284_generated
4264_d69d_0000_1607179340_285_generated
a14b_4264_0000_1607179342_286_generated
82e3_a14b_0000_1607179345_287_received
b722_82e3_0000_1607179345_288_received
de31_b722_0000_1607179350_289_received
df07_de31_0000_1607179352_290_received
afaf_df07_0000_1607179353_291_received
4e6f_afaf_0000_1607179358_292_generated
795a_afaf_0000_1607179357_292_received
ac42_795a_0000_1607179358_293_received
9ed8_ac42_0000_1607179359_294_received
995f_9ed8_0000_1607179359_295_received
923b_995f_0000_1607179361_296_received
2265_923b_0000_1607179364_297_generated
426c_2265_0000_1607179365_298_received
c42c_426c_0000_1607179369_299_received
73f8_c42c_0000_1607179376_300_generated
ec01_73f8_0000_1607179376_301_generated
b6e9_ec01_0000_1607179379_302_generated
f9fc_b6e9_0000_1607179383_303_generated
0fb1_f9fc_0000_1607179384_304_generated
4086_b6e9_0000_1607179382_303_received
8b95_4086_0000_1607179383_304_received
2f26_8b95_0000_1607179383_305_received
eadc_2f26_0000_1607179383_306_received
73ec_eadc_0000_1607179387_307_received
9325_73ec_0000_1607179390_308_generated
30e8_9325_0000_1607179392_309_generated
54a2_73ec_0000_1607179391_308_received
6c91_30e8_0000_1607179394_310_generated
8321_54a2_0000_1607179393_309_received
1463_8321_0000_1607179393_310_received
0784_6c91_0000_1607179395_311_generated
319f_1463_0000_1607179396_311_received
02f6_319f_0000_1607179396_312_received
9c8f_02f6_0000_1607179397_313_received
0b45_9c8f_0000_1607179398_314_received
f533_0b45_0000_1607179402_315_generated
6346_f533_0000_1607179404_316_generated
daf2_6346_0000_1607179406_317_generated
64a8_daf2_0000_1607179409_318_received
e53a_64a8_0000_1607179410_319_received
aa08_e53a_0000_1607179412_320_generated
d0e3_e53a_0000_1607179411_320_received
42cc_d0e3_0000_1607179411_321_received
325c_42cc_0000_1607179413_322_generated
d8c6_325c_0000_1607179415_323_received
7db2_d8c6_0000_1607179419_324_generated
2218_d8c6_0000_1607179418_324_received
3fa8_2218_0000_1607179419_325_received
922a_0784_0000_1607179419_312_received
166d_3fa8_0000_1607179421_326_received
1335_166d_0000_1607179425_327_generated
d53d_166d_0000_1607179423_327_received
427a_d53d_0000_1607179425_328_received
6872_922a_0000_1607179425_313_received
0121_427a_0000_1607179425_329_received
108c_0121_0000_1607179426_330_received
a526_108c_0000_1607179430_331_generated
d5c0_108c_0000_1607179429_331_received
8e44_d5c0_0000_1607179430_332_received
b906_8e44_0000_1607179436_333_received
70d7_b906_0000_1607179441_334_received
30e4_70d7_0000_1607179444_335_received
a427_30e4_0000_1607179446_336_generated
3fd1_30e4_0000_1607179445_336_received
92df_a427_0000_1607179447_337_generated
c7d3_3fd1_0000_1607179447_337_received
e76e_6872_0000_1607179448_314_received
79ae_92df_0000_1607179450_338_generated
208c_79ae_0000_1607179450_339_generated
cd96_c7d3_0000_1607179450_338_received
8fc5_cd96_0000_1607179451_339_received
7c85_e76e_0000_1607179451_315_received
d165_8fc5_0000_1607179454_340_received
2d79_d165_0000_1607179454_341_received
9a75_2d79_0000_1607179455_342_received
abca_9a75_0000_1607179455_343_received
5212_abca_0000_1607179460_344_generated
3c67_5212_0000_1607179462_345_generated
8065_3c67_0000_1607179462_346_generated
21f9_8065_0000_1607179463_347_generated
22d2_7c85_0000_1607179463_316_received
0f71_21f9_0000_1607179466_348_received
edea_0f71_0000_1607179469_349_generated
9dfa_0f71_0000_1607179468_349_received
2206_22d2_0000_1607179468_317_received
f48b_9dfa_0000_1607179470_350_received
720b_2206_0000_1607179472_318_received
b068_f48b_0000_1607179472_351_received
6886_b068_0000_1607179475_352_generated
