4fad_9e1c_0000_1605076125_1_generated
c673_9e1c_0000_1605076124_1_received
b11a_4fad_0000_1605076125_2_received
cbd2_b11a_0000_1605076130_3_received
a509_cbd2_0000_1605076130_4_received
f35b_a509_0000_1605076133_5_generated
3b3f_f35b_0000_1605076135_6_received
36eb_3b3f_0000_1605076139_7_received
bc15_36eb_0000_1605076140_8_generated
393f_bc15_0000_1605076140_9_received
3b7c_393f_0000_1605076141_10_received
c134_3b7c_0000_1605076148_11_generated
4485_3b7c_0000_1605076147_11_received
f11d_c134_0000_1605076149_12_generated
6d2d_4485_0000_1605076148_12_received
dcab_f11d_0000_1605076156_13_generated
3b6c_6d2d_0000_1605076155_13_received
4fb9_3b6c_0000_1605076156_14_received
ef35_4fb9_0000_1605076157_15_received
d25b_ef35_0000_1605076164_16_received
a1dd_d25b_0000_1605076165_17_generated
5e9e_a1dd_0000_1605076165_18_generated
f0a9_5e9e_0000_1605076167_19_generated
3f6f_a1dd_0000_1605076166_18_received
0e65_f0a9_0000_1605076171_20_generated
b554_0e65_0000_1605076171_21_received
a258_b554_0000_1605076173_22_generated
ca6c_a258_0000_1605076175_23_received
7d6d_ca6c_0000_1605076176_24_generated
d39c_7d6d_0000_1605076177_25_generated
4a94_d39c_0000_1605076178_26_generated
959b_ca6c_0000_1605076177_24_received
6eb9_959b_0000_1605076177_25_received
e596_6eb9_0000_1605076178_26_received
e7df_4a94_0000_1605076181_27_generated
01c7_e7df_0000_1605076182_28_generated
10aa_01c7_0000_1605076184_29_generated
a018_10aa_0000_1605076187_30_generated
0a90_a018_0000_1605076189_31_generated
5251_0a90_0000_1605076189_32_generated
2674_5251_0000_1605076190_33_generated
6d4d_2674_0000_1605076191_34_generated
a02e_6d4d_0000_1605076194_35_generated
65a1_a02e_0000_1605076195_36_generated
167c_65a1_0000_1605076195_37_generated
dad3_167c_0000_1605076196_38_generated
a015_dad3_0000_1605076200_39_generated
a94f_a015_0000_1605076202_40_received
d129_a94f_0000_1605076204_41_generated
e8a8_d129_0000_1605076208_42_generated
70eb_e8a8_0000_1605076209_43_received
ebcb_70eb_0000_1605076211_44_generated
ef06_ebcb_0000_1605076214_45_received
e05e_ef06_0000_1605076216_46_received
4f51_e05e_0000_1605076216_47_received
ff0b_4f51_0000_1605076217_48_generated
bac5_ff0b_0000_1605076217_49_generated
4705_4f51_0000_1605076216_48_received
934e_bac5_0000_1605076220_50_generated
9067_bac5_0000_1605076219_50_received
8897_9067_0000_1605076220_51_received
c616_8897_0000_1605076223_52_received
ee8f_c616_0000_1605076225_53_received
23d1_ee8f_0000_1605076227_54_generated
1e5a_ee8f_0000_1605076228_54_received
d9e3_23d1_0000_1605076230_55_generated
f96b_1e5a_0000_1605076229_55_received
e94e_d9e3_0000_1605076231_56_generated
89b0_f96b_0000_1605076231_56_received
5330_89b0_0000_1605076232_57_received
4e81_5330_0000_1605076233_58_received
5dc5_4e81_0000_1605076234_59_received
7432_5dc5_0000_1605076239_60_received
e10a_7432_0000_1605076240_61_received
9adc_e10a_0000_1605076241_62_received
d99b_9adc_0000_1605076244_63_generated
0345_d99b_0000_1605076246_64_generated
19a1_0345_0000_1605076247_65_generated
0860_19a1_0000_1605076248_66_generated
ec69_0860_0000_1605076249_67_received
2f27_ec69_0000_1605076251_68_received
66ca_2f27_0000_1605076255_69_received
b31f_66ca_0000_1605076256_70_received
8a54_b31f_0000_1605076257_71_received
4fb8_8a54_0000_1605076263_72_received
2758_4fb8_0000_1605076265_73_generated
f239_2758_0000_1605076268_74_received
a149_f239_0000_1605076268_75_received
884c_a149_0000_1605076270_76_generated
00ba_884c_0000_1605076273_77_received
cd28_884c_0000_1605076274_77_received
d80d_00ba_0000_1605076274_78_received
d3ee_d80d_0000_1605076275_79_received
789b_d3ee_0000_1605076276_80_received
8446_d3ee_0000_1605076277_80_received
7006_789b_0000_1605076278_81_generated
8165_789b_0000_1605076277_81_received
eadd_8165_0000_1605076281_82_received
d1ba_eadd_0000_1605076285_83_received
8db5_d1ba_0000_1605076287_84_received
81d5_8db5_0000_1605076292_85_generated
ba3b_81d5_0000_1605076293_86_received
5a20_8db5_0000_1605076293_85_received
326b_ba3b_0000_1605076293_87_received
4c83_326b_0000_1605076294_88_received
541c_4c83_0000_1605076295_89_generated
255f_541c_0000_1605076300_90_generated
c92d_541c_0000_1605076299_90_received
0aaa_c92d_0000_1605076299_91_received
8d19_0aaa_0000_1605076301_92_received
5af8_8d19_0000_1605076301_93_received
b9da_5af8_0000_1605076302_94_received
496c_b9da_0000_1605076303_95_received
49ea_496c_0000_1605076309_96_generated
8afc_49ea_0000_1605076314_97_received
6f3d_8afc_0000_1605076318_98_generated
651b_8afc_0000_1605076317_98_received
5704_6f3d_0000_1605076319_99_generated
2f24_651b_0000_1605076318_99_received
852c_5704_0000_1605076320_100_generated
788d_2f24_0000_1605076319_100_received
9ef2_788d_0000_1605076320_101_received
2d8d_9ef2_0000_1605076320_102_received
e9fc_2d8d_0000_1605076323_103_generated
0475_2d8d_0000_1605076324_103_received
83a9_0475_0000_1605076326_104_received
fe82_83a9_0000_1605076327_105_generated
458f_fe82_0000_1605076328_106_generated
9699_458f_0000_1605076329_107_generated
aba0_fe82_0000_1605076329_106_received
735c_458f_0000_1605076330_107_received
f910_9699_0000_1605076332_108_received
b094_f910_0000_1605076334_109_generated
0c96_f910_0000_1605076333_109_received
f7f4_b094_0000_1605076335_110_generated
2098_f7f4_0000_1605076336_111_generated
449a_0c96_0000_1605076335_110_received
e5c4_0c96_0000_1605076336_110_received
d53c_2098_0000_1605076337_112_generated
580a_d53c_0000_1605076338_113_generated
3f71_580a_0000_1605076340_114_generated
5a32_580a_0000_1605076339_114_received
0cd7_5a32_0000_1605076342_115_received
c95e_0cd7_0000_1605076344_116_received
f933_c95e_0000_1605076346_117_generated
6346_c95e_0000_1605076345_117_received
fdd2_f933_0000_1605076349_118_generated
62b5_fdd2_0000_1605076353_119_generated
d4ed_fdd2_0000_1605076351_119_received
a5de_d4ed_0000_1605076352_120_received
6b23_a5de_0000_1605076354_121_received
3666_6b23_0000_1605076357_122_generated
acbf_6b23_0000_1605076356_122_received
ef6b_acbf_0000_1605076357_123_received
0682_ef6b_0000_1605076360_124_received
ca2f_0682_0000_1605076363_125_generated
e44e_ca2f_0000_1605076365_126_generated
1b96_e44e_0000_1605076368_127_generated
1ac3_1b96_0000_1605076371_128_received
5ef6_1ac3_0000_1605076376_129_generated
f44a_1ac3_0000_1605076375_129_received
7a78_5ef6_0000_1605076377_130_generated
746a_f44a_0000_1605076376_130_received
353b_746a_0000_1605076377_131_received
fac2_746a_0000_1605076378_131_received
203a_353b_0000_1605076378_132_received
416f_203a_0000_1605076382_133_generated
9c7c_203a_0000_1605076381_133_received
e235_9c7c_0000_1605076382_134_received
8a8c_e235_0000_1605076383_135_received
fa65_8a8c_0000_1605076385_136_generated
0524_fa65_0000_1605076387_137_received
ed73_0524_0000_1605076390_138_received
85d3_ed73_0000_1605076390_139_received
73bc_85d3_0000_1605076393_140_generated
9859_73bc_0000_1605076395_141_generated
bcfc_9859_0000_1605076398_142_generated
84b7_9859_0000_1605076399_142_received
63e1_bcfc_0000_1605076402_143_generated
c685_84b7_0000_1605076402_143_received
5200_63e1_0000_1605076404_144_generated
de6f_5200_0000_1605076408_145_generated
ea39_de6f_0000_1605076409_146_generated
2968_5200_0000_1605076409_145_received
2de1_ea39_0000_1605076411_147_generated
0383_2de1_0000_1605076413_148_generated
f924_0383_0000_1605076416_149_generated
0e73_f924_0000_1605076418_150_generated
3640_0e73_0000_1605076419_151_generated
ad51_3640_0000_1605076420_152_generated
38ee_f924_0000_1605076419_150_received
3ea1_ad51_0000_1605076420_153_generated
9f22_38ee_0000_1605076419_151_received
50cd_3ea1_0000_1605076421_154_generated
a0c1_9f22_0000_1605076421_152_received
acdf_50cd_0000_1605076425_155_received
2327_acdf_0000_1605076425_156_received
91d1_2327_0000_1605076428_157_received
345a_91d1_0000_1605076429_158_received
0643_345a_0000_1605076433_159_generated
24f3_0643_0000_1605076434_160_generated
6daa_24f3_0000_1605076435_161_received
8f45_6daa_0000_1605076436_162_received
fea6_8f45_0000_1605076438_163_received
00d7_fea6_0000_1605076438_164_received
72f7_00d7_0000_1605076440_165_generated
affc_00d7_0000_1605076439_165_received
b2c1_72f7_0000_1605076441_166_generated
8288_b2c1_0000_1605076442_167_generated
0d6d_affc_0000_1605076442_166_received
220c_8288_0000_1605076444_168_received
b98f_220c_0000_1605076446_169_received
b768_b98f_0000_1605076447_170_received
b4db_b768_0000_1605076450_171_received
1d19_b4db_0000_1605076451_172_received
db99_1d19_0000_1605076453_173_generated
e650_db99_0000_1605076454_174_generated
dedc_db99_0000_1605076455_174_received
aa5b_e650_0000_1605076459_175_generated
2a73_aa5b_0000_1605076460_176_generated
280d_dedc_0000_1605076460_175_received
d709_e650_0000_1605076460_175_received
1f72_d709_0000_1605076460_176_received
d2e3_2a73_0000_1605076462_177_generated
3a53_d2e3_0000_1605076463_178_generated
a585_3a53_0000_1605076466_179_received
5be2_a585_0000_1605076466_180_received
1743_a585_0000_1605076467_180_received
e35b_5be2_0000_1605076469_181_received
6905_e35b_0000_1605076471_182_generated
bd9d_6905_0000_1605076471_183_received
6ccf_bd9d_0000_1605076472_184_received
e7bd_bd9d_0000_1605076473_184_received
8745_6ccf_0000_1605076474_185_received
b91f_8745_0000_1605076476_186_received
894e_b91f_0000_1605076478_187_generated
1bf6_894e_0000_1605076478_188_generated
741c_1bf6_0000_1605076479_189_generated
58a7_741c_0000_1605076481_190_generated
3b12_58a7_0000_1605076485_191_generated
b654_3b12_0000_1605076486_192_generated
6b18_58a7_0000_1605076486_191_received
96b9_b654_0000_1605076491_193_received
458d_96b9_0000_1605076496_194_generated
a571_458d_0000_1605076499_195_generated
141e_a571_0000_1605076502_196_generated
1617_141e_0000_1605076502_197_generated
9249_1617_0000_1605076503_198_generated
04f0_9249_0000_1605076507_199_received
ddb4_04f0_0000_1605076510_200_received
cd31_ddb4_0000_1605076519_201_generated
c113_cd31_0000_1605076520_202_generated
a7f6_c113_0000_1605076521_203_generated
752a_a7f6_0000_1605076521_204_generated
e841_cd31_0000_1605076521_202_received
b451_752a_0000_1605076523_205_generated
dad6_b451_0000_1605076523_206_generated
9f92_dad6_0000_1605076527_207_generated
2194_9f92_0000_1605076531_208_generated
ad1b_2194_0000_1605076533_209_generated
c6f6_2194_0000_1605076532_209_received
6938_ad1b_0000_1605076533_210_generated
312e_6938_0000_1605076533_211_generated
c3ef_312e_0000_1605076534_212_generated
ab84_c6f6_0000_1605076533_210_received
0493_c3ef_0000_1605076536_213_generated
30cf_0493_0000_1605076537_214_generated
f8cc_0493_0000_1605076536_214_received
bec3_c3ef_0000_1605076537_213_received
7fa1_30cf_0000_1605076545_215_generated
ff95_7fa1_0000_1605076545_216_generated
6c11_ff95_0000_1605076546_217_generated
5afd_f8cc_0000_1605076545_215_received
f046_6c11_0000_1605076547_218_generated
745b_ff95_0000_1605076547_217_received
13a4_f046_0000_1605076553_219_received
7e31_13a4_0000_1605076554_220_received
e22f_7e31_0000_1605076557_221_generated
f1cc_e22f_0000_1605076558_222_generated
1af0_e22f_0000_1605076557_222_received
bcc2_7e31_0000_1605076558_221_received
2c36_f1cc_0000_1605076560_223_generated
8621_1af0_0000_1605076560_223_received
1594_2c36_0000_1605076564_224_generated
14af_1594_0000_1605076568_225_generated
b5de_14af_0000_1605076573_226_generated
cf05_b5de_0000_1605076574_227_generated
9531_cf05_0000_1605076576_228_generated
55e5_9531_0000_1605076577_229_generated
6dbf_55e5_0000_1605076578_230_generated
bcc9_55e5_0000_1605076579_230_received
8a0d_6dbf_0000_1605076581_231_generated
9199_bcc9_0000_1605076581_231_received
7548_8a0d_0000_1605076582_232_generated
45b6_7548_0000_1605076582_233_generated
494e_45b6_0000_1605076584_234_generated
4a1f_9199_0000_1605076583_232_received
70b8_45b6_0000_1605076585_234_received
70d2_494e_0000_1605076587_235_generated
44c5_70b8_0000_1605076588_235_received
bb98_70d2_0000_1605076588_236_received
610c_44c5_0000_1605076589_236_received
d2e9_610c_0000_1605076594_237_received
55a4_d2e9_0000_1605076595_238_generated
9521_55a4_0000_1605076596_239_generated
2488_d2e9_0000_1605076596_238_received
c475_2488_0000_1605076596_239_received
d5cd_c475_0000_1605076597_240_received
aeec_d5cd_0000_1605076598_241_received
bfc8_aeec_0000_1605076601_242_received
2bdf_bfc8_0000_1605076606_243_received
e375_2bdf_0000_1605076609_244_generated
3887_e375_0000_1605076610_245_generated
52d3_2bdf_0000_1605076610_244_received
a4b3_3887_0000_1605076613_246_generated
ee0a_a4b3_0000_1605076613_247_generated
9d2b_3887_0000_1605076614_246_received
e37a_ee0a_0000_1605076616_248_generated
2be7_ee0a_0000_1605076615_248_received
187f_e37a_0000_1605076619_249_generated
9095_e37a_0000_1605076618_249_received
98e2_9095_0000_1605076622_250_received
5434_98e2_0000_1605076625_251_received
ae1a_5434_0000_1605076625_252_received
2623_ae1a_0000_1605076626_253_received
d512_2623_0000_1605076628_254_received
0090_d512_0000_1605076628_255_received
e9b8_0090_0000_1605076630_256_generated
f8fa_e9b8_0000_1605076631_257_generated
b942_0090_0000_1605076631_256_received
aaad_e9b8_0000_1605076632_257_received
f2f7_f8fa_0000_1605076636_258_generated
ed6c_f2f7_0000_1605076641_259_generated
1b32_f2f7_0000_1605076640_259_received
018e_1b32_0000_1605076641_260_received
260a_018e_0000_1605076643_261_received
36da_260a_0000_1605076644_262_received
4f2d_36da_0000_1605076648_263_received
2be4_4f2d_0000_1605076649_264_received
80d6_2be4_0000_1605076650_265_received
46fa_80d6_0000_1605076658_266_generated
2688_46fa_0000_1605076659_267_generated
1d48_80d6_0000_1605076659_266_received
4150_2688_0000_1605076664_268_generated
e5ce_4150_0000_1605076667_269_generated
707d_4150_0000_1605076668_269_received
d6ee_e5ce_0000_1605076669_270_received
7cd5_d6ee_0000_1605076671_271_generated
4927_d6ee_0000_1605076670_271_received
9e81_7cd5_0000_1605076672_272_generated
d114_4927_0000_1605076672_272_received
a82a_d114_0000_1605076674_273_received
74a2_a82a_0000_1605076675_274_received
5c57_74a2_0000_1605076675_275_received
09a8_5c57_0000_1605076678_276_generated
a27e_09a8_0000_1605076678_277_generated
deab_a27e_0000_1605076679_278_generated
327e_09a8_0000_1605076679_277_received
fa66_deab_0000_1605076682_279_received
f942_fa66_0000_1605076684_280_received
1f49_f942_0000_1605076687_281_generated
d569_1f49_0000_1605076688_282_generated
ef66_1f49_0000_1605076689_282_received
a381_ef66_0000_1605076690_283_received
71d0_a381_0000_1605076692_284_received
73ba_71d0_0000_1605076693_285_received
48dd_73ba_0000_1605076695_286_received
aab8_48dd_0000_1605076696_287_received
3aca_aab8_0000_1605076698_288_received
a334_3aca_0000_1605076701_289_generated
9474_a334_0000_1605076705_290_received
819d_9474_0000_1605076705_291_received
12d4_819d_0000_1605076705_292_received
0a77_a334_0000_1605076706_290_received
5fde_12d4_0000_1605076706_293_received
a3b0_0a77_0000_1605076707_291_received
ce7f_5fde_0000_1605076710_294_generated
e5e2_ce7f_0000_1605076711_295_generated
5527_a3b0_0000_1605076709_292_received
2ffd_5527_0000_1605076710_293_received
1e49_2ffd_0000_1605076711_294_received
639c_ce7f_0000_1605076710_295_received
97ce_e5e2_0000_1605076715_296_generated
e912_1e49_0000_1605076715_295_received
9bab_639c_0000_1605076716_296_received
393d_9bab_0000_1605076718_297_received
347b_393d_0000_1605076725_298_generated
bd02_347b_0000_1605076727_299_generated
ab57_e912_0000_1605076726_296_received
aee3_bd02_0000_1605076730_300_generated
c7d1_ab57_0000_1605076729_297_received
e9e0_aee3_0000_1605076732_301_generated
5c38_e9e0_0000_1605076734_302_received
5e6b_c7d1_0000_1605076734_298_received
6b88_5c38_0000_1605076737_303_generated
950c_5c38_0000_1605076738_303_received
bc3a_950c_0000_1605076742_304_received
acdc_5e6b_0000_1605076745_299_received
c0eb_acdc_0000_1605076747_300_received
cedb_bc3a_0000_1605076750_305_received
711a_cedb_0000_1605076753_306_generated
d1c3_c0eb_0000_1605076752_301_received
6373_711a_0000_1605076756_307_generated
1b6a_d1c3_0000_1605076755_302_received
267e_6373_0000_1605076758_308_generated
48cb_1b6a_0000_1605076757_303_received
c57a_6373_0000_1605076757_308_received
5c5d_c57a_0000_1605076760_309_received
0942_5c5d_0000_1605076760_310_received
255e_0942_0000_1605076762_311_generated
7078_255e_0000_1605076766_312_generated
83ec_7078_0000_1605076767_313_generated
3256_83ec_0000_1605076770_314_generated
4f56_3256_0000_1605076771_315_generated
2caf_4f56_0000_1605076773_316_generated
8d65_3256_0000_1605076772_315_received
35d4_2caf_0000_1605076776_317_generated
8fa8_35d4_0000_1605076776_318_generated
4fcc_48cb_0000_1605076777_304_received
a42a_2caf_0000_1605076777_317_received
7be8_8fa8_0000_1605076785_319_generated
02df_7be8_0000_1605076789_320_generated
32c2_02df_0000_1605076789_321_generated
5be3_32c2_0000_1605076790_322_generated
e53c_02df_0000_1605076791_321_received
e08b_5be3_0000_1605076795_323_received
ea52_e08b_0000_1605076798_324_generated
97da_ea52_0000_1605076800_325_generated
9448_97da_0000_1605076801_326_generated
d600_4fcc_0000_1605076802_305_received
7a43_d600_0000_1605076804_306_received
c473_9448_0000_1605076808_327_generated
f85f_c473_0000_1605076811_328_generated
163b_f85f_0000_1605076811_329_generated
f4ac_7a43_0000_1605076813_307_received
0b26_163b_0000_1605076814_330_received
419f_0b26_0000_1605076817_331_generated
3bce_419f_0000_1605076820_332_generated
2e9e_3bce_0000_1605076823_333_received
70f4_2e9e_0000_1605076824_334_received
5c4c_70f4_0000_1605076826_335_generated
5739_70f4_0000_1605076825_335_received
03cd_f4ac_0000_1605076826_308_received
518d_5739_0000_1605076826_336_received
3033_518d_0000_1605076831_337_received
f4e2_3033_0000_1605076832_338_received
6254_f4e2_0000_1605076833_339_received
914c_6254_0000_1605076833_340_received
8d22_914c_0000_1605076836_341_generated
d39b_8d22_0000_1605076839_342_received
e8b2_d39b_0000_1605076841_343_received
f0c4_e8b2_0000_1605076841_344_received
5863_f0c4_0000_1605076843_345_generated
dac5_f0c4_0000_1605076842_345_received
