4036_9e1c_0000_1607371074_1_received
6807_4036_0000_1607371085_2_received
8db1_6807_0000_1607371087_3_generated
300a_8db1_0000_1607371088_4_received
b5a9_300a_0000_1607371095_5_generated
72a4_b5a9_0000_1607371100_6_generated
7b5b_72a4_0000_1607371106_7_generated
4c64_7b5b_0000_1607371121_8_received
7ead_4c64_0000_1607371122_9_received
89d3_7ead_0000_1607371133_10_received
f839_89d3_0000_1607371140_11_generated
8230_f839_0000_1607371142_12_generated
a479_8230_0000_1607371155_13_received
4689_a479_0000_1607371158_14_received
e8db_4689_0000_1607371160_15_received
65e5_e8db_0000_1607371177_16_generated
d9f3_65e5_0000_1607371178_17_received
1c90_d9f3_0000_1607371182_18_generated
8aa7_1c90_0000_1607371183_19_generated
507d_8aa7_0000_1607371192_20_received
563a_507d_0000_1607371198_21_received
d77b_563a_0000_1607371202_22_received
df12_d77b_0000_1607371207_23_received
1915_df12_0000_1607371211_24_generated
0a38_1915_0000_1607371222_25_generated
8928_0a38_0000_1607371226_26_generated
45f9_8928_0000_1607371230_27_received
4c2e_45f9_0000_1607371238_28_received
ab46_4c2e_0000_1607371239_29_received
2774_ab46_0000_1607371252_30_received
8c7b_2774_0000_1607371253_31_generated
c17a_8c7b_0000_1607371256_32_received
8861_c17a_0000_1607371258_33_received
b5c1_8861_0000_1607371264_34_generated
4dd4_b5c1_0000_1607371274_35_received
d517_4dd4_0000_1607371277_36_received
521a_d517_0000_1607371279_37_received
9fe8_d517_0000_1607371280_37_received
f463_9fe8_0000_1607371281_38_received
022c_f463_0000_1607371282_39_received
c33f_022c_0000_1607371292_40_generated
87c4_c33f_0000_1607371294_41_received
d270_87c4_0000_1607371307_42_generated
8153_d270_0000_1607371311_43_generated
6d69_d270_0000_1607371310_43_received
2d30_8153_0000_1607371312_44_generated
c4c8_6d69_0000_1607371312_44_received
fff5_c4c8_0000_1607371314_45_received
e4c4_fff5_0000_1607371316_46_generated
7ddf_e4c4_0000_1607371327_47_generated
055e_7ddf_0000_1607371332_48_received
8dcc_055e_0000_1607371346_49_received
42c3_8dcc_0000_1607371354_50_generated
885d_42c3_0000_1607371374_51_received
c21a_885d_0000_1607371376_52_generated
96c3_c21a_0000_1607371382_53_generated
5ecb_96c3_0000_1607371384_54_received
a971_96c3_0000_1607371385_54_received
05cf_a971_0000_1607371397_55_received
6c28_05cf_0000_1607371398_56_received
f208_6c28_0000_1607371401_57_received
9127_f208_0000_1607371412_58_generated
f6b6_9127_0000_1607371413_59_received
847e_f6b6_0000_1607371420_60_generated
2325_847e_0000_1607371427_61_received
9459_2325_0000_1607371437_62_received
a694_9459_0000_1607371438_63_received
0a31_a694_0000_1607371447_64_generated
5b7f_0a31_0000_1607371449_65_received
ace3_5b7f_0000_1607371451_66_generated
abd4_ace3_0000_1607371457_67_received
6050_abd4_0000_1607371466_68_generated
5988_abd4_0000_1607371467_68_received
a478_6050_0000_1607371473_69_received
77ce_a478_0000_1607371479_70_generated
a75b_77ce_0000_1607371483_71_received
dd5f_a75b_0000_1607371501_72_generated
3eb9_a75b_0000_1607371500_72_received
8b47_3eb9_0000_1607371509_73_received
0ee8_8b47_0000_1607371518_74_received
783b_0ee8_0000_1607371519_75_received
060a_783b_0000_1607371522_76_generated
a002_060a_0000_1607371524_77_received
af7c_a002_0000_1607371528_78_generated
d837_af7c_0000_1607371531_79_received
27e8_d837_0000_1607371533_80_received
c224_27e8_0000_1607371535_81_generated
ec01_c224_0000_1607371540_82_generated
7a89_ec01_0000_1607371545_83_received
1914_7a89_0000_1607371547_84_received
87eb_1914_0000_1607371556_85_received
5f90_87eb_0000_1607371561_86_generated
b3cd_5f90_0000_1607371566_87_generated
52f9_b3cd_0000_1607371568_88_received
6998_52f9_0000_1607371570_89_generated
f968_6998_0000_1607371576_90_received
2392_f968_0000_1607371579_91_received
5b50_2392_0000_1607371583_92_generated
7529_2392_0000_1607371584_92_received
d2e6_7529_0000_1607371590_93_received
af60_d2e6_0000_1607371592_94_received
204c_af60_0000_1607371594_95_received
6d37_204c_0000_1607371600_96_generated
68d6_6d37_0000_1607371600_97_generated
35ec_68d6_0000_1607371606_98_generated
9dac_35ec_0000_1607371616_99_generated
6499_9dac_0000_1607371655_100_received
e40e_6499_0000_1607371674_101_generated
9458_e40e_0000_1607371679_102_received
6eb6_9458_0000_1607371690_103_received
235c_6eb6_0000_1607371692_104_received
d6d0_235c_0000_1607371696_105_generated
efa3_d6d0_0000_1607371698_106_received
d76c_efa3_0000_1607371703_107_generated
2618_d76c_0000_1607371705_108_generated
afd9_2618_0000_1607371713_109_generated
efbe_afd9_0000_1607371721_110_received
d432_efbe_0000_1607371725_111_received
b51d_d432_0000_1607371725_112_received
abc0_b51d_0000_1607371728_113_received
c380_abc0_0000_1607371730_114_generated
9089_c380_0000_1607371739_115_received
690c_9089_0000_1607371752_116_generated
954a_690c_0000_1607371754_117_received
c988_690c_0000_1607371755_117_received
5d60_954a_0000_1607371760_118_generated
2a9a_5d60_0000_1607371763_119_received
6a2b_2a9a_0000_1607371776_120_generated
6253_6a2b_0000_1607371784_121_received
c5ab_6253_0000_1607371789_122_generated
1467_c5ab_0000_1607371798_123_received
b398_1467_0000_1607371800_124_received
43c1_b398_0000_1607371803_125_received
aced_43c1_0000_1607371808_126_received
4541_aced_0000_1607371815_127_received
d470_4541_0000_1607371818_128_generated
1015_d470_0000_1607371820_129_received
f18d_1015_0000_1607371826_130_received
a9cf_f18d_0000_1607371841_131_received
0804_a9cf_0000_1607371847_132_received
8398_0804_0000_1607371853_133_generated
62ae_8398_0000_1607371859_134_received
60fb_62ae_0000_1607371863_135_generated
0f3e_60fb_0000_1607371878_136_received
d22b_0f3e_0000_1607371887_137_generated
417f_d22b_0000_1607371895_138_generated
7d77_417f_0000_1607371896_139_generated
3ed3_417f_0000_1607371897_139_received
e907_3ed3_0000_1607371903_140_received
a7a3_e907_0000_1607371909_141_received
278c_a7a3_0000_1607371918_142_generated
7a26_278c_0000_1607371920_143_received
90ac_7a26_0000_1607371927_144_received
8ba9_90ac_0000_1607371933_145_received
3134_8ba9_0000_1607371940_146_received
0ed3_3134_0000_1607371945_147_generated
d110_0ed3_0000_1607371947_148_received
f5e0_3134_0000_1607371946_147_received
b1e7_d110_0000_1607371951_149_received
6ab3_b1e7_0000_1607371963_150_generated
feae_6ab3_0000_1607371968_151_generated
d542_feae_0000_1607371972_152_received
c615_d542_0000_1607371987_153_generated
eb83_c615_0000_1607371992_154_received
4d43_eb83_0000_1607371996_155_received
996a_4d43_0000_1607371999_156_received
5053_996a_0000_1607372000_157_received
feed_5053_0000_1607372003_158_received
71b5_feed_0000_1607372005_159_received
a307_71b5_0000_1607372017_160_generated
7ef1_a307_0000_1607372017_161_generated
ab54_7ef1_0000_1607372023_162_generated
a761_ab54_0000_1607372026_163_generated
82dc_ab54_0000_1607372025_163_received
d0df_a761_0000_1607372030_164_generated
26cf_d0df_0000_1607372033_165_generated
707b_26cf_0000_1607372036_166_received
5758_707b_0000_1607372038_167_generated
c993_5758_0000_1607372039_168_received
2a1c_5758_0000_1607372040_168_received
5564_c993_0000_1607372040_169_received
2b34_5564_0000_1607372043_170_received
e60a_2b34_0000_1607372050_171_generated
2b6c_e60a_0000_1607372052_172_received
207e_2b6c_0000_1607372060_173_received
e4ec_207e_0000_1607372060_174_received
f9b7_207e_0000_1607372062_174_received
794f_f9b7_0000_1607372066_175_received
9254_e4ec_0000_1607372068_175_received
0eae_794f_0000_1607372075_176_received
6bae_0eae_0000_1607372080_177_received
7aa9_6bae_0000_1607372102_178_received
88a5_7aa9_0000_1607372109_179_received
e95c_88a5_0000_1607372111_180_generated
d67f_e95c_0000_1607372114_181_received
b1dd_e95c_0000_1607372115_181_received
6af6_d67f_0000_1607372116_182_received
93ff_6af6_0000_1607372123_183_generated
f453_93ff_0000_1607372131_184_received
c4f9_f453_0000_1607372133_185_received
4711_f453_0000_1607372134_185_received
58cd_c4f9_0000_1607372136_186_received
507f_58cd_0000_1607372142_187_generated
f298_58cd_0000_1607372143_187_received
e661_507f_0000_1607372152_188_generated
07ba_f298_0000_1607372150_188_received
fd1e_07ba_0000_1607372158_189_received
e320_fd1e_0000_1607372174_190_generated
c131_e320_0000_1607372178_191_generated
f54d_c131_0000_1607372183_192_received
cc5d_f54d_0000_1607372185_193_received
e402_cc5d_0000_1607372188_194_generated
5e4b_e402_0000_1607372201_195_received
af1f_5e4b_0000_1607372204_196_generated
9232_af1f_0000_1607372213_197_generated
dcf6_9232_0000_1607372216_198_generated
632c_dcf6_0000_1607372226_199_generated
5eb2_632c_0000_1607372226_200_generated
ca42_5eb2_0000_1607372228_201_received
095a_ca42_0000_1607372231_202_received
ae97_095a_0000_1607372235_203_received
fd4b_ae97_0000_1607372242_204_generated
ccc8_ae97_0000_1607372243_204_received
b22b_fd4b_0000_1607372250_205_received
b9eb_b22b_0000_1607372252_206_received
b0a2_b9eb_0000_1607372255_207_generated
1005_b22b_0000_1607372254_206_received
ab1f_b0a2_0000_1607372260_208_received
f4a6_ab1f_0000_1607372264_209_generated
88c9_f4a6_0000_1607372270_210_received
1670_f4a6_0000_1607372269_210_received
53e8_88c9_0000_1607372272_211_generated
