4c1f_9e1c_0000_1607180208_1_generated
dbbc_9e1c_0000_1607180209_1_received
0f06_dbbc_0000_1607180213_2_received
150c_0f06_0000_1607180220_3_received
33ea_150c_0000_1607180223_4_generated
0724_33ea_0000_1607180231_5_received
7828_0724_0000_1607180234_6_received
0d0d_7828_0000_1607180238_7_received
9ccd_0d0d_0000_1607180242_8_received
7ae0_9ccd_0000_1607180257_9_received
2eaa_7ae0_0000_1607180262_10_received
feab_2eaa_0000_1607180264_11_received
4397_feab_0000_1607180272_12_received
db72_4397_0000_1607180277_13_generated
6766_db72_0000_1607180280_14_generated
4716_6766_0000_1607180282_15_received
f29f_4716_0000_1607180290_16_generated
064c_f29f_0000_1607180293_17_generated
f302_064c_0000_1607180306_18_received
9f88_f302_0000_1607180311_19_received
60d6_9f88_0000_1607180312_20_received
d3c4_60d6_0000_1607180317_21_received
f719_d3c4_0000_1607180322_22_generated
8dbe_d3c4_0000_1607180323_22_received
697e_8dbe_0000_1607180328_23_received
3b01_697e_0000_1607180337_24_generated
82f3_3b01_0000_1607180349_25_received
17a8_82f3_0000_1607180362_26_generated
36d0_17a8_0000_1607180365_27_received
52b5_36d0_0000_1607180370_28_generated
f16a_52b5_0000_1607180377_29_generated
53ac_f16a_0000_1607180380_30_received
1731_53ac_0000_1607180383_31_generated
f4d9_1731_0000_1607180385_32_generated
29c8_f4d9_0000_1607180396_33_received
57ab_29c8_0000_1607180404_34_received
0c4e_57ab_0000_1607180405_35_received
afbd_0c4e_0000_1607180408_36_received
5b31_afbd_0000_1607180409_37_received
861c_5b31_0000_1607180415_38_received
5834_5b31_0000_1607180416_38_received
b0f8_861c_0000_1607180416_39_received
b12c_b0f8_0000_1607180422_40_received
2a34_b12c_0000_1607180426_41_generated
75f2_2a34_0000_1607180430_42_generated
3327_75f2_0000_1607180444_43_generated
9a90_3327_0000_1607180453_44_generated
783d_9a90_0000_1607180455_45_received
423c_783d_0000_1607180472_46_generated
99de_423c_0000_1607180479_47_generated
038f_99de_0000_1607180481_48_generated
67f8_038f_0000_1607180509_49_received
a446_67f8_0000_1607180522_50_generated
353b_a446_0000_1607180524_51_received
f272_353b_0000_1607180526_52_received
d5d1_f272_0000_1607180526_53_received
aa1b_d5d1_0000_1607180529_54_generated
fe6c_aa1b_0000_1607180537_55_received
7e01_fe6c_0000_1607180542_56_generated
dbbd_fe6c_0000_1607180541_56_received
e848_dbbd_0000_1607180543_57_received
0bd3_e848_0000_1607180545_58_generated
38c5_0bd3_0000_1607180547_59_generated
a3ce_38c5_0000_1607180548_60_generated
b32f_a3ce_0000_1607180558_61_received
fba6_b32f_0000_1607180565_62_received
cb8c_fba6_0000_1607180565_63_received
71f7_cb8c_0000_1607180585_64_generated
0aed_cb8c_0000_1607180584_64_received
af90_71f7_0000_1607180588_65_generated
c51a_af90_0000_1607180604_66_received
1195_c51a_0000_1607180610_67_generated
e957_c51a_0000_1607180609_67_received
3981_e957_0000_1607180611_68_received
9141_3981_0000_1607180615_69_generated
55d9_9141_0000_1607180619_70_received
0c7c_55d9_0000_1607180637_71_received
0c29_0c7c_0000_1607180645_72_generated
cc52_0c29_0000_1607180657_73_received
c21e_cc52_0000_1607180660_74_received
02c9_c21e_0000_1607180664_75_generated
d50f_02c9_0000_1607180664_76_generated
431f_d50f_0000_1607180664_77_generated
726d_431f_0000_1607180672_78_received
6db8_726d_0000_1607180682_79_generated
e0b3_6db8_0000_1607180699_80_received
b032_e0b3_0000_1607180701_81_received
9b3c_b032_0000_1607180703_82_generated
b061_9b3c_0000_1607180705_83_generated
6d46_9b3c_0000_1607180704_83_received
6ee1_6d46_0000_1607180705_84_received
8138_6ee1_0000_1607180713_85_generated
63e7_8138_0000_1607180715_86_generated
61e7_63e7_0000_1607180722_87_generated
7e12_61e7_0000_1607180726_88_generated
e945_7e12_0000_1607180730_89_generated
587f_e945_0000_1607180734_90_generated
b78a_587f_0000_1607180737_91_received
4023_b78a_0000_1607180740_92_received
680c_4023_0000_1607180745_93_received
08ba_680c_0000_1607180754_94_generated
b956_08ba_0000_1607180755_95_generated
9569_b956_0000_1607180762_96_received
19ba_9569_0000_1607180767_97_received
a12b_19ba_0000_1607180769_98_received
f1fb_a12b_0000_1607180774_99_generated
4586_f1fb_0000_1607180774_100_generated
8464_4586_0000_1607180777_101_generated
fa7c_8464_0000_1607180785_102_received
c929_fa7c_0000_1607180787_103_generated
a71e_c929_0000_1607180788_104_generated
4c33_a71e_0000_1607180810_105_received
e916_4c33_0000_1607180829_106_received
32b7_e916_0000_1607180839_107_generated
a570_32b7_0000_1607180842_108_received
f557_a570_0000_1607180844_109_received
d4a8_f557_0000_1607180852_110_generated
6eff_d4a8_0000_1607180853_111_received
f431_6eff_0000_1607180855_112_received
f79e_f431_0000_1607180866_113_generated
dfe8_f79e_0000_1607180868_114_received
cc5e_dfe8_0000_1607180875_115_received
ac05_cc5e_0000_1607180887_116_generated
acff_ac05_0000_1607180891_117_generated
f32f_acff_0000_1607180909_118_received
b705_f32f_0000_1607180911_119_generated
5e47_b705_0000_1607180914_120_received
