7edf_9e1c_0000_1607383095_1_generated
4ea4_7edf_0000_1607383099_2_received
4e12_4ea4_0000_1607383101_3_received
dbc5_4e12_0000_1607383102_4_generated
41e0_dbc5_0000_1607383104_5_generated
311c_41e0_0000_1607383107_6_generated
7967_311c_0000_1607383108_7_generated
e436_7967_0000_1607383109_8_generated
1be7_e436_0000_1607383109_9_generated
69b2_1be7_0000_1607383113_10_generated
f1ba_69b2_0000_1607383113_11_generated
d798_f1ba_0000_1607383114_12_generated
6a72_d798_0000_1607383117_13_received
62fc_6a72_0000_1607383119_14_received
12c3_62fc_0000_1607383121_15_generated
cabc_12c3_0000_1607383123_16_generated
a357_cabc_0000_1607383124_17_generated
cb1c_12c3_0000_1607383124_16_received
7e3f_cb1c_0000_1607383124_17_received
de1f_a357_0000_1607383127_18_generated
36eb_de1f_0000_1607383128_19_received
d30f_36eb_0000_1607383130_20_generated
c5ef_d30f_0000_1607383130_21_generated
2bc7_36eb_0000_1607383129_20_received
38b3_c5ef_0000_1607383131_22_received
32e0_38b3_0000_1607383132_23_generated
f3bc_32e0_0000_1607383133_24_generated
b299_f3bc_0000_1607383134_25_generated
fb01_b299_0000_1607383134_26_generated
a34f_fb01_0000_1607383135_27_generated
85fe_a34f_0000_1607383135_28_generated
5a3b_85fe_0000_1607383135_29_generated
bab7_5a3b_0000_1607383140_30_received
3315_bab7_0000_1607383142_31_generated
44b5_3315_0000_1607383143_32_generated
aa6a_44b5_0000_1607383144_33_generated
2de5_aa6a_0000_1607383147_34_generated
ce60_2de5_0000_1607383148_35_received
054e_aa6a_0000_1607383148_34_received
ac3a_ce60_0000_1607383150_36_generated
bde6_ac3a_0000_1607383152_37_generated
7375_bde6_0000_1607383153_38_received
6cb0_7375_0000_1607383154_39_received
939f_6cb0_0000_1607383155_40_generated
ddeb_939f_0000_1607383157_41_received
8b95_ddeb_0000_1607383163_42_received
42ad_8b95_0000_1607383168_43_generated
8481_42ad_0000_1607383172_44_received
73f3_8481_0000_1607383174_45_received
3937_73f3_0000_1607383174_46_received
7a4b_3937_0000_1607383176_47_received
309c_3937_0000_1607383175_47_received
8160_7a4b_0000_1607383181_48_generated
ddbe_309c_0000_1607383181_48_received
3547_8160_0000_1607383184_49_generated
10c1_3547_0000_1607383184_50_generated
7461_10c1_0000_1607383185_51_generated
0bd4_7461_0000_1607383186_52_generated
e81d_10c1_0000_1607383186_51_received
7b01_0bd4_0000_1607383188_53_generated
a001_7b01_0000_1607383193_54_generated
6ecb_a001_0000_1607383193_55_received
f476_6ecb_0000_1607383196_56_received
0aad_f476_0000_1607383197_57_generated
a98f_0aad_0000_1607383202_58_generated
7541_a98f_0000_1607383202_59_received
41f2_7541_0000_1607383203_60_generated
d7a3_41f2_0000_1607383205_61_received
2417_d7a3_0000_1607383205_62_received
8b46_2417_0000_1607383207_63_generated
afe9_8b46_0000_1607383208_64_generated
5dd6_afe9_0000_1607383209_65_generated
2dea_5dd6_0000_1607383210_66_generated
6abb_2dea_0000_1607383211_67_generated
68ef_afe9_0000_1607383210_65_received
7f80_6abb_0000_1607383213_68_generated
1445_7f80_0000_1607383220_69_generated
eda5_1445_0000_1607383221_70_generated
fc51_eda5_0000_1607383226_71_received
e03b_fc51_0000_1607383228_72_generated
665d_e03b_0000_1607383231_73_generated
9a60_e03b_0000_1607383230_73_received
cfa2_e03b_0000_1607383232_73_received
f7a3_9a60_0000_1607383232_74_received
4b5d_f7a3_0000_1607383233_75_generated
4892_4b5d_0000_1607383235_76_generated
ed91_4b5d_0000_1607383234_76_received
84f1_ed91_0000_1607383236_77_received
45eb_ed91_0000_1607383237_77_received
9836_45eb_0000_1607383239_78_received
b553_9836_0000_1607383240_79_received
6b71_b553_0000_1607383241_80_received
0de5_6b71_0000_1607383241_81_received
13f8_0de5_0000_1607383244_82_generated
0980_13f8_0000_1607383246_83_received
5c7c_0980_0000_1607383248_84_generated
b37e_5c7c_0000_1607383250_85_generated
a533_b37e_0000_1607383251_86_generated
b08d_a533_0000_1607383252_87_generated
7bb7_b08d_0000_1607383252_88_generated
0ffb_7bb7_0000_1607383253_89_generated
e3bd_0ffb_0000_1607383254_90_generated
b3aa_0ffb_0000_1607383255_90_received
f29c_e3bd_0000_1607383255_91_generated
1a4b_f29c_0000_1607383256_92_generated
6db0_e3bd_0000_1607383256_91_received
0d63_1a4b_0000_1607383257_93_generated
4f55_0d63_0000_1607383259_94_received
e265_4f55_0000_1607383262_95_generated
f0cc_e265_0000_1607383264_96_generated
d93c_f0cc_0000_1607383265_97_received
58e1_d93c_0000_1607383267_98_received
d609_58e1_0000_1607383269_99_generated
229a_d609_0000_1607383271_100_generated
0f49_229a_0000_1607383272_101_generated
8222_0f49_0000_1607383273_102_generated
7535_229a_0000_1607383273_101_received
4c88_8222_0000_1607383279_103_received
4ee0_4c88_0000_1607383283_104_generated
2413_4ee0_0000_1607383285_105_received
f9e0_2413_0000_1607383288_106_generated
83e3_f9e0_0000_1607383288_107_generated
934e_83e3_0000_1607383289_108_received
4f96_934e_0000_1607383291_109_received
1363_4f96_0000_1607383293_110_received
fa10_1363_0000_1607383294_111_received
5ddd_fa10_0000_1607383295_112_generated
f930_5ddd_0000_1607383295_113_generated
2b2c_f930_0000_1607383297_114_generated
e438_2b2c_0000_1607383300_115_received
8031_e438_0000_1607383303_116_generated
6e1e_8031_0000_1607383308_117_received
2beb_6e1e_0000_1607383310_118_generated
f749_2beb_0000_1607383314_119_generated
21dd_f749_0000_1607383315_120_generated
0430_21dd_0000_1607383318_121_generated
f2bd_0430_0000_1607383320_122_received
8c62_f2bd_0000_1607383322_123_generated
4bc8_8c62_0000_1607383325_124_generated
9d8a_8c62_0000_1607383324_124_received
b54a_9d8a_0000_1607383326_125_received
63e0_9d8a_0000_1607383327_125_received
e094_b54a_0000_1607383328_126_generated
222a_e094_0000_1607383331_127_received
2a90_222a_0000_1607383332_128_generated
4148_2a90_0000_1607383334_129_generated
4aa8_4148_0000_1607383335_130_generated
9008_4aa8_0000_1607383337_131_generated
844a_4aa8_0000_1607383338_131_received
1505_9008_0000_1607383338_132_received
b1f7_1505_0000_1607383340_133_generated
f043_b1f7_0000_1607383341_134_generated
a06a_b1f7_0000_1607383342_134_received
6cb2_f043_0000_1607383344_135_received
5a03_6cb2_0000_1607383345_136_received
668f_5a03_0000_1607383347_137_generated
4a00_a06a_0000_1607383346_135_received
6198_668f_0000_1607383349_138_generated
6c22_6198_0000_1607383351_139_generated
9445_6c22_0000_1607383354_140_generated
46ce_9445_0000_1607383356_141_generated
b1a2_6c22_0000_1607383356_140_received
a868_46ce_0000_1607383361_142_generated
e64f_a868_0000_1607383365_143_received
662c_a868_0000_1607383366_143_received
9c28_e64f_0000_1607383370_144_generated
ffec_9c28_0000_1607383371_145_generated
ab9e_ffec_0000_1607383379_146_generated
14f5_ab9e_0000_1607383382_147_generated
ba39_14f5_0000_1607383383_148_generated
947b_ba39_0000_1607383384_149_generated
1784_947b_0000_1607383384_150_generated
f3e1_1784_0000_1607383385_151_generated
bef8_f3e1_0000_1607383386_152_generated
ebd5_bef8_0000_1607383387_153_generated
1de4_ebd5_0000_1607383390_154_generated
a89f_ba39_0000_1607383386_149_received
abbd_f3e1_0000_1607383389_152_received
7d44_f3e1_0000_1607383388_152_received
9e5e_ebd5_0000_1607383391_154_received
96cf_1de4_0000_1607383392_155_received
6f4b_96cf_0000_1607383394_156_generated
259b_9e5e_0000_1607383393_155_received
601f_6f4b_0000_1607383397_157_generated
e2cb_601f_0000_1607383399_158_generated
8a3e_e2cb_0000_1607383402_159_generated
f1e1_e2cb_0000_1607383401_159_received
751f_f1e1_0000_1607383403_160_received
1cdc_751f_0000_1607383406_161_generated
34da_1cdc_0000_1607383406_162_generated
c9a0_f1e1_0000_1607383404_160_received
2f9f_34da_0000_1607383409_163_generated
af31_2f9f_0000_1607383411_164_generated
312b_2f9f_0000_1607383412_164_received
d67d_af31_0000_1607383416_165_generated
0634_d67d_0000_1607383417_166_generated
6ec1_0634_0000_1607383418_167_generated
cc4a_af31_0000_1607383417_165_received
7da4_6ec1_0000_1607383420_168_generated
bd27_7da4_0000_1607383422_169_generated
fb14_6ec1_0000_1607383421_168_received
cbc5_bd27_0000_1607383423_170_generated
260b_cbc5_0000_1607383423_171_generated
286e_7da4_0000_1607383423_169_received
5540_260b_0000_1607383425_172_generated
dc91_5540_0000_1607383426_173_generated
121b_bd27_0000_1607383425_170_received
526c_286e_0000_1607383426_170_received
3923_dc91_0000_1607383430_174_generated
08bd_3923_0000_1607383431_175_generated
3f00_08bd_0000_1607383432_176_generated
8be9_3f00_0000_1607383433_177_generated
e694_8be9_0000_1607383433_178_generated
e0c6_08bd_0000_1607383433_176_received
0a5d_e694_0000_1607383436_179_generated
966f_0a5d_0000_1607383439_180_generated
a0c7_3f00_0000_1607383435_177_received
08cd_966f_0000_1607383440_181_generated
d096_e694_0000_1607383439_179_received
c62c_08cd_0000_1607383442_182_received
f9b6_c62c_0000_1607383445_183_generated
f66a_d096_0000_1607383440_180_received
0ea2_f9b6_0000_1607383447_184_generated
fcf2_f66a_0000_1607383444_181_received
b411_0ea2_0000_1607383450_185_generated
350c_b411_0000_1607383452_186_generated
4131_350c_0000_1607383453_187_generated
9c7e_c62c_0000_1607383449_183_received
6c2d_4131_0000_1607383456_188_received
f665_6c2d_0000_1607383459_189_generated
67f9_f665_0000_1607383461_190_generated
9b83_6c2d_0000_1607383458_189_received
62fb_9b83_0000_1607383460_190_received
c061_67f9_0000_1607383463_191_generated
a6c5_4131_0000_1607383459_188_received
0faa_9b83_0000_1607383462_190_received
f01c_62fb_0000_1607383462_191_received
5bb4_c061_0000_1607383466_192_generated
9e68_67f9_0000_1607383462_191_received
82cb_5bb4_0000_1607383467_193_generated
2b68_f01c_0000_1607383465_192_received
5bf7_9e68_0000_1607383466_192_received
145c_82cb_0000_1607383470_194_generated
e4ea_0faa_0000_1607383466_191_received
f83f_145c_0000_1607383474_195_generated
b1dd_f83f_0000_1607383474_196_generated
5d7a_f01c_0000_1607383466_192_received
74f1_2b68_0000_1607383473_193_received
f2e6_b1dd_0000_1607383478_197_generated
5621_5d7a_0000_1607383470_193_received
4ce3_5621_0000_1607383473_194_received
a73c_f2e6_0000_1607383481_198_generated
974b_145c_0000_1607383475_195_received
09f4_a73c_0000_1607383482_199_generated
2828_b1dd_0000_1607383480_197_received
6b23_4ce3_0000_1607383475_195_received
6b7e_b1dd_0000_1607383481_197_received
f5ee_09f4_0000_1607383487_200_generated
19d6_2828_0000_1607383482_198_received
63d9_b1dd_0000_1607383479_197_received
287c_63d9_0000_1607383480_198_received
9d1b_287c_0000_1607383483_199_received
01f8_f5ee_0000_1607383493_201_generated
c4fd_01f8_0000_1607383495_202_generated
1c84_f5ee_0000_1607383494_201_received
8783_b1dd_0000_1607383484_197_received
1ae8_c4fd_0000_1607383500_203_generated
896f_1c84_0000_1607383497_202_received
9142_1ae8_0000_1607383501_204_generated
1c03_9142_0000_1607383505_205_generated
f7ff_c4fd_0000_1607383502_203_received
2ac8_1ae8_0000_1607383504_204_received
75cf_1c03_0000_1607383508_206_generated
0bef_9142_0000_1607383506_205_received
623f_75cf_0000_1607383510_207_generated
afb3_623f_0000_1607383512_208_generated
8190_9142_0000_1607383507_205_received
d0ae_afb3_0000_1607383516_209_generated
196d_d0ae_0000_1607383517_210_generated
ca95_623f_0000_1607383513_208_received
dd18_1c03_0000_1607383511_206_received
8138_623f_0000_1607383515_208_received
19b7_196d_0000_1607383521_211_generated
7cbe_8190_0000_1607383509_206_received
869f_afb3_0000_1607383517_209_received
90b5_19b7_0000_1607383524_212_generated
18c1_d0ae_0000_1607383520_210_received
906d_8138_0000_1607383519_209_received
6a92_90b5_0000_1607383527_213_generated
a949_d0ae_0000_1607383521_210_received
0efe_6a92_0000_1607383529_214_generated
e674_18c1_0000_1607383526_211_received
c25e_0efe_0000_1607383531_215_generated
a281_196d_0000_1607383526_211_received
9a00_19b7_0000_1607383531_212_received
ea40_19b7_0000_1607383528_212_received
9dec_c25e_0000_1607383535_216_generated
7546_9dec_0000_1607383538_217_generated
f606_7546_0000_1607383540_218_generated
e0e4_9a00_0000_1607383535_213_received
a466_f606_0000_1607383545_219_generated
5817_e0e4_0000_1607383538_214_received
9829_ea40_0000_1607383535_213_received
6281_a466_0000_1607383548_220_generated
a77d_9dec_0000_1607383541_217_received
f382_6281_0000_1607383550_221_generated
0416_f606_0000_1607383548_219_received
719b_f382_0000_1607383553_222_generated
4e96_0416_0000_1607383550_220_received
b1a6_719b_0000_1607383555_223_generated
8796_b1a6_0000_1607383558_224_generated
063f_f606_0000_1607383549_219_received
9047_8796_0000_1607383564_225_generated
f27b_b1a6_0000_1607383560_224_received
cb61_4e96_0000_1607383555_221_received
0243_9829_0000_1607383544_214_received
16ad_4e96_0000_1607383560_221_received
6f98_9047_0000_1607383568_226_generated
ea35_4e96_0000_1607383559_221_received
b480_6f98_0000_1607383570_227_generated
e68e_b480_0000_1607383575_228_received
4c20_e68e_0000_1607383577_229_generated
24c2_b1a6_0000_1607383566_224_received
af15_24c2_0000_1607383573_225_received
1a06_4c20_0000_1607383581_230_generated
8a34_1a06_0000_1607383582_231_generated
8579_8a34_0000_1607383586_232_generated
b481_e68e_0000_1607383578_229_received
1c75_e68e_0000_1607383580_229_received
4ad9_8579_0000_1607383590_233_generated
62ed_8796_0000_1607383570_225_received
fe99_4ad9_0000_1607383595_234_generated
83b2_62ed_0000_1607383574_226_received
9fe3_fe99_0000_1607383598_235_generated
68cf_b481_0000_1607383583_230_received
69ec_b480_0000_1607383583_228_received
d7ea_69ec_0000_1607383588_229_received
270f_e68e_0000_1607383588_229_received
f442_4ad9_0000_1607383596_234_received
5215_f442_0000_1607383601_235_received
0feb_f442_0000_1607383603_235_received
50d3_8579_0000_1607383593_233_received
9a8f_0feb_0000_1607383610_236_received
e82c_9a8f_0000_1607383614_237_generated
ab18_e82c_0000_1607383617_238_generated
8447_e82c_0000_1607383618_238_received
8534_5215_0000_1607383606_236_received
7bc0_f442_0000_1607383611_235_received
8c4c_8534_0000_1607383614_237_received
9cd1_ab18_0000_1607383626_239_generated
5530_8447_0000_1607383626_239_received
1470_5530_0000_1607383631_240_received
530b_5530_0000_1607383633_240_received
fa47_1470_0000_1607383632_241_received
2460_4c20_0000_1607383595_230_received
4733_8447_0000_1607383622_239_received
03eb_fa47_0000_1607383639_242_received
7ef4_530b_0000_1607383639_241_received
bbb9_4733_0000_1607383631_240_received
e09c_03eb_0000_1607383647_243_generated
982c_fa47_0000_1607383641_242_received
3aa0_e09c_0000_1607383650_244_generated
cfc4_3aa0_0000_1607383651_245_generated
8ede_03eb_0000_1607383646_243_received
20e8_cfc4_0000_1607383654_246_generated
9ccb_8ede_0000_1607383650_244_received
674e_1470_0000_1607383637_241_received
ef56_20e8_0000_1607383659_247_generated
7253_fa47_0000_1607383640_242_received
4825_1470_0000_1607383638_241_received
90d5_7253_0000_1607383651_243_received
1acb_982c_0000_1607383652_243_received
cfec_ef56_0000_1607383666_248_generated
c78d_9ccb_0000_1607383664_245_received
8ba3_cfec_0000_1607383671_249_generated
d894_8ba3_0000_1607383673_250_generated
81b0_cfec_0000_1607383674_249_received
cc6a_cfec_0000_1607383675_249_received
091f_d894_0000_1607383679_251_received
4924_091f_0000_1607383686_252_generated
77d9_091f_0000_1607383683_252_received
e05a_8579_0000_1607383605_233_received
0cdc_5215_0000_1607383620_236_received
25b0_8447_0000_1607383632_239_received
9bb7_9ccb_0000_1607383671_245_received
39b7_4924_0000_1607383696_253_generated
4afb_cfc4_0000_1607383671_246_received
d1d3_20e8_0000_1607383676_247_received
76b8_39b7_0000_1607383701_254_generated
c0f6_77d9_0000_1607383696_253_received
ac5a_77d9_0000_1607383698_253_received
e1ef_c0f6_0000_1607383699_254_received
3d64_76b8_0000_1607383706_255_generated
9da0_091f_0000_1607383695_252_received
06ad_3d64_0000_1607383710_256_generated
a872_d894_0000_1607383695_251_received
7c26_06ad_0000_1607383717_257_generated
036e_7c26_0000_1607383719_258_generated
33d4_e1ef_0000_1607383711_255_received
3f3c_e1ef_0000_1607383706_255_received
cf2a_036e_0000_1607383724_259_generated
ff59_06ad_0000_1607383718_257_received
ed14_3f3c_0000_1607383716_256_received
6d86_7c26_0000_1607383723_258_received
e51f_cf2a_0000_1607383731_260_generated
c702_ff59_0000_1607383726_258_received
a20b_e51f_0000_1607383735_261_generated
8d42_c702_0000_1607383730_259_received
254d_a20b_0000_1607383739_262_generated
8cec_ff59_0000_1607383728_258_received
c403_8cec_0000_1607383732_259_received
b63a_e1ef_0000_1607383714_255_received
0994_254d_0000_1607383745_263_generated
0bfe_06ad_0000_1607383725_257_received
5cb2_0994_0000_1607383748_264_generated
5b05_5cb2_0000_1607383749_265_generated
9a8e_5b05_0000_1607383751_266_generated
3d56_9a8e_0000_1607383752_267_generated
1d53_3d56_0000_1607383753_268_generated
3423_8d42_0000_1607383741_260_received
e29f_3d64_0000_1607383723_256_received
2fc1_3423_0000_1607383742_261_received
a605_3423_0000_1607383747_261_received
55b0_1d53_0000_1607383763_269_generated
18f3_3f3c_0000_1607383720_256_received
0081_18f3_0000_1607383730_257_received
d7c0_a605_0000_1607383758_262_received
de71_6d86_0000_1607383737_259_received
b62d_8d42_0000_1607383745_260_received
80de_55b0_0000_1607383773_270_generated
a585_b62d_0000_1607383752_261_received
b04d_a585_0000_1607383760_262_received
2af1_a605_0000_1607383753_262_received
2c16_d7c0_0000_1607383771_263_received
850e_b04d_0000_1607383770_263_received
0792_80de_0000_1607383783_271_generated
c894_d7c0_0000_1607383773_263_received
488c_2fc1_0000_1607383759_262_received
2949_850e_0000_1607383778_264_received
838f_2fc1_0000_1607383756_262_received
6aae_838f_0000_1607383759_263_received
15c8_2fc1_0000_1607383761_262_received
fb71_0792_0000_1607383796_272_generated
99f2_2949_0000_1607383789_265_received
3add_99f2_0000_1607383791_266_received
5dc9_2949_0000_1607383790_265_received
fe62_3add_0000_1607383796_267_received
3967_488c_0000_1607383770_263_received
379d_2949_0000_1607383794_265_received
1f44_2949_0000_1607383793_265_received
df09_fe62_0000_1607383801_268_received
953e_fb71_0000_1607383813_273_generated
642c_fe62_0000_1607383804_268_received
38ff_df09_0000_1607383806_269_received
f2b7_953e_0000_1607383819_274_generated
d889_642c_0000_1607383811_269_received
bc72_38ff_0000_1607383818_270_received
84b0_f2b7_0000_1607383824_275_generated
41b5_38ff_0000_1607383820_270_received
7f7c_84b0_0000_1607383828_276_generated
8f7b_bc72_0000_1607383821_271_received
f6b0_8f7b_0000_1607383827_272_received
d720_7f7c_0000_1607383833_277_generated
7a98_d720_0000_1607383835_278_generated
66a9_bc72_0000_1607383829_271_received
c720_7a98_0000_1607383842_279_generated
5f6a_c720_0000_1607383844_280_generated
5e6d_5f6a_0000_1607383847_281_generated
ce2c_5e6d_0000_1607383856_282_generated
917a_ce2c_0000_1607383858_283_generated
abab_917a_0000_1607383859_284_generated
c085_abab_0000_1607383862_285_generated
5f09_c085_0000_1607383867_286_generated
9fae_5f09_0000_1607383869_287_generated
8995_9fae_0000_1607383877_288_generated
46fe_8995_0000_1607383879_289_generated
0cd2_f6b0_0000_1607383860_273_received
e386_7a98_0000_1607383872_279_received
76d3_46fe_0000_1607383886_290_generated
d0a3_76d3_0000_1607383889_291_generated
b248_d0a3_0000_1607383892_292_generated
dbf7_5e6d_0000_1607383878_282_received
efec_b248_0000_1607383896_293_generated
9018_efec_0000_1607383898_294_generated
d2ee_9fae_0000_1607383891_288_received
12b7_46fe_0000_1607383896_290_received
c0f2_9018_0000_1607383903_295_generated
33ba_c0f2_0000_1607383911_296_generated
c0ad_33ba_0000_1607383913_297_generated
6bc1_c0ad_0000_1607383915_298_generated
cb2f_6bc1_0000_1607383918_299_generated
2c2b_cb2f_0000_1607383920_300_generated
cf02_2c2b_0000_1607383922_301_generated
c48f_cf02_0000_1607383924_302_generated
1471_c48f_0000_1607383926_303_generated
4042_f6b0_0000_1607383833_273_received
91d4_c0f2_0000_1607383915_296_received
dd87_1471_0000_1607383932_304_generated
3058_dd87_0000_1607383934_305_generated
2ce4_642c_0000_1607383826_269_received
e3a4_3058_0000_1607383941_306_generated
6832_e3a4_0000_1607383943_307_generated
fced_6bc1_0000_1607383924_299_received
931f_cf02_0000_1607383932_302_received
4a54_931f_0000_1607383936_303_received
d768_6832_0000_1607383953_308_generated
fb1c_3058_0000_1607383945_306_received
cd94_d768_0000_1607383956_309_generated
91e4_4042_0000_1607383853_274_received
8487_fb1c_0000_1607383955_307_received
f194_f6b0_0000_1607383835_273_received
a457_f6b0_0000_1607383847_273_received
58af_a457_0000_1607383849_274_received
13f2_58af_0000_1607383852_275_received
a89a_13f2_0000_1607383862_276_received
7495_f194_0000_1607383856_274_received
a4f0_c085_0000_1607383889_286_received
b3a9_a89a_0000_1607383871_277_received
1f32_b3a9_0000_1607383886_278_received
c3c3_7495_0000_1607383868_275_received
9df7_76d3_0000_1607383911_291_received
3548_1f32_0000_1607383913_279_received
e860_3548_0000_1607383919_280_received
6385_3058_0000_1607383950_306_received
619b_e860_0000_1607383942_281_received
8616_619b_0000_1607383948_282_received
9a20_cd94_0000_1607383988_310_generated
c308_f6b0_0000_1607383851_273_received
35da_5e6d_0000_1607383874_282_received
ee47_46fe_0000_1607383909_290_received
4d3e_c0f2_0000_1607383923_296_received
5679_3058_0000_1607383954_306_received
0713_8487_0000_1607383974_308_received
ff99_6385_0000_1607383957_307_received
686f_ff99_0000_1607383959_308_received
d436_686f_0000_1607383968_309_received
e548_9a20_0000_1607384003_311_generated
9b1d_0713_0000_1607384000_309_received
7c69_d436_0000_1607383988_310_received
688c_7c69_0000_1607383991_311_received
a04e_e548_0000_1607384009_312_generated
a30b_5e6d_0000_1607383876_282_received
9585_76d3_0000_1607383904_291_received
9761_c0f2_0000_1607383919_296_received
9ffe_686f_0000_1607383987_309_received
6c8e_a04e_0000_1607384016_313_generated
f121_6c8e_0000_1607384017_314_generated
ebba_f121_0000_1607384019_315_generated
014e_688c_0000_1607384015_312_received
efa7_ebba_0000_1607384026_316_generated
4173_efa7_0000_1607384028_317_generated
ee63_4173_0000_1607384038_318_generated
160a_ee63_0000_1607384040_319_generated
55d2_160a_0000_1607384044_320_generated
47b5_55d2_0000_1607384051_321_generated
ecae_014e_0000_1607384024_313_received
76f8_4173_0000_1607384044_318_received
c2e1_47b5_0000_1607384057_322_generated
586a_c2e1_0000_1607384060_323_generated
d47b_586a_0000_1607384063_324_generated
41d9_d47b_0000_1607384068_325_generated
fb98_41d9_0000_1607384071_326_generated
c154_586a_0000_1607384067_324_received
1ced_fb98_0000_1607384081_327_generated
eedb_1ced_0000_1607384083_328_generated
4e29_eedb_0000_1607384086_329_generated
3569_4e29_0000_1607384088_330_generated
3822_3569_0000_1607384094_331_generated
8b2e_3822_0000_1607384095_332_generated
1ebb_8b2e_0000_1607384098_333_generated
92e4_1ebb_0000_1607384100_334_generated
2011_92e4_0000_1607384103_335_generated
bb8a_2011_0000_1607384106_336_generated
4bc9_bb8a_0000_1607384109_337_generated
3206_4bc9_0000_1607384115_338_generated
d587_3206_0000_1607384117_339_generated
720f_3822_0000_1607384102_332_received
4c6e_d587_0000_1607384125_340_generated
223c_4c6e_0000_1607384127_341_generated
0a23_4bc9_0000_1607384120_338_received
710a_223c_0000_1607384133_342_generated
db57_710a_0000_1607384135_343_generated
eb99_9b1d_0000_1607384011_310_received
9fb0_db57_0000_1607384145_344_generated
32da_4c6e_0000_1607384136_341_received
1c29_9fb0_0000_1607384151_345_generated
fb34_1c29_0000_1607384153_346_generated
c5f0_eb99_0000_1607384022_311_received
be67_6c8e_0000_1607384065_314_received
8e50_d47b_0000_1607384093_325_received
3252_d587_0000_1607384135_340_received
4aa0_db57_0000_1607384148_344_received
e1da_fb34_0000_1607384165_347_generated
a149_e1da_0000_1607384167_348_generated
817e_688c_0000_1607384009_312_received
abec_a149_0000_1607384174_349_generated
6116_abec_0000_1607384178_350_generated
4785_6116_0000_1607384181_351_generated
b11b_4785_0000_1607384188_352_generated
2ed4_9fb0_0000_1607384157_345_received
5a76_b11b_0000_1607384196_353_generated
92d2_5a76_0000_1607384199_354_generated
b0d5_92d2_0000_1607384202_355_generated
aaec_b0d5_0000_1607384212_356_generated
1a62_aaec_0000_1607384215_357_generated
ca48_1a62_0000_1607384222_358_generated
c2a2_ca48_0000_1607384225_359_generated
cb0a_c2a2_0000_1607384227_360_generated
0e57_cb0a_0000_1607384235_361_generated
b4ac_0e57_0000_1607384239_362_generated
2e9c_b4ac_0000_1607384241_363_generated
fd97_2e9c_0000_1607384244_364_generated
4c62_fd97_0000_1607384246_365_generated
8413_4c62_0000_1607384249_366_generated
42f9_8413_0000_1607384253_367_generated
3a16_42f9_0000_1607384257_368_generated
0da8_3a16_0000_1607384260_369_generated
81fd_0da8_0000_1607384263_370_generated
4dae_81fd_0000_1607384266_371_generated
237f_4dae_0000_1607384268_372_generated
2ef1_237f_0000_1607384271_373_generated
2f5d_2ef1_0000_1607384273_374_generated
5f5b_2f5d_0000_1607384280_375_generated
ce20_5f5b_0000_1607384284_376_generated
6c9a_ce20_0000_1607384286_377_generated
