817a_9e1c_0000_1607349135_1_received
a38a_817a_0000_1607349141_2_received
bfcd_a38a_0000_1607349145_3_received
450e_bfcd_0000_1607349166_4_received
9e03_450e_0000_1607349173_5_received
3fde_9e03_0000_1607349180_6_received
38e2_3fde_0000_1607349182_7_received
aeb7_38e2_0000_1607349183_8_received
4b7d_aeb7_0000_1607349215_9_received
8073_4b7d_0000_1607349218_10_received
857d_8073_0000_1607349228_11_received
52bf_857d_0000_1607349231_12_received
a0e3_52bf_0000_1607349245_13_received
95b1_a0e3_0000_1607349258_14_received
605a_95b1_0000_1607349280_15_received
45d5_605a_0000_1607349288_16_received
ada0_45d5_0000_1607349289_17_received
cc51_ada0_0000_1607349311_18_received
3507_cc51_0000_1607349315_19_received
7c87_3507_0000_1607349321_20_received
c498_7c87_0000_1607349327_21_received
39d6_c498_0000_1607349332_22_received
e2e9_39d6_0000_1607349336_23_received
4d5a_39d6_0000_1607349337_23_received
21b8_e2e9_0000_1607349354_24_received
ca1a_21b8_0000_1607349360_25_received
c346_ca1a_0000_1607349367_26_received
9377_c346_0000_1607349388_27_received
709b_9377_0000_1607349389_28_received
7780_709b_0000_1607349400_29_received
4135_7780_0000_1607349407_30_received
becc_4135_0000_1607349425_31_received
d7fc_becc_0000_1607349437_32_received
0de4_d7fc_0000_1607349442_33_received
9633_0de4_0000_1607349448_34_received
963f_9633_0000_1607349453_35_received
d131_963f_0000_1607349455_36_received
b748_d131_0000_1607349460_37_received
0d02_b748_0000_1607349464_38_received
b368_0d02_0000_1607349467_39_received
aa36_b368_0000_1607349469_40_received
b1cd_aa36_0000_1607349479_41_received
bf63_b1cd_0000_1607349490_42_received
c939_bf63_0000_1607349505_43_received
f55c_c939_0000_1607349506_44_received
b840_f55c_0000_1607349516_45_received
a50b_b840_0000_1607349517_46_received
c87c_a50b_0000_1607349536_47_received
93e4_c87c_0000_1607349542_48_received
77e3_93e4_0000_1607349546_49_received
8bbf_77e3_0000_1607349555_50_received
16f5_8bbf_0000_1607349562_51_received
1ee9_16f5_0000_1607349565_52_received
e6ee_1ee9_0000_1607349587_53_received
5634_e6ee_0000_1607349588_54_received
35af_5634_0000_1607349598_55_received
5a47_35af_0000_1607349602_56_received
939a_5a47_0000_1607349607_57_received
bfe5_939a_0000_1607349612_58_received
ec76_bfe5_0000_1607349617_59_received
c327_ec76_0000_1607349629_60_received
8986_c327_0000_1607349640_61_received
