1702_9e1c_0000_1607090226_1_received
c386_1702_0000_1607090227_2_received
a2af_c386_0000_1607090231_3_generated
02ac_a2af_0000_1607090237_4_received
d256_02ac_0000_1607090245_5_received
1bd2_d256_0000_1607090257_6_received
e136_1bd2_0000_1607090260_7_received
ca97_e136_0000_1607090262_8_received
0031_ca97_0000_1607090266_9_generated
63c9_0031_0000_1607090268_10_received
10e4_63c9_0000_1607090271_11_received
c629_10e4_0000_1607090271_12_received
4dc5_c629_0000_1607090271_13_received
02c8_4dc5_0000_1607090273_14_received
348f_02c8_0000_1607090277_15_received
5ba0_348f_0000_1607090281_16_received
20ad_5ba0_0000_1607090304_17_received
d62f_5ba0_0000_1607090305_17_received
f4a5_20ad_0000_1607090307_18_received
33bb_d62f_0000_1607090308_18_received
693f_f4a5_0000_1607090309_19_received
dd6a_693f_0000_1607090315_20_received
ea63_dd6a_0000_1607090318_21_received
1d11_ea63_0000_1607090319_22_received
6797_1d11_0000_1607090321_23_received
771e_6797_0000_1607090324_24_received
54d8_771e_0000_1607090330_25_received
aff2_54d8_0000_1607090339_26_received
c36f_aff2_0000_1607090339_27_received
9f9c_c36f_0000_1607090342_28_received
13e3_9f9c_0000_1607090344_29_received
6c54_13e3_0000_1607090347_30_received
3efd_6c54_0000_1607090351_31_received
3911_3efd_0000_1607090354_32_generated
2cff_3911_0000_1607090357_33_received
ea6c_2cff_0000_1607090362_34_received
a898_ea6c_0000_1607090364_35_received
e0e4_a898_0000_1607090365_36_received
3d97_e0e4_0000_1607090367_37_received
44ae_3d97_0000_1607090369_38_received
51fb_44ae_0000_1607090376_39_generated
0b40_44ae_0000_1607090375_39_received
3210_0b40_0000_1607090377_40_received
9614_3210_0000_1607090380_41_generated
4600_9614_0000_1607090382_42_generated
54c5_4600_0000_1607090386_43_received
c232_54c5_0000_1607090392_44_received
6d38_54c5_0000_1607090393_44_received
39e9_6d38_0000_1607090394_45_received
a557_39e9_0000_1607090410_46_received
3a5d_a557_0000_1607090413_47_received
c666_3a5d_0000_1607090424_48_received
8953_c666_0000_1607090426_49_received
e697_8953_0000_1607090430_50_received
9e4c_e697_0000_1607090434_51_generated
bf83_9e4c_0000_1607090437_52_generated
97fa_9e4c_0000_1607090436_52_received
87b2_97fa_0000_1607090438_53_received
0217_87b2_0000_1607090445_54_received
4e3d_0217_0000_1607090449_55_received
fc0f_0217_0000_1607090450_55_received
042f_4e3d_0000_1607090451_56_received
cef8_042f_0000_1607090456_57_received
22b8_cef8_0000_1607090457_58_received
af94_22b8_0000_1607090463_59_received
1357_af94_0000_1607090480_60_received
9610_1357_0000_1607090483_61_received
4a63_9610_0000_1607090491_62_received
623c_9610_0000_1607090492_62_received
4323_623c_0000_1607090497_63_received
0ef6_4323_0000_1607090499_64_received
a2fd_0ef6_0000_1607090499_65_received
3a8a_a2fd_0000_1607090509_66_received
cac1_3a8a_0000_1607090510_67_received
4cab_cac1_0000_1607090512_68_received
6199_4cab_0000_1607090515_69_received
cadd_6199_0000_1607090515_70_received
e743_cadd_0000_1607090515_71_received
c317_e743_0000_1607090517_72_received
9f5b_c317_0000_1607090526_73_received
9b77_9f5b_0000_1607090532_74_received
911d_9b77_0000_1607090532_75_received
315d_911d_0000_1607090540_76_received
aaf6_315d_0000_1607090542_77_received
9715_aaf6_0000_1607090544_78_received
364f_9715_0000_1607090546_79_received
50e1_364f_0000_1607090555_80_received
b985_50e1_0000_1607090559_81_received
85ab_b985_0000_1607090561_82_received
95d5_85ab_0000_1607090565_83_received
42f7_95d5_0000_1607090572_84_received
3d44_42f7_0000_1607090574_85_received
9e93_3d44_0000_1607090576_86_received
84c8_9e93_0000_1607090578_87_received
7bc7_84c8_0000_1607090579_88_received
2837_7bc7_0000_1607090586_89_received
82bf_2837_0000_1607090592_90_received
3b69_82bf_0000_1607090594_91_received
a068_3b69_0000_1607090598_92_received
148d_a068_0000_1607090600_93_received
72aa_148d_0000_1607090611_94_received
1709_72aa_0000_1607090614_95_received
084e_1709_0000_1607090618_96_received
f087_084e_0000_1607090620_97_received
0bd0_f087_0000_1607090620_98_received
b24e_0bd0_0000_1607090626_99_received
7668_b24e_0000_1607090632_100_received
4aed_7668_0000_1607090634_101_received
9b66_4aed_0000_1607090634_102_received
000d_9b66_0000_1607090634_103_received
0238_000d_0000_1607090645_104_received
0400_000d_0000_1607090646_104_received
a6a5_0238_0000_1607090664_105_received
6dfe_a6a5_0000_1607090666_106_received
75a3_6dfe_0000_1607090675_107_received
eaab_75a3_0000_1607090678_108_received
528e_eaab_0000_1607090679_109_received
0aff_528e_0000_1607090695_110_received
c83b_0aff_0000_1607090697_111_generated
9900_c83b_0000_1607090698_112_received
3ac1_9900_0000_1607090713_113_received
f5a1_3ac1_0000_1607090714_114_received
0e6d_f5a1_0000_1607090714_115_received
534e_0e6d_0000_1607090725_116_received
afa8_534e_0000_1607090725_117_received
9a86_afa8_0000_1607090726_118_received
c4e9_9a86_0000_1607090736_119_received
2225_c4e9_0000_1607090737_120_received
41f5_c4e9_0000_1607090738_120_received
97bd_41f5_0000_1607090741_121_received
4445_97bd_0000_1607090743_122_received
d14e_97bd_0000_1607090744_122_received
e815_4445_0000_1607090750_123_received
5dc2_e815_0000_1607090754_124_received
66cc_5dc2_0000_1607090755_125_received
0d36_66cc_0000_1607090770_126_received
0773_0d36_0000_1607090773_127_received
5b99_0773_0000_1607090775_128_received
a0a7_5b99_0000_1607090782_129_received
c846_a0a7_0000_1607090783_130_received
c1fb_c846_0000_1607090787_131_received
8bd7_c1fb_0000_1607090789_132_received
e24d_8bd7_0000_1607090793_133_received
c6d4_e24d_0000_1607090794_134_generated
16b9_c6d4_0000_1607090812_135_received
6e43_16b9_0000_1607090815_136_received
976f_6e43_0000_1607090832_137_received
ec4a_976f_0000_1607090833_138_received
1707_ec4a_0000_1607090838_139_received
4b2b_1707_0000_1607090843_140_received
1530_4b2b_0000_1607090852_141_received
2310_1530_0000_1607090857_142_received
fa28_2310_0000_1607090857_143_received
9fa5_fa28_0000_1607090863_144_received
58e2_9fa5_0000_1607090864_145_received
2229_58e2_0000_1607090865_146_received
cf8d_2229_0000_1607090870_147_received
9964_cf8d_0000_1607090872_148_generated
e607_9964_0000_1607090886_149_received
77a7_e607_0000_1607090891_150_received
c659_77a7_0000_1607090895_151_received
3431_c659_0000_1607090899_152_received
1cb8_3431_0000_1607090903_153_received
0227_1cb8_0000_1607090905_154_received
4e33_0227_0000_1607090905_155_received
c443_4e33_0000_1607090914_156_received
04fb_c443_0000_1607090920_157_received
0504_04fb_0000_1607090922_158_received
f589_0504_0000_1607090927_159_received
7404_f589_0000_1607090929_160_received
b824_7404_0000_1607090933_161_received
8d28_b824_0000_1607090934_162_received
ed08_8d28_0000_1607090936_163_received
414a_ed08_0000_1607090943_164_received
df6e_414a_0000_1607090943_165_received
3906_df6e_0000_1607090943_166_received
