2abd_9e1c_0000_1605006189_1_received
b86b_2abd_0000_1605006197_2_received
3b37_b86b_0000_1605006205_3_received
de32_3b37_0000_1605006223_4_generated
0b91_de32_0000_1605006227_5_received
5922_0b91_0000_1605006238_6_generated
d690_5922_0000_1605006248_7_received
62d7_d690_0000_1605006250_8_received
984b_62d7_0000_1605006253_9_generated
0988_62d7_0000_1605006252_9_received
292d_0988_0000_1605006265_10_received
d0fd_292d_0000_1605006267_11_received
f620_d0fd_0000_1605006269_12_received
3bf4_f620_0000_1605006269_13_received
0ed9_3bf4_0000_1605006270_14_received
1bd7_0ed9_0000_1605006271_15_received
8a41_1bd7_0000_1605006286_16_received
3c4c_8a41_0000_1605006289_17_generated
ca87_3c4c_0000_1605006289_18_generated
81fb_8a41_0000_1605006288_17_received
4a83_ca87_0000_1605006293_19_received
432b_4a83_0000_1605006296_20_received
7c06_432b_0000_1605006298_21_generated
6f46_7c06_0000_1605006303_22_generated
d07f_6f46_0000_1605006305_23_generated
1e12_d07f_0000_1605006313_24_received
4129_1e12_0000_1605006325_25_received
c16a_4129_0000_1605006329_26_received
14f9_c16a_0000_1605006338_27_generated
6a08_c16a_0000_1605006339_27_received
1fd1_14f9_0000_1605006339_28_received
ade4_1fd1_0000_1605006340_29_received
57c1_ade4_0000_1605006342_30_received
9e2e_57c1_0000_1605006351_31_generated
9c86_9e2e_0000_1605006351_32_generated
85bd_9c86_0000_1605006353_33_generated
118d_85bd_0000_1605006372_34_generated
de3e_118d_0000_1605006377_35_generated
0db3_de3e_0000_1605006380_36_generated
e920_de3e_0000_1605006381_36_received
48d0_e920_0000_1605006385_37_received
2404_48d0_0000_1605006390_38_received
4a03_2404_0000_1605006395_39_generated
1886_2404_0000_1605006394_39_received
121e_4a03_0000_1605006396_40_generated
2914_121e_0000_1605006407_41_generated
9757_121e_0000_1605006406_41_received
da05_9757_0000_1605006411_42_received
c329_da05_0000_1605006415_43_generated
d7c6_c329_0000_1605006424_44_received
e110_d7c6_0000_1605006427_45_generated
404a_e110_0000_1605006432_46_received
6e7c_404a_0000_1605006435_47_received
2d79_6e7c_0000_1605006438_48_received
9bf7_2d79_0000_1605006445_49_received
3fb7_9bf7_0000_1605006447_50_generated
16c3_3fb7_0000_1605006453_51_generated
0890_16c3_0000_1605006456_52_received
636b_0890_0000_1605006464_53_received
ee55_636b_0000_1605006465_54_received
6361_ee55_0000_1605006468_55_received
772a_6361_0000_1605006471_56_received
977d_772a_0000_1605006473_57_generated
97f2_977d_0000_1605006476_58_received
8f8b_97f2_0000_1605006477_59_generated
3757_8f8b_0000_1605006481_60_generated
1607_3757_0000_1605006491_61_generated
7170_1607_0000_1605006517_62_generated
18e2_7170_0000_1605006531_63_received
735a_18e2_0000_1605006539_64_received
4885_735a_0000_1605006539_65_received
2272_4885_0000_1605006547_66_received
2ebf_2272_0000_1605006551_67_received
3e7e_2ebf_0000_1605006565_68_received
f9ed_3e7e_0000_1605006570_69_generated
e62b_f9ed_0000_1605006574_70_received
0220_1fd1_0000_1605006577_29_received
22cb_e62b_0000_1605006583_71_received
8d2b_22cb_0000_1605006584_72_generated
b513_8d2b_0000_1605006592_73_generated
9128_8d2b_0000_1605006591_73_received
7f10_9128_0000_1605006594_74_received
21f2_7f10_0000_1605006606_75_generated
2110_0220_0000_1605006606_30_received
d53f_21f2_0000_1605006612_76_generated
9921_2110_0000_1605006612_31_received
1b3c_d53f_0000_1605006618_77_generated
c88b_1b3c_0000_1605006622_78_received
6316_c88b_0000_1605006628_79_generated
cef7_6316_0000_1605006633_80_generated
ea6f_cef7_0000_1605006634_81_generated
3960_ea6f_0000_1605006636_82_received
095f_3960_0000_1605006641_83_generated
a1d9_095f_0000_1605006650_84_generated
d8c8_a1d9_0000_1605006652_85_received
888f_d8c8_0000_1605006655_86_received
7fae_888f_0000_1605006681_87_generated
b6dd_7fae_0000_1605006682_88_generated
bbda_b6dd_0000_1605006685_89_generated
757d_b6dd_0000_1605006684_89_received
3b57_757d_0000_1605006685_90_received
7522_3b57_0000_1605006690_91_received
2105_7522_0000_1605006697_92_received
839a_2105_0000_1605006697_93_received
13f4_839a_0000_1605006698_94_received
fc1a_13f4_0000_1605006702_95_generated
5961_fc1a_0000_1605006709_96_generated
806b_5961_0000_1605006711_97_received
001e_806b_0000_1605006719_98_generated
503b_001e_0000_1605006728_99_received
59b4_503b_0000_1605006730_100_generated
790a_59b4_0000_1605006739_101_generated
7099_790a_0000_1605006747_102_received
bc59_7099_0000_1605006752_103_generated
2cdb_bc59_0000_1605006768_104_received
2174_2cdb_0000_1605006770_105_generated
12cf_2174_0000_1605006773_106_received
8f83_9921_0000_1605006774_32_received
3d16_12cf_0000_1605006775_107_generated
7d0f_3d16_0000_1605006780_108_received
5e8c_7d0f_0000_1605006784_109_generated
eea1_5e8c_0000_1605006791_110_received
ecdb_eea1_0000_1605006794_111_received
1138_ecdb_0000_1605006795_112_received
3845_1138_0000_1605006805_113_generated
75e8_3845_0000_1605006814_114_received
4d2f_75e8_0000_1605006826_115_received
6c79_4d2f_0000_1605006836_116_received
581e_6c79_0000_1605006842_117_generated
2efb_581e_0000_1605006847_118_received
9ebb_2efb_0000_1605006849_119_received
4f98_9ebb_0000_1605006851_120_received
aae2_4f98_0000_1605006860_121_received
3917_aae2_0000_1605006865_122_received
b7ae_3917_0000_1605006870_123_generated
d0e2_b7ae_0000_1605006880_124_generated
a61f_d0e2_0000_1605006890_125_received
d44a_a61f_0000_1605006895_126_received
d6bf_d44a_0000_1605006903_127_generated
e3da_d44a_0000_1605006902_127_received
cc38_e3da_0000_1605006906_128_received
