a3ee_9e1c_0000_1605037825_1_received
0812_9e1c_0000_1605037826_1_received
e5cf_a3ee_0000_1605037827_2_received
5344_e5cf_0000_1605037830_3_received
c3e8_5344_0000_1605037830_4_received
a141_c3e8_0000_1605037844_5_received
70ff_a141_0000_1605037844_6_received
0999_70ff_0000_1605037847_7_received
41fd_70ff_0000_1605037848_7_received
4120_0999_0000_1605037851_8_received
7f32_0999_0000_1605037852_8_received
c78d_4120_0000_1605037855_9_received
09c6_c78d_0000_1605037860_10_received
20d1_c78d_0000_1605037862_10_received
b342_09c6_0000_1605037862_11_received
6a57_09c6_0000_1605037864_11_received
fc75_b342_0000_1605037867_12_generated
ac10_fc75_0000_1605037868_13_received
7dd5_6a57_0000_1605037869_12_received
fadc_ac10_0000_1605037871_14_received
6122_ac10_0000_1605037872_14_received
66d3_fadc_0000_1605037873_15_received
a9e4_66d3_0000_1605037882_16_received
0b7a_a9e4_0000_1605037884_17_received
e95d_a9e4_0000_1605037885_17_received
c894_e95d_0000_1605037887_18_received
3719_c894_0000_1605037889_19_received
ad3c_3719_0000_1605037898_20_received
f3bc_ad3c_0000_1605037898_21_received
963c_f3bc_0000_1605037900_22_received
2637_963c_0000_1605037905_23_received
49df_2637_0000_1605037906_24_received
f36e_49df_0000_1605037907_25_received
6e34_f36e_0000_1605037909_26_received
278c_6e34_0000_1605037910_27_received
ca29_278c_0000_1605037913_28_received
2f8a_ca29_0000_1605037914_29_received
d54c_2f8a_0000_1605037916_30_received
7ca0_d54c_0000_1605037919_31_received
4ad8_7ca0_0000_1605037923_32_received
16b1_4ad8_0000_1605037926_33_received
e3e3_16b1_0000_1605037928_34_received
8622_e3e3_0000_1605037929_35_received
af56_8622_0000_1605037935_36_received
76b3_af56_0000_1605037937_37_received
8486_76b3_0000_1605037940_38_received
47a0_8486_0000_1605037942_39_received
953c_47a0_0000_1605037947_40_received
3aa9_953c_0000_1605037948_41_received
9afc_3aa9_0000_1605037952_42_received
7f6b_9afc_0000_1605037955_43_received
c6e4_7f6b_0000_1605037958_44_received
c36e_c6e4_0000_1605037961_45_received
ad09_c36e_0000_1605037967_46_received
5f5d_c36e_0000_1605037969_46_received
8a69_ad09_0000_1605037970_47_received
81e8_ad09_0000_1605037969_47_received
9065_81e8_0000_1605037971_48_received
57cf_8a69_0000_1605037972_48_received
f566_9065_0000_1605037972_49_received
3b9e_f566_0000_1605037973_50_received
0392_3b9e_0000_1605037977_51_received
8b9c_0392_0000_1605037978_52_received
ef63_0392_0000_1605037979_52_received
7a34_8b9c_0000_1605037982_53_received
02e0_7a34_0000_1605037984_54_received
b180_7a34_0000_1605037985_54_received
3bb0_b180_0000_1605037987_55_received
927e_02e0_0000_1605037989_55_received
04e9_3bb0_0000_1605037989_56_received
4e7e_04e9_0000_1605037990_57_received
0a87_3bb0_0000_1605037991_56_received
c5e5_4e7e_0000_1605037992_58_received
cdc8_c5e5_0000_1605037994_59_received
7a46_cdc8_0000_1605037996_60_received
2094_c5e5_0000_1605037995_59_received
42fd_7a46_0000_1605038000_61_received
ca46_42fd_0000_1605038003_62_received
4f25_42fd_0000_1605038004_62_received
f850_ca46_0000_1605038006_63_received
6944_f850_0000_1605038010_64_received
460a_6944_0000_1605038011_65_received
fa5d_460a_0000_1605038018_66_received
55ed_fa5d_0000_1605038024_67_received
81d2_55ed_0000_1605038027_68_received
4526_81d2_0000_1605038027_69_received
89cc_55ed_0000_1605038028_68_received
31bb_4526_0000_1605038030_70_received
fa76_31bb_0000_1605038033_71_received
494a_fa76_0000_1605038036_72_received
2140_fa76_0000_1605038037_72_received
d6ed_494a_0000_1605038037_73_received
a69a_d6ed_0000_1605038037_74_received
3027_2140_0000_1605038038_73_received
baa0_a69a_0000_1605038040_75_received
2b3c_baa0_0000_1605038040_76_received
3939_2b3c_0000_1605038042_77_received
3bf2_3939_0000_1605038044_78_received
e13f_3bf2_0000_1605038047_79_received
6ec1_3bf2_0000_1605038048_79_received
64e2_6ec1_0000_1605038051_80_received
56dd_64e2_0000_1605038053_81_received
833c_56dd_0000_1605038055_82_received
d5f5_833c_0000_1605038056_83_received
6839_d5f5_0000_1605038058_84_received
16e2_d5f5_0000_1605038060_84_received
bead_6839_0000_1605038061_85_received
33f9_bead_0000_1605038063_86_received
ccd8_bead_0000_1605038064_86_received
6936_33f9_0000_1605038068_87_received
85bb_6936_0000_1605038070_88_generated
4952_ccd8_0000_1605038070_87_received
39c2_85bb_0000_1605038073_89_received
6bfe_39c2_0000_1605038075_90_received
c196_85bb_0000_1605038074_89_received
ac3b_6bfe_0000_1605038076_91_received
54d8_6bfe_0000_1605038077_91_received
2367_6bfe_0000_1605038078_91_received
d4ac_ac3b_0000_1605038080_92_received
0684_ac3b_0000_1605038081_92_received
a86f_0684_0000_1605038083_93_received
05f6_a86f_0000_1605038084_94_received
5972_05f6_0000_1605038086_95_received
2d27_5972_0000_1605038088_96_received
2b78_5972_0000_1605038090_96_received
6310_2d27_0000_1605038091_97_received
1503_6310_0000_1605038095_98_received
12bb_6310_0000_1605038096_98_received
44a1_1503_0000_1605038096_99_received
4119_44a1_0000_1605038099_100_received
3cb4_44a1_0000_1605038100_100_received
0bf4_4119_0000_1605038100_101_received
ce2c_44a1_0000_1605038101_100_received
fc9a_0bf4_0000_1605038107_102_received
c902_fc9a_0000_1605038118_103_received
39d7_c902_0000_1605038122_104_received
974d_39d7_0000_1605038125_105_generated
a567_974d_0000_1605038128_106_received
743f_a567_0000_1605038130_107_received
6bc3_974d_0000_1605038129_106_received
847d_743f_0000_1605038133_108_received
9bdd_847d_0000_1605038138_109_received
9762_847d_0000_1605038140_109_received
0d7d_9bdd_0000_1605038143_110_received
a509_0d7d_0000_1605038145_111_received
a350_a509_0000_1605038149_112_received
260b_a509_0000_1605038150_112_received
d53d_a350_0000_1605038159_113_received
8a41_d53d_0000_1605038162_114_received
ec2f_8a41_0000_1605038164_115_received
a4ca_ec2f_0000_1605038166_116_received
f68c_a4ca_0000_1605038177_117_generated
4d9d_f68c_0000_1605038182_118_received
2e2a_4d9d_0000_1605038185_119_received
c3be_2e2a_0000_1605038186_120_received
4d7b_c3be_0000_1605038190_121_received
1d29_4d7b_0000_1605038192_122_received
5d8e_1d29_0000_1605038193_123_received
74c7_5d8e_0000_1605038196_124_received
9c0b_5d8e_0000_1605038199_124_received
1f72_9c0b_0000_1605038201_125_received
7693_1f72_0000_1605038201_126_received
c568_74c7_0000_1605038202_125_received
042d_7693_0000_1605038205_127_received
84c2_042d_0000_1605038205_128_received
35ed_84c2_0000_1605038206_129_received
3c0c_35ed_0000_1605038211_130_received
636b_3c0c_0000_1605038215_131_received
9883_636b_0000_1605038219_132_received
daa3_636b_0000_1605038220_132_received
9528_9883_0000_1605038222_133_received
e651_9883_0000_1605038223_133_received
f90e_e651_0000_1605038223_134_received
9359_f90e_0000_1605038225_135_received
7639_9359_0000_1605038228_136_received
47b8_7639_0000_1605038236_137_received
7a9a_47b8_0000_1605038241_138_received
6743_7a9a_0000_1605038243_139_received
43c7_6743_0000_1605038247_140_received
0b4f_6743_0000_1605038246_140_received
e4e2_43c7_0000_1605038251_141_generated
6c8d_0b4f_0000_1605038249_141_received
932d_43c7_0000_1605038248_141_received
d22c_932d_0000_1605038250_142_received
3e17_d22c_0000_1605038256_143_received
d0d6_3e17_0000_1605038259_144_received
1997_3e17_0000_1605038260_144_received
5ba3_1997_0000_1605038260_145_received
b3e8_5ba3_0000_1605038262_146_received
89a2_b3e8_0000_1605038263_147_received
50c3_89a2_0000_1605038263_148_received
4f6a_50c3_0000_1605038268_149_received
b633_50c3_0000_1605038270_149_received
0a05_b633_0000_1605038271_150_received
1a96_0a05_0000_1605038272_151_received
06ce_4f6a_0000_1605038273_150_received
128e_1a96_0000_1605038276_152_received
a76b_1a96_0000_1605038277_152_received
117d_a76b_0000_1605038280_153_received
40b1_117d_0000_1605038283_154_received
f863_117d_0000_1605038284_154_received
ae36_40b1_0000_1605038285_155_received
f732_ae36_0000_1605038288_156_received
e53d_f732_0000_1605038290_157_received
cddd_f732_0000_1605038291_157_received
da0a_cddd_0000_1605038297_158_received
cd88_cddd_0000_1605038298_158_received
5566_da0a_0000_1605038303_159_received
a393_da0a_0000_1605038304_159_received
3ac9_5566_0000_1605038307_160_received
6f0b_5566_0000_1605038309_160_received
0b89_3ac9_0000_1605038312_161_generated
822f_0b89_0000_1605038316_162_generated
90f7_0b89_0000_1605038317_162_received
3384_822f_0000_1605038323_163_received
6504_90f7_0000_1605038323_163_received
3e91_3384_0000_1605038328_164_received
43d7_3e91_0000_1605038329_165_received
2aad_3384_0000_1605038329_164_received
0f62_2aad_0000_1605038330_165_received
c96b_0f62_0000_1605038335_166_received
73fc_43d7_0000_1605038337_166_received
beff_c96b_0000_1605038338_167_received
0150_beff_0000_1605038345_168_received
2803_beff_0000_1605038346_168_received
cfc2_0150_0000_1605038351_169_received
701a_cfc2_0000_1605038357_170_received
0cf5_701a_0000_1605038364_171_received
7425_0cf5_0000_1605038367_172_received
f6a7_7425_0000_1605038371_173_received
0270_7425_0000_1605038368_173_received
3b94_0270_0000_1605038369_174_received
9134_3b94_0000_1605038370_175_received
2ff4_9134_0000_1605038371_176_received
8fed_2ff4_0000_1605038373_177_received
e558_8fed_0000_1605038378_178_received
1e52_8fed_0000_1605038379_178_received
ff70_e558_0000_1605038381_179_received
8496_ff70_0000_1605038388_180_received
7527_ff70_0000_1605038390_180_received
2f02_ff70_0000_1605038389_180_received
2892_8496_0000_1605038390_181_received
50d8_2892_0000_1605038393_182_received
83b3_50d8_0000_1605038400_183_received
6d61_50d8_0000_1605038401_183_received
2390_50d8_0000_1605038403_183_received
7279_83b3_0000_1605038404_184_received
36ac_6d61_0000_1605038405_184_received
63d9_7279_0000_1605038410_185_generated
cb0e_7279_0000_1605038411_185_received
8384_63d9_0000_1605038419_186_received
b0bd_63d9_0000_1605038418_186_received
b5d8_8384_0000_1605038421_187_received
8572_b5d8_0000_1605038429_188_received
a24f_8572_0000_1605038432_189_received
b459_a24f_0000_1605038435_190_received
dbd8_b459_0000_1605038440_191_received
bbd9_dbd8_0000_1605038446_192_received
95e8_bbd9_0000_1605038452_193_received
21f7_95e8_0000_1605038457_194_received
537c_95e8_0000_1605038458_194_received
013e_21f7_0000_1605038463_195_received
ca1d_013e_0000_1605038464_196_received
ba7a_ca1d_0000_1605038467_197_received
1de5_ba7a_0000_1605038473_198_received
b4a9_ba7a_0000_1605038474_198_received
c093_1de5_0000_1605038483_199_received
5fec_b4a9_0000_1605038483_199_received
4a6a_5fec_0000_1605038485_200_received
5102_4a6a_0000_1605038486_201_received
81fd_5102_0000_1605038495_202_received
d653_81fd_0000_1605038495_203_received
8b78_d653_0000_1605038498_204_received
cca3_5102_0000_1605038497_202_received
4468_8b78_0000_1605038503_205_received
c0c3_4468_0000_1605038506_206_received
a8c6_c0c3_0000_1605038507_207_received
3f32_4468_0000_1605038507_206_received
ace0_a8c6_0000_1605038510_208_received
13d0_ace0_0000_1605038518_209_generated
09bc_ace0_0000_1605038516_209_received
d007_09bc_0000_1605038523_210_received
d429_09bc_0000_1605038524_210_received
9884_d429_0000_1605038528_211_received
8f3a_d007_0000_1605038531_211_received
f643_9884_0000_1605038535_212_received
e0cf_9884_0000_1605038536_212_received
809b_8f3a_0000_1605038534_212_received
5842_809b_0000_1605038540_213_received
