7edf_9e1c_0000_1607383095_1_received
4ea4_7edf_0000_1607383099_2_received
4e12_4ea4_0000_1607383101_3_received
dbc5_4e12_0000_1607383102_4_received
41e0_dbc5_0000_1607383104_5_received
311c_41e0_0000_1607383107_6_received
7967_311c_0000_1607383108_7_received
e436_7967_0000_1607383109_8_received
1be7_e436_0000_1607383109_9_received
69b2_1be7_0000_1607383113_10_received
f1ba_69b2_0000_1607383113_11_received
d798_f1ba_0000_1607383114_12_received
6a72_d798_0000_1607383117_13_received
62fc_6a72_0000_1607383119_14_received
12c3_62fc_0000_1607383121_15_received
cabc_12c3_0000_1607383123_16_received
cb1c_12c3_0000_1607383124_16_received
a357_cabc_0000_1607383124_17_received
7e3f_cb1c_0000_1607383124_17_received
de1f_a357_0000_1607383127_18_received
36eb_de1f_0000_1607383128_19_received
2bc7_36eb_0000_1607383129_20_received
d30f_36eb_0000_1607383130_20_received
c5ef_d30f_0000_1607383130_21_received
38b3_c5ef_0000_1607383131_22_received
32e0_38b3_0000_1607383132_23_received
f3bc_32e0_0000_1607383133_24_received
b299_f3bc_0000_1607383134_25_received
fb01_b299_0000_1607383134_26_received
a34f_fb01_0000_1607383135_27_received
85fe_a34f_0000_1607383135_28_received
5a3b_85fe_0000_1607383135_29_received
bab7_5a3b_0000_1607383140_30_received
3315_bab7_0000_1607383142_31_received
44b5_3315_0000_1607383143_32_received
aa6a_44b5_0000_1607383144_33_received
2de5_aa6a_0000_1607383147_34_received
054e_aa6a_0000_1607383148_34_received
ce60_2de5_0000_1607383148_35_received
ac3a_ce60_0000_1607383150_36_received
bde6_ac3a_0000_1607383152_37_received
7375_bde6_0000_1607383153_38_received
6cb0_7375_0000_1607383154_39_received
939f_6cb0_0000_1607383155_40_received
ddeb_939f_0000_1607383157_41_received
8b95_ddeb_0000_1607383163_42_received
42ad_8b95_0000_1607383168_43_received
8481_42ad_0000_1607383172_44_received
73f3_8481_0000_1607383174_45_received
3937_73f3_0000_1607383174_46_received
309c_3937_0000_1607383175_47_received
7a4b_3937_0000_1607383176_47_received
8160_7a4b_0000_1607383181_48_received
ddbe_309c_0000_1607383181_48_received
3547_8160_0000_1607383184_49_received
10c1_3547_0000_1607383184_50_received
7461_10c1_0000_1607383185_51_received
e81d_10c1_0000_1607383186_51_received
0bd4_7461_0000_1607383186_52_received
7b01_0bd4_0000_1607383188_53_received
a001_7b01_0000_1607383193_54_received
6ecb_a001_0000_1607383193_55_received
f476_6ecb_0000_1607383196_56_received
0aad_f476_0000_1607383197_57_received
a98f_0aad_0000_1607383202_58_received
7541_a98f_0000_1607383202_59_received
41f2_7541_0000_1607383203_60_received
d7a3_41f2_0000_1607383205_61_received
2417_d7a3_0000_1607383205_62_received
8b46_2417_0000_1607383207_63_received
afe9_8b46_0000_1607383208_64_received
5dd6_afe9_0000_1607383209_65_received
68ef_afe9_0000_1607383210_65_received
2dea_5dd6_0000_1607383210_66_received
6abb_2dea_0000_1607383211_67_received
7f80_6abb_0000_1607383213_68_received
1445_7f80_0000_1607383220_69_received
eda5_1445_0000_1607383221_70_received
fc51_eda5_0000_1607383226_71_received
e03b_fc51_0000_1607383228_72_received
9a60_e03b_0000_1607383230_73_received
665d_e03b_0000_1607383231_73_received
cfa2_e03b_0000_1607383232_73_received
f7a3_9a60_0000_1607383232_74_received
4b5d_f7a3_0000_1607383233_75_received
ed91_4b5d_0000_1607383234_76_received
4892_4b5d_0000_1607383235_76_received
84f1_ed91_0000_1607383236_77_received
45eb_ed91_0000_1607383237_77_received
9836_45eb_0000_1607383239_78_received
b553_9836_0000_1607383240_79_received
6b71_b553_0000_1607383241_80_received
0de5_6b71_0000_1607383241_81_received
13f8_0de5_0000_1607383244_82_received
0980_13f8_0000_1607383246_83_received
5c7c_0980_0000_1607383248_84_received
b37e_5c7c_0000_1607383250_85_received
a533_b37e_0000_1607383251_86_received
b08d_a533_0000_1607383252_87_received
7bb7_b08d_0000_1607383252_88_received
0ffb_7bb7_0000_1607383253_89_received
e3bd_0ffb_0000_1607383254_90_received
b3aa_0ffb_0000_1607383255_90_received
f29c_e3bd_0000_1607383255_91_received
1a4b_f29c_0000_1607383256_92_received
6db0_e3bd_0000_1607383256_91_received
0d63_1a4b_0000_1607383257_93_received
4f55_0d63_0000_1607383259_94_received
e265_4f55_0000_1607383262_95_received
f0cc_e265_0000_1607383264_96_received
d93c_f0cc_0000_1607383265_97_received
58e1_d93c_0000_1607383267_98_received
d609_58e1_0000_1607383269_99_received
229a_d609_0000_1607383271_100_received
0f49_229a_0000_1607383272_101_received
7535_229a_0000_1607383273_101_received
8222_0f49_0000_1607383273_102_received
4c88_8222_0000_1607383279_103_received
4ee0_4c88_0000_1607383283_104_received
2413_4ee0_0000_1607383285_105_received
f9e0_2413_0000_1607383288_106_received
83e3_f9e0_0000_1607383288_107_received
934e_83e3_0000_1607383289_108_received
4f96_934e_0000_1607383291_109_received
1363_4f96_0000_1607383293_110_received
fa10_1363_0000_1607383294_111_received
5ddd_fa10_0000_1607383295_112_received
f930_5ddd_0000_1607383295_113_received
2b2c_f930_0000_1607383297_114_received
e438_2b2c_0000_1607383300_115_received
8031_e438_0000_1607383303_116_received
6e1e_8031_0000_1607383308_117_received
2beb_6e1e_0000_1607383310_118_received
f749_2beb_0000_1607383314_119_received
21dd_f749_0000_1607383315_120_received
0430_21dd_0000_1607383318_121_received
f2bd_0430_0000_1607383320_122_received
8c62_f2bd_0000_1607383322_123_received
9d8a_8c62_0000_1607383324_124_received
4bc8_8c62_0000_1607383325_124_received
b54a_9d8a_0000_1607383326_125_received
63e0_9d8a_0000_1607383327_125_received
e094_b54a_0000_1607383328_126_received
222a_e094_0000_1607383331_127_received
2a90_222a_0000_1607383332_128_received
4148_2a90_0000_1607383334_129_received
4aa8_4148_0000_1607383335_130_received
9008_4aa8_0000_1607383337_131_received
844a_4aa8_0000_1607383338_131_received
1505_9008_0000_1607383338_132_received
b1f7_1505_0000_1607383340_133_received
f043_b1f7_0000_1607383341_134_received
a06a_b1f7_0000_1607383342_134_received
6cb2_f043_0000_1607383344_135_received
5a03_6cb2_0000_1607383345_136_received
4a00_a06a_0000_1607383346_135_received
668f_5a03_0000_1607383347_137_received
6198_668f_0000_1607383349_138_received
6c22_6198_0000_1607383351_139_received
9445_6c22_0000_1607383354_140_received
b1a2_6c22_0000_1607383356_140_received
46ce_9445_0000_1607383356_141_received
a868_46ce_0000_1607383361_142_received
e64f_a868_0000_1607383365_143_received
662c_a868_0000_1607383366_143_received
9c28_e64f_0000_1607383370_144_received
ffec_9c28_0000_1607383371_145_received
ab9e_ffec_0000_1607383379_146_received
14f5_ab9e_0000_1607383382_147_received
ba39_14f5_0000_1607383383_148_received
947b_ba39_0000_1607383384_149_received
1784_947b_0000_1607383384_150_received
f3e1_1784_0000_1607383385_151_received
bef8_f3e1_0000_1607383386_152_received
ebd5_bef8_0000_1607383387_153_received
a89f_ba39_0000_1607383386_149_received
abbd_f3e1_0000_1607383389_152_received
7d44_f3e1_0000_1607383388_152_received
1de4_ebd5_0000_1607383390_154_received
96cf_1de4_0000_1607383392_155_received
9e5e_ebd5_0000_1607383391_154_received
259b_9e5e_0000_1607383393_155_received
6f4b_96cf_0000_1607383394_156_received
601f_6f4b_0000_1607383397_157_received
e2cb_601f_0000_1607383399_158_received
f1e1_e2cb_0000_1607383401_159_received
8a3e_e2cb_0000_1607383402_159_received
751f_f1e1_0000_1607383403_160_received
c9a0_f1e1_0000_1607383404_160_received
1cdc_751f_0000_1607383406_161_received
34da_1cdc_0000_1607383406_162_received
2f9f_34da_0000_1607383409_163_received
af31_2f9f_0000_1607383411_164_received
312b_2f9f_0000_1607383412_164_received
d67d_af31_0000_1607383416_165_received
cc4a_af31_0000_1607383417_165_received
0634_d67d_0000_1607383417_166_received
6ec1_0634_0000_1607383418_167_received
7da4_6ec1_0000_1607383420_168_received
fb14_6ec1_0000_1607383421_168_received
bd27_7da4_0000_1607383422_169_received
cbc5_bd27_0000_1607383423_170_received
286e_7da4_0000_1607383423_169_received
260b_cbc5_0000_1607383423_171_received
5540_260b_0000_1607383425_172_received
526c_286e_0000_1607383426_170_received
dc91_5540_0000_1607383426_173_received
121b_bd27_0000_1607383425_170_received
3923_dc91_0000_1607383430_174_received
08bd_3923_0000_1607383431_175_received
3f00_08bd_0000_1607383432_176_received
8be9_3f00_0000_1607383433_177_received
e694_8be9_0000_1607383433_178_received
e0c6_08bd_0000_1607383433_176_received
0a5d_e694_0000_1607383436_179_received
a0c7_3f00_0000_1607383435_177_received
966f_0a5d_0000_1607383439_180_received
d096_e694_0000_1607383439_179_received
08cd_966f_0000_1607383440_181_received
f66a_d096_0000_1607383440_180_received
fcf2_f66a_0000_1607383444_181_received
c62c_08cd_0000_1607383442_182_received
f9b6_c62c_0000_1607383445_183_received
0ea2_f9b6_0000_1607383447_184_received
b411_0ea2_0000_1607383450_185_received
9c7e_c62c_0000_1607383449_183_received
350c_b411_0000_1607383452_186_received
4131_350c_0000_1607383453_187_received
6c2d_4131_0000_1607383456_188_received
9b83_6c2d_0000_1607383458_189_received
f665_6c2d_0000_1607383459_189_received
67f9_f665_0000_1607383461_190_received
a6c5_4131_0000_1607383459_188_received
0faa_9b83_0000_1607383462_190_received
62fb_9b83_0000_1607383460_190_received
9e68_67f9_0000_1607383462_191_received
f01c_62fb_0000_1607383462_191_received
5bf7_9e68_0000_1607383466_192_received
2b68_f01c_0000_1607383465_192_received
e4ea_0faa_0000_1607383466_191_received
5d7a_f01c_0000_1607383466_192_received
c061_67f9_0000_1607383463_191_received
5bb4_c061_0000_1607383466_192_received
82cb_5bb4_0000_1607383467_193_received
145c_82cb_0000_1607383470_194_received
5621_5d7a_0000_1607383470_193_received
4ce3_5621_0000_1607383473_194_received
74f1_2b68_0000_1607383473_193_received
f83f_145c_0000_1607383474_195_received
b1dd_f83f_0000_1607383474_196_received
974b_145c_0000_1607383475_195_received
6b23_4ce3_0000_1607383475_195_received
f2e6_b1dd_0000_1607383478_197_received
a73c_f2e6_0000_1607383481_198_received
2828_b1dd_0000_1607383480_197_received
6b7e_b1dd_0000_1607383481_197_received
19d6_2828_0000_1607383482_198_received
09f4_a73c_0000_1607383482_199_received
63d9_b1dd_0000_1607383479_197_received
287c_63d9_0000_1607383480_198_received
9d1b_287c_0000_1607383483_199_received
f5ee_09f4_0000_1607383487_200_received
01f8_f5ee_0000_1607383493_201_received
8783_b1dd_0000_1607383484_197_received
1c84_f5ee_0000_1607383494_201_received
c4fd_01f8_0000_1607383495_202_received
896f_1c84_0000_1607383497_202_received
1ae8_c4fd_0000_1607383500_203_received
9142_1ae8_0000_1607383501_204_received
f7ff_c4fd_0000_1607383502_203_received
2ac8_1ae8_0000_1607383504_204_received
1c03_9142_0000_1607383505_205_received
0bef_9142_0000_1607383506_205_received
75cf_1c03_0000_1607383508_206_received
623f_75cf_0000_1607383510_207_received
afb3_623f_0000_1607383512_208_received
8190_9142_0000_1607383507_205_received
ca95_623f_0000_1607383513_208_received
dd18_1c03_0000_1607383511_206_received
8138_623f_0000_1607383515_208_received
d0ae_afb3_0000_1607383516_209_received
906d_8138_0000_1607383519_209_received
196d_d0ae_0000_1607383517_210_received
18c1_d0ae_0000_1607383520_210_received
e674_18c1_0000_1607383526_211_received
7cbe_8190_0000_1607383509_206_received
869f_afb3_0000_1607383517_209_received
a949_d0ae_0000_1607383521_210_received
19b7_196d_0000_1607383521_211_received
a281_196d_0000_1607383526_211_received
9a00_19b7_0000_1607383531_212_received
ea40_19b7_0000_1607383528_212_received
90b5_19b7_0000_1607383524_212_received
e0e4_9a00_0000_1607383535_213_received
5817_e0e4_0000_1607383538_214_received
6a92_90b5_0000_1607383527_213_received
0efe_6a92_0000_1607383529_214_received
c25e_0efe_0000_1607383531_215_received
9dec_c25e_0000_1607383535_216_received
9829_ea40_0000_1607383535_213_received
7546_9dec_0000_1607383538_217_received
472f_7546_0000_1607383813_218_generated
f606_7546_0000_1607383540_218_received
a77d_9dec_0000_1607383541_217_received
0416_f606_0000_1607383548_219_received
4e96_0416_0000_1607383550_220_received
a466_f606_0000_1607383545_219_received
5272_4e96_0000_1607383814_221_received
00a2_5272_0000_1607383832_222_received
c526_00a2_0000_1607383838_223_generated
4cbb_c526_0000_1607383849_224_generated
e5e1_4cbb_0000_1607383857_225_received
dd6b_e5e1_0000_1607383865_226_received
f26a_dd6b_0000_1607383872_227_received
3134_f26a_0000_1607383873_228_received
596b_3134_0000_1607383877_229_generated
cd31_596b_0000_1607383882_230_generated
aecd_cd31_0000_1607383887_231_received
bca8_aecd_0000_1607383903_232_received
6658_bca8_0000_1607383925_233_received
5c6c_6658_0000_1607383928_234_generated
cd43_6658_0000_1607383929_234_received
47f6_5c6c_0000_1607383934_235_generated
08d3_47f6_0000_1607383940_236_received
50f5_08d3_0000_1607383944_237_received
b0f8_50f5_0000_1607383946_238_received
8af8_b0f8_0000_1607383951_239_generated
ab12_8af8_0000_1607383959_240_generated
361d_8af8_0000_1607383958_240_received
887b_361d_0000_1607383964_241_received
a101_887b_0000_1607383966_242_received
9992_a101_0000_1607383972_243_generated
df4f_a101_0000_1607383969_243_received
8092_df4f_0000_1607383971_244_received
d9b3_8092_0000_1607383980_245_generated
cdf4_8092_0000_1607383979_245_received
1dd4_d9b3_0000_1607383986_246_generated
3089_1dd4_0000_1607383990_247_received
0791_3089_0000_1607383992_248_received
8069_0791_0000_1607383997_249_generated
4c29_8069_0000_1607384011_250_generated
6e84_4c29_0000_1607384023_251_received
65c7_6e84_0000_1607384025_252_received
c469_65c7_0000_1607384030_253_received
aa22_c469_0000_1607384033_254_received
728c_aa22_0000_1607384037_255_generated
a7ba_728c_0000_1607384043_256_generated
e840_a7ba_0000_1607384045_257_generated
e05f_e840_0000_1607384047_258_generated
3b22_e05f_0000_1607384056_259_received
deb9_3b22_0000_1607384057_260_received
ab81_deb9_0000_1607384060_261_received
aa3f_ab81_0000_1607384065_262_received
1a5f_aa3f_0000_1607384066_263_received
ee69_1a5f_0000_1607384070_264_generated
19be_ee69_0000_1607384071_265_generated
a468_19be_0000_1607384073_266_generated
ae6a_a468_0000_1607384083_267_generated
385e_ae6a_0000_1607384087_268_generated
7449_385e_0000_1607384090_269_generated
54c5_7449_0000_1607384097_270_generated
70f5_7449_0000_1607384096_270_received
efb8_54c5_0000_1607384101_271_generated
3601_efb8_0000_1607384104_272_generated
8630_70f5_0000_1607384101_271_received
912b_8630_0000_1607384106_272_received
fed8_3601_0000_1607384116_273_generated
c47f_fed8_0000_1607384117_274_generated
2662_912b_0000_1607384118_273_received
ddb2_c47f_0000_1607384128_275_generated
6d9a_ddb2_0000_1607384138_276_generated
9311_ddb2_0000_1607384140_276_received
b160_9311_0000_1607384143_277_received
8e47_b160_0000_1607384152_278_generated
5627_8e47_0000_1607384160_279_received
8b80_5627_0000_1607384163_280_received
4010_8b80_0000_1607384176_281_generated
ec56_4010_0000_1607384177_282_generated
b98b_ec56_0000_1607384180_283_generated
10e9_b98b_0000_1607384188_284_received
3460_10e9_0000_1607384193_285_generated
fff6_10e9_0000_1607384191_285_received
968a_3460_0000_1607384196_286_generated
0066_968a_0000_1607384199_287_generated
79e2_0066_0000_1607384209_288_received
f88c_79e2_0000_1607384211_289_received
bd7f_f88c_0000_1607384216_290_generated
eabc_bd7f_0000_1607384217_291_generated
e86b_eabc_0000_1607384220_292_generated
d693_f88c_0000_1607384218_290_received
35d9_e86b_0000_1607384224_293_generated
083a_35d9_0000_1607384231_294_received
a215_083a_0000_1607384244_295_received
7243_a215_0000_1607384248_296_received
8072_7243_0000_1607384260_297_received
8d0e_8072_0000_1607384264_298_generated
593d_8072_0000_1607384263_298_received
f1db_593d_0000_1607384266_299_received
d575_f1db_0000_1607384271_300_received
4322_d575_0000_1607384276_301_generated
b627_4322_0000_1607384288_302_generated
bc8b_b627_0000_1607384292_303_generated
