a0c2_9e1c_0000_1605027640_1_received
c33f_a0c2_0000_1605027645_2_received
fd09_c33f_0000_1605027659_3_received
5112_fd09_0000_1605027671_4_received
590f_fd09_0000_1605027672_4_received
4704_590f_0000_1605027703_5_received
a5bd_4704_0000_1605027706_6_received
1dbe_a5bd_0000_1605027713_7_received
70d8_1dbe_0000_1605027715_8_received
a9f3_70d8_0000_1605027724_9_received
4dbc_a9f3_0000_1605027724_10_received
1ed6_4dbc_0000_1605027727_11_received
b65c_1ed6_0000_1605027729_12_received
43f0_b65c_0000_1605027746_13_received
eeaf_43f0_0000_1605027758_14_received
00e6_eeaf_0000_1605027762_15_received
0fad_00e6_0000_1605027763_16_received
4338_0fad_0000_1605027765_17_received
2516_4338_0000_1605027766_18_received
fb23_2516_0000_1605027783_19_received
b325_fb23_0000_1605027785_20_received
2440_b325_0000_1605027799_21_received
10ea_2440_0000_1605027800_22_received
e6e2_2440_0000_1605027801_22_received
d527_e6e2_0000_1605027805_23_received
f364_d527_0000_1605027808_24_received
f6d3_f364_0000_1605027812_25_received
9f11_f6d3_0000_1605027813_26_received
17d5_9f11_0000_1605027817_27_received
560c_17d5_0000_1605027822_28_received
da2b_560c_0000_1605027824_29_received
1440_da2b_0000_1605027827_30_received
19fb_1440_0000_1605027828_31_generated
48a0_19fb_0000_1605027832_32_received
acac_48a0_0000_1605027836_33_received
03d4_acac_0000_1605027838_34_received
567a_03d4_0000_1605027838_35_received
f01d_567a_0000_1605027842_36_received
d301_f01d_0000_1605027843_37_received
bce2_d301_0000_1605027844_38_received
60f1_bce2_0000_1605027850_39_received
86d6_60f1_0000_1605027851_40_received
ea43_86d6_0000_1605027853_41_received
d8da_ea43_0000_1605027856_42_generated
2883_d8da_0000_1605027859_43_received
b6eb_2883_0000_1605027863_44_received
b576_b6eb_0000_1605027865_45_received
a50c_b576_0000_1605027866_46_received
796d_a50c_0000_1605027869_47_received
9970_796d_0000_1605027871_48_received
0065_9970_0000_1605027872_49_received
9ff1_0065_0000_1605027872_50_received
ddc5_9ff1_0000_1605027873_51_received
6d3c_ddc5_0000_1605027874_52_received
d52c_ddc5_0000_1605027875_52_received
83e8_6d3c_0000_1605027881_53_received
9a5e_83e8_0000_1605027886_54_received
d5a7_9a5e_0000_1605027892_55_received
f693_d5a7_0000_1605027897_56_received
92a6_f693_0000_1605027898_57_received
d86a_92a6_0000_1605027905_58_received
af4f_92a6_0000_1605027906_58_received
9fa1_af4f_0000_1605027907_59_received
98d2_9fa1_0000_1605027907_60_received
570e_98d2_0000_1605027909_61_received
943c_570e_0000_1605027910_62_received
ef62_943c_0000_1605027911_63_received
c53d_ef62_0000_1605027920_64_received
aa08_c53d_0000_1605027926_65_received
09ce_aa08_0000_1605027931_66_received
11b7_09ce_0000_1605027938_67_received
855e_11b7_0000_1605027941_68_received
0541_855e_0000_1605027943_69_received
04e9_0541_0000_1605027944_70_received
d786_04e9_0000_1605027945_71_received
e7ec_d786_0000_1605027949_72_received
6978_e7ec_0000_1605027951_73_received
8eb5_6978_0000_1605027953_74_received
cfcb_8eb5_0000_1605027958_75_received
9d47_cfcb_0000_1605027961_76_received
c39d_9d47_0000_1605027963_77_received
f8d1_c39d_0000_1605027964_78_received
0577_f8d1_0000_1605027968_79_received
8fc8_0577_0000_1605027970_80_received
3d51_8fc8_0000_1605027974_81_received
4e6d_3d51_0000_1605027977_82_received
329b_4e6d_0000_1605027979_83_received
4cbc_329b_0000_1605027987_84_received
bd0e_4cbc_0000_1605027991_85_received
8daa_bd0e_0000_1605027992_86_received
d9e8_8daa_0000_1605027997_87_received
4af2_d9e8_0000_1605027998_88_received
f2f8_4af2_0000_1605028000_89_received
0f83_f2f8_0000_1605028000_90_received
b02e_0f83_0000_1605028009_91_received
9359_b02e_0000_1605028012_92_received
900e_9359_0000_1605028019_93_received
a102_900e_0000_1605028031_94_received
e3e0_a102_0000_1605028034_95_received
19bc_e3e0_0000_1605028034_96_received
c07a_a102_0000_1605028035_95_received
8a52_19bc_0000_1605028040_97_received
447a_8a52_0000_1605028043_98_received
5590_447a_0000_1605028044_99_received
84b4_5590_0000_1605028048_100_received
96d5_84b4_0000_1605028057_101_received
4af8_96d5_0000_1605028058_102_received
be48_4af8_0000_1605028062_103_received
e01a_be48_0000_1605028068_104_received
35bf_e01a_0000_1605028071_105_received
35e1_35bf_0000_1605028072_106_received
ad13_35e1_0000_1605028081_107_received
483a_ad13_0000_1605028090_108_received
a2dd_ad13_0000_1605028091_108_received
1050_a2dd_0000_1605028093_109_received
cdea_483a_0000_1605028093_109_received
0ddb_1050_0000_1605028116_110_received
ad89_0ddb_0000_1605028116_111_received
a12b_ad89_0000_1605028120_112_received
d68b_a12b_0000_1605028135_113_received
578d_d68b_0000_1605028137_114_received
059e_578d_0000_1605028140_115_received
b4dd_059e_0000_1605028140_116_received
5fbb_b4dd_0000_1605028173_117_received
24d4_5fbb_0000_1605028177_118_received
d06f_24d4_0000_1605028179_119_received
69c0_d06f_0000_1605028184_120_received
aece_d06f_0000_1605028185_120_received
9ead_aece_0000_1605028185_121_received
402a_9ead_0000_1605028189_122_received
98a8_402a_0000_1605028192_123_generated
621a_98a8_0000_1605028193_124_received
05c1_621a_0000_1605028199_125_received
3a00_05c1_0000_1605028201_126_received
8411_05c1_0000_1605028202_126_received
c6ec_8411_0000_1605028212_127_received
735f_c6ec_0000_1605028214_128_received
1bb0_735f_0000_1605028220_129_received
98d4_1bb0_0000_1605028228_130_received
8b2c_98d4_0000_1605028232_131_received
d5be_8b2c_0000_1605028234_132_received
41a0_d5be_0000_1605028239_133_received
42c2_41a0_0000_1605028243_134_received
3a52_42c2_0000_1605028245_135_received
3bec_3a52_0000_1605028249_136_received
a83f_3bec_0000_1605028249_137_received
5d45_a83f_0000_1605028252_138_received
6270_5d45_0000_1605028256_139_received
e4b0_6270_0000_1605028259_140_received
d4c4_e4b0_0000_1605028267_141_received
412e_d4c4_0000_1605028279_142_received
d3c5_412e_0000_1605028284_143_received
4ba9_412e_0000_1605028285_143_received
363e_4ba9_0000_1605028288_144_received
0071_363e_0000_1605028294_145_received
597f_0071_0000_1605028295_146_received
cbf6_597f_0000_1605028309_147_received
0a5e_cbf6_0000_1605028311_148_received
143e_0a5e_0000_1605028311_149_received
096d_143e_0000_1605028312_150_received
ab9a_096d_0000_1605028317_151_received
9006_ab9a_0000_1605028325_152_received
8c7f_ab9a_0000_1605028326_152_received
bc02_9006_0000_1605028328_153_received
8b50_bc02_0000_1605028334_154_received
b6ca_8b50_0000_1605028336_155_received
