e0e8_9e1c_0000_1607389139_1_received
2e6d_e0e8_0000_1607389146_2_received
ba70_2e6d_0000_1607389172_3_received
0567_ba70_0000_1607389187_4_received
026e_0567_0000_1607389208_5_received
e5cf_026e_0000_1607389213_6_received
f26f_e5cf_0000_1607389226_7_received
2e7d_f26f_0000_1607389238_8_received
cdde_2e7d_0000_1607389244_9_received
74cb_cdde_0000_1607389263_10_received
d21f_74cb_0000_1607389266_11_received
efcd_d21f_0000_1607389275_12_received
6d83_efcd_0000_1607389280_13_received
f0e4_6d83_0000_1607389283_14_received
b6d8_f0e4_0000_1607389314_15_received
995a_b6d8_0000_1607389354_16_received
183d_995a_0000_1607389355_17_received
a201_183d_0000_1607389375_18_received
8f06_a201_0000_1607389388_19_received
24d4_8f06_0000_1607389392_20_received
bc63_24d4_0000_1607389402_21_received
0847_bc63_0000_1607389411_22_received
aca2_0847_0000_1607389424_23_received
e950_aca2_0000_1607389434_24_received
9f5a_e950_0000_1607389452_25_received
4569_9f5a_0000_1607389464_26_received
7ae8_4569_0000_1607389464_27_received
a38b_7ae8_0000_1607389475_28_received
4390_a38b_0000_1607389479_29_received
0ae1_4390_0000_1607389484_30_received
9528_0ae1_0000_1607389485_31_received
3c36_9528_0000_1607389489_32_received
8286_3c36_0000_1607389493_33_received
9ab6_8286_0000_1607389501_34_received
5b0e_9ab6_0000_1607389518_35_received
6016_5b0e_0000_1607389525_36_received
7370_6016_0000_1607389537_37_received
1571_7370_0000_1607389538_38_received
463c_1571_0000_1607389548_39_received
5c03_463c_0000_1607389549_40_received
f53c_5c03_0000_1607389552_41_received
8bad_f53c_0000_1607389562_42_received
ef81_8bad_0000_1607389567_43_received
e52f_ef81_0000_1607389579_44_received
8307_e52f_0000_1607389590_45_received
468f_8307_0000_1607389593_46_received
719b_468f_0000_1607389607_47_received
65c0_719b_0000_1607389630_48_received
c6db_65c0_0000_1607389654_49_received
9dca_c6db_0000_1607389656_50_received
b296_9dca_0000_1607389661_51_received
8e88_b296_0000_1607389668_52_received
79af_8e88_0000_1607389678_53_received
b271_79af_0000_1607389703_54_received
55fc_b271_0000_1607389709_55_received
8498_55fc_0000_1607389709_56_received
cb45_8498_0000_1607389714_57_received
a001_cb45_0000_1607389718_58_received
6eb5_a001_0000_1607389721_59_received
0fda_6eb5_0000_1607389728_60_received
039c_0fda_0000_1607389739_61_received
4b40_039c_0000_1607389756_62_received
b363_039c_0000_1607389757_62_received
6558_4b40_0000_1607389771_63_received
deb4_6558_0000_1607389789_64_received
d791_deb4_0000_1607389790_65_received
d2bc_d791_0000_1607389816_66_received
