9b98_9e1c_0000_1607340753_1_generated
e90a_9b98_0000_1607340753_2_generated
ff9f_e90a_0000_1607340753_3_generated
053f_ff9f_0000_1607340753_4_generated
53b9_053f_0000_1607340755_5_generated
1a6d_53b9_0000_1607340762_6_generated
0d7c_1a6d_0000_1607340762_7_generated
c713_0d7c_0000_1607340762_8_generated
4543_c713_0000_1607340763_9_generated
c393_4543_0000_1607340764_10_generated
a291_c393_0000_1607340766_11_generated
19ef_a291_0000_1607340767_12_generated
8c7e_19ef_0000_1607340769_13_generated
bd11_8c7e_0000_1607340772_14_generated
9a52_bd11_0000_1607340774_15_generated
eda9_9a52_0000_1607340775_16_generated
2727_eda9_0000_1607340775_17_generated
f593_2727_0000_1607340777_18_generated
f3c0_f593_0000_1607340778_19_generated
b8c1_f3c0_0000_1607340784_20_generated
2abc_b8c1_0000_1607340790_21_generated
c3a6_2abc_0000_1607340791_22_generated
adcb_c3a6_0000_1607340792_23_generated
eb47_adcb_0000_1607340792_24_generated
0c7d_eb47_0000_1607340793_25_generated
4daf_0c7d_0000_1607340795_26_generated
4741_4daf_0000_1607340797_27_generated
2bca_4741_0000_1607340801_28_generated
965d_2bca_0000_1607340811_29_generated
e56d_965d_0000_1607340811_30_generated
d2cc_e56d_0000_1607340813_31_generated
e7d4_d2cc_0000_1607340814_32_generated
0160_e7d4_0000_1607340814_33_generated
f793_0160_0000_1607340815_34_generated
396c_f793_0000_1607340815_35_generated
0120_396c_0000_1607340819_36_generated
45b9_0120_0000_1607340822_37_generated
ab47_45b9_0000_1607340827_38_generated
a1d0_ab47_0000_1607340830_39_generated
066e_a1d0_0000_1607340831_40_generated
0f86_066e_0000_1607340835_41_generated
577c_0f86_0000_1607340836_42_generated
ddba_577c_0000_1607340838_43_generated
00ba_ddba_0000_1607340841_44_generated
2605_00ba_0000_1607340845_45_generated
8f02_2605_0000_1607340846_46_generated
99fb_8f02_0000_1607340851_47_generated
6a19_99fb_0000_1607340856_48_generated
5f72_6a19_0000_1607340859_49_generated
e733_5f72_0000_1607340862_50_generated
c57d_e733_0000_1607340862_51_generated
2711_c57d_0000_1607340863_52_generated
9b25_2711_0000_1607340863_53_generated
bc25_9b25_0000_1607340867_54_generated
63ad_bc25_0000_1607340870_55_generated
5343_63ad_0000_1607340873_56_generated
bab3_5343_0000_1607340874_57_generated
96c8_bab3_0000_1607340874_58_generated
e932_96c8_0000_1607340875_59_generated
227e_e932_0000_1607340879_60_generated
f3cd_227e_0000_1607340882_61_generated
9d07_f3cd_0000_1607340884_62_generated
8af0_9d07_0000_1607340885_63_generated
9193_8af0_0000_1607340885_64_generated
864a_9193_0000_1607340886_65_generated
21d0_864a_0000_1607340887_66_generated
4d40_21d0_0000_1607340891_67_generated
162f_4d40_0000_1607340892_68_generated
7830_162f_0000_1607340897_69_generated
27bf_7830_0000_1607340898_70_generated
ec6b_27bf_0000_1607340900_71_generated
b6f9_ec6b_0000_1607340903_72_generated
aea1_b6f9_0000_1607340904_73_generated
169b_aea1_0000_1607340912_74_generated
686b_169b_0000_1607340926_75_generated
7856_686b_0000_1607340929_76_generated
6caa_7856_0000_1607340935_77_generated
ecfb_6caa_0000_1607340936_78_generated
69fb_ecfb_0000_1607340942_79_generated
fb83_69fb_0000_1607340943_80_generated
7a67_fb83_0000_1607340944_81_generated
c1bf_7a67_0000_1607340945_82_generated
f583_c1bf_0000_1607340946_83_generated
612f_f583_0000_1607340948_84_generated
45cf_612f_0000_1607340948_85_generated
3bbb_45cf_0000_1607340948_86_generated
f330_3bbb_0000_1607340951_87_generated
4749_f330_0000_1607340953_88_generated
cf55_4749_0000_1607340954_89_generated
cc57_cf55_0000_1607340956_90_generated
4965_cc57_0000_1607340958_91_generated
6f66_4965_0000_1607340960_92_generated
45a4_6f66_0000_1607340963_93_generated
1d24_45a4_0000_1607340963_94_generated
4af2_1d24_0000_1607340963_95_generated
cf3e_4af2_0000_1607340963_96_generated
556f_cf3e_0000_1607340965_97_generated
0ee8_556f_0000_1607340966_98_generated
9dc8_0ee8_0000_1607340967_99_generated
857a_9dc8_0000_1607340969_100_generated
f86e_857a_0000_1607340971_101_generated
3d9a_f86e_0000_1607340972_102_generated
7ae5_3d9a_0000_1607340972_103_generated
bda1_7ae5_0000_1607340975_104_generated
6015_bda1_0000_1607340975_105_generated
9a5e_6015_0000_1607340976_106_generated
5205_9a5e_0000_1607340980_107_generated
b0f8_5205_0000_1607340985_108_generated
661c_b0f8_0000_1607340994_109_generated
c0d2_661c_0000_1607340996_110_generated
781a_c0d2_0000_1607341000_111_generated
72de_781a_0000_1607341001_112_generated
9b35_72de_0000_1607341003_113_generated
5b95_9b35_0000_1607341006_114_generated
f209_5b95_0000_1607341007_115_generated
290d_f209_0000_1607341015_116_generated
a787_290d_0000_1607341018_117_generated
340f_a787_0000_1607341019_118_generated
102b_340f_0000_1607341021_119_generated
165e_102b_0000_1607341023_120_generated
7297_165e_0000_1607341024_121_generated
9566_7297_0000_1607341027_122_generated
40ab_9566_0000_1607341029_123_generated
3e7b_40ab_0000_1607341030_124_generated
1d47_3e7b_0000_1607341030_125_generated
e78b_1d47_0000_1607341033_126_generated
17c0_e78b_0000_1607341034_127_generated
144e_17c0_0000_1607341036_128_generated
e5bb_144e_0000_1607341038_129_generated
a369_e5bb_0000_1607341042_130_generated
c7ce_a369_0000_1607341043_131_generated
4f98_c7ce_0000_1607341049_132_generated
80ce_4f98_0000_1607341050_133_generated
c800_80ce_0000_1607341052_134_generated
9f72_c800_0000_1607341053_135_generated
e0af_9f72_0000_1607341054_136_generated
0709_e0af_0000_1607341063_137_generated
dd6d_0709_0000_1607341063_138_generated
9988_dd6d_0000_1607341063_139_generated
15e8_9988_0000_1607341064_140_generated
83b7_15e8_0000_1607341071_141_generated
7a1f_83b7_0000_1607341074_142_generated
8fbd_7a1f_0000_1607341077_143_generated
3b12_8fbd_0000_1607341081_144_generated
ceff_3b12_0000_1607341084_145_generated
b297_ceff_0000_1607341086_146_generated
fcc5_b297_0000_1607341088_147_generated
ab66_fcc5_0000_1607341089_148_generated
2383_ab66_0000_1607341094_149_generated
bd12_2383_0000_1607341098_150_generated
a895_bd12_0000_1607341108_151_generated
ec7f_a895_0000_1607341108_152_generated
c569_ec7f_0000_1607341109_153_generated
839d_c569_0000_1607341110_154_generated
78dc_839d_0000_1607341113_155_generated
9898_78dc_0000_1607341116_156_generated
6e6e_9898_0000_1607341117_157_generated
9652_6e6e_0000_1607341117_158_generated
4b2b_9652_0000_1607341124_159_generated
1842_4b2b_0000_1607341127_160_generated
b719_1842_0000_1607341130_161_generated
1a07_b719_0000_1607341132_162_generated
ed22_1a07_0000_1607341132_163_generated
a116_ed22_0000_1607341133_164_generated
7783_a116_0000_1607341133_165_generated
a910_7783_0000_1607341135_166_generated
7303_a910_0000_1607341138_167_generated
85c4_7303_0000_1607341138_168_generated
17aa_85c4_0000_1607341139_169_generated
9ef3_17aa_0000_1607341139_170_generated
ab5a_9ef3_0000_1607341141_171_generated
8171_ab5a_0000_1607341141_172_generated
62bf_8171_0000_1607341144_173_generated
9487_62bf_0000_1607341155_174_generated
8e1a_9487_0000_1607341161_175_generated
4936_8e1a_0000_1607341162_176_generated
582a_4936_0000_1607341172_177_generated
2cf2_582a_0000_1607341173_178_generated
84af_2cf2_0000_1607341176_179_generated
b4a4_84af_0000_1607341177_180_generated
1e80_b4a4_0000_1607341183_181_generated
f907_1e80_0000_1607341184_182_generated
5a54_f907_0000_1607341184_183_generated
72a6_5a54_0000_1607341187_184_generated
e9c0_72a6_0000_1607341188_185_generated
20c8_e9c0_0000_1607341190_186_generated
3789_20c8_0000_1607341190_187_generated
c98f_3789_0000_1607341196_188_generated
42aa_c98f_0000_1607341204_189_generated
b26f_42aa_0000_1607341206_190_generated
2154_b26f_0000_1607341206_191_generated
9b83_2154_0000_1607341213_192_generated
adbd_9b83_0000_1607341217_193_generated
ae62_adbd_0000_1607341223_194_generated
6cb2_ae62_0000_1607341225_195_generated
1b4e_6cb2_0000_1607341230_196_generated
cb52_1b4e_0000_1607341231_197_generated
bcfb_cb52_0000_1607341233_198_generated
e2f0_bcfb_0000_1607341235_199_generated
32f7_e2f0_0000_1607341236_200_generated
5d56_32f7_0000_1607341237_201_generated
8828_5d56_0000_1607341238_202_generated
f194_8828_0000_1607341239_203_generated
5de8_f194_0000_1607341244_204_generated
550d_5de8_0000_1607341245_205_generated
d10e_550d_0000_1607341248_206_generated
2a71_d10e_0000_1607341248_207_generated
e30a_2a71_0000_1607341249_208_generated
