be7f_9e1c_0000_1607338088_1_received
df0d_be7f_0000_1607338090_2_received
48de_df0d_0000_1607338093_3_received
71a6_48de_0000_1607338098_4_received
6f8d_71a6_0000_1607338099_5_received
236b_6f8d_0000_1607338103_6_received
9491_236b_0000_1607338103_7_received
eec4_9491_0000_1607338108_8_received
ab7e_eec4_0000_1607338114_9_received
0ae6_ab7e_0000_1607338114_10_received
958c_0ae6_0000_1607338114_11_received
8113_958c_0000_1607338119_12_received
b447_8113_0000_1607338119_13_received
50c1_b447_0000_1607338120_14_received
80a4_50c1_0000_1607338121_15_received
7efb_80a4_0000_1607338122_16_received
f23d_7efb_0000_1607338125_17_received
323a_f23d_0000_1607338125_18_received
596f_323a_0000_1607338126_19_received
5dc0_596f_0000_1607338128_20_received
e31f_5dc0_0000_1607338130_21_received
b7bd_e31f_0000_1607338130_22_received
2069_b7bd_0000_1607338141_23_received
cf48_2069_0000_1607338142_24_received
cd96_cf48_0000_1607338147_25_received
87a5_cd96_0000_1607338148_26_received
b11b_87a5_0000_1607338150_27_received
8956_b11b_0000_1607338152_28_received
909b_8956_0000_1607338152_29_received
a3a1_909b_0000_1607338162_30_received
4f4d_a3a1_0000_1607338162_31_received
702a_4f4d_0000_1607338163_32_received
ceca_702a_0000_1607338166_33_received
bd2d_ceca_0000_1607338169_34_received
b660_bd2d_0000_1607338185_35_received
e319_b660_0000_1607338189_36_received
ae4f_e319_0000_1607338191_37_received
c94f_ae4f_0000_1607338199_38_received
ebd5_c94f_0000_1607338202_39_received
f4d7_ebd5_0000_1607338205_40_received
3b5e_f4d7_0000_1607338209_41_received
759f_3b5e_0000_1607338211_42_received
386e_759f_0000_1607338213_43_received
09b6_386e_0000_1607338213_44_received
59b8_09b6_0000_1607338230_45_received
94a7_59b8_0000_1607338234_46_received
77f0_94a7_0000_1607338236_47_received
e81a_77f0_0000_1607338237_48_received
b75c_e81a_0000_1607338239_49_received
6920_b75c_0000_1607338244_50_received
6c63_6920_0000_1607338244_51_received
ceed_6c63_0000_1607338248_52_received
745f_ceed_0000_1607338248_53_received
ed3b_745f_0000_1607338259_54_received
7439_ed3b_0000_1607338260_55_received
a0e9_7439_0000_1607338260_56_received
18fb_a0e9_0000_1607338267_57_received
c21d_18fb_0000_1607338280_58_received
d6b5_c21d_0000_1607338280_59_received
c733_d6b5_0000_1607338283_60_received
01c1_c733_0000_1607338289_61_received
77d7_01c1_0000_1607338290_62_received
ac5e_77d7_0000_1607338291_63_received
5885_ac5e_0000_1607338293_64_received
9045_5885_0000_1607338293_65_received
796a_9045_0000_1607338299_66_received
052a_796a_0000_1607338302_67_received
b39f_052a_0000_1607338308_68_received
0032_b39f_0000_1607338313_69_received
00d1_0032_0000_1607338315_70_received
a7a4_00d1_0000_1607338316_71_received
4f05_a7a4_0000_1607338321_72_received
7951_4f05_0000_1607338321_73_received
5b56_7951_0000_1607338323_74_received
5565_5b56_0000_1607338324_75_received
f8c0_5565_0000_1607338324_76_received
8099_f8c0_0000_1607338325_77_received
4aa3_8099_0000_1607338325_78_received
018e_4aa3_0000_1607338330_79_received
3d2e_018e_0000_1607338331_80_received
a734_3d2e_0000_1607338333_81_received
0dac_a734_0000_1607338335_82_received
cebe_0dac_0000_1607338337_83_received
5a11_cebe_0000_1607338338_84_received
c110_5a11_0000_1607338345_85_received
3a9f_c110_0000_1607338351_86_received
6849_3a9f_0000_1607338355_87_received
2511_6849_0000_1607338357_88_received
e735_2511_0000_1607338360_89_received
b012_e735_0000_1607338360_90_received
1b5e_b012_0000_1607338366_91_received
9cf2_1b5e_0000_1607338376_92_received
7d34_9cf2_0000_1607338379_93_received
efce_7d34_0000_1607338386_94_received
d197_efce_0000_1607338387_95_received
b094_d197_0000_1607338387_96_received
46d5_b094_0000_1607338388_97_received
8239_46d5_0000_1607338388_98_received
a013_8239_0000_1607338391_99_received
04d6_a013_0000_1607338397_100_received
12b5_04d6_0000_1607338398_101_received
6151_12b5_0000_1607338400_102_received
b0f7_6151_0000_1607338404_103_received
6238_b0f7_0000_1607338406_104_received
35b3_6238_0000_1607338407_105_received
0cb6_35b3_0000_1607338414_106_received
1e81_0cb6_0000_1607338415_107_received
7d48_1e81_0000_1607338416_108_received
8744_7d48_0000_1607338422_109_received
f17c_8744_0000_1607338427_110_received
57af_f17c_0000_1607338427_111_received
656f_57af_0000_1607338430_112_received
e586_656f_0000_1607338430_113_received
3801_e586_0000_1607338430_114_received
b6c5_3801_0000_1607338432_115_received
22b0_b6c5_0000_1607338432_116_received
cfbf_22b0_0000_1607338433_117_received
31f7_cfbf_0000_1607338442_118_received
298d_31f7_0000_1607338446_119_received
90f9_298d_0000_1607338446_120_received
2675_90f9_0000_1607338454_121_received
8a3b_2675_0000_1607338461_122_received
42a6_8a3b_0000_1607338462_123_received
fe90_42a6_0000_1607338466_124_received
c0ae_fe90_0000_1607338475_125_received
c702_c0ae_0000_1607338476_126_received
1e8f_c702_0000_1607338478_127_received
5ca8_1e8f_0000_1607338478_128_received
e2f2_5ca8_0000_1607338481_129_received
8536_e2f2_0000_1607338482_130_received
5505_8536_0000_1607338482_131_received
38a1_5505_0000_1607338484_132_received
5132_38a1_0000_1607338487_133_received
dc56_5132_0000_1607338490_134_received
3d1d_dc56_0000_1607338492_135_received
52ef_3d1d_0000_1607338492_136_received
13bd_52ef_0000_1607338492_137_received
da7c_13bd_0000_1607338498_138_received
9e06_da7c_0000_1607338499_139_received
ef6f_9e06_0000_1607338499_140_received
19a3_ef6f_0000_1607338499_141_received
a98d_19a3_0000_1607338502_142_received
7c38_a98d_0000_1607338503_143_received
73ee_7c38_0000_1607338503_144_received
b465_73ee_0000_1607338505_145_received
cbe0_b465_0000_1607338505_146_received
5d64_cbe0_0000_1607338506_147_received
63ad_5d64_0000_1607338507_148_received
ebcc_63ad_0000_1607338507_149_received
28bb_ebcc_0000_1607338508_150_received
ffc9_28bb_0000_1607338509_151_received
727d_ffc9_0000_1607338514_152_received
02c9_727d_0000_1607338515_153_received
d85e_02c9_0000_1607338516_154_received
04d3_d85e_0000_1607338521_155_received
2211_04d3_0000_1607338526_156_received
167b_2211_0000_1607338528_157_received
7ced_167b_0000_1607338530_158_received
1f43_7ced_0000_1607338537_159_received
a010_1f43_0000_1607338537_160_received
cf3b_a010_0000_1607338540_161_received
00cb_cf3b_0000_1607338541_162_received
e93d_00cb_0000_1607338543_163_received
601a_e93d_0000_1607338544_164_received
7dd9_601a_0000_1607338544_165_received
667b_7dd9_0000_1607338545_166_received
f2f7_667b_0000_1607338559_167_received
935c_f2f7_0000_1607338560_168_received
cbb0_935c_0000_1607338566_169_received
7747_cbb0_0000_1607338566_170_received
143f_7747_0000_1607338569_171_received
2a51_143f_0000_1607338573_172_received
981e_2a51_0000_1607338573_173_received
