be7f_9e1c_0000_1607338088_1_generated
df0d_be7f_0000_1607338090_2_generated
48de_df0d_0000_1607338093_3_generated
71a6_48de_0000_1607338098_4_generated
6f8d_71a6_0000_1607338099_5_generated
236b_6f8d_0000_1607338103_6_generated
9491_236b_0000_1607338103_7_generated
eec4_9491_0000_1607338108_8_generated
ab7e_eec4_0000_1607338114_9_generated
0ae6_ab7e_0000_1607338114_10_generated
958c_0ae6_0000_1607338114_11_generated
8113_958c_0000_1607338119_12_generated
b447_8113_0000_1607338119_13_generated
50c1_b447_0000_1607338120_14_generated
80a4_50c1_0000_1607338121_15_generated
7efb_80a4_0000_1607338122_16_generated
f23d_7efb_0000_1607338125_17_generated
323a_f23d_0000_1607338125_18_generated
596f_323a_0000_1607338126_19_generated
5dc0_596f_0000_1607338128_20_generated
e31f_5dc0_0000_1607338130_21_generated
b7bd_e31f_0000_1607338130_22_generated
2069_b7bd_0000_1607338141_23_generated
cf48_2069_0000_1607338142_24_generated
cd96_cf48_0000_1607338147_25_generated
87a5_cd96_0000_1607338148_26_generated
b11b_87a5_0000_1607338150_27_generated
8956_b11b_0000_1607338152_28_generated
909b_8956_0000_1607338152_29_generated
a3a1_909b_0000_1607338162_30_generated
4f4d_a3a1_0000_1607338162_31_generated
702a_4f4d_0000_1607338163_32_generated
ceca_702a_0000_1607338166_33_generated
bd2d_ceca_0000_1607338169_34_generated
b660_bd2d_0000_1607338185_35_generated
e319_b660_0000_1607338189_36_generated
ae4f_e319_0000_1607338191_37_generated
c94f_ae4f_0000_1607338199_38_generated
ebd5_c94f_0000_1607338202_39_generated
f4d7_ebd5_0000_1607338205_40_generated
3b5e_f4d7_0000_1607338209_41_generated
759f_3b5e_0000_1607338211_42_generated
386e_759f_0000_1607338213_43_generated
09b6_386e_0000_1607338213_44_generated
59b8_09b6_0000_1607338230_45_generated
94a7_59b8_0000_1607338234_46_generated
77f0_94a7_0000_1607338236_47_generated
e81a_77f0_0000_1607338237_48_generated
b75c_e81a_0000_1607338239_49_generated
6920_b75c_0000_1607338244_50_generated
6c63_6920_0000_1607338244_51_generated
ceed_6c63_0000_1607338248_52_generated
745f_ceed_0000_1607338248_53_generated
ed3b_745f_0000_1607338259_54_generated
7439_ed3b_0000_1607338260_55_generated
a0e9_7439_0000_1607338260_56_generated
18fb_a0e9_0000_1607338267_57_generated
c21d_18fb_0000_1607338280_58_generated
d6b5_c21d_0000_1607338280_59_generated
c733_d6b5_0000_1607338283_60_generated
01c1_c733_0000_1607338289_61_generated
77d7_01c1_0000_1607338290_62_generated
ac5e_77d7_0000_1607338291_63_generated
5885_ac5e_0000_1607338293_64_generated
9045_5885_0000_1607338293_65_generated
796a_9045_0000_1607338299_66_generated
052a_796a_0000_1607338302_67_generated
b39f_052a_0000_1607338308_68_generated
0032_b39f_0000_1607338313_69_generated
00d1_0032_0000_1607338315_70_generated
a7a4_00d1_0000_1607338316_71_generated
4f05_a7a4_0000_1607338321_72_generated
7951_4f05_0000_1607338321_73_generated
5b56_7951_0000_1607338323_74_generated
5565_5b56_0000_1607338324_75_generated
f8c0_5565_0000_1607338324_76_generated
8099_f8c0_0000_1607338325_77_generated
4aa3_8099_0000_1607338325_78_generated
018e_4aa3_0000_1607338330_79_generated
3d2e_018e_0000_1607338331_80_generated
a734_3d2e_0000_1607338333_81_generated
0dac_a734_0000_1607338335_82_generated
cebe_0dac_0000_1607338337_83_generated
5a11_cebe_0000_1607338338_84_generated
c110_5a11_0000_1607338345_85_generated
3a9f_c110_0000_1607338351_86_generated
6849_3a9f_0000_1607338355_87_generated
2511_6849_0000_1607338357_88_generated
e735_2511_0000_1607338360_89_generated
b012_e735_0000_1607338360_90_generated
1b5e_b012_0000_1607338366_91_generated
9cf2_1b5e_0000_1607338376_92_generated
7d34_9cf2_0000_1607338379_93_generated
efce_7d34_0000_1607338386_94_generated
d197_efce_0000_1607338387_95_generated
b094_d197_0000_1607338387_96_generated
46d5_b094_0000_1607338388_97_generated
8239_46d5_0000_1607338388_98_generated
a013_8239_0000_1607338391_99_generated
04d6_a013_0000_1607338397_100_generated
12b5_04d6_0000_1607338398_101_generated
6151_12b5_0000_1607338400_102_generated
b0f7_6151_0000_1607338404_103_generated
6238_b0f7_0000_1607338406_104_generated
35b3_6238_0000_1607338407_105_generated
0cb6_35b3_0000_1607338414_106_generated
1e81_0cb6_0000_1607338415_107_generated
7d48_1e81_0000_1607338416_108_generated
8744_7d48_0000_1607338422_109_generated
f17c_8744_0000_1607338427_110_generated
57af_f17c_0000_1607338427_111_generated
656f_57af_0000_1607338430_112_generated
e586_656f_0000_1607338430_113_generated
3801_e586_0000_1607338430_114_generated
b6c5_3801_0000_1607338432_115_generated
22b0_b6c5_0000_1607338432_116_generated
cfbf_22b0_0000_1607338433_117_generated
31f7_cfbf_0000_1607338442_118_generated
298d_31f7_0000_1607338446_119_generated
90f9_298d_0000_1607338446_120_generated
2675_90f9_0000_1607338454_121_generated
8a3b_2675_0000_1607338461_122_generated
42a6_8a3b_0000_1607338462_123_generated
fe90_42a6_0000_1607338466_124_generated
c0ae_fe90_0000_1607338475_125_generated
c702_c0ae_0000_1607338476_126_generated
1e8f_c702_0000_1607338478_127_generated
5ca8_1e8f_0000_1607338478_128_generated
e2f2_5ca8_0000_1607338481_129_generated
8536_e2f2_0000_1607338482_130_generated
5505_8536_0000_1607338482_131_generated
38a1_5505_0000_1607338484_132_generated
5132_38a1_0000_1607338487_133_generated
dc56_5132_0000_1607338490_134_generated
3d1d_dc56_0000_1607338492_135_generated
52ef_3d1d_0000_1607338492_136_generated
13bd_52ef_0000_1607338492_137_generated
da7c_13bd_0000_1607338498_138_generated
9e06_da7c_0000_1607338499_139_generated
ef6f_9e06_0000_1607338499_140_generated
19a3_ef6f_0000_1607338499_141_generated
a98d_19a3_0000_1607338502_142_generated
7c38_a98d_0000_1607338503_143_generated
73ee_7c38_0000_1607338503_144_generated
b465_73ee_0000_1607338505_145_generated
cbe0_b465_0000_1607338505_146_generated
5d64_cbe0_0000_1607338506_147_generated
63ad_5d64_0000_1607338507_148_generated
ebcc_63ad_0000_1607338507_149_generated
28bb_ebcc_0000_1607338508_150_generated
ffc9_28bb_0000_1607338509_151_generated
727d_ffc9_0000_1607338514_152_generated
02c9_727d_0000_1607338515_153_generated
d85e_02c9_0000_1607338516_154_generated
04d3_d85e_0000_1607338521_155_generated
2211_04d3_0000_1607338526_156_generated
167b_2211_0000_1607338528_157_generated
7ced_167b_0000_1607338530_158_generated
1f43_7ced_0000_1607338537_159_generated
a010_1f43_0000_1607338537_160_generated
cf3b_a010_0000_1607338540_161_generated
00cb_cf3b_0000_1607338541_162_generated
e93d_00cb_0000_1607338543_163_generated
601a_e93d_0000_1607338544_164_generated
7dd9_601a_0000_1607338544_165_generated
667b_7dd9_0000_1607338545_166_generated
f2f7_667b_0000_1607338559_167_generated
935c_f2f7_0000_1607338560_168_generated
cbb0_935c_0000_1607338566_169_generated
7747_cbb0_0000_1607338566_170_generated
143f_7747_0000_1607338569_171_generated
2a51_143f_0000_1607338573_172_generated
981e_2a51_0000_1607338573_173_generated
e21c_981e_0000_1607338580_174_generated
eccd_e21c_0000_1607338583_175_generated
6899_eccd_0000_1607338583_176_generated
7022_6899_0000_1607338587_177_generated
5cc8_7022_0000_1607338588_178_generated
2d80_5cc8_0000_1607338588_179_generated
ab59_2d80_0000_1607338596_180_generated
2776_ab59_0000_1607338598_181_generated
0c58_2776_0000_1607338598_182_generated
0b3e_0c58_0000_1607338600_183_generated
f0a2_0b3e_0000_1607338603_184_generated
9fad_f0a2_0000_1607338605_185_generated
5a9f_9fad_0000_1607338615_186_generated
25ac_5a9f_0000_1607338619_187_generated
f495_25ac_0000_1607338621_188_generated
2280_f495_0000_1607338621_189_generated
b883_2280_0000_1607338626_190_generated
0980_b883_0000_1607338627_191_generated
23d9_0980_0000_1607338628_192_generated
6467_23d9_0000_1607338635_193_generated
f109_6467_0000_1607338635_194_generated
a00a_f109_0000_1607338639_195_generated
71b1_a00a_0000_1607338648_196_generated
8b84_71b1_0000_1607338649_197_generated
1368_8b84_0000_1607338649_198_generated
024f_1368_0000_1607338652_199_generated
a3cd_024f_0000_1607338655_200_generated
615c_a3cd_0000_1607338655_201_generated
cb67_615c_0000_1607338656_202_generated
3cff_cb67_0000_1607338660_203_generated
346d_3cff_0000_1607338661_204_generated
10d2_346d_0000_1607338664_205_generated
dec5_10d2_0000_1607338666_206_generated
c223_dec5_0000_1607338667_207_generated
52b7_c223_0000_1607338667_208_generated
ddd3_52b7_0000_1607338675_209_generated
d3e1_ddd3_0000_1607338681_210_generated
8439_d3e1_0000_1607338681_211_generated
e4f4_8439_0000_1607338683_212_generated
