9b98_9e1c_0000_1607340753_1_received
e90a_9b98_0000_1607340753_2_received
ff9f_e90a_0000_1607340753_3_received
053f_ff9f_0000_1607340753_4_received
53b9_053f_0000_1607340755_5_received
1a6d_53b9_0000_1607340762_6_received
0d7c_1a6d_0000_1607340762_7_received
c713_0d7c_0000_1607340762_8_received
4543_c713_0000_1607340763_9_received
c393_4543_0000_1607340764_10_received
a291_c393_0000_1607340766_11_received
19ef_a291_0000_1607340767_12_received
8c7e_19ef_0000_1607340769_13_received
bd11_8c7e_0000_1607340772_14_received
9a52_bd11_0000_1607340774_15_received
eda9_9a52_0000_1607340775_16_received
2727_eda9_0000_1607340775_17_received
f593_2727_0000_1607340777_18_received
f3c0_f593_0000_1607340778_19_received
b8c1_f3c0_0000_1607340784_20_received
2abc_b8c1_0000_1607340790_21_received
c3a6_2abc_0000_1607340791_22_received
adcb_c3a6_0000_1607340792_23_received
eb47_adcb_0000_1607340792_24_received
0c7d_eb47_0000_1607340793_25_received
4daf_0c7d_0000_1607340795_26_received
4741_4daf_0000_1607340797_27_received
2bca_4741_0000_1607340801_28_received
965d_2bca_0000_1607340811_29_received
e56d_965d_0000_1607340811_30_received
d2cc_e56d_0000_1607340813_31_received
e7d4_d2cc_0000_1607340814_32_received
0160_e7d4_0000_1607340814_33_received
f793_0160_0000_1607340815_34_received
396c_f793_0000_1607340815_35_received
0120_396c_0000_1607340819_36_received
45b9_0120_0000_1607340822_37_received
ab47_45b9_0000_1607340827_38_received
a1d0_ab47_0000_1607340830_39_received
066e_a1d0_0000_1607340831_40_received
0f86_066e_0000_1607340835_41_received
577c_0f86_0000_1607340836_42_received
ddba_577c_0000_1607340838_43_received
00ba_ddba_0000_1607340841_44_received
2605_00ba_0000_1607340845_45_received
8f02_2605_0000_1607340846_46_received
99fb_8f02_0000_1607340851_47_received
6a19_99fb_0000_1607340856_48_received
5f72_6a19_0000_1607340859_49_received
e733_5f72_0000_1607340862_50_received
c57d_e733_0000_1607340862_51_received
2711_c57d_0000_1607340863_52_received
9b25_2711_0000_1607340863_53_received
bc25_9b25_0000_1607340867_54_received
63ad_bc25_0000_1607340870_55_received
5343_63ad_0000_1607340873_56_received
bab3_5343_0000_1607340874_57_received
96c8_bab3_0000_1607340874_58_received
e932_96c8_0000_1607340875_59_received
227e_e932_0000_1607340879_60_received
f3cd_227e_0000_1607340882_61_received
9d07_f3cd_0000_1607340884_62_received
8af0_9d07_0000_1607340885_63_received
9193_8af0_0000_1607340885_64_received
864a_9193_0000_1607340886_65_received
21d0_864a_0000_1607340887_66_received
4d40_21d0_0000_1607340891_67_received
162f_4d40_0000_1607340892_68_received
7830_162f_0000_1607340897_69_received
27bf_7830_0000_1607340898_70_received
ec6b_27bf_0000_1607340900_71_received
b6f9_ec6b_0000_1607340903_72_received
aea1_b6f9_0000_1607340904_73_received
169b_aea1_0000_1607340912_74_received
686b_169b_0000_1607340926_75_received
7856_686b_0000_1607340929_76_received
6caa_7856_0000_1607340935_77_received
ecfb_6caa_0000_1607340936_78_received
69fb_ecfb_0000_1607340942_79_received
fb83_69fb_0000_1607340943_80_received
7a67_fb83_0000_1607340944_81_received
c1bf_7a67_0000_1607340945_82_received
f583_c1bf_0000_1607340946_83_received
612f_f583_0000_1607340948_84_received
45cf_612f_0000_1607340948_85_received
3bbb_45cf_0000_1607340948_86_received
f330_3bbb_0000_1607340951_87_received
4749_f330_0000_1607340953_88_received
cf55_4749_0000_1607340954_89_received
cc57_cf55_0000_1607340956_90_received
4965_cc57_0000_1607340958_91_received
6f66_4965_0000_1607340960_92_received
45a4_6f66_0000_1607340963_93_received
1d24_45a4_0000_1607340963_94_received
4af2_1d24_0000_1607340963_95_received
cf3e_4af2_0000_1607340963_96_received
556f_cf3e_0000_1607340965_97_received
0ee8_556f_0000_1607340966_98_received
9dc8_0ee8_0000_1607340967_99_received
857a_9dc8_0000_1607340969_100_received
f86e_857a_0000_1607340971_101_received
3d9a_f86e_0000_1607340972_102_received
7ae5_3d9a_0000_1607340972_103_received
bda1_7ae5_0000_1607340975_104_received
6015_bda1_0000_1607340975_105_received
9a5e_6015_0000_1607340976_106_received
5205_9a5e_0000_1607340980_107_received
b0f8_5205_0000_1607340985_108_received
661c_b0f8_0000_1607340994_109_received
c0d2_661c_0000_1607340996_110_received
781a_c0d2_0000_1607341000_111_received
72de_781a_0000_1607341001_112_received
9b35_72de_0000_1607341003_113_received
5b95_9b35_0000_1607341006_114_received
f209_5b95_0000_1607341007_115_received
290d_f209_0000_1607341015_116_received
a787_290d_0000_1607341018_117_received
340f_a787_0000_1607341019_118_received
102b_340f_0000_1607341021_119_received
165e_102b_0000_1607341023_120_received
7297_165e_0000_1607341024_121_received
9566_7297_0000_1607341027_122_received
40ab_9566_0000_1607341029_123_received
3e7b_40ab_0000_1607341030_124_received
1d47_3e7b_0000_1607341030_125_received
e78b_1d47_0000_1607341033_126_received
17c0_e78b_0000_1607341034_127_received
144e_17c0_0000_1607341036_128_received
e5bb_144e_0000_1607341038_129_received
a369_e5bb_0000_1607341042_130_received
c7ce_a369_0000_1607341043_131_received
4f98_c7ce_0000_1607341049_132_received
80ce_4f98_0000_1607341050_133_received
c800_80ce_0000_1607341052_134_received
9f72_c800_0000_1607341053_135_received
e0af_9f72_0000_1607341054_136_received
0709_e0af_0000_1607341063_137_received
dd6d_0709_0000_1607341063_138_received
9988_dd6d_0000_1607341063_139_received
15e8_9988_0000_1607341064_140_received
83b7_15e8_0000_1607341071_141_received
7a1f_83b7_0000_1607341074_142_received
8fbd_7a1f_0000_1607341077_143_received
3b12_8fbd_0000_1607341081_144_received
ceff_3b12_0000_1607341084_145_received
b297_ceff_0000_1607341086_146_received
fcc5_b297_0000_1607341088_147_received
ab66_fcc5_0000_1607341089_148_received
2383_ab66_0000_1607341094_149_received
bd12_2383_0000_1607341098_150_received
a895_bd12_0000_1607341108_151_received
ec7f_a895_0000_1607341108_152_received
c569_ec7f_0000_1607341109_153_received
839d_c569_0000_1607341110_154_received
78dc_839d_0000_1607341113_155_received
9898_78dc_0000_1607341116_156_received
6e6e_9898_0000_1607341117_157_received
9652_6e6e_0000_1607341117_158_received
4b2b_9652_0000_1607341124_159_received
1842_4b2b_0000_1607341127_160_received
b719_1842_0000_1607341130_161_received
1a07_b719_0000_1607341132_162_received
ed22_1a07_0000_1607341132_163_received
a116_ed22_0000_1607341133_164_received
7783_a116_0000_1607341133_165_received
a910_7783_0000_1607341135_166_received
7303_a910_0000_1607341138_167_received
85c4_7303_0000_1607341138_168_received
17aa_85c4_0000_1607341139_169_received
9ef3_17aa_0000_1607341139_170_received
ab5a_9ef3_0000_1607341141_171_received
8171_ab5a_0000_1607341141_172_received
62bf_8171_0000_1607341144_173_received
9487_62bf_0000_1607341155_174_received
8e1a_9487_0000_1607341161_175_received
4936_8e1a_0000_1607341162_176_received
582a_4936_0000_1607341172_177_received
2cf2_582a_0000_1607341173_178_received
84af_2cf2_0000_1607341176_179_received
b4a4_84af_0000_1607341177_180_received
1e80_b4a4_0000_1607341183_181_received
f907_1e80_0000_1607341184_182_received
5a54_f907_0000_1607341184_183_received
72a6_5a54_0000_1607341187_184_received
e9c0_72a6_0000_1607341188_185_received
20c8_e9c0_0000_1607341190_186_received
3789_20c8_0000_1607341190_187_received
c98f_3789_0000_1607341196_188_received
42aa_c98f_0000_1607341204_189_received
b26f_42aa_0000_1607341206_190_received
2154_b26f_0000_1607341206_191_received
9b83_2154_0000_1607341213_192_received
adbd_9b83_0000_1607341217_193_received
ae62_adbd_0000_1607341223_194_received
6cb2_ae62_0000_1607341225_195_received
1b4e_6cb2_0000_1607341230_196_received
cb52_1b4e_0000_1607341231_197_received
bcfb_cb52_0000_1607341233_198_received
e2f0_bcfb_0000_1607341235_199_received
32f7_e2f0_0000_1607341236_200_received
5d56_32f7_0000_1607341237_201_received
8828_5d56_0000_1607341238_202_received
f194_8828_0000_1607341239_203_received
5de8_f194_0000_1607341244_204_received
550d_5de8_0000_1607341245_205_received
d10e_550d_0000_1607341248_206_received
2a71_d10e_0000_1607341248_207_received
e30a_2a71_0000_1607341249_208_received
9e4a_e30a_0000_1607341249_209_received
bec1_9e4a_0000_1607341252_210_received
308e_bec1_0000_1607341252_211_received
2b97_308e_0000_1607341254_212_received
9763_2b97_0000_1607341254_213_received
