3bea_9e1c_0000_1607192127_1_received
a8f0_3bea_0000_1607192133_2_received
871e_a8f0_0000_1607192134_3_received
b86a_a8f0_0000_1607192135_3_received
8f43_b86a_0000_1607192137_4_received
e1d7_8f43_0000_1607192140_5_received
6d6b_8f43_0000_1607192141_5_received
0e01_e1d7_0000_1607192141_6_received
e370_e1d7_0000_1607192142_6_received
942e_0e01_0000_1607192143_7_received
33a4_942e_0000_1607192146_8_received
823c_33a4_0000_1607192148_9_received
cd39_823c_0000_1607192150_10_received
77af_cd39_0000_1607192151_11_received
6254_77af_0000_1607192156_12_received
2031_6254_0000_1607192158_13_received
ac8f_77af_0000_1607192157_12_received
c9bf_6254_0000_1607192160_13_received
12f8_2031_0000_1607192161_14_received
e9c5_2031_0000_1607192162_14_received
aa14_12f8_0000_1607192162_15_received
706c_aa14_0000_1607192163_16_received
314b_12f8_0000_1607192163_15_received
bfe3_706c_0000_1607192165_17_received
050e_bfe3_0000_1607192169_18_received
8505_050e_0000_1607192172_19_received
d2f0_8505_0000_1607192173_20_received
8116_d2f0_0000_1607192176_21_received
a791_8116_0000_1607192176_22_received
86c6_a791_0000_1607192176_23_received
f974_86c6_0000_1607192177_24_received
f364_f974_0000_1607192179_25_received
d48d_f364_0000_1607192182_26_received
348a_d48d_0000_1607192182_27_received
d2f4_f364_0000_1607192183_26_received
fbb0_348a_0000_1607192183_28_received
4552_fbb0_0000_1607192185_29_received
c38b_fbb0_0000_1607192186_29_received
2d7d_4552_0000_1607192187_30_received
9228_2d7d_0000_1607192188_31_received
f560_9228_0000_1607192190_32_received
af6f_f560_0000_1607192193_33_received
61e7_af6f_0000_1607192194_34_received
8e11_61e7_0000_1607192201_35_received
e9c6_8e11_0000_1607192201_36_received
ec11_e9c6_0000_1607192204_37_received
668a_ec11_0000_1607192207_38_received
8f85_668a_0000_1607192208_39_received
cc9a_8f85_0000_1607192210_40_received
be9b_cc9a_0000_1607192210_41_received
fbc6_be9b_0000_1607192212_42_received
0fb2_fbc6_0000_1607192214_43_received
d7f4_0fb2_0000_1607192217_44_received
a814_d7f4_0000_1607192217_45_received
3714_a814_0000_1607192219_46_received
cdcb_3714_0000_1607192221_47_generated
bdf3_cdcb_0000_1607192222_48_received
4015_bdf3_0000_1607192226_49_received
483c_bdf3_0000_1607192225_49_received
3e57_4015_0000_1607192228_50_generated
ddcd_483c_0000_1607192227_50_received
a4ca_ddcd_0000_1607192229_51_received
74c1_ddcd_0000_1607192230_51_received
c086_a4ca_0000_1607192233_52_received
8edc_c086_0000_1607192237_53_received
44c5_8edc_0000_1607192239_54_generated
67ed_8edc_0000_1607192240_54_received
f8a1_44c5_0000_1607192241_55_generated
0f81_44c5_0000_1607192242_55_received
a207_0f81_0000_1607192244_56_received
0de4_a207_0000_1607192248_57_generated
7aec_a207_0000_1607192246_57_received
2df0_7aec_0000_1607192246_58_received
df42_a207_0000_1607192247_57_received
4010_2df0_0000_1607192250_59_received
da80_4010_0000_1607192253_60_generated
8065_da80_0000_1607192258_61_received
22f9_da80_0000_1607192259_61_received
cbfc_da80_0000_1607192260_61_received
728c_8065_0000_1607192262_62_generated
14dc_22f9_0000_1607192262_62_received
50aa_cbfc_0000_1607192261_62_received
9990_50aa_0000_1607192262_63_received
6cee_728c_0000_1607192264_63_received
8bbd_9990_0000_1607192264_64_received
b1e5_8bbd_0000_1607192266_65_received
7cc7_8bbd_0000_1607192267_65_received
697f_b1e5_0000_1607192268_66_received
65d2_697f_0000_1607192271_67_received
3e47_65d2_0000_1607192272_68_received
5d7c_3e47_0000_1607192273_69_received
9ceb_5d7c_0000_1607192274_70_received
9e2a_9ceb_0000_1607192277_71_generated
eb6b_5d7c_0000_1607192276_70_received
300e_9ceb_0000_1607192278_71_received
9077_eb6b_0000_1607192278_71_received
0169_9077_0000_1607192278_72_received
3ab8_0169_0000_1607192280_73_received
8a9b_3ab8_0000_1607192280_74_received
028a_0169_0000_1607192279_73_received
c4d7_028a_0000_1607192280_74_received
daec_8a9b_0000_1607192282_75_received
3254_c4d7_0000_1607192281_75_received
70f5_daec_0000_1607192285_76_received
5b53_3254_0000_1607192285_76_received
fc8b_daec_0000_1607192287_76_received
3d1b_3254_0000_1607192287_76_received
ea85_5b53_0000_1607192287_77_received
b4c0_5b53_0000_1607192289_77_received
b938_5b53_0000_1607192288_77_received
2554_b4c0_0000_1607192289_78_received
2549_ea85_0000_1607192290_78_received
d730_b938_0000_1607192289_78_received
6968_d730_0000_1607192293_79_received
e4ba_6968_0000_1607192294_80_received
d30c_6968_0000_1607192295_80_received
dc7f_e4ba_0000_1607192297_81_received
bb10_e4ba_0000_1607192299_81_received
79a0_dc7f_0000_1607192299_82_received
dcc7_bb10_0000_1607192300_82_received
afdc_dc7f_0000_1607192300_82_received
f771_79a0_0000_1607192300_83_received
33f1_f771_0000_1607192300_84_received
5ad4_33f1_0000_1607192301_85_received
6b10_5ad4_0000_1607192303_86_received
cad8_5ad4_0000_1607192302_86_received
f713_cad8_0000_1607192303_87_received
e0f4_f713_0000_1607192304_88_received
4b77_e0f4_0000_1607192306_89_generated
a4db_e0f4_0000_1607192305_89_received
6efb_a4db_0000_1607192306_90_received
93af_6efb_0000_1607192311_91_received
e6c6_93af_0000_1607192314_92_generated
1d75_e6c6_0000_1607192317_93_generated
bfd9_e6c6_0000_1607192318_93_received
5293_1d75_0000_1607192321_94_received
7157_1d75_0000_1607192322_94_received
e25e_5293_0000_1607192324_95_received
3f49_e25e_0000_1607192328_96_generated
1414_e25e_0000_1607192326_96_received
b2f7_1414_0000_1607192329_97_received
bde3_b2f7_0000_1607192331_98_received
3d17_1414_0000_1607192330_97_received
a5df_bde3_0000_1607192333_99_received
5841_a5df_0000_1607192334_100_received
d5e5_a5df_0000_1607192333_100_received
0328_5841_0000_1607192339_101_received
d518_0328_0000_1607192343_102_received
d36e_0328_0000_1607192344_102_received
9e66_d36e_0000_1607192345_103_received
c0e7_9e66_0000_1607192347_104_received
07a2_d518_0000_1607192347_103_received
73d9_c0e7_0000_1607192350_105_received
5a65_73d9_0000_1607192351_106_received
d1a6_c0e7_0000_1607192351_105_received
143a_5a65_0000_1607192353_107_received
ff30_143a_0000_1607192358_108_generated
2f95_143a_0000_1607192357_108_received
7afd_2f95_0000_1607192358_109_received
a4a9_7afd_0000_1607192362_110_received
d839_7afd_0000_1607192364_110_received
e6a9_a4a9_0000_1607192364_111_received
0a5d_d839_0000_1607192365_111_received
87d4_e6a9_0000_1607192366_112_received
8bc2_87d4_0000_1607192366_113_received
1afe_0a5d_0000_1607192368_112_received
a848_8bc2_0000_1607192367_114_received
71a3_a848_0000_1607192372_115_received
7e7c_a848_0000_1607192369_115_received
10db_7e7c_0000_1607192370_116_received
c876_10db_0000_1607192377_117_received
b81c_c876_0000_1607192378_118_received
6306_c876_0000_1607192379_118_received
cd81_b81c_0000_1607192382_119_generated
c507_b81c_0000_1607192381_119_received
396e_c507_0000_1607192384_120_received
3fdd_396e_0000_1607192384_121_received
ed0b_6306_0000_1607192383_119_received
7dd4_3fdd_0000_1607192388_122_received
66cb_7dd4_0000_1607192391_123_generated
d57e_66cb_0000_1607192391_124_generated
117f_7dd4_0000_1607192390_123_received
58f7_d57e_0000_1607192395_125_generated
88bc_117f_0000_1607192392_124_received
21bf_117f_0000_1607192391_124_received
dad1_21bf_0000_1607192393_125_received
42c4_dad1_0000_1607192397_126_received
7de4_42c4_0000_1607192399_127_received
2b38_7de4_0000_1607192399_128_received
be25_2b38_0000_1607192403_129_received
43c5_2b38_0000_1607192402_129_received
6139_43c5_0000_1607192403_130_received
b2c4_be25_0000_1607192407_130_received
d80d_6139_0000_1607192408_131_received
0646_d80d_0000_1607192414_132_received
faae_0646_0000_1607192415_133_received
5706_faae_0000_1607192417_134_generated
485d_d80d_0000_1607192415_132_received
9d52_5706_0000_1607192421_135_generated
f1aa_5706_0000_1607192423_135_received
5af6_f1aa_0000_1607192424_136_received
d464_9d52_0000_1607192426_136_received
04c3_5af6_0000_1607192425_137_received
9d8d_04c3_0000_1607192431_138_received
ec8b_9d8d_0000_1607192431_139_received
d089_ec8b_0000_1607192435_140_received
463e_d089_0000_1607192439_141_generated
4140_d089_0000_1607192438_141_received
b472_463e_0000_1607192442_142_generated
358d_4140_0000_1607192443_142_received
ef1f_4140_0000_1607192444_142_received
49ef_b472_0000_1607192447_143_received
cab7_ef1f_0000_1607192447_143_received
7608_49ef_0000_1607192451_144_received
0ccd_cab7_0000_1607192453_144_received
1216_cab7_0000_1607192452_144_received
d18f_1216_0000_1607192454_145_received
3e0a_d18f_0000_1607192456_146_received
c915_d18f_0000_1607192457_146_received
db6c_3e0a_0000_1607192460_147_received
a45f_3e0a_0000_1607192461_147_received
b13f_db6c_0000_1607192465_148_received
a978_a45f_0000_1607192466_148_received
34da_b13f_0000_1607192471_149_received
f6ea_b13f_0000_1607192470_149_received
2f33_a978_0000_1607192471_149_received
6ce3_34da_0000_1607192478_150_generated
b3c8_f6ea_0000_1607192476_150_received
cb71_2f33_0000_1607192475_150_received
397c_f6ea_0000_1607192477_150_received
36af_cb71_0000_1607192476_151_received
472d_36af_0000_1607192477_152_received
7c96_472d_0000_1607192481_153_received
c6ca_7c96_0000_1607192485_154_received
76b4_7c96_0000_1607192487_154_received
b8fd_c6ca_0000_1607192490_155_received
dcb5_76b4_0000_1607192491_155_received
8ca2_76b4_0000_1607192489_155_received
34b4_8ca2_0000_1607192493_156_received
a711_34b4_0000_1607192499_157_received
1928_a711_0000_1607192501_158_received
48c5_1928_0000_1607192505_159_received
8ff4_1928_0000_1607192503_159_received
5d95_8ff4_0000_1607192505_160_received
7bd6_5d95_0000_1607192506_161_received
4922_48c5_0000_1607192507_160_received
dd5b_7bd6_0000_1607192510_162_received
5f90_5d95_0000_1607192509_161_received
3c0a_dd5b_0000_1607192515_163_generated
1705_3c0a_0000_1607192516_164_generated
344c_dd5b_0000_1607192511_163_received
149a_344c_0000_1607192512_164_received
178e_149a_0000_1607192517_165_received
4094_178e_0000_1607192520_166_received
b1e4_4094_0000_1607192525_167_received
b71a_b1e4_0000_1607192526_168_received
410c_b1e4_0000_1607192528_168_received
a346_b71a_0000_1607192531_169_received
5344_b71a_0000_1607192532_169_received
eb02_b71a_0000_1607192533_169_received
253c_5344_0000_1607192534_170_received
f787_a346_0000_1607192535_170_received
93cc_253c_0000_1607192541_171_generated
f59d_f787_0000_1607192541_171_received
a537_f59d_0000_1607192546_172_received
ea2d_a537_0000_1607192547_173_received
db72_ea2d_0000_1607192548_174_received
3ec7_db72_0000_1607192550_175_received
2737_3ec7_0000_1607192558_176_received
cc92_3ec7_0000_1607192560_176_received
7487_cc92_0000_1607192561_177_received
ed55_2737_0000_1607192563_177_received
5baf_2737_0000_1607192562_177_received
941a_7487_0000_1607192570_178_generated
67ae_7487_0000_1607192568_178_received
541d_5baf_0000_1607192568_178_received
7ebc_541d_0000_1607192571_179_received
4cbe_7ebc_0000_1607192577_180_received
d438_4cbe_0000_1607192578_181_received
95b8_7ebc_0000_1607192579_180_received
4f24_d438_0000_1607192579_182_received
21be_4f24_0000_1607192580_183_received
79e0_21be_0000_1607192582_184_received
a0d8_d438_0000_1607192584_182_received
4472_4f24_0000_1607192585_183_received
70f2_79e0_0000_1607192588_185_received
438a_79e0_0000_1607192591_185_received
ee4c_70f2_0000_1607192589_186_received
742b_ee4c_0000_1607192597_187_received
2438_ee4c_0000_1607192599_187_received
829d_742b_0000_1607192600_188_received
0fb6_829d_0000_1607192606_189_generated
c535_2438_0000_1607192604_188_received
c94a_829d_0000_1607192602_189_received
5892_c94a_0000_1607192605_190_received
9e5e_5892_0000_1607192610_191_received
a0a9_9e5e_0000_1607192613_192_received
bf3e_9e5e_0000_1607192615_192_received
c32e_a0a9_0000_1607192617_193_received
25b9_c32e_0000_1607192622_194_generated
aa49_c32e_0000_1607192620_194_received
81be_c32e_0000_1607192621_194_received
ad06_25b9_0000_1607192627_195_generated
2d26_aa49_0000_1607192628_195_received
bcad_ad06_0000_1607192634_196_generated
05a4_bcad_0000_1607192635_197_received
10b3_05a4_0000_1607192642_198_received
c56a_05a4_0000_1607192643_198_received
9972_10b3_0000_1607192643_199_received
ccc3_c56a_0000_1607192644_199_received
56ca_9972_0000_1607192646_200_received
74df_9972_0000_1607192651_200_received
019f_74df_0000_1607192655_201_received
6c62_56ca_0000_1607192654_201_received
16a2_56ca_0000_1607192655_201_received
2c79_16a2_0000_1607192656_202_received
affc_019f_0000_1607192659_202_received
2f48_2c79_0000_1607192670_203_generated
14a1_2c79_0000_1607192668_203_received
3e5d_2c79_0000_1607192664_203_received
a7d2_2c79_0000_1607192667_203_received
c5a1_3e5d_0000_1607192676_204_received
9bb3_14a1_0000_1607192677_204_received
6e90_9bb3_0000_1607192678_205_received
6e9a_c5a1_0000_1607192682_205_received
97df_c5a1_0000_1607192681_205_received
e066_c5a1_0000_1607192679_205_received
6758_e066_0000_1607192681_206_received
601f_6758_0000_1607192692_207_received
5de7_601f_0000_1607192693_208_received
6622_6758_0000_1607192695_207_received
0b7d_5de7_0000_1607192696_209_received
faf0_5de7_0000_1607192697_209_received
23c9_faf0_0000_1607192699_210_received
18df_23c9_0000_1607192704_211_received
828d_0b7d_0000_1607192706_210_received
f23c_18df_0000_1607192708_212_received
f540_f23c_0000_1607192709_213_received
bb22_f540_0000_1607192717_214_received
478d_f540_0000_1607192715_214_received
99a7_f540_0000_1607192719_214_received
910c_478d_0000_1607192721_215_received
3559_478d_0000_1607192724_215_received
6ab6_910c_0000_1607192728_216_received
5e9c_910c_0000_1607192729_216_received
5900_910c_0000_1607192731_216_received
d1be_6ab6_0000_1607192737_217_received
b2bc_5900_0000_1607192737_217_received
47da_b2bc_0000_1607192744_218_received
91fb_47da_0000_1607192748_219_received
236f_47da_0000_1607192750_219_received
e187_91fb_0000_1607192754_220_received
20b4_91fb_0000_1607192757_220_received
d58f_20b4_0000_1607192762_221_received
6ec1_236f_0000_1607192753_220_received
92cb_91fb_0000_1607192755_220_received
154c_6ec1_0000_1607192754_221_received
ae67_154c_0000_1607192759_222_received
ba00_ae67_0000_1607192763_223_received
8c5b_ae67_0000_1607192767_223_received
988b_ba00_0000_1607192772_224_received
b788_ba00_0000_1607192774_224_received
1a7b_8c5b_0000_1607192774_224_received
9603_1a7b_0000_1607192776_225_received
fe1f_9603_0000_1607192779_226_received
4df3_fe1f_0000_1607192786_227_received
798c_fe1f_0000_1607192787_227_received
077e_798c_0000_1607192793_228_received
4071_798c_0000_1607192792_228_received
3862_fe1f_0000_1607192789_227_received
ca18_3862_0000_1607192796_228_received
4d79_ca18_0000_1607192802_229_received
19ab_4071_0000_1607192804_229_received
66f4_4d79_0000_1607192803_230_received
233f_66f4_0000_1607192804_231_received
b5b6_233f_0000_1607192806_232_received
69bf_4d79_0000_1607192810_230_received
e803_b5b6_0000_1607192810_233_received
7489_e803_0000_1607192812_234_received
852e_7489_0000_1607192814_235_received
6483_852e_0000_1607192830_236_generated
7e07_852e_0000_1607192828_236_received
5a21_852e_0000_1607192816_236_received
b9af_5a21_0000_1607192818_237_received
e202_b9af_0000_1607192819_238_received
b169_e202_0000_1607192821_239_received
929c_b169_0000_1607192831_240_received
38e3_929c_0000_1607192833_241_received
5931_38e3_0000_1607192847_242_generated
5fba_38e3_0000_1607192838_242_received
67b1_5fba_0000_1607192842_243_received
5b0e_67b1_0000_1607192851_244_received
e496_67b1_0000_1607192848_244_received
8882_e496_0000_1607192850_245_received
c3af_67b1_0000_1607192850_244_received
4d96_8882_0000_1607192862_246_received
8d34_8882_0000_1607192860_246_received
91c0_4d96_0000_1607192867_247_generated
127d_91c0_0000_1607192869_248_generated
d071_8d34_0000_1607192868_247_received
2be9_127d_0000_1607192875_249_generated
6c17_8d34_0000_1607192869_247_received
0775_2be9_0000_1607192885_250_generated
ba4f_2be9_0000_1607192882_250_received
1446_127d_0000_1607192881_249_received
b02f_2be9_0000_1607192886_250_received
9c55_1446_0000_1607192883_250_received
7228_9c55_0000_1607192892_251_received
ef8c_ba4f_0000_1607192898_251_received
fa3a_ba4f_0000_1607192897_251_received
f57b_ef8c_0000_1607192900_252_received
535a_7228_0000_1607192900_252_received
2b73_7228_0000_1607192906_252_received
859d_7228_0000_1607192909_252_received
7d47_535a_0000_1607192911_253_received
0b5b_7228_0000_1607192904_252_received
e2e6_0b5b_0000_1607192914_253_received
e4d2_e2e6_0000_1607192916_254_received
d2ff_e4d2_0000_1607192926_255_received
7e75_d2ff_0000_1607192927_256_received
e130_d2ff_0000_1607192931_256_received
760a_7e75_0000_1607192937_257_received
8806_7e75_0000_1607192938_257_received
256b_7e75_0000_1607192939_257_received
9033_760a_0000_1607192945_258_received
8afc_9033_0000_1607192951_259_received
2ea3_8806_0000_1607192948_258_received
b70c_760a_0000_1607192946_258_received
c88e_b70c_0000_1607192947_259_received
eaff_256b_0000_1607192948_258_received
c1c9_c88e_0000_1607192951_260_received
3d62_c1c9_0000_1607192953_261_received
3229_3d62_0000_1607192954_262_received
db6d_3229_0000_1607192964_263_received
4484_db6d_0000_1607192967_264_received
84ba_4484_0000_1607192969_265_received
093a_db6d_0000_1607192970_264_received
af2b_db6d_0000_1607192971_264_received
8913_84ba_0000_1607192972_266_received
99e3_8913_0000_1607192974_267_received
97f1_84ba_0000_1607192977_266_received
ef1b_99e3_0000_1607192980_268_received
40cf_ef1b_0000_1607192982_269_received
306e_40cf_0000_1607192991_270_received
5080_8913_0000_1607192989_267_received
cb69_306e_0000_1607192996_271_received
4e72_cb69_0000_1607193003_272_received
d5a2_4e72_0000_1607193005_273_received
0999_cb69_0000_1607192998_272_received
13d5_0999_0000_1607193001_273_received
0653_cb69_0000_1607193007_272_received
c91d_13d5_0000_1607193022_274_received
da31_13d5_0000_1607193021_274_received
01ea_d5a2_0000_1607193024_274_received
7726_c91d_0000_1607193026_275_received
24a1_da31_0000_1607193029_275_received
9562_7726_0000_1607193039_276_received
02d1_7726_0000_1607193043_276_received
9abb_9562_0000_1607193045_277_received
4594_9562_0000_1607193046_277_received
0018_9562_0000_1607193047_277_received
4843_24a1_0000_1607193043_276_received
f9e7_4843_0000_1607193050_277_received
3db6_0018_0000_1607193061_278_received
9367_3db6_0000_1607193065_279_received
7a0d_9abb_0000_1607193065_278_received
28de_9367_0000_1607193067_280_received
fbcc_28de_0000_1607193079_281_generated
cdb2_28de_0000_1607193073_281_received
a1c3_cdb2_0000_1607193075_282_received
1afd_a1c3_0000_1607193083_283_received
3bbe_a1c3_0000_1607193082_283_received
dce3_1afd_0000_1607193094_284_generated
e51f_dce3_0000_1607193097_285_generated
18bc_1afd_0000_1607193089_284_received
dffb_3bbe_0000_1607193090_284_received
eb9c_3bbe_0000_1607193096_284_received
011d_e51f_0000_1607193109_286_generated
fc7f_dffb_0000_1607193098_285_received
1595_fc7f_0000_1607193101_286_received
ef99_1595_0000_1607193104_287_received
bf59_18bc_0000_1607193104_285_received
c135_ef99_0000_1607193125_288_received
82a5_ef99_0000_1607193126_288_received
0430_82a5_0000_1607193126_289_received
be16_0430_0000_1607193138_290_received
8d64_0430_0000_1607193140_290_received
4faf_0430_0000_1607193142_290_received
9dfd_8d64_0000_1607193143_291_received
d3f6_9dfd_0000_1607193150_292_received
b57e_9dfd_0000_1607193148_292_received
92db_9dfd_0000_1607193154_292_received
5d53_d3f6_0000_1607193165_293_generated
b549_b57e_0000_1607193153_293_received
ae02_d3f6_0000_1607193159_293_received
8c63_d3f6_0000_1607193163_293_received
508f_b549_0000_1607193158_294_received
aff3_508f_0000_1607193176_295_received
f8d8_8c63_0000_1607193171_294_received
de00_508f_0000_1607193178_295_received
6152_508f_0000_1607193182_295_received
6650_6152_0000_1607193191_296_received
faa7_de00_0000_1607193190_296_received
22e1_aff3_0000_1607193192_296_received
497e_aff3_0000_1607193194_296_received
cd67_faa7_0000_1607193193_297_received
f184_6650_0000_1607193201_297_received
3b3b_cd67_0000_1607193214_298_received
d77d_3b3b_0000_1607193220_299_received
2498_d77d_0000_1607193228_300_generated
caa8_d77d_0000_1607193222_300_received
615e_caa8_0000_1607193225_301_received
e4e8_d77d_0000_1607193227_300_received
ebbb_615e_0000_1607193228_302_received
8016_d77d_0000_1607193226_300_received
92d6_ebbb_0000_1607193231_303_received
4122_ebbb_0000_1607193241_303_received
2989_92d6_0000_1607193247_304_received
8652_2989_0000_1607193255_305_received
b6d9_2989_0000_1607193257_305_received
c787_8652_0000_1607193264_306_generated
f8f8_8652_0000_1607193261_306_received
2632_c787_0000_1607193272_307_generated
9614_b6d9_0000_1607193259_306_received
7ffd_8652_0000_1607193262_306_received
e587_9614_0000_1607193267_307_received
2740_2632_0000_1607193285_308_generated
1f77_e587_0000_1607193280_308_received
5e5e_1f77_0000_1607193286_309_received
133d_5e5e_0000_1607193288_310_received
9e55_133d_0000_1607193291_311_received
4cda_9e55_0000_1607193299_312_received
ecc3_9e55_0000_1607193296_312_received
1c8b_ecc3_0000_1607193299_313_received
9f0a_9e55_0000_1607193304_312_received
9600_1c8b_0000_1607193302_314_received
e022_9600_0000_1607193307_315_received
