d056_9e1c_0000_1605070325_1_received
4f83_d056_0000_1605070326_2_received
7789_4f83_0000_1605070344_3_received
b1e1_7789_0000_1605070346_4_received
918d_b1e1_0000_1605070350_5_generated
2713_918d_0000_1605070357_6_generated
33fa_918d_0000_1605070356_6_received
cdc0_33fa_0000_1605070360_7_received
0165_cdc0_0000_1605070369_8_generated
9bb5_0165_0000_1605070371_9_generated
c316_9bb5_0000_1605070375_10_received
3594_c316_0000_1605070386_11_received
b991_3594_0000_1605070387_12_received
8d01_b991_0000_1605070388_13_received
732c_8d01_0000_1605070405_14_generated
66e1_732c_0000_1605070414_15_received
2302_66e1_0000_1605070416_16_generated
df0c_2302_0000_1605070422_17_received
111d_df0c_0000_1605070423_18_received
9a1f_111d_0000_1605070424_19_received
f15f_9a1f_0000_1605070425_20_generated
2a8a_f15f_0000_1605070429_21_received
74d9_2a8a_0000_1605070435_22_received
c237_74d9_0000_1605070463_23_received
a661_c237_0000_1605070464_24_received
28a1_a661_0000_1605070468_25_generated
397a_28a1_0000_1605070471_26_received
d28c_397a_0000_1605070474_27_generated
9e97_d28c_0000_1605070475_28_received
ceff_9e97_0000_1605070481_29_generated
012f_ceff_0000_1605070482_30_generated
1114_012f_0000_1605070488_31_generated
3c71_1114_0000_1605070500_32_received
b04e_3c71_0000_1605070510_33_generated
a167_3c71_0000_1605070509_33_received
65ea_a167_0000_1605070521_34_received
c0a7_65ea_0000_1605070524_35_generated
3dc7_c0a7_0000_1605070526_36_received
4a1b_3dc7_0000_1605070528_37_generated
23ae_4a1b_0000_1605070530_38_generated
44c4_23ae_0000_1605070531_39_generated
4111_44c4_0000_1605070542_40_received
1e0a_4111_0000_1605070548_41_generated
531b_4111_0000_1605070547_41_received
daa4_531b_0000_1605070551_42_received
fd8c_daa4_0000_1605070561_43_received
202e_fd8c_0000_1605070570_44_received
37fc_202e_0000_1605070592_45_generated
f444_37fc_0000_1605070596_46_received
9cc9_f444_0000_1605070601_47_received
7203_9cc9_0000_1605070603_48_generated
f7ad_7203_0000_1605070609_49_generated
2ab5_f7ad_0000_1605070614_50_received
ef9c_2ab5_0000_1605070619_51_received
66ae_ef9c_0000_1605070622_52_generated
e636_66ae_0000_1605070630_53_received
3e09_e636_0000_1605070631_54_received
4c2b_3e09_0000_1605070633_55_received
eeaf_4c2b_0000_1605070633_56_received
6b62_eeaf_0000_1605070634_57_received
b9cd_6b62_0000_1605070636_58_received
1f55_b9cd_0000_1605070638_59_received
11b5_1f55_0000_1605070639_60_received
ad4a_11b5_0000_1605070646_61_generated
7dca_ad4a_0000_1605070648_62_generated
265e_7dca_0000_1605070653_63_generated
1ae4_265e_0000_1605070664_64_generated
54da_1ae4_0000_1605070664_65_generated
9955_54da_0000_1605070669_66_received
0baa_9955_0000_1605070676_67_received
ac9b_0baa_0000_1605070682_68_received
1d1c_ac9b_0000_1605070702_69_received
4031_1d1c_0000_1605070708_70_generated
d35f_4031_0000_1605070712_71_received
c55e_d35f_0000_1605070735_72_received
58cc_c55e_0000_1605070747_73_received
3b93_58cc_0000_1605070747_74_received
5207_3b93_0000_1605070756_75_generated
0ffd_5207_0000_1605070762_76_generated
93a9_0ffd_0000_1605070769_77_received
0778_93a9_0000_1605070787_78_generated
5fe7_0778_0000_1605070792_79_generated
be23_5fe7_0000_1605070793_80_received
ed50_be23_0000_1605070803_81_received
7bf2_ed50_0000_1605070804_82_received
52be_7bf2_0000_1605070806_83_generated
13c8_52be_0000_1605070820_84_generated
24ad_13c8_0000_1605070821_85_received
0ffc_24ad_0000_1605070822_86_received
6479_0ffc_0000_1605070822_87_received
00d3_6479_0000_1605070830_88_received
03e4_00d3_0000_1605070834_89_received
25e8_03e4_0000_1605070836_90_received
4ae0_25e8_0000_1605070851_91_received
3024_4ae0_0000_1605070867_92_generated
0894_3024_0000_1605070873_93_generated
60d5_0894_0000_1605070877_94_generated
1c5a_60d5_0000_1605070880_95_generated
6fdb_1c5a_0000_1605070882_96_received
7822_6fdb_0000_1605070897_97_generated
aa2b_7822_0000_1605070900_98_generated
1eef_aa2b_0000_1605070903_99_received
e103_1eef_0000_1605070903_100_received
b791_e103_0000_1605070909_101_received
c022_b791_0000_1605070912_102_received
f2cb_c022_0000_1605070915_103_received
63ba_f2cb_0000_1605070922_104_generated
7468_63ba_0000_1605070925_105_received
fa3c_7468_0000_1605070926_106_generated
e121_fa3c_0000_1605070932_107_received
c0c4_e121_0000_1605070936_108_received
18ed_c0c4_0000_1605070938_109_received
652a_18ed_0000_1605070954_110_received
203c_652a_0000_1605070960_111_received
1447_203c_0000_1605070970_112_generated
3e02_1447_0000_1605070973_113_generated
5f45_3e02_0000_1605070978_114_received
10a8_5f45_0000_1605070981_115_received
57eb_10a8_0000_1605070984_116_received
3c9a_57eb_0000_1605070987_117_received
7e13_3c9a_0000_1605070988_118_received
af20_7e13_0000_1605070992_119_generated
74e6_af20_0000_1605070993_120_generated
0a59_74e6_0000_1605071000_121_received
dd06_0a59_0000_1605071008_122_received
1780_dd06_0000_1605071014_123_received
bb9e_1780_0000_1605071015_124_received
b659_bb9e_0000_1605071018_125_generated
e042_b659_0000_1605071021_126_generated
be78_b659_0000_1605071022_126_received
25fa_be78_0000_1605071025_127_received
7197_25fa_0000_1605071034_128_received
927e_7197_0000_1605071036_129_received
ac44_927e_0000_1605071036_130_received
51ec_ac44_0000_1605071040_131_generated
f674_51ec_0000_1605071044_132_generated
d62f_f674_0000_1605071044_133_received
c670_d62f_0000_1605071045_134_received
0998_c670_0000_1605071047_135_generated
