7673_9e1c_0000_1607419929_1_received
8eb4_9e1c_0000_1607419930_1_received
345a_8eb4_0000_1607419930_2_received
900c_8eb4_0000_1607419931_2_received
c848_345a_0000_1607419933_3_received
3031_c848_0000_1607419934_4_received
66c3_3031_0000_1607419935_5_received
1380_66c3_0000_1607419935_6_received
d8ba_66c3_0000_1607419936_6_received
776a_1380_0000_1607419937_7_generated
a2f2_776a_0000_1607419940_8_received
fa68_a2f2_0000_1607419941_9_received
a546_fa68_0000_1607419943_10_received
a561_a546_0000_1607419945_11_received
3e0d_a561_0000_1607419946_12_received
a0d6_3e0d_0000_1607419946_13_received
da70_a0d6_0000_1607419949_14_received
17c8_da70_0000_1607419949_15_received
566d_17c8_0000_1607419951_16_received
3b71_17c8_0000_1607419952_16_received
9291_566d_0000_1607419953_17_received
91f1_9291_0000_1607419955_18_received
6358_91f1_0000_1607419956_19_generated
9bd4_91f1_0000_1607419957_19_received
9f0e_6358_0000_1607419958_20_received
3aba_9f0e_0000_1607419960_21_generated
26b1_3aba_0000_1607419962_22_received
d6bf_26b1_0000_1607419963_23_received
f3f7_d6bf_0000_1607419964_24_received
6424_f3f7_0000_1607419964_25_received
c3f5_6424_0000_1607419967_26_received
9d7f_c3f5_0000_1607419968_27_received
54cf_9d7f_0000_1607419970_28_generated
7100_9d7f_0000_1607419969_28_received
0ee6_7100_0000_1607419973_29_received
c611_0ee6_0000_1607419973_30_received
f7b7_0ee6_0000_1607419974_30_received
132d_f7b7_0000_1607419976_31_received
1536_132d_0000_1607419978_32_generated
f78c_1536_0000_1607419980_33_received
299c_f78c_0000_1607419981_34_received
990b_299c_0000_1607419981_35_received
ec06_990b_0000_1607419983_36_received
c16a_ec06_0000_1607419984_37_received
d4bf_c16a_0000_1607419985_38_received
f2a7_d4bf_0000_1607419986_39_received
f2b1_f2a7_0000_1607419986_40_received
dac9_f2b1_0000_1607419988_41_received
58da_f2b1_0000_1607419987_41_received
52f6_58da_0000_1607419988_42_received
1268_dac9_0000_1607419989_42_received
3aeb_52f6_0000_1607419989_43_received
0cf3_3aeb_0000_1607419992_44_received
259e_0cf3_0000_1607419993_45_received
38fa_259e_0000_1607419994_46_received
f1b3_38fa_0000_1607419995_47_received
a3e8_f1b3_0000_1607419996_48_generated
02df_a3e8_0000_1607419996_49_received
40ee_a3e8_0000_1607419997_49_received
2e7e_02df_0000_1607419998_50_generated
ba46_2e7e_0000_1607420003_51_received
af57_ba46_0000_1607420004_52_received
c651_af57_0000_1607420004_53_received
020c_2e7e_0000_1607420004_51_received
d1ac_af57_0000_1607420005_53_received
0915_c651_0000_1607420011_54_received
e65d_0915_0000_1607420014_55_received
9546_e65d_0000_1607420016_56_received
67be_9546_0000_1607420017_57_received
2ca4_67be_0000_1607420019_58_received
1386_2ca4_0000_1607420020_59_received
cad3_1386_0000_1607420023_60_generated
2b7d_cad3_0000_1607420024_61_received
b805_2b7d_0000_1607420025_62_received
6872_b805_0000_1607420026_63_received
3c61_6872_0000_1607420030_64_received
b6e1_3c61_0000_1607420031_65_received
dfa6_3c61_0000_1607420032_65_received
3c44_b6e1_0000_1607420033_66_received
a2a9_3c44_0000_1607420034_67_received
981b_3c44_0000_1607420035_67_received
0f89_a2a9_0000_1607420036_68_received
87d9_a2a9_0000_1607420037_68_received
8ef7_87d9_0000_1607420038_69_received
8395_0f89_0000_1607420038_69_received
6dfa_8395_0000_1607420039_70_received
4313_8ef7_0000_1607420040_70_received
f45b_6dfa_0000_1607420042_71_generated
1b20_f45b_0000_1607420043_72_received
97ff_1b20_0000_1607420045_73_generated
8908_97ff_0000_1607420047_74_received
a863_8908_0000_1607420050_75_received
fadc_a863_0000_1607420052_76_received
ba54_fadc_0000_1607420053_77_received
e581_fadc_0000_1607420054_77_received
23d4_ba54_0000_1607420056_78_generated
48be_ba54_0000_1607420057_78_received
7d79_48be_0000_1607420058_79_received
2a95_7d79_0000_1607420060_80_generated
03aa_2a95_0000_1607420060_81_received
a013_03aa_0000_1607420062_82_received
064e_a013_0000_1607420063_83_received
66f5_064e_0000_1607420065_84_received
7e88_66f5_0000_1607420066_85_received
2ae2_7e88_0000_1607420068_86_received
05f5_2ae2_0000_1607420070_87_received
91fa_2ae2_0000_1607420069_87_received
0770_91fa_0000_1607420074_88_received
2f50_05f5_0000_1607420073_88_received
78f3_0770_0000_1607420075_89_received
e084_78f3_0000_1607420076_90_received
8373_78f3_0000_1607420077_90_received
7151_e084_0000_1607420081_91_received
5b83_7151_0000_1607420083_92_generated
2d1b_7151_0000_1607420082_92_received
734d_5b83_0000_1607420087_93_received
bcea_734d_0000_1607420087_94_received
4f4e_bcea_0000_1607420089_95_received
a4d5_4f4e_0000_1607420091_96_received
297f_a4d5_0000_1607420093_97_received
75f2_297f_0000_1607420094_98_received
a22d_75f2_0000_1607420096_99_received
2544_a22d_0000_1607420098_100_received
4b77_2544_0000_1607420098_101_received
430f_4b77_0000_1607420099_102_received
e92f_430f_0000_1607420099_103_received
687d_e92f_0000_1607420103_104_received
7c2b_687d_0000_1607420106_105_received
f627_7c2b_0000_1607420108_106_received
c57d_7c2b_0000_1607420109_106_received
10c7_f627_0000_1607420108_107_received
dcaf_10c7_0000_1607420109_108_received
346c_dcaf_0000_1607420111_109_received
fad8_346c_0000_1607420116_110_received
c1e3_fad8_0000_1607420117_111_received
3fef_c1e3_0000_1607420117_112_received
362a_3fef_0000_1607420119_113_received
f1e9_3fef_0000_1607420120_113_received
a167_362a_0000_1607420121_114_received
6800_a167_0000_1607420123_115_received
e144_6800_0000_1607420124_116_received
0543_a167_0000_1607420124_115_received
27b0_6800_0000_1607420125_116_received
be56_e144_0000_1607420127_117_received
93b4_27b0_0000_1607420128_117_received
c6eb_be56_0000_1607420128_118_received
9653_c6eb_0000_1607420129_119_received
78a5_9653_0000_1607420134_120_received
c735_9653_0000_1607420135_120_received
804f_78a5_0000_1607420137_121_received
a7fe_804f_0000_1607420138_122_received
a600_a7fe_0000_1607420143_123_received
0994_a600_0000_1607420145_124_received
a0bb_a600_0000_1607420146_124_received
bc1d_0994_0000_1607420148_125_generated
34bf_a0bb_0000_1607420149_125_received
d589_bc1d_0000_1607420153_126_received
2bbe_d589_0000_1607420154_127_received
4e77_2bbe_0000_1607420156_128_received
c9ad_4e77_0000_1607420158_129_received
47c9_c9ad_0000_1607420159_130_received
cd5e_4e77_0000_1607420160_129_received
e86b_c9ad_0000_1607420160_130_received
3f67_47c9_0000_1607420162_131_received
07ee_3f67_0000_1607420164_132_generated
158a_3f67_0000_1607420165_132_received
ad39_158a_0000_1607420168_133_received
b5b4_ad39_0000_1607420169_134_received
1138_07ee_0000_1607420169_133_received
7400_b5b4_0000_1607420172_135_generated
6967_b5b4_0000_1607420171_135_received
26d2_6967_0000_1607420172_136_received
bb1b_7400_0000_1607420174_136_received
0729_26d2_0000_1607420177_137_received
b234_0729_0000_1607420178_138_received
9351_b234_0000_1607420178_139_received
9bf7_9351_0000_1607420181_140_received
1e09_9351_0000_1607420182_140_received
5af5_0729_0000_1607420179_138_received
8de6_5af5_0000_1607420180_139_received
bd63_9bf7_0000_1607420185_141_received
ff12_1e09_0000_1607420185_141_received
71dc_bd63_0000_1607420187_142_received
8deb_71dc_0000_1607420189_143_received
5bf2_8deb_0000_1607420190_144_received
1eb2_ff12_0000_1607420189_142_received
36d1_5bf2_0000_1607420194_145_generated
ab7a_5bf2_0000_1607420192_145_received
e9eb_ab7a_0000_1607420193_146_received
ac42_e9eb_0000_1607420193_147_received
d7f9_ac42_0000_1607420196_148_received
7d8d_36d1_0000_1607420195_146_received
4f4f_d7f9_0000_1607420200_149_received
ec8c_ac42_0000_1607420199_148_received
2871_d7f9_0000_1607420202_149_received
a054_2871_0000_1607420205_150_received
e961_4f4f_0000_1607420203_150_received
0033_4f4f_0000_1607420205_150_received
ee29_a054_0000_1607420207_151_received
f82e_e961_0000_1607420207_151_received
b5fe_f82e_0000_1607420210_152_received
5de2_ee29_0000_1607420211_152_received
feb8_b5fe_0000_1607420212_153_received
8d3a_feb8_0000_1607420219_154_received
164b_8d3a_0000_1607420219_155_received
e091_164b_0000_1607420222_156_generated
cab3_164b_0000_1607420221_156_received
273e_8d3a_0000_1607420222_155_received
ddf2_cab3_0000_1607420225_157_received
04c9_ddf2_0000_1607420226_158_received
cdae_04c9_0000_1607420227_159_received
5aac_cdae_0000_1607420232_160_generated
2e0c_ddf2_0000_1607420227_158_received
bfed_2e0c_0000_1607420228_159_received
e250_5aac_0000_1607420232_161_received
a914_cdae_0000_1607420231_160_received
e5b2_a914_0000_1607420235_161_received
5e41_cdae_0000_1607420233_160_received
2a52_bfed_0000_1607420233_160_received
a61d_e5b2_0000_1607420237_162_received
fc3b_bfed_0000_1607420232_160_received
5eec_e250_0000_1607420238_162_received
a789_e250_0000_1607420240_162_received
7b2b_900c_0000_1607420244_3_received
a750_7b2b_0000_1607420245_4_received
8531_a789_0000_1607420242_163_received
6b4e_e250_0000_1607420239_162_received
345e_e250_0000_1607420241_162_received
2256_8531_0000_1607420246_164_received
9479_a750_0000_1607420250_5_received
4daa_5eec_0000_1607420243_163_received
75c3_4daa_0000_1607420244_164_received
48d6_75c3_0000_1607420247_165_received
2228_a61d_0000_1607420242_163_received
4a94_48d6_0000_1607420250_166_received
5737_6b4e_0000_1607420244_163_received
e4f4_6b4e_0000_1607420246_163_received
428b_2228_0000_1607420251_164_received
288f_5737_0000_1607420249_164_received
a336_4a94_0000_1607420254_167_received
901b_a336_0000_1607420258_168_received
6729_9479_0000_1607420260_6_received
0753_901b_0000_1607420262_169_received
b27f_0753_0000_1607420267_170_received
d3a9_0753_0000_1607420269_170_received
6e90_b27f_0000_1607420268_171_received
4aba_a336_0000_1607420269_168_received
9a64_b27f_0000_1607420270_171_received
409e_6e90_0000_1607420275_172_received
856b_6729_0000_1607420278_7_received
4494_6e90_0000_1607420273_172_received
834c_b27f_0000_1607420273_171_received
2292_409e_0000_1607420283_173_generated
0715_409e_0000_1607420278_173_received
1db3_9a64_0000_1607420275_172_received
58b9_0715_0000_1607420280_174_received
7cee_1db3_0000_1607420278_173_received
bec2_834c_0000_1607420275_172_received
37e1_409e_0000_1607420282_173_received
da81_58b9_0000_1607420295_175_generated
eb35_856b_0000_1607420289_8_received
65fa_58b9_0000_1607420292_175_received
6bed_eb35_0000_1607420290_9_received
7155_6bed_0000_1607420292_10_received
6739_6bed_0000_1607420291_10_received
d306_4494_0000_1607420280_173_received
b104_d306_0000_1607420283_174_received
1545_2292_0000_1607420287_174_received
542e_da81_0000_1607420306_176_generated
7cd0_65fa_0000_1607420296_176_received
639a_6739_0000_1607420299_11_received
9502_7cee_0000_1607420287_174_received
46ce_b104_0000_1607420289_175_received
d1fd_46ce_0000_1607420295_176_received
317b_d1fd_0000_1607420301_177_received
a620_317b_0000_1607420302_178_received
8811_7cd0_0000_1607420298_177_received
4bf2_8811_0000_1607420302_178_received
4cb9_4bf2_0000_1607420311_179_received
05b1_a620_0000_1607420311_179_received
3d9e_a620_0000_1607420304_179_received
269c_3d9e_0000_1607420312_180_received
cbec_269c_0000_1607420315_181_received
24c7_639a_0000_1607420321_12_received
bade_cbec_0000_1607420319_182_received
c14e_bade_0000_1607420321_183_received
ccc5_05b1_0000_1607420320_180_received
1856_24c7_0000_1607420325_13_received
23aa_c14e_0000_1607420327_184_received
7193_23aa_0000_1607420331_185_generated
3fd9_23aa_0000_1607420330_185_received
eaa8_1856_0000_1607420332_14_received
cced_7193_0000_1607420336_186_generated
bc7b_eaa8_0000_1607420339_15_received
f12a_bc7b_0000_1607420341_16_received
9785_f12a_0000_1607420342_17_received
3bad_9785_0000_1607420343_18_received
ce26_3bad_0000_1607420344_19_received
507b_3fd9_0000_1607420334_186_received
a60e_ce26_0000_1607420346_20_received
1029_a60e_0000_1607420347_21_received
9f24_1029_0000_1607420348_22_received
4c00_c14e_0000_1607420331_184_received
f083_cced_0000_1607420356_187_generated
e5d9_9f24_0000_1607420350_23_received
d35d_507b_0000_1607420337_187_received
f08e_c14e_0000_1607420328_184_received
3130_3fd9_0000_1607420337_186_received
1ddc_d35d_0000_1607420343_188_received
51c4_3fd9_0000_1607420338_186_received
83de_1ddc_0000_1607420350_189_received
0837_83de_0000_1607420355_190_received
19a9_e5d9_0000_1607420357_24_received
f78e_19a9_0000_1607420360_25_received
5797_f78e_0000_1607420363_26_received
cd52_5797_0000_1607420364_27_received
a75c_cd52_0000_1607420368_28_received
572e_0837_0000_1607420358_191_received
e46c_f083_0000_1607420360_188_received
54ff_572e_0000_1607420380_192_generated
5c17_a75c_0000_1607420371_29_received
3cbd_5c17_0000_1607420374_30_received
8bc8_3130_0000_1607420377_187_received
ac83_8bc8_0000_1607420379_188_received
3e2d_572e_0000_1607420361_192_received
875c_3e2d_0000_1607420364_193_received
6509_875c_0000_1607420377_194_received
31d1_6509_0000_1607420394_195_generated
cc6a_3cbd_0000_1607420388_31_received
69c6_6509_0000_1607420380_195_received
1e50_69c6_0000_1607420386_196_received
d739_1e50_0000_1607420387_197_received
eb81_ccc5_0000_1607420335_181_received
e590_ac83_0000_1607420385_189_received
f65c_3fd9_0000_1607420345_186_received
1258_f65c_0000_1607420362_187_received
cafe_3130_0000_1607420342_187_received
a1ee_cafe_0000_1607420356_188_received
460c_a1ee_0000_1607420361_189_received
aa7d_460c_0000_1607420371_190_received
fb14_aa7d_0000_1607420396_191_received
bd0f_aa7d_0000_1607420386_191_received
0de1_bd0f_0000_1607420387_192_received
2e93_cc6a_0000_1607420398_32_received
e01b_2e93_0000_1607420402_33_received
9090_d739_0000_1607420393_198_received
2bc6_9090_0000_1607420395_199_received
bbf4_2bc6_0000_1607420398_200_received
0845_bbf4_0000_1607420428_201_generated
859a_e01b_0000_1607420406_34_received
023a_e01b_0000_1607420405_34_received
a38a_859a_0000_1607420408_35_received
f0af_a38a_0000_1607420410_36_received
86d7_0de1_0000_1607420401_193_received
09c6_f0af_0000_1607420414_37_received
aa49_86d7_0000_1607420407_194_received
5c61_aa49_0000_1607420416_195_received
7921_5c61_0000_1607420418_196_received
fac0_09c6_0000_1607420421_38_received
0e39_7921_0000_1607420424_197_received
c6c4_bbf4_0000_1607420399_201_received
2bcb_c6c4_0000_1607420404_202_received
282f_2bcb_0000_1607420412_203_received
faa2_282f_0000_1607420416_204_received
8d74_faa2_0000_1607420418_205_received
b8ac_8d74_0000_1607420423_206_received
0e15_b8ac_0000_1607420425_207_received
53a9_e46c_0000_1607420401_189_received
61e7_53a9_0000_1607420406_190_received
a329_61e7_0000_1607420414_191_received
89e6_a329_0000_1607420418_192_received
1f6e_89e6_0000_1607420425_193_received
04cd_0e39_0000_1607420426_198_received
4dbe_fac0_0000_1607420429_39_received
88cb_4dbe_0000_1607420430_40_received
2ecd_88cb_0000_1607420432_41_received
7d20_2ecd_0000_1607420434_42_received
10dd_7d20_0000_1607420436_43_received
6d43_04cd_0000_1607420439_199_received
f21a_86d7_0000_1607420411_194_received
cd16_10dd_0000_1607420442_44_received
71e9_cd16_0000_1607420443_45_received
d595_f21a_0000_1607420420_195_received
9fd8_0e39_0000_1607420429_198_received
6672_04cd_0000_1607420444_199_received
4679_9fd8_0000_1607420445_199_received
00d2_71e9_0000_1607420462_46_received
9c8a_6d43_0000_1607420464_200_received
6774_0e15_0000_1607420430_208_received
1454_6774_0000_1607420439_209_received
80b5_1454_0000_1607420441_210_received
e80f_80b5_0000_1607420442_211_received
36fa_e80f_0000_1607420450_212_received
bb89_36fa_0000_1607420452_213_received
e696_bb89_0000_1607420454_214_received
27ec_e696_0000_1607420456_215_received
b11f_27ec_0000_1607420458_216_received
977b_b11f_0000_1607420460_217_received
1ba7_977b_0000_1607420465_218_received
f08f_1ba7_0000_1607420467_219_received
cb4e_1f6e_0000_1607420431_194_received
28a2_cb4e_0000_1607420451_195_received
1354_28a2_0000_1607420460_196_received
186a_f08f_0000_1607420517_220_generated
2c07_4679_0000_1607420460_200_received
d01f_2c07_0000_1607420463_201_received
ef32_00d2_0000_1607420469_47_received
762f_ef32_0000_1607420472_48_received
496b_d01f_0000_1607420472_202_received
