581a_9e1c_0000_1605029815_1_generated
f84c_9e1c_0000_1605029813_1_received
dc33_9e1c_0000_1605029814_1_received
c541_dc33_0000_1605029814_2_received
3d96_c541_0000_1605029815_3_received
871a_3d96_0000_1605029815_4_received
42d0_871a_0000_1605029815_5_received
c3d2_42d0_0000_1605029817_6_received
dff1_c3d2_0000_1605029818_7_received
841d_dff1_0000_1605029820_8_received
613d_841d_0000_1605029820_9_received
6ca1_613d_0000_1605029821_10_received
5972_6ca1_0000_1605029822_11_received
cb1a_5972_0000_1605029823_12_received
4fa7_6ca1_0000_1605029823_11_received
cd81_cb1a_0000_1605029825_13_received
0568_cd81_0000_1605029828_14_received
a9c6_0568_0000_1605029829_15_received
8d7e_a9c6_0000_1605029830_16_received
5660_8d7e_0000_1605029832_17_generated
0972_5660_0000_1605029833_18_received
ce64_0972_0000_1605029834_19_received
47c2_ce64_0000_1605029837_20_received
fac9_47c2_0000_1605029838_21_received
bea0_fac9_0000_1605029839_22_received
5928_bea0_0000_1605029840_23_received
fe8c_5928_0000_1605029841_24_received
f032_fe8c_0000_1605029843_25_received
dc96_f032_0000_1605029846_26_received
8dae_dc96_0000_1605029849_27_received
62bc_8dae_0000_1605029850_28_received
9f9d_62bc_0000_1605029851_29_received
8df3_9f9d_0000_1605029854_30_received
b5ac_8df3_0000_1605029854_31_received
3c54_b5ac_0000_1605029854_32_received
d0d8_3c54_0000_1605029857_33_received
aa21_d0d8_0000_1605029859_34_generated
4670_aa21_0000_1605029863_35_received
b3b3_4670_0000_1605029867_36_received
1ed6_b3b3_0000_1605029868_37_received
3b3d_1ed6_0000_1605029870_38_received
c443_3b3d_0000_1605029871_39_received
a919_c443_0000_1605029873_40_received
9716_a919_0000_1605029873_41_received
a6f5_9716_0000_1605029874_42_received
d6bd_a6f5_0000_1605029876_43_received
d609_d6bd_0000_1605029877_44_received
88f0_d609_0000_1605029878_45_received
1768_88f0_0000_1605029881_46_received
f9ae_1768_0000_1605029881_47_received
458f_f9ae_0000_1605029882_48_received
ad26_458f_0000_1605029884_49_received
66d0_ad26_0000_1605029884_50_received
8003_66d0_0000_1605029886_51_received
dc38_8003_0000_1605029886_52_received
295c_dc38_0000_1605029887_53_received
3d64_295c_0000_1605029891_54_received
fa45_3d64_0000_1605029891_55_received
459f_3d64_0000_1605029892_55_received
7d1c_fa45_0000_1605029893_56_received
eca6_7d1c_0000_1605029895_57_received
c5f1_eca6_0000_1605029897_58_received
a5e9_eca6_0000_1605029898_58_received
709a_a5e9_0000_1605029899_59_received
c343_c5f1_0000_1605029899_59_received
4b26_709a_0000_1605029899_60_received
cd1b_4b26_0000_1605029899_61_received
f4a9_cd1b_0000_1605029903_62_generated
58e4_cd1b_0000_1605029902_62_received
1a3c_f4a9_0000_1605029904_63_received
f0ca_1a3c_0000_1605029904_64_received
511c_58e4_0000_1605029905_63_received
fcfb_f0ca_0000_1605029905_65_received
39c6_fcfb_0000_1605029907_66_received
959a_39c6_0000_1605029910_67_received
76d0_959a_0000_1605029913_68_generated
52c4_959a_0000_1605029912_68_received
a83d_76d0_0000_1605029913_69_generated
7e16_52c4_0000_1605029913_69_received
d84f_7e16_0000_1605029914_70_received
583e_d84f_0000_1605029914_71_received
8a7f_583e_0000_1605029914_72_received
7612_8a7f_0000_1605029915_73_received
d4d6_7612_0000_1605029919_74_generated
15ee_d4d6_0000_1605029922_75_received
5d63_15ee_0000_1605029926_76_received
2626_5d63_0000_1605029930_77_received
2f91_5d63_0000_1605029931_77_received
8fea_2f91_0000_1605029932_78_received
1dba_8fea_0000_1605029932_79_received
df89_1dba_0000_1605029935_80_received
a2b0_df89_0000_1605029936_81_received
cb86_a2b0_0000_1605029936_82_received
7fbb_cb86_0000_1605029938_83_received
9ce0_7fbb_0000_1605029939_84_received
56c9_7fbb_0000_1605029940_84_received
dddd_56c9_0000_1605029942_85_received
3996_dddd_0000_1605029943_86_received
c6e4_3996_0000_1605029945_87_received
5b60_c6e4_0000_1605029949_88_received
b360_5b60_0000_1605029949_89_received
bc03_b360_0000_1605029951_90_generated
6da2_bc03_0000_1605029953_91_received
0699_6da2_0000_1605029954_92_received
5026_0699_0000_1605029957_93_received
182d_5026_0000_1605029958_94_received
eb5a_182d_0000_1605029959_95_received
dac4_eb5a_0000_1605029961_96_generated
7a86_eb5a_0000_1605029962_96_received
1bea_dac4_0000_1605029963_97_received
3aa2_1bea_0000_1605029967_98_received
c68f_3aa2_0000_1605029967_99_received
6ad9_1bea_0000_1605029968_98_received
1b00_6ad9_0000_1605029968_99_received
8330_c68f_0000_1605029970_100_received
2a80_8330_0000_1605029971_101_received
3008_8330_0000_1605029972_101_received
d1a4_2a80_0000_1605029972_102_received
1c05_d1a4_0000_1605029976_103_received
5eff_1c05_0000_1605029976_104_received
1ea4_d1a4_0000_1605029977_103_received
49d7_5eff_0000_1605029977_105_received
f5b1_49d7_0000_1605029977_106_received
3b7c_5eff_0000_1605029978_105_received
4c66_f5b1_0000_1605029980_107_received
3ea5_4c66_0000_1605029982_108_received
baf5_3ea5_0000_1605029982_109_received
4e6c_baf5_0000_1605029983_110_received
638d_3ea5_0000_1605029983_109_received
d620_638d_0000_1605029984_110_received
1bba_d620_0000_1605029984_111_received
474e_1bba_0000_1605029987_112_received
2aaf_474e_0000_1605029990_113_generated
bcea_474e_0000_1605029991_113_received
8d78_2aaf_0000_1605029993_114_generated
27e9_bcea_0000_1605029992_114_received
7ca0_27e9_0000_1605029992_115_received
ca3d_27e9_0000_1605029993_115_received
971b_ca3d_0000_1605029994_116_received
0b8d_971b_0000_1605029994_117_received
e3d0_0b8d_0000_1605029995_118_received
b705_e3d0_0000_1605029997_119_received
8b74_b705_0000_1605029997_120_received
2531_8b74_0000_1605029998_121_received
4b8b_2531_0000_1605029998_122_received
7c11_4b8b_0000_1605029998_123_received
24af_b705_0000_1605029998_120_received
a632_7c11_0000_1605030001_124_received
56da_a632_0000_1605030001_125_received
8420_56da_0000_1605030008_126_received
a197_8420_0000_1605030012_127_received
5035_a197_0000_1605030015_128_received
eeb6_5035_0000_1605030017_129_received
0018_5035_0000_1605030018_129_received
38bd_eeb6_0000_1605030018_130_received
3e41_38bd_0000_1605030020_131_received
9c78_3e41_0000_1605030024_132_received
b148_9c78_0000_1605030027_133_received
ea8a_b148_0000_1605030027_134_received
3eac_ea8a_0000_1605030030_135_received
e40b_3eac_0000_1605030031_136_received
2354_e40b_0000_1605030031_137_received
d00b_2354_0000_1605030033_138_received
ee88_d00b_0000_1605030033_139_received
7262_ee88_0000_1605030034_140_received
cd5e_7262_0000_1605030040_141_generated
a9e2_7262_0000_1605030039_141_received
8905_a9e2_0000_1605030041_142_received
8399_8905_0000_1605030042_143_received
e98c_8399_0000_1605030045_144_received
d835_e98c_0000_1605030045_145_received
67c6_d835_0000_1605030046_146_received
a36b_67c6_0000_1605030048_147_received
7237_a36b_0000_1605030048_148_received
d066_7237_0000_1605030051_149_received
fafc_7237_0000_1605030052_149_received
4e92_d066_0000_1605030053_150_generated
6cae_4e92_0000_1605030054_151_generated
fd31_fafc_0000_1605030054_150_received
773c_6cae_0000_1605030058_152_received
0dec_773c_0000_1605030060_153_received
83de_0dec_0000_1605030063_154_received
964a_83de_0000_1605030063_155_received
27bc_964a_0000_1605030065_156_generated
abf2_27bc_0000_1605030070_157_received
842d_abf2_0000_1605030072_158_received
3eee_842d_0000_1605030079_159_received
6126_3eee_0000_1605030079_160_received
9a38_842d_0000_1605030080_159_received
af75_6126_0000_1605030080_161_received
2b75_af75_0000_1605030083_162_received
195c_2b75_0000_1605030085_163_generated
9f16_af75_0000_1605030084_162_received
0a17_195c_0000_1605030089_164_received
2965_0a17_0000_1605030091_165_received
a2c3_2965_0000_1605030093_166_received
9ce7_a2c3_0000_1605030094_167_received
8f0c_9ce7_0000_1605030095_168_received
d9a6_8f0c_0000_1605030095_169_received
aaf2_d9a6_0000_1605030098_170_generated
2575_d9a6_0000_1605030097_170_received
58ae_2575_0000_1605030098_171_received
6f98_58ae_0000_1605030098_172_received
d613_6f98_0000_1605030099_173_received
b9a1_d613_0000_1605030099_174_received
2ba5_b9a1_0000_1605030101_175_received
3965_2ba5_0000_1605030102_176_received
c924_3965_0000_1605030103_177_received
05f8_c924_0000_1605030108_178_received
b1bb_05f8_0000_1605030110_179_generated
6b42_05f8_0000_1605030111_179_received
2323_b1bb_0000_1605030114_180_received
78d3_6b42_0000_1605030114_180_received
1590_78d3_0000_1605030115_181_received
9146_2323_0000_1605030116_181_received
d2bd_9146_0000_1605030117_182_received
750b_1590_0000_1605030118_182_received
2293_d2bd_0000_1605030117_183_received
2b62_2293_0000_1605030118_184_received
43fd_2b62_0000_1605030118_185_received
17f4_43fd_0000_1605030120_186_received
47d0_17f4_0000_1605030121_187_received
6757_47d0_0000_1605030121_188_received
4c03_6757_0000_1605030123_189_received
f0ab_4c03_0000_1605030126_190_received
0477_f0ab_0000_1605030129_191_received
afac_0477_0000_1605030130_192_received
26d3_afac_0000_1605030133_193_generated
75e0_afac_0000_1605030132_193_received
fe9c_26d3_0000_1605030135_194_generated
40c2_75e0_0000_1605030134_194_received
dffb_40c2_0000_1605030135_195_received
5d12_40c2_0000_1605030136_195_received
db45_dffb_0000_1605030140_196_generated
87b9_dffb_0000_1605030141_196_received
718b_87b9_0000_1605030141_197_received
3294_db45_0000_1605030141_197_received
3889_718b_0000_1605030144_198_generated
9506_718b_0000_1605030143_198_received
9677_9506_0000_1605030143_199_received
a1c4_3294_0000_1605030144_198_received
6b25_9677_0000_1605030146_200_generated
95a1_6b25_0000_1605030147_201_received
5da2_95a1_0000_1605030149_202_received
9711_5da2_0000_1605030150_203_received
23a6_9711_0000_1605030151_204_received
bf71_23a6_0000_1605030153_205_received
bb04_bf71_0000_1605030154_206_received
6579_bb04_0000_1605030155_207_generated
cde1_bb04_0000_1605030154_207_received
3a94_cde1_0000_1605030155_208_received
356c_3a94_0000_1605030156_209_received
f038_356c_0000_1605030159_210_received
2727_f038_0000_1605030160_211_received
d016_2727_0000_1605030163_212_received
54f2_d016_0000_1605030165_213_generated
c940_d016_0000_1605030164_213_received
05da_c940_0000_1605030166_214_received
55e8_05da_0000_1605030167_215_received
b872_55e8_0000_1605030169_216_received
06e1_b872_0000_1605030170_217_received
5860_06e1_0000_1605030172_218_received
71c1_5860_0000_1605030172_219_received
b4bd_71c1_0000_1605030173_220_received
59ca_b4bd_0000_1605030177_221_generated
637e_b4bd_0000_1605030178_221_received
3953_637e_0000_1605030180_222_received
ef4d_3953_0000_1605030183_223_received
a2b6_ef4d_0000_1605030185_224_generated
a9ef_ef4d_0000_1605030184_224_received
2f21_a9ef_0000_1605030188_225_received
89b6_2f21_0000_1605030194_226_generated
ef16_2f21_0000_1605030193_226_received
f30a_ef16_0000_1605030194_227_received
2e02_f30a_0000_1605030196_228_generated
14d1_2e02_0000_1605030198_229_received
1c38_14d1_0000_1605030200_230_received
292a_14d1_0000_1605030201_230_received
1ad4_1c38_0000_1605030201_231_received
72ee_292a_0000_1605030201_231_received
6b79_1ad4_0000_1605030202_232_received
01f9_6b79_0000_1605030203_233_received
417f_01f9_0000_1605030204_234_received
60c3_417f_0000_1605030204_235_received
8e5e_60c3_0000_1605030205_236_received
7c1d_8e5e_0000_1605030205_237_received
405d_6b79_0000_1605030204_233_received
cfa8_7c1d_0000_1605030208_238_generated
c08d_7c1d_0000_1605030207_238_received
0393_c08d_0000_1605030207_239_received
c882_0393_0000_1605030209_240_received
9d26_c882_0000_1605030209_241_received
99eb_9d26_0000_1605030210_242_received
9a19_c882_0000_1605030210_241_received
7cef_9a19_0000_1605030211_242_received
c97c_99eb_0000_1605030211_243_received
1cef_c97c_0000_1605030211_244_received
118c_7cef_0000_1605030212_243_received
9082_1cef_0000_1605030213_245_received
e930_9082_0000_1605030215_246_received
206c_e930_0000_1605030218_247_received
aa16_206c_0000_1605030219_248_received
42f0_aa16_0000_1605030224_249_received
4779_42f0_0000_1605030227_250_received
2933_4779_0000_1605030230_251_received
b82a_2933_0000_1605030230_252_received
0784_b82a_0000_1605030230_253_received
c64a_0784_0000_1605030231_254_received
3eed_0784_0000_1605030232_254_received
42cc_3eed_0000_1605030237_255_received
79e7_c64a_0000_1605030237_255_received
6629_79e7_0000_1605030238_256_received
3d54_6629_0000_1605030238_257_received
f548_3d54_0000_1605030239_258_received
f769_f548_0000_1605030241_259_received
d6a7_f548_0000_1605030242_259_received
7dc4_f769_0000_1605030243_260_received
3372_d6a7_0000_1605030243_260_received
030a_7dc4_0000_1605030246_261_generated
ec43_3372_0000_1605030246_261_received
c1ac_ec43_0000_1605030248_262_received
9dad_c1ac_0000_1605030249_263_received
c32d_9dad_0000_1605030249_264_received
3fdf_c32d_0000_1605030252_265_received
c407_3fdf_0000_1605030254_266_received
0ef2_c407_0000_1605030256_267_received
523d_0ef2_0000_1605030257_268_received
017a_523d_0000_1605030261_269_received
8f03_017a_0000_1605030261_270_received
bcf3_8f03_0000_1605030262_271_received
5fd4_bcf3_0000_1605030264_272_received
b153_5fd4_0000_1605030265_273_received
e23c_bcf3_0000_1605030265_272_received
2b57_b153_0000_1605030266_274_received
fa93_b153_0000_1605030267_274_received
1043_2b57_0000_1605030268_275_received
4d27_fa93_0000_1605030268_275_received
4509_1043_0000_1605030273_276_generated
f358_4d27_0000_1605030272_276_received
81c0_f358_0000_1605030273_277_received
4a27_81c0_0000_1605030276_278_generated
e78f_4a27_0000_1605030276_279_generated
8b85_81c0_0000_1605030275_278_received
75f5_e78f_0000_1605030278_280_received
f788_75f5_0000_1605030278_281_received
9565_f788_0000_1605030280_282_received
c8ee_9565_0000_1605030281_283_received
e42b_c8ee_0000_1605030282_284_received
b5e5_e42b_0000_1605030285_285_received
16d8_b5e5_0000_1605030285_286_received
cf58_16d8_0000_1605030288_287_received
2fcf_16d8_0000_1605030289_287_received
0ecf_2fcf_0000_1605030290_288_received
8e20_0ecf_0000_1605030291_289_received
901a_8e20_0000_1605030293_290_generated
00eb_cf58_0000_1605030291_288_received
ec2e_8e20_0000_1605030294_290_received
d618_ec2e_0000_1605030294_291_received
5296_8e20_0000_1605030295_290_received
ef34_d618_0000_1605030298_292_received
f091_ef34_0000_1605030298_293_received
74f5_ef34_0000_1605030299_293_received
996b_74f5_0000_1605030299_294_received
eb0e_996b_0000_1605030301_295_received
ffea_eb0e_0000_1605030302_296_received
7c29_ffea_0000_1605030303_297_received
408d_996b_0000_1605030302_295_received
8fb3_7c29_0000_1605030308_298_generated
bbd9_8fb3_0000_1605030309_299_generated
5497_7c29_0000_1605030309_298_received
c5ef_5497_0000_1605030310_299_received
edc6_bbd9_0000_1605030314_300_received
3fef_edc6_0000_1605030314_301_received
7bde_c5ef_0000_1605030314_300_received
5188_3fef_0000_1605030317_302_received
847e_5188_0000_1605030317_303_received
c3b4_847e_0000_1605030318_304_received
9c9d_c3b4_0000_1605030318_305_received
e763_9c9d_0000_1605030324_306_generated
a770_9c9d_0000_1605030323_306_received
02f2_e763_0000_1605030326_307_generated
bedd_02f2_0000_1605030328_308_received
3c4d_bedd_0000_1605030329_309_received
f897_3c4d_0000_1605030332_310_received
6c71_f897_0000_1605030334_311_received
51a9_6c71_0000_1605030338_312_received
cb24_51a9_0000_1605030339_313_received
7b33_cb24_0000_1605030342_314_received
f1ea_7b33_0000_1605030344_315_received
a577_f1ea_0000_1605030346_316_generated
320d_a577_0000_1605030347_317_received
f55d_320d_0000_1605030348_318_received
dca6_f55d_0000_1605030351_319_received
b315_dca6_0000_1605030356_320_received
0f5c_b315_0000_1605030356_321_received
120c_0f5c_0000_1605030359_322_received
442b_120c_0000_1605030359_323_received
e271_442b_0000_1605030362_324_received
55b3_e271_0000_1605030365_325_generated
cf12_e271_0000_1605030364_325_received
bec1_cf12_0000_1605030365_326_received
3f43_bec1_0000_1605030366_327_received
3bfc_3f43_0000_1605030368_328_received
0950_3bfc_0000_1605030371_329_generated
5d66_3bfc_0000_1605030370_329_received
1119_5d66_0000_1605030370_330_received
8d16_1119_0000_1605030372_331_received
d293_8d16_0000_1605030373_332_received
21b1_d293_0000_1605030374_333_received
1498_21b1_0000_1605030377_334_received
9abc_1498_0000_1605030378_335_received
4b2e_9abc_0000_1605030381_336_generated
0176_9abc_0000_1605030380_336_received
ebf0_21b1_0000_1605030378_334_received
ff34_0176_0000_1605030385_337_received
8853_ff34_0000_1605030390_338_received
a8bf_8853_0000_1605030390_339_received
58a4_a8bf_0000_1605030393_340_generated
eb34_8853_0000_1605030391_339_received
66c7_eb34_0000_1605030393_340_received
e399_66c7_0000_1605030394_341_received
4c59_e399_0000_1605030396_342_received
9581_4c59_0000_1605030398_343_received
bd87_e399_0000_1605030398_342_received
3603_9581_0000_1605030400_344_received
129c_3603_0000_1605030403_345_generated
1171_9581_0000_1605030401_344_received
d6df_1171_0000_1605030402_345_received
c993_129c_0000_1605030407_346_generated
aa85_d6df_0000_1605030406_346_received
d741_aa85_0000_1605030406_347_received
4f4b_d741_0000_1605030408_348_received
4d8d_4f4b_0000_1605030410_349_received
0ba0_4d8d_0000_1605030411_350_received
0f6c_0ba0_0000_1605030413_351_received
333b_0f6c_0000_1605030416_352_received
cfff_333b_0000_1605030418_353_generated
7f8c_cfff_0000_1605030423_354_generated
9307_333b_0000_1605030420_353_received
0a7a_9307_0000_1605030422_354_received
efbf_0a7a_0000_1605030423_355_received
8a44_efbf_0000_1605030427_356_received
2884_8a44_0000_1605030429_357_received
e99c_2884_0000_1605030432_358_generated
8a9b_e99c_0000_1605030433_359_generated
e34f_8a44_0000_1605030430_357_received
5413_2884_0000_1605030433_358_received
b21c_8a9b_0000_1605030437_360_generated
b9be_8a9b_0000_1605030436_360_received
b875_b9be_0000_1605030436_361_received
619a_b875_0000_1605030441_362_generated
9a35_b875_0000_1605030437_362_received
87cf_9a35_0000_1605030439_363_received
c6ab_b21c_0000_1605030438_361_received
0c53_87cf_0000_1605030443_364_received
bb80_0c53_0000_1605030445_365_received
e494_bb80_0000_1605030447_366_received
5168_e494_0000_1605030449_367_generated
b5e4_e494_0000_1605030448_367_received
174c_5168_0000_1605030451_368_generated
966f_174c_0000_1605030452_369_generated
80bc_b5e4_0000_1605030449_368_received
8751_80bc_0000_1605030451_369_received
77e4_966f_0000_1605030455_370_generated
4f74_8751_0000_1605030456_370_received
0c70_4f74_0000_1605030457_371_received
0bea_0c70_0000_1605030459_372_received
001c_0bea_0000_1605030460_373_received
a438_001c_0000_1605030460_374_received
c477_0c70_0000_1605030460_372_received
deb2_a438_0000_1605030461_375_received
deae_deb2_0000_1605030462_376_received
400f_deae_0000_1605030465_377_received
674c_400f_0000_1605030469_378_received
a5bb_674c_0000_1605030470_379_received
eca3_a5bb_0000_1605030471_380_received
8ead_eca3_0000_1605030474_381_received
02cc_8ead_0000_1605030474_382_received
22f6_02cc_0000_1605030476_383_received
6e06_22f6_0000_1605030479_384_generated
cefb_6e06_0000_1605030482_385_generated
dc56_22f6_0000_1605030480_384_received
b812_6e06_0000_1605030480_385_received
ae90_dc56_0000_1605030482_385_received
a75c_ae90_0000_1605030487_386_received
d54b_a75c_0000_1605030489_387_received
6799_d54b_0000_1605030491_388_received
f5cb_6799_0000_1605030494_389_received
2e03_6799_0000_1605030495_389_received
5eb8_f5cb_0000_1605030495_390_received
b3e2_5eb8_0000_1605030499_391_generated
3638_5eb8_0000_1605030498_391_received
7d50_3638_0000_1605030501_392_received
f42c_7d50_0000_1605030507_393_received
31e4_f42c_0000_1605030508_394_received
e558_31e4_0000_1605030508_395_received
31ea_e558_0000_1605030512_396_generated
06fc_f42c_0000_1605030509_394_received
c7c4_31ea_0000_1605030516_397_generated
c8f7_e558_0000_1605030511_396_received
7c3c_c7c4_0000_1605030523_398_generated
9b2a_7c3c_0000_1605030531_399_generated
