dfd0_9e1c_0000_1607372283_1_received
2dde_dfd0_0000_1607372293_2_received
bdbd_2dde_0000_1607372298_3_received
ea01_bdbd_0000_1607372319_4_received
4fad_ea01_0000_1607372333_5_received
23a3_4fad_0000_1607372338_6_received
cad0_23a3_0000_1607372350_7_received
42e3_cad0_0000_1607372366_8_received
646d_42e3_0000_1607372383_9_received
bdca_646d_0000_1607372390_10_received
9e30_bdca_0000_1607372392_11_received
5cce_9e30_0000_1607372397_12_received
9117_5cce_0000_1607372398_13_received
bcbc_9117_0000_1607372399_14_received
d32c_9117_0000_1607372400_14_received
adc9_bcbc_0000_1607372408_15_received
a4fe_adc9_0000_1607372411_16_generated
f24e_a4fe_0000_1607372415_17_received
7fd0_f24e_0000_1607372421_18_received
80d5_7fd0_0000_1607372442_19_generated
133c_80d5_0000_1607372443_20_received
798e_133c_0000_1607372457_21_received
8b57_798e_0000_1607372462_22_received
7c77_8b57_0000_1607372484_23_received
4f10_7c77_0000_1607372492_24_received
2f90_4f10_0000_1607372510_25_generated
f9cf_2f90_0000_1607372517_26_received
8d43_f9cf_0000_1607372519_27_generated
2c3b_8d43_0000_1607372524_28_received
fdd8_2c3b_0000_1607372528_29_received
1281_fdd8_0000_1607372537_30_received
0a7d_1281_0000_1607372548_31_received
83db_0a7d_0000_1607372549_32_received
6b8b_83db_0000_1607372554_33_received
ea67_6b8b_0000_1607372560_34_received
c9f0_ea67_0000_1607372571_35_generated
450f_c9f0_0000_1607372573_36_received
0547_450f_0000_1607372595_37_received
46e9_0547_0000_1607372602_38_generated
9f39_46e9_0000_1607372604_39_received
9316_9f39_0000_1607372605_40_received
d864_9316_0000_1607372611_41_received
2101_d864_0000_1607372613_42_received
8fed_2101_0000_1607372615_43_received
488e_8fed_0000_1607372627_44_received
d829_488e_0000_1607372630_45_received
1a06_d829_0000_1607372636_46_received
ca94_1a06_0000_1607372666_47_received
f3e1_ca94_0000_1607372667_48_received
e55e_f3e1_0000_1607372685_49_received
12f7_e55e_0000_1607372686_50_received
9119_12f7_0000_1607372690_51_generated
a0a1_9119_0000_1607372693_52_received
c96b_a0a1_0000_1607372697_53_received
2ab4_c96b_0000_1607372712_54_received
988f_2ab4_0000_1607372713_55_received
2c6e_988f_0000_1607372719_56_received
2358_2c6e_0000_1607372728_57_received
f346_2358_0000_1607372730_58_generated
ce0d_f346_0000_1607372734_59_received
a384_ce0d_0000_1607372747_60_received
2c80_a384_0000_1607372750_61_received
a828_a384_0000_1607372751_61_received
3e75_a828_0000_1607372763_62_received
dc6d_3e75_0000_1607372765_63_received
e8a6_dc6d_0000_1607372768_64_received
127d_e8a6_0000_1607372776_65_received
5849_127d_0000_1607372778_66_received
a8e7_5849_0000_1607372786_67_received
5ae0_a8e7_0000_1607372796_68_received
4b2f_5ae0_0000_1607372829_69_received
2e5e_4b2f_0000_1607372831_70_received
3692_2e5e_0000_1607372843_71_received
eec7_3692_0000_1607372862_72_received
f31e_eec7_0000_1607372867_73_received
3b7a_f31e_0000_1607372869_74_received
c776_3b7a_0000_1607372875_75_received
1858_c776_0000_1607372880_76_received
1ddf_1858_0000_1607372887_77_received
aa6c_1ddf_0000_1607372893_78_received
fec3_aa6c_0000_1607372912_79_received
5048_fec3_0000_1607372919_80_received
e7b0_5048_0000_1607372922_81_received
4f72_e7b0_0000_1607372925_82_received
5670_4f72_0000_1607372960_83_received
3ed1_5670_0000_1607372972_84_received
5998_3ed1_0000_1607372997_85_received
e1fb_5998_0000_1607373015_86_received
da2a_e1fb_0000_1607373037_87_received
d0d8_da2a_0000_1607373044_88_received
fd23_d0d8_0000_1607373057_89_received
6eb3_fd23_0000_1607373060_90_received
2637_6eb3_0000_1607373063_91_received
e8d5_2637_0000_1607373069_92_received
5992_e8d5_0000_1607373075_93_received
83fa_5992_0000_1607373081_94_received
95c6_83fa_0000_1607373082_95_received
03d8_95c6_0000_1607373093_96_received
e3f4_03d8_0000_1607373106_97_received
3d06_e3f4_0000_1607373117_98_received
52f7_3d06_0000_1607373117_99_received
a900_52f7_0000_1607373124_100_received
89a4_a900_0000_1607373126_101_received
5425_89a4_0000_1607373128_102_generated
1eb1_5425_0000_1607373129_103_received
e68b_1eb1_0000_1607373135_104_generated
a8e2_e68b_0000_1607373141_105_received
3bd8_a8e2_0000_1607373142_106_received
031a_a8e2_0000_1607373143_106_received
d20c_031a_0000_1607373151_107_received
c380_d20c_0000_1607373156_108_received
765a_c380_0000_1607373167_109_received
20a8_765a_0000_1607373172_110_received
fe5a_765a_0000_1607373173_110_received
533a_20a8_0000_1607373201_111_received
dd16_533a_0000_1607373202_112_received
097b_dd16_0000_1607373208_113_received
7135_097b_0000_1607373216_114_received
c73d_7135_0000_1607373220_115_received
26dd_c73d_0000_1607373228_116_received
c5e2_26dd_0000_1607373231_117_received
0e6e_c5e2_0000_1607373240_118_received
17ab_0e6e_0000_1607373241_119_received
ec5c_17ab_0000_1607373258_120_received
7b9b_ec5c_0000_1607373267_121_received
1617_7b9b_0000_1607373283_122_generated
c43e_1617_0000_1607373288_123_received
8378_c43e_0000_1607373291_124_received
5067_8378_0000_1607373298_125_received
b0a8_5067_0000_1607373302_126_received
e762_b0a8_0000_1607373307_127_received
f5e7_b0a8_0000_1607373308_127_received
6f16_e762_0000_1607373310_128_received
d2c3_6f16_0000_1607373318_129_received
8276_d2c3_0000_1607373323_130_received
981f_d2c3_0000_1607373325_130_received
b5c8_8276_0000_1607373337_131_received
f65b_b5c8_0000_1607373342_132_received
bf64_f65b_0000_1607373367_133_received
370e_bf64_0000_1607373381_134_received
ad96_370e_0000_1607373383_135_received
32b9_ad96_0000_1607373392_136_received
029c_32b9_0000_1607373395_137_received
82d7_029c_0000_1607373400_138_received
ebb1_82d7_0000_1607373430_139_received
95bb_ebb1_0000_1607373432_140_received
f2d0_95bb_0000_1607373457_141_received
616b_f2d0_0000_1607373463_142_received
