a91a_9e1c_0000_1605032708_1_received
170d_a91a_0000_1605032715_2_generated
1160_170d_0000_1605032730_3_generated
7374_1160_0000_1605032754_4_received
33b5_7374_0000_1605032767_5_generated
cd9b_33b5_0000_1605032771_6_received
9cb1_cd9b_0000_1605032785_7_generated
f883_9cb1_0000_1605032815_8_received
7344_f883_0000_1605032841_9_generated
f659_7344_0000_1605032858_10_generated
8f2c_f659_0000_1605032890_11_generated
be7c_8f2c_0000_1605032971_12_received
f342_be7c_0000_1605032979_13_received
ccd9_f342_0000_1605032979_14_received
c8ae_ccd9_0000_1605032992_15_received
72ee_c8ae_0000_1605033011_16_generated
cf35_72ee_0000_1605033023_17_received
db44_cf35_0000_1605033028_18_generated
76e8_db44_0000_1605033039_19_generated
affb_76e8_0000_1605033040_20_generated
5cda_affb_0000_1605033057_21_generated
518a_5cda_0000_1605033118_22_generated
8a14_518a_0000_1605033140_23_generated
5a83_8a14_0000_1605033153_24_received
1ae8_5a83_0000_1605033171_25_received
3647_1ae8_0000_1605033189_26_received
5129_3647_0000_1605033200_27_received
1521_5129_0000_1605033201_28_received
8e2c_1521_0000_1605033208_29_received
e61c_8e2c_0000_1605033222_30_generated
1a7f_8e2c_0000_1605033223_30_received
a95a_e61c_0000_1605033258_31_generated
fba3_a95a_0000_1605033271_32_generated
7d09_fba3_0000_1605033314_33_received
c3ab_7d09_0000_1605033319_34_received
8da8_c3ab_0000_1605033322_35_received
5c25_8da8_0000_1605033327_36_generated
8044_5c25_0000_1605033340_37_received
b645_8044_0000_1605033343_38_received
ecff_b645_0000_1605033365_39_received
4024_ecff_0000_1605033381_40_received
2414_4024_0000_1605033392_41_received
f919_2414_0000_1605033408_42_received
0dc5_f919_0000_1605033419_43_received
