8ba1_9e1c_0000_1605073227_1_generated
a320_8ba1_0000_1605073231_2_generated
af3a_a320_0000_1605073232_3_generated
55d8_a320_0000_1605073233_3_received
5131_55d8_0000_1605073238_4_received
bf28_5131_0000_1605073242_5_generated
e5a5_5131_0000_1605073241_5_received
badc_e5a5_0000_1605073242_6_received
a7f6_badc_0000_1605073244_7_received
02ef_a7f6_0000_1605073245_8_received
0ff1_02ef_0000_1605073246_9_received
13de_0ff1_0000_1605073246_10_received
de80_13de_0000_1605073247_11_received
c8af_de80_0000_1605073251_12_generated
5c99_de80_0000_1605073250_12_received
e486_5c99_0000_1605073252_13_received
f3d2_e486_0000_1605073255_14_generated
bee5_13de_0000_1605073258_11_received
cd17_f3d2_0000_1605073259_15_received
78ae_cd17_0000_1605073261_16_generated
ecf2_78ae_0000_1605073263_17_generated
2dce_ecf2_0000_1605073271_18_generated
1f78_2dce_0000_1605073272_19_generated
3288_1f78_0000_1605073278_20_received
0d38_3288_0000_1605073278_21_received
157a_0d38_0000_1605073279_22_received
d2fc_157a_0000_1605073282_23_generated
8819_157a_0000_1605073283_23_received
d6b5_d2fc_0000_1605073288_24_generated
4279_8819_0000_1605073289_24_received
d391_d6b5_0000_1605073292_25_generated
123f_d391_0000_1605073294_26_generated
fadc_bee5_0000_1605073295_12_received
0b63_123f_0000_1605073296_27_received
230b_0b63_0000_1605073298_28_received
a60b_230b_0000_1605073298_29_received
086b_a60b_0000_1605073300_30_generated
3a68_086b_0000_1605073302_31_received
3b4d_3a68_0000_1605073303_32_generated
710c_3b4d_0000_1605073305_33_generated
c33e_fadc_0000_1605073309_13_received
29fa_710c_0000_1605073314_34_generated
7b1d_29fa_0000_1605073319_35_generated
6cbb_7b1d_0000_1605073321_36_generated
9859_6cbb_0000_1605073324_37_received
83a8_9859_0000_1605073328_38_generated
ff8f_c33e_0000_1605073333_14_received
acc1_83a8_0000_1605073334_39_received
eb57_acc1_0000_1605073336_40_generated
8d88_eb57_0000_1605073337_41_generated
f29e_eb57_0000_1605073338_41_received
d67c_f29e_0000_1605073339_42_received
956c_d67c_0000_1605073341_43_generated
d7aa_956c_0000_1605073342_44_received
462c_d7aa_0000_1605073345_45_received
ab42_462c_0000_1605073347_46_generated
c314_ab42_0000_1605073351_47_received
81ad_c314_0000_1605073354_48_received
a774_81ad_0000_1605073357_49_received
b1b5_a774_0000_1605073363_50_received
cab5_b1b5_0000_1605073364_51_received
92c0_cab5_0000_1605073366_52_generated
106a_92c0_0000_1605073368_53_generated
d1ab_106a_0000_1605073370_54_generated
57fb_d1ab_0000_1605073371_55_received
0b3e_57fb_0000_1605073375_56_received
74d8_0b3e_0000_1605073377_57_received
8533_74d8_0000_1605073384_58_generated
5344_ff8f_0000_1605073385_15_received
a7f4_8533_0000_1605073385_59_received
d763_a7f4_0000_1605073385_60_received
6886_d763_0000_1605073398_61_generated
b94c_d763_0000_1605073397_61_received
8d53_b94c_0000_1605073406_62_received
7bef_8d53_0000_1605073407_63_received
5260_7bef_0000_1605073409_64_generated
3f94_5344_0000_1605073410_16_received
d975_7bef_0000_1605073410_64_received
8385_d975_0000_1605073410_65_received
c879_8385_0000_1605073413_66_generated
3f78_3f94_0000_1605073412_17_received
f51d_8385_0000_1605073414_66_received
6d05_f51d_0000_1605073415_67_received
fb71_6d05_0000_1605073416_68_received
c7de_fb71_0000_1605073425_69_generated
2e51_c7de_0000_1605073426_70_generated
ef2c_2e51_0000_1605073430_71_generated
603f_ef2c_0000_1605073436_72_generated
7232_603f_0000_1605073438_73_generated
8734_3f78_0000_1605073438_18_received
4273_7232_0000_1605073441_74_generated
4b76_4273_0000_1605073446_75_generated
5314_4b76_0000_1605073447_76_generated
e1b8_5314_0000_1605073447_77_generated
f6ca_e1b8_0000_1605073455_78_generated
aa18_8734_0000_1605073454_19_received
dd73_e1b8_0000_1605073456_78_received
8641_dd73_0000_1605073459_79_received
da57_8641_0000_1605073463_80_generated
23ba_aa18_0000_1605073464_20_received
fb33_da57_0000_1605073466_81_generated
cae8_fb33_0000_1605073468_82_generated
ed76_23ba_0000_1605073471_21_received
d945_cae8_0000_1605073471_83_received
dc2e_d945_0000_1605073474_84_received
fc39_dc2e_0000_1605073474_85_received
9529_fc39_0000_1605073477_86_received
d109_9529_0000_1605073477_87_received
1f5c_d109_0000_1605073479_88_generated
ea66_1f5c_0000_1605073481_89_received
f798_ea66_0000_1605073488_90_generated
ac2e_ed76_0000_1605073492_22_received
68b8_f798_0000_1605073492_91_received
e8d9_68b8_0000_1605073494_92_received
970c_e8d9_0000_1605073495_93_received
bfed_970c_0000_1605073499_94_received
84d8_bfed_0000_1605073500_95_received
05d2_84d8_0000_1605073502_96_generated
c873_05d2_0000_1605073515_97_generated
958d_c873_0000_1605073519_98_generated
5801_958d_0000_1605073524_99_generated
29b7_5801_0000_1605073527_100_generated
dbc9_29b7_0000_1605073533_101_generated
0119_dbc9_0000_1605073534_102_generated
1862_ac2e_0000_1605073534_23_received
96cc_0119_0000_1605073541_103_generated
b8d2_0119_0000_1605073540_103_received
5545_1862_0000_1605073543_24_received
dbc4_96cc_0000_1605073548_104_generated
c1b7_b8d2_0000_1605073548_104_received
9e5f_dbc4_0000_1605073551_105_generated
9271_9e5f_0000_1605073551_106_generated
62ff_9271_0000_1605073552_107_generated
cbc2_c1b7_0000_1605073551_105_received
c914_62ff_0000_1605073553_108_generated
7015_c914_0000_1605073556_109_generated
8a24_7015_0000_1605073558_110_received
04b9_8a24_0000_1605073560_111_generated
4937_04b9_0000_1605073561_112_received
b69e_4937_0000_1605073562_113_received
38ac_5545_0000_1605073566_25_received
9a9a_b69e_0000_1605073568_114_received
63d6_9a9a_0000_1605073570_115_generated
6b78_38ac_0000_1605073572_26_received
cd21_63d6_0000_1605073574_116_received
1850_cd21_0000_1605073574_117_received
7e22_6b78_0000_1605073576_27_received
22f8_1850_0000_1605073576_118_received
a439_22f8_0000_1605073584_119_received
77b6_7e22_0000_1605073584_28_received
f1e4_a439_0000_1605073588_120_received
2eb2_77b6_0000_1605073589_29_received
a74b_f1e4_0000_1605073592_121_generated
3bcb_a74b_0000_1605073596_122_received
d3d2_2eb2_0000_1605073600_30_received
32b0_3bcb_0000_1605073602_123_generated
d1eb_3bcb_0000_1605073601_123_received
fb8e_d3d2_0000_1605073601_31_received
4217_fb8e_0000_1605073604_32_received
31eb_d1eb_0000_1605073606_124_received
9eea_31eb_0000_1605073608_125_received
38fb_4217_0000_1605073608_33_received
9c39_38fb_0000_1605073610_34_received
1bcb_9eea_0000_1605073614_126_received
c2ba_1bcb_0000_1605073619_127_generated
f463_9c39_0000_1605073619_35_received
72a2_c2ba_0000_1605073621_128_generated
8ee9_c2ba_0000_1605073620_128_received
7d70_8ee9_0000_1605073625_129_received
de6b_7d70_0000_1605073625_130_received
d52c_f463_0000_1605073625_36_received
a029_de6b_0000_1605073627_131_received
015c_a029_0000_1605073628_132_generated
a6f6_015c_0000_1605073632_133_generated
2d8e_015c_0000_1605073631_133_received
1163_d52c_0000_1605073631_37_received
8c08_2d8e_0000_1605073632_134_received
ae11_8c08_0000_1605073637_135_received
da42_ae11_0000_1605073638_136_received
5fc3_da42_0000_1605073642_137_received
7927_5fc3_0000_1605073643_138_generated
5584_7927_0000_1605073646_139_received
0b6f_5584_0000_1605073647_140_received
7c94_0b6f_0000_1605073648_141_received
9901_7c94_0000_1605073649_142_generated
35ce_9901_0000_1605073652_143_generated
8e15_1163_0000_1605073651_38_received
7415_35ce_0000_1605073656_144_received
78a8_7415_0000_1605073659_145_received
8ff4_8e15_0000_1605073660_39_received
597f_78a8_0000_1605073662_146_received
d958_597f_0000_1605073664_147_received
64d9_d958_0000_1605073668_148_received
29c5_64d9_0000_1605073670_149_received
31ba_8ff4_0000_1605073672_40_received
4f9e_31ba_0000_1605073673_41_received
ccd3_29c5_0000_1605073674_150_received
1dcf_ccd3_0000_1605073676_151_received
6a85_1dcf_0000_1605073679_152_received
d32b_6a85_0000_1605073679_153_received
5ddf_d32b_0000_1605073682_154_received
cf1b_4f9e_0000_1605073682_42_received
615b_cf1b_0000_1605073683_43_received
a5bd_5ddf_0000_1605073685_155_received
5553_a5bd_0000_1605073689_156_generated
3aad_5553_0000_1605073692_157_received
3a43_3aad_0000_1605073693_158_received
f142_615b_0000_1605073700_44_received
80e0_3a43_0000_1605073704_159_received
1834_80e0_0000_1605073705_160_generated
8195_1834_0000_1605073707_161_received
df0e_8195_0000_1605073718_162_generated
ac65_df0e_0000_1605073720_163_generated
4146_f142_0000_1605073719_45_received
1fb0_ac65_0000_1605073722_164_received
38dd_1fb0_0000_1605073723_165_received
658e_38dd_0000_1605073723_166_received
8b4b_658e_0000_1605073725_167_generated
a99e_4146_0000_1605073725_46_received
167d_a99e_0000_1605073731_47_received
153a_8b4b_0000_1605073733_168_received
09f7_153a_0000_1605073736_169_received
6111_09f7_0000_1605073738_170_received
e1f0_6111_0000_1605073738_171_received
a364_e1f0_0000_1605073747_172_received
52cf_167d_0000_1605073750_48_received
99b0_a364_0000_1605073752_173_received
9071_52cf_0000_1605073752_49_received
ad71_99b0_0000_1605073757_174_received
3d9e_ad71_0000_1605073757_175_received
ec22_9071_0000_1605073758_50_received
c0c5_3d9e_0000_1605073758_176_received
9f64_c0c5_0000_1605073764_177_generated
2a4b_9f64_0000_1605073768_178_generated
0ead_2a4b_0000_1605073768_179_generated
9cf6_0ead_0000_1605073772_180_generated
662a_0ead_0000_1605073773_180_received
57a1_662a_0000_1605073773_181_received
1cd9_57a1_0000_1605073776_182_generated
9351_57a1_0000_1605073775_182_received
075d_9351_0000_1605073779_183_received
ee19_075d_0000_1605073781_184_generated
a7be_ee19_0000_1605073785_185_generated
137a_ec22_0000_1605073787_51_received
fee7_137a_0000_1605073788_52_received
a474_a7be_0000_1605073788_186_received
d132_a474_0000_1605073791_187_generated
cd1a_d132_0000_1605073792_188_received
3632_cd1a_0000_1605073798_189_generated
d9f0_cd1a_0000_1605073797_189_received
eed6_d9f0_0000_1605073797_190_received
bbcb_eed6_0000_1605073798_191_received
bb6d_bbcb_0000_1605073799_192_received
9f69_fee7_0000_1605073800_53_received
d212_bb6d_0000_1605073806_193_generated
b8db_d212_0000_1605073806_194_generated
f40c_b8db_0000_1605073806_195_generated
0a94_f40c_0000_1605073809_196_generated
4405_0a94_0000_1605073810_197_generated
1954_9f69_0000_1605073810_54_received
e89b_4405_0000_1605073818_198_received
2c92_e89b_0000_1605073820_199_generated
ca5b_2c92_0000_1605073825_200_generated
d01c_ca5b_0000_1605073829_201_generated
530e_d01c_0000_1605073831_202_received
9d51_530e_0000_1605073832_203_received
e418_9d51_0000_1605073834_204_received
bfba_e418_0000_1605073835_205_received
9f18_bfba_0000_1605073839_206_received
ea88_9f18_0000_1605073841_207_generated
836f_9f18_0000_1605073840_207_received
6fbd_836f_0000_1605073842_208_received
8bd5_6fbd_0000_1605073845_209_received
bf8e_8bd5_0000_1605073846_210_received
1d3b_bf8e_0000_1605073847_211_received
45ac_1d3b_0000_1605073849_212_generated
5b2e_45ac_0000_1605073855_213_received
5e0a_5b2e_0000_1605073857_214_received
fa57_5e0a_0000_1605073858_215_received
8f93_fa57_0000_1605073866_216_generated
3b83_8f93_0000_1605073869_217_generated
5146_8f93_0000_1605073868_217_received
8577_1954_0000_1605073875_55_received
fc01_5146_0000_1605073875_218_received
1c51_fc01_0000_1605073878_219_received
ae91_1c51_0000_1605073881_220_generated
674c_ae91_0000_1605073881_221_generated
1e85_8577_0000_1605073883_56_received
cb7e_674c_0000_1605073886_222_received
cd6f_cb7e_0000_1605073890_223_generated
b967_1e85_0000_1605073889_57_received
6999_b967_0000_1605073896_58_received
7d58_cd6f_0000_1605073898_224_generated
3b72_7d58_0000_1605073901_225_received
9f17_3b72_0000_1605073904_226_generated
c58a_3b72_0000_1605073905_226_received
58a8_9f17_0000_1605073908_227_generated
b708_6999_0000_1605073907_59_received
22c8_58a8_0000_1605073909_228_generated
6d8d_22c8_0000_1605073911_229_generated
d258_22c8_0000_1605073910_229_received
a809_d258_0000_1605073912_230_received
468a_a809_0000_1605073916_231_generated
3031_b708_0000_1605073919_60_received
7117_468a_0000_1605073921_232_generated
23c8_468a_0000_1605073922_232_received
74e4_23c8_0000_1605073926_233_received
474f_74e4_0000_1605073928_234_received
cabd_474f_0000_1605073935_235_received
136d_cabd_0000_1605073936_236_received
e41b_136d_0000_1605073939_237_received
7437_3031_0000_1605073942_61_received
11d8_e41b_0000_1605073942_238_received
a5e6_11d8_0000_1605073942_239_received
4e14_a5e6_0000_1605073943_240_received
