a898_9e1c_0000_1604990512_1_received
5e3b_a898_0000_1604990514_2_received
ac54_9e1c_0000_1604990514_1_received
77ae_5e3b_0000_1604990517_3_received
2816_77ae_0000_1604990518_4_received
4771_2816_0000_1604990519_5_received
202a_4771_0000_1604990529_6_received
9a04_202a_0000_1604990530_7_received
097a_9a04_0000_1604990531_8_received
db61_097a_0000_1604990539_9_received
f109_db61_0000_1604990544_10_generated
2040_db61_0000_1604990542_10_received
dc58_2040_0000_1604990549_11_received
8577_dc58_0000_1604990558_12_received
c397_8577_0000_1604990565_13_received
fb97_c397_0000_1604990567_14_received
b83a_fb97_0000_1604990568_15_received
2b6f_b83a_0000_1604990574_16_generated
69bc_2b6f_0000_1604990581_17_received
8d9b_2b6f_0000_1604990582_17_received
b4ca_69bc_0000_1604990584_18_received
d821_b4ca_0000_1604990601_19_received
a129_d821_0000_1604990603_20_received
acde_a129_0000_1604990605_21_received
06dd_acde_0000_1604990615_22_generated
a35b_06dd_0000_1604990620_23_received
5421_a35b_0000_1604990629_24_received
5df3_a35b_0000_1604990631_24_received
4f69_5df3_0000_1604990636_25_received
72a5_4f69_0000_1604990639_26_received
953b_72a5_0000_1604990640_27_received
455e_953b_0000_1604990648_28_received
e9b5_455e_0000_1604990648_29_received
6b0c_e9b5_0000_1604990654_30_generated
e693_6b0c_0000_1604990659_31_received
d399_e693_0000_1604990661_32_received
ee46_d399_0000_1604990664_33_generated
f6be_ee46_0000_1604990675_34_received
90df_f6be_0000_1604990679_35_received
b780_90df_0000_1604990685_36_received
1908_b780_0000_1604990691_37_received
6b1a_1908_0000_1604990697_38_received
9fb1_6b1a_0000_1604990699_39_received
d6d7_9fb1_0000_1604990710_40_received
21a8_d6d7_0000_1604990711_41_received
54bd_21a8_0000_1604990724_42_received
1386_54bd_0000_1604990730_43_received
f3f9_54bd_0000_1604990732_43_received
cebd_1386_0000_1604990746_44_received
b677_cebd_0000_1604990761_45_received
7ee1_b677_0000_1604990767_46_received
c1e2_7ee1_0000_1604990774_47_received
41a4_c1e2_0000_1604990777_48_received
1ea7_41a4_0000_1604990785_49_received
c35e_1ea7_0000_1604990790_50_received
666e_c35e_0000_1604990793_51_received
87b2_c35e_0000_1604990794_51_received
b0e5_87b2_0000_1604990796_52_received
3cf5_b0e5_0000_1604990796_53_received
b19a_3cf5_0000_1604990798_54_received
5b1d_b19a_0000_1604990803_55_received
18e0_5b1d_0000_1604990808_56_generated
32d5_5b1d_0000_1604990807_56_received
9516_18e0_0000_1604990810_57_generated
bc84_32d5_0000_1604990809_57_received
8a04_32d5_0000_1604990811_57_received
d373_bc84_0000_1604990818_58_received
7a82_d373_0000_1604990821_59_received
6c7b_7a82_0000_1604990829_60_received
69cd_6c7b_0000_1604990833_61_received
ce4d_69cd_0000_1604990840_62_received
9746_ce4d_0000_1604990843_63_received
4996_9746_0000_1604990846_64_received
5ac3_4996_0000_1604990850_65_received
c833_5ac3_0000_1604990860_66_received
b50c_5ac3_0000_1604990861_66_received
7a9f_b50c_0000_1604990861_67_received
6158_7a9f_0000_1604990866_68_received
fda0_6158_0000_1604990870_69_received
d26c_6158_0000_1604990871_69_received
aa2b_fda0_0000_1604990876_70_generated
7381_aa2b_0000_1604990877_71_generated
b2c4_7381_0000_1604990891_72_received
061d_b2c4_0000_1604990894_73_received
48f3_061d_0000_1604990895_74_received
8f30_48f3_0000_1604990899_75_received
7f18_8f30_0000_1604990902_76_received
c176_7f18_0000_1604990906_77_received
c575_c176_0000_1604990911_78_received
c7f2_c575_0000_1604990920_79_received
c62d_c7f2_0000_1604990924_80_received
e3f6_c62d_0000_1604990935_81_received
def1_e3f6_0000_1604990936_82_received
1c21_def1_0000_1604990941_83_received
3f29_1c21_0000_1604990944_84_received
b1b5_3f29_0000_1604990947_85_received
b94c_b1b5_0000_1604990950_86_generated
b4fd_b94c_0000_1604990958_87_received
53c4_b94c_0000_1604990959_87_received
a5ac_b4fd_0000_1604990961_88_received
dcf7_a5ac_0000_1604990974_89_received
2947_dcf7_0000_1604990975_90_received
5702_2947_0000_1604990976_91_received
4ef4_5702_0000_1604990979_92_received
73ea_4ef4_0000_1604990981_93_received
86fc_73ea_0000_1604990982_94_received
a5f8_86fc_0000_1604990990_95_received
fca2_a5f8_0000_1604990994_96_received
5aa4_fca2_0000_1604990994_97_received
d731_5aa4_0000_1604991001_98_generated
029a_d731_0000_1604991024_99_received
9506_029a_0000_1604991025_100_received
0aec_9506_0000_1604991026_101_received
6e99_0aec_0000_1604991036_102_received
4aa1_6e99_0000_1604991040_103_received
3c79_4aa1_0000_1604991040_104_received
9cc1_3c79_0000_1604991046_105_generated
d899_9cc1_0000_1604991054_106_received
1dbc_9cc1_0000_1604991056_106_received
79b1_1dbc_0000_1604991057_107_received
f5be_79b1_0000_1604991065_108_received
0632_f5be_0000_1604991068_109_generated
995c_f5be_0000_1604991066_109_received
69a9_995c_0000_1604991077_110_received
a85a_69a9_0000_1604991080_111_received
bb6a_a85a_0000_1604991082_112_received
c757_bb6a_0000_1604991090_113_received
3972_c757_0000_1604991102_114_received
abb8_3972_0000_1604991108_115_received
a2ee_abb8_0000_1604991110_116_received
06aa_a2ee_0000_1604991114_117_received
82b3_06aa_0000_1604991130_118_received
0764_82b3_0000_1604991137_119_received
559c_0764_0000_1604991149_120_received
4c42_559c_0000_1604991152_121_received
ef82_4c42_0000_1604991160_122_received
0fea_ef82_0000_1604991162_123_received
f5f8_0fea_0000_1604991170_124_received
7e90_f5f8_0000_1604991177_125_received
5088_7e90_0000_1604991178_126_received
2d07_5088_0000_1604991183_127_received
0fb7_2d07_0000_1604991196_128_received
bc96_0fb7_0000_1604991221_129_received
