b870_9e1c_0000_1607174408_1_received
5300_b870_0000_1607174412_2_generated
8e72_5300_0000_1607174414_3_generated
1378_8e72_0000_1607174416_4_received
9844_1378_0000_1607174419_5_received
3253_9844_0000_1607174421_6_generated
14f5_3253_0000_1607174422_7_generated
f02f_14f5_0000_1607174427_8_generated
cdf7_f02f_0000_1607174427_9_generated
a1bb_cdf7_0000_1607174427_10_generated
141b_a1bb_0000_1607174428_11_generated
237e_14f5_0000_1607174428_8_received
2d0b_237e_0000_1607174428_9_received
9a1c_2d0b_0000_1607174428_10_received
c582_141b_0000_1607174430_12_generated
64fd_c582_0000_1607174435_13_generated
0d30_64fd_0000_1607174435_14_generated
b5e7_0d30_0000_1607174436_15_generated
ead4_64fd_0000_1607174436_14_received
91f0_ead4_0000_1607174436_15_received
2b2e_b5e7_0000_1607174438_16_generated
5995_2b2e_0000_1607174441_17_received
30eb_5995_0000_1607174442_18_received
dc3a_30eb_0000_1607174444_19_received
6128_dc3a_0000_1607174445_20_received
065b_6128_0000_1607174445_21_received
ee2b_065b_0000_1607174447_22_generated
10df_065b_0000_1607174446_22_received
ed1e_10df_0000_1607174447_23_received
3f81_ed1e_0000_1607174449_24_received
ccaf_3f81_0000_1607174451_25_generated
fc35_ccaf_0000_1607174453_26_generated
4ed5_fc35_0000_1607174456_27_received
452c_4ed5_0000_1607174463_28_received
4994_452c_0000_1607174467_29_generated
0653_4994_0000_1607174467_30_generated
c3a6_452c_0000_1607174468_29_received
f6dc_c3a6_0000_1607174468_30_received
1f59_f6dc_0000_1607174468_31_received
3e03_1f59_0000_1607174471_32_generated
321b_3e03_0000_1607174471_33_generated
53e1_321b_0000_1607174471_34_generated
6652_53e1_0000_1607174473_35_received
6680_6652_0000_1607174479_36_generated
20e1_6652_0000_1607174478_36_received
f7ab_6680_0000_1607174480_37_generated
9236_f7ab_0000_1607174481_38_generated
5f27_20e1_0000_1607174480_37_received
fb70_9236_0000_1607174483_39_generated
94d4_fb70_0000_1607174484_40_generated
9a87_94d4_0000_1607174485_41_generated
d642_9a87_0000_1607174486_42_generated
eba7_d642_0000_1607174486_43_generated
23d8_eba7_0000_1607174486_44_generated
3129_23d8_0000_1607174487_45_generated
94d3_eba7_0000_1607174487_44_received
7923_3129_0000_1607174489_46_generated
5b45_7923_0000_1607174489_47_generated
ca4f_5b45_0000_1607174491_48_generated
df95_ca4f_0000_1607174492_49_generated
4905_df95_0000_1607174493_50_generated
5653_df95_0000_1607174492_50_received
936e_5653_0000_1607174493_51_received
f07b_936e_0000_1607174493_52_received
eb5d_f07b_0000_1607174495_53_generated
1f6e_eb5d_0000_1607174500_54_received
d28a_1f6e_0000_1607174500_55_received
9cbb_d28a_0000_1607174504_56_received
ab29_9cbb_0000_1607174508_57_received
e4a2_ab29_0000_1607174513_58_generated
0724_e4a2_0000_1607174514_59_generated
51a7_0724_0000_1607174517_60_generated
65d2_51a7_0000_1607174518_61_generated
d3f6_51a7_0000_1607174519_61_received
80d4_65d2_0000_1607174523_62_generated
4126_d3f6_0000_1607174523_62_received
1aac_4126_0000_1607174527_63_received
480c_1aac_0000_1607174527_64_received
564f_480c_0000_1607174530_65_generated
1b10_564f_0000_1607174531_66_generated
fab0_1b10_0000_1607174533_67_received
7705_fab0_0000_1607174534_68_generated
4758_7705_0000_1607174537_69_received
cb10_4758_0000_1607174537_70_received
122e_cb10_0000_1607174538_71_received
1a45_122e_0000_1607174541_72_generated
7c05_122e_0000_1607174542_72_received
0bb7_1a45_0000_1607174543_73_generated
2c90_0bb7_0000_1607174545_74_received
c445_2c90_0000_1607174549_75_generated
4a34_c445_0000_1607174549_76_generated
13bf_4a34_0000_1607174551_77_generated
63f5_13bf_0000_1607174553_78_received
b3c4_63f5_0000_1607174553_79_received
cd6e_b3c4_0000_1607174554_80_received
201b_cd6e_0000_1607174555_81_received
0977_201b_0000_1607174556_82_generated
2eb5_0977_0000_1607174558_83_generated
24d5_2eb5_0000_1607174559_84_received
e26c_24d5_0000_1607174559_85_received
a0cc_e26c_0000_1607174564_86_received
9d09_a0cc_0000_1607174566_87_received
2948_9d09_0000_1607174568_88_generated
b9c3_2948_0000_1607174569_89_generated
3fe6_b9c3_0000_1607174570_90_generated
9e2a_3fe6_0000_1607174572_91_generated
7d7c_9e2a_0000_1607174572_92_generated
26ff_7d7c_0000_1607174573_93_generated
d55f_7d7c_0000_1607174574_93_received
0fc3_d55f_0000_1607174575_94_received
2cf4_0fc3_0000_1607174577_95_generated
fd45_0fc3_0000_1607174576_95_received
993b_fd45_0000_1607174577_96_received
bf61_993b_0000_1607174578_97_received
e0e2_993b_0000_1607174579_97_received
05c9_bf61_0000_1607174581_98_generated
1603_05c9_0000_1607174584_99_generated
8b68_1603_0000_1607174587_100_generated
99b4_1603_0000_1607174586_100_received
fd8f_8b68_0000_1607174588_101_generated
1849_fd8f_0000_1607174590_102_generated
fe50_1849_0000_1607174592_103_generated
f4a4_fe50_0000_1607174592_104_generated
a933_f4a4_0000_1607174593_105_generated
a0b2_a933_0000_1607174593_106_generated
228b_1849_0000_1607174593_103_received
2232_a0b2_0000_1607174597_107_received
2ea1_2232_0000_1607174600_108_generated
5f3e_2ea1_0000_1607174602_109_generated
3639_5f3e_0000_1607174605_110_received
1314_3639_0000_1607174606_111_received
5cb5_1314_0000_1607174609_112_generated
a203_5cb5_0000_1607174615_113_generated
9fda_5cb5_0000_1607174614_113_received
b0f1_9fda_0000_1607174616_114_received
d0e8_b0f1_0000_1607174618_115_generated
d1bd_d0e8_0000_1607174622_116_generated
c8d0_d1bd_0000_1607174622_117_generated
1a5b_c8d0_0000_1607174622_118_generated
0307_1a5b_0000_1607174628_119_received
e3c5_0307_0000_1607174629_120_received
586d_1a5b_0000_1607174629_119_received
d4ae_e3c5_0000_1607174634_121_received
be31_e3c5_0000_1607174635_121_received
107e_d4ae_0000_1607174638_122_generated
5f23_107e_0000_1607174642_123_received
2f67_5f23_0000_1607174646_124_received
2a4d_2f67_0000_1607174646_125_received
9071_2a4d_0000_1607174648_126_received
2e89_9071_0000_1607174649_127_received
10bb_2e89_0000_1607174651_128_generated
ebef_10bb_0000_1607174652_129_generated
b262_2e89_0000_1607174652_128_received
4ab3_ebef_0000_1607174654_130_generated
4581_ebef_0000_1607174655_130_received
43be_4581_0000_1607174656_131_received
d1d9_43be_0000_1607174656_132_received
a264_d1d9_0000_1607174659_133_generated
a683_a264_0000_1607174659_134_generated
2789_a683_0000_1607174660_135_generated
8ef2_a683_0000_1607174661_135_received
7915_2789_0000_1607174665_136_generated
b673_8ef2_0000_1607174665_136_received
b138_7915_0000_1607174666_137_generated
f7ec_b138_0000_1607174667_138_generated
8a40_f7ec_0000_1607174671_139_generated
5954_8a40_0000_1607174673_140_generated
8d97_f7ec_0000_1607174672_139_received
94ff_5954_0000_1607174676_141_generated
16fc_94ff_0000_1607174677_142_generated
4936_16fc_0000_1607174677_143_generated
98e3_4936_0000_1607174680_144_generated
7ee2_4936_0000_1607174679_144_received
cc9d_98e3_0000_1607174681_145_generated
f93d_7ee2_0000_1607174682_145_received
5e0f_cc9d_0000_1607174683_146_generated
0a83_5e0f_0000_1607174684_147_generated
fdbd_0a83_0000_1607174689_148_generated
473b_0a83_0000_1607174688_148_received
d599_fdbd_0000_1607174691_149_generated
2be4_473b_0000_1607174691_149_received
0f5c_d599_0000_1607174695_150_generated
bce1_0f5c_0000_1607174697_151_received
7b4f_bce1_0000_1607174700_152_received
74e5_7b4f_0000_1607174701_153_generated
1e9c_74e5_0000_1607174701_154_received
c9c1_1e9c_0000_1607174702_155_generated
c661_c9c1_0000_1607174707_156_generated
42e2_c661_0000_1607174709_157_received
4adf_42e2_0000_1607174712_158_generated
9f23_4adf_0000_1607174713_159_received
0d5a_9f23_0000_1607174714_160_received
4375_4adf_0000_1607174714_159_received
70ea_0d5a_0000_1607174715_161_generated
f017_70ea_0000_1607174717_162_received
1aa3_f017_0000_1607174718_163_received
7542_1aa3_0000_1607174720_164_received
304f_7542_0000_1607174722_165_received
2c73_304f_0000_1607174724_166_generated
46a5_2c73_0000_1607174725_167_generated
5747_46a5_0000_1607174725_168_generated
7e7b_5747_0000_1607174726_169_generated
6714_46a5_0000_1607174726_168_received
ddb3_7e7b_0000_1607174729_170_generated
6ceb_ddb3_0000_1607174729_171_received
0a1f_6ceb_0000_1607174732_172_generated
00d5_0a1f_0000_1607174735_173_generated
6673_0a1f_0000_1607174734_173_received
e539_6673_0000_1607174737_174_received
0669_e539_0000_1607174738_175_generated
5b8e_0669_0000_1607174739_176_generated
450a_5b8e_0000_1607174740_177_generated
acff_450a_0000_1607174741_178_generated
3099_5b8e_0000_1607174741_177_received
a040_acff_0000_1607174742_179_received
9ac8_a040_0000_1607174749_180_generated
d2a5_9ac8_0000_1607174750_181_generated
488d_d2a5_0000_1607174753_182_generated
ff85_488d_0000_1607174753_183_generated
48fa_ff85_0000_1607174755_184_received
b999_48fa_0000_1607174757_185_generated
cb57_b999_0000_1607174758_186_generated
1353_48fa_0000_1607174758_185_received
2c14_1353_0000_1607174759_186_received
c7a5_cb57_0000_1607174760_187_received
deda_c7a5_0000_1607174762_188_generated
91a5_deda_0000_1607174764_189_generated
311e_91a5_0000_1607174768_190_generated
68f1_311e_0000_1607174769_191_generated
6978_68f1_0000_1607174770_192_generated
1eb9_6978_0000_1607174772_193_generated
4e0d_1eb9_0000_1607174774_194_generated
9c73_4e0d_0000_1607174775_195_generated
c96d_9c73_0000_1607174775_196_generated
0111_c96d_0000_1607174775_197_generated
a1d1_1eb9_0000_1607174775_194_received
d5c3_0111_0000_1607174777_198_generated
3eff_4e0d_0000_1607174776_195_received
2b24_d5c3_0000_1607174779_199_generated
2066_2b24_0000_1607174780_200_generated
11aa_2b24_0000_1607174781_200_received
7f62_2066_0000_1607174784_201_generated
e837_7f62_0000_1607174784_202_generated
f024_e837_0000_1607174785_203_generated
5c4b_f024_0000_1607174785_204_generated
4e2c_e837_0000_1607174786_203_received
03e4_5c4b_0000_1607174791_205_generated
f2ed_03e4_0000_1607174792_206_generated
6503_5c4b_0000_1607174792_205_received
d281_6503_0000_1607174793_206_received
caf5_d281_0000_1607174797_207_received
43e9_f2ed_0000_1607174798_207_received
1b45_caf5_0000_1607174801_208_generated
73a8_1b45_0000_1607174802_209_generated
c561_73a8_0000_1607174804_210_received
5835_c561_0000_1607174805_211_received
26a1_73a8_0000_1607174806_210_received
4a86_5835_0000_1607174810_212_generated
0fc0_4a86_0000_1607174811_213_generated
6208_0fc0_0000_1607174812_214_generated
f591_5835_0000_1607174811_212_received
7203_6208_0000_1607174816_215_generated
cb33_7203_0000_1607174816_216_generated
dd01_cb33_0000_1607174817_217_generated
24fb_dd01_0000_1607174817_218_generated
a9fb_24fb_0000_1607174818_219_generated
ecba_a9fb_0000_1607174818_220_generated
b71b_ecba_0000_1607174820_221_generated
3b8e_b71b_0000_1607174823_222_received
de12_3b8e_0000_1607174824_223_received
1ca0_de12_0000_1607174826_224_received
3191_1ca0_0000_1607174827_225_received
1bd1_3191_0000_1607174828_226_received
5313_1bd1_0000_1607174829_227_received
6497_5313_0000_1607174831_228_generated
a853_6497_0000_1607174833_229_generated
50f1_a853_0000_1607174833_230_generated
c453_6497_0000_1607174834_229_received
b12f_50f1_0000_1607174836_231_generated
135f_b12f_0000_1607174840_232_received
0338_135f_0000_1607174842_233_generated
c261_0338_0000_1607174843_234_generated
12fb_c261_0000_1607174849_235_generated
8918_12fb_0000_1607174852_236_received
3481_8918_0000_1607174852_237_received
5b61_3481_0000_1607174854_238_received
2310_5b61_0000_1607174859_239_generated
aa20_2310_0000_1607174860_240_generated
8481_aa20_0000_1607174860_241_generated
dfe6_8481_0000_1607174862_242_generated
3f3d_dfe6_0000_1607174863_243_generated
8109_3f3d_0000_1607174863_244_generated
c8b0_8109_0000_1607174866_245_generated
5b1b_c8b0_0000_1607174868_246_generated
52a9_5b1b_0000_1607174869_247_generated
0150_c8b0_0000_1607174869_246_received
4608_52a9_0000_1607174872_248_generated
0105_4608_0000_1607174872_249_generated
fcc0_52a9_0000_1607174871_248_received
d906_0105_0000_1607174873_250_generated
2173_d906_0000_1607174874_251_generated
63d3_2173_0000_1607174875_252_generated
5c10_fcc0_0000_1607174873_249_received
49f5_5c10_0000_1607174874_250_received
4c25_63d3_0000_1607174879_253_generated
8a9a_4c25_0000_1607174881_254_generated
e0a1_8a9a_0000_1607174882_255_generated
47dd_49f5_0000_1607174881_251_received
7092_47dd_0000_1607174881_252_received
77b4_7092_0000_1607174883_253_received
5beb_e0a1_0000_1607174885_256_generated
2493_e0a1_0000_1607174884_256_received
1a78_2493_0000_1607174887_257_received
fedb_1a78_0000_1607174889_258_generated
9c1e_fedb_0000_1607174891_259_generated
3d56_fedb_0000_1607174892_259_received
b1dc_3d56_0000_1607174892_260_received
d763_b1dc_0000_1607174892_261_received
a9a2_d763_0000_1607174896_262_received
adaf_a9a2_0000_1607174898_263_generated
c126_adaf_0000_1607174899_264_generated
c409_c126_0000_1607174899_265_generated
4451_a9a2_0000_1607174899_263_received
8579_c409_0000_1607174901_266_generated
dd2c_8579_0000_1607174902_267_generated
852a_dd2c_0000_1607174905_268_generated
4e8b_852a_0000_1607174908_269_generated
7800_4e8b_0000_1607174909_270_generated
2c69_7800_0000_1607174911_271_generated
9c12_852a_0000_1607174909_269_received
99cd_2c69_0000_1607174912_272_generated
89be_99cd_0000_1607174912_273_generated
f711_77b4_0000_1607174911_254_received
b704_f711_0000_1607174912_255_received
de68_89be_0000_1607174914_274_generated
ad04_de68_0000_1607174916_275_generated
4f79_ad04_0000_1607174918_276_generated
a2e3_de68_0000_1607174917_275_received
aec3_b704_0000_1607174919_256_received
e45e_4f79_0000_1607174919_277_received
4d59_e45e_0000_1607174922_278_generated
bfa8_4d59_0000_1607174922_279_generated
c50a_e45e_0000_1607174921_278_received
f3c3_bfa8_0000_1607174925_280_generated
698c_f3c3_0000_1607174925_281_generated
434a_aec3_0000_1607174924_257_received
f18d_434a_0000_1607174928_258_received
63d4_f18d_0000_1607174928_259_received
01ba_698c_0000_1607174928_282_received
b699_01ba_0000_1607174931_283_generated
f32f_b699_0000_1607174935_284_generated
950b_f32f_0000_1607174937_285_generated
99fd_f32f_0000_1607174936_285_received
07a1_950b_0000_1607174938_286_generated
1c55_99fd_0000_1607174938_286_received
0da7_07a1_0000_1607174943_287_generated
3c96_1c55_0000_1607174940_287_received
5581_63d4_0000_1607174940_260_received
29d0_0da7_0000_1607174946_288_generated
d1ca_29d0_0000_1607174948_289_generated
136c_3c96_0000_1607174948_288_received
c686_d1ca_0000_1607174952_290_received
a298_c686_0000_1607174957_291_generated
841e_a298_0000_1607174958_292_generated
99ff_841e_0000_1607174962_293_generated
8a41_99ff_0000_1607174965_294_generated
439d_99ff_0000_1607174964_294_received
6309_8a41_0000_1607174966_295_generated
6d9b_439d_0000_1607174965_295_received
492f_6d9b_0000_1607174969_296_received
1d0b_492f_0000_1607174971_297_received
b35d_1d0b_0000_1607174974_298_generated
0de0_1d0b_0000_1607174973_298_received
05a5_0de0_0000_1607174974_299_received
718e_05a5_0000_1607174976_300_generated
9088_718e_0000_1607174977_301_generated
745d_05a5_0000_1607174977_300_received
f4b9_9088_0000_1607174978_302_generated
bcf8_5581_0000_1607174977_261_received
9dac_f4b9_0000_1607174983_303_generated
25da_f4b9_0000_1607174981_303_received
a141_25da_0000_1607174982_304_received
97bf_a141_0000_1607174983_305_received
e44a_bcf8_0000_1607174983_262_received
9784_97bf_0000_1607174983_306_received
bef3_e44a_0000_1607174986_263_received
2629_9784_0000_1607174988_307_generated
846d_2629_0000_1607174995_308_generated
e2c5_846d_0000_1607174995_309_generated
2f8f_e2c5_0000_1607174997_310_generated
4ab6_2f8f_0000_1607174998_311_generated
17b9_bef3_0000_1607174997_264_received
d817_4ab6_0000_1607174999_312_generated
aa5a_d817_0000_1607175003_313_generated
70a5_aa5a_0000_1607175004_314_generated
e319_70a5_0000_1607175005_315_generated
2a9b_e319_0000_1607175007_316_generated
fc0a_2a9b_0000_1607175008_317_generated
e763_70a5_0000_1607175006_315_received
5f4f_fc0a_0000_1607175011_318_generated
e26e_5f4f_0000_1607175011_319_generated
91a8_e26e_0000_1607175014_320_generated
fa38_17b9_0000_1607175013_265_received
de9e_e26e_0000_1607175013_320_received
b472_91a8_0000_1607175016_321_generated
e975_de9e_0000_1607175014_321_received
0da3_b472_0000_1607175019_322_generated
60ae_0da3_0000_1607175019_323_generated
e4f2_60ae_0000_1607175021_324_generated
d2eb_e4f2_0000_1607175022_325_generated
ce65_d2eb_0000_1607175023_326_generated
656a_ce65_0000_1607175023_327_generated
a6b7_656a_0000_1607175023_328_generated
d859_fa38_0000_1607175022_266_received
520b_60ae_0000_1607175022_324_received
8043_a6b7_0000_1607175026_329_generated
ef0d_8043_0000_1607175027_330_generated
d297_656a_0000_1607175026_328_received
8858_ef0d_0000_1607175030_331_received
04f1_8858_0000_1607175034_332_generated
337f_8858_0000_1607175033_332_received
73b7_04f1_0000_1607175035_333_generated
5e0e_73b7_0000_1607175037_334_generated
056f_5e0e_0000_1607175039_335_generated
c12e_056f_0000_1607175040_336_generated
37aa_d859_0000_1607175039_267_received
7b05_c12e_0000_1607175042_337_generated
7aab_7b05_0000_1607175043_338_generated
2b9c_7aab_0000_1607175044_339_generated
93d3_2b9c_0000_1607175044_340_generated
4677_93d3_0000_1607175045_341_generated
ede4_c12e_0000_1607175043_337_received
4ffd_4677_0000_1607175047_342_generated
3bef_4ffd_0000_1607175049_343_generated
8cc1_3bef_0000_1607175050_344_generated
f9e7_37aa_0000_1607175049_268_received
0563_8cc1_0000_1607175052_345_generated
9940_f9e7_0000_1607175052_269_received
319f_0563_0000_1607175056_346_generated
3ed3_0563_0000_1607175055_346_received
0b50_3ed3_0000_1607175056_347_received
8d34_0b50_0000_1607175057_348_received
7dea_8d34_0000_1607175060_349_received
64c1_7dea_0000_1607175060_350_received
600b_64c1_0000_1607175063_351_generated
31a9_64c1_0000_1607175062_351_received
b32c_600b_0000_1607175066_352_generated
1e3e_31a9_0000_1607175065_352_received
1a51_b32c_0000_1607175068_353_generated
fd25_9940_0000_1607175067_270_received
421d_1a51_0000_1607175069_354_generated
a937_421d_0000_1607175071_355_generated
40a3_a937_0000_1607175072_356_generated
6e69_40a3_0000_1607175073_357_generated
bc3c_6e69_0000_1607175074_358_generated
ffec_fd25_0000_1607175076_271_received
1876_bc3c_0000_1607175076_359_received
755b_1876_0000_1607175079_360_received
416d_755b_0000_1607175081_361_received
e457_416d_0000_1607175084_362_generated
dbf8_e457_0000_1607175086_363_generated
d208_e457_0000_1607175084_363_received
4ee9_d208_0000_1607175085_364_received
e36a_ffec_0000_1607175087_272_received
0313_4ee9_0000_1607175087_365_received
946f_0313_0000_1607175088_366_received
38c9_e36a_0000_1607175091_273_received
c938_946f_0000_1607175091_367_received
39d3_c938_0000_1607175091_368_received
7b1a_39d3_0000_1607175095_369_generated
3486_7b1a_0000_1607175096_370_generated
3f17_3486_0000_1607175097_371_generated
58c1_39d3_0000_1607175096_369_received
2771_3f17_0000_1607175098_372_generated
4dc9_38c9_0000_1607175098_274_received
a1e1_58c1_0000_1607175098_370_received
9503_2771_0000_1607175102_373_received
6828_9503_0000_1607175102_374_received
c471_6828_0000_1607175103_375_received
d56e_c471_0000_1607175109_376_generated
3e3b_d56e_0000_1607175114_377_generated
6c7c_3e3b_0000_1607175115_378_generated
28b9_6c7c_0000_1607175115_379_generated
43e6_28b9_0000_1607175116_380_generated
cd9c_43e6_0000_1607175118_381_generated
b919_cd9c_0000_1607175121_382_generated
5886_b919_0000_1607175122_383_generated
b2f9_5886_0000_1607175122_384_generated
3979_4dc9_0000_1607175124_275_received
902e_b2f9_0000_1607175128_385_generated
88dd_902e_0000_1607175128_386_generated
edc0_88dd_0000_1607175129_387_generated
