9c20_9e1c_0000_1605072499_1_received
d2c0_9c20_0000_1605072500_2_received
2ae1_d2c0_0000_1605072501_3_received
58c3_2ae1_0000_1605072504_4_received
147b_58c3_0000_1605072506_5_received
aca0_147b_0000_1605072508_6_generated
a894_147b_0000_1605072509_6_received
c81d_aca0_0000_1605072511_7_received
e951_c81d_0000_1605072514_8_received
966f_e951_0000_1605072515_9_received
4209_966f_0000_1605072516_10_received
9f3f_4209_0000_1605072518_11_generated
6187_9f3f_0000_1605072519_12_received
969e_6187_0000_1605072523_13_received
939c_969e_0000_1605072524_14_received
8243_939c_0000_1605072526_15_received
96bc_8243_0000_1605072526_16_received
5642_96bc_0000_1605072529_17_received
2aaf_5642_0000_1605072532_18_received
2599_2aaf_0000_1605072535_19_received
0c60_2599_0000_1605072535_20_received
eb7d_0c60_0000_1605072536_21_received
bfcc_0c60_0000_1605072537_21_received
32be_eb7d_0000_1605072537_22_received
a8fe_32be_0000_1605072538_23_received
ae46_a8fe_0000_1605072539_24_received
c180_ae46_0000_1605072539_25_received
35f3_c180_0000_1605072540_26_received
676b_35f3_0000_1605072541_27_received
81b7_676b_0000_1605072541_28_received
17d7_81b7_0000_1605072543_29_received
8681_17d7_0000_1605072543_30_received
79c5_8681_0000_1605072546_31_received
18f9_79c5_0000_1605072550_32_received
176c_18f9_0000_1605072551_33_received
745d_176c_0000_1605072551_34_received
3269_745d_0000_1605072552_35_received
3271_3269_0000_1605072552_36_received
dd70_3271_0000_1605072552_37_received
f178_dd70_0000_1605072553_38_received
703e_f178_0000_1605072555_39_received
5b3a_703e_0000_1605072555_40_received
38bc_5b3a_0000_1605072556_41_received
354c_38bc_0000_1605072557_42_received
fc0f_354c_0000_1605072559_43_generated
7cb1_fc0f_0000_1605072562_44_received
f757_7cb1_0000_1605072563_45_received
fa3f_f757_0000_1605072565_46_received
a182_fa3f_0000_1605072568_47_received
1b56_a182_0000_1605072570_48_generated
c29b_1b56_0000_1605072572_49_received
d202_c29b_0000_1605072573_50_received
5fe2_d202_0000_1605072574_51_received
74c8_5fe2_0000_1605072574_52_received
a4e6_5fe2_0000_1605072575_52_received
7572_a4e6_0000_1605072577_53_received
acfc_74c8_0000_1605072578_53_received
c4cb_7572_0000_1605072579_54_received
042d_acfc_0000_1605072580_54_received
32f9_042d_0000_1605072582_55_received
6a46_32f9_0000_1605072583_56_received
7507_32f9_0000_1605072584_56_received
9724_7507_0000_1605072585_57_received
6274_6a46_0000_1605072585_57_received
77b5_6274_0000_1605072586_58_received
76a9_9724_0000_1605072586_58_received
5c41_77b5_0000_1605072586_59_received
1d61_5c41_0000_1605072590_60_generated
d770_5c41_0000_1605072589_60_received
43c2_d770_0000_1605072589_61_received
eba8_43c2_0000_1605072591_62_received
9000_eba8_0000_1605072593_63_received
29dc_9000_0000_1605072597_64_received
500b_29dc_0000_1605072597_65_received
2f9f_29dc_0000_1605072598_65_received
47e4_500b_0000_1605072599_66_received
efb9_2f9f_0000_1605072599_66_received
9e64_47e4_0000_1605072600_67_received
51dd_9e64_0000_1605072600_68_received
f393_51dd_0000_1605072600_69_received
6cf9_f393_0000_1605072602_70_received
7192_6cf9_0000_1605072603_71_received
e05c_6cf9_0000_1605072604_71_received
e30b_7192_0000_1605072605_72_received
46da_e30b_0000_1605072605_73_received
e416_46da_0000_1605072605_74_received
c845_e416_0000_1605072607_75_generated
1abd_c845_0000_1605072609_76_received
4905_c845_0000_1605072610_76_received
5278_1abd_0000_1605072611_77_generated
7de3_4905_0000_1605072610_77_received
7a1b_7de3_0000_1605072612_78_received
83c8_7a1b_0000_1605072617_79_received
df30_83c8_0000_1605072618_80_received
1867_df30_0000_1605072618_81_received
4489_1867_0000_1605072619_82_received
494f_83c8_0000_1605072619_80_received
dead_4489_0000_1605072620_83_received
d9de_dead_0000_1605072620_84_received
8e6e_d9de_0000_1605072620_85_received
3c2d_8e6e_0000_1605072621_86_received
836a_3c2d_0000_1605072623_87_received
2f70_836a_0000_1605072623_88_received
ef08_836a_0000_1605072624_88_received
d618_ef08_0000_1605072624_89_received
1b50_d618_0000_1605072626_90_received
ca1f_1b50_0000_1605072626_91_received
0ba5_ca1f_0000_1605072628_92_received
1860_0ba5_0000_1605072630_93_received
13ae_1860_0000_1605072632_94_received
9ac1_13ae_0000_1605072633_95_received
4c79_9ac1_0000_1605072633_96_received
7d8f_4c79_0000_1605072634_97_received
21d1_7d8f_0000_1605072639_98_received
7ee9_7d8f_0000_1605072640_98_received
b979_21d1_0000_1605072641_99_received
9743_7ee9_0000_1605072641_99_received
38ca_b979_0000_1605072641_100_received
2ba3_38ca_0000_1605072644_101_generated
a780_38ca_0000_1605072643_101_received
8fc4_a780_0000_1605072643_102_received
66f4_8fc4_0000_1605072646_103_received
5da7_66f4_0000_1605072648_104_generated
4317_5da7_0000_1605072655_105_received
8d62_4317_0000_1605072656_106_received
61de_8d62_0000_1605072656_107_received
cc91_61de_0000_1605072659_108_received
cbee_cc91_0000_1605072659_109_received
b9b5_cbee_0000_1605072659_110_received
24c2_b9b5_0000_1605072662_111_received
09d4_24c2_0000_1605072663_112_received
d26a_09d4_0000_1605072664_113_received
cec3_d26a_0000_1605072671_114_received
acb5_d26a_0000_1605072672_114_received
126d_cec3_0000_1605072676_115_received
d991_126d_0000_1605072677_116_received
4a34_d991_0000_1605072679_117_received
db6a_4a34_0000_1605072680_118_received
3b7b_db6a_0000_1605072680_119_received
a21f_3b7b_0000_1605072686_120_received
f20d_a21f_0000_1605072689_121_received
ff0b_f20d_0000_1605072690_122_received
edf8_ff0b_0000_1605072692_123_received
f55d_edf8_0000_1605072692_124_received
fbb1_f55d_0000_1605072697_125_received
3232_fbb1_0000_1605072698_126_received
e191_3232_0000_1605072699_127_received
a98c_e191_0000_1605072701_128_received
0a55_a98c_0000_1605072702_129_received
e765_0a55_0000_1605072706_130_received
7775_e765_0000_1605072707_131_received
62c8_0a55_0000_1605072707_130_received
d511_7775_0000_1605072708_132_generated
a5cb_62c8_0000_1605072707_131_received
129d_7775_0000_1605072709_132_received
6ed0_129d_0000_1605072711_133_received
5fd2_6ed0_0000_1605072713_134_received
e04f_5fd2_0000_1605072714_135_received
d0c3_e04f_0000_1605072715_136_received
8b58_e04f_0000_1605072716_136_received
eec1_8b58_0000_1605072718_137_received
5f8a_eec1_0000_1605072721_138_received
baec_5f8a_0000_1605072721_139_received
85da_5f8a_0000_1605072722_139_received
3abd_85da_0000_1605072724_140_received
fd97_3abd_0000_1605072725_141_received
17a9_fd97_0000_1605072726_142_received
4e8a_fd97_0000_1605072727_142_received
1470_4e8a_0000_1605072727_143_received
31f9_1470_0000_1605072728_144_received
c6e5_31f9_0000_1605072731_145_received
3f31_c6e5_0000_1605072731_146_received
3d04_3f31_0000_1605072732_147_received
3264_3d04_0000_1605072733_148_received
e84d_3264_0000_1605072734_149_received
2c55_e84d_0000_1605072735_150_received
8248_2c55_0000_1605072735_151_received
1c7f_8248_0000_1605072737_152_received
f419_1c7f_0000_1605072738_153_received
f67f_1c7f_0000_1605072739_153_received
dec0_f67f_0000_1605072740_154_received
519e_dec0_0000_1605072740_155_received
e4ae_f419_0000_1605072741_154_received
39bd_519e_0000_1605072743_156_received
954e_39bd_0000_1605072743_157_received
c28e_954e_0000_1605072745_158_generated
030c_954e_0000_1605072744_158_received
9c1b_030c_0000_1605072746_159_received
0655_9c1b_0000_1605072749_160_received
397d_0655_0000_1605072752_161_received
9b88_0655_0000_1605072753_161_received
e53b_397d_0000_1605072753_162_received
5b93_e53b_0000_1605072754_163_received
87a6_5b93_0000_1605072755_164_received
01ca_87a6_0000_1605072757_165_received
b167_01ca_0000_1605072758_166_received
7e79_87a6_0000_1605072758_165_received
6463_b167_0000_1605072759_167_received
873e_6463_0000_1605072766_168_generated
d50a_6463_0000_1605072765_168_received
2ec3_d50a_0000_1605072766_169_received
3b1c_2ec3_0000_1605072768_170_received
bad5_3b1c_0000_1605072769_171_received
f573_bad5_0000_1605072771_172_generated
ab6a_bad5_0000_1605072770_172_received
79d1_ab6a_0000_1605072771_173_received
2382_79d1_0000_1605072773_174_received
b8ec_2382_0000_1605072775_175_received
d130_b8ec_0000_1605072777_176_received
0a52_d130_0000_1605072778_177_received
2b16_0a52_0000_1605072781_178_generated
9ffa_2b16_0000_1605072782_179_received
caa7_9ffa_0000_1605072783_180_received
abdd_caa7_0000_1605072785_181_received
39b9_abdd_0000_1605072786_182_received
060b_39b9_0000_1605072788_183_received
3b46_060b_0000_1605072791_184_received
10f7_3b46_0000_1605072791_185_received
af2c_10f7_0000_1605072793_186_received
8ff4_10f7_0000_1605072795_186_received
08d4_8ff4_0000_1605072807_187_received
7e45_08d4_0000_1605072809_188_received
621c_7e45_0000_1605072812_189_generated
549a_621c_0000_1605072814_190_received
e83e_549a_0000_1605072818_191_received
b7ec_549a_0000_1605072819_191_received
0c83_e83e_0000_1605072820_192_received
b58e_0c83_0000_1605072820_193_received
0e12_b58e_0000_1605072822_194_received
3b61_0e12_0000_1605072826_195_generated
a92b_0e12_0000_1605072825_195_received
3f73_3b61_0000_1605072827_196_received
0034_a92b_0000_1605072828_196_received
b595_0034_0000_1605072832_197_received
676d_3f73_0000_1605072831_197_received
b7b3_676d_0000_1605072831_198_received
a92a_b7b3_0000_1605072832_199_received
60ca_a92a_0000_1605072835_200_generated
3166_b595_0000_1605072832_198_received
cf16_a92a_0000_1605072834_200_received
91f6_60ca_0000_1605072838_201_generated
f2cb_cf16_0000_1605072837_201_received
1fde_cf16_0000_1605072838_201_received
89b0_1fde_0000_1605072842_202_received
a825_89b0_0000_1605072845_203_generated
6e4c_a825_0000_1605072848_204_received
c8a4_6e4c_0000_1605072849_205_received
f2d8_c8a4_0000_1605072849_206_received
da23_f2d8_0000_1605072853_207_generated
18d0_f2d8_0000_1605072852_207_received
13ab_18d0_0000_1605072853_208_received
829c_13ab_0000_1605072854_209_received
2e5f_13ab_0000_1605072855_209_received
de0e_2e5f_0000_1605072858_210_received
01e8_de0e_0000_1605072859_211_received
8a6e_01e8_0000_1605072860_212_received
a63b_8a6e_0000_1605072862_213_received
6aa6_8a6e_0000_1605072863_213_received
48e0_a63b_0000_1605072863_214_received
2bf0_48e0_0000_1605072864_215_received
858e_2bf0_0000_1605072866_216_generated
f5f8_858e_0000_1605072866_217_received
127a_f5f8_0000_1605072866_218_received
dc0a_127a_0000_1605072867_219_received
e70a_dc0a_0000_1605072868_220_received
f899_e70a_0000_1605072873_221_generated
6f66_e70a_0000_1605072872_221_received
c163_6f66_0000_1605072874_222_received
6f6e_c163_0000_1605072879_223_received
5f94_6f6e_0000_1605072880_224_received
abbd_5f94_0000_1605072883_225_received
f70f_abbd_0000_1605072886_226_received
2bce_f70f_0000_1605072886_227_received
1903_2bce_0000_1605072888_228_received
737a_1903_0000_1605072890_229_received
520d_737a_0000_1605072890_230_received
83bc_520d_0000_1605072892_231_generated
79f6_520d_0000_1605072891_231_received
1efa_737a_0000_1605072891_230_received
6f9f_83bc_0000_1605072894_232_generated
1163_79f6_0000_1605072892_232_received
b8be_1163_0000_1605072892_233_received
40c2_b8be_0000_1605072895_234_generated
393c_b8be_0000_1605072896_234_received
19d3_40c2_0000_1605072897_235_received
6802_19d3_0000_1605072897_236_received
d61b_393c_0000_1605072898_235_received
d142_6802_0000_1605072898_237_received
b9f3_d142_0000_1605072898_238_received
c3eb_b9f3_0000_1605072899_239_received
6f6f_c3eb_0000_1605072900_240_received
3571_6f6f_0000_1605072900_241_received
f6e1_3571_0000_1605072903_242_received
4c2b_f6e1_0000_1605072903_243_received
b0b4_4c2b_0000_1605072904_244_received
4882_b0b4_0000_1605072905_245_generated
fb3e_b0b4_0000_1605072906_245_received
a7a9_4882_0000_1605072909_246_received
28d7_a7a9_0000_1605072909_247_received
37e5_28d7_0000_1605072912_248_received
8a1a_37e5_0000_1605072916_249_received
87f1_8a1a_0000_1605072916_250_received
01f1_87f1_0000_1605072918_251_received
a68c_01f1_0000_1605072919_252_received
cd5b_a68c_0000_1605072922_253_generated
52a1_a68c_0000_1605072921_253_received
37db_cd5b_0000_1605072924_254_generated
f2f7_52a1_0000_1605072922_254_received
545b_f2f7_0000_1605072923_255_received
5210_f2f7_0000_1605072922_255_received
79fc_545b_0000_1605072925_256_received
6fba_5210_0000_1605072924_256_received
177a_79fc_0000_1605072929_257_received
bc07_6fba_0000_1605072927_257_received
2478_bc07_0000_1605072927_258_received
8a02_2478_0000_1605072930_259_received
581b_8a02_0000_1605072933_260_received
8f27_581b_0000_1605072933_261_received
efb1_581b_0000_1605072934_261_received
472e_efb1_0000_1605072935_262_received
7b6f_472e_0000_1605072937_263_received
fbe8_7b6f_0000_1605072944_264_generated
13d5_fbe8_0000_1605072949_265_generated
c850_13d5_0000_1605072981_266_generated
bff3_c850_0000_1605072983_267_generated
a8b3_bff3_0000_1605072990_268_generated
724d_a8b3_0000_1605073007_269_generated
524c_724d_0000_1605073011_270_generated
26ad_524c_0000_1605073037_271_generated
4e73_26ad_0000_1605073044_272_generated
97f9_4e73_0000_1605073047_273_generated
0d1a_97f9_0000_1605073053_274_generated
db2d_0d1a_0000_1605073060_275_generated
30c8_db2d_0000_1605073062_276_generated
a8ad_30c8_0000_1605073063_277_generated
a006_a8ad_0000_1605073063_278_generated
80f4_a006_0000_1605073075_279_generated
5236_80f4_0000_1605073080_280_generated
3766_5236_0000_1605073098_281_generated
2c67_3766_0000_1605073107_282_generated
b374_2c67_0000_1605073108_283_generated
64e4_b374_0000_1605073122_284_generated
ff29_64e4_0000_1605073127_285_generated
6f53_ff29_0000_1605073129_286_generated
8321_6f53_0000_1605073147_287_generated
4918_8321_0000_1605073147_288_generated
8777_4918_0000_1605073158_289_generated
6137_8777_0000_1605073178_290_generated
14fc_6137_0000_1605073202_291_generated
b405_14fc_0000_1605073204_292_generated
