9c20_9e1c_0000_1605072499_1_received
d2c0_9c20_0000_1605072500_2_received
2ae1_d2c0_0000_1605072501_3_received
58c3_2ae1_0000_1605072504_4_received
147b_58c3_0000_1605072506_5_received
aca0_147b_0000_1605072508_6_generated
a894_147b_0000_1605072509_6_received
c81d_aca0_0000_1605072511_7_generated
e951_c81d_0000_1605072514_8_received
966f_e951_0000_1605072515_9_received
4209_966f_0000_1605072516_10_received
9f3f_4209_0000_1605072518_11_received
6187_9f3f_0000_1605072519_12_received
969e_6187_0000_1605072523_13_received
939c_969e_0000_1605072524_14_received
8243_939c_0000_1605072526_15_received
96bc_8243_0000_1605072526_16_received
5642_96bc_0000_1605072529_17_received
2aaf_5642_0000_1605072532_18_generated
2599_2aaf_0000_1605072535_19_generated
0c60_2599_0000_1605072535_20_generated
eb7d_0c60_0000_1605072536_21_generated
32be_eb7d_0000_1605072537_22_generated
bfcc_0c60_0000_1605072537_21_received
a8fe_32be_0000_1605072538_23_received
ae46_a8fe_0000_1605072539_24_received
c180_ae46_0000_1605072539_25_received
35f3_c180_0000_1605072540_26_received
676b_35f3_0000_1605072541_27_received
81b7_676b_0000_1605072541_28_received
17d7_81b7_0000_1605072543_29_generated
8681_17d7_0000_1605072543_30_generated
79c5_8681_0000_1605072546_31_generated
18f9_79c5_0000_1605072550_32_received
176c_18f9_0000_1605072551_33_received
745d_176c_0000_1605072551_34_received
3269_745d_0000_1605072552_35_received
3271_3269_0000_1605072552_36_received
dd70_3271_0000_1605072552_37_received
f178_dd70_0000_1605072553_38_received
703e_f178_0000_1605072555_39_received
5b3a_703e_0000_1605072555_40_received
38bc_5b3a_0000_1605072556_41_generated
354c_38bc_0000_1605072557_42_generated
fc0f_354c_0000_1605072559_43_received
7cb1_fc0f_0000_1605072562_44_received
f757_7cb1_0000_1605072563_45_received
fa3f_f757_0000_1605072565_46_generated
a182_fa3f_0000_1605072568_47_received
1b56_a182_0000_1605072570_48_received
c29b_1b56_0000_1605072572_49_generated
d202_c29b_0000_1605072573_50_received
5fe2_d202_0000_1605072574_51_received
a4e6_5fe2_0000_1605072575_52_generated
74c8_5fe2_0000_1605072574_52_received
7572_a4e6_0000_1605072577_53_generated
c4cb_7572_0000_1605072579_54_generated
acfc_74c8_0000_1605072578_53_received
042d_acfc_0000_1605072580_54_received
32f9_042d_0000_1605072582_55_received
6a46_32f9_0000_1605072583_56_generated
7507_32f9_0000_1605072584_56_received
6274_6a46_0000_1605072585_57_generated
9724_7507_0000_1605072585_57_received
77b5_6274_0000_1605072586_58_generated
5c41_77b5_0000_1605072586_59_generated
76a9_9724_0000_1605072586_58_received
d770_5c41_0000_1605072589_60_generated
43c2_d770_0000_1605072589_61_generated
eba8_43c2_0000_1605072591_62_generated
1d61_5c41_0000_1605072590_60_received
9000_eba8_0000_1605072593_63_generated
29dc_9000_0000_1605072597_64_received
2f9f_29dc_0000_1605072598_65_generated
500b_29dc_0000_1605072597_65_received
efb9_2f9f_0000_1605072599_66_generated
47e4_500b_0000_1605072599_66_received
9e64_47e4_0000_1605072600_67_received
51dd_9e64_0000_1605072600_68_received
f393_51dd_0000_1605072600_69_received
6cf9_f393_0000_1605072602_70_received
e05c_6cf9_0000_1605072604_71_generated
7192_6cf9_0000_1605072603_71_received
e30b_7192_0000_1605072605_72_received
46da_e30b_0000_1605072605_73_received
e416_46da_0000_1605072605_74_received
c845_e416_0000_1605072607_75_received
1abd_c845_0000_1605072609_76_generated
5278_1abd_0000_1605072611_77_generated
4905_c845_0000_1605072610_76_received
7de3_4905_0000_1605072610_77_received
7a1b_7de3_0000_1605072612_78_received
83c8_7a1b_0000_1605072617_79_generated
494f_83c8_0000_1605072619_80_generated
df30_83c8_0000_1605072618_80_received
1867_df30_0000_1605072618_81_received
4489_1867_0000_1605072619_82_received
dead_4489_0000_1605072620_83_received
d9de_dead_0000_1605072620_84_received
8e6e_d9de_0000_1605072620_85_received
3c2d_8e6e_0000_1605072621_86_generated
836a_3c2d_0000_1605072623_87_generated
2f70_836a_0000_1605072623_88_generated
ef08_836a_0000_1605072624_88_received
d618_ef08_0000_1605072624_89_received
1b50_d618_0000_1605072626_90_received
ca1f_1b50_0000_1605072626_91_received
0ba5_ca1f_0000_1605072628_92_generated
1860_0ba5_0000_1605072630_93_received
13ae_1860_0000_1605072632_94_generated
9ac1_13ae_0000_1605072633_95_received
4c79_9ac1_0000_1605072633_96_received
7d8f_4c79_0000_1605072634_97_received
7ee9_7d8f_0000_1605072640_98_generated
21d1_7d8f_0000_1605072639_98_received
9743_7ee9_0000_1605072641_99_generated
b979_21d1_0000_1605072641_99_received
38ca_b979_0000_1605072641_100_received
a780_38ca_0000_1605072643_101_generated
8fc4_a780_0000_1605072643_102_received
2ba3_38ca_0000_1605072644_101_received
66f4_8fc4_0000_1605072646_103_received
5da7_66f4_0000_1605072648_104_generated
4317_5da7_0000_1605072655_105_generated
8d62_4317_0000_1605072656_106_received
61de_8d62_0000_1605072656_107_received
cc91_61de_0000_1605072659_108_received
cbee_cc91_0000_1605072659_109_received
b9b5_cbee_0000_1605072659_110_received
24c2_b9b5_0000_1605072662_111_generated
09d4_24c2_0000_1605072663_112_received
d26a_09d4_0000_1605072664_113_received
acb5_d26a_0000_1605072672_114_generated
cec3_d26a_0000_1605072671_114_received
126d_cec3_0000_1605072676_115_received
d991_126d_0000_1605072677_116_received
4a34_d991_0000_1605072679_117_generated
db6a_4a34_0000_1605072680_118_generated
3b7b_db6a_0000_1605072680_119_generated
a21f_3b7b_0000_1605072686_120_generated
f20d_a21f_0000_1605072689_121_generated
ff0b_f20d_0000_1605072690_122_generated
edf8_ff0b_0000_1605072692_123_generated
f55d_edf8_0000_1605072692_124_generated
fbb1_f55d_0000_1605072697_125_received
3232_fbb1_0000_1605072698_126_received
e191_3232_0000_1605072699_127_received
a98c_e191_0000_1605072701_128_received
0a55_a98c_0000_1605072702_129_generated
e765_0a55_0000_1605072706_130_generated
7775_e765_0000_1605072707_131_generated
62c8_0a55_0000_1605072707_130_received
a5cb_62c8_0000_1605072707_131_received
129d_7775_0000_1605072709_132_generated
18f1_a5cb_0000_1605072708_132_received
d511_7775_0000_1605072708_132_received
6ed0_129d_0000_1605072711_133_generated
5fd2_6ed0_0000_1605072713_134_generated
6a16_18f1_0000_1605072712_133_received
e04f_5fd2_0000_1605072714_135_generated
d0c3_e04f_0000_1605072715_136_generated
8b58_e04f_0000_1605072716_136_received
eec1_8b58_0000_1605072718_137_received
5f8a_eec1_0000_1605072721_138_generated
baec_5f8a_0000_1605072721_139_generated
85da_5f8a_0000_1605072722_139_received
3abd_85da_0000_1605072724_140_received
fd97_3abd_0000_1605072725_141_generated
4e8a_fd97_0000_1605072727_142_generated
1470_4e8a_0000_1605072727_143_generated
17a9_fd97_0000_1605072726_142_received
31f9_1470_0000_1605072728_144_generated
c6e5_31f9_0000_1605072731_145_received
3f31_c6e5_0000_1605072731_146_received
3d04_3f31_0000_1605072732_147_received
3264_3d04_0000_1605072733_148_received
e84d_3264_0000_1605072734_149_received
2c55_e84d_0000_1605072735_150_received
8248_2c55_0000_1605072735_151_received
1c7f_8248_0000_1605072737_152_generated
f67f_1c7f_0000_1605072739_153_generated
f419_1c7f_0000_1605072738_153_received
dec0_f67f_0000_1605072740_154_generated
519e_dec0_0000_1605072740_155_generated
e4ae_f419_0000_1605072741_154_received
39bd_519e_0000_1605072743_156_received
954e_39bd_0000_1605072743_157_received
030c_954e_0000_1605072744_158_received
9c1b_030c_0000_1605072746_159_generated
c28e_954e_0000_1605072745_158_received
0655_9c1b_0000_1605072749_160_generated
397d_0655_0000_1605072752_161_generated
e53b_397d_0000_1605072753_162_generated
5b93_e53b_0000_1605072754_163_generated
9b88_0655_0000_1605072753_161_received
87a6_5b93_0000_1605072755_164_generated
01ca_87a6_0000_1605072757_165_generated
b167_01ca_0000_1605072758_166_generated
6463_b167_0000_1605072759_167_generated
7e79_87a6_0000_1605072758_165_received
d50a_6463_0000_1605072765_168_generated
2ec3_d50a_0000_1605072766_169_generated
873e_6463_0000_1605072766_168_received
3b1c_2ec3_0000_1605072768_170_received
bad5_3b1c_0000_1605072769_171_received
ab6a_bad5_0000_1605072770_172_received
79d1_ab6a_0000_1605072771_173_received
f573_bad5_0000_1605072771_172_received
2382_79d1_0000_1605072773_174_generated
b8ec_2382_0000_1605072775_175_received
d130_b8ec_0000_1605072777_176_received
0a52_d130_0000_1605072778_177_received
2b16_0a52_0000_1605072781_178_generated
9ffa_2b16_0000_1605072782_179_received
caa7_9ffa_0000_1605072783_180_received
abdd_caa7_0000_1605072785_181_received
39b9_abdd_0000_1605072786_182_received
060b_39b9_0000_1605072788_183_generated
3b46_060b_0000_1605072791_184_received
10f7_3b46_0000_1605072791_185_received
8ff4_10f7_0000_1605072795_186_generated
af2c_10f7_0000_1605072793_186_received
08d4_8ff4_0000_1605072807_187_generated
7e45_08d4_0000_1605072809_188_received
621c_7e45_0000_1605072812_189_generated
549a_621c_0000_1605072814_190_received
b7ec_549a_0000_1605072819_191_generated
e83e_549a_0000_1605072818_191_received
0c83_e83e_0000_1605072820_192_received
b58e_0c83_0000_1605072820_193_received
0e12_b58e_0000_1605072822_194_received
3b61_0e12_0000_1605072826_195_generated
a92b_0e12_0000_1605072825_195_received
3f73_3b61_0000_1605072827_196_generated
0034_a92b_0000_1605072828_196_received
676d_3f73_0000_1605072831_197_generated
b7b3_676d_0000_1605072831_198_generated
a92a_b7b3_0000_1605072832_199_generated
b595_0034_0000_1605072832_197_received
3166_b595_0000_1605072832_198_received
cf16_a92a_0000_1605072834_200_generated
60ca_a92a_0000_1605072835_200_received
f2cb_cf16_0000_1605072837_201_generated
91f6_60ca_0000_1605072838_201_received
1fde_cf16_0000_1605072838_201_received
89b0_1fde_0000_1605072842_202_received
a825_89b0_0000_1605072845_203_generated
6e4c_a825_0000_1605072848_204_generated
c8a4_6e4c_0000_1605072849_205_generated
f2d8_c8a4_0000_1605072849_206_generated
18d0_f2d8_0000_1605072852_207_generated
13ab_18d0_0000_1605072853_208_generated
da23_f2d8_0000_1605072853_207_received
2e5f_13ab_0000_1605072855_209_generated
829c_13ab_0000_1605072854_209_received
de0e_2e5f_0000_1605072858_210_generated
01e8_de0e_0000_1605072859_211_generated
8a6e_01e8_0000_1605072860_212_generated
6aa6_8a6e_0000_1605072863_213_generated
a63b_8a6e_0000_1605072862_213_received
48e0_a63b_0000_1605072863_214_received
2bf0_48e0_0000_1605072864_215_received
858e_2bf0_0000_1605072866_216_received
f5f8_858e_0000_1605072866_217_received
127a_f5f8_0000_1605072866_218_received
dc0a_127a_0000_1605072867_219_received
e70a_dc0a_0000_1605072868_220_received
6f66_e70a_0000_1605072872_221_generated
f899_e70a_0000_1605072873_221_received
c163_6f66_0000_1605072874_222_received
6f6e_c163_0000_1605072879_223_generated
5f94_6f6e_0000_1605072880_224_received
abbd_5f94_0000_1605072883_225_received
f70f_abbd_0000_1605072886_226_generated
2bce_f70f_0000_1605072886_227_generated
1903_2bce_0000_1605072888_228_generated
737a_1903_0000_1605072890_229_generated
1efa_737a_0000_1605072891_230_generated
520d_737a_0000_1605072890_230_received
79f6_520d_0000_1605072891_231_received
83bc_520d_0000_1605072892_231_received
1163_79f6_0000_1605072892_232_received
b8be_1163_0000_1605072892_233_received
6f9f_83bc_0000_1605072894_232_received
393c_b8be_0000_1605072896_234_generated
40c2_b8be_0000_1605072895_234_received
d61b_393c_0000_1605072898_235_generated
19d3_40c2_0000_1605072897_235_received
6802_19d3_0000_1605072897_236_received
d142_6802_0000_1605072898_237_received
b9f3_d142_0000_1605072898_238_received
c3eb_b9f3_0000_1605072899_239_received
6f6f_c3eb_0000_1605072900_240_received
3571_6f6f_0000_1605072900_241_received
f6e1_3571_0000_1605072903_242_received
4c2b_f6e1_0000_1605072903_243_received
b0b4_4c2b_0000_1605072904_244_generated
4882_b0b4_0000_1605072905_245_generated
fb3e_b0b4_0000_1605072906_245_received
a7a9_4882_0000_1605072909_246_generated
28d7_a7a9_0000_1605072909_247_generated
37e5_28d7_0000_1605072912_248_generated
8a1a_37e5_0000_1605072916_249_generated
87f1_8a1a_0000_1605072916_250_received
01f1_87f1_0000_1605072918_251_received
a68c_01f1_0000_1605072919_252_received
52a1_a68c_0000_1605072921_253_generated
f2f7_52a1_0000_1605072922_254_generated
5210_f2f7_0000_1605072922_255_generated
6fba_5210_0000_1605072924_256_generated
cd5b_a68c_0000_1605072922_253_received
545b_f2f7_0000_1605072923_255_received
bc07_6fba_0000_1605072927_257_generated
2478_bc07_0000_1605072927_258_generated
79fc_545b_0000_1605072925_256_received
37db_cd5b_0000_1605072924_254_received
8a02_2478_0000_1605072930_259_generated
177a_79fc_0000_1605072929_257_received
581b_8a02_0000_1605072933_260_generated
8f27_581b_0000_1605072933_261_generated
efb1_581b_0000_1605072934_261_received
472e_efb1_0000_1605072935_262_received
7b6f_472e_0000_1605072937_263_generated
cc71_472e_0000_1605072936_263_received
6841_cc71_0000_1605072937_264_received
46ce_6841_0000_1605072942_265_generated
d24d_6841_0000_1605072941_265_received
70a9_d24d_0000_1605072942_266_received
fbe8_7b6f_0000_1605072944_264_received
6ab5_70a9_0000_1605072948_267_generated
13d5_fbe8_0000_1605072949_265_received
c3f1_6ab5_0000_1605072954_268_generated
51fa_c3f1_0000_1605072957_269_received
20b7_51fa_0000_1605072961_270_generated
d024_20b7_0000_1605072967_271_generated
54df_20b7_0000_1605072966_271_received
1e65_d024_0000_1605072968_272_generated
e2f0_1e65_0000_1605072969_273_generated
13c5_54df_0000_1605072967_272_received
7031_e2f0_0000_1605072971_274_generated
3395_7031_0000_1605072973_275_generated
100b_e2f0_0000_1605072972_274_received
8f0e_3395_0000_1605072975_276_generated
4035_8f0e_0000_1605072976_277_generated
bc75_4035_0000_1605072977_278_generated
3d72_bc75_0000_1605072977_279_generated
c1a2_3d72_0000_1605072982_280_generated
c850_13d5_0000_1605072981_266_received
bff3_c850_0000_1605072983_267_received
9e63_3d72_0000_1605072984_280_received
f471_9e63_0000_1605072986_281_received
d3d1_f471_0000_1605072989_282_generated
a8b3_bff3_0000_1605072990_268_received
3462_d3d1_0000_1605072992_283_received
4777_3462_0000_1605072998_284_generated
6584_4777_0000_1605073000_285_received
bc99_6584_0000_1605073001_286_received
de6d_bc99_0000_1605073004_287_received
44e8_de6d_0000_1605073007_288_received
724d_a8b3_0000_1605073007_269_received
f065_44e8_0000_1605073009_289_received
e8c1_f065_0000_1605073011_290_received
524c_724d_0000_1605073011_270_received
44ef_e8c1_0000_1605073012_291_received
15a9_44ef_0000_1605073016_292_generated
50f4_15a9_0000_1605073019_293_generated
d31d_50f4_0000_1605073022_294_received
7432_d31d_0000_1605073024_295_generated
6199_7432_0000_1605073025_296_generated
e221_d31d_0000_1605073025_295_received
9cba_6199_0000_1605073027_297_generated
aed8_9cba_0000_1605073029_298_generated
e151_aed8_0000_1605073031_299_generated
a235_e151_0000_1605073033_300_received
ec0b_a235_0000_1605073034_301_received
1c59_ec0b_0000_1605073034_302_received
f966_1c59_0000_1605073036_303_received
aaac_f966_0000_1605073039_304_generated
26ad_524c_0000_1605073037_271_received
17e5_aaac_0000_1605073041_305_generated
1374_17e5_0000_1605073042_306_generated
e384_1374_0000_1605073043_307_generated
15d4_e384_0000_1605073044_308_generated
f798_15d4_0000_1605073044_309_generated
4e73_26ad_0000_1605073044_272_received
cf7c_f798_0000_1605073047_310_generated
b98e_e384_0000_1605073046_308_received
97f9_4e73_0000_1605073047_273_received
7592_cf7c_0000_1605073052_311_generated
6e27_7592_0000_1605073053_312_generated
f17c_6e27_0000_1605073054_313_generated
0d1a_97f9_0000_1605073053_274_received
0e58_f17c_0000_1605073056_314_generated
2bf5_6e27_0000_1605073055_313_received
194b_2bf5_0000_1605073056_314_received
db2d_0d1a_0000_1605073060_275_received
30c8_db2d_0000_1605073062_276_received
a8ad_30c8_0000_1605073063_277_received
a006_a8ad_0000_1605073063_278_received
1e2a_194b_0000_1605073066_315_received
949e_1e2a_0000_1605073067_316_received
93c2_949e_0000_1605073069_317_received
642d_93c2_0000_1605073071_318_generated
b2bf_93c2_0000_1605073070_318_received
bb12_b2bf_0000_1605073070_319_received
cfba_bb12_0000_1605073073_320_generated
bf63_bb12_0000_1605073072_320_received
7531_bf63_0000_1605073073_321_received
80f4_a006_0000_1605073075_279_received
7b62_7531_0000_1605073075_322_received
344e_7b62_0000_1605073078_323_generated
92e2_344e_0000_1605073080_324_generated
5236_80f4_0000_1605073080_280_received
b725_344e_0000_1605073081_324_received
e9b9_92e2_0000_1605073085_325_generated
1ead_b725_0000_1605073086_325_received
e1a8_1ead_0000_1605073091_326_received
4c03_e1a8_0000_1605073093_327_received
ef48_4c03_0000_1605073096_328_generated
cef1_4c03_0000_1605073094_328_received
f790_cef1_0000_1605073095_329_received
ca2c_f790_0000_1605073096_330_received
3978_ca2c_0000_1605073097_331_received
3766_5236_0000_1605073098_281_received
96d4_3978_0000_1605073101_332_generated
6767_96d4_0000_1605073102_333_generated
c5f5_6767_0000_1605073103_334_generated
5ebf_c5f5_0000_1605073104_335_generated
bbf1_5ebf_0000_1605073105_336_generated
8830_bbf1_0000_1605073106_337_generated
f452_6767_0000_1605073105_334_received
8589_5ebf_0000_1605073107_336_received
2c67_3766_0000_1605073107_282_received
b374_2c67_0000_1605073108_283_received
9aba_8830_0000_1605073112_338_generated
c025_9aba_0000_1605073113_339_generated
2fb3_8830_0000_1605073111_338_received
fd38_2fb3_0000_1605073112_339_received
2240_fd38_0000_1605073115_340_received
08af_2240_0000_1605073118_341_received
b9ff_08af_0000_1605073121_342_generated
4e0b_b9ff_0000_1605073123_343_generated
64e4_b374_0000_1605073122_284_received
986f_4e0b_0000_1605073125_344_generated
ff29_64e4_0000_1605073127_285_received
acc2_986f_0000_1605073127_345_received
6f53_ff29_0000_1605073129_286_received
d898_acc2_0000_1605073133_346_generated
e440_d898_0000_1605073134_347_generated
08fe_acc2_0000_1605073134_346_received
ea55_e440_0000_1605073140_348_received
ef75_ea55_0000_1605073141_349_received
979d_ef75_0000_1605073142_350_received
b74a_979d_0000_1605073147_351_generated
d4cd_979d_0000_1605073146_351_received
8321_6f53_0000_1605073147_287_received
4918_8321_0000_1605073147_288_received
9fca_d4cd_0000_1605073150_352_received
2c3b_9fca_0000_1605073152_353_received
a88e_2c3b_0000_1605073152_354_received
bb68_a88e_0000_1605073153_355_received
9780_bb68_0000_1605073156_356_generated
71c2_bb68_0000_1605073154_356_received
72fa_9780_0000_1605073157_357_generated
66ec_72fa_0000_1605073157_358_generated
9029_66ec_0000_1605073159_359_generated
8777_4918_0000_1605073158_289_received
0540_71c2_0000_1605073159_357_received
f296_9029_0000_1605073162_360_generated
3565_f296_0000_1605073163_361_received
05fe_3565_0000_1605073165_362_received
780f_05fe_0000_1605073166_363_received
34fc_780f_0000_1605073168_364_received
a205_34fc_0000_1605073169_365_received
b079_a205_0000_1605073169_366_received
679c_b079_0000_1605073171_367_received
0486_679c_0000_1605073172_368_received
6347_0486_0000_1605073173_369_received
6f1e_6347_0000_1605073176_370_generated
adc4_6347_0000_1605073175_370_received
b0c1_adc4_0000_1605073176_371_received
6137_8777_0000_1605073178_290_received
58bb_b0c1_0000_1605073181_372_received
0671_58bb_0000_1605073183_373_generated
f6f9_58bb_0000_1605073182_373_received
9baa_f6f9_0000_1605073183_374_received
b865_9baa_0000_1605073185_375_generated
7a9f_b865_0000_1605073187_376_generated
8106_9baa_0000_1605073186_375_received
0115_7a9f_0000_1605073189_377_generated
ecf4_8106_0000_1605073188_376_received
a693_0115_0000_1605073192_378_generated
7832_a693_0000_1605073194_379_generated
3628_0115_0000_1605073193_378_received
00a6_3628_0000_1605073193_379_received
17dc_7832_0000_1605073198_380_generated
d789_00a6_0000_1605073196_380_received
23ce_d789_0000_1605073197_381_received
7346_23ce_0000_1605073199_382_received
a18a_7346_0000_1605073201_383_received
14fc_6137_0000_1605073202_291_received
b405_14fc_0000_1605073204_292_received
be99_a18a_0000_1605073211_384_generated
7fbc_a18a_0000_1605073212_384_received
51ba_be99_0000_1605073215_385_generated
d3e1_51ba_0000_1605073218_386_received
5d93_d3e1_0000_1605073218_387_received
a370_5d93_0000_1605073221_388_generated
e8c4_a370_0000_1605073221_389_generated
