1745_9e1c_0000_1607352611_1_received
6b5e_1745_0000_1607352613_2_received
7466_6b5e_0000_1607352615_3_received
8e29_7466_0000_1607352620_4_received
fd8a_8e29_0000_1607352624_5_received
effd_fd8a_0000_1607352625_6_received
bf64_effd_0000_1607352627_7_received
7088_bf64_0000_1607352627_8_received
2c0c_7088_0000_1607352631_9_received
e245_2c0c_0000_1607352632_10_received
64d5_e245_0000_1607352637_11_received
4d16_64d5_0000_1607352638_12_received
453c_4d16_0000_1607352640_13_received
f949_453c_0000_1607352641_14_received
a928_f949_0000_1607352646_15_received
ef04_a928_0000_1607352651_16_received
03c1_ef04_0000_1607352651_17_received
2ed3_03c1_0000_1607352659_18_received
ad64_2ed3_0000_1607352660_19_received
0aa3_ad64_0000_1607352660_20_received
a6a4_0aa3_0000_1607352662_21_received
fff0_a6a4_0000_1607352665_22_received
f59c_fff0_0000_1607352670_23_received
1a82_f59c_0000_1607352672_24_received
ffeb_1a82_0000_1607352673_25_received
3c46_ffeb_0000_1607352675_26_received
f609_3c46_0000_1607352675_27_received
47f8_3c46_0000_1607352676_27_received
277c_47f8_0000_1607352679_28_received
1cbb_277c_0000_1607352683_29_received
7fb8_277c_0000_1607352684_29_received
3d49_1cbb_0000_1607352685_30_received
8b02_3d49_0000_1607352687_31_received
8899_8b02_0000_1607352689_32_received
25e6_8899_0000_1607352691_33_received
625b_25e6_0000_1607352693_34_received
bd81_625b_0000_1607352695_35_received
39cb_bd81_0000_1607352696_36_received
5998_39cb_0000_1607352698_37_received
0bf5_5998_0000_1607352700_38_received
a754_0bf5_0000_1607352700_39_received
6a3c_a754_0000_1607352703_40_received
f6aa_6a3c_0000_1607352706_41_received
3bdc_f6aa_0000_1607352707_42_received
1c94_3bdc_0000_1607352709_43_received
05d4_1c94_0000_1607352710_44_received
247c_05d4_0000_1607352712_45_received
973a_247c_0000_1607352715_46_received
6d5c_973a_0000_1607352717_47_received
f073_6d5c_0000_1607352718_48_received
eb9d_f073_0000_1607352719_49_received
84c6_eb9d_0000_1607352722_50_received
60f1_84c6_0000_1607352723_51_received
04fa_60f1_0000_1607352727_52_received
