459d_9e1c_0000_1605069603_1_received
47db_459d_0000_1605069603_2_received
3494_47db_0000_1605069605_3_received
7b7e_3494_0000_1605069612_4_received
ef1d_7b7e_0000_1605069614_5_received
9e0d_ef1d_0000_1605069614_6_received
120a_9e0d_0000_1605069615_7_received
3e0c_120a_0000_1605069616_8_received
bf6b_3e0c_0000_1605069616_9_received
d022_bf6b_0000_1605069618_10_received
46c3_d022_0000_1605069620_11_received
9b4b_46c3_0000_1605069622_12_received
9f41_9b4b_0000_1605069625_13_received
e870_9f41_0000_1605069627_14_received
5379_9f41_0000_1605069628_14_received
dbad_e870_0000_1605069637_15_received
441f_dbad_0000_1605069639_16_received
2e5b_dbad_0000_1605069640_16_received
1dde_441f_0000_1605069642_17_received
c31c_1dde_0000_1605069645_18_received
3093_c31c_0000_1605069646_19_received
ce2f_3093_0000_1605069656_20_received
472d_ce2f_0000_1605069658_21_received
51bb_ce2f_0000_1605069659_21_received
7941_51bb_0000_1605069660_22_received
ca1f_7941_0000_1605069661_23_received
f83c_ca1f_0000_1605069663_24_received
3289_f83c_0000_1605069664_25_received
3338_3289_0000_1605069668_26_received
337c_3338_0000_1605069669_27_received
9b64_337c_0000_1605069671_28_received
07c5_9b64_0000_1605069673_29_received
11cc_07c5_0000_1605069677_30_received
2589_11cc_0000_1605069685_31_received
3173_2589_0000_1605069687_32_received
1bfc_3173_0000_1605069688_33_received
b738_1bfc_0000_1605069691_34_received
1e81_b738_0000_1605069693_35_received
a8a2_1e81_0000_1605069695_36_received
68da_a8a2_0000_1605069703_37_received
253d_68da_0000_1605069706_38_received
82b7_253d_0000_1605069709_39_received
3786_82b7_0000_1605069711_40_received
2b8e_3786_0000_1605069711_41_received
0042_3786_0000_1605069712_41_received
f430_0042_0000_1605069714_42_received
77f6_f430_0000_1605069716_43_received
31b6_77f6_0000_1605069721_44_received
ef5f_77f6_0000_1605069722_44_received
5666_31b6_0000_1605069726_45_received
a2a1_5666_0000_1605069727_46_received
c9df_a2a1_0000_1605069729_47_received
bf33_c9df_0000_1605069730_48_received
4064_bf33_0000_1605069733_49_received
62f9_4064_0000_1605069733_50_received
2946_62f9_0000_1605069737_51_received
22a5_2946_0000_1605069740_52_received
c81d_22a5_0000_1605069745_53_received
dce7_c81d_0000_1605069746_54_received
a2ad_dce7_0000_1605069753_55_received
33bc_a2ad_0000_1605069759_56_received
265e_33bc_0000_1605069770_57_received
4443_265e_0000_1605069776_58_received
482a_4443_0000_1605069780_59_received
0978_482a_0000_1605069782_60_received
65a9_0978_0000_1605069784_61_received
55be_65a9_0000_1605069787_62_received
f757_55be_0000_1605069787_63_received
dbd6_f757_0000_1605069789_64_received
4090_dbd6_0000_1605069790_65_received
cbde_4090_0000_1605069791_66_received
d12e_cbde_0000_1605069791_67_received
e0c3_d12e_0000_1605069794_68_received
1e64_e0c3_0000_1605069797_69_received
37b1_1e64_0000_1605069800_70_received
3f6a_37b1_0000_1605069802_71_received
216a_3f6a_0000_1605069804_72_received
c432_216a_0000_1605069807_73_received
98cf_c432_0000_1605069807_74_received
81b7_98cf_0000_1605069809_75_generated
31c9_81b7_0000_1605069811_76_received
1221_31c9_0000_1605069813_77_received
f438_1221_0000_1605069814_78_received
8119_1221_0000_1605069815_78_received
e413_f438_0000_1605069816_79_received
d469_e413_0000_1605069826_80_received
094c_d469_0000_1605069826_81_received
e1b6_094c_0000_1605069828_82_received
4243_e1b6_0000_1605069833_83_received
0303_4243_0000_1605069838_84_received
645c_0303_0000_1605069842_85_received
2df3_645c_0000_1605069845_86_received
5a6a_2df3_0000_1605069846_87_received
8576_5a6a_0000_1605069848_88_received
0cdd_8576_0000_1605069849_89_received
4c2d_5a6a_0000_1605069849_88_received
fb30_4c2d_0000_1605069849_89_received
ee22_0cdd_0000_1605069849_90_received
641e_ee22_0000_1605069853_91_received
80d3_641e_0000_1605069854_92_received
5c7b_80d3_0000_1605069855_93_received
1565_80d3_0000_1605069856_93_received
f8ea_5c7b_0000_1605069860_94_received
78a7_f8ea_0000_1605069865_95_received
6f99_78a7_0000_1605069866_96_received
6cd7_6f99_0000_1605069868_97_received
4b4b_6f99_0000_1605069869_97_received
0456_4b4b_0000_1605069871_98_received
04ec_0456_0000_1605069872_99_received
74eb_0456_0000_1605069873_99_received
9f20_04ec_0000_1605069877_100_received
2dd6_9f20_0000_1605069877_101_received
52e1_2dd6_0000_1605069884_102_received
a97d_52e1_0000_1605069886_103_received
e7f1_a97d_0000_1605069888_104_received
122a_e7f1_0000_1605069890_105_received
41fd_122a_0000_1605069894_106_received
dd2c_41fd_0000_1605069895_107_received
d39e_dd2c_0000_1605069899_108_received
7b18_d39e_0000_1605069899_109_received
775d_7b18_0000_1605069902_110_received
3d01_775d_0000_1605069902_111_received
31e5_3d01_0000_1605069902_112_received
3a76_31e5_0000_1605069903_113_received
acdd_7b18_0000_1605069903_110_received
8cd4_31e5_0000_1605069904_113_received
8dff_3a76_0000_1605069905_114_received
95bf_8dff_0000_1605069907_115_received
9fc7_95bf_0000_1605069907_116_received
65f9_9fc7_0000_1605069910_117_received
ebf3_65f9_0000_1605069921_118_received
46ac_ebf3_0000_1605069922_119_received
ebb6_46ac_0000_1605069925_120_received
c7d4_ebb6_0000_1605069925_121_received
27d5_c7d4_0000_1605069927_122_received
df06_27d5_0000_1605069933_123_received
ec33_df06_0000_1605069935_124_received
f596_ec33_0000_1605069936_125_received
834e_f596_0000_1605069938_126_received
a5c9_834e_0000_1605069949_127_received
bcc5_a5c9_0000_1605069951_128_received
d9ff_bcc5_0000_1605069955_129_received
a747_d9ff_0000_1605069956_130_received
0f8b_d9ff_0000_1605069957_130_received
c6bd_a747_0000_1605069957_131_received
b878_c6bd_0000_1605069962_132_received
680f_b878_0000_1605069963_133_received
4727_b878_0000_1605069964_133_received
358a_680f_0000_1605069964_134_received
0f3b_358a_0000_1605069967_135_received
cd79_0f3b_0000_1605069969_136_received
7871_cd79_0000_1605069972_137_received
7c53_7871_0000_1605069974_138_received
8a89_7c53_0000_1605069977_139_received
4538_7c53_0000_1605069978_139_received
9bd7_4538_0000_1605069985_140_received
5e9c_9bd7_0000_1605069986_141_received
d17b_5e9c_0000_1605069993_142_received
e615_d17b_0000_1605070000_143_generated
140d_d17b_0000_1605069999_143_received
3596_140d_0000_1605070002_144_received
443c_140d_0000_1605070003_144_received
9d59_3596_0000_1605070005_145_received
dd36_9d59_0000_1605070009_146_received
7f6e_9d59_0000_1605070010_146_received
bc04_7f6e_0000_1605070013_147_received
fe1a_bc04_0000_1605070014_148_received
e2a0_fe1a_0000_1605070015_149_received
a4ee_e2a0_0000_1605070019_150_received
2926_a4ee_0000_1605070020_151_received
1745_2926_0000_1605070021_152_received
773a_2926_0000_1605070022_152_received
b66b_1745_0000_1605070023_153_received
8fb7_b66b_0000_1605070026_154_received
d338_8fb7_0000_1605070031_155_received
ebb8_d338_0000_1605070031_156_received
80e4_ebb8_0000_1605070033_157_received
32f1_80e4_0000_1605070034_158_received
87fc_32f1_0000_1605070036_159_received
287b_87fc_0000_1605070039_160_received
7e8f_287b_0000_1605070042_161_received
9e3f_7e8f_0000_1605070044_162_received
ddcc_9e3f_0000_1605070048_163_received
32a0_ddcc_0000_1605070050_164_received
9565_32a0_0000_1605070053_165_received
e5b0_9565_0000_1605070055_166_received
cb09_e5b0_0000_1605070056_167_received
8a86_cb09_0000_1605070056_168_received
dad2_8a86_0000_1605070060_169_received
9604_dad2_0000_1605070063_170_received
2d45_9604_0000_1605070069_171_received
9e74_2d45_0000_1605070070_172_received
8913_9e74_0000_1605070082_173_received
8097_9e74_0000_1605070083_173_received
e87a_8097_0000_1605070083_174_received
be0d_e87a_0000_1605070085_175_received
f078_be0d_0000_1605070096_176_received
da76_f078_0000_1605070098_177_received
501b_da76_0000_1605070100_178_received
20c6_501b_0000_1605070100_179_received
acd3_20c6_0000_1605070105_180_received
fa6f_acd3_0000_1605070106_181_received
5fe6_fa6f_0000_1605070110_182_received
48d2_5fe6_0000_1605070114_183_received
ab4b_48d2_0000_1605070115_184_received
a1bb_ab4b_0000_1605070120_185_received
ac2b_ab4b_0000_1605070121_185_received
a961_a1bb_0000_1605070129_186_received
4923_a961_0000_1605070130_187_received
8b10_4923_0000_1605070137_188_received
c52e_8b10_0000_1605070139_189_received
b451_c52e_0000_1605070139_190_received
6c43_b451_0000_1605070139_191_received
fdfd_6c43_0000_1605070141_192_received
2a14_fdfd_0000_1605070144_193_received
ceb9_2a14_0000_1605070144_194_received
3a94_ceb9_0000_1605070149_195_received
4ef8_3a94_0000_1605070150_196_received
e6ea_4ef8_0000_1605070153_197_received
bdef_e6ea_0000_1605070157_198_received
59a8_bdef_0000_1605070158_199_received
7efa_59a8_0000_1605070161_200_received
4911_7efa_0000_1605070162_201_received
585b_4911_0000_1605070167_202_received
5102_4911_0000_1605070168_202_received
1adb_585b_0000_1605070172_203_received
36e2_1adb_0000_1605070173_204_received
7fc1_36e2_0000_1605070176_205_received
a484_7fc1_0000_1605070179_206_generated
834b_a484_0000_1605070182_207_received
9fb2_834b_0000_1605070187_208_generated
32a7_9fb2_0000_1605070189_209_received
3b14_32a7_0000_1605070194_210_generated
ac2c_3b14_0000_1605070204_211_received
8f8b_ac2c_0000_1605070208_212_received
43ad_8f8b_0000_1605070212_213_received
85a8_43ad_0000_1605070216_214_received
c55a_85a8_0000_1605070217_215_received
d323_c55a_0000_1605070221_216_received
bce5_d323_0000_1605070223_217_generated
fbf8_d323_0000_1605070222_217_received
57d5_fbf8_0000_1605070226_218_received
29cd_57d5_0000_1605070230_219_received
0129_29cd_0000_1605070235_220_received
04c1_0129_0000_1605070239_221_received
7252_04c1_0000_1605070241_222_received
ee87_7252_0000_1605070248_223_received
8414_ee87_0000_1605070248_224_received
a810_8414_0000_1605070254_225_received
2a12_a810_0000_1605070255_226_received
1a02_8414_0000_1605070255_225_received
4e73_2a12_0000_1605070260_227_received
b154_4e73_0000_1605070264_228_received
76e4_b154_0000_1605070265_229_received
befb_76e4_0000_1605070267_230_received
9b8b_befb_0000_1605070269_231_received
c8f5_9b8b_0000_1605070269_232_received
d267_9b8b_0000_1605070270_232_received
4071_c8f5_0000_1605070270_233_received
ab93_d267_0000_1605070271_233_received
762a_ab93_0000_1605070272_234_received
44b2_762a_0000_1605070275_235_received
f5e1_44b2_0000_1605070277_236_received
0b01_f5e1_0000_1605070283_237_received
1c26_0b01_0000_1605070285_238_received
b455_1c26_0000_1605070289_239_received
b477_b455_0000_1605070290_240_received
328a_b477_0000_1605070295_241_received
09da_b477_0000_1605070296_241_received
6b1a_09da_0000_1605070296_242_received
16c5_6b1a_0000_1605070302_243_received
a4f1_16c5_0000_1605070304_244_received
6db2_a4f1_0000_1605070308_245_received
5b5f_a4f1_0000_1605070309_245_received
3b5a_5b5f_0000_1605070309_246_received
a7a1_3b5a_0000_1605070314_247_received
f1ff_a7a1_0000_1605070314_248_received
b3b4_f1ff_0000_1605070315_249_received
