2bab_9e1c_0000_1605033433_1_received
4cc8_2bab_0000_1605033436_2_received
9c95_4cc8_0000_1605033437_3_received
a679_9c95_0000_1605033439_4_received
48fc_9c95_0000_1605033440_4_received
c8f4_48fc_0000_1605033441_5_received
43f9_c8f4_0000_1605033442_6_received
d9e5_c8f4_0000_1605033443_6_received
62a1_d9e5_0000_1605033445_7_received
5d03_43f9_0000_1605033446_7_received
7536_62a1_0000_1605033448_8_generated
2112_5d03_0000_1605033448_8_received
ad15_7536_0000_1605033450_9_received
227e_ad15_0000_1605033456_10_received
2e7c_227e_0000_1605033458_11_generated
9ff9_2e7c_0000_1605033458_12_received
ca6b_9ff9_0000_1605033462_13_received
a65b_ca6b_0000_1605033462_14_received
17e7_a65b_0000_1605033463_15_received
d18e_17e7_0000_1605033464_16_received
dd26_d18e_0000_1605033466_17_received
3237_d18e_0000_1605033467_17_received
e986_3237_0000_1605033468_18_received
8d8a_dd26_0000_1605033468_18_received
e060_e986_0000_1605033469_19_received
1b70_8d8a_0000_1605033469_19_received
a649_1b70_0000_1605033469_20_received
84b7_e060_0000_1605033470_20_received
3ebd_84b7_0000_1605033470_21_received
75e7_3ebd_0000_1605033470_22_received
8a7f_75e7_0000_1605033471_23_received
7ae7_8a7f_0000_1605033472_24_received
756d_7ae7_0000_1605033475_25_received
d0e9_756d_0000_1605033477_26_received
c39d_d0e9_0000_1605033478_27_received
a50b_c39d_0000_1605033480_28_received
e353_a50b_0000_1605033481_29_received
56dc_e353_0000_1605033484_30_received
3995_56dc_0000_1605033485_31_received
2c86_56dc_0000_1605033486_31_received
9983_3995_0000_1605033487_32_received
91fd_9983_0000_1605033487_33_received
168e_91fd_0000_1605033489_34_generated
0b1c_91fd_0000_1605033490_34_received
5243_0b1c_0000_1605033491_35_received
1356_5243_0000_1605033491_36_received
0099_1356_0000_1605033491_37_received
f21a_0099_0000_1605033494_38_received
505b_f21a_0000_1605033497_39_received
cc26_505b_0000_1605033498_40_received
68b3_cc26_0000_1605033499_41_received
c807_68b3_0000_1605033500_42_received
fe72_68b3_0000_1605033501_42_received
b505_c807_0000_1605033503_43_generated
8ef6_fe72_0000_1605033502_43_received
25a9_c807_0000_1605033502_43_received
974c_8ef6_0000_1605033502_44_received
7d5e_974c_0000_1605033502_45_received
f108_7d5e_0000_1605033507_46_received
c00a_f108_0000_1605033511_47_received
7c88_f108_0000_1605033512_47_received
444c_c00a_0000_1605033513_48_received
3a3a_444c_0000_1605033514_49_received
480d_3a3a_0000_1605033516_50_received
7e34_480d_0000_1605033516_51_received
6586_7e34_0000_1605033517_52_received
3971_6586_0000_1605033518_53_received
f2ca_7e34_0000_1605033518_52_received
d2c0_3971_0000_1605033518_54_received
b744_d2c0_0000_1605033524_55_generated
9d24_b744_0000_1605033524_56_received
73ae_9d24_0000_1605033526_57_received
d930_73ae_0000_1605033529_58_received
2aab_d930_0000_1605033533_59_received
b2f0_2aab_0000_1605033534_60_received
1901_b2f0_0000_1605033539_61_generated
4d40_1901_0000_1605033541_62_received
b747_4d40_0000_1605033543_63_received
ebc3_b747_0000_1605033544_64_received
bc22_ebc3_0000_1605033546_65_generated
addc_bc22_0000_1605033548_66_received
2165_addc_0000_1605033549_67_received
e3c3_2165_0000_1605033552_68_received
3011_e3c3_0000_1605033554_69_received
b94f_3011_0000_1605033556_70_received
55b2_b94f_0000_1605033559_71_received
e6f7_55b2_0000_1605033560_72_received
aa78_e6f7_0000_1605033563_73_received
3efa_aa78_0000_1605033566_74_received
ac04_3efa_0000_1605033567_75_received
5996_ac04_0000_1605033569_76_received
ec6c_5996_0000_1605033571_77_received
2e1d_ec6c_0000_1605033571_78_received
1188_5996_0000_1605033572_77_received
6974_2e1d_0000_1605033575_79_received
f37d_6974_0000_1605033576_80_received
4b6f_f37d_0000_1605033577_81_received
d4f2_6974_0000_1605033578_80_received
fff5_4b6f_0000_1605033583_82_received
69ea_fff5_0000_1605033584_83_received
d54c_fff5_0000_1605033585_83_received
222d_69ea_0000_1605033586_84_generated
8f76_d54c_0000_1605033586_84_received
2293_222d_0000_1605033589_85_received
33a3_2293_0000_1605033593_86_generated
550b_33a3_0000_1605033600_87_generated
1e17_33a3_0000_1605033598_87_received
04f7_550b_0000_1605033600_88_generated
b321_1e17_0000_1605033599_88_received
fa38_33a3_0000_1605033599_87_received
d87f_b321_0000_1605033601_89_received
a048_d87f_0000_1605033604_90_received
4810_a048_0000_1605033605_91_received
631f_4810_0000_1605033608_92_received
84cb_631f_0000_1605033608_93_received
917d_84cb_0000_1605033610_94_received
f83d_84cb_0000_1605033611_94_received
ba82_917d_0000_1605033617_95_generated
0083_ba82_0000_1605033618_96_generated
cd04_0083_0000_1605033622_97_received
889e_0083_0000_1605033623_97_received
6214_cd04_0000_1605033623_98_received
87bf_6214_0000_1605033625_99_received
16d8_6214_0000_1605033626_99_received
225b_87bf_0000_1605033627_100_received
7f23_225b_0000_1605033629_101_received
4ee8_7f23_0000_1605033630_102_received
3b94_4ee8_0000_1605033633_103_received
909f_3b94_0000_1605033634_104_received
40e6_3b94_0000_1605033635_104_received
bddf_909f_0000_1605033635_105_received
67a8_40e6_0000_1605033636_105_received
4da4_bddf_0000_1605033638_106_received
93bf_4da4_0000_1605033641_107_received
5073_93bf_0000_1605033643_108_received
5548_5073_0000_1605033643_109_received
68a0_5548_0000_1605033646_110_received
2bea_68a0_0000_1605033647_111_received
ee65_2bea_0000_1605033649_112_generated
05bc_2bea_0000_1605033650_112_received
f09e_05bc_0000_1605033650_113_received
08ba_f09e_0000_1605033652_114_received
b377_08ba_0000_1605033653_115_received
81fb_b377_0000_1605033659_116_received
ce11_81fb_0000_1605033659_117_received
b421_ce11_0000_1605033662_118_generated
d247_b421_0000_1605033667_119_generated
4a83_b421_0000_1605033666_119_received
adee_4a83_0000_1605033669_120_received
6407_adee_0000_1605033669_121_received
0c69_6407_0000_1605033671_122_generated
82f2_adee_0000_1605033670_121_received
0c30_0c69_0000_1605033675_123_generated
a5d0_0c30_0000_1605033681_124_received
ba5c_a5d0_0000_1605033683_125_received
88da_ba5c_0000_1605033688_126_received
5304_88da_0000_1605033689_127_received
58d9_5304_0000_1605033691_128_received
347e_58d9_0000_1605033691_129_received
b39e_347e_0000_1605033692_130_received
1818_58d9_0000_1605033692_129_received
9ec9_b39e_0000_1605033694_131_received
4fdb_9ec9_0000_1605033695_132_received
79d5_4fdb_0000_1605033698_133_generated
a24a_4fdb_0000_1605033697_133_received
03b9_a24a_0000_1605033699_134_received
2353_03b9_0000_1605033702_135_received
52ad_2353_0000_1605033704_136_received
7dc0_52ad_0000_1605033706_137_generated
2ccc_52ad_0000_1605033707_137_received
5573_7dc0_0000_1605033715_138_generated
f762_5573_0000_1605033715_139_generated
352e_2ccc_0000_1605033715_138_received
fe62_352e_0000_1605033716_139_received
7b31_f762_0000_1605033720_140_generated
6e2c_7b31_0000_1605033723_141_received
bfa7_6e2c_0000_1605033723_142_received
454f_bfa7_0000_1605033725_143_received
37ed_454f_0000_1605033727_144_generated
9c7a_454f_0000_1605033726_144_received
eab6_9c7a_0000_1605033727_145_received
195d_eab6_0000_1605033729_146_received
6a62_195d_0000_1605033730_147_received
af7a_6a62_0000_1605033730_148_received
9390_af7a_0000_1605033731_149_received
9bb6_9390_0000_1605033731_150_received
8ba9_9bb6_0000_1605033732_151_received
0c0d_9bb6_0000_1605033733_151_received
efa6_8ba9_0000_1605033733_152_received
d150_0c0d_0000_1605033733_152_received
5084_d150_0000_1605033735_153_received
50c2_5084_0000_1605033737_154_generated
ad28_50c2_0000_1605033739_155_received
6e79_ad28_0000_1605033739_156_received
f670_6e79_0000_1605033743_157_received
ab3a_f670_0000_1605033746_158_generated
3348_ab3a_0000_1605033746_159_received
bf40_3348_0000_1605033750_160_received
0b28_bf40_0000_1605033750_161_received
effb_0b28_0000_1605033752_162_received
37c1_effb_0000_1605033752_163_received
921a_effb_0000_1605033753_163_received
ca3c_37c1_0000_1605033755_164_received
b560_ca3c_0000_1605033758_165_received
a8b3_b560_0000_1605033759_166_generated
6158_a8b3_0000_1605033760_167_generated
43e6_a8b3_0000_1605033761_167_received
7b7e_6158_0000_1605033762_168_generated
7659_6158_0000_1605033761_168_received
c850_7659_0000_1605033761_169_received
ab01_c850_0000_1605033764_170_received
3722_ab01_0000_1605033767_171_generated
22ff_3722_0000_1605033769_172_generated
39e0_22ff_0000_1605033772_173_received
7ad3_39e0_0000_1605033772_174_received
c0b4_7ad3_0000_1605033773_175_received
117e_39e0_0000_1605033773_174_received
446f_c0b4_0000_1605033775_176_received
afa5_c0b4_0000_1605033776_176_received
0401_446f_0000_1605033779_177_received
36b8_0401_0000_1605033781_178_received
eb37_36b8_0000_1605033781_179_received
f5d4_eb37_0000_1605033783_180_received
1459_f5d4_0000_1605033784_181_received
07a2_1459_0000_1605033785_182_received
724e_07a2_0000_1605033787_183_received
8d7e_724e_0000_1605033789_184_received
ab19_8d7e_0000_1605033790_185_received
1419_ab19_0000_1605033790_186_received
a1fd_1419_0000_1605033791_187_received
0e08_724e_0000_1605033791_184_received
d27a_a1fd_0000_1605033792_188_received
7e6d_d27a_0000_1605033793_189_received
4b11_7e6d_0000_1605033793_190_received
2c9d_4b11_0000_1605033796_191_generated
d0c9_4b11_0000_1605033795_191_received
cab2_2c9d_0000_1605033797_192_generated
b040_d0c9_0000_1605033796_192_received
fcce_cab2_0000_1605033799_193_generated
fee1_b040_0000_1605033799_193_received
df18_fee1_0000_1605033800_194_received
a8a6_df18_0000_1605033803_195_generated
80cb_df18_0000_1605033802_195_received
2425_80cb_0000_1605033804_196_received
7e04_2425_0000_1605033806_197_received
d9a8_7e04_0000_1605033809_198_generated
be35_d9a8_0000_1605033811_199_received
57d4_be35_0000_1605033812_200_received
c129_57d4_0000_1605033813_201_received
e715_57d4_0000_1605033814_201_received
3528_e715_0000_1605033814_202_received
2a24_3528_0000_1605033816_203_generated
1c7a_2a24_0000_1605033818_204_received
b1d3_1c7a_0000_1605033818_205_received
1eba_b1d3_0000_1605033821_206_received
3c44_1eba_0000_1605033822_207_received
19c0_1eba_0000_1605033823_207_received
9a7d_3c44_0000_1605033824_208_received
6391_9a7d_0000_1605033826_209_received
5ef2_6391_0000_1605033826_210_received
cf8b_5ef2_0000_1605033833_211_generated
b56a_cf8b_0000_1605033834_212_generated
fe04_b56a_0000_1605033836_213_generated
dd95_cf8b_0000_1605033835_212_received
72d3_dd95_0000_1605033835_213_received
5a92_72d3_0000_1605033836_214_received
43bf_5a92_0000_1605033838_215_received
af69_43bf_0000_1605033841_216_received
7210_af69_0000_1605033843_217_received
4026_7210_0000_1605033844_218_received
51bf_4026_0000_1605033846_219_received
820e_51bf_0000_1605033847_220_received
812d_820e_0000_1605033848_221_received
a1eb_812d_0000_1605033851_222_generated
d23b_812d_0000_1605033850_222_received
e7d8_a1eb_0000_1605033853_223_generated
6745_e7d8_0000_1605033854_224_received
86ed_6745_0000_1605033855_225_received
1e74_86ed_0000_1605033856_226_received
42c9_1e74_0000_1605033858_227_generated
03f0_42c9_0000_1605033860_228_received
619d_03f0_0000_1605033862_229_received
6a56_619d_0000_1605033862_230_received
4dc2_6a56_0000_1605033865_231_generated
912b_6a56_0000_1605033864_231_received
0110_4dc2_0000_1605033866_232_generated
c79b_0110_0000_1605033866_233_generated
0c37_0110_0000_1605033867_233_received
75cc_912b_0000_1605033866_232_received
9cd1_75cc_0000_1605033866_233_received
5b6d_0c37_0000_1605033869_234_received
e320_5b6d_0000_1605033870_235_received
08a6_e320_0000_1605033870_236_received
788c_08a6_0000_1605033871_237_received
b72a_788c_0000_1605033872_238_received
7fb4_b72a_0000_1605033872_239_received
75d3_7fb4_0000_1605033873_240_received
d66e_75d3_0000_1605033878_241_generated
d283_d66e_0000_1605033880_242_received
492f_d283_0000_1605033883_243_generated
9028_492f_0000_1605033885_244_received
4464_9028_0000_1605033887_245_received
49ba_4464_0000_1605033889_246_generated
d3d3_4464_0000_1605033890_246_received
5c84_49ba_0000_1605033890_247_received
478f_5c84_0000_1605033892_248_generated
1d3c_5c84_0000_1605033891_248_received
4467_1d3c_0000_1605033892_249_received
7738_4467_0000_1605033894_250_received
1eb9_7738_0000_1605033903_251_generated
1e7f_1eb9_0000_1605033905_252_received
0a12_1e7f_0000_1605033906_253_received
0b66_0a12_0000_1605033907_254_received
3617_0b66_0000_1605033908_255_received
6e37_3617_0000_1605033911_256_generated
d208_6e37_0000_1605033911_257_generated
d58d_3617_0000_1605033910_256_received
a542_d208_0000_1605033915_258_received
b307_a542_0000_1605033917_259_received
0336_b307_0000_1605033917_260_received
996b_0336_0000_1605033917_261_received
46b7_996b_0000_1605033918_262_received
a1e5_46b7_0000_1605033923_263_received
8ca7_a1e5_0000_1605033923_264_received
2b10_8ca7_0000_1605033924_265_received
5b61_2b10_0000_1605033927_266_generated
f438_2b10_0000_1605033926_266_received
fb05_5b61_0000_1605033928_267_generated
79fa_fb05_0000_1605033931_268_received
ca88_79fa_0000_1605033931_269_received
2e32_ca88_0000_1605033932_270_received
3fd7_ca88_0000_1605033933_270_received
7fbc_2e32_0000_1605033936_271_received
4325_3fd7_0000_1605033936_271_received
6348_7fbc_0000_1605033938_272_received
1f5d_6348_0000_1605033942_273_generated
c53e_1f5d_0000_1605033945_274_received
ed9c_c53e_0000_1605033946_275_received
41be_ed9c_0000_1605033948_276_received
203e_41be_0000_1605033948_277_received
ddaa_203e_0000_1605033949_278_received
5e1e_203e_0000_1605033950_278_received
4ae6_ddaa_0000_1605033953_279_generated
ec29_5e1e_0000_1605033952_279_received
518d_ec29_0000_1605033953_280_received
2aed_518d_0000_1605033957_281_received
83ac_2aed_0000_1605033958_282_received
db84_83ac_0000_1605033961_283_received
8a4f_db84_0000_1605033963_284_received
cc82_8a4f_0000_1605033965_285_received
9d5c_cc82_0000_1605033967_286_generated
3300_9d5c_0000_1605033968_287_received
d15f_9d5c_0000_1605033969_287_received
3e8a_3300_0000_1605033970_288_received
6907_3e8a_0000_1605033972_289_generated
71ba_d15f_0000_1605033971_288_received
1586_71ba_0000_1605033972_289_received
0067_6907_0000_1605033974_290_received
1bb0_0067_0000_1605033977_291_generated
f533_1bb0_0000_1605033979_292_generated
cd61_f533_0000_1605033979_293_received
7990_cd61_0000_1605033980_294_received
9a89_7990_0000_1605033982_295_received
0d1f_9a89_0000_1605033983_296_received
4474_0d1f_0000_1605033988_297_received
644c_4474_0000_1605033989_298_received
9290_4474_0000_1605033990_298_received
f0b7_644c_0000_1605033993_299_received
debb_f0b7_0000_1605033994_300_received
d6c3_debb_0000_1605033999_301_received
81cd_d6c3_0000_1605033999_302_received
6508_81cd_0000_1605034002_303_received
35e8_6508_0000_1605034004_304_received
cbe3_35e8_0000_1605034005_305_received
4f74_cbe3_0000_1605034005_306_received
5c2f_4f74_0000_1605034009_307_received
a43d_5c2f_0000_1605034013_308_received
b7e8_a43d_0000_1605034015_309_received
60c1_b7e8_0000_1605034016_310_received
f3df_60c1_0000_1605034019_311_received
078f_f3df_0000_1605034023_312_generated
f58f_f3df_0000_1605034022_312_received
7ea0_078f_0000_1605034026_313_generated
806b_f58f_0000_1605034025_313_received
7be4_f58f_0000_1605034026_313_received
9f15_7ea0_0000_1605034028_314_generated
f4fd_7be4_0000_1605034028_314_received
de9f_9f15_0000_1605034032_315_generated
4114_f4fd_0000_1605034030_315_received
e6ca_4114_0000_1605034033_316_received
ce7c_e6ca_0000_1605034035_317_generated
675b_ce7c_0000_1605034038_318_generated
a4e6_675b_0000_1605034044_319_received
8eee_a4e6_0000_1605034046_320_received
2597_8eee_0000_1605034048_321_received
bea7_2597_0000_1605034049_322_received
0d88_bea7_0000_1605034049_323_received
8617_0d88_0000_1605034050_324_received
401b_8617_0000_1605034050_325_received
4dab_401b_0000_1605034052_326_received
b5d9_4dab_0000_1605034052_327_received
f63a_b5d9_0000_1605034053_328_received
f21f_f63a_0000_1605034055_329_received
f219_f21f_0000_1605034057_330_received
3949_f219_0000_1605034060_331_generated
5c39_f219_0000_1605034058_331_received
886a_5c39_0000_1605034058_332_received
d4d3_886a_0000_1605034059_333_received
a548_d4d3_0000_1605034067_334_generated
e30d_a548_0000_1605034070_335_received
8c78_e30d_0000_1605034072_336_received
aac5_8c78_0000_1605034075_337_generated
6b3e_8c78_0000_1605034074_337_received
9f5b_aac5_0000_1605034077_338_generated
275f_6b3e_0000_1605034076_338_received
95ef_275f_0000_1605034078_339_received
b57f_95ef_0000_1605034081_340_generated
4f56_b57f_0000_1605034085_341_generated
18d2_b57f_0000_1605034086_341_received
ba61_18d2_0000_1605034086_342_received
9c50_ba61_0000_1605034089_343_generated
5298_9c50_0000_1605034092_344_generated
87c8_5298_0000_1605034095_345_received
ea9b_87c8_0000_1605034096_346_received
2e4d_ea9b_0000_1605034097_347_received
c95a_2e4d_0000_1605034099_348_received
a536_ea9b_0000_1605034099_347_received
692f_c95a_0000_1605034101_349_received
95b6_692f_0000_1605034108_350_received
7de4_692f_0000_1605034107_350_received
b053_7de4_0000_1605034110_351_received
5c61_b053_0000_1605034114_352_generated
a302_b053_0000_1605034112_352_received
9552_a302_0000_1605034113_353_received
44b8_9552_0000_1605034113_354_received
ccd5_44b8_0000_1605034116_355_received
216f_44b8_0000_1605034115_355_received
23ae_216f_0000_1605034116_356_received
cb43_23ae_0000_1605034119_357_received
c9b5_cb43_0000_1605034122_358_received
1716_cb43_0000_1605034123_358_received
4f8c_1716_0000_1605034124_359_received
5937_c9b5_0000_1605034124_359_received
196a_4f8c_0000_1605034125_360_received
dec5_196a_0000_1605034126_361_received
fe17_dec5_0000_1605034128_362_received
23d9_fe17_0000_1605034128_363_received
6142_23d9_0000_1605034131_364_received
d7d6_6142_0000_1605034132_365_received
c78a_d7d6_0000_1605034132_366_received
9ec7_23d9_0000_1605034132_364_received
a958_c78a_0000_1605034136_367_received
2323_a958_0000_1605034137_368_received
ade2_2323_0000_1605034138_369_received
bea2_ade2_0000_1605034142_370_received
48d6_bea2_0000_1605034146_371_generated
9d0d_bea2_0000_1605034145_371_received
c875_9d0d_0000_1605034146_372_received
cd76_c875_0000_1605034147_373_received
7bf4_cd76_0000_1605034149_374_received
1427_cd76_0000_1605034150_374_received
