1745_9e1c_0000_1607352611_1_received
6b5e_1745_0000_1607352613_2_generated
7466_6b5e_0000_1607352615_3_generated
8e29_7466_0000_1607352620_4_received
fd8a_8e29_0000_1607352624_5_generated
effd_fd8a_0000_1607352625_6_generated
bf64_effd_0000_1607352627_7_received
7088_bf64_0000_1607352627_8_received
2c0c_7088_0000_1607352631_9_received
e245_2c0c_0000_1607352632_10_received
64d5_e245_0000_1607352637_11_generated
4d16_64d5_0000_1607352638_12_received
453c_4d16_0000_1607352640_13_generated
f949_453c_0000_1607352641_14_generated
a928_f949_0000_1607352646_15_generated
ef04_a928_0000_1607352651_16_received
03c1_ef04_0000_1607352651_17_received
2ed3_03c1_0000_1607352659_18_generated
ad64_2ed3_0000_1607352660_19_received
0aa3_ad64_0000_1607352660_20_received
a6a4_0aa3_0000_1607352662_21_generated
fff0_a6a4_0000_1607352665_22_generated
f59c_fff0_0000_1607352670_23_generated
1a82_f59c_0000_1607352672_24_received
ffeb_1a82_0000_1607352673_25_received
3c46_ffeb_0000_1607352675_26_generated
f609_3c46_0000_1607352675_27_generated
47f8_3c46_0000_1607352676_27_received
277c_47f8_0000_1607352679_28_received
1cbb_277c_0000_1607352683_29_generated
7fb8_277c_0000_1607352684_29_received
3d49_1cbb_0000_1607352685_30_generated
8b02_3d49_0000_1607352687_31_received
8899_8b02_0000_1607352689_32_generated
25e6_8899_0000_1607352691_33_generated
625b_25e6_0000_1607352693_34_received
bd81_625b_0000_1607352695_35_received
39cb_bd81_0000_1607352696_36_received
5998_39cb_0000_1607352698_37_generated
0bf5_5998_0000_1607352700_38_received
a754_0bf5_0000_1607352700_39_received
6a3c_a754_0000_1607352703_40_received
f6aa_6a3c_0000_1607352706_41_generated
3bdc_f6aa_0000_1607352707_42_generated
1c94_3bdc_0000_1607352709_43_received
05d4_1c94_0000_1607352710_44_generated
247c_05d4_0000_1607352712_45_received
973a_247c_0000_1607352715_46_generated
6d5c_973a_0000_1607352717_47_received
f073_6d5c_0000_1607352718_48_received
eb9d_f073_0000_1607352719_49_received
84c6_eb9d_0000_1607352722_50_received
60f1_84c6_0000_1607352723_51_received
04fa_60f1_0000_1607352727_52_received
ec74_04fa_0000_1607352728_53_received
09ed_ec74_0000_1607352730_54_received
be3e_09ed_0000_1607352731_55_received
371a_be3e_0000_1607352737_56_received
f7cb_371a_0000_1607352738_57_received
c073_f7cb_0000_1607352740_58_received
d064_c073_0000_1607352742_59_received
a89d_d064_0000_1607352742_60_received
b1f4_a89d_0000_1607352744_61_received
b723_b1f4_0000_1607352746_62_received
cf92_b723_0000_1607352749_63_received
219c_cf92_0000_1607352754_64_received
a2f6_219c_0000_1607352755_65_received
bc2d_a2f6_0000_1607352755_66_received
08f9_bc2d_0000_1607352756_67_generated
978d_08f9_0000_1607352760_68_received
bc9f_978d_0000_1607352763_69_generated
a24b_bc9f_0000_1607352767_70_received
223a_a24b_0000_1607352772_71_received
cbbc_223a_0000_1607352773_72_generated
2457_cbbc_0000_1607352774_73_received
4702_2457_0000_1607352779_74_generated
97aa_4702_0000_1607352780_75_generated
15be_4702_0000_1607352781_75_received
2b7d_97aa_0000_1607352782_76_generated
3f1f_2b7d_0000_1607352782_77_generated
45a0_3f1f_0000_1607352783_78_generated
ce2a_45a0_0000_1607352785_79_generated
7e54_ce2a_0000_1607352786_80_generated
865e_7e54_0000_1607352791_81_generated
dd18_865e_0000_1607352792_82_received
7d4c_dd18_0000_1607352793_83_generated
e5e9_7d4c_0000_1607352797_84_received
43ce_e5e9_0000_1607352797_85_received
44b2_43ce_0000_1607352798_86_generated
5893_44b2_0000_1607352800_87_received
c67f_5893_0000_1607352802_88_received
81c0_c67f_0000_1607352805_89_received
d977_81c0_0000_1607352806_90_received
955a_d977_0000_1607352809_91_received
1dda_955a_0000_1607352811_92_received
62c1_1dda_0000_1607352814_93_generated
f6a4_1dda_0000_1607352815_93_received
679a_62c1_0000_1607352819_94_generated
63ed_679a_0000_1607352820_95_received
aea2_63ed_0000_1607352821_96_generated
dac8_aea2_0000_1607352827_97_received
420c_dac8_0000_1607352827_98_received
4624_420c_0000_1607352827_99_received
b3dd_4624_0000_1607352831_100_received
67ee_b3dd_0000_1607352832_101_received
94c7_67ee_0000_1607352835_102_received
de70_94c7_0000_1607352836_103_received
44b9_de70_0000_1607352837_104_received
128a_44b9_0000_1607352837_105_received
7775_128a_0000_1607352838_106_received
5eea_7775_0000_1607352841_107_generated
77f4_5eea_0000_1607352842_108_received
d20a_77f4_0000_1607352843_109_received
8fac_d20a_0000_1607352845_110_received
d8d8_8fac_0000_1607352847_111_generated
8d9d_d8d8_0000_1607352849_112_received
a96c_8d9d_0000_1607352850_113_received
e1d5_a96c_0000_1607352853_114_generated
f447_e1d5_0000_1607352854_115_generated
531d_e1d5_0000_1607352853_115_received
db23_531d_0000_1607352858_116_received
2e32_db23_0000_1607352860_117_received
6fff_2e32_0000_1607352861_118_received
8ac5_6fff_0000_1607352863_119_generated
94ec_8ac5_0000_1607352864_120_generated
04e8_94ec_0000_1607352864_121_received
5953_04e8_0000_1607352866_122_received
83da_5953_0000_1607352870_123_received
14e6_83da_0000_1607352873_124_received
cbb4_14e6_0000_1607352879_125_received
6ab6_cbb4_0000_1607352880_126_received
1a5d_6ab6_0000_1607352883_127_generated
3585_1a5d_0000_1607352885_128_generated
c379_3585_0000_1607352887_129_received
488a_c379_0000_1607352887_130_received
2a43_488a_0000_1607352891_131_received
0759_2a43_0000_1607352896_132_received
156a_0759_0000_1607352898_133_received
c601_156a_0000_1607352899_134_received
7aa4_c601_0000_1607352903_135_received
9f88_7aa4_0000_1607352905_136_generated
faf9_9f88_0000_1607352907_137_received
ce9f_faf9_0000_1607352908_138_received
003c_ce9f_0000_1607352909_139_received
1802_003c_0000_1607352910_140_received
4f23_1802_0000_1607352912_141_received
fafe_4f23_0000_1607352912_142_received
2197_fafe_0000_1607352923_143_generated
8c7b_2197_0000_1607352923_144_received
c203_8c7b_0000_1607352925_145_received
fe6b_c203_0000_1607352927_146_generated
b24f_fe6b_0000_1607352934_147_received
6c81_b24f_0000_1607352935_148_received
2d55_6c81_0000_1607352937_149_received
c5b7_2d55_0000_1607352942_150_generated
8807_c5b7_0000_1607352943_151_received
31f3_8807_0000_1607352946_152_generated
ab6e_31f3_0000_1607352947_153_generated
09a7_ab6e_0000_1607352950_154_received
1b2a_09a7_0000_1607352951_155_received
db9c_1b2a_0000_1607352951_156_received
5095_db9c_0000_1607352952_157_received
912f_5095_0000_1607352955_158_received
5795_912f_0000_1607352957_159_received
8195_5795_0000_1607352958_160_received
f3fd_8195_0000_1607352959_161_received
2e23_f3fd_0000_1607352960_162_received
09eb_2e23_0000_1607352961_163_generated
230a_09eb_0000_1607352966_164_received
689b_230a_0000_1607352968_165_received
f26d_689b_0000_1607352971_166_received
bc91_f26d_0000_1607352974_167_received
8431_bc91_0000_1607352975_168_generated
9a32_8431_0000_1607352979_169_generated
83eb_8431_0000_1607352980_169_received
776a_83eb_0000_1607352981_170_received
f83c_776a_0000_1607352983_171_generated
eaed_f83c_0000_1607352987_172_generated
6e52_eaed_0000_1607352989_173_received
be8b_6e52_0000_1607352991_174_received
b1f5_be8b_0000_1607352993_175_received
614b_b1f5_0000_1607352997_176_received
3b0f_614b_0000_1607352998_177_received
756e_3b0f_0000_1607352999_178_received
08bc_756e_0000_1607353008_179_generated
ec2f_08bc_0000_1607353013_180_generated
e1dd_08bc_0000_1607353012_180_received
55b1_ec2f_0000_1607353017_181_generated
e934_e1dd_0000_1607353017_181_received
4381_e934_0000_1607353018_182_received
34fb_4381_0000_1607353021_183_generated
8f71_34fb_0000_1607353023_184_generated
3730_8f71_0000_1607353027_185_generated
1943_3730_0000_1607353031_186_received
9dd6_1943_0000_1607353035_187_received
e711_9dd6_0000_1607353036_188_generated
fb0f_e711_0000_1607353038_189_received
e0ec_fb0f_0000_1607353040_190_received
e6e1_e0ec_0000_1607353041_191_generated
603f_e6e1_0000_1607353042_192_generated
8cd4_603f_0000_1607353051_193_received
977b_8cd4_0000_1607353056_194_received
828e_977b_0000_1607353058_195_received
8703_828e_0000_1607353060_196_received
24ef_8703_0000_1607353063_197_received
f39e_24ef_0000_1607353064_198_generated
7865_f39e_0000_1607353065_199_received
1c73_7865_0000_1607353065_200_received
7688_1c73_0000_1607353067_201_generated
df42_7688_0000_1607353068_202_generated
e092_df42_0000_1607353072_203_generated
34b9_e092_0000_1607353073_204_received
8d43_34b9_0000_1607353074_205_received
d60d_8d43_0000_1607353079_206_received
01fd_d60d_0000_1607353081_207_received
35bc_01fd_0000_1607353086_208_received
336c_35bc_0000_1607353087_209_generated
45a3_336c_0000_1607353092_210_received
30d6_45a3_0000_1607353093_211_generated
e8d7_30d6_0000_1607353101_212_generated
a5ee_e8d7_0000_1607353102_213_generated
9127_a5ee_0000_1607353103_214_generated
95f1_9127_0000_1607353109_215_generated
85d3_95f1_0000_1607353109_216_generated
6a9b_85d3_0000_1607353111_217_received
8fe0_6a9b_0000_1607353116_218_received
df7a_8fe0_0000_1607353118_219_received
e92f_df7a_0000_1607353124_220_generated
03d2_e92f_0000_1607353124_221_generated
5f67_03d2_0000_1607353125_222_generated
5faa_5f67_0000_1607353128_223_generated
1787_5faa_0000_1607353131_224_received
d555_1787_0000_1607353134_225_generated
6c00_d555_0000_1607353147_226_received
804d_6c00_0000_1607353147_227_received
f105_804d_0000_1607353148_228_generated
b804_f105_0000_1607353149_229_generated
f571_b804_0000_1607353150_230_generated
89a8_f571_0000_1607353152_231_received
b908_89a8_0000_1607353155_232_received
6e57_b908_0000_1607353156_233_generated
785a_6e57_0000_1607353158_234_generated
ecdf_785a_0000_1607353164_235_received
ff1d_ecdf_0000_1607353169_236_received
c2c5_ff1d_0000_1607353171_237_received
1f71_c2c5_0000_1607353172_238_received
5ecb_1f71_0000_1607353174_239_generated
6ea4_5ecb_0000_1607353175_240_generated
1862_6ea4_0000_1607353175_241_received
a8cb_1862_0000_1607353177_242_received
41fa_a8cb_0000_1607353177_243_received
bc01_41fa_0000_1607353180_244_received
30e3_bc01_0000_1607353183_245_received
f4c6_30e3_0000_1607353184_246_generated
f2de_f4c6_0000_1607353185_247_received
5150_f2de_0000_1607353187_248_generated
73ed_f2de_0000_1607353188_248_received
51de_73ed_0000_1607353193_249_received
d65b_51de_0000_1607353198_250_generated
aa22_d65b_0000_1607353202_251_received
1d74_aa22_0000_1607353205_252_generated
da6d_1d74_0000_1607353207_253_received
f813_da6d_0000_1607353210_254_generated
d760_f813_0000_1607353212_255_received
