2278_9e1c_0000_1605031996_1_received
b4c1_2278_0000_1605032001_2_generated
1f7c_b4c1_0000_1605032019_3_received
c74f_1f7c_0000_1605032026_4_received
0ac0_c74f_0000_1605032031_5_received
3587_0ac0_0000_1605032038_6_generated
362c_0ac0_0000_1605032037_6_received
9072_362c_0000_1605032041_7_received
d762_9072_0000_1605032054_8_received
18be_d762_0000_1605032057_9_received
e9b1_18be_0000_1605032062_10_generated
78a5_18be_0000_1605032061_10_received
1845_78a5_0000_1605032068_11_received
6d80_1845_0000_1605032075_12_generated
b357_6d80_0000_1605032082_13_received
27cb_b357_0000_1605032088_14_received
6e6f_27cb_0000_1605032095_15_generated
d5c0_6e6f_0000_1605032097_16_received
0933_d5c0_0000_1605032099_17_generated
b1bc_0933_0000_1605032101_18_received
f398_b1bc_0000_1605032108_19_received
c066_f398_0000_1605032112_20_received
85ae_c066_0000_1605032116_21_received
8738_85ae_0000_1605032131_22_received
a173_8738_0000_1605032145_23_received
b643_a173_0000_1605032152_24_generated
febc_a173_0000_1605032151_24_received
8395_b643_0000_1605032162_25_generated
182c_8395_0000_1605032166_26_received
2388_182c_0000_1605032169_27_received
d509_2388_0000_1605032175_28_generated
1b2b_d509_0000_1605032183_29_received
9db9_1b2b_0000_1605032186_30_received
18e9_9db9_0000_1605032190_31_received
992e_18e9_0000_1605032206_32_received
308f_992e_0000_1605032214_33_received
eb7b_308f_0000_1605032245_34_generated
22ce_308f_0000_1605032244_34_received
8cc4_22ce_0000_1605032244_35_received
5b42_8cc4_0000_1605032270_36_received
c46e_5b42_0000_1605032299_37_received
6245_c46e_0000_1605032320_38_received
a687_6245_0000_1605032323_39_received
1051_a687_0000_1605032331_40_generated
940a_1051_0000_1605032333_41_received
747c_940a_0000_1605032357_42_received
d994_747c_0000_1605032368_43_generated
aacb_d994_0000_1605032372_44_received
754f_aacb_0000_1605032400_45_generated
3a10_754f_0000_1605032404_46_received
0755_3a10_0000_1605032404_47_received
5848_0755_0000_1605032407_48_generated
bb4b_5848_0000_1605032413_49_received
ac6c_bb4b_0000_1605032420_50_received
22b8_ac6c_0000_1605032423_51_received
cd3f_22b8_0000_1605032435_52_generated
e878_cd3f_0000_1605032443_53_generated
5e3a_e878_0000_1605032443_54_generated
7c6a_5e3a_0000_1605032454_55_received
6c15_7c6a_0000_1605032468_56_received
cf82_6c15_0000_1605032476_57_received
c646_cf82_0000_1605032478_58_generated
4132_c646_0000_1605032480_59_received
60f0_4132_0000_1605032491_60_received
8e7a_60f0_0000_1605032508_61_received
3de7_8e7a_0000_1605032538_62_received
efe2_3de7_0000_1605032547_63_generated
861d_efe2_0000_1605032550_64_received
aa17_861d_0000_1605032551_65_received
9ddd_aa17_0000_1605032581_66_received
15d4_9ddd_0000_1605032587_67_generated
e063_15d4_0000_1605032593_68_received
8288_e063_0000_1605032598_69_generated
e3e9_8288_0000_1605032614_70_received
dd56_e3e9_0000_1605032616_71_received
283a_dd56_0000_1605032619_72_received
8e02_283a_0000_1605032624_73_received
1666_8e02_0000_1605032631_74_received
9794_1666_0000_1605032658_75_generated
adf6_1666_0000_1605032657_75_received
6dd9_adf6_0000_1605032681_76_received
