a0c2_9e1c_0000_1605027640_1_generated
c33f_a0c2_0000_1605027645_2_generated
fd09_c33f_0000_1605027659_3_generated
5112_fd09_0000_1605027671_4_generated
590f_fd09_0000_1605027672_4_received
4704_590f_0000_1605027703_5_received
a5bd_4704_0000_1605027706_6_generated
1dbe_a5bd_0000_1605027713_7_received
70d8_1dbe_0000_1605027715_8_generated
a9f3_70d8_0000_1605027724_9_generated
4dbc_a9f3_0000_1605027724_10_generated
1ed6_4dbc_0000_1605027727_11_generated
b65c_1ed6_0000_1605027729_12_generated
43f0_b65c_0000_1605027746_13_received
eeaf_43f0_0000_1605027758_14_generated
00e6_eeaf_0000_1605027762_15_received
0fad_00e6_0000_1605027763_16_received
4338_0fad_0000_1605027765_17_generated
2516_4338_0000_1605027766_18_generated
fb23_2516_0000_1605027783_19_generated
b325_fb23_0000_1605027785_20_received
2440_b325_0000_1605027799_21_generated
e6e2_2440_0000_1605027801_22_generated
10ea_2440_0000_1605027800_22_received
d527_e6e2_0000_1605027805_23_generated
f364_d527_0000_1605027808_24_received
f6d3_f364_0000_1605027812_25_generated
9f11_f6d3_0000_1605027813_26_received
17d5_9f11_0000_1605027817_27_generated
560c_17d5_0000_1605027822_28_generated
da2b_560c_0000_1605027824_29_generated
1440_da2b_0000_1605027827_30_generated
19fb_1440_0000_1605027828_31_received
48a0_19fb_0000_1605027832_32_generated
acac_48a0_0000_1605027836_33_generated
03d4_acac_0000_1605027838_34_generated
567a_03d4_0000_1605027838_35_generated
f01d_567a_0000_1605027842_36_generated
d301_f01d_0000_1605027843_37_received
bce2_d301_0000_1605027844_38_received
60f1_bce2_0000_1605027850_39_received
86d6_60f1_0000_1605027851_40_received
ea43_86d6_0000_1605027853_41_received
d8da_ea43_0000_1605027856_42_received
2883_d8da_0000_1605027859_43_generated
b6eb_2883_0000_1605027863_44_generated
b576_b6eb_0000_1605027865_45_generated
a50c_b576_0000_1605027866_46_received
796d_a50c_0000_1605027869_47_generated
9970_796d_0000_1605027871_48_generated
0065_9970_0000_1605027872_49_generated
9ff1_0065_0000_1605027872_50_generated
ddc5_9ff1_0000_1605027873_51_generated
d52c_ddc5_0000_1605027875_52_generated
6d3c_ddc5_0000_1605027874_52_received
83e8_6d3c_0000_1605027881_53_received
9a5e_83e8_0000_1605027886_54_generated
d5a7_9a5e_0000_1605027892_55_generated
f693_d5a7_0000_1605027897_56_generated
92a6_f693_0000_1605027898_57_generated
d86a_92a6_0000_1605027905_58_generated
af4f_92a6_0000_1605027906_58_received
9fa1_af4f_0000_1605027907_59_received
98d2_9fa1_0000_1605027907_60_received
570e_98d2_0000_1605027909_61_generated
943c_570e_0000_1605027910_62_generated
ef62_943c_0000_1605027911_63_received
c53d_ef62_0000_1605027920_64_generated
aa08_c53d_0000_1605027926_65_received
09ce_aa08_0000_1605027931_66_generated
11b7_09ce_0000_1605027938_67_generated
855e_11b7_0000_1605027941_68_received
0541_855e_0000_1605027943_69_received
04e9_0541_0000_1605027944_70_generated
d786_04e9_0000_1605027945_71_generated
e7ec_d786_0000_1605027949_72_generated
6978_e7ec_0000_1605027951_73_received
8eb5_6978_0000_1605027953_74_received
cfcb_8eb5_0000_1605027958_75_generated
9d47_cfcb_0000_1605027961_76_received
c39d_9d47_0000_1605027963_77_generated
f8d1_c39d_0000_1605027964_78_generated
0577_f8d1_0000_1605027968_79_received
8fc8_0577_0000_1605027970_80_received
3d51_8fc8_0000_1605027974_81_generated
4e6d_3d51_0000_1605027977_82_received
329b_4e6d_0000_1605027979_83_generated
4cbc_329b_0000_1605027987_84_generated
bd0e_4cbc_0000_1605027991_85_generated
8daa_bd0e_0000_1605027992_86_generated
d9e8_8daa_0000_1605027997_87_received
4af2_d9e8_0000_1605027998_88_generated
f2f8_4af2_0000_1605028000_89_received
0f83_f2f8_0000_1605028000_90_received
b02e_0f83_0000_1605028009_91_received
9359_b02e_0000_1605028012_92_generated
900e_9359_0000_1605028019_93_generated
a102_900e_0000_1605028031_94_generated
e3e0_a102_0000_1605028034_95_generated
19bc_e3e0_0000_1605028034_96_generated
c07a_a102_0000_1605028035_95_received
8a52_19bc_0000_1605028040_97_generated
447a_8a52_0000_1605028043_98_received
5590_447a_0000_1605028044_99_received
84b4_5590_0000_1605028048_100_generated
96d5_84b4_0000_1605028057_101_generated
4af8_96d5_0000_1605028058_102_generated
be48_4af8_0000_1605028062_103_generated
e01a_be48_0000_1605028068_104_generated
35bf_e01a_0000_1605028071_105_received
35e1_35bf_0000_1605028072_106_received
ad13_35e1_0000_1605028081_107_generated
a2dd_ad13_0000_1605028091_108_generated
483a_ad13_0000_1605028090_108_received
1050_a2dd_0000_1605028093_109_generated
cdea_483a_0000_1605028093_109_received
0ddb_1050_0000_1605028116_110_generated
ad89_0ddb_0000_1605028116_111_generated
a12b_ad89_0000_1605028120_112_received
d68b_a12b_0000_1605028135_113_generated
578d_d68b_0000_1605028137_114_generated
059e_578d_0000_1605028140_115_generated
b4dd_059e_0000_1605028140_116_generated
5fbb_b4dd_0000_1605028173_117_generated
24d4_5fbb_0000_1605028177_118_received
d06f_24d4_0000_1605028179_119_generated
aece_d06f_0000_1605028185_120_generated
69c0_d06f_0000_1605028184_120_received
9ead_aece_0000_1605028185_121_generated
402a_9ead_0000_1605028189_122_generated
98a8_402a_0000_1605028192_123_received
621a_98a8_0000_1605028193_124_generated
05c1_621a_0000_1605028199_125_received
8411_05c1_0000_1605028202_126_generated
3a00_05c1_0000_1605028201_126_received
c6ec_8411_0000_1605028212_127_generated
735f_c6ec_0000_1605028214_128_received
1bb0_735f_0000_1605028220_129_received
98d4_1bb0_0000_1605028228_130_generated
8b2c_98d4_0000_1605028232_131_generated
d5be_8b2c_0000_1605028234_132_received
41a0_d5be_0000_1605028239_133_generated
42c2_41a0_0000_1605028243_134_received
3a52_42c2_0000_1605028245_135_received
3bec_3a52_0000_1605028249_136_generated
a83f_3bec_0000_1605028249_137_generated
5d45_a83f_0000_1605028252_138_generated
6270_5d45_0000_1605028256_139_received
e4b0_6270_0000_1605028259_140_generated
d4c4_e4b0_0000_1605028267_141_generated
412e_d4c4_0000_1605028279_142_generated
d3c5_412e_0000_1605028284_143_generated
4ba9_412e_0000_1605028285_143_received
363e_4ba9_0000_1605028288_144_received
0071_363e_0000_1605028294_145_generated
597f_0071_0000_1605028295_146_generated
cbf6_597f_0000_1605028309_147_generated
0a5e_cbf6_0000_1605028311_148_received
143e_0a5e_0000_1605028311_149_received
096d_143e_0000_1605028312_150_generated
ab9a_096d_0000_1605028317_151_generated
9006_ab9a_0000_1605028325_152_generated
8c7f_ab9a_0000_1605028326_152_received
bc02_9006_0000_1605028328_153_generated
8b50_bc02_0000_1605028334_154_generated
b6ca_8b50_0000_1605028336_155_generated
