31b4_9e1c_0000_1607170061_1_generated
ab1b_31b4_0000_1607170062_2_generated
801d_ab1b_0000_1607170062_3_generated
3c8f_31b4_0000_1607170063_2_received
5652_3c8f_0000_1607170063_3_received
707a_801d_0000_1607170065_4_generated
c5f0_707a_0000_1607170067_5_generated
669c_c5f0_0000_1607170068_6_generated
ccbc_669c_0000_1607170071_7_generated
6172_ccbc_0000_1607170072_8_generated
5960_6172_0000_1607170072_9_generated
1201_ccbc_0000_1607170073_8_received
06a5_5960_0000_1607170074_10_generated
35d6_06a5_0000_1607170074_11_generated
a3ad_5960_0000_1607170073_10_received
88ce_35d6_0000_1607170076_12_generated
b3fc_a3ad_0000_1607170075_11_received
af00_88ce_0000_1607170078_13_received
6659_af00_0000_1607170080_14_received
f568_6659_0000_1607170082_15_generated
dfd2_f568_0000_1607170084_16_generated
7895_dfd2_0000_1607170085_17_generated
499c_7895_0000_1607170086_18_generated
b40b_499c_0000_1607170088_19_generated
70ad_b40b_0000_1607170089_20_generated
7044_499c_0000_1607170089_19_received
1805_70ad_0000_1607170090_21_generated
6f46_1805_0000_1607170091_22_generated
34b0_6f46_0000_1607170092_23_generated
3c82_34b0_0000_1607170093_24_received
5bd1_3c82_0000_1607170093_25_received
e36d_5bd1_0000_1607170096_26_generated
b618_e36d_0000_1607170096_27_generated
8757_b618_0000_1607170097_28_received
31a8_8757_0000_1607170100_29_generated
8efa_31a8_0000_1607170101_30_generated
7d1c_8efa_0000_1607170103_31_generated
5f8a_7d1c_0000_1607170105_32_received
f0ad_5f8a_0000_1607170106_33_generated
25d5_f0ad_0000_1607170107_34_generated
b9d1_25d5_0000_1607170107_35_generated
807e_b9d1_0000_1607170108_36_generated
e001_f0ad_0000_1607170108_34_received
e997_b9d1_0000_1607170109_36_received
1db4_e997_0000_1607170109_37_received
33e0_1db4_0000_1607170110_38_received
abdd_33e0_0000_1607170111_39_generated
e7f0_abdd_0000_1607170112_40_generated
c6fd_e7f0_0000_1607170112_41_generated
7aeb_c6fd_0000_1607170113_42_generated
1fac_7aeb_0000_1607170115_43_generated
7dd2_1fac_0000_1607170116_44_generated
f4bd_7dd2_0000_1607170116_45_generated
3537_f4bd_0000_1607170116_46_generated
0cbc_3537_0000_1607170117_47_generated
3e33_0cbc_0000_1607170117_48_generated
8886_3e33_0000_1607170117_49_generated
a27b_8886_0000_1607170118_50_generated
046e_a27b_0000_1607170118_51_generated
d7e0_7dd2_0000_1607170117_45_received
f59b_046e_0000_1607170119_52_generated
ef03_f59b_0000_1607170119_53_generated
2f18_ef03_0000_1607170121_54_generated
4375_ef03_0000_1607170120_54_received
15c1_2f18_0000_1607170123_55_generated
ed6e_15c1_0000_1607170123_56_generated
c633_ed6e_0000_1607170125_57_generated
deb8_c633_0000_1607170125_58_generated
4bf7_deb8_0000_1607170126_59_generated
b777_4bf7_0000_1607170127_60_generated
f311_b777_0000_1607170129_61_received
83da_f311_0000_1607170131_62_generated
77d2_83da_0000_1607170131_63_generated
d95b_77d2_0000_1607170136_64_generated
5835_77d2_0000_1607170135_64_received
ad42_d95b_0000_1607170138_65_generated
be91_ad42_0000_1607170138_66_generated
5149_be91_0000_1607170139_67_generated
2ba4_5149_0000_1607170139_68_generated
e724_5835_0000_1607170138_65_received
bdbe_2ba4_0000_1607170139_69_generated
4886_e724_0000_1607170138_66_received
351f_4886_0000_1607170139_67_received
c64c_351f_0000_1607170140_68_received
8add_bdbe_0000_1607170141_70_received
e056_8add_0000_1607170144_71_generated
756c_e056_0000_1607170144_72_generated
0dd3_8add_0000_1607170143_71_received
1e8a_756c_0000_1607170144_73_generated
3e1c_0dd3_0000_1607170143_72_received
da0f_1e8a_0000_1607170149_74_generated
75fc_da0f_0000_1607170151_75_generated
5407_75fc_0000_1607170155_76_received
cea3_5407_0000_1607170155_77_received
b986_cea3_0000_1607170158_78_generated
d5f9_b986_0000_1607170158_79_generated
7623_d5f9_0000_1607170160_80_generated
dd63_7623_0000_1607170160_81_generated
2958_dd63_0000_1607170161_82_generated
4963_2958_0000_1607170161_83_generated
237d_4963_0000_1607170162_84_generated
9eed_dd63_0000_1607170162_82_received
0ecd_237d_0000_1607170163_85_generated
ba72_0ecd_0000_1607170165_86_generated
3199_ba72_0000_1607170165_87_generated
fa2d_3199_0000_1607170166_88_generated
3453_fa2d_0000_1607170167_89_generated
b7ec_3453_0000_1607170168_90_generated
28ab_b7ec_0000_1607170169_91_generated
e028_28ab_0000_1607170170_92_generated
fab9_e028_0000_1607170172_93_generated
c417_fab9_0000_1607170172_94_generated
db4b_c417_0000_1607170174_95_received
639a_db4b_0000_1607170178_96_generated
861a_639a_0000_1607170178_97_generated
d644_db4b_0000_1607170177_96_received
dcd2_861a_0000_1607170179_98_generated
29c6_dcd2_0000_1607170179_99_generated
9523_29c6_0000_1607170182_100_generated
0b75_9523_0000_1607170183_101_generated
6523_0b75_0000_1607170183_102_generated
3e51_6523_0000_1607170184_103_generated
e044_3e51_0000_1607170186_104_generated
c12a_e044_0000_1607170186_105_generated
edbc_c12a_0000_1607170186_106_generated
eb92_edbc_0000_1607170189_107_received
56bc_eb92_0000_1607170191_108_received
bf3b_56bc_0000_1607170193_109_received
e647_bf3b_0000_1607170193_110_received
5c5a_e647_0000_1607170195_111_generated
131d_5c5a_0000_1607170196_112_generated
a7aa_131d_0000_1607170200_113_generated
3e9d_131d_0000_1607170199_113_received
c20e_a7aa_0000_1607170200_114_generated
5e04_c20e_0000_1607170202_115_generated
66fc_5e04_0000_1607170202_116_generated
54c0_66fc_0000_1607170203_117_generated
d6b1_54c0_0000_1607170203_118_generated
5655_d6b1_0000_1607170204_119_generated
36ff_5e04_0000_1607170203_116_received
5c1b_54c0_0000_1607170204_118_received
d6e6_5655_0000_1607170207_120_generated
20bd_5655_0000_1607170206_120_received
e947_d6e6_0000_1607170208_121_generated
fa8a_20bd_0000_1607170207_121_received
7fa5_e947_0000_1607170212_122_generated
1dec_7fa5_0000_1607170213_123_generated
7140_1dec_0000_1607170213_124_generated
10c5_7140_0000_1607170213_125_generated
ea32_10c5_0000_1607170213_126_generated
c7a1_ea32_0000_1607170214_127_generated
cc2d_c7a1_0000_1607170214_128_generated
0d8c_cc2d_0000_1607170216_129_generated
dc55_0d8c_0000_1607170217_130_generated
b57c_dc55_0000_1607170217_131_generated
2f6c_b57c_0000_1607170218_132_generated
1fd7_2f6c_0000_1607170220_133_generated
4f69_1fd7_0000_1607170222_134_generated
c1fc_1fd7_0000_1607170223_134_received
11eb_4f69_0000_1607170225_135_generated
5750_11eb_0000_1607170226_136_generated
2cae_5750_0000_1607170226_137_generated
1282_11eb_0000_1607170227_136_received
8bbf_5750_0000_1607170227_137_received
a5d0_2cae_0000_1607170228_138_received
2dbe_a5d0_0000_1607170231_139_generated
a4ca_2dbe_0000_1607170233_140_generated
76c2_a4ca_0000_1607170233_141_generated
c271_2dbe_0000_1607170232_140_received
cd89_76c2_0000_1607170234_142_generated
63c1_c271_0000_1607170233_141_received
43ee_cd89_0000_1607170235_143_generated
d54c_43ee_0000_1607170236_144_generated
2d19_d54c_0000_1607170238_145_generated
7439_2d19_0000_1607170239_146_received
b259_7439_0000_1607170240_147_generated
1b6f_b259_0000_1607170241_148_generated
cc5e_7439_0000_1607170241_147_received
fb14_1b6f_0000_1607170244_149_received
6db5_fb14_0000_1607170247_150_generated
0ecf_6db5_0000_1607170249_151_received
0cd6_0ecf_0000_1607170250_152_generated
8721_0cd6_0000_1607170252_153_generated
1efe_8721_0000_1607170253_154_generated
4bcc_1efe_0000_1607170255_155_generated
6d9a_4bcc_0000_1607170256_156_generated
6f58_6d9a_0000_1607170260_157_generated
2a3f_6f58_0000_1607170262_158_generated
2ec0_2a3f_0000_1607170263_159_received
2b52_2ec0_0000_1607170265_160_generated
6bac_2b52_0000_1607170265_161_generated
f7f7_2ec0_0000_1607170264_160_received
d6ff_f7f7_0000_1607170265_161_received
f1a5_6bac_0000_1607170268_162_generated
3836_f1a5_0000_1607170270_163_generated
3f83_3836_0000_1607170270_164_generated
1489_3f83_0000_1607170272_165_generated
15f1_1489_0000_1607170273_166_generated
dad8_15f1_0000_1607170275_167_received
0477_dad8_0000_1607170277_168_generated
4924_0477_0000_1607170277_169_received
007d_4924_0000_1607170280_170_received
ee1f_007d_0000_1607170280_171_received
4af2_ee1f_0000_1607170282_172_generated
c7cc_4af2_0000_1607170284_173_generated
8fc7_c7cc_0000_1607170284_174_generated
3ae6_8fc7_0000_1607170285_175_generated
1474_3ae6_0000_1607170288_176_generated
534e_1474_0000_1607170293_177_received
446f_534e_0000_1607170294_178_received
3a21_446f_0000_1607170296_179_generated
59e3_3a21_0000_1607170296_180_generated
63a6_59e3_0000_1607170298_181_received
d483_63a6_0000_1607170300_182_generated
8d12_63a6_0000_1607170299_182_received
a6ab_d483_0000_1607170302_183_generated
f9ec_8d12_0000_1607170301_183_received
9bfc_a6ab_0000_1607170304_184_generated
5d3a_9bfc_0000_1607170306_185_generated
bf7f_5d3a_0000_1607170309_186_generated
49a8_bf7f_0000_1607170309_187_generated
2c13_5d3a_0000_1607170308_186_received
131e_49a8_0000_1607170311_188_received
aba3_131e_0000_1607170312_189_received
e41b_aba3_0000_1607170314_190_generated
9424_e41b_0000_1607170315_191_generated
e772_9424_0000_1607170320_192_generated
db87_e772_0000_1607170320_193_generated
bdf9_db87_0000_1607170323_194_generated
8b19_bdf9_0000_1607170325_195_generated
fd77_8b19_0000_1607170325_196_generated
7e5c_fd77_0000_1607170326_197_generated
ba6b_7e5c_0000_1607170327_198_generated
24c7_fd77_0000_1607170327_197_received
d75e_24c7_0000_1607170327_198_received
2ab3_d75e_0000_1607170327_199_received
f187_2ab3_0000_1607170330_200_generated
8041_f187_0000_1607170331_201_generated
ff3b_8041_0000_1607170331_202_generated
16f9_ff3b_0000_1607170333_203_generated
28d9_16f9_0000_1607170334_204_generated
73cf_28d9_0000_1607170334_205_generated
f96e_73cf_0000_1607170335_206_generated
9334_f96e_0000_1607170337_207_generated
d738_9334_0000_1607170337_208_generated
2b89_d738_0000_1607170339_209_generated
9f87_2b89_0000_1607170340_210_generated
f448_2b89_0000_1607170341_210_received
0da3_9f87_0000_1607170345_211_generated
c520_f448_0000_1607170345_211_received
deff_0da3_0000_1607170350_212_generated
0b62_c520_0000_1607170351_212_received
52c4_deff_0000_1607170353_213_generated
5910_0b62_0000_1607170352_213_received
1d73_52c4_0000_1607170354_214_generated
415a_1d73_0000_1607170356_215_generated
e802_415a_0000_1607170356_216_generated
988f_e802_0000_1607170359_217_generated
2ef8_988f_0000_1607170362_218_generated
201d_988f_0000_1607170361_218_received
c96d_201d_0000_1607170361_219_received
d290_c96d_0000_1607170364_220_generated
7da3_d290_0000_1607170365_221_generated
1495_7da3_0000_1607170365_222_generated
aa76_1495_0000_1607170367_223_generated
3776_aa76_0000_1607170367_224_generated
9849_3776_0000_1607170368_225_generated
2bae_9849_0000_1607170371_226_generated
0126_2bae_0000_1607170372_227_generated
d521_0126_0000_1607170372_228_generated
0d0f_d521_0000_1607170372_229_generated
5531_0d0f_0000_1607170373_230_generated
5eb2_5531_0000_1607170374_231_generated
8a92_5eb2_0000_1607170374_232_generated
2f5c_8a92_0000_1607170377_233_generated
c222_8a92_0000_1607170376_233_received
c8f7_c222_0000_1607170377_234_received
e2f9_c8f7_0000_1607170379_235_generated
57dc_c8f7_0000_1607170378_235_received
50fb_57dc_0000_1607170378_236_received
566a_50fb_0000_1607170382_237_generated
2a72_566a_0000_1607170383_238_generated
45ff_2a72_0000_1607170385_239_generated
8242_45ff_0000_1607170389_240_generated
2ec4_8242_0000_1607170389_241_generated
fb6a_2ec4_0000_1607170393_242_generated
42cb_fb6a_0000_1607170395_243_generated
7ade_42cb_0000_1607170395_244_generated
7c74_7ade_0000_1607170397_245_received
8ed0_7c74_0000_1607170399_246_received
eb3b_8ed0_0000_1607170400_247_generated
4f17_8ed0_0000_1607170399_247_received
0e25_4f17_0000_1607170402_248_received
b150_0e25_0000_1607170406_249_generated
f668_b150_0000_1607170408_250_received
89db_f668_0000_1607170409_251_received
4145_89db_0000_1607170410_252_received
de01_4145_0000_1607170411_253_received
8bca_de01_0000_1607170411_254_received
b360_8bca_0000_1607170412_255_received
3ab1_b360_0000_1607170415_256_generated
bda6_3ab1_0000_1607170415_257_generated
d8f2_bda6_0000_1607170416_258_generated
1c87_d8f2_0000_1607170416_259_generated
9bf3_1c87_0000_1607170417_260_generated
f4ba_3ab1_0000_1607170416_257_received
a426_f4ba_0000_1607170417_258_received
56cb_9bf3_0000_1607170419_261_received
3e53_56cb_0000_1607170423_262_generated
2e78_3e53_0000_1607170425_263_generated
ab0b_2e78_0000_1607170426_264_generated
5d59_ab0b_0000_1607170427_265_generated
aa46_5d59_0000_1607170428_266_generated
d1b5_aa46_0000_1607170429_267_generated
9d43_d1b5_0000_1607170431_268_generated
9f36_9d43_0000_1607170431_269_generated
45a6_5d59_0000_1607170430_266_received
80c5_9f36_0000_1607170432_270_generated
ea97_80c5_0000_1607170435_271_generated
ab90_80c5_0000_1607170436_271_received
dbd5_ea97_0000_1607170438_272_generated
969b_ab90_0000_1607170437_272_received
3f3b_969b_0000_1607170439_273_received
a2df_3f3b_0000_1607170441_274_generated
4263_9f36_0000_1607170441_270_received
008c_a2df_0000_1607170443_275_generated
199d_008c_0000_1607170444_276_generated
51f4_a2df_0000_1607170444_275_received
1ea1_51f4_0000_1607170445_276_received
10bc_199d_0000_1607170447_277_generated
7df0_10bc_0000_1607170448_278_generated
17b5_1ea1_0000_1607170447_277_received
51c2_7df0_0000_1607170449_279_generated
8a48_51c2_0000_1607170449_280_generated
182d_8a48_0000_1607170450_281_generated
dfec_182d_0000_1607170451_282_generated
75f7_dfec_0000_1607170452_283_generated
d46f_75f7_0000_1607170452_284_generated
91cb_4263_0000_1607170453_271_received
3baa_d46f_0000_1607170455_285_generated
fb79_3baa_0000_1607170457_286_generated
10bb_fb79_0000_1607170459_287_generated
c4bb_10bb_0000_1607170460_288_generated
21dd_c4bb_0000_1607170461_289_generated
1047_21dd_0000_1607170461_290_generated
f51f_1047_0000_1607170463_291_generated
6dda_f51f_0000_1607170464_292_generated
21ba_6dda_0000_1607170464_293_generated
5813_21ba_0000_1607170466_294_generated
aa86_5813_0000_1607170466_295_generated
ab11_aa86_0000_1607170469_296_generated
fbd3_ab11_0000_1607170470_297_generated
a2f3_fbd3_0000_1607170471_298_generated
fe7e_a2f3_0000_1607170472_299_generated
ce53_fe7e_0000_1607170472_300_generated
5a52_ce53_0000_1607170473_301_generated
8b62_5a52_0000_1607170475_302_generated
a8d0_8b62_0000_1607170479_303_received
aade_a8d0_0000_1607170482_304_received
ff48_aade_0000_1607170485_305_generated
8ffa_ff48_0000_1607170486_306_generated
4238_8ffa_0000_1607170487_307_generated
ef32_4238_0000_1607170488_308_generated
ba4f_ef32_0000_1607170488_309_generated
9600_ba4f_0000_1607170491_310_generated
acc7_9600_0000_1607170492_311_generated
e756_ba4f_0000_1607170492_310_received
f8fa_acc7_0000_1607170495_312_generated
74f6_f8fa_0000_1607170495_313_generated
8642_74f6_0000_1607170496_314_generated
6efc_8642_0000_1607170497_315_generated
3a39_91cb_0000_1607170498_272_received
b95a_6efc_0000_1607170502_316_generated
12c9_6efc_0000_1607170501_316_received
721c_b95a_0000_1607170504_317_generated
0efc_721c_0000_1607170505_318_generated
a5e2_0efc_0000_1607170505_319_generated
1587_3a39_0000_1607170505_273_received
95e0_1587_0000_1607170507_274_received
3936_a5e2_0000_1607170510_320_generated
ede1_3936_0000_1607170511_321_generated
c7ce_ede1_0000_1607170512_322_generated
a9c5_a5e2_0000_1607170511_320_received
395f_a9c5_0000_1607170513_321_received
239c_c7ce_0000_1607170515_323_generated
460b_239c_0000_1607170516_324_generated
dc02_c7ce_0000_1607170516_323_received
f7fb_460b_0000_1607170519_325_generated
3bac_f7fb_0000_1607170520_326_generated
414b_3bac_0000_1607170521_327_generated
1adc_414b_0000_1607170523_328_generated
b529_1adc_0000_1607170523_329_generated
6007_b529_0000_1607170525_330_generated
4487_6007_0000_1607170525_331_generated
d381_4487_0000_1607170526_332_generated
c49e_3bac_0000_1607170525_327_received
7c9e_d381_0000_1607170530_333_received
dc44_7c9e_0000_1607170533_334_received
dc2f_dc44_0000_1607170535_335_generated
05f9_dc2f_0000_1607170537_336_generated
cbd4_05f9_0000_1607170541_337_generated
f3fe_05f9_0000_1607170540_337_received
ad27_f3fe_0000_1607170541_338_received
e495_95e0_0000_1607170543_275_received
60f4_ad27_0000_1607170544_339_received
c66c_60f4_0000_1607170544_340_received
ec64_c66c_0000_1607170547_341_generated
2ca0_e495_0000_1607170548_276_received
0f9d_2ca0_0000_1607170549_277_received
0517_ec64_0000_1607170549_342_received
417a_0517_0000_1607170553_343_received
3410_417a_0000_1607170556_344_received
35e7_3410_0000_1607170557_345_received
cb0f_35e7_0000_1607170559_346_generated
dc3e_cb0f_0000_1607170560_347_generated
848b_35e7_0000_1607170558_346_received
d966_dc3e_0000_1607170561_348_generated
5b24_0f9d_0000_1607170562_278_received
926f_d966_0000_1607170564_349_generated
7031_926f_0000_1607170565_350_generated
d33a_d966_0000_1607170563_349_received
93e0_7031_0000_1607170567_351_generated
900e_d33a_0000_1607170566_350_received
5842_93e0_0000_1607170570_352_generated
9fd9_5842_0000_1607170571_353_generated
e51c_9fd9_0000_1607170571_354_generated
3ce4_e51c_0000_1607170572_355_generated
ed72_3ce4_0000_1607170573_356_generated
8c37_ed72_0000_1607170579_357_generated
cf1e_8c37_0000_1607170580_358_generated
387c_cf1e_0000_1607170581_359_generated
b5d7_387c_0000_1607170583_360_received
aea6_5b24_0000_1607170584_279_received
b744_b5d7_0000_1607170584_361_received
b0a7_b744_0000_1607170585_362_received
9a1e_b0a7_0000_1607170587_363_generated
1fdb_9a1e_0000_1607170588_364_generated
236f_1fdb_0000_1607170589_365_generated
40b1_236f_0000_1607170590_366_generated
023e_b0a7_0000_1607170588_363_received
cee0_40b1_0000_1607170592_367_generated
a0fa_aea6_0000_1607170591_280_received
c80c_cee0_0000_1607170595_368_generated
43b3_c80c_0000_1607170596_369_generated
df3f_cee0_0000_1607170596_368_received
5173_43b3_0000_1607170600_370_generated
a16b_5173_0000_1607170601_371_generated
8fab_a16b_0000_1607170602_372_generated
86c8_5173_0000_1607170600_371_received
031d_8fab_0000_1607170604_373_generated
7734_a0fa_0000_1607170602_281_received
ac7f_86c8_0000_1607170602_372_received
fc98_7734_0000_1607170606_282_received
ad8f_031d_0000_1607170610_374_generated
1503_031d_0000_1607170609_374_received
13f6_1503_0000_1607170610_375_received
8ad5_13f6_0000_1607170613_376_generated
39a6_8ad5_0000_1607170615_377_generated
6d60_39a6_0000_1607170617_378_generated
064b_6d60_0000_1607170618_379_generated
7f85_064b_0000_1607170621_380_generated
7752_7f85_0000_1607170622_381_generated
3876_064b_0000_1607170622_380_received
934d_7752_0000_1607170626_382_generated
3b04_934d_0000_1607170627_383_generated
ad7f_3b04_0000_1607170630_384_generated
adff_ad7f_0000_1607170636_385_generated
6268_adff_0000_1607170637_386_generated
ecba_6268_0000_1607170638_387_generated
c5a6_ecba_0000_1607170639_388_generated
987d_c5a6_0000_1607170640_389_generated
bb65_987d_0000_1607170642_390_generated
8395_bb65_0000_1607170642_391_generated
5c7e_fc98_0000_1607170642_283_received
e926_8395_0000_1607170645_392_generated
6c61_e926_0000_1607170647_393_generated
41f8_6c61_0000_1607170647_394_generated
366a_41f8_0000_1607170648_395_generated
8c1c_366a_0000_1607170649_396_generated
af0f_8c1c_0000_1607170650_397_generated
e7b6_e926_0000_1607170648_393_received
cc34_e7b6_0000_1607170649_394_received
c1e5_5c7e_0000_1607170650_284_received
955d_af0f_0000_1607170654_398_generated
a1cc_955d_0000_1607170656_399_generated
adbe_a1cc_0000_1607170658_400_generated
a686_adbe_0000_1607170659_401_generated
fe47_a686_0000_1607170660_402_generated
28da_c1e5_0000_1607170659_285_received
04f6_28da_0000_1607170660_286_received
ed3d_adbe_0000_1607170660_401_received
1038_04f6_0000_1607170663_287_received
d39d_fe47_0000_1607170666_403_generated
67d0_d39d_0000_1607170671_404_generated
497c_d39d_0000_1607170670_404_received
a9f8_497c_0000_1607170671_405_received
7163_a9f8_0000_1607170674_406_generated
87a7_a9f8_0000_1607170672_406_received
64d1_7163_0000_1607170676_407_generated
eea8_64d1_0000_1607170677_408_generated
8bcb_eea8_0000_1607170678_409_generated
1f54_8bcb_0000_1607170681_410_generated
8ba0_1f54_0000_1607170682_411_generated
43ed_8ba0_0000_1607170685_412_generated
746b_1f54_0000_1607170683_411_received
88af_43ed_0000_1607170687_413_generated
b6f8_88af_0000_1607170688_414_generated
5b75_b6f8_0000_1607170690_415_generated
10b2_5b75_0000_1607170696_416_generated
2e69_10b2_0000_1607170697_417_generated
a6b1_2e69_0000_1607170698_418_generated
611c_5b75_0000_1607170698_416_received
1e33_a6b1_0000_1607170701_419_generated
584d_1e33_0000_1607170704_420_generated
69b3_a6b1_0000_1607170703_419_received
d109_1038_0000_1607170704_288_received
b70d_584d_0000_1607170708_421_generated
0912_69b3_0000_1607170706_420_received
7711_b70d_0000_1607170710_422_generated
3afa_0912_0000_1607170709_421_received
3dce_3afa_0000_1607170711_422_received
9a25_7711_0000_1607170715_423_generated
f2db_3dce_0000_1607170714_423_received
4ad6_f2db_0000_1607170715_424_received
c5ae_d109_0000_1607170716_289_received
451f_4ad6_0000_1607170719_425_generated
c147_c5ae_0000_1607170719_290_received
2746_c147_0000_1607170721_291_received
db1a_451f_0000_1607170724_426_generated
3ac3_db1a_0000_1607170727_427_generated
57d2_db1a_0000_1607170726_427_received
d179_3ac3_0000_1607170729_428_generated
397d_d179_0000_1607170731_429_generated
36fe_397d_0000_1607170732_430_generated
1bf9_36fe_0000_1607170732_431_generated
041e_1bf9_0000_1607170733_432_generated
1175_041e_0000_1607170735_433_generated
2f0e_1175_0000_1607170736_434_generated
c143_2f0e_0000_1607170737_435_generated
d0b4_c143_0000_1607170738_436_generated
8c59_2746_0000_1607170741_292_received
fc7b_d0b4_0000_1607170744_437_generated
7519_fc7b_0000_1607170745_438_generated
8d14_7519_0000_1607170749_439_generated
e2cb_8d14_0000_1607170750_440_generated
c26e_e2cb_0000_1607170754_441_generated
5ce7_c26e_0000_1607170756_442_generated
eb6b_5ce7_0000_1607170758_443_generated
4d31_eb6b_0000_1607170759_444_generated
0831_4d31_0000_1607170762_445_generated
2b9e_0831_0000_1607170763_446_generated
5069_2b9e_0000_1607170767_447_generated
db83_5069_0000_1607170769_448_generated
5523_db83_0000_1607170769_449_generated
fcb2_5523_0000_1607170773_450_generated
45f5_fcb2_0000_1607170776_451_generated
2003_45f5_0000_1607170778_452_generated
a893_2003_0000_1607170779_453_generated
d4e5_a893_0000_1607170782_454_generated
