18b3_9e1c_0000_1607381896_1_received
ecc5_18b3_0000_1607381916_2_received
7fb3_ecc5_0000_1607381928_3_received
9888_7fb3_0000_1607381942_4_received
897d_9888_0000_1607381947_5_received
a2b7_897d_0000_1607381966_6_received
ca60_a2b7_0000_1607381967_7_generated
a083_ca60_0000_1607381970_8_received
0b14_a083_0000_1607381983_9_received
5e0a_0b14_0000_1607381996_10_received
2bff_5e0a_0000_1607382003_11_received
b710_2bff_0000_1607382019_12_received
4754_b710_0000_1607382025_13_received
db19_4754_0000_1607382041_14_received
5c4d_db19_0000_1607382067_15_generated
0275_5c4d_0000_1607382078_16_received
b4fa_0275_0000_1607382079_17_received
1a8d_b4fa_0000_1607382109_18_received
acec_1a8d_0000_1607382114_19_received
633f_acec_0000_1607382127_20_received
b21f_acec_0000_1607382128_20_received
91d2_633f_0000_1607382141_21_received
1446_91d2_0000_1607382143_22_received
83c4_1446_0000_1607382151_23_received
db07_83c4_0000_1607382160_24_received
cfe8_db07_0000_1607382176_25_received
3510_cfe8_0000_1607382188_26_received
481a_3510_0000_1607382207_27_received
01c3_481a_0000_1607382211_28_received
dd83_01c3_0000_1607382223_29_received
7324_dd83_0000_1607382224_30_received
0e04_7324_0000_1607382229_31_received
7277_0e04_0000_1607382233_32_received
4279_7277_0000_1607382242_33_received
0807_4279_0000_1607382247_34_received
e0ad_0807_0000_1607382259_35_received
f5d2_e0ad_0000_1607382261_36_received
122f_f5d2_0000_1607382271_37_received
48eb_122f_0000_1607382284_38_received
dfed_48eb_0000_1607382312_39_received
5dd1_dfed_0000_1607382319_40_received
55fb_5dd1_0000_1607382329_41_received
9ae2_55fb_0000_1607382338_42_received
217f_9ae2_0000_1607382358_43_received
78ea_217f_0000_1607382361_44_received
4be8_78ea_0000_1607382365_45_received
a265_4be8_0000_1607382384_46_received
2e45_a265_0000_1607382391_47_generated
c92e_2e45_0000_1607382396_48_received
13b6_c92e_0000_1607382398_49_received
ab77_13b6_0000_1607382412_50_received
90a9_ab77_0000_1607382419_51_received
4afc_90a9_0000_1607382428_52_received
68a8_4afc_0000_1607382454_53_received
f2b8_68a8_0000_1607382467_54_received
e462_f2b8_0000_1607382471_55_received
45d6_e462_0000_1607382478_56_received
2200_45d6_0000_1607382487_57_received
91c9_2200_0000_1607382526_58_received
f79b_91c9_0000_1607382541_59_generated
db50_f79b_0000_1607382573_60_received
97d5_db50_0000_1607382603_61_generated
ee82_97d5_0000_1607382611_62_received
2f47_ee82_0000_1607382630_63_received
6383_2f47_0000_1607382632_64_received
eb30_6383_0000_1607382640_65_received
be52_eb30_0000_1607382645_66_received
88ce_be52_0000_1607382652_67_received
f52d_88ce_0000_1607382656_68_received
1202_f52d_0000_1607382664_69_generated
537a_1202_0000_1607382673_70_received
7d92_537a_0000_1607382693_71_received
0e10_7d92_0000_1607382694_72_generated
9f34_0e10_0000_1607382708_73_received
3d7e_9f34_0000_1607382726_74_received
4b87_3d7e_0000_1607382735_75_received
062d_4b87_0000_1607382739_76_received
8e13_062d_0000_1607382749_77_received
66df_8e13_0000_1607382766_78_received
dd8c_66df_0000_1607382790_79_received
afba_dd8c_0000_1607382795_80_received
560d_afba_0000_1607382807_81_received
702e_560d_0000_1607382866_82_received
bc32_702e_0000_1607382872_83_received
6b95_bc32_0000_1607382879_84_received
7626_6b95_0000_1607382880_85_received
b80b_7626_0000_1607382892_86_received
3bd3_b80b_0000_1607382896_87_received
cdae_3bd3_0000_1607382902_88_received
9fab_cdae_0000_1607382925_89_received
f8a5_9fab_0000_1607382934_90_generated
000f_f8a5_0000_1607382965_91_received
f769_000f_0000_1607382977_92_received
b7fb_f769_0000_1607382986_93_received
9952_b7fb_0000_1607382991_94_received
2e7d_9952_0000_1607382992_95_received
1130_2e7d_0000_1607382994_96_received
4fc0_1130_0000_1607383048_97_received
45d2_4fc0_0000_1607383069_98_received
a093_45d2_0000_1607383077_99_received
9724_a093_0000_1607383082_100_received
