9fcd_9e1c_0000_1607175867_1_generated
ed88_9fcd_0000_1607175873_2_generated
8380_ed88_0000_1607175880_3_received
6482_8380_0000_1607175883_4_generated
fb49_8380_0000_1607175884_4_received
e17d_fb49_0000_1607175887_5_received
d3d5_e17d_0000_1607175896_6_generated
39f4_e17d_0000_1607175897_6_received
e689_39f4_0000_1607175897_7_received
5151_e689_0000_1607175904_8_received
6a94_5151_0000_1607175911_9_generated
0fc1_6a94_0000_1607175913_10_generated
4c43_0fc1_0000_1607175924_11_received
32f1_4c43_0000_1607175931_12_generated
4ce2_4c43_0000_1607175932_12_received
bd97_4ce2_0000_1607175951_13_received
53dd_bd97_0000_1607175954_14_received
9cb6_53dd_0000_1607175965_15_received
6792_9cb6_0000_1607175968_16_generated
9805_9cb6_0000_1607175967_16_received
7c99_9805_0000_1607175983_17_received
5940_7c99_0000_1607175985_18_received
adc4_5940_0000_1607175991_19_generated
e690_adc4_0000_1607175993_20_received
ae73_e690_0000_1607175996_21_received
f281_ae73_0000_1607176005_22_generated
1c8f_ae73_0000_1607176004_22_received
7ebe_1c8f_0000_1607176004_23_received
b4ef_7ebe_0000_1607176016_24_generated
9c01_b4ef_0000_1607176016_25_generated
2e7e_9c01_0000_1607176025_26_generated
a8a6_9c01_0000_1607176024_26_received
b790_2e7e_0000_1607176032_27_generated
961e_b790_0000_1607176034_28_received
d7ee_961e_0000_1607176035_29_received
2f4d_d7ee_0000_1607176039_30_received
cb2f_2f4d_0000_1607176045_31_received
19ea_cb2f_0000_1607176055_32_received
0633_19ea_0000_1607176060_33_received
0d1f_0633_0000_1607176060_34_received
a95b_0d1f_0000_1607176061_35_received
beca_a95b_0000_1607176063_36_received
c304_beca_0000_1607176069_37_received
5242_c304_0000_1607176072_38_received
11df_5242_0000_1607176072_39_received
cb6a_11df_0000_1607176077_40_generated
deda_cb6a_0000_1607176079_41_received
fbd7_deda_0000_1607176082_42_generated
889b_fbd7_0000_1607176094_43_received
36ac_889b_0000_1607176098_44_generated
606e_36ac_0000_1607176112_45_generated
b97c_606e_0000_1607176127_46_generated
2f1f_b97c_0000_1607176129_47_generated
e944_b97c_0000_1607176128_47_received
a461_e944_0000_1607176132_48_received
3aa3_a461_0000_1607176140_49_received
88ab_3aa3_0000_1607176141_50_generated
ff47_88ab_0000_1607176144_51_received
d3f2_ff47_0000_1607176148_52_generated
8fe6_ff47_0000_1607176147_52_received
9043_8fe6_0000_1607176149_53_received
8f94_9043_0000_1607176157_54_generated
2e46_8f94_0000_1607176159_55_received
caad_2e46_0000_1607176170_56_received
149a_caad_0000_1607176179_57_generated
10c0_149a_0000_1607176188_58_received
a150_10c0_0000_1607176190_59_generated
a890_a150_0000_1607176204_60_generated
1ab5_a890_0000_1607176213_61_generated
f552_a890_0000_1607176214_61_received
821e_f552_0000_1607176216_62_received
95db_821e_0000_1607176233_63_received
4cb7_95db_0000_1607176236_64_received
e662_4cb7_0000_1607176249_65_received
7f37_e662_0000_1607176255_66_received
ba04_7f37_0000_1607176256_67_received
3c84_ba04_0000_1607176266_68_received
3c1c_3c84_0000_1607176276_69_received
abf5_3c1c_0000_1607176277_70_received
c6d1_abf5_0000_1607176280_71_generated
40b3_c6d1_0000_1607176282_72_received
dee3_40b3_0000_1607176298_73_received
a5ee_dee3_0000_1607176309_74_generated
e814_dee3_0000_1607176310_74_received
e638_e814_0000_1607176313_75_received
96d7_e638_0000_1607176316_76_received
ea59_96d7_0000_1607176318_77_received
2203_ea59_0000_1607176320_78_received
f879_2203_0000_1607176327_79_received
548a_f879_0000_1607176333_80_generated
3cf0_548a_0000_1607176344_81_received
618a_3cf0_0000_1607176351_82_received
244e_618a_0000_1607176356_83_generated
8a72_618a_0000_1607176357_83_received
65b5_244e_0000_1607176359_84_generated
7066_65b5_0000_1607176363_85_generated
c8eb_7066_0000_1607176364_86_received
5bcc_c8eb_0000_1607176375_87_generated
1113_5bcc_0000_1607176380_88_generated
ad01_1113_0000_1607176394_89_received
b2b4_ad01_0000_1607176404_90_received
7c16_b2b4_0000_1607176412_91_received
c8ac_7c16_0000_1607176415_92_received
d68e_c8ac_0000_1607176420_93_generated
f908_d68e_0000_1607176432_94_received
5475_f908_0000_1607176434_95_received
df4d_5475_0000_1607176440_96_received
1470_df4d_0000_1607176441_97_received
4ed9_1470_0000_1607176443_98_generated
c07a_4ed9_0000_1607176445_99_received
4f17_c07a_0000_1607176452_100_received
ff36_4f17_0000_1607176458_101_received
dfbb_ff36_0000_1607176459_102_received
81cf_dfbb_0000_1607176465_103_received
58f8_81cf_0000_1607176475_104_received
6026_58f8_0000_1607176481_105_received
6f1c_6026_0000_1607176487_106_received
fb15_6f1c_0000_1607176488_107_received
672d_fb15_0000_1607176493_108_generated
ed07_672d_0000_1607176496_109_received
b2f8_ed07_0000_1607176496_110_received
6cf8_b2f8_0000_1607176505_111_generated
9406_6cf8_0000_1607176507_112_received
8910_9406_0000_1607176518_113_received
b691_8910_0000_1607176523_114_generated
9473_b691_0000_1607176539_115_received
58ad_9473_0000_1607176568_116_received
