7478_9e1c_0000_1607421387_1_received
a673_7478_0000_1607421390_2_received
4336_a673_0000_1607421405_3_received
aeb3_4336_0000_1607421408_4_received
3580_aeb3_0000_1607421410_5_received
c087_3580_0000_1607421410_6_received
88a4_c087_0000_1607421412_7_received
299e_88a4_0000_1607421418_8_received
03ab_88a4_0000_1607421419_8_received
9e00_299e_0000_1607421419_9_received
34f4_9e00_0000_1607421423_10_generated
09f3_34f4_0000_1607421429_11_received
f716_09f3_0000_1607421441_12_received
6b31_f716_0000_1607421443_13_received
d427_6b31_0000_1607421449_14_received
0b51_d427_0000_1607421452_15_received
552c_0b51_0000_1607421456_16_received
6bcb_552c_0000_1607421458_17_received
29af_6bcb_0000_1607421462_18_received
4d4b_29af_0000_1607421472_19_received
1583_4d4b_0000_1607421477_20_received
18ec_1583_0000_1607421478_21_generated
d731_18ec_0000_1607421479_22_received
cd2e_d731_0000_1607421487_23_generated
50c4_cd2e_0000_1607421488_24_received
904f_50c4_0000_1607421492_25_received
7ec8_904f_0000_1607421500_26_received
34f0_7ec8_0000_1607421505_27_received
54f2_34f0_0000_1607421507_28_received
d94b_54f2_0000_1607421517_29_generated
c4a2_d94b_0000_1607421518_30_received
c8ca_c4a2_0000_1607421526_31_received
f922_c8ca_0000_1607421529_32_received
1933_f922_0000_1607421540_33_received
b22c_1933_0000_1607421552_34_received
ea7c_b22c_0000_1607421561_35_received
cb84_b22c_0000_1607421562_35_received
6b28_ea7c_0000_1607421571_36_received
66de_6b28_0000_1607421573_37_received
a038_66de_0000_1607421575_38_received
596e_a038_0000_1607421576_39_received
b6ed_596e_0000_1607421578_40_received
f759_b6ed_0000_1607421580_41_received
1f71_f759_0000_1607421586_42_received
af82_1f71_0000_1607421588_43_received
d2ac_1f71_0000_1607421589_43_received
e4e1_af82_0000_1607421590_44_received
e91b_e4e1_0000_1607421593_45_received
06d8_e91b_0000_1607421601_46_received
c225_06d8_0000_1607421611_47_received
5e4d_c225_0000_1607421614_48_received
06b6_c225_0000_1607421615_48_received
bbab_06b6_0000_1607421623_49_received
08ea_bbab_0000_1607421638_50_received
f9f7_08ea_0000_1607421646_51_received
316e_f9f7_0000_1607421657_52_received
77cf_316e_0000_1607421666_53_received
e92c_77cf_0000_1607421668_54_received
a937_e92c_0000_1607421674_55_received
1706_a937_0000_1607421677_56_generated
eb7b_1706_0000_1607421682_57_received
7fcc_eb7b_0000_1607421687_58_received
b199_7fcc_0000_1607421696_59_received
a50c_b199_0000_1607421704_60_received
872a_a50c_0000_1607421711_61_received
d566_872a_0000_1607421715_62_received
d251_d566_0000_1607421717_63_received
c7c7_d251_0000_1607421732_64_received
67f1_c7c7_0000_1607421746_65_received
2fcb_67f1_0000_1607421748_66_received
6510_2fcb_0000_1607421748_67_received
dca0_6510_0000_1607421752_68_received
f6e1_dca0_0000_1607421768_69_received
16c5_f6e1_0000_1607421775_70_received
939d_16c5_0000_1607421775_71_received
35e2_939d_0000_1607421782_72_received
fe62_35e2_0000_1607421789_73_received
6305_fe62_0000_1607421789_74_received
0e4a_6305_0000_1607421801_75_received
69e8_0e4a_0000_1607421806_76_received
6c8e_69e8_0000_1607421817_77_received
d4ee_6c8e_0000_1607421819_78_received
ebef_d4ee_0000_1607421821_79_received
48e2_ebef_0000_1607421827_80_received
adc9_48e2_0000_1607421830_81_received
0508_adc9_0000_1607421833_82_received
5c87_0508_0000_1607421836_83_received
5838_5c87_0000_1607421845_84_received
6cba_5838_0000_1607421849_85_received
b526_6cba_0000_1607421855_86_received
a59b_6cba_0000_1607421856_86_received
ee3a_b526_0000_1607421856_87_received
3abd_ee3a_0000_1607421870_88_received
d12b_3abd_0000_1607421876_89_received
b8fd_d12b_0000_1607421882_90_received
167b_b8fd_0000_1607421886_91_received
902c_167b_0000_1607421888_92_received
e119_902c_0000_1607421891_93_received
e8ba_e119_0000_1607421899_94_received
50b8_e8ba_0000_1607421906_95_received
2820_50b8_0000_1607421910_96_generated
1874_50b8_0000_1607421909_96_received
7ea8_1874_0000_1607421911_97_received
4465_7ea8_0000_1607421912_98_received
7f3a_4465_0000_1607421913_99_received
93a7_7f3a_0000_1607421920_100_received
3aa0_93a7_0000_1607421922_101_received
ef6e_3aa0_0000_1607421925_102_received
0184_3aa0_0000_1607421924_102_received
fb3e_0184_0000_1607421926_103_received
8e2e_ef6e_0000_1607421927_103_received
ba44_fb3e_0000_1607421947_104_received
8355_ba44_0000_1607421948_105_received
2ece_8355_0000_1607421958_106_received
aeaa_2ece_0000_1607421962_107_received
