4ed2_9e1c_0000_1605068877_1_generated
719f_4ed2_0000_1605068877_2_generated
5778_719f_0000_1605068879_3_generated
99a2_5778_0000_1605068879_4_generated
3bd4_99a2_0000_1605068879_5_generated
6bdb_3bd4_0000_1605068880_6_generated
d86a_5778_0000_1605068880_4_received
4e94_6bdb_0000_1605068881_7_generated
6739_4e94_0000_1605068886_8_generated
d4a3_6739_0000_1605068887_9_generated
fb36_d4a3_0000_1605068889_10_generated
689e_fb36_0000_1605068891_11_generated
5103_689e_0000_1605068894_12_generated
95f9_689e_0000_1605068893_12_received
fe1b_5103_0000_1605068896_13_generated
0c97_95f9_0000_1605068896_13_received
e9d3_fe1b_0000_1605068898_14_generated
66d9_0c97_0000_1605068897_14_received
087a_e9d3_0000_1605068901_15_generated
31ec_66d9_0000_1605068901_15_received
05e9_087a_0000_1605068903_16_generated
6a97_31ec_0000_1605068903_16_received
76fc_05e9_0000_1605068905_17_generated
613f_76fc_0000_1605068905_18_generated
de46_6a97_0000_1605068904_17_received
86cc_613f_0000_1605068906_19_generated
205f_de46_0000_1605068906_18_received
d732_86cc_0000_1605068907_20_generated
8532_205f_0000_1605068907_19_received
27be_d732_0000_1605068908_21_generated
9a91_27be_0000_1605068909_22_generated
2684_27be_0000_1605068910_22_received
c864_2684_0000_1605068911_23_received
d0c8_c864_0000_1605068913_24_generated
d742_c864_0000_1605068912_24_received
e332_d0c8_0000_1605068914_25_generated
7388_e332_0000_1605068915_26_generated
f018_d742_0000_1605068914_25_received
635a_7388_0000_1605068916_27_generated
26e8_635a_0000_1605068917_28_generated
41fb_26e8_0000_1605068919_29_generated
29b1_41fb_0000_1605068920_30_generated
ae66_29b1_0000_1605068921_31_generated
0ebf_ae66_0000_1605068922_32_generated
3eb5_0ebf_0000_1605068925_33_generated
b68a_3eb5_0000_1605068926_34_generated
d2d2_b68a_0000_1605068926_35_generated
5b27_d2d2_0000_1605068927_36_generated
a6d6_d2d2_0000_1605068928_36_received
0210_5b27_0000_1605068929_37_generated
d33f_0210_0000_1605068929_38_generated
4a51_a6d6_0000_1605068929_37_received
5ef7_d33f_0000_1605068931_39_received
f473_5ef7_0000_1605068933_40_generated
5768_f473_0000_1605068934_41_generated
37c9_5768_0000_1605068935_42_received
06f2_37c9_0000_1605068936_43_generated
a0e9_06f2_0000_1605068938_44_generated
60dd_a0e9_0000_1605068938_45_generated
e306_60dd_0000_1605068940_46_generated
0435_e306_0000_1605068940_47_generated
e0e5_0435_0000_1605068940_48_generated
39f3_e0e5_0000_1605068942_49_generated
a998_39f3_0000_1605068944_50_generated
829f_a998_0000_1605068944_51_received
43a7_829f_0000_1605068951_52_generated
1010_43a7_0000_1605068952_53_generated
e275_1010_0000_1605068953_54_generated
195f_e275_0000_1605068953_55_generated
e413_195f_0000_1605068954_56_generated
600e_e413_0000_1605068956_57_generated
f9cb_600e_0000_1605068957_58_generated
a366_f9cb_0000_1605068959_59_generated
4a39_a366_0000_1605068959_60_generated
ab75_f9cb_0000_1605068960_59_received
0e3c_ab75_0000_1605068960_60_received
4025_4a39_0000_1605068962_61_generated
057a_4025_0000_1605068966_62_generated
50b3_057a_0000_1605068971_63_generated
d526_50b3_0000_1605068972_64_generated
e4c8_d526_0000_1605068974_65_generated
c818_e4c8_0000_1605068975_66_received
b182_c818_0000_1605068976_67_received
7801_b182_0000_1605068978_68_generated
d252_7801_0000_1605068980_69_generated
2419_d252_0000_1605068981_70_generated
c86e_2419_0000_1605068982_71_generated
2546_c86e_0000_1605068982_72_generated
af9c_2546_0000_1605068983_73_generated
fd48_af9c_0000_1605068983_74_generated
cf39_fd48_0000_1605068985_75_generated
addd_cf39_0000_1605068987_76_generated
9dba_addd_0000_1605068988_77_generated
461f_cf39_0000_1605068988_76_received
6520_9dba_0000_1605068993_78_generated
dd6a_6520_0000_1605068994_79_generated
43b9_dd6a_0000_1605068995_80_generated
170f_43b9_0000_1605068995_81_generated
99e7_170f_0000_1605068996_82_generated
60d5_43b9_0000_1605068996_81_received
721f_60d5_0000_1605068997_82_received
d0c7_99e7_0000_1605068998_83_received
a3b2_d0c7_0000_1605069000_84_generated
17f8_a3b2_0000_1605069001_85_generated
4dc1_17f8_0000_1605069001_86_generated
ee65_4dc1_0000_1605069002_87_generated
bfd7_ee65_0000_1605069002_88_generated
605e_bfd7_0000_1605069004_89_received
3c3e_605e_0000_1605069006_90_generated
31a5_3c3e_0000_1605069006_91_generated
a556_31a5_0000_1605069008_92_generated
491f_a556_0000_1605069011_93_received
1e6f_491f_0000_1605069013_94_received
1ada_1e6f_0000_1605069014_95_received
589f_1ada_0000_1605069016_96_received
7539_589f_0000_1605069020_97_generated
4530_7539_0000_1605069021_98_generated
1d2e_4530_0000_1605069021_99_generated
89a2_589f_0000_1605069021_97_received
2fb3_1d2e_0000_1605069023_100_generated
9a16_2fb3_0000_1605069023_101_received
9545_9a16_0000_1605069025_102_generated
9f58_9545_0000_1605069027_103_generated
2cec_9f58_0000_1605069028_104_generated
7fd6_9545_0000_1605069028_103_received
d551_2cec_0000_1605069030_105_generated
b1e8_d551_0000_1605069032_106_generated
9f05_b1e8_0000_1605069033_107_generated
3c4b_9f05_0000_1605069036_108_generated
3b80_3c4b_0000_1605069036_109_generated
c997_3b80_0000_1605069039_110_generated
8463_c997_0000_1605069039_111_generated
1261_8463_0000_1605069040_112_generated
76a6_1261_0000_1605069043_113_generated
f1a2_7fd6_0000_1605069042_104_received
e663_76a6_0000_1605069044_114_generated
6d7a_e663_0000_1605069044_115_generated
11f2_6d7a_0000_1605069046_116_generated
b1cd_6d7a_0000_1605069045_116_received
c0b3_11f2_0000_1605069050_117_generated
7a41_c0b3_0000_1605069052_118_generated
cc80_7a41_0000_1605069053_119_received
61c4_cc80_0000_1605069054_120_generated
3f8d_61c4_0000_1605069055_121_generated
419f_3f8d_0000_1605069056_122_generated
1a56_61c4_0000_1605069056_121_received
115f_f1a2_0000_1605069056_105_received
cb4f_419f_0000_1605069057_123_generated
11b7_cb4f_0000_1605069058_124_generated
a607_cb4f_0000_1605069059_124_received
27d2_a607_0000_1605069061_125_received
7565_27d2_0000_1605069065_126_received
315c_7565_0000_1605069067_127_generated
070f_315c_0000_1605069068_128_generated
5b9c_070f_0000_1605069070_129_received
dd59_5b9c_0000_1605069071_130_generated
8909_115f_0000_1605069071_106_received
30f7_dd59_0000_1605069072_131_generated
51a5_30f7_0000_1605069072_132_generated
bee7_51a5_0000_1605069073_133_generated
1663_bee7_0000_1605069074_134_generated
16fa_1663_0000_1605069077_135_generated
355a_16fa_0000_1605069077_136_generated
07ef_355a_0000_1605069077_137_generated
b7f3_07ef_0000_1605069078_138_generated
62c6_b7f3_0000_1605069079_139_generated
3e9f_62c6_0000_1605069079_140_generated
8ec9_355a_0000_1605069078_137_received
c3d4_3e9f_0000_1605069080_141_generated
9101_c3d4_0000_1605069080_142_generated
45dd_9101_0000_1605069081_143_generated
6357_b7f3_0000_1605069080_139_received
f30a_6357_0000_1605069080_140_received
f58d_45dd_0000_1605069082_144_generated
2c1c_f58d_0000_1605069082_145_generated
b0d9_2c1c_0000_1605069082_146_generated
aedf_b0d9_0000_1605069082_147_generated
b32d_aedf_0000_1605069084_148_generated
a5ce_b32d_0000_1605069084_149_generated
4cc1_a5ce_0000_1605069086_150_generated
00bc_4cc1_0000_1605069088_151_generated
449b_00bc_0000_1605069089_152_generated
d39d_4cc1_0000_1605069089_151_received
ccb0_449b_0000_1605069092_153_received
dd6e_ccb0_0000_1605069094_154_generated
1f4e_dd6e_0000_1605069094_155_generated
08f1_1f4e_0000_1605069096_156_generated
2e0a_08f1_0000_1605069097_157_generated
4189_2e0a_0000_1605069097_158_generated
509c_4189_0000_1605069100_159_generated
c759_4189_0000_1605069099_159_received
e848_509c_0000_1605069101_160_generated
1443_e848_0000_1605069102_161_received
48a1_1443_0000_1605069103_162_received
32fb_48a1_0000_1605069105_163_generated
5f4a_48a1_0000_1605069106_163_received
72a1_5f4a_0000_1605069107_164_received
0264_72a1_0000_1605069111_165_generated
c07a_0264_0000_1605069111_166_generated
fdf3_c07a_0000_1605069112_167_generated
facd_fdf3_0000_1605069113_168_generated
3863_facd_0000_1605069114_169_generated
3ea7_3863_0000_1605069114_170_generated
c7e6_3ea7_0000_1605069114_171_generated
2ef5_c7e6_0000_1605069116_172_generated
8e50_2ef5_0000_1605069116_173_generated
4dc3_8e50_0000_1605069117_174_generated
e73c_8909_0000_1605069117_107_received
9682_4dc3_0000_1605069119_175_received
02a4_9682_0000_1605069120_176_generated
2b09_02a4_0000_1605069122_177_generated
6ed3_2b09_0000_1605069122_178_generated
75b1_e73c_0000_1605069122_108_received
6b0e_2b09_0000_1605069123_178_received
14e1_6ed3_0000_1605069124_179_generated
152d_6b0e_0000_1605069125_179_received
668e_14e1_0000_1605069127_180_generated
8ace_152d_0000_1605069128_180_received
3973_668e_0000_1605069130_181_generated
54dc_3973_0000_1605069131_182_generated
75c5_8ace_0000_1605069130_181_received
6301_75c5_0000_1605069130_182_received
8091_54dc_0000_1605069133_183_generated
b560_8091_0000_1605069134_184_generated
6986_6301_0000_1605069133_183_received
eed5_b560_0000_1605069136_185_generated
00d6_eed5_0000_1605069138_186_generated
50da_00d6_0000_1605069139_187_generated
1c1b_50da_0000_1605069139_188_generated
819b_1c1b_0000_1605069139_189_generated
bbaa_819b_0000_1605069139_190_generated
56ba_bbaa_0000_1605069141_191_generated
9587_56ba_0000_1605069141_192_generated
8316_1c1b_0000_1605069140_189_received
d0a8_9587_0000_1605069144_193_generated
1231_75b1_0000_1605069145_109_received
ad97_d0a8_0000_1605069151_194_generated
e761_ad97_0000_1605069152_195_generated
8d7b_e761_0000_1605069152_196_generated
a2aa_8d7b_0000_1605069155_197_received
acc1_a2aa_0000_1605069158_198_received
bbe4_acc1_0000_1605069160_199_generated
10f8_acc1_0000_1605069159_199_received
1d23_10f8_0000_1605069159_200_received
8a05_1d23_0000_1605069160_201_received
5ab2_8a05_0000_1605069160_202_received
b045_5ab2_0000_1605069163_203_generated
30bb_b045_0000_1605069163_204_generated
e0c9_5ab2_0000_1605069162_203_received
bc43_30bb_0000_1605069165_205_generated
e749_bc43_0000_1605069166_206_generated
b286_e749_0000_1605069167_207_generated
db4b_b286_0000_1605069168_208_generated
7937_db4b_0000_1605069168_209_generated
5ab7_7937_0000_1605069169_210_generated
b08f_5ab7_0000_1605069169_211_generated
601d_b08f_0000_1605069170_212_generated
d716_b286_0000_1605069169_208_received
663c_d716_0000_1605069169_209_received
8749_b08f_0000_1605069171_212_received
d26b_601d_0000_1605069173_213_generated
bce9_8749_0000_1605069172_213_received
4c5f_d26b_0000_1605069174_214_generated
c9d7_bce9_0000_1605069175_214_received
6a28_4c5f_0000_1605069176_215_generated
d094_c9d7_0000_1605069175_215_received
b313_d094_0000_1605069177_216_received
07b3_b313_0000_1605069180_217_received
9e2a_07b3_0000_1605069181_218_received
f0a3_9e2a_0000_1605069182_219_received
69e4_f0a3_0000_1605069185_220_received
5fb2_69e4_0000_1605069186_221_generated
cdc5_69e4_0000_1605069187_221_received
1bfa_cdc5_0000_1605069187_222_received
f5ef_1bfa_0000_1605069190_223_generated
373b_1bfa_0000_1605069189_223_received
0a6b_373b_0000_1605069189_224_received
5ef4_0a6b_0000_1605069194_225_generated
eb25_5ef4_0000_1605069196_226_generated
dd52_eb25_0000_1605069197_227_generated
2464_0a6b_0000_1605069196_225_received
15d2_dd52_0000_1605069197_228_generated
66b7_1231_0000_1605069197_110_received
ec09_15d2_0000_1605069199_229_generated
fdf9_ec09_0000_1605069199_230_generated
3ec5_fdf9_0000_1605069201_231_generated
1fe5_3ec5_0000_1605069202_232_generated
0e3a_1fe5_0000_1605069202_233_generated
78cf_0e3a_0000_1605069203_234_generated
6c3a_fdf9_0000_1605069202_231_received
1be9_78cf_0000_1605069204_235_generated
4af9_1be9_0000_1605069204_236_generated
c835_66b7_0000_1605069204_111_received
a756_4af9_0000_1605069205_237_generated
6c65_a756_0000_1605069207_238_generated
a542_6c65_0000_1605069208_239_generated
3c22_a756_0000_1605069208_238_received
8b62_a542_0000_1605069212_240_generated
61ac_8b62_0000_1605069214_241_generated
7983_61ac_0000_1605069218_242_generated
0e8e_7983_0000_1605069218_243_generated
7cf8_61ac_0000_1605069217_242_received
69f6_c835_0000_1605069217_112_received
95c6_69f6_0000_1605069220_113_received
5100_0e8e_0000_1605069220_244_received
469b_5100_0000_1605069222_245_generated
c748_469b_0000_1605069227_246_generated
8126_c748_0000_1605069228_247_generated
66d1_c748_0000_1605069227_247_received
39b5_8126_0000_1605069229_248_generated
67a0_66d1_0000_1605069228_248_received
4202_39b5_0000_1605069230_249_generated
09dd_67a0_0000_1605069229_249_received
8489_09dd_0000_1605069231_250_received
b1a8_8489_0000_1605069233_251_received
6593_b1a8_0000_1605069234_252_generated
9850_6593_0000_1605069235_253_generated
edae_b1a8_0000_1605069235_252_received
8604_9850_0000_1605069237_254_generated
b1c5_8604_0000_1605069237_255_generated
194b_b1c5_0000_1605069238_256_generated
6e61_9850_0000_1605069238_254_received
b804_194b_0000_1605069241_257_generated
75ac_b804_0000_1605069244_258_generated
a740_b804_0000_1605069243_258_received
2a2a_75ac_0000_1605069245_259_generated
bb17_2a2a_0000_1605069246_260_generated
86eb_a740_0000_1605069246_259_received
24ea_bb17_0000_1605069248_261_generated
a4d8_86eb_0000_1605069248_260_received
08e7_24ea_0000_1605069259_262_generated
2ac3_24ea_0000_1605069257_262_received
3268_08e7_0000_1605069261_263_generated
9b94_3268_0000_1605069262_264_generated
7a79_9b94_0000_1605069262_265_generated
4d8c_7a79_0000_1605069263_266_generated
8b47_2ac3_0000_1605069262_263_received
7664_4d8c_0000_1605069264_267_generated
2eb3_8b47_0000_1605069263_264_received
4f7d_4d8c_0000_1605069265_267_received
269b_7664_0000_1605069270_268_generated
8cd8_269b_0000_1605069271_269_generated
8129_8cd8_0000_1605069272_270_generated
2e8b_8129_0000_1605069272_271_generated
32c4_2e8b_0000_1605069273_272_generated
34e0_32c4_0000_1605069275_273_generated
91bc_34e0_0000_1605069277_274_generated
8596_32c4_0000_1605069276_273_received
696a_95c6_0000_1605069277_114_received
c1a0_696a_0000_1605069278_115_received
ec9e_91bc_0000_1605069281_275_received
8361_ec9e_0000_1605069282_276_received
cc2f_8361_0000_1605069284_277_generated
01bf_8361_0000_1605069283_277_received
0806_cc2f_0000_1605069286_278_generated
8e2f_0806_0000_1605069287_279_received
cbc3_8e2f_0000_1605069288_280_received
c84c_cbc3_0000_1605069292_281_generated
ae09_c84c_0000_1605069292_282_generated
bde9_ae09_0000_1605069298_283_generated
eae2_bde9_0000_1605069300_284_generated
d8d2_eae2_0000_1605069301_285_generated
2188_c1a0_0000_1605069302_116_received
464b_2188_0000_1605069303_117_received
bf07_d8d2_0000_1605069305_286_generated
2cff_bf07_0000_1605069305_287_generated
7333_2cff_0000_1605069306_288_generated
417d_7333_0000_1605069310_289_generated
22e9_417d_0000_1605069311_290_generated
5c56_7333_0000_1605069311_289_received
0473_22e9_0000_1605069315_291_generated
dc79_22e9_0000_1605069316_291_received
b5b5_0473_0000_1605069318_292_generated
1269_b5b5_0000_1605069319_293_generated
3982_1269_0000_1605069320_294_generated
78a2_3982_0000_1605069321_295_generated
ecdb_78a2_0000_1605069322_296_generated
7b6a_ecdb_0000_1605069322_297_generated
caa5_7b6a_0000_1605069323_298_generated
3818_caa5_0000_1605069324_299_generated
2ed1_3818_0000_1605069327_300_generated
95da_2ed1_0000_1605069328_301_generated
a853_95da_0000_1605069330_302_generated
9f1f_2ed1_0000_1605069329_301_received
a83b_a853_0000_1605069332_303_received
7448_a83b_0000_1605069334_304_received
d15b_7448_0000_1605069336_305_generated
3e37_7448_0000_1605069335_305_received
e20d_d15b_0000_1605069338_306_generated
04b0_464b_0000_1605069337_118_received
26d5_04b0_0000_1605069339_119_received
dca3_e20d_0000_1605069341_307_received
93c1_26d5_0000_1605069344_120_received
64d6_93c1_0000_1605069346_121_received
9807_dca3_0000_1605069346_308_received
6acd_9807_0000_1605069348_309_received
a2e8_6acd_0000_1605069349_310_received
db0a_a2e8_0000_1605069352_311_generated
08e0_db0a_0000_1605069355_312_generated
14d2_64d6_0000_1605069355_122_received
c75e_08e0_0000_1605069356_313_received
d13c_14d2_0000_1605069358_123_received
9346_c75e_0000_1605069361_314_received
c2df_9346_0000_1605069364_315_generated
ba52_d13c_0000_1605069363_124_received
beff_c2df_0000_1605069366_316_generated
e349_beff_0000_1605069367_317_generated
6c24_e349_0000_1605069368_318_generated
7975_6c24_0000_1605069369_319_generated
606d_7975_0000_1605069372_320_generated
5329_606d_0000_1605069373_321_generated
6c4f_5329_0000_1605069373_322_generated
5c57_6c4f_0000_1605069375_323_generated
ff0f_5c57_0000_1605069376_324_generated
4525_ff0f_0000_1605069380_325_generated
bee2_4525_0000_1605069380_326_generated
e02f_bee2_0000_1605069381_327_generated
5bce_e02f_0000_1605069383_328_generated
9904_5bce_0000_1605069385_329_generated
35c5_e02f_0000_1605069384_328_received
e367_9904_0000_1605069386_330_generated
23c2_e367_0000_1605069387_331_generated
6d4d_23c2_0000_1605069390_332_generated
c90f_6d4d_0000_1605069390_333_generated
435c_c90f_0000_1605069392_334_generated
5585_c90f_0000_1605069393_334_received
1134_435c_0000_1605069397_335_generated
ad76_5585_0000_1605069396_335_received
38cb_ad76_0000_1605069397_336_received
d055_38cb_0000_1605069401_337_generated
3d8b_d055_0000_1605069401_338_generated
4250_38cb_0000_1605069400_337_received
d3e2_4250_0000_1605069401_338_received
e96f_d3e2_0000_1605069401_339_received
414f_e96f_0000_1605069402_340_received
896b_414f_0000_1605069405_341_generated
893e_ba52_0000_1605069404_125_received
7c8c_893e_0000_1605069406_126_received
16c5_896b_0000_1605069407_342_received
9ed6_16c5_0000_1605069410_343_generated
805c_9ed6_0000_1605069411_344_generated
fd70_805c_0000_1605069413_345_generated
4c41_fd70_0000_1605069414_346_generated
fc9a_4c41_0000_1605069414_347_generated
5dbb_fc9a_0000_1605069415_348_generated
50bc_5dbb_0000_1605069416_349_generated
a930_4c41_0000_1605069416_347_received
eea6_50bc_0000_1605069420_350_generated
b73a_50bc_0000_1605069419_350_received
d5c9_b73a_0000_1605069419_351_received
85da_d5c9_0000_1605069420_352_received
6585_85da_0000_1605069424_353_generated
5583_6585_0000_1605069424_354_generated
bea0_5583_0000_1605069425_355_generated
bf0a_bea0_0000_1605069426_356_generated
aa06_85da_0000_1605069425_353_received
1d8d_aa06_0000_1605069425_354_received
15dd_bf0a_0000_1605069430_357_generated
0a0d_15dd_0000_1605069430_358_generated
d7f9_0a0d_0000_1605069431_359_generated
2051_d7f9_0000_1605069432_360_generated
05da_2051_0000_1605069433_361_generated
9d6a_7c8c_0000_1605069432_127_received
1439_05da_0000_1605069435_362_generated
54e5_1439_0000_1605069436_363_generated
e855_d7f9_0000_1605069435_360_received
724f_05da_0000_1605069437_362_received
6d89_54e5_0000_1605069439_364_received
bb23_6d89_0000_1605069439_365_received
5696_bb23_0000_1605069443_366_generated
44ad_9d6a_0000_1605069443_128_received
eded_5696_0000_1605069447_367_generated
7f47_eded_0000_1605069449_368_generated
239f_eded_0000_1605069450_368_received
bfbb_7f47_0000_1605069456_369_generated
7fea_239f_0000_1605069455_369_received
1017_bfbb_0000_1605069457_370_generated
45ec_7fea_0000_1605069456_370_received
61bc_1017_0000_1605069460_371_generated
137f_44ad_0000_1605069461_129_received
9420_61bc_0000_1605069464_372_generated
869d_9420_0000_1605069464_373_generated
21d7_869d_0000_1605069465_374_generated
5e2d_137f_0000_1605069466_130_received
ade9_21d7_0000_1605069467_375_received
6b7c_ade9_0000_1605069470_376_generated
d4d6_ade9_0000_1605069469_376_received
0302_d4d6_0000_1605069470_377_received
6514_0302_0000_1605069470_378_received
40cb_6514_0000_1605069471_379_received
03d9_40cb_0000_1605069473_380_received
24f1_03d9_0000_1605069476_381_received
b7e8_24f1_0000_1605069478_382_generated
59f1_b7e8_0000_1605069481_383_generated
5b5a_59f1_0000_1605069482_384_generated
0a66_5b5a_0000_1605069484_385_generated
ce91_5e2d_0000_1605069483_131_received
7947_b7e8_0000_1605069483_383_received
aacf_0a66_0000_1605069488_386_received
18b4_aacf_0000_1605069490_387_generated
8161_18b4_0000_1605069491_388_generated
3a0b_aacf_0000_1605069491_387_received
9da5_8161_0000_1605069493_389_generated
ea4a_9da5_0000_1605069493_390_generated
a976_ea4a_0000_1605069497_391_generated
0ed5_ea4a_0000_1605069496_391_received
0195_0ed5_0000_1605069498_392_received
496e_ce91_0000_1605069499_132_received
023a_0195_0000_1605069500_393_received
7a7f_023a_0000_1605069503_394_generated
1c49_7a7f_0000_1605069503_395_generated
555a_023a_0000_1605069504_394_received
6c7d_1c49_0000_1605069506_396_generated
7412_6c7d_0000_1605069508_397_generated
8c1d_6c7d_0000_1605069509_397_received
1165_7412_0000_1605069512_398_generated
0257_1165_0000_1605069513_399_generated
7fbf_0257_0000_1605069513_400_generated
611d_1165_0000_1605069515_399_received
3417_7fbf_0000_1605069517_401_generated
f594_3417_0000_1605069520_402_generated
cee8_f594_0000_1605069523_403_generated
1f5c_cee8_0000_1605069524_404_generated
ad7c_1f5c_0000_1605069525_405_generated
3d39_496e_0000_1605069526_133_received
571b_3d39_0000_1605069527_134_received
7cbe_cee8_0000_1605069525_404_received
a268_ad7c_0000_1605069531_406_received
ec16_a268_0000_1605069532_407_received
19a4_ec16_0000_1605069532_408_received
c065_571b_0000_1605069534_135_received
b76f_19a4_0000_1605069537_409_generated
b108_b76f_0000_1605069538_410_generated
9b09_b108_0000_1605069538_411_generated
10c1_9b09_0000_1605069539_412_generated
f9ac_c065_0000_1605069538_136_received
2cc4_10c1_0000_1605069542_413_generated
5270_2cc4_0000_1605069543_414_generated
f7c2_5270_0000_1605069544_415_generated
3ed5_f7c2_0000_1605069547_416_generated
55cb_3ed5_0000_1605069548_417_generated
fe98_55cb_0000_1605069548_418_generated
3ee3_fe98_0000_1605069549_419_generated
eede_3ee3_0000_1605069550_420_generated
127d_3ed5_0000_1605069549_417_received
eb8f_eede_0000_1605069552_421_generated
b298_fe98_0000_1605069552_419_received
6c75_eb8f_0000_1605069555_422_generated
e66e_f9ac_0000_1605069555_137_received
77c4_6c75_0000_1605069557_423_generated
d011_77c4_0000_1605069560_424_generated
dbff_d011_0000_1605069561_425_generated
bde1_dbff_0000_1605069562_426_generated
bba1_bde1_0000_1605069562_427_generated
c5a0_bba1_0000_1605069563_428_generated
d177_c5a0_0000_1605069564_429_generated
4e8d_d177_0000_1605069565_430_generated
6f05_d011_0000_1605069562_425_received
9504_4e8d_0000_1605069568_431_generated
9b9c_9504_0000_1605069569_432_generated
f4f2_9b9c_0000_1605069574_433_generated
3219_f4f2_0000_1605069576_434_generated
ef14_e66e_0000_1605069576_138_received
e938_ef14_0000_1605069577_139_received
09cb_9b9c_0000_1605069576_433_received
e4a4_3219_0000_1605069582_435_generated
a449_e4a4_0000_1605069583_436_generated
c680_e938_0000_1605069582_140_received
e110_3219_0000_1605069583_435_received
b8e0_a449_0000_1605069590_437_generated
2f57_b8e0_0000_1605069591_438_generated
bb93_2f57_0000_1605069592_439_generated
c2a4_a449_0000_1605069591_437_received
eac0_bb93_0000_1605069595_440_generated
90e1_2f57_0000_1605069594_439_received
5aae_eac0_0000_1605069598_441_generated
