b4b9_9e1c_0000_1607373480_1_received
c231_b4b9_0000_1607373483_2_received
d908_c231_0000_1607373485_3_received
dbc0_d908_0000_1607373516_4_received
6062_dbc0_0000_1607373517_5_received
5ff6_6062_0000_1607373532_6_received
c22c_5ff6_0000_1607373539_7_received
3fd8_c22c_0000_1607373541_8_received
79b6_3fd8_0000_1607373543_9_received
a321_79b6_0000_1607373546_10_received
858a_a321_0000_1607373553_11_received
a6d0_858a_0000_1607373559_12_received
e525_a6d0_0000_1607373586_13_received
4e92_e525_0000_1607373602_14_received
b58c_4e92_0000_1607373641_15_received
66e6_b58c_0000_1607373645_16_received
a250_66e6_0000_1607373649_17_received
eb25_a250_0000_1607373653_18_received
97c9_eb25_0000_1607373658_19_received
06d1_97c9_0000_1607373666_20_received
3402_06d1_0000_1607373680_21_received
6eca_3402_0000_1607373686_22_received
7fb1_6eca_0000_1607373695_23_received
b4a0_7fb1_0000_1607373714_24_received
9a94_b4a0_0000_1607373720_25_received
d87b_9a94_0000_1607373733_26_received
1f29_d87b_0000_1607373734_27_received
7881_1f29_0000_1607373735_28_received
1347_7881_0000_1607373753_29_received
3f05_1347_0000_1607373773_30_received
8d6a_3f05_0000_1607373778_31_received
d17d_8d6a_0000_1607373780_32_received
c0f0_d17d_0000_1607373784_33_received
d3d1_c0f0_0000_1607373787_34_received
33a5_d3d1_0000_1607373813_35_received
844a_33a5_0000_1607373849_36_received
ff9a_844a_0000_1607373851_37_received
97df_ff9a_0000_1607373857_38_received
f4b0_97df_0000_1607373861_39_received
376a_f4b0_0000_1607373866_40_received
da3f_376a_0000_1607373883_41_received
6eea_da3f_0000_1607373883_42_received
9af4_6eea_0000_1607373886_43_received
17f4_9af4_0000_1607373887_44_received
2bf2_17f4_0000_1607373908_45_received
6e35_2bf2_0000_1607373910_46_received
b0ba_6e35_0000_1607373916_47_received
6d73_b0ba_0000_1607373931_48_received
e3c5_6d73_0000_1607373935_49_received
680c_e3c5_0000_1607373939_50_received
dafb_680c_0000_1607373942_51_received
e8b4_dafb_0000_1607373944_52_received
dbcb_e8b4_0000_1607373951_53_received
13df_dbcb_0000_1607373960_54_received
bd1b_13df_0000_1607373965_55_received
9b40_bd1b_0000_1607373973_56_received
d9ba_9b40_0000_1607373978_57_received
d9c1_d9ba_0000_1607373986_58_received
8a4f_d9c1_0000_1607373988_59_received
1aa8_8a4f_0000_1607374025_60_received
0c5c_1aa8_0000_1607374038_61_received
cde5_0c5c_0000_1607374040_62_received
f7d1_cde5_0000_1607374070_63_received
70f0_f7d1_0000_1607374074_64_received
e150_70f0_0000_1607374082_65_received
6c1b_e150_0000_1607374107_66_received
9d42_6c1b_0000_1607374111_67_received
4b9a_9d42_0000_1607374114_68_received
0379_4b9a_0000_1607374124_69_received
2a53_0379_0000_1607374143_70_received
1c5d_2a53_0000_1607374156_71_received
ecda_1c5d_0000_1607374172_72_received
79ac_ecda_0000_1607374182_73_received
cf9c_79ac_0000_1607374194_74_received
20e8_cf9c_0000_1607374201_75_received
c7b8_20e8_0000_1607374215_76_received
85ae_c7b8_0000_1607374223_77_received
a596_85ae_0000_1607374233_78_received
cd69_a596_0000_1607374238_79_received
4ea9_cd69_0000_1607374244_80_received
5f4b_4ea9_0000_1607374248_81_received
c730_5f4b_0000_1607374267_82_received
e4cb_c730_0000_1607374281_83_received
2bd3_e4cb_0000_1607374283_84_received
a4dc_2bd3_0000_1607374285_85_received
5998_a4dc_0000_1607374317_86_received
3d66_5998_0000_1607374319_87_received
4ade_3d66_0000_1607374321_88_received
d2d6_4ade_0000_1607374334_89_received
efa5_d2d6_0000_1607374345_90_received
58ed_efa5_0000_1607374367_91_received
0bd0_58ed_0000_1607374372_92_received
9667_0bd0_0000_1607374392_93_received
460b_9667_0000_1607374399_94_received
61c2_460b_0000_1607374403_95_received
a85a_61c2_0000_1607374408_96_received
a936_a85a_0000_1607374416_97_received
3072_a936_0000_1607374417_98_received
fee3_3072_0000_1607374430_99_received
c8ef_fee3_0000_1607374443_100_received
a230_c8ef_0000_1607374451_101_received
8d4a_a230_0000_1607374457_102_received
bed4_8d4a_0000_1607374461_103_received
ef54_bed4_0000_1607374473_104_received
9210_ef54_0000_1607374480_105_received
b168_9210_0000_1607374527_106_received
9490_b168_0000_1607374530_107_received
