0bdc_9e1c_0000_1607358996_1_generated
09d2_0bdc_0000_1607359035_2_received
c94b_09d2_0000_1607359039_3_generated
b2c5_09d2_0000_1607359040_3_received
8ff5_b2c5_0000_1607359066_4_received
1051_8ff5_0000_1607359077_5_received
0b21_1051_0000_1607359084_6_generated
802c_0b21_0000_1607359088_7_generated
4d1d_802c_0000_1607359137_8_received
d4df_4d1d_0000_1607359151_9_generated
e63e_d4df_0000_1607359172_10_generated
998d_e63e_0000_1607359197_11_generated
effb_998d_0000_1607359205_12_generated
981c_effb_0000_1607359211_13_generated
ca3d_981c_0000_1607359212_14_generated
bed5_ca3d_0000_1607359214_15_received
3b21_bed5_0000_1607359224_16_generated
d05d_3b21_0000_1607359229_17_received
b697_d05d_0000_1607359261_18_received
eb6b_b697_0000_1607359272_19_received
3b57_eb6b_0000_1607359284_20_generated
0c0e_3b57_0000_1607359299_21_generated
86d9_0c0e_0000_1607359304_22_generated
05b4_86d9_0000_1607359316_23_received
9c74_05b4_0000_1607359320_24_received
a3be_9c74_0000_1607359322_25_generated
329b_a3be_0000_1607359350_26_generated
af24_329b_0000_1607359357_27_received
231f_af24_0000_1607359360_28_received
1fbd_231f_0000_1607359379_29_received
54c7_1fbd_0000_1607359389_30_generated
a269_54c7_0000_1607359405_31_generated
2bb6_a269_0000_1607359419_32_generated
7603_2bb6_0000_1607359426_33_generated
0d24_7603_0000_1607359438_34_received
bbed_0d24_0000_1607359448_35_generated
c5db_bbed_0000_1607359451_36_received
47f3_c5db_0000_1607359462_37_received
0a51_47f3_0000_1607359474_38_generated
629f_0a51_0000_1607359476_39_generated
e407_629f_0000_1607359517_40_received
966b_e407_0000_1607359530_41_generated
16d8_966b_0000_1607359534_42_generated
1af0_16d8_0000_1607359552_43_generated
cb1d_1af0_0000_1607359563_44_generated
14fc_cb1d_0000_1607359567_45_received
1ab0_14fc_0000_1607359571_46_generated
b7af_1ab0_0000_1607359574_47_generated
b085_b7af_0000_1607359584_48_received
