0bdc_9e1c_0000_1607358996_1_received
09d2_0bdc_0000_1607359035_2_generated
b2c5_09d2_0000_1607359040_3_generated
c94b_09d2_0000_1607359039_3_received
8ff5_b2c5_0000_1607359066_4_generated
1051_8ff5_0000_1607359077_5_generated
0b21_1051_0000_1607359084_6_received
802c_0b21_0000_1607359088_7_received
4d1d_802c_0000_1607359137_8_generated
d4df_4d1d_0000_1607359151_9_received
e63e_d4df_0000_1607359172_10_received
998d_e63e_0000_1607359197_11_received
effb_998d_0000_1607359205_12_received
981c_effb_0000_1607359211_13_received
ca3d_981c_0000_1607359212_14_received
bed5_ca3d_0000_1607359214_15_generated
3b21_bed5_0000_1607359224_16_received
d05d_3b21_0000_1607359229_17_generated
b697_d05d_0000_1607359261_18_generated
eb6b_b697_0000_1607359272_19_generated
3b57_eb6b_0000_1607359284_20_received
0c0e_3b57_0000_1607359299_21_received
86d9_0c0e_0000_1607359304_22_received
05b4_86d9_0000_1607359316_23_generated
9c74_05b4_0000_1607359320_24_generated
a3be_9c74_0000_1607359322_25_received
329b_a3be_0000_1607359350_26_received
af24_329b_0000_1607359357_27_generated
231f_af24_0000_1607359360_28_generated
1fbd_231f_0000_1607359379_29_generated
54c7_1fbd_0000_1607359389_30_received
a269_54c7_0000_1607359405_31_received
2bb6_a269_0000_1607359419_32_received
7603_2bb6_0000_1607359426_33_received
0d24_7603_0000_1607359438_34_generated
bbed_0d24_0000_1607359448_35_received
c5db_bbed_0000_1607359451_36_generated
47f3_c5db_0000_1607359462_37_generated
0a51_47f3_0000_1607359474_38_received
629f_0a51_0000_1607359476_39_received
e407_629f_0000_1607359517_40_generated
966b_e407_0000_1607359530_41_received
16d8_966b_0000_1607359534_42_received
1af0_16d8_0000_1607359552_43_received
cb1d_1af0_0000_1607359563_44_received
14fc_cb1d_0000_1607359567_45_generated
1ab0_14fc_0000_1607359571_46_received
b7af_1ab0_0000_1607359574_47_received
b085_b7af_0000_1607359584_48_generated
