c593_9e1c_0000_1605030751_1_received
4eb0_9e1c_0000_1605030753_1_received
ac09_c593_0000_1605030757_2_generated
965b_c593_0000_1605030756_2_received
cdfa_965b_0000_1605030764_3_received
6333_cdfa_0000_1605030771_4_generated
3bfe_6333_0000_1605030772_5_generated
48db_cdfa_0000_1605030770_4_received
8955_cdfa_0000_1605030772_4_received
c366_3bfe_0000_1605030776_6_generated
318f_c366_0000_1605030779_7_generated
8815_c366_0000_1605030780_7_received
371f_318f_0000_1605030784_8_received
c5a5_371f_0000_1605030788_9_generated
b657_c5a5_0000_1605030792_10_generated
3e44_b657_0000_1605030800_11_generated
d8c1_3e44_0000_1605030802_12_generated
c364_b657_0000_1605030801_11_received
3d75_3e44_0000_1605030803_12_received
6cde_d8c1_0000_1605030806_13_generated
13ed_6cde_0000_1605030807_14_received
