c071_9e1c_0000_1604993406_1_generated
59c1_c071_0000_1604993407_2_generated
9798_59c1_0000_1604993407_3_generated
3f25_9798_0000_1604993409_4_received
3255_3f25_0000_1604993410_5_received
1dd3_3255_0000_1604993411_6_received
aed6_1dd3_0000_1604993414_7_generated
9f97_aed6_0000_1604993416_8_received
8fd5_aed6_0000_1604993417_8_received
d944_9f97_0000_1604993423_9_generated
02f9_d944_0000_1604993424_10_generated
a7ef_02f9_0000_1604993428_11_generated
bf32_d944_0000_1604993426_10_received
8d19_a7ef_0000_1604993431_12_generated
7331_8d19_0000_1604993433_13_generated
697f_7331_0000_1604993438_14_generated
60c0_697f_0000_1604993440_15_generated
4a79_60c0_0000_1604993441_16_generated
875d_4a79_0000_1604993443_17_generated
bca2_60c0_0000_1604993442_16_received
95c5_875d_0000_1604993445_18_generated
e4a1_bca2_0000_1604993444_17_received
7727_e4a1_0000_1604993444_18_received
d48a_95c5_0000_1604993447_19_generated
dbce_d48a_0000_1604993448_20_generated
853e_7727_0000_1604993446_19_received
88d3_853e_0000_1604993449_20_received
bd70_dbce_0000_1604993453_21_generated
48bd_bd70_0000_1604993464_22_generated
c475_bd70_0000_1604993463_22_received
6ef6_48bd_0000_1604993465_23_generated
8074_bd70_0000_1604993465_22_received
8d18_6ef6_0000_1604993467_24_generated
0dad_6ef6_0000_1604993468_24_received
35d6_8d18_0000_1604993471_25_generated
15b9_35d6_0000_1604993474_26_received
68e4_15b9_0000_1604993477_27_received
d5bf_68e4_0000_1604993478_28_received
c0f0_15b9_0000_1604993478_27_received
5de1_d5bf_0000_1604993483_29_received
6939_5de1_0000_1604993485_30_received
7db5_6939_0000_1604993490_31_generated
a6c7_7db5_0000_1604993491_32_generated
72f7_a6c7_0000_1604993493_33_received
81db_72f7_0000_1604993496_34_generated
b157_81db_0000_1604993499_35_generated
caa1_72f7_0000_1604993497_34_received
ff35_72f7_0000_1604993499_34_received
174b_b157_0000_1604993502_36_received
5b31_174b_0000_1604993506_37_received
9d9a_5b31_0000_1604993509_38_received
3cbc_9d9a_0000_1604993520_39_generated
87cc_3cbc_0000_1604993521_40_generated
3eac_9d9a_0000_1604993519_39_received
38f5_87cc_0000_1604993521_41_generated
63aa_38f5_0000_1604993522_42_generated
ef4a_63aa_0000_1604993527_43_received
ac3f_63aa_0000_1604993529_43_received
342f_ef4a_0000_1604993529_44_received
1723_342f_0000_1604993530_45_received
77cf_1723_0000_1604993539_46_generated
c5d6_1723_0000_1604993540_46_received
5c91_77cf_0000_1604993545_47_generated
918d_5c91_0000_1604993545_48_generated
7069_918d_0000_1604993546_49_generated
27ab_7069_0000_1604993552_50_received
a65d_27ab_0000_1604993555_51_generated
47e9_a65d_0000_1604993557_52_generated
4d99_47e9_0000_1604993560_53_generated
04e0_4d99_0000_1604993568_54_generated
154b_04e0_0000_1604993568_55_generated
cade_4d99_0000_1604993569_54_received
3787_154b_0000_1604993574_56_received
e6fe_3787_0000_1604993575_57_received
dabf_e6fe_0000_1604993583_58_generated
73f0_dabf_0000_1604993585_59_generated
2770_73f0_0000_1604993589_60_generated
3193_73f0_0000_1604993588_60_received
ebd6_2770_0000_1604993594_61_generated
c3a8_ebd6_0000_1604993596_62_generated
c8f5_3193_0000_1604993594_61_received
0374_c3a8_0000_1604993598_63_generated
934e_0374_0000_1604993598_64_generated
f7c7_934e_0000_1604993601_65_generated
bd34_f7c7_0000_1604993608_66_generated
2662_bd34_0000_1604993615_67_generated
7d21_2662_0000_1604993618_68_generated
f713_bd34_0000_1604993616_67_received
0c1f_7d21_0000_1604993620_69_generated
052e_0c1f_0000_1604993622_70_generated
a43f_052e_0000_1604993628_71_received
4252_052e_0000_1604993630_71_received
1996_a43f_0000_1604993633_72_received
44fd_1996_0000_1604993634_73_received
d5e6_44fd_0000_1604993644_74_generated
7242_d5e6_0000_1604993649_75_generated
98c6_7242_0000_1604993651_76_generated
229f_98c6_0000_1604993651_77_generated
2b71_d5e6_0000_1604993650_75_received
8ff9_229f_0000_1604993657_78_generated
c751_8ff9_0000_1604993658_79_generated
48d2_c751_0000_1604993659_80_generated
be45_48d2_0000_1604993661_81_generated
25a1_be45_0000_1604993666_82_generated
bf02_25a1_0000_1604993667_83_generated
8a98_bf02_0000_1604993671_84_generated
3c04_bf02_0000_1604993673_84_received
cc6d_3c04_0000_1604993673_85_received
0c5c_cc6d_0000_1604993676_86_generated
0b48_0c5c_0000_1604993677_87_generated
9005_cc6d_0000_1604993675_86_received
da18_9005_0000_1604993675_87_received
ffaf_da18_0000_1604993678_88_received
877a_ffaf_0000_1604993691_89_received
d816_877a_0000_1604993701_90_generated
657a_d816_0000_1604993701_91_generated
63d5_657a_0000_1604993702_92_generated
8b4d_877a_0000_1604993702_90_received
db8a_63d5_0000_1604993706_93_generated
92b7_db8a_0000_1604993707_94_generated
0454_92b7_0000_1604993709_95_generated
18da_0454_0000_1604993714_96_generated
b701_0454_0000_1604993712_96_received
c807_b701_0000_1604993718_97_received
d4e9_b701_0000_1604993719_97_received
390b_c807_0000_1604993721_98_received
8ee6_390b_0000_1604993728_99_generated
9e39_8ee6_0000_1604993731_100_received
cc88_9e39_0000_1604993734_101_generated
cab5_cc88_0000_1604993734_102_generated
9897_8ee6_0000_1604993732_100_received
a26f_9e39_0000_1604993733_101_received
4c94_cab5_0000_1604993736_103_received
29af_4c94_0000_1604993738_104_generated
fc6a_29af_0000_1604993739_105_generated
5931_fc6a_0000_1604993742_106_generated
7f90_5931_0000_1604993743_107_generated
ae84_7f90_0000_1604993745_108_generated
a194_fc6a_0000_1604993743_106_received
98cb_ae84_0000_1604993747_109_generated
1937_ae84_0000_1604993749_109_received
9a99_98cb_0000_1604993753_110_generated
a0ad_9a99_0000_1604993758_111_received
8435_a0ad_0000_1604993759_112_received
9182_8435_0000_1604993763_113_received
3301_9182_0000_1604993764_114_received
4839_3301_0000_1604993771_115_generated
1e6a_4839_0000_1604993772_116_generated
9cd0_1e6a_0000_1604993776_117_generated
1299_9cd0_0000_1604993777_118_generated
e6d3_1e6a_0000_1604993775_117_received
c3e3_1299_0000_1604993779_119_generated
3ab6_c3e3_0000_1604993783_120_received
bcc8_3ab6_0000_1604993789_121_received
cda1_bcc8_0000_1604993789_122_received
2f89_cda1_0000_1604993801_123_generated
0271_2f89_0000_1604993804_124_received
fd36_0271_0000_1604993810_125_received
7828_fd36_0000_1604993811_126_received
621a_7828_0000_1604993812_127_received
d85f_621a_0000_1604993817_128_generated
e88f_d85f_0000_1604993822_129_generated
06a7_e88f_0000_1604993823_130_generated
457e_e88f_0000_1604993825_130_received
a699_06a7_0000_1604993828_131_generated
284c_06a7_0000_1604993827_131_received
e01f_284c_0000_1604993830_132_received
f572_e01f_0000_1604993841_133_received
bac5_f572_0000_1604993844_134_received
386b_bac5_0000_1604993846_135_received
3c18_386b_0000_1604993848_136_received
317c_3c18_0000_1604993848_137_received
94c1_317c_0000_1604993850_138_received
ae72_94c1_0000_1604993853_139_generated
af91_ae72_0000_1604993861_140_received
d14a_af91_0000_1604993866_141_generated
c81b_d14a_0000_1604993871_142_generated
1613_c81b_0000_1604993884_143_received
ab16_1613_0000_1604993888_144_received
4d18_ab16_0000_1604993892_145_received
1def_4d18_0000_1604993898_146_generated
2b55_1def_0000_1604993914_147_generated
aaac_2b55_0000_1604993918_148_received
9351_aaac_0000_1604993920_149_received
4218_9351_0000_1604993922_150_received
478d_4218_0000_1604993925_151_received
d7c3_478d_0000_1604993926_152_received
d554_d7c3_0000_1604993929_153_received
c404_d554_0000_1604993932_154_generated
5022_c404_0000_1604993937_155_generated
918e_5022_0000_1604993942_156_generated
47b8_5022_0000_1604993939_156_received
1942_918e_0000_1604993942_157_generated
c612_47b8_0000_1604993941_157_received
c9f6_1942_0000_1604993954_158_generated
998d_c612_0000_1604993952_158_received
cb58_c9f6_0000_1604993956_159_generated
39f4_cb58_0000_1604993956_160_generated
a084_39f4_0000_1604993958_161_generated
2243_998d_0000_1604993958_159_received
0191_a084_0000_1604993965_162_generated
1584_0191_0000_1604993966_163_generated
65fe_a084_0000_1604993964_162_received
64d0_65fe_0000_1604993966_163_received
d2b3_64d0_0000_1604993966_164_received
07f5_d2b3_0000_1604993970_165_received
b992_07f5_0000_1604993977_166_generated
5ffc_b992_0000_1604993978_167_generated
f525_07f5_0000_1604993978_166_received
acf4_5ffc_0000_1604993983_168_generated
dc64_5ffc_0000_1604993981_168_received
ffa0_5ffc_0000_1604993982_168_received
6d7a_ffa0_0000_1604993983_169_received
d2a2_6d7a_0000_1604993985_170_received
1b67_6d7a_0000_1604993986_170_received
df66_d2a2_0000_1604993986_171_received
3c58_1b67_0000_1604993987_171_received
6a58_3c58_0000_1604993990_172_received
2446_6a58_0000_1604993993_173_generated
7934_6a58_0000_1604993994_173_received
1e3e_2446_0000_1604993998_174_generated
bda0_7934_0000_1604993996_174_received
7fa0_1e3e_0000_1604994005_175_generated
abfa_bda0_0000_1604994006_175_received
bc49_7fa0_0000_1604994009_176_generated
81b8_bc49_0000_1604994010_177_generated
6357_7fa0_0000_1604994011_176_received
8b54_6357_0000_1604994012_177_received
3e5b_8b54_0000_1604994012_178_received
77c6_3e5b_0000_1604994016_179_generated
fae0_3e5b_0000_1604994015_179_received
bcef_77c6_0000_1604994018_180_generated
578c_bcef_0000_1604994023_181_generated
a9fc_578c_0000_1604994027_182_generated
5475_578c_0000_1604994026_182_received
a4b5_a9fc_0000_1604994035_183_generated
0a78_5475_0000_1604994033_183_received
5b87_0a78_0000_1604994036_184_received
28da_5b87_0000_1604994050_185_generated
46be_28da_0000_1604994055_186_received
241e_46be_0000_1604994059_187_received
30f2_241e_0000_1604994066_188_generated
5e15_30f2_0000_1604994068_189_generated
b55d_5e15_0000_1604994075_190_received
29ae_b55d_0000_1604994079_191_generated
666c_29ae_0000_1604994088_192_generated
1aae_666c_0000_1604994091_193_generated
8f07_1aae_0000_1604994094_194_generated
f993_8f07_0000_1604994095_195_generated
7984_666c_0000_1604994093_193_received
ab03_7984_0000_1604994096_194_received
b20c_f993_0000_1604994099_196_generated
db6b_b20c_0000_1604994106_197_generated
065d_db6b_0000_1604994116_198_generated
59fe_db6b_0000_1604994115_198_received
39b4_59fe_0000_1604994115_199_received
b322_39b4_0000_1604994117_200_received
a4ac_b322_0000_1604994117_201_received
6fdf_a4ac_0000_1604994124_202_generated
