0aab_9e1c_0000_1605079035_1_received
6ce0_0aab_0000_1605079044_2_received
9a8b_6ce0_0000_1605079086_3_received
98e3_9a8b_0000_1605079093_4_received
56de_98e3_0000_1605079101_5_received
b161_56de_0000_1605079106_6_received
1632_b161_0000_1605079111_7_received
4ea6_1632_0000_1605079125_8_received
1506_4ea6_0000_1605079150_9_received
f7d1_1506_0000_1605079160_10_received
2afd_f7d1_0000_1605079163_11_received
37e3_2afd_0000_1605079179_12_received
6004_37e3_0000_1605079193_13_generated
646f_6004_0000_1605079215_14_received
bcfe_646f_0000_1605079216_15_received
75a2_bcfe_0000_1605079241_16_received
4c8d_75a2_0000_1605079242_17_received
5e02_4c8d_0000_1605079304_18_received
4828_5e02_0000_1605079315_19_received
8659_4828_0000_1605079336_20_received
da20_8659_0000_1605079341_21_received
891a_da20_0000_1605079352_22_received
ffc8_891a_0000_1605079386_23_received
c5bf_ffc8_0000_1605079393_24_received
872a_c5bf_0000_1605079394_25_received
93bd_872a_0000_1605079449_26_received
d1f8_93bd_0000_1605079454_27_received
064a_d1f8_0000_1605079475_28_received
d42a_064a_0000_1605079479_29_received
2299_d42a_0000_1605079494_30_received
40e2_2299_0000_1605079520_31_received
67d9_40e2_0000_1605079547_32_received
a7ef_67d9_0000_1605079556_33_received
1b61_a7ef_0000_1605079580_34_received
7757_1b61_0000_1605079588_35_received
42c5_7757_0000_1605079593_36_received
b836_42c5_0000_1605079613_37_received
a4b8_b836_0000_1605079619_38_received
f0f0_a4b8_0000_1605079625_39_received
5a13_f0f0_0000_1605079642_40_received
b424_5a13_0000_1605079663_41_received
6a67_b424_0000_1605079666_42_received
2731_6a67_0000_1605079696_43_received
fade_2731_0000_1605079719_44_received
