d949_9e1c_0000_1605030533_1_received
3e0f_d949_0000_1605030535_2_generated
5962_3e0f_0000_1605030537_3_received
2432_5962_0000_1605030539_4_received
5854_2432_0000_1605030544_5_received
b3ed_2432_0000_1605030545_5_received
e3b1_5854_0000_1605030550_6_received
7874_e3b1_0000_1605030558_7_received
7f0f_7874_0000_1605030560_8_received
827c_7f0f_0000_1605030566_9_generated
33f7_827c_0000_1605030568_10_received
3a2c_33f7_0000_1605030570_11_received
73bb_3a2c_0000_1605030571_12_generated
6355_73bb_0000_1605030578_13_generated
dc4b_6355_0000_1605030585_14_received
fc38_dc4b_0000_1605030586_15_received
5287_fc38_0000_1605030589_16_generated
6459_5287_0000_1605030591_17_generated
f015_6459_0000_1605030591_18_generated
6e0d_f015_0000_1605030593_19_generated
1072_6e0d_0000_1605030595_20_generated
c339_1072_0000_1605030595_21_received
012e_c339_0000_1605030599_22_received
cadf_012e_0000_1605030601_23_received
e103_cadf_0000_1605030602_24_received
9445_e103_0000_1605030606_25_received
e8a6_9445_0000_1605030610_26_received
6c18_e8a6_0000_1605030615_27_received
90c1_6c18_0000_1605030617_28_generated
5b6f_90c1_0000_1605030619_29_generated
6b58_6c18_0000_1605030618_28_received
8a21_5b6f_0000_1605030620_30_received
fd22_8a21_0000_1605030621_31_generated
d447_fd22_0000_1605030622_32_received
0f85_d447_0000_1605030624_33_generated
d9e4_0f85_0000_1605030626_34_generated
9880_d9e4_0000_1605030629_35_received
b456_9880_0000_1605030629_36_received
8ac2_b456_0000_1605030630_37_received
70b6_8ac2_0000_1605030632_38_generated
c9ae_70b6_0000_1605030636_39_generated
466f_70b6_0000_1605030637_39_received
04c1_c9ae_0000_1605030640_40_generated
f7fc_04c1_0000_1605030640_41_generated
1432_466f_0000_1605030640_40_received
5996_1432_0000_1605030641_41_received
208f_5996_0000_1605030643_42_received
1cea_208f_0000_1605030647_43_received
32e9_1cea_0000_1605030649_44_generated
2030_32e9_0000_1605030649_45_generated
a430_2030_0000_1605030654_46_received
0eb1_a430_0000_1605030658_47_generated
e44c_0eb1_0000_1605030662_48_generated
31d8_e44c_0000_1605030665_49_received
0719_31d8_0000_1605030671_50_received
9f23_0719_0000_1605030679_51_received
19aa_9f23_0000_1605030680_52_received
0fcf_19aa_0000_1605030683_53_generated
a686_0fcf_0000_1605030687_54_received
a048_0fcf_0000_1605030688_54_received
286b_a048_0000_1605030689_55_received
3da2_286b_0000_1605030690_56_generated
7502_3da2_0000_1605030692_57_generated
6dce_286b_0000_1605030691_56_received
45bf_7502_0000_1605030694_58_received
c4b2_45bf_0000_1605030697_59_generated
606b_c4b2_0000_1605030706_60_generated
fef6_606b_0000_1605030708_61_received
d346_fef6_0000_1605030709_62_received
5118_d346_0000_1605030714_63_generated
1626_5118_0000_1605030717_64_received
3a0a_1626_0000_1605030718_65_generated
c546_3a0a_0000_1605030721_66_received
8d65_c546_0000_1605030722_67_generated
0690_8d65_0000_1605030730_68_generated
ab9f_0690_0000_1605030730_69_generated
bf99_8d65_0000_1605030731_68_received
9e07_ab9f_0000_1605030738_70_received
2214_ab9f_0000_1605030739_70_received
3e73_9e07_0000_1605030740_71_generated
285c_2214_0000_1605030740_71_received
af77_3e73_0000_1605030747_72_generated
f915_285c_0000_1605030746_72_received
fc34_f915_0000_1605030746_73_received
1b5f_fc34_0000_1605030746_74_received
c2fb_1b5f_0000_1605030749_75_received
7710_c2fb_0000_1605030759_76_received
77a9_7710_0000_1605030761_77_generated
0bcb_77a9_0000_1605030762_78_generated
a895_0bcb_0000_1605030767_79_received
4ae2_a895_0000_1605030770_80_generated
0fe4_4ae2_0000_1605030770_81_generated
c247_0fe4_0000_1605030773_82_generated
65a6_c247_0000_1605030782_83_received
d1b5_65a6_0000_1605030784_84_generated
1f13_65a6_0000_1605030783_84_received
0847_1f13_0000_1605030784_85_received
7c06_0847_0000_1605030793_86_generated
7b60_7c06_0000_1605030795_87_received
34ec_7b60_0000_1605030797_88_received
c9d6_34ec_0000_1605030800_89_received
dbd0_c9d6_0000_1605030801_90_generated
ccd1_dbd0_0000_1605030804_91_generated
46a9_ccd1_0000_1605030806_92_generated
16f5_46a9_0000_1605030808_93_generated
22f4_16f5_0000_1605030809_94_received
d15a_22f4_0000_1605030811_95_generated
64f2_d15a_0000_1605030812_96_generated
6e35_22f4_0000_1605030812_95_received
ef24_64f2_0000_1605030813_97_received
eded_ef24_0000_1605030816_98_received
1537_eded_0000_1605030819_99_generated
59ac_1537_0000_1605030826_100_received
fb17_59ac_0000_1605030831_101_generated
6009_fb17_0000_1605030832_102_generated
6dbe_6009_0000_1605030836_103_generated
eb8b_6dbe_0000_1605030839_104_received
d400_eb8b_0000_1605030846_105_generated
36e9_eb8b_0000_1605030845_105_received
3d1c_d400_0000_1605030848_106_generated
df36_36e9_0000_1605030848_106_received
92e6_df36_0000_1605030854_107_received
b5aa_92e6_0000_1605030856_108_generated
65d0_92e6_0000_1605030857_108_received
07ac_65d0_0000_1605030860_109_received
1f03_07ac_0000_1605030860_110_received
13aa_1f03_0000_1605030862_111_received
ff03_13aa_0000_1605030865_112_generated
bb65_ff03_0000_1605030869_113_received
9128_bb65_0000_1605030882_114_received
10ce_9128_0000_1605030886_115_generated
75e6_10ce_0000_1605030893_116_generated
c4bc_75e6_0000_1605030893_117_generated
fc7a_10ce_0000_1605030892_116_received
67c6_c4bc_0000_1605030894_118_generated
1148_c4bc_0000_1605030895_118_received
20bd_1148_0000_1605030904_119_received
928e_20bd_0000_1605030904_120_received
a59c_928e_0000_1605030907_121_received
b846_a59c_0000_1605030910_122_generated
5493_a59c_0000_1605030911_122_received
ebf6_b846_0000_1605030914_123_generated
bbf6_5493_0000_1605030915_123_received
1fd2_bbf6_0000_1605030917_124_received
e471_1fd2_0000_1605030926_125_received
e72e_e471_0000_1605030929_126_received
a427_e72e_0000_1605030929_127_received
2087_a427_0000_1605030931_128_generated
11f8_2087_0000_1605030940_129_generated
493b_11f8_0000_1605030941_130_generated
52df_493b_0000_1605030941_131_generated
278f_52df_0000_1605030941_132_generated
7b3b_278f_0000_1605030958_133_received
5e15_7b3b_0000_1605030960_134_generated
dfbd_5e15_0000_1605030960_135_generated
e540_dfbd_0000_1605030964_136_generated
96f3_dfbd_0000_1605030963_136_received
ed5a_e540_0000_1605030964_137_generated
1dc5_96f3_0000_1605030965_137_received
3208_1dc5_0000_1605030968_138_received
f0a6_3208_0000_1605030970_139_generated
8554_f0a6_0000_1605030971_140_generated
1d8c_3208_0000_1605030971_139_received
fdbb_8554_0000_1605030973_141_generated
ee53_1d8c_0000_1605030972_140_received
49a5_ee53_0000_1605030973_141_received
2baf_49a5_0000_1605030977_142_received
8f60_2baf_0000_1605030980_143_received
17a2_8f60_0000_1605030983_144_received
a367_17a2_0000_1605030984_145_received
4efb_a367_0000_1605030984_146_received
7ae1_4efb_0000_1605030990_147_generated
07ef_7ae1_0000_1605030993_148_received
d6ea_07ef_0000_1605030995_149_generated
ab9b_07ef_0000_1605030994_149_received
dfac_d6ea_0000_1605030997_150_generated
efde_ab9b_0000_1605030997_150_received
9e3a_efde_0000_1605030997_151_received
8612_9e3a_0000_1605030998_152_received
93de_8612_0000_1605031007_153_generated
57a8_93de_0000_1605031008_154_generated
70f3_57a8_0000_1605031009_155_generated
5a5b_70f3_0000_1605031011_156_generated
f4af_5a5b_0000_1605031023_157_received
90d5_f4af_0000_1605031024_158_generated
9be9_90d5_0000_1605031032_159_received
9b10_9be9_0000_1605031033_160_received
d043_9b10_0000_1605031035_161_received
b3c4_9b10_0000_1605031036_161_received
626d_d043_0000_1605031037_162_generated
de87_b3c4_0000_1605031038_162_received
d064_de87_0000_1605031039_163_received
31b0_d064_0000_1605031042_164_received
36b0_31b0_0000_1605031045_165_received
73e5_36b0_0000_1605031045_166_received
c903_73e5_0000_1605031049_167_generated
d417_c903_0000_1605031050_168_generated
5d88_d417_0000_1605031050_169_generated
15e9_5d88_0000_1605031052_170_received
d7cc_15e9_0000_1605031053_171_received
2d79_d7cc_0000_1605031057_172_generated
4f34_d7cc_0000_1605031056_172_received
504b_2d79_0000_1605031059_173_generated
e008_504b_0000_1605031059_174_generated
6612_e008_0000_1605031060_175_generated
add4_4f34_0000_1605031060_173_received
2c30_6612_0000_1605031062_176_generated
2d63_2c30_0000_1605031067_177_generated
6736_2d63_0000_1605031071_178_generated
2dd6_6736_0000_1605031072_179_received
be8c_2dd6_0000_1605031074_180_generated
dc38_be8c_0000_1605031076_181_generated
e3eb_dc38_0000_1605031078_182_generated
c6c3_e3eb_0000_1605031080_183_received
088b_c6c3_0000_1605031086_184_generated
6b2f_088b_0000_1605031088_185_received
dcef_6b2f_0000_1605031094_186_received
e31d_dcef_0000_1605031096_187_generated
f075_e31d_0000_1605031099_188_received
27c4_f075_0000_1605031109_189_received
a05f_27c4_0000_1605031109_190_received
6682_a05f_0000_1605031112_191_generated
f2f6_6682_0000_1605031113_192_generated
ca76_f2f6_0000_1605031119_193_generated
a8bf_ca76_0000_1605031121_194_generated
5a13_ca76_0000_1605031120_194_received
2809_a8bf_0000_1605031123_195_generated
d2c9_5a13_0000_1605031123_195_received
640f_d2c9_0000_1605031123_196_received
2bae_640f_0000_1605031124_197_received
d3be_2bae_0000_1605031127_198_received
7d6a_d3be_0000_1605031132_199_received
bc78_7d6a_0000_1605031135_200_received
eb15_bc78_0000_1605031142_201_received
46de_eb15_0000_1605031148_202_generated
30b1_46de_0000_1605031149_203_generated
fcc5_30b1_0000_1605031153_204_received
5c39_fcc5_0000_1605031153_205_received
07ab_5c39_0000_1605031157_206_received
c746_07ab_0000_1605031159_207_received
c490_c746_0000_1605031162_208_generated
1669_c490_0000_1605031164_209_generated
7840_1669_0000_1605031168_210_received
f3d7_7840_0000_1605031168_211_received
0eb7_f3d7_0000_1605031173_212_generated
dba5_f3d7_0000_1605031174_212_received
81c6_0eb7_0000_1605031175_213_received
0969_81c6_0000_1605031177_214_generated
62b7_0969_0000_1605031181_215_generated
a179_0969_0000_1605031180_215_received
60f5_a179_0000_1605031188_216_received
c540_60f5_0000_1605031189_217_received
8b0c_c540_0000_1605031191_218_received
7add_8b0c_0000_1605031199_219_generated
ea1c_7add_0000_1605031201_220_received
709d_ea1c_0000_1605031203_221_generated
a5d2_709d_0000_1605031203_222_generated
3a19_a5d2_0000_1605031203_223_generated
922b_3a19_0000_1605031208_224_received
7b5b_922b_0000_1605031211_225_generated
63f9_922b_0000_1605031212_225_received
6a83_63f9_0000_1605031213_226_received
ee50_6a83_0000_1605031214_227_received
5b34_ee50_0000_1605031219_228_received
69e5_5b34_0000_1605031225_229_generated
8bec_5b34_0000_1605031226_229_received
fc5b_8bec_0000_1605031227_230_received
2e3f_fc5b_0000_1605031229_231_generated
d2c2_fc5b_0000_1605031230_231_received
1399_2e3f_0000_1605031238_232_received
f772_1399_0000_1605031240_233_generated
1cad_f772_0000_1605031242_234_received
d933_1cad_0000_1605031244_235_generated
4c2f_d933_0000_1605031245_236_generated
9815_4c2f_0000_1605031248_237_generated
4fdf_4c2f_0000_1605031247_237_received
f084_4fdf_0000_1605031247_238_received
7298_f084_0000_1605031247_239_received
