a188_9e1c_0000_1607204146_1_received
a501_a188_0000_1607204149_2_generated
e17e_a188_0000_1607204150_2_received
4d63_e17e_0000_1607204152_3_received
ce14_4d63_0000_1607204153_4_received
cfda_ce14_0000_1607204155_5_generated
b5c8_4d63_0000_1607204154_4_received
e2c7_ce14_0000_1607204156_5_received
9dd8_cfda_0000_1607204157_6_received
af3f_b5c8_0000_1607204157_5_received
6b71_af3f_0000_1607204157_6_received
994c_e2c7_0000_1607204158_6_received
52fc_994c_0000_1607204161_7_received
5876_6b71_0000_1607204160_7_received
f9ce_5876_0000_1607204161_8_received
d65f_f9ce_0000_1607204171_9_received
d43b_d65f_0000_1607204173_10_received
9278_d65f_0000_1607204174_10_received
1f36_d43b_0000_1607204175_11_received
e298_1f36_0000_1607204176_12_received
b6f7_e298_0000_1607204176_13_received
c95a_e298_0000_1607204177_13_received
f729_b6f7_0000_1607204183_14_received
15f8_c95a_0000_1607204183_14_received
c7f3_b6f7_0000_1607204184_14_received
999f_f729_0000_1607204190_15_generated
2a66_c7f3_0000_1607204188_15_received
daaa_f729_0000_1607204188_15_received
7e36_2a66_0000_1607204190_16_received
4af0_daaa_0000_1607204190_16_received
2143_4af0_0000_1607204190_17_received
1f9e_2143_0000_1607204190_18_received
87a8_1f9e_0000_1607204191_19_received
06d9_87a8_0000_1607204194_20_received
b888_06d9_0000_1607204195_21_received
afa8_b888_0000_1607204196_22_received
5759_06d9_0000_1607204196_21_received
e058_afa8_0000_1607204196_23_received
5c3b_e058_0000_1607204201_24_generated
8a49_e058_0000_1607204199_24_received
72e8_5c3b_0000_1607204203_25_generated
acea_8a49_0000_1607204201_25_received
d347_acea_0000_1607204201_26_received
f602_d347_0000_1607204207_27_generated
59f1_d347_0000_1607204205_27_received
273b_59f1_0000_1607204209_28_received
04af_273b_0000_1607204210_29_received
6d7c_273b_0000_1607204211_29_received
eeef_04af_0000_1607204213_30_generated
f39c_6d7c_0000_1607204214_30_received
df0a_eeef_0000_1607204214_31_received
b545_df0a_0000_1607204217_32_received
1374_df0a_0000_1607204218_32_received
73a5_b545_0000_1607204221_33_received
7f7d_b545_0000_1607204222_33_received
5041_73a5_0000_1607204226_34_received
cd6c_5041_0000_1607204227_35_received
f21a_cd6c_0000_1607204227_36_received
d47c_f21a_0000_1607204228_37_received
2244_d47c_0000_1607204235_38_received
faad_d47c_0000_1607204236_38_received
5a99_2244_0000_1607204236_39_received
bf4f_5a99_0000_1607204238_40_received
7f58_bf4f_0000_1607204240_41_received
cdb9_7f58_0000_1607204242_42_received
04a6_7f58_0000_1607204243_42_received
fa4b_cdb9_0000_1607204245_43_received
bf98_04a6_0000_1607204245_43_received
4ace_fa4b_0000_1607204247_44_received
15ea_4ace_0000_1607204250_45_received
90f7_15ea_0000_1607204250_46_received
9426_90f7_0000_1607204252_47_received
d84c_9426_0000_1607204254_48_received
b7b3_d84c_0000_1607204257_49_received
1657_b7b3_0000_1607204259_50_received
66d7_b7b3_0000_1607204258_50_received
f24e_66d7_0000_1607204261_51_received
a27d_f24e_0000_1607204262_52_generated
788b_a27d_0000_1607204265_53_received
2f66_a27d_0000_1607204266_53_received
dd7c_2f66_0000_1607204269_54_received
f9e3_dd7c_0000_1607204272_55_received
e43a_f9e3_0000_1607204274_56_generated
c920_e43a_0000_1607204274_57_generated
dedf_f9e3_0000_1607204275_56_received
87b8_c920_0000_1607204279_58_received
5d85_87b8_0000_1607204281_59_received
c23d_5d85_0000_1607204285_60_received
74b4_5d85_0000_1607204286_60_received
f1ef_c23d_0000_1607204286_61_received
54cf_f1ef_0000_1607204286_62_received
fe8e_54cf_0000_1607204288_63_received
d88b_fe8e_0000_1607204292_64_received
658e_d88b_0000_1607204294_65_received
e93d_658e_0000_1607204294_66_received
7133_e93d_0000_1607204297_67_generated
bfd9_e93d_0000_1607204298_67_received
21d9_7133_0000_1607204301_68_generated
85b1_7133_0000_1607204299_68_received
193a_21d9_0000_1607204302_69_generated
baac_85b1_0000_1607204302_69_received
678b_baac_0000_1607204303_70_received
c0e4_678b_0000_1607204304_71_received
12e6_678b_0000_1607204305_71_received
6f65_c0e4_0000_1607204306_72_received
43a7_6f65_0000_1607204309_73_received
9bb5_6f65_0000_1607204308_73_received
0401_9bb5_0000_1607204310_74_received
5235_0401_0000_1607204312_75_received
3361_0401_0000_1607204313_75_received
d674_5235_0000_1607204314_76_received
b62c_5235_0000_1607204315_76_received
0037_d674_0000_1607204317_77_received
3f26_d674_0000_1607204318_77_received
f576_0037_0000_1607204320_78_generated
bf19_0037_0000_1607204321_78_received
3d11_3f26_0000_1607204321_78_received
fe71_3d11_0000_1607204323_79_received
028a_fe71_0000_1607204325_80_generated
4eb6_028a_0000_1607204326_81_generated
0ed6_028a_0000_1607204327_81_received
f484_0ed6_0000_1607204329_82_received
e5b2_0ed6_0000_1607204330_82_received
440e_e5b2_0000_1607204331_83_received
2b40_440e_0000_1607204336_84_generated
56ef_440e_0000_1607204335_84_received
715a_2b40_0000_1607204339_85_generated
fa8b_56ef_0000_1607204337_85_received
ad07_715a_0000_1607204342_86_generated
0517_fa8b_0000_1607204341_86_received
2e08_0517_0000_1607204345_87_received
dc4c_2e08_0000_1607204347_88_received
7372_2e08_0000_1607204346_88_received
56c9_7372_0000_1607204349_89_received
bb3b_56c9_0000_1607204351_90_received
912d_56c9_0000_1607204350_90_received
cd84_912d_0000_1607204352_91_received
6548_cd84_0000_1607204353_92_received
22e0_bb3b_0000_1607204353_91_received
7a21_912d_0000_1607204353_91_received
c808_6548_0000_1607204356_93_received
1161_c808_0000_1607204358_94_generated
39b3_6548_0000_1607204358_93_received
169c_c808_0000_1607204359_94_received
776d_169c_0000_1607204361_95_received
6dce_776d_0000_1607204361_96_received
9e04_6dce_0000_1607204363_97_received
6b77_6dce_0000_1607204364_97_received
27ce_9e04_0000_1607204368_98_generated
5a60_6b77_0000_1607204366_98_received
2369_9e04_0000_1607204367_98_received
df37_2369_0000_1607204367_99_received
2f7b_5a60_0000_1607204368_99_received
3254_df37_0000_1607204372_100_generated
944b_2f7b_0000_1607204370_100_received
8125_3254_0000_1607204374_101_generated
3abe_944b_0000_1607204372_101_received
fbd5_944b_0000_1607204373_101_received
e466_3abe_0000_1607204377_102_received
c101_3abe_0000_1607204376_102_received
6c56_c101_0000_1607204381_103_received
158a_6c56_0000_1607204383_104_received
8bea_158a_0000_1607204385_105_received
78aa_8bea_0000_1607204385_106_received
b2eb_78aa_0000_1607204387_107_received
0eb6_78aa_0000_1607204388_107_received
7055_b2eb_0000_1607204389_108_received
4f96_7055_0000_1607204394_109_generated
8ca9_7055_0000_1607204392_109_received
b483_7055_0000_1607204393_109_received
c0b9_8ca9_0000_1607204393_110_received
c21a_c0b9_0000_1607204397_111_received
51fe_c0b9_0000_1607204395_111_received
46da_c0b9_0000_1607204396_111_received
11d8_51fe_0000_1607204402_112_received
82d7_51fe_0000_1607204401_112_received
2864_82d7_0000_1607204401_113_received
9f50_2864_0000_1607204406_114_generated
c1e9_2864_0000_1607204402_114_received
6187_c1e9_0000_1607204408_115_received
b55b_c1e9_0000_1607204406_115_received
5054_6187_0000_1607204411_116_generated
27b8_b55b_0000_1607204409_116_received
32a4_b55b_0000_1607204410_116_received
5c19_27b8_0000_1607204413_117_received
cf25_5c19_0000_1607204416_118_generated
8ba1_5c19_0000_1607204414_118_received
2429_cf25_0000_1607204418_119_generated
650a_32a4_0000_1607204413_117_received
71fd_650a_0000_1607204414_118_received
c60b_8ba1_0000_1607204416_119_received
f27f_71fd_0000_1607204419_119_received
2db1_c60b_0000_1607204423_120_received
c463_f27f_0000_1607204424_120_received
a7b8_2db1_0000_1607204428_121_generated
e825_c463_0000_1607204427_121_received
295f_a7b8_0000_1607204430_122_generated
ec78_2db1_0000_1607204426_121_received
b961_2db1_0000_1607204427_121_received
3b91_ec78_0000_1607204428_122_received
ff63_3b91_0000_1607204434_123_received
5ce8_3b91_0000_1607204432_123_received
2e4f_ff63_0000_1607204435_124_received
b2ce_2e4f_0000_1607204440_125_received
1955_b2ce_0000_1607204443_126_received
994a_1955_0000_1607204449_127_generated
3923_1955_0000_1607204447_127_received
de51_994a_0000_1607204451_128_generated
1738_3923_0000_1607204451_128_received
875e_1738_0000_1607204452_129_received
0cf8_875e_0000_1607204458_130_generated
bea4_0cf8_0000_1607204459_131_generated
3407_875e_0000_1607204456_130_received
d177_3407_0000_1607204457_131_received
82a9_d177_0000_1607204457_132_received
e79e_82a9_0000_1607204458_133_received
5f68_e79e_0000_1607204462_134_received
a028_5f68_0000_1607204466_135_received
309e_a028_0000_1607204466_136_received
d61e_309e_0000_1607204467_137_received
8e27_d61e_0000_1607204470_138_received
8b6a_d61e_0000_1607204469_138_received
95f0_8e27_0000_1607204474_139_received
eaf7_8e27_0000_1607204473_139_received
092b_95f0_0000_1607204477_140_generated
a82a_eaf7_0000_1607204477_140_received
3c46_092b_0000_1607204482_141_received
d5c2_3c46_0000_1607204485_142_received
4247_a82a_0000_1607204484_141_received
1035_4247_0000_1607204484_142_received
6c54_d5c2_0000_1607204487_143_received
094d_6c54_0000_1607204489_144_received
a18b_094d_0000_1607204493_145_generated
dbc1_094d_0000_1607204494_145_received
71e5_dbc1_0000_1607204496_146_received
9c43_71e5_0000_1607204498_147_received
761d_9c43_0000_1607204501_148_received
497b_761d_0000_1607204501_149_received
4d20_497b_0000_1607204506_150_generated
458e_9c43_0000_1607204502_148_received
4688_497b_0000_1607204503_150_received
c025_4688_0000_1607204505_151_received
7d7c_c025_0000_1607204511_152_received
9639_c025_0000_1607204512_152_received
2c04_7d7c_0000_1607204515_153_received
dbcf_2c04_0000_1607204516_154_received
e2be_7d7c_0000_1607204517_153_received
6d0e_9639_0000_1607204516_153_received
292e_dbcf_0000_1607204520_155_received
ce1e_292e_0000_1607204523_156_received
1af9_ce1e_0000_1607204524_157_received
2530_1af9_0000_1607204524_158_received
921e_2530_0000_1607204528_159_received
d6e2_2530_0000_1607204527_159_received
6b7e_d6e2_0000_1607204532_160_received
5ccf_921e_0000_1607204532_160_received
cfed_d6e2_0000_1607204533_160_received
a40b_6b7e_0000_1607204534_161_received
c043_cfed_0000_1607204537_161_received
c95c_6b7e_0000_1607204537_161_received
8b91_a40b_0000_1607204539_162_received
2283_c95c_0000_1607204541_162_received
27be_2283_0000_1607204550_163_received
4f71_27be_0000_1607204551_164_received
c2f9_4f71_0000_1607204553_165_received
d112_c2f9_0000_1607204559_166_received
d9b5_d112_0000_1607204562_167_generated
30f5_c2f9_0000_1607204560_166_received
ef3e_30f5_0000_1607204561_167_received
b725_30f5_0000_1607204563_167_received
0c87_ef3e_0000_1607204569_168_received
e289_0c87_0000_1607204570_169_received
bfed_e289_0000_1607204571_170_received
b284_bfed_0000_1607204575_171_received
9322_b284_0000_1607204575_172_received
5e05_9322_0000_1607204580_173_received
af85_5e05_0000_1607204581_174_received
ae0d_5e05_0000_1607204583_174_received
bbdf_5e05_0000_1607204584_174_received
ebbd_af85_0000_1607204584_175_received
18ab_af85_0000_1607204585_175_received
72c7_ebbd_0000_1607204587_176_received
37d4_af85_0000_1607204586_175_received
47fe_72c7_0000_1607204592_177_received
df2e_72c7_0000_1607204593_177_received
f334_47fe_0000_1607204594_178_received
c23f_f334_0000_1607204595_179_received
8d91_c23f_0000_1607204598_180_received
fd71_8d91_0000_1607204603_181_generated
756f_8d91_0000_1607204599_181_received
d6d7_756f_0000_1607204603_182_received
5c66_d6d7_0000_1607204604_183_received
8e33_5c66_0000_1607204605_184_received
6b14_756f_0000_1607204604_182_received
1dd9_8e33_0000_1607204609_185_received
6dbe_1dd9_0000_1607204614_186_received
741a_1dd9_0000_1607204616_186_received
1aba_741a_0000_1607204618_187_received
c4c8_1aba_0000_1607204619_188_received
ddaf_c4c8_0000_1607204622_189_received
a5ec_ddaf_0000_1607204624_190_received
67a5_ddaf_0000_1607204625_190_received
ee91_a5ec_0000_1607204630_191_generated
392a_67a5_0000_1607204628_191_received
14a5_a5ec_0000_1607204629_191_received
2c54_ee91_0000_1607204636_192_generated
453b_14a5_0000_1607204632_192_received
11f0_453b_0000_1607204634_193_received
8583_453b_0000_1607204636_193_received
9f06_11f0_0000_1607204638_194_received
7a45_9f06_0000_1607204643_195_received
a6f9_9f06_0000_1607204644_195_received
c149_7a45_0000_1607204648_196_generated
1c28_7a45_0000_1607204647_196_received
ed5c_7a45_0000_1607204649_196_received
7807_7a45_0000_1607204650_196_received
3c90_7807_0000_1607204659_197_received
89ec_3c90_0000_1607204663_198_received
3585_89ec_0000_1607204668_199_generated
1f9d_89ec_0000_1607204666_199_received
3476_3585_0000_1607204671_200_generated
b7ed_1f9d_0000_1607204671_200_received
fb00_1f9d_0000_1607204672_200_received
d0f0_b7ed_0000_1607204674_201_received
4fc2_d0f0_0000_1607204680_202_received
1fd6_4fc2_0000_1607204684_203_received
a3fe_4fc2_0000_1607204686_203_received
0339_4fc2_0000_1607204685_203_received
f7f2_1fd6_0000_1607204694_204_generated
b107_4fc2_0000_1607204688_203_received
1d32_1fd6_0000_1607204696_204_received
e420_f7f2_0000_1607204702_205_generated
792e_1d32_0000_1607204703_205_received
10b6_f7f2_0000_1607204703_205_received
9c4c_10b6_0000_1607204711_206_received
b7ee_792e_0000_1607204711_206_received
f3de_b7ee_0000_1607204716_207_received
75cc_f3de_0000_1607204718_208_received
68d0_b7ee_0000_1607204718_207_received
2d23_75cc_0000_1607204720_209_received
3b29_2d23_0000_1607204721_210_received
d772_3b29_0000_1607204727_211_received
c97c_3b29_0000_1607204728_211_received
6dca_d772_0000_1607204730_212_received
b2d0_c97c_0000_1607204732_212_received
fbf0_d772_0000_1607204732_212_received
040a_6dca_0000_1607204738_213_received
533a_d772_0000_1607204733_212_received
b9c7_fbf0_0000_1607204739_213_received
947a_040a_0000_1607204746_214_generated
71e7_b2d0_0000_1607204741_213_received
66ff_947a_0000_1607204750_215_generated
06f5_66ff_0000_1607204751_216_generated
3eff_71e7_0000_1607204748_214_received
7ef8_06f5_0000_1607204757_217_generated
f086_3eff_0000_1607204753_215_received
fbd2_06f5_0000_1607204760_217_received
eac3_947a_0000_1607204757_215_received
1f40_7ef8_0000_1607204768_218_generated
52fd_1f40_0000_1607204770_219_generated
8c65_7ef8_0000_1607204767_218_received
3d0d_8c65_0000_1607204768_219_received
0257_7ef8_0000_1607204770_218_received
5f87_3d0d_0000_1607204772_220_received
e2f2_5f87_0000_1607204774_221_received
c18e_3d0d_0000_1607204778_220_received
c5b2_e2f2_0000_1607204782_222_received
6be1_c5b2_0000_1607204790_223_generated
6097_c5b2_0000_1607204785_223_received
ca1e_6097_0000_1607204787_224_received
a7ba_ca1e_0000_1607204788_225_received
2246_a7ba_0000_1607204797_226_generated
2ddd_2246_0000_1607204802_227_generated
83a7_a7ba_0000_1607204795_226_received
838b_a7ba_0000_1607204798_226_received
a735_838b_0000_1607204799_227_received
352f_a7ba_0000_1607204800_226_received
1b3e_a735_0000_1607204811_228_received
f150_a735_0000_1607204808_228_received
7397_f150_0000_1607204813_229_received
8d18_f150_0000_1607204816_229_received
3730_7397_0000_1607204819_230_received
2b11_7397_0000_1607204818_230_received
beba_7397_0000_1607204821_230_received
1135_2b11_0000_1607204826_231_received
9bff_1135_0000_1607204835_232_generated
86f0_1135_0000_1607204830_232_received
bc00_1135_0000_1607204832_232_received
4fdb_1135_0000_1607204831_232_received
c5c1_86f0_0000_1607204834_233_received
f8f9_86f0_0000_1607204836_233_received
bd4c_c5c1_0000_1607204841_234_received
4182_bd4c_0000_1607204855_235_generated
7e12_bd4c_0000_1607204851_235_received
7f3e_4182_0000_1607204860_236_generated
f840_7e12_0000_1607204853_236_received
02f2_f840_0000_1607204853_237_received
ed6d_02f2_0000_1607204857_238_received
c70c_ed6d_0000_1607204859_239_received
f5ce_c70c_0000_1607204861_240_received
394f_f5ce_0000_1607204866_241_received
8619_394f_0000_1607204869_242_received
2dbe_8619_0000_1607204880_243_received
11aa_2dbe_0000_1607204880_244_received
8e4a_11aa_0000_1607204882_245_received
f902_8e4a_0000_1607204884_246_received
7ca4_11aa_0000_1607204884_245_received
01a5_f902_0000_1607204885_247_received
2e85_01a5_0000_1607204887_248_received
8444_2e85_0000_1607204896_249_received
d6b9_8444_0000_1607204899_250_received
b402_d6b9_0000_1607204901_251_received
006c_d6b9_0000_1607204904_251_received
c020_b402_0000_1607204908_252_received
5268_b402_0000_1607204910_252_received
e7da_c020_0000_1607204911_253_received
9ffa_c020_0000_1607204913_253_received
8e9e_e7da_0000_1607204916_254_received
093e_8e9e_0000_1607204921_255_received
beca_093e_0000_1607204923_256_received
f614_beca_0000_1607204925_257_received
48e3_f614_0000_1607204933_258_received
eb7a_48e3_0000_1607204936_259_received
a271_f614_0000_1607204934_258_received
3adc_a271_0000_1607204936_259_received
ec57_3adc_0000_1607204944_260_received
a186_ec57_0000_1607204945_261_received
f3ab_a186_0000_1607204946_262_received
56d0_eb7a_0000_1607204946_260_received
4ed6_f3ab_0000_1607204949_263_received
3299_ec57_0000_1607204948_261_received
33fd_f3ab_0000_1607204954_263_received
32be_4ed6_0000_1607204968_264_generated
5cf9_4ed6_0000_1607204954_264_received
3899_5cf9_0000_1607204956_265_received
1a17_3899_0000_1607204962_266_received
1958_33fd_0000_1607204960_264_received
4238_1a17_0000_1607204968_267_received
79b7_4238_0000_1607204973_268_received
cfdf_79b7_0000_1607204976_269_received
06b4_cfdf_0000_1607204978_270_received
98ee_06b4_0000_1607204980_271_received
e023_98ee_0000_1607204988_272_received
781d_e023_0000_1607204992_273_received
2185_e023_0000_1607204993_273_received
9695_98ee_0000_1607204989_272_received
f517_e023_0000_1607204994_273_received
e59d_2185_0000_1607205002_274_received
761b_2185_0000_1607205004_274_received
ea72_e59d_0000_1607205008_275_received
5e7a_e59d_0000_1607205006_275_received
33ab_e59d_0000_1607205010_275_received
ff72_5e7a_0000_1607205014_276_received
733c_5e7a_0000_1607205012_276_received
0a41_733c_0000_1607205021_277_received
4aad_ff72_0000_1607205018_277_received
5a24_4aad_0000_1607205024_278_received
8f02_733c_0000_1607205022_277_received
0e15_4aad_0000_1607205031_278_received
af0f_733c_0000_1607205023_277_received
a99d_5a24_0000_1607205032_279_received
eca5_a99d_0000_1607205042_280_received
bfd8_a99d_0000_1607205041_280_received
8644_5a24_0000_1607205040_279_received
84ae_eca5_0000_1607205055_281_generated
3eef_bfd8_0000_1607205051_281_received
d45c_3eef_0000_1607205058_282_received
39eb_d45c_0000_1607205068_283_generated
0b3e_d45c_0000_1607205060_283_received
1b55_0b3e_0000_1607205068_284_received
a3fd_1b55_0000_1607205075_285_generated
cb8f_0b3e_0000_1607205069_284_received
b450_1b55_0000_1607205070_285_received
17fa_0b3e_0000_1607205072_284_received
3396_b450_0000_1607205074_286_received
1db0_b450_0000_1607205077_286_received
1445_3396_0000_1607205076_287_received
4cb0_1db0_0000_1607205085_287_received
10db_4cb0_0000_1607205094_288_received
b40f_1445_0000_1607205093_288_received
9dd4_b40f_0000_1607205095_289_received
283d_9dd4_0000_1607205098_290_received
aa7b_4cb0_0000_1607205097_288_received
bc26_1445_0000_1607205096_288_received
f7dc_10db_0000_1607205096_289_received
2a19_283d_0000_1607205107_291_received
e790_2a19_0000_1607205117_292_received
6721_e790_0000_1607205118_293_received
a560_2a19_0000_1607205121_292_received
a32f_2a19_0000_1607205122_292_received
1575_6721_0000_1607205126_294_received
af37_2a19_0000_1607205119_292_received
67d7_1575_0000_1607205136_295_received
b94d_6721_0000_1607205130_294_received
1ee8_1575_0000_1607205137_295_received
29e0_67d7_0000_1607205154_296_generated
ca04_29e0_0000_1607205156_297_generated
b497_1575_0000_1607205134_295_received
3846_b497_0000_1607205137_296_received
af6f_b94d_0000_1607205140_295_received
e84f_3846_0000_1607205149_297_received
4fc6_e84f_0000_1607205153_298_received
cd43_4fc6_0000_1607205156_299_received
ee9f_cd43_0000_1607205159_300_received
f93c_ee9f_0000_1607205163_301_received
adb6_f93c_0000_1607205167_302_received
da54_adb6_0000_1607205170_303_received
77ed_da54_0000_1607205176_304_received
49a4_77ed_0000_1607205178_305_received
383a_49a4_0000_1607205183_306_received
40b4_49a4_0000_1607205186_306_received
3142_383a_0000_1607205185_307_received
6920_3142_0000_1607205187_308_received
6c2a_6920_0000_1607205196_309_received
1034_383a_0000_1607205193_307_received
4631_40b4_0000_1607205194_307_received
79c9_6c2a_0000_1607205201_310_received
5f47_79c9_0000_1607205211_311_received
3eb8_79c9_0000_1607205213_311_received
6f43_5f47_0000_1607205218_312_received
b49f_3eb8_0000_1607205218_312_received
06e4_b49f_0000_1607205222_313_received
a302_5f47_0000_1607205221_312_received
66a1_06e4_0000_1607205238_314_generated
0c78_5f47_0000_1607205222_312_received
4bc4_06e4_0000_1607205231_314_received
550b_06e4_0000_1607205233_314_received
f666_06e4_0000_1607205235_314_received
aa26_550b_0000_1607205235_315_received
e467_4bc4_0000_1607205241_315_received
ffce_4bc4_0000_1607205234_315_received
c3ed_aa26_0000_1607205248_316_received
c023_c3ed_0000_1607205259_317_received
3d9c_ffce_0000_1607205249_316_received
1a32_3d9c_0000_1607205263_317_received
4a25_c023_0000_1607205267_318_received
bc1a_4a25_0000_1607205279_319_generated
9210_c3ed_0000_1607205262_317_received
8196_c023_0000_1607205272_318_received
35c9_c023_0000_1607205271_318_received
2dd4_bc1a_0000_1607205288_320_generated
6e1d_2dd4_0000_1607205292_321_generated
91d7_8196_0000_1607205288_319_received
4a61_6e1d_0000_1607205300_322_generated
be65_4a61_0000_1607205303_323_generated
0bba_35c9_0000_1607205285_319_received
d38d_35c9_0000_1607205289_319_received
8584_0bba_0000_1607205287_320_received
1cb2_be65_0000_1607205317_324_received
4224_1cb2_0000_1607205323_325_received
8de8_be65_0000_1607205319_324_received
22df_1cb2_0000_1607205324_325_received
0959_8de8_0000_1607205325_325_received
dce2_4224_0000_1607205328_326_received
