eb72_9e1c_0000_1607369872_1_received
ef36_eb72_0000_1607369875_2_received
0938_ef36_0000_1607369879_3_received
0483_0938_0000_1607369880_4_received
3df7_0483_0000_1607369882_5_received
4d6b_3df7_0000_1607369884_6_received
2343_4d6b_0000_1607369886_7_received
aff3_2343_0000_1607369886_8_received
94a9_aff3_0000_1607369887_9_received
6727_94a9_0000_1607369889_10_received
54c4_6727_0000_1607369891_11_generated
e14f_54c4_0000_1607369893_12_received
5f9b_e14f_0000_1607369895_13_received
0838_5f9b_0000_1607369899_14_received
e849_0838_0000_1607369901_15_received
b833_e849_0000_1607369902_16_received
bd42_b833_0000_1607369903_17_received
edcf_bd42_0000_1607369907_18_received
6790_edcf_0000_1607369908_19_received
7613_6790_0000_1607369910_20_generated
a975_edcf_0000_1607369909_19_received
47e5_7613_0000_1607369915_21_received
8e6d_47e5_0000_1607369916_22_received
55ac_8e6d_0000_1607369917_23_received
714a_55ac_0000_1607369923_24_received
15db_714a_0000_1607369925_25_received
ae3d_15db_0000_1607369928_26_received
4f84_ae3d_0000_1607369932_27_received
d073_4f84_0000_1607369934_28_received
67b0_4f84_0000_1607369935_28_received
2c19_d073_0000_1607369938_29_received
02cb_2c19_0000_1607369940_30_received
a823_02cb_0000_1607369943_31_received
2d62_a823_0000_1607369945_32_received
137d_2d62_0000_1607369955_33_received
e939_137d_0000_1607369959_34_received
8160_e939_0000_1607369961_35_received
a3a1_8160_0000_1607369964_36_received
76fc_a3a1_0000_1607369966_37_received
a96f_a3a1_0000_1607369967_37_received
88b6_76fc_0000_1607369972_38_received
acc2_88b6_0000_1607369975_39_received
7864_acc2_0000_1607369981_40_received
dde0_7864_0000_1607369982_41_received
cb53_dde0_0000_1607369984_42_received
d99f_dde0_0000_1607369985_42_received
a4d1_cb53_0000_1607369985_43_received
76f3_a4d1_0000_1607369986_44_received
f997_a4d1_0000_1607369987_44_received
700a_76f3_0000_1607369989_45_received
b373_700a_0000_1607369990_46_received
9b8c_b373_0000_1607369993_47_received
4bf8_9b8c_0000_1607369995_48_received
100e_4bf8_0000_1607369996_49_received
c7fb_100e_0000_1607370001_50_received
1560_100e_0000_1607370002_50_received
270a_1560_0000_1607370002_51_received
f30d_270a_0000_1607370008_52_received
77de_f30d_0000_1607370010_53_received
758a_77de_0000_1607370013_54_received
9f21_758a_0000_1607370014_55_received
9445_9f21_0000_1607370016_56_received
4478_9445_0000_1607370017_57_received
2d8f_4478_0000_1607370019_58_generated
8b09_2d8f_0000_1607370022_59_received
0e08_2d8f_0000_1607370021_59_received
d745_0e08_0000_1607370026_60_received
f7d7_d745_0000_1607370029_61_received
a5fd_f7d7_0000_1607370032_62_received
2d95_a5fd_0000_1607370040_63_received
c1b2_2d95_0000_1607370044_64_received
ad28_c1b2_0000_1607370044_65_received
467f_ad28_0000_1607370050_66_received
69b4_467f_0000_1607370053_67_received
9c5d_69b4_0000_1607370054_68_received
9502_9c5d_0000_1607370054_69_generated
b40a_9502_0000_1607370056_70_received
6264_b40a_0000_1607370060_71_received
bcfa_6264_0000_1607370065_72_received
33d7_bcfa_0000_1607370066_73_received
bb5c_33d7_0000_1607370066_74_received
daa4_bb5c_0000_1607370067_75_received
455f_daa4_0000_1607370071_76_received
0f16_455f_0000_1607370079_77_received
2f4f_0f16_0000_1607370083_78_received
a22e_2f4f_0000_1607370083_79_received
9a88_a22e_0000_1607370088_80_received
2359_9a88_0000_1607370088_81_received
f98a_2359_0000_1607370089_82_received
0a5b_f98a_0000_1607370090_83_received
ebda_0a5b_0000_1607370097_84_received
31bf_ebda_0000_1607370098_85_received
be48_31bf_0000_1607370107_86_received
4117_be48_0000_1607370112_87_received
05cf_4117_0000_1607370114_88_received
1b37_05cf_0000_1607370116_89_received
0e74_1b37_0000_1607370119_90_received
bfe6_1b37_0000_1607370120_90_received
9b50_0e74_0000_1607370120_91_received
c03e_9b50_0000_1607370127_92_generated
1525_9b50_0000_1607370126_92_received
c5c4_c03e_0000_1607370130_93_generated
df7a_1525_0000_1607370131_93_received
21db_df7a_0000_1607370132_94_received
96da_21db_0000_1607370133_95_received
8eca_96da_0000_1607370136_96_received
15e8_8eca_0000_1607370137_97_received
6cde_15e8_0000_1607370139_98_received
4462_6cde_0000_1607370141_99_received
5cde_4462_0000_1607370144_100_received
4c84_5cde_0000_1607370148_101_received
6492_4c84_0000_1607370152_102_received
6223_6492_0000_1607370153_103_received
470e_6223_0000_1607370155_104_received
86f2_470e_0000_1607370159_105_received
3fd2_86f2_0000_1607370163_106_received
94a1_3fd2_0000_1607370166_107_received
7fca_94a1_0000_1607370166_108_received
54be_7fca_0000_1607370167_109_received
aaed_54be_0000_1607370170_110_received
451f_aaed_0000_1607370173_111_received
c51e_451f_0000_1607370175_112_generated
988c_451f_0000_1607370174_112_received
d798_988c_0000_1607370177_113_received
51d4_d798_0000_1607370177_114_received
ebf1_51d4_0000_1607370180_115_received
5216_ebf1_0000_1607370182_116_received
55fc_5216_0000_1607370183_117_received
52df_55fc_0000_1607370185_118_received
fd97_55fc_0000_1607370186_118_received
4891_52df_0000_1607370187_119_received
9adf_52df_0000_1607370188_119_received
b9a9_9adf_0000_1607370189_120_received
7d56_b9a9_0000_1607370195_121_received
dfce_7d56_0000_1607370199_122_received
3d04_dfce_0000_1607370200_123_received
efe0_3d04_0000_1607370202_124_received
0974_efe0_0000_1607370204_125_received
8c76_0974_0000_1607370205_126_received
7829_8c76_0000_1607370207_127_received
cc98_7829_0000_1607370208_128_received
2690_cc98_0000_1607370209_129_received
a8ea_2690_0000_1607370210_130_received
c3d3_a8ea_0000_1607370213_131_received
f77b_c3d3_0000_1607370214_132_received
c1f2_f77b_0000_1607370216_133_received
9582_c1f2_0000_1607370221_134_received
d5a1_c1f2_0000_1607370222_134_received
5340_9582_0000_1607370231_135_received
cca9_5340_0000_1607370233_136_generated
9e59_5340_0000_1607370232_136_received
a574_9e59_0000_1607370235_137_received
a32b_a574_0000_1607370238_138_received
9e97_a32b_0000_1607370240_139_received
8963_a32b_0000_1607370241_139_received
3b7b_9e97_0000_1607370242_140_generated
f41f_3b7b_0000_1607370252_141_received
4fcd_3b7b_0000_1607370251_141_received
d6b5_4fcd_0000_1607370254_142_received
fa9a_f41f_0000_1607370254_142_received
eb4e_d6b5_0000_1607370256_143_received
1e8f_eb4e_0000_1607370258_144_received
f74a_1e8f_0000_1607370262_145_received
b951_f74a_0000_1607370264_146_received
360a_f74a_0000_1607370265_146_received
e8e4_b951_0000_1607370270_147_received
ddca_e8e4_0000_1607370270_148_received
f15e_ddca_0000_1607370272_149_received
7c73_f15e_0000_1607370275_150_received
5bb9_7c73_0000_1607370280_151_received
a267_5bb9_0000_1607370285_152_generated
dc31_5bb9_0000_1607370284_152_received
759d_dc31_0000_1607370288_153_received
afd7_759d_0000_1607370290_154_received
9083_afd7_0000_1607370293_155_received
4dc6_9083_0000_1607370296_156_received
d0a5_4dc6_0000_1607370298_157_generated
5b94_d0a5_0000_1607370300_158_received
994c_5b94_0000_1607370303_159_received
b810_5b94_0000_1607370304_159_received
bbce_b810_0000_1607370305_160_received
d88a_bbce_0000_1607370306_161_received
881b_d88a_0000_1607370312_162_received
c702_881b_0000_1607370315_163_received
d1a9_881b_0000_1607370316_163_received
8f8c_c702_0000_1607370319_164_generated
4401_8f8c_0000_1607370321_165_received
2d43_4401_0000_1607370328_166_received
398c_2d43_0000_1607370332_167_received
ea8e_398c_0000_1607370333_168_received
5dae_ea8e_0000_1607370339_169_received
03ba_5dae_0000_1607370342_170_generated
7465_5dae_0000_1607370343_170_received
6af0_7465_0000_1607370348_171_received
b02e_6af0_0000_1607370348_172_received
9912_b02e_0000_1607370354_173_received
ea86_9912_0000_1607370357_174_received
776f_ea86_0000_1607370359_175_received
c22d_776f_0000_1607370361_176_received
41d7_c22d_0000_1607370372_177_received
e117_41d7_0000_1607370373_178_received
9f6d_41d7_0000_1607370374_178_received
21cd_e117_0000_1607370377_179_received
84b3_21cd_0000_1607370378_180_received
b186_84b3_0000_1607370380_181_received
7bb3_b186_0000_1607370388_182_generated
ad9d_7bb3_0000_1607370393_183_received
597d_ad9d_0000_1607370396_184_received
40a4_597d_0000_1607370397_185_received
d80d_40a4_0000_1607370398_186_received
99d1_40a4_0000_1607370399_186_received
fd45_597d_0000_1607370398_185_received
0627_d80d_0000_1607370401_187_received
bda0_0627_0000_1607370404_188_received
d628_bda0_0000_1607370407_189_received
e0d8_d628_0000_1607370409_190_received
b7bd_bda0_0000_1607370409_189_received
0a76_e0d8_0000_1607370410_191_received
5aea_0a76_0000_1607370414_192_received
657a_0a76_0000_1607370415_192_received
17da_5aea_0000_1607370417_193_received
4b87_17da_0000_1607370423_194_received
8372_4b87_0000_1607370426_195_received
99e5_8372_0000_1607370429_196_received
42e2_99e5_0000_1607370434_197_received
8c61_42e2_0000_1607370436_198_received
22d8_8c61_0000_1607370439_199_received
cfab_22d8_0000_1607370439_200_received
6fd7_8c61_0000_1607370438_199_received
25bb_6fd7_0000_1607370440_200_received
a141_25bb_0000_1607370447_201_received
3b4a_a141_0000_1607370450_202_received
2324_3b4a_0000_1607370452_203_received
fb5b_2324_0000_1607370454_204_received
8ed2_fb5b_0000_1607370455_205_received
4f16_8ed2_0000_1607370458_206_received
0717_4f16_0000_1607370462_207_received
c8bb_0717_0000_1607370464_208_received
c1d2_c8bb_0000_1607370468_209_received
21d3_c1d2_0000_1607370468_210_received
f622_21d3_0000_1607370470_211_received
e962_f622_0000_1607370471_212_received
e82f_21d3_0000_1607370471_211_received
0f12_e962_0000_1607370476_213_received
c828_0f12_0000_1607370482_214_received
899b_c828_0000_1607370486_215_generated
bbd6_c828_0000_1607370484_215_received
d4c9_bbd6_0000_1607370488_216_received
4fc9_d4c9_0000_1607370504_217_received
7346_4fc9_0000_1607370509_218_received
1244_7346_0000_1607370511_219_received
b990_1244_0000_1607370514_220_received
ef5e_b990_0000_1607370516_221_received
fd1a_ef5e_0000_1607370517_222_received
b7bb_fd1a_0000_1607370520_223_received
684e_ef5e_0000_1607370518_222_received
218b_b7bb_0000_1607370522_224_received
1204_b7bb_0000_1607370523_224_received
2659_218b_0000_1607370526_225_received
d0d8_218b_0000_1607370525_225_received
f5bf_2659_0000_1607370529_226_received
8c31_f5bf_0000_1607370530_227_received
3626_8c31_0000_1607370533_228_received
62f3_8c31_0000_1607370532_228_received
46eb_62f3_0000_1607370535_229_received
0df6_46eb_0000_1607370537_230_received
53f6_46eb_0000_1607370538_230_received
69d5_3626_0000_1607370537_229_received
4896_0df6_0000_1607370541_231_received
b4ec_4896_0000_1607370546_232_generated
ed69_b4ec_0000_1607370553_233_generated
40e3_b4ec_0000_1607370554_233_received
443b_40e3_0000_1607370556_234_received
5b17_ed69_0000_1607370556_234_received
2fe5_5b17_0000_1607370561_235_received
0e82_5b17_0000_1607370562_235_received
845c_2fe5_0000_1607370567_236_received
0193_845c_0000_1607370570_237_received
89d9_0193_0000_1607370573_238_received
f96f_89d9_0000_1607370576_239_received
2c42_f96f_0000_1607370578_240_received
d10c_2c42_0000_1607370580_241_received
842a_2c42_0000_1607370579_241_received
15ea_d10c_0000_1607370584_242_received
d655_15ea_0000_1607370589_243_received
6579_d655_0000_1607370593_244_received
415c_6579_0000_1607370596_245_generated
5fed_415c_0000_1607370600_246_received
0519_5fed_0000_1607370602_247_received
3ece_5fed_0000_1607370603_247_received
1590_3ece_0000_1607370622_248_received
f14e_1590_0000_1607370624_249_received
cc8d_0519_0000_1607370624_248_received
10b7_f14e_0000_1607370628_250_received
3a51_10b7_0000_1607370632_251_received
8ddf_3a51_0000_1607370635_252_received
d02d_8ddf_0000_1607370639_253_received
a150_d02d_0000_1607370641_254_received
93f1_a150_0000_1607370643_255_received
7398_a150_0000_1607370644_255_received
23d5_7398_0000_1607370655_256_received
0ffe_23d5_0000_1607370656_257_received
2f77_23d5_0000_1607370658_257_received
0610_0ffe_0000_1607370659_258_received
77ef_0ffe_0000_1607370662_258_received
4d97_0610_0000_1607370664_259_received
9102_4d97_0000_1607370672_260_received
53a4_9102_0000_1607370674_261_received
cbf2_53a4_0000_1607370680_262_received
3370_53a4_0000_1607370679_262_received
f8e9_3370_0000_1607370685_263_received
0997_f8e9_0000_1607370689_264_received
0c1d_f8e9_0000_1607370692_264_received
3d37_0997_0000_1607370692_265_received
4e32_0997_0000_1607370693_265_received
fbf1_0997_0000_1607370695_265_received
b8b1_3d37_0000_1607370695_266_received
4e30_3d37_0000_1607370697_266_received
16e6_4e30_0000_1607370700_267_received
cc8c_4e32_0000_1607370698_266_received
77ba_cc8c_0000_1607370702_267_received
94c5_16e6_0000_1607370709_268_received
df0e_94c5_0000_1607370710_269_received
3687_16e6_0000_1607370710_268_received
d28f_94c5_0000_1607370713_269_received
6ad2_df0e_0000_1607370716_270_received
9eee_6ad2_0000_1607370720_271_received
a720_6ad2_0000_1607370721_271_received
6cbd_6ad2_0000_1607370722_271_received
7975_9eee_0000_1607370726_272_received
9b27_7975_0000_1607370728_273_received
0e0c_9b27_0000_1607370732_274_received
47c3_0e0c_0000_1607370735_275_generated
21a8_0e0c_0000_1607370734_275_received
e3b9_21a8_0000_1607370735_276_received
e1d7_e3b9_0000_1607370741_277_received
c858_0e0c_0000_1607370739_275_received
d76b_e3b9_0000_1607370740_277_received
a522_e3b9_0000_1607370743_277_received
0325_e1d7_0000_1607370747_278_received
fafe_d76b_0000_1607370748_278_received
0e77_0325_0000_1607370751_279_received
3bdf_0e77_0000_1607370757_280_generated
26b8_3bdf_0000_1607370759_281_generated
b270_0e77_0000_1607370756_280_received
00bc_b270_0000_1607370759_281_received
34a7_b270_0000_1607370760_281_received
4b7c_b270_0000_1607370762_281_received
bb9f_00bc_0000_1607370764_282_received
8320_00bc_0000_1607370762_282_received
a6d1_bb9f_0000_1607370769_283_received
31ed_8320_0000_1607370766_283_received
6ba6_a6d1_0000_1607370773_284_received
5495_6ba6_0000_1607370781_285_generated
664b_6ba6_0000_1607370779_285_received
2482_664b_0000_1607370784_286_received
5ae6_2482_0000_1607370787_287_received
58a9_5ae6_0000_1607370792_288_generated
6480_2482_0000_1607370789_287_received
a041_5ae6_0000_1607370793_288_received
159c_5ae6_0000_1607370791_288_received
3c85_a041_0000_1607370798_289_received
09c3_159c_0000_1607370794_289_received
d618_09c3_0000_1607370799_290_received
7312_a041_0000_1607370796_289_received
c0ff_09c3_0000_1607370804_290_received
fe4a_7312_0000_1607370803_290_received
0030_c0ff_0000_1607370810_291_received
e078_0030_0000_1607370814_292_received
d73f_d618_0000_1607370813_291_received
5cf1_e078_0000_1607370818_293_received
fc52_e078_0000_1607370817_293_received
f6ad_5cf1_0000_1607370822_294_received
4e71_fc52_0000_1607370823_294_received
938e_4e71_0000_1607370834_295_received
c240_f6ad_0000_1607370836_295_received
0839_938e_0000_1607370838_296_received
49e5_0839_0000_1607370840_297_received
a1f2_0839_0000_1607370843_297_received
b3a4_49e5_0000_1607370849_298_received
0dc7_938e_0000_1607370842_296_received
98a0_49e5_0000_1607370848_298_received
2f06_b3a4_0000_1607370852_299_received
7880_b3a4_0000_1607370858_299_received
dd82_2f06_0000_1607370857_300_received
1921_dd82_0000_1607370866_301_received
224f_dd82_0000_1607370867_301_received
e4f5_1921_0000_1607370869_302_received
92b4_e4f5_0000_1607370876_303_received
8b8d_92b4_0000_1607370881_304_generated
f6ec_92b4_0000_1607370879_304_received
6849_f6ec_0000_1607370888_305_received
51d2_f6ec_0000_1607370887_305_received
5808_51d2_0000_1607370891_306_received
bb9c_6849_0000_1607370893_306_received
c336_51d2_0000_1607370894_306_received
cd6e_5808_0000_1607370898_307_received
f978_cd6e_0000_1607370904_308_received
0d64_f978_0000_1607370911_309_received
1b2c_0d64_0000_1607370914_310_generated
e7ae_1b2c_0000_1607370916_311_generated
7097_f978_0000_1607370913_309_received
1861_e7ae_0000_1607370923_312_received
338f_1b2c_0000_1607370920_311_received
80be_1861_0000_1607370927_313_received
dd05_338f_0000_1607370924_312_received
4897_80be_0000_1607370931_314_received
2f87_80be_0000_1607370932_314_received
26e4_1861_0000_1607370931_313_received
5e1f_26e4_0000_1607370934_314_received
d478_1861_0000_1607370930_313_received
6f34_2f87_0000_1607370941_315_received
7323_4897_0000_1607370946_315_received
0c3c_6f34_0000_1607370958_316_generated
d667_6f34_0000_1607370956_316_received
c878_d667_0000_1607370963_317_received
6c5d_c878_0000_1607370964_318_received
ecc0_c878_0000_1607370967_318_received
cefa_ecc0_0000_1607370971_319_received
5f62_d667_0000_1607370969_317_received
268f_6c5d_0000_1607370971_319_received
9197_c878_0000_1607370968_318_received
b839_cefa_0000_1607370976_320_received
c520_cefa_0000_1607370980_320_received
18d8_268f_0000_1607370981_320_received
737b_b839_0000_1607370993_321_generated
68f5_b839_0000_1607370983_321_received
d3db_9197_0000_1607370972_319_received
15d5_68f5_0000_1607370993_322_received
3c5f_d3db_0000_1607370979_320_received
c987_cefa_0000_1607370986_320_received
27e0_68f5_0000_1607370988_322_received
2a16_27e0_0000_1607370993_323_received
1d90_68f5_0000_1607370992_322_received
bd9e_b839_0000_1607370991_321_received
298c_1d90_0000_1607370997_323_received
c604_298c_0000_1607371006_324_received
3673_15d5_0000_1607371007_323_received
7be8_c604_0000_1607371019_325_received
23ea_c604_0000_1607371012_325_received
1b3b_23ea_0000_1607371017_326_received
db5c_1b3b_0000_1607371019_327_received
87fe_db5c_0000_1607371024_328_received
be10_87fe_0000_1607371031_329_received
fed7_be10_0000_1607371035_330_received
7c6d_23ea_0000_1607371024_326_received
43b7_fed7_0000_1607371043_331_generated
c1e6_be10_0000_1607371036_330_received
34b3_2a16_0000_1607371013_324_received
9a2c_43b7_0000_1607371050_332_generated
9722_34b3_0000_1607371023_325_received
afc0_9722_0000_1607371029_326_received
5abd_c1e6_0000_1607371043_331_received
ee1e_5abd_0000_1607371046_332_received
766c_c1e6_0000_1607371049_331_received
