a91a_9e1c_0000_1605032708_1_generated
170d_a91a_0000_1605032715_2_received
1160_170d_0000_1605032730_3_received
7374_1160_0000_1605032754_4_generated
33b5_7374_0000_1605032767_5_received
cd9b_33b5_0000_1605032771_6_generated
9cb1_cd9b_0000_1605032785_7_received
f883_9cb1_0000_1605032815_8_generated
7344_f883_0000_1605032841_9_received
f659_7344_0000_1605032858_10_received
8f2c_f659_0000_1605032890_11_received
be7c_8f2c_0000_1605032971_12_generated
f342_be7c_0000_1605032979_13_generated
ccd9_f342_0000_1605032979_14_generated
c8ae_ccd9_0000_1605032992_15_generated
72ee_c8ae_0000_1605033011_16_received
cf35_72ee_0000_1605033023_17_generated
db44_cf35_0000_1605033028_18_received
76e8_db44_0000_1605033039_19_received
affb_76e8_0000_1605033040_20_received
5cda_affb_0000_1605033057_21_received
518a_5cda_0000_1605033118_22_received
8a14_518a_0000_1605033140_23_received
5a83_8a14_0000_1605033153_24_generated
1ae8_5a83_0000_1605033171_25_generated
3647_1ae8_0000_1605033189_26_generated
5129_3647_0000_1605033200_27_generated
1521_5129_0000_1605033201_28_generated
8e2c_1521_0000_1605033208_29_generated
1a7f_8e2c_0000_1605033223_30_generated
e61c_8e2c_0000_1605033222_30_received
a95a_e61c_0000_1605033258_31_received
fba3_a95a_0000_1605033271_32_received
7d09_fba3_0000_1605033314_33_generated
c3ab_7d09_0000_1605033319_34_generated
8da8_c3ab_0000_1605033322_35_generated
5c25_8da8_0000_1605033327_36_received
8044_5c25_0000_1605033340_37_generated
b645_8044_0000_1605033343_38_generated
ecff_b645_0000_1605033365_39_generated
4024_ecff_0000_1605033381_40_generated
2414_4024_0000_1605033392_41_generated
f919_2414_0000_1605033408_42_generated
0dc5_f919_0000_1605033419_43_generated
