5526_9e1c_0000_1605044318_1_received
4d52_9e1c_0000_1605044319_1_received
cdb0_5526_0000_1605044321_2_received
05c5_cdb0_0000_1605044322_3_received
1b67_05c5_0000_1605044324_4_received
9138_cdb0_0000_1605044324_3_received
2ef5_1b67_0000_1605044325_5_received
403e_2ef5_0000_1605044328_6_received
8b6e_2ef5_0000_1605044329_6_received
be5e_403e_0000_1605044333_7_generated
8954_403e_0000_1605044332_7_received
c363_8954_0000_1605044333_8_received
3ea7_c363_0000_1605044335_9_received
815d_c363_0000_1605044334_9_received
b5d3_3ea7_0000_1605044336_10_received
ef7f_b5d3_0000_1605044337_11_received
99fb_ef7f_0000_1605044340_12_received
7834_99fb_0000_1605044343_13_generated
2d8e_99fb_0000_1605044344_13_received
8672_2d8e_0000_1605044349_14_received
f289_7834_0000_1605044349_14_received
f114_8672_0000_1605044351_15_received
296d_f114_0000_1605044352_16_received
a5a7_296d_0000_1605044356_17_received
4564_296d_0000_1605044357_17_received
1a0d_4564_0000_1605044358_18_received
c9dd_a5a7_0000_1605044359_18_received
2a40_1a0d_0000_1605044362_19_received
39eb_1a0d_0000_1605044363_19_received
8da3_2a40_0000_1605044365_20_received
2129_2a40_0000_1605044364_20_received
da86_2129_0000_1605044367_21_received
dcf0_da86_0000_1605044369_22_received
ff70_dcf0_0000_1605044370_23_received
b1d6_ff70_0000_1605044372_24_received
c50c_b1d6_0000_1605044374_25_received
a8a9_b1d6_0000_1605044375_25_received
504a_c50c_0000_1605044378_26_received
4467_504a_0000_1605044379_27_received
2dd0_4467_0000_1605044383_28_generated
fe5b_4467_0000_1605044381_28_received
9b87_4467_0000_1605044382_28_received
ae44_fe5b_0000_1605044383_29_received
539a_ae44_0000_1605044384_30_received
a080_9b87_0000_1605044384_29_received
502c_a080_0000_1605044386_30_received
5423_539a_0000_1605044389_31_generated
178f_502c_0000_1605044389_31_received
9132_5423_0000_1605044391_32_generated
24c8_178f_0000_1605044392_32_received
bb22_178f_0000_1605044391_32_received
b9e0_539a_0000_1605044391_31_received
9cbf_24c8_0000_1605044394_33_received
0e40_bb22_0000_1605044393_33_received
853a_0e40_0000_1605044395_34_received
71a0_9cbf_0000_1605044396_34_received
ed24_9cbf_0000_1605044395_34_received
4609_0e40_0000_1605044396_34_received
8c86_71a0_0000_1605044397_35_received
dddb_853a_0000_1605044397_35_received
a1e0_4609_0000_1605044397_35_received
fc1c_853a_0000_1605044398_35_received
bed8_a1e0_0000_1605044400_36_received
0fe1_bed8_0000_1605044401_37_received
b215_dddb_0000_1605044401_36_received
8222_0fe1_0000_1605044404_38_received
db06_0fe1_0000_1605044403_38_received
f593_8222_0000_1605044405_39_received
fd8e_f593_0000_1605044407_40_received
1550_fd8e_0000_1605044407_41_received
1c48_1550_0000_1605044409_42_received
6838_1c48_0000_1605044411_43_received
7700_6838_0000_1605044412_44_received
6e6f_7700_0000_1605044414_45_received
7a65_7700_0000_1605044415_45_received
6255_7a65_0000_1605044416_46_received
97be_6e6f_0000_1605044416_46_received
fa7c_6255_0000_1605044417_47_received
6307_97be_0000_1605044416_47_received
83cb_fa7c_0000_1605044418_48_received
f24b_6307_0000_1605044418_48_received
2acb_83cb_0000_1605044422_49_received
aaa4_2acb_0000_1605044422_50_received
36d3_aaa4_0000_1605044424_51_generated
2eaa_f24b_0000_1605044423_49_received
fef2_2acb_0000_1605044423_50_received
4f96_2acb_0000_1605044424_50_received
2ed5_36d3_0000_1605044426_52_received
f8d9_36d3_0000_1605044427_52_received
d98c_f8d9_0000_1605044427_53_received
7356_d98c_0000_1605044427_54_received
f611_7356_0000_1605044430_55_received
6ab6_7356_0000_1605044431_55_received
d922_f611_0000_1605044431_56_received
2a3c_d922_0000_1605044433_57_generated
a757_6ab6_0000_1605044431_56_received
dfea_d922_0000_1605044432_57_received
c1db_dfea_0000_1605044432_58_received
d908_c1db_0000_1605044435_59_received
d125_d908_0000_1605044435_60_received
d007_c1db_0000_1605044436_59_received
a83d_d125_0000_1605044438_61_received
0192_a83d_0000_1605044442_62_received
a442_a83d_0000_1605044443_62_received
7e66_0192_0000_1605044446_63_received
df7f_0192_0000_1605044447_63_received
a115_a442_0000_1605044447_63_received
1608_7e66_0000_1605044451_64_generated
3b99_7e66_0000_1605044450_64_received
338b_7e66_0000_1605044449_64_received
2abc_338b_0000_1605044452_65_received
a821_3b99_0000_1605044452_65_received
ae7a_2abc_0000_1605044455_66_received
3203_2abc_0000_1605044456_66_received
fc16_ae7a_0000_1605044458_67_received
e96d_fc16_0000_1605044459_68_received
4802_e96d_0000_1605044459_69_received
d7d3_3203_0000_1605044458_67_received
0113_fc16_0000_1605044460_68_received
d88b_d7d3_0000_1605044459_68_received
78c6_4802_0000_1605044463_70_received
0503_78c6_0000_1605044463_71_received
d03a_0503_0000_1605044464_72_received
6fac_d03a_0000_1605044464_73_received
7f3d_6fac_0000_1605044464_74_received
9840_7f3d_0000_1605044464_75_received
7f0a_4802_0000_1605044464_70_received
3ca2_0503_0000_1605044466_72_received
d4ea_9840_0000_1605044468_76_received
ab6d_d4ea_0000_1605044471_77_generated
07ff_ab6d_0000_1605044472_78_generated
f1f8_d4ea_0000_1605044472_77_received
b715_ab6d_0000_1605044473_78_received
ec06_b715_0000_1605044474_79_received
7ec7_07ff_0000_1605044476_79_received
fe56_7ec7_0000_1605044477_80_received
fb8d_ec06_0000_1605044477_80_received
635f_fb8d_0000_1605044478_81_received
f4ba_635f_0000_1605044479_82_received
b24e_f4ba_0000_1605044481_83_received
5274_b24e_0000_1605044483_84_received
819c_5274_0000_1605044485_85_received
b8db_5274_0000_1605044486_85_received
1ac9_819c_0000_1605044485_86_received
a4b5_819c_0000_1605044487_86_received
7bb3_1ac9_0000_1605044487_87_received
ff27_7bb3_0000_1605044490_88_received
5b3a_ff27_0000_1605044491_89_received
0ce4_5b3a_0000_1605044494_90_received
f06f_ff27_0000_1605044494_89_received
7907_ff27_0000_1605044493_89_received
9133_0ce4_0000_1605044496_91_received
30b8_0ce4_0000_1605044497_91_received
befe_30b8_0000_1605044498_92_received
5ef0_befe_0000_1605044500_93_received
4ee2_befe_0000_1605044501_93_received
910f_4ee2_0000_1605044501_94_received
db5d_910f_0000_1605044501_95_received
ad9d_5ef0_0000_1605044503_94_received
b2e2_db5d_0000_1605044504_96_received
c714_db5d_0000_1605044505_96_received
9978_b2e2_0000_1605044510_97_generated
cde9_b2e2_0000_1605044509_97_received
391c_cde9_0000_1605044510_98_received
4652_391c_0000_1605044511_99_received
8edb_4652_0000_1605044515_100_received
98df_4652_0000_1605044514_100_received
56b4_98df_0000_1605044517_101_received
afc7_56b4_0000_1605044520_102_received
1465_98df_0000_1605044520_101_received
011a_1465_0000_1605044521_102_received
ac59_afc7_0000_1605044526_103_received
0b4f_ac59_0000_1605044531_104_generated
c633_ac59_0000_1605044530_104_received
06b5_c633_0000_1605044532_105_received
f0f2_06b5_0000_1605044534_106_received
4df3_c633_0000_1605044533_105_received
204c_f0f2_0000_1605044536_107_received
4964_4df3_0000_1605044535_106_received
9545_f0f2_0000_1605044537_107_received
bb33_9545_0000_1605044538_108_received
6cd4_bb33_0000_1605044541_109_received
6648_6cd4_0000_1605044542_110_received
2475_6648_0000_1605044545_111_received
3357_2475_0000_1605044550_112_received
922e_2475_0000_1605044552_112_received
cc11_3357_0000_1605044554_113_received
78c5_3357_0000_1605044555_113_received
b527_78c5_0000_1605044557_114_received
50fe_78c5_0000_1605044558_114_received
cd01_50fe_0000_1605044560_115_received
a569_cd01_0000_1605044561_116_received
1662_a569_0000_1605044564_117_received
02b1_a569_0000_1605044565_117_received
cf8d_1662_0000_1605044567_118_generated
1ff4_1662_0000_1605044568_118_received
cf70_1662_0000_1605044569_118_received
7f68_cf8d_0000_1605044572_119_received
80e6_1ff4_0000_1605044574_119_received
6ee7_7f68_0000_1605044577_120_generated
58fc_7f68_0000_1605044576_120_received
0b37_7f68_0000_1605044578_120_received
dffd_6ee7_0000_1605044582_121_received
62b4_58fc_0000_1605044580_121_received
f73c_dffd_0000_1605044583_122_received
5df6_62b4_0000_1605044583_122_received
9bce_0b37_0000_1605044583_121_received
a0a5_9bce_0000_1605044584_122_received
5c1e_5df6_0000_1605044592_123_received
e14d_f73c_0000_1605044593_123_received
0f84_5c1e_0000_1605044595_124_received
37b1_5c1e_0000_1605044596_124_received
dc97_0f84_0000_1605044600_125_received
a28b_dc97_0000_1605044604_126_received
d55f_dc97_0000_1605044605_126_received
badf_d55f_0000_1605044607_127_received
039f_badf_0000_1605044608_128_received
e9e5_039f_0000_1605044608_129_received
7066_e9e5_0000_1605044614_130_received
e1e9_7066_0000_1605044617_131_received
3021_7066_0000_1605044616_131_received
1922_3021_0000_1605044619_132_received
dbbf_1922_0000_1605044623_133_received
2976_1922_0000_1605044622_133_received
2862_1922_0000_1605044624_133_received
4804_dbbf_0000_1605044632_134_received
f2ef_4804_0000_1605044634_135_received
8b9b_2862_0000_1605044634_134_received
c9c9_2976_0000_1605044634_134_received
433d_c9c9_0000_1605044634_135_received
b69a_f2ef_0000_1605044638_136_received
b62e_f2ef_0000_1605044637_136_received
af8e_f2ef_0000_1605044639_136_received
1711_b69a_0000_1605044641_137_received
1773_b69a_0000_1605044644_137_received
d7ab_1711_0000_1605044645_138_received
9956_1773_0000_1605044646_138_received
72a4_1711_0000_1605044646_138_received
1492_9956_0000_1605044651_139_received
001a_72a4_0000_1605044651_139_received
232a_001a_0000_1605044652_140_received
08c2_232a_0000_1605044657_141_received
dc40_08c2_0000_1605044659_142_received
4f61_08c2_0000_1605044660_142_received
cac6_08c2_0000_1605044662_142_received
3040_08c2_0000_1605044661_142_received
8374_3040_0000_1605044662_143_received
5207_4f61_0000_1605044667_143_received
3726_8374_0000_1605044667_144_received
7333_3726_0000_1605044672_145_generated
e74e_3726_0000_1605044667_145_received
166d_8374_0000_1605044668_144_received
10bf_e74e_0000_1605044672_146_received
3c73_e74e_0000_1605044671_146_received
092f_10bf_0000_1605044675_147_received
3ad3_3c73_0000_1605044675_147_received
7064_3c73_0000_1605044676_147_received
4ce1_092f_0000_1605044681_148_received
a4e6_3ad3_0000_1605044682_148_received
8f3e_7064_0000_1605044681_148_received
92a6_4ce1_0000_1605044685_149_received
9584_a4e6_0000_1605044686_149_received
eda5_8f3e_0000_1605044686_149_received
8f69_9584_0000_1605044689_150_received
a714_92a6_0000_1605044690_150_received
5484_8f69_0000_1605044693_151_received
a7f6_5484_0000_1605044697_152_generated
082d_5484_0000_1605044693_152_received
b879_8f69_0000_1605044696_151_received
0dc2_082d_0000_1605044697_153_received
f425_0dc2_0000_1605044698_154_received
98fa_f425_0000_1605044700_155_received
feda_98fa_0000_1605044704_156_received
3225_98fa_0000_1605044705_156_received
aeb7_98fa_0000_1605044706_156_received
1af3_aeb7_0000_1605044709_157_received
6c67_1af3_0000_1605044711_158_received
51e8_1af3_0000_1605044712_158_received
33ae_6c67_0000_1605044714_159_received
95dc_6c67_0000_1605044713_159_received
476f_6c67_0000_1605044715_159_received
31db_6c67_0000_1605044716_159_received
88e1_33ae_0000_1605044719_160_received
241e_88e1_0000_1605044724_161_generated
5112_88e1_0000_1605044722_161_received
7524_5112_0000_1605044723_162_received
1ec1_7524_0000_1605044724_163_received
47e9_1ec1_0000_1605044730_164_generated
7ab8_1ec1_0000_1605044728_164_received
976b_47e9_0000_1605044736_165_generated
15b3_7ab8_0000_1605044734_165_received
a4b9_976b_0000_1605044738_166_generated
eb0e_15b3_0000_1605044737_166_received
8796_a4b9_0000_1605044743_167_generated
9166_eb0e_0000_1605044742_167_received
3531_eb0e_0000_1605044740_167_received
b604_3531_0000_1605044748_168_received
6d54_9166_0000_1605044749_168_received
fd71_b604_0000_1605044751_169_received
89ba_fd71_0000_1605044756_170_received
6b17_89ba_0000_1605044761_171_received
e9bc_6b17_0000_1605044761_172_received
8cf2_e9bc_0000_1605044770_173_received
2182_8cf2_0000_1605044770_174_received
3e4b_2182_0000_1605044772_175_received
4784_3e4b_0000_1605044779_176_generated
b9a9_8cf2_0000_1605044772_174_received
dfc4_3e4b_0000_1605044775_176_received
1c31_dfc4_0000_1605044781_177_received
5b89_dfc4_0000_1605044782_177_received
aced_dfc4_0000_1605044780_177_received
0cc1_1c31_0000_1605044788_178_received
aa66_aced_0000_1605044787_178_received
ef9c_0cc1_0000_1605044794_179_generated
2980_aa66_0000_1605044792_179_received
7ced_0cc1_0000_1605044795_179_received
2bb9_2980_0000_1605044793_180_received
ca0a_2bb9_0000_1605044793_181_received
d69f_ca0a_0000_1605044803_182_received
0ef8_d69f_0000_1605044804_183_received
dfb4_0ef8_0000_1605044810_184_generated
788a_0ef8_0000_1605044809_184_received
0502_788a_0000_1605044810_185_received
a516_dfb4_0000_1605044814_185_received
0faf_dfb4_0000_1605044815_185_received
f728_0502_0000_1605044819_186_received
5a56_a516_0000_1605044821_186_received
276a_5a56_0000_1605044824_187_received
1dd6_f728_0000_1605044824_187_received
bfdf_276a_0000_1605044831_188_generated
5425_276a_0000_1605044829_188_received
c0cd_276a_0000_1605044830_188_received
6f6c_1dd6_0000_1605044831_188_received
dbcc_6f6c_0000_1605044835_189_received
e6c5_dbcc_0000_1605044836_190_received
b203_e6c5_0000_1605044846_191_generated
30e4_e6c5_0000_1605044842_191_received
01b6_c0cd_0000_1605044841_189_received
9d4e_30e4_0000_1605044843_192_received
4c88_9d4e_0000_1605044844_193_received
346d_5425_0000_1605044841_189_received
14cd_4c88_0000_1605044852_194_received
7117_14cd_0000_1605044856_195_received
9815_14cd_0000_1605044857_195_received
ebb7_7117_0000_1605044860_196_received
326b_9815_0000_1605044860_196_received
de1c_326b_0000_1605044862_197_received
8ec9_de1c_0000_1605044864_198_received
3867_ebb7_0000_1605044865_197_received
cb3f_8ec9_0000_1605044870_199_received
e7ca_8ec9_0000_1605044872_199_received
2e05_cb3f_0000_1605044876_200_received
8a48_cb3f_0000_1605044879_200_received
498c_2e05_0000_1605044881_201_received
6a87_2e05_0000_1605044882_201_received
ae67_498c_0000_1605044887_202_received
2cda_498c_0000_1605044886_202_received
4ac9_6a87_0000_1605044890_202_received
a613_498c_0000_1605044891_202_received
05fd_2cda_0000_1605044895_203_received
1ebd_2cda_0000_1605044896_203_received
6060_a613_0000_1605044899_203_received
205e_6060_0000_1605044904_204_received
df36_205e_0000_1605044911_205_received
cc00_df36_0000_1605044919_206_generated
c2e0_df36_0000_1605044917_206_received
f96f_df36_0000_1605044915_206_received
426a_df36_0000_1605044918_206_received
e581_f96f_0000_1605044917_207_received
ca4a_e581_0000_1605044918_208_received
f01a_ca4a_0000_1605044920_209_received
870c_f01a_0000_1605044926_210_received
fd7f_870c_0000_1605044933_211_received
efe2_870c_0000_1605044932_211_received
cffb_efe2_0000_1605044936_212_received
34f0_fd7f_0000_1605044942_212_received
a6f6_cffb_0000_1605044945_213_received
83d7_cffb_0000_1605044942_213_received
17ad_83d7_0000_1605044943_214_received
c92b_17ad_0000_1605044945_215_received
5be4_c92b_0000_1605044946_216_received
769c_5be4_0000_1605044954_217_received
e99d_a6f6_0000_1605044952_214_received
bb74_769c_0000_1605044961_218_received
781f_bb74_0000_1605044967_219_generated
df11_769c_0000_1605044963_218_received
5b72_df11_0000_1605044963_219_received
4f99_5b72_0000_1605044968_220_received
542f_4f99_0000_1605044973_221_received
3d0d_781f_0000_1605044970_220_received
9e18_542f_0000_1605044982_222_generated
be43_4f99_0000_1605044977_221_received
2b2c_542f_0000_1605044979_222_received
57ef_2b2c_0000_1605044984_223_received
b521_2b2c_0000_1605044980_223_received
5bd6_57ef_0000_1605044992_224_received
6de7_b521_0000_1605044996_224_received
e7bf_b521_0000_1605044994_224_received
32a6_5bd6_0000_1605044998_225_received
53f0_b521_0000_1605044995_224_received
2ca5_e7bf_0000_1605044998_225_received
502f_32a6_0000_1605045006_226_received
b1f8_2ca5_0000_1605045006_226_received
2ac3_b1f8_0000_1605045010_227_received
7e2e_53f0_0000_1605045001_225_received
b9b2_2ac3_0000_1605045018_228_generated
46db_2ac3_0000_1605045017_228_received
8e25_46db_0000_1605045018_229_received
ef7c_8e25_0000_1605045021_230_received
c4cc_8e25_0000_1605045025_230_received
677b_8e25_0000_1605045026_230_received
1a0b_ef7c_0000_1605045027_231_received
dc16_1a0b_0000_1605045035_232_generated
