d83c_9e1c_0000_1607420592_1_received
0594_d83c_0000_1607420594_2_generated
d7e9_0594_0000_1607420595_3_generated
789c_d7e9_0000_1607420597_4_generated
f8be_789c_0000_1607420597_5_generated
aa62_f8be_0000_1607420599_6_received
ed46_aa62_0000_1607420600_7_received
4578_ed46_0000_1607420602_8_received
1a61_4578_0000_1607420603_9_generated
a4e2_1a61_0000_1607420604_10_generated
3468_a4e2_0000_1607420607_11_received
74d5_3468_0000_1607420609_12_received
0394_74d5_0000_1607420611_13_received
51cc_0394_0000_1607420615_14_received
edab_0394_0000_1607420614_14_received
ae38_51cc_0000_1607420617_15_received
f83c_ae38_0000_1607420620_16_generated
33e7_f83c_0000_1607420623_17_generated
b6bb_33e7_0000_1607420635_18_received
35d9_b6bb_0000_1607420642_19_generated
1bb1_35d9_0000_1607420644_20_received
1216_1bb1_0000_1607420647_21_generated
cae5_1216_0000_1607420653_22_received
dec8_cae5_0000_1607420661_23_generated
6b84_cae5_0000_1607420662_23_received
f679_dec8_0000_1607420664_24_received
5a1f_f679_0000_1607420667_25_received
9729_5a1f_0000_1607420668_26_generated
ef74_9729_0000_1607420673_27_generated
ceb6_ef74_0000_1607420676_28_generated
e9e9_ceb6_0000_1607420681_29_received
4ff9_e9e9_0000_1607420685_30_generated
047c_4ff9_0000_1607420691_31_generated
4f2a_047c_0000_1607420694_32_received
2384_4f2a_0000_1607420694_33_received
3baf_2384_0000_1607420697_34_generated
0a1f_3baf_0000_1607420698_35_generated
92d9_0a1f_0000_1607420701_36_received
e382_92d9_0000_1607420708_37_generated
e0cb_e382_0000_1607420709_38_received
9e67_e0cb_0000_1607420715_39_generated
1bba_9e67_0000_1607420718_40_generated
c46e_1bba_0000_1607420720_41_generated
b4c7_c46e_0000_1607420722_42_received
be0c_b4c7_0000_1607420724_43_generated
d960_be0c_0000_1607420729_44_generated
582f_d960_0000_1607420733_45_received
e5af_582f_0000_1607420735_46_received
5d29_e5af_0000_1607420739_47_received
c8b0_5d29_0000_1607420740_48_generated
1c78_c8b0_0000_1607420741_49_generated
a636_5d29_0000_1607420741_48_received
2e76_1c78_0000_1607420746_50_generated
d7f1_2e76_0000_1607420751_51_generated
d2a2_d7f1_0000_1607420753_52_received
61f7_d2a2_0000_1607420757_53_received
d545_61f7_0000_1607420758_54_generated
2e33_d545_0000_1607420758_55_generated
add8_2e33_0000_1607420758_56_generated
4107_add8_0000_1607420759_57_received
71f5_4107_0000_1607420767_58_received
1636_71f5_0000_1607420770_59_generated
a93b_71f5_0000_1607420769_59_received
d3c4_a93b_0000_1607420770_60_received
bd72_d3c4_0000_1607420773_61_generated
0d1d_bd72_0000_1607420779_62_received
5f53_0d1d_0000_1607420781_63_generated
1213_5f53_0000_1607420784_64_generated
49ec_1213_0000_1607420787_65_received
ed08_49ec_0000_1607420789_66_received
1953_ed08_0000_1607420791_67_generated
306b_1953_0000_1607420793_68_generated
b32a_306b_0000_1607420793_69_generated
46cd_b32a_0000_1607420799_70_received
5d16_46cd_0000_1607420801_71_received
58cc_5d16_0000_1607420804_72_generated
0078_58cc_0000_1607420806_73_generated
e877_0078_0000_1607420808_74_generated
a3a8_e877_0000_1607420809_75_generated
b4fd_a3a8_0000_1607420812_76_generated
2209_a3a8_0000_1607420813_76_received
f228_b4fd_0000_1607420815_77_received
61a4_f228_0000_1607420818_78_received
90d0_61a4_0000_1607420825_79_received
b90b_90d0_0000_1607420831_80_received
a303_b90b_0000_1607420835_81_generated
cf82_a303_0000_1607420839_82_received
e1fd_cf82_0000_1607420841_83_generated
4d2d_cf82_0000_1607420842_83_received
5290_4d2d_0000_1607420843_84_received
5c2a_5290_0000_1607420849_85_received
6c92_5c2a_0000_1607420865_86_generated
64f6_6c92_0000_1607420866_87_generated
87c0_64f6_0000_1607420867_88_generated
6f1c_87c0_0000_1607420869_89_received
43fa_6f1c_0000_1607420872_90_generated
d2d8_43fa_0000_1607420874_91_generated
f577_6f1c_0000_1607420873_90_received
cf35_d2d8_0000_1607420876_92_generated
c33a_cf35_0000_1607420891_93_generated
a4dc_c33a_0000_1607420892_94_received
b06c_a4dc_0000_1607420895_95_received
1fcf_b06c_0000_1607420900_96_received
d55d_1fcf_0000_1607420902_97_generated
b5db_d55d_0000_1607420902_98_generated
5213_b5db_0000_1607420905_99_received
ab19_5213_0000_1607420909_100_received
5325_ab19_0000_1607420913_101_received
69bb_5325_0000_1607420916_102_generated
3cfb_69bb_0000_1607420928_103_generated
6556_69bb_0000_1607420927_103_received
c562_3cfb_0000_1607420929_104_generated
c7c5_c562_0000_1607420940_105_generated
e887_c7c5_0000_1607420940_106_received
14af_e887_0000_1607420944_107_generated
7065_14af_0000_1607420947_108_received
5545_7065_0000_1607420949_109_received
00f4_5545_0000_1607420952_110_received
d6b3_00f4_0000_1607420955_111_received
9e98_d6b3_0000_1607420956_112_received
94cb_9e98_0000_1607420959_113_received
e690_94cb_0000_1607420966_114_generated
4695_e690_0000_1607420967_115_generated
b70c_4695_0000_1607420973_116_received
198c_b70c_0000_1607420978_117_generated
328d_198c_0000_1607420982_118_received
cbdb_198c_0000_1607420983_118_received
8bb9_328d_0000_1607420984_119_received
6d49_8bb9_0000_1607420991_120_generated
516d_6d49_0000_1607420991_121_generated
1693_8bb9_0000_1607420990_120_received
0d5c_516d_0000_1607420992_122_generated
ba77_0d5c_0000_1607420997_123_received
5051_ba77_0000_1607420999_124_generated
6fdc_ba77_0000_1607420998_124_received
13e9_6fdc_0000_1607420999_125_received
d4fe_13e9_0000_1607421002_126_received
ce3f_d4fe_0000_1607421002_127_received
d169_ce3f_0000_1607421004_128_generated
f948_ce3f_0000_1607421003_128_received
d738_d169_0000_1607421007_129_generated
49e7_f948_0000_1607421007_129_received
2604_49e7_0000_1607421010_130_received
6899_2604_0000_1607421015_131_generated
4708_6899_0000_1607421019_132_generated
eaa2_6899_0000_1607421018_132_received
d663_4708_0000_1607421024_133_generated
be1b_eaa2_0000_1607421024_133_received
b726_eaa2_0000_1607421023_133_received
f928_d663_0000_1607421030_134_generated
e22b_b726_0000_1607421031_134_received
ad79_e22b_0000_1607421042_135_received
fbb3_ad79_0000_1607421047_136_received
4755_fbb3_0000_1607421050_137_generated
2291_fbb3_0000_1607421051_137_received
73de_4755_0000_1607421053_138_received
5c18_73de_0000_1607421055_139_generated
50ee_2291_0000_1607421053_138_received
e6d2_73de_0000_1607421054_139_received
2d93_5c18_0000_1607421056_140_generated
6a41_2d93_0000_1607421058_141_generated
3894_6a41_0000_1607421061_142_generated
4077_3894_0000_1607421061_143_generated
6b20_4077_0000_1607421062_144_generated
f807_6b20_0000_1607421066_145_received
3816_f807_0000_1607421066_146_received
a5f8_3816_0000_1607421068_147_generated
21ac_a5f8_0000_1607421068_148_generated
5cb9_6b20_0000_1607421067_145_received
32ac_21ac_0000_1607421071_149_received
ce80_32ac_0000_1607421074_150_generated
a0a8_ce80_0000_1607421075_151_generated
9acb_a0a8_0000_1607421076_152_generated
b8a9_32ac_0000_1607421075_150_received
1b3c_a0a8_0000_1607421077_152_received
cc76_9acb_0000_1607421081_153_generated
b4b0_cc76_0000_1607421087_154_received
44e3_b4b0_0000_1607421092_155_generated
a911_b4b0_0000_1607421093_155_received
f03e_44e3_0000_1607421097_156_generated
8e6d_a911_0000_1607421095_156_received
8843_f03e_0000_1607421099_157_generated
5d38_8843_0000_1607421101_158_generated
2089_5d38_0000_1607421110_159_received
ab22_2089_0000_1607421114_160_generated
03ed_ab22_0000_1607421114_161_generated
8ad6_03ed_0000_1607421117_162_received
4467_ab22_0000_1607421116_161_received
d52a_8ad6_0000_1607421121_163_generated
8075_d52a_0000_1607421122_164_generated
ebf3_8075_0000_1607421123_165_received
29ef_ebf3_0000_1607421127_166_received
02c9_29ef_0000_1607421133_167_generated
5a4d_02c9_0000_1607421135_168_received
c351_5a4d_0000_1607421138_169_generated
ded9_c351_0000_1607421142_170_generated
f960_ded9_0000_1607421144_171_received
82e1_f960_0000_1607421148_172_received
c8fb_82e1_0000_1607421153_173_generated
38d4_c8fb_0000_1607421157_174_received
e9ba_38d4_0000_1607421158_175_generated
953a_e9ba_0000_1607421159_176_generated
5ee7_953a_0000_1607421167_177_generated
1cfa_953a_0000_1607421166_177_received
4799_5ee7_0000_1607421169_178_generated
460d_4799_0000_1607421170_179_generated
a59c_460d_0000_1607421171_180_generated
8e0c_a59c_0000_1607421172_181_generated
3948_a59c_0000_1607421173_181_received
cbeb_8e0c_0000_1607421176_182_generated
8d3f_cbeb_0000_1607421178_183_received
