6ec6_9e1c_0000_1607348062_1_generated
3744_6ec6_0000_1607348064_2_received
c46f_3744_0000_1607348065_3_received
a8e1_c46f_0000_1607348066_4_generated
f9b2_a8e1_0000_1607348070_5_received
1fde_f9b2_0000_1607348077_6_generated
0bf8_1fde_0000_1607348078_7_generated
36cd_0bf8_0000_1607348079_8_generated
e4aa_36cd_0000_1607348081_9_received
1aca_e4aa_0000_1607348085_10_generated
b6af_1aca_0000_1607348090_11_generated
74de_b6af_0000_1607348094_12_generated
f9ee_74de_0000_1607348097_13_received
c4e1_f9ee_0000_1607348099_14_generated
e402_c4e1_0000_1607348101_15_generated
9580_e402_0000_1607348111_16_received
bb6f_9580_0000_1607348113_17_generated
4aca_bb6f_0000_1607348116_18_generated
7a6c_4aca_0000_1607348120_19_generated
e546_7a6c_0000_1607348121_20_generated
d37a_7a6c_0000_1607348122_20_received
0cc6_e546_0000_1607348122_21_generated
8a4a_0cc6_0000_1607348124_22_received
6279_8a4a_0000_1607348126_23_received
dda0_6279_0000_1607348127_24_generated
395e_dda0_0000_1607348129_25_generated
055b_395e_0000_1607348131_26_received
3985_055b_0000_1607348132_27_generated
f53b_3985_0000_1607348134_28_generated
bfa5_f53b_0000_1607348144_29_generated
10bc_bfa5_0000_1607348146_30_received
3243_10bc_0000_1607348148_31_generated
9e49_3243_0000_1607348153_32_generated
f9ae_9e49_0000_1607348153_33_generated
8ef5_f9ae_0000_1607348156_34_received
656c_8ef5_0000_1607348158_35_generated
13e1_656c_0000_1607348159_36_received
9ce6_13e1_0000_1607348161_37_generated
5d14_9ce6_0000_1607348165_38_generated
28ef_5d14_0000_1607348167_39_generated
3246_28ef_0000_1607348169_40_received
1850_3246_0000_1607348169_41_received
b4bf_1850_0000_1607348171_42_generated
4d94_b4bf_0000_1607348178_43_received
7fa9_4d94_0000_1607348179_44_received
ec02_7fa9_0000_1607348179_45_generated
d0a7_ec02_0000_1607348180_46_received
6ff5_d0a7_0000_1607348181_47_received
5e02_6ff5_0000_1607348182_48_generated
5b6f_5e02_0000_1607348185_49_received
4ca3_5b6f_0000_1607348186_50_generated
8a52_4ca3_0000_1607348189_51_generated
646a_4ca3_0000_1607348190_51_received
d81d_8a52_0000_1607348193_52_generated
dbbd_d81d_0000_1607348200_53_received
5670_dbbd_0000_1607348201_54_generated
9eb5_5670_0000_1607348202_55_generated
042e_5670_0000_1607348203_55_received
5213_9eb5_0000_1607348207_56_generated
cdba_5213_0000_1607348212_57_received
6574_cdba_0000_1607348213_58_received
9cab_6574_0000_1607348213_59_received
126e_9cab_0000_1607348215_60_received
00b9_126e_0000_1607348216_61_generated
a920_00b9_0000_1607348228_62_generated
05ea_a920_0000_1607348229_63_received
1f2a_05ea_0000_1607348230_64_generated
759d_1f2a_0000_1607348233_65_generated
4305_759d_0000_1607348234_66_generated
f533_4305_0000_1607348236_67_received
46ba_f533_0000_1607348238_68_received
c298_46ba_0000_1607348241_69_received
3862_c298_0000_1607348243_70_generated
ec0c_3862_0000_1607348246_71_received
44ae_ec0c_0000_1607348250_72_generated
452e_44ae_0000_1607348254_73_received
f010_452e_0000_1607348259_74_generated
033f_f010_0000_1607348262_75_generated
037e_033f_0000_1607348262_76_generated
12af_037e_0000_1607348262_77_generated
a853_033f_0000_1607348263_76_received
4103_12af_0000_1607348271_78_generated
d0e9_4103_0000_1607348273_79_generated
f3fa_d0e9_0000_1607348274_80_received
8e58_f3fa_0000_1607348280_81_generated
5bb9_8e58_0000_1607348281_82_generated
8b35_5bb9_0000_1607348282_83_generated
c0ad_8b35_0000_1607348285_84_generated
a66e_c0ad_0000_1607348285_85_generated
525e_a66e_0000_1607348289_86_generated
919b_525e_0000_1607348292_87_generated
9b9a_919b_0000_1607348294_88_received
33c7_9b9a_0000_1607348296_89_generated
edc5_33c7_0000_1607348300_90_generated
54b0_edc5_0000_1607348301_91_generated
a34b_54b0_0000_1607348302_92_generated
928f_a34b_0000_1607348302_93_generated
ae94_928f_0000_1607348303_94_generated
e41a_ae94_0000_1607348304_95_generated
436d_e41a_0000_1607348311_96_generated
d42e_436d_0000_1607348312_97_generated
4870_d42e_0000_1607348315_98_generated
c850_4870_0000_1607348316_99_generated
2980_c850_0000_1607348320_100_generated
92e2_2980_0000_1607348321_101_received
7ea8_92e2_0000_1607348323_102_generated
f8c9_7ea8_0000_1607348327_103_generated
234e_f8c9_0000_1607348330_104_generated
855d_234e_0000_1607348335_105_generated
f2b2_855d_0000_1607348338_106_generated
a82b_f2b2_0000_1607348338_107_generated
2e89_a82b_0000_1607348340_108_received
c210_2e89_0000_1607348341_109_generated
6d59_c210_0000_1607348343_110_generated
37ec_6d59_0000_1607348345_111_generated
041c_37ec_0000_1607348346_112_generated
ac1f_041c_0000_1607348346_113_generated
fe35_ac1f_0000_1607348347_114_generated
c838_fe35_0000_1607348351_115_generated
a877_c838_0000_1607348353_116_generated
3f95_a877_0000_1607348355_117_generated
7510_3f95_0000_1607348358_118_received
9f5d_7510_0000_1607348359_119_generated
c277_9f5d_0000_1607348359_120_received
8d77_c277_0000_1607348362_121_generated
0768_8d77_0000_1607348366_122_generated
4035_0768_0000_1607348369_123_generated
178b_4035_0000_1607348369_124_generated
b9ee_178b_0000_1607348371_125_received
ec27_b9ee_0000_1607348374_126_generated
5307_ec27_0000_1607348376_127_generated
946a_5307_0000_1607348377_128_generated
93f3_946a_0000_1607348381_129_generated
6463_93f3_0000_1607348383_130_generated
8c3c_6463_0000_1607348386_131_generated
bd5b_8c3c_0000_1607348386_132_received
9e64_bd5b_0000_1607348390_133_generated
85fd_9e64_0000_1607348391_134_generated
9d54_85fd_0000_1607348394_135_generated
0afb_9d54_0000_1607348398_136_generated
60c6_0afb_0000_1607348402_137_generated
24ef_60c6_0000_1607348406_138_received
d432_24ef_0000_1607348407_139_generated
9377_d432_0000_1607348408_140_generated
f85b_9377_0000_1607348408_141_generated
5826_f85b_0000_1607348411_142_generated
caa8_5826_0000_1607348413_143_generated
b403_5826_0000_1607348412_143_received
7e4d_caa8_0000_1607348413_144_generated
a21c_7e4d_0000_1607348417_145_received
7a56_a21c_0000_1607348420_146_generated
62ce_7a56_0000_1607348421_147_received
a2ac_62ce_0000_1607348426_148_generated
9e32_a2ac_0000_1607348428_149_generated
7dca_9e32_0000_1607348428_150_generated
c35e_7dca_0000_1607348429_151_generated
e979_c35e_0000_1607348431_152_generated
d8a2_e979_0000_1607348433_153_generated
1c96_d8a2_0000_1607348434_154_received
b5a9_1c96_0000_1607348445_155_received
6189_b5a9_0000_1607348451_156_generated
250f_6189_0000_1607348454_157_generated
bd46_250f_0000_1607348456_158_received
a9cd_bd46_0000_1607348458_159_generated
ce25_a9cd_0000_1607348463_160_received
30fc_ce25_0000_1607348465_161_generated
e6e3_30fc_0000_1607348470_162_generated
ded5_e6e3_0000_1607348471_163_generated
d912_ded5_0000_1607348472_164_generated
1d81_d912_0000_1607348482_165_generated
1dab_1d81_0000_1607348484_166_generated
d14c_1dab_0000_1607348489_167_generated
587b_d14c_0000_1607348493_168_generated
98bc_587b_0000_1607348499_169_received
a3c4_98bc_0000_1607348502_170_generated
ceb3_a3c4_0000_1607348504_171_generated
21f8_ceb3_0000_1607348506_172_received
bc97_21f8_0000_1607348510_173_generated
4454_bc97_0000_1607348512_174_received
b65e_4454_0000_1607348515_175_generated
4f3c_b65e_0000_1607348517_176_received
fd4f_4f3c_0000_1607348519_177_generated
0629_fd4f_0000_1607348527_178_received
6946_0629_0000_1607348529_179_received
9ba5_6946_0000_1607348529_180_received
8dc1_9ba5_0000_1607348533_181_generated
dc15_8dc1_0000_1607348534_182_generated
517c_dc15_0000_1607348541_183_generated
0cde_517c_0000_1607348543_184_generated
87d2_0cde_0000_1607348547_185_generated
6f28_87d2_0000_1607348551_186_generated
6c23_6f28_0000_1607348551_187_generated
9184_87d2_0000_1607348552_186_received
2ee9_6c23_0000_1607348558_188_received
b84b_2ee9_0000_1607348559_189_received
8a4f_b84b_0000_1607348560_190_generated
4ea1_b84b_0000_1607348559_190_received
6538_8a4f_0000_1607348562_191_generated
e322_4ea1_0000_1607348562_191_received
251d_6538_0000_1607348562_192_generated
f7d0_251d_0000_1607348566_193_generated
c2ab_f7d0_0000_1607348568_194_generated
1151_c2ab_0000_1607348569_195_generated
e2a4_1151_0000_1607348571_196_generated
12f8_e2a4_0000_1607348576_197_generated
4128_12f8_0000_1607348579_198_received
9ec6_4128_0000_1607348579_199_received
9b9d_9ec6_0000_1607348581_200_received
14f5_9b9d_0000_1607348588_201_generated
fc8c_14f5_0000_1607348588_202_generated
1995_fc8c_0000_1607348590_203_received
f593_1995_0000_1607348591_204_generated
7ea4_f593_0000_1607348593_205_generated
e1e2_f593_0000_1607348592_205_received
1ddb_7ea4_0000_1607348595_206_generated
7d16_1ddb_0000_1607348597_207_generated
c6d4_7d16_0000_1607348598_208_generated
e67f_c6d4_0000_1607348599_209_generated
f002_e67f_0000_1607348609_210_generated
ad15_e67f_0000_1607348610_210_received
84f2_f002_0000_1607348610_211_generated
9238_84f2_0000_1607348613_212_received
0528_9238_0000_1607348616_213_generated
8d6e_9238_0000_1607348615_213_received
c8fa_8d6e_0000_1607348617_214_received
9c8f_c8fa_0000_1607348628_215_received
ac97_9c8f_0000_1607348633_216_generated
97e7_9c8f_0000_1607348632_216_received
ba4a_ac97_0000_1607348633_217_generated
a786_ba4a_0000_1607348640_218_generated
d8b2_a786_0000_1607348642_219_generated
fa0e_d8b2_0000_1607348642_220_generated
a233_fa0e_0000_1607348644_221_generated
d036_a233_0000_1607348648_222_received
993c_d036_0000_1607348650_223_generated
befb_993c_0000_1607348650_224_generated
f695_befb_0000_1607348655_225_generated
1b45_f695_0000_1607348655_226_generated
d39c_1b45_0000_1607348657_227_received
