9a1b_9e1c_0000_1607378302_1_received
7bf7_9a1b_0000_1607378308_2_received
a5a3_7bf7_0000_1607378312_3_received
7f3c_a5a3_0000_1607378316_4_received
c82d_7f3c_0000_1607378319_5_received
fe7f_c82d_0000_1607378321_6_received
76d8_fe7f_0000_1607378323_7_received
02a0_76d8_0000_1607378327_8_received
2d16_02a0_0000_1607378336_9_received
0946_2d16_0000_1607378337_10_generated
af2b_0946_0000_1607378340_11_received
1695_0946_0000_1607378341_11_received
db4e_af2b_0000_1607378346_12_received
dbc2_db4e_0000_1607378349_13_received
d342_dbc2_0000_1607378351_14_received
5d0c_d342_0000_1607378358_15_received
1906_5d0c_0000_1607378364_16_received
f813_1906_0000_1607378365_17_received
a4ce_f813_0000_1607378368_18_received
abb4_a4ce_0000_1607378396_19_received
e49c_abb4_0000_1607378397_20_received
bf1a_e49c_0000_1607378398_21_received
5de7_bf1a_0000_1607378403_22_generated
f2b8_5de7_0000_1607378409_23_received
d280_f2b8_0000_1607378416_24_received
c4cf_d280_0000_1607378418_25_generated
5b7a_d280_0000_1607378417_25_received
103d_5b7a_0000_1607378435_26_received
3b21_103d_0000_1607378436_27_received
f2ce_3b21_0000_1607378438_28_received
a4b1_f2ce_0000_1607378439_29_received
1537_a4b1_0000_1607378475_30_received
54a8_1537_0000_1607378476_31_received
2646_a4b1_0000_1607378476_30_received
0088_54a8_0000_1607378481_32_received
6a96_0088_0000_1607378486_33_received
61fb_6a96_0000_1607378492_34_received
a4ba_61fb_0000_1607378505_35_received
1392_a4ba_0000_1607378511_36_received
be49_1392_0000_1607378521_37_received
ff10_be49_0000_1607378525_38_received
2c47_ff10_0000_1607378526_39_received
519f_2c47_0000_1607378527_40_received
b1f0_519f_0000_1607378530_41_received
11ca_b1f0_0000_1607378533_42_received
2d58_11ca_0000_1607378535_43_received
5079_2d58_0000_1607378536_44_generated
be93_5079_0000_1607378539_45_received
edf7_be93_0000_1607378553_46_received
e201_edf7_0000_1607378556_47_received
ba9e_e201_0000_1607378564_48_received
1fc7_ba9e_0000_1607378569_49_received
f460_ba9e_0000_1607378568_49_received
51dd_f460_0000_1607378573_50_received
ccb9_51dd_0000_1607378580_51_generated
69df_ccb9_0000_1607378581_52_generated
5b64_51dd_0000_1607378581_51_received
3164_69df_0000_1607378584_53_generated
73dc_3164_0000_1607378593_54_received
3540_73dc_0000_1607378600_55_received
f281_3540_0000_1607378612_56_received
a0bd_f281_0000_1607378613_57_received
874a_a0bd_0000_1607378624_58_received
4e10_874a_0000_1607378634_59_generated
d57b_4e10_0000_1607378638_60_received
857b_d57b_0000_1607378640_61_received
e5d6_857b_0000_1607378641_62_received
53a0_e5d6_0000_1607378647_63_received
13d3_53a0_0000_1607378650_64_received
2c22_13d3_0000_1607378662_65_received
3b02_2c22_0000_1607378664_66_received
ae85_3b02_0000_1607378671_67_received
c8a5_ae85_0000_1607378680_68_received
81cf_c8a5_0000_1607378687_69_received
17f2_81cf_0000_1607378693_70_received
4818_17f2_0000_1607378705_71_received
4b02_4818_0000_1607378707_72_received
9ab6_4b02_0000_1607378713_73_received
84ff_9ab6_0000_1607378718_74_received
1719_84ff_0000_1607378723_75_received
9c1f_1719_0000_1607378724_76_received
8253_9c1f_0000_1607378734_77_received
3a55_8253_0000_1607378738_78_received
beb9_3a55_0000_1607378739_79_received
76e2_beb9_0000_1607378747_80_generated
30d9_76e2_0000_1607378748_81_received
e105_30d9_0000_1607378750_82_received
74ca_30d9_0000_1607378751_82_received
78ed_e105_0000_1607378762_83_received
1823_78ed_0000_1607378764_84_received
b816_1823_0000_1607378780_85_received
0353_b816_0000_1607378781_86_received
922b_0353_0000_1607378784_87_received
79b0_922b_0000_1607378788_88_received
b9fd_79b0_0000_1607378798_89_received
1742_b9fd_0000_1607378807_90_received
4b76_1742_0000_1607378808_91_received
c3fc_4b76_0000_1607378819_92_received
3fdc_c3fc_0000_1607378828_93_received
5295_3fdc_0000_1607378830_94_received
c064_5295_0000_1607378838_95_received
456e_c064_0000_1607378839_96_received
b118_456e_0000_1607378843_97_received
5430_b118_0000_1607378844_98_received
0c4a_5430_0000_1607378847_99_received
ad44_0c4a_0000_1607378853_100_received
e08e_ad44_0000_1607378860_101_received
4ee2_e08e_0000_1607378863_102_received
fb16_4ee2_0000_1607378867_103_received
90b4_fb16_0000_1607378868_104_received
6b46_90b4_0000_1607378870_105_received
a595_6b46_0000_1607378872_106_received
13f8_a595_0000_1607378874_107_generated
0a05_13f8_0000_1607378877_108_received
686c_0a05_0000_1607378889_109_received
15ea_686c_0000_1607378893_110_received
ec99_15ea_0000_1607378897_111_received
256f_ec99_0000_1607378900_112_received
78e4_256f_0000_1607378903_113_received
7ca4_256f_0000_1607378902_113_received
8cb3_7ca4_0000_1607378905_114_received
5acd_8cb3_0000_1607378905_115_received
40db_5acd_0000_1607378913_116_received
f55b_40db_0000_1607378914_117_received
b0a8_f55b_0000_1607378916_118_received
014a_b0a8_0000_1607378921_119_received
26b0_014a_0000_1607378927_120_generated
47e9_014a_0000_1607378926_120_received
4ef0_26b0_0000_1607378935_121_received
97a8_4ef0_0000_1607378938_122_generated
ebb8_4ef0_0000_1607378937_122_received
bd86_97a8_0000_1607378943_123_received
6ebc_bd86_0000_1607378962_124_received
e043_6ebc_0000_1607378965_125_received
ef0a_e043_0000_1607378977_126_received
cfe6_ef0a_0000_1607378997_127_received
8b14_cfe6_0000_1607378999_128_received
84c2_8b14_0000_1607379006_129_received
a347_84c2_0000_1607379008_130_received
dece_a347_0000_1607379010_131_received
6dc7_dece_0000_1607379012_132_received
2495_6dc7_0000_1607379015_133_received
f458_2495_0000_1607379031_134_generated
8022_f458_0000_1607379033_135_received
9d5b_8022_0000_1607379034_136_received
9c7b_9d5b_0000_1607379041_137_received
ab7a_9c7b_0000_1607379050_138_received
1c09_ab7a_0000_1607379052_139_received
1439_1c09_0000_1607379068_140_received
279c_1439_0000_1607379081_141_received
d353_279c_0000_1607379082_142_received
60b9_d353_0000_1607379085_143_received
d0f5_d353_0000_1607379086_143_received
f35b_60b9_0000_1607379106_144_generated
f97e_f35b_0000_1607379114_145_received
d2fb_f97e_0000_1607379119_146_received
243d_d2fb_0000_1607379121_147_generated
3b3d_243d_0000_1607379123_148_received
2862_3b3d_0000_1607379125_149_received
af16_2862_0000_1607379127_150_generated
c5b6_2862_0000_1607379126_150_received
1a60_af16_0000_1607379132_151_generated
947a_1a60_0000_1607379136_152_received
08b5_947a_0000_1607379139_153_received
05ba_08b5_0000_1607379142_154_received
b25e_05ba_0000_1607379147_155_generated
67ae_b25e_0000_1607379157_156_received
7ff2_67ae_0000_1607379168_157_received
bc81_7ff2_0000_1607379169_158_received
6336_bc81_0000_1607379183_159_received
5461_6336_0000_1607379184_160_received
d2a5_5461_0000_1607379190_161_received
8c6e_d2a5_0000_1607379192_162_received
6cd4_8c6e_0000_1607379193_163_received
71b9_6cd4_0000_1607379196_164_received
2571_71b9_0000_1607379203_165_received
2c91_2571_0000_1607379204_166_received
8326_2c91_0000_1607379207_167_received
50db_2c91_0000_1607379209_167_received
b446_8326_0000_1607379209_168_received
cf6d_b446_0000_1607379211_169_received
8e62_cf6d_0000_1607379221_170_received
b68d_8e62_0000_1607379222_171_received
e377_b68d_0000_1607379224_172_received
18eb_e377_0000_1607379237_173_received
4a6d_18eb_0000_1607379241_174_received
5e55_4a6d_0000_1607379248_175_received
1e43_5e55_0000_1607379248_176_received
5060_1e43_0000_1607379250_177_received
1441_5060_0000_1607379254_178_received
5459_1441_0000_1607379256_179_generated
f3ca_5459_0000_1607379259_180_received
49ae_f3ca_0000_1607379269_181_received
ce99_49ae_0000_1607379270_182_received
dbed_ce99_0000_1607379272_183_received
b3fb_dbed_0000_1607379275_184_received
bfe3_b3fb_0000_1607379276_185_received
0715_bfe3_0000_1607379278_186_received
4166_0715_0000_1607379282_187_received
293b_4166_0000_1607379284_188_received
6a97_293b_0000_1607379287_189_received
26f0_6a97_0000_1607379289_190_received
5adc_26f0_0000_1607379291_191_received
14e8_5adc_0000_1607379294_192_generated
0e6b_5adc_0000_1607379293_192_received
fb1a_0e6b_0000_1607379296_193_received
dcd3_5adc_0000_1607379295_192_received
8dac_fb1a_0000_1607379300_194_received
6b6e_8dac_0000_1607379305_195_received
bf56_6b6e_0000_1607379311_196_received
6736_bf56_0000_1607379321_197_received
c291_6736_0000_1607379330_198_received
9a73_c291_0000_1607379336_199_received
06a6_9a73_0000_1607379337_200_received
27ed_9a73_0000_1607379338_200_received
3485_06a6_0000_1607379340_201_received
ec9e_3485_0000_1607379342_202_received
abef_3485_0000_1607379344_202_received
4db3_ec9e_0000_1607379346_203_received
437a_4db3_0000_1607379357_204_received
0e35_437a_0000_1607379366_205_received
b49d_0e35_0000_1607379371_206_received
04cc_b49d_0000_1607379373_207_received
5d3e_04cc_0000_1607379377_208_received
a92f_5d3e_0000_1607379390_209_received
b410_a92f_0000_1607379399_210_received
57d2_b410_0000_1607379405_211_generated
e336_57d2_0000_1607379409_212_received
407c_57d2_0000_1607379411_212_received
e1c4_e336_0000_1607379412_213_received
0121_e1c4_0000_1607379423_214_received
3089_0121_0000_1607379434_215_received
7308_3089_0000_1607379436_216_generated
48b6_7308_0000_1607379441_217_received
1372_7308_0000_1607379442_217_received
cca6_48b6_0000_1607379447_218_received
035b_cca6_0000_1607379450_219_received
2e8d_cca6_0000_1607379451_219_received
09f9_2e8d_0000_1607379453_220_received
9518_09f9_0000_1607379456_221_received
0fc1_9518_0000_1607379463_222_received
be92_0fc1_0000_1607379470_223_received
902b_be92_0000_1607379477_224_received
ff6e_902b_0000_1607379479_225_received
