7c67_9e1c_0000_1605071055_1_received
573a_7c67_0000_1605071061_2_received
847e_573a_0000_1605071067_3_generated
b25c_847e_0000_1605071077_4_received
9352_b25c_0000_1605071083_5_generated
ffe4_b25c_0000_1605071084_5_received
d2bb_9352_0000_1605071086_6_generated
ea8a_d2bb_0000_1605071101_7_received
779c_ea8a_0000_1605071103_8_received
002c_779c_0000_1605071105_9_received
50dc_002c_0000_1605071107_10_generated
f226_50dc_0000_1605071111_11_generated
4df3_f226_0000_1605071125_12_received
2147_4df3_0000_1605071136_13_generated
1f36_2147_0000_1605071145_14_generated
a4b6_1f36_0000_1605071156_15_received
d64b_a4b6_0000_1605071178_16_received
8fce_d64b_0000_1605071182_17_generated
33cd_8fce_0000_1605071195_18_generated
58b9_33cd_0000_1605071211_19_generated
93a4_58b9_0000_1605071228_20_received
a741_93a4_0000_1605071233_21_generated
e108_a741_0000_1605071245_22_received
cdce_e108_0000_1605071246_23_received
4fc7_cdce_0000_1605071290_24_generated
5a8e_4fc7_0000_1605071299_25_received
5827_5a8e_0000_1605071304_26_received
dc0c_5827_0000_1605071331_27_received
28ed_dc0c_0000_1605071331_28_received
78ed_28ed_0000_1605071335_29_received
aa3c_78ed_0000_1605071343_30_received
8ccc_aa3c_0000_1605071350_31_generated
5a39_8ccc_0000_1605071357_32_generated
e239_5a39_0000_1605071369_33_received
45a7_e239_0000_1605071390_34_received
3e5d_45a7_0000_1605071396_35_generated
a81b_3e5d_0000_1605071407_36_received
4a55_a81b_0000_1605071416_37_generated
bdca_4a55_0000_1605071421_38_received
1298_bdca_0000_1605071422_39_generated
7122_1298_0000_1605071433_40_received
a4f0_7122_0000_1605071447_41_generated
75f4_a4f0_0000_1605071456_42_received
30a0_75f4_0000_1605071471_43_received
a12c_30a0_0000_1605071472_44_received
870f_a12c_0000_1605071490_45_generated
8b87_870f_0000_1605071492_46_received
2932_8b87_0000_1605071494_47_received
fd6f_2932_0000_1605071500_48_received
48b8_fd6f_0000_1605071518_49_generated
301c_48b8_0000_1605071526_50_received
8b96_301c_0000_1605071535_51_generated
8a20_8b96_0000_1605071541_52_generated
c7ed_8a20_0000_1605071552_53_received
4997_c7ed_0000_1605071557_54_received
fef4_4997_0000_1605071583_55_received
0318_fef4_0000_1605071586_56_generated
4829_0318_0000_1605071589_57_generated
a3f7_4829_0000_1605071592_58_received
a83d_a3f7_0000_1605071617_59_received
17ea_a83d_0000_1605071621_60_received
7987_17ea_0000_1605071633_61_generated
437a_7987_0000_1605071647_62_received
3592_437a_0000_1605071649_63_generated
8427_3592_0000_1605071657_64_received
038c_8427_0000_1605071679_65_received
79ff_038c_0000_1605071686_66_generated
c889_79ff_0000_1605071692_67_received
ab6c_c889_0000_1605071704_68_received
5fb7_ab6c_0000_1605071708_69_received
aa77_5fb7_0000_1605071725_70_received
b286_aa77_0000_1605071732_71_generated
b885_b286_0000_1605071756_72_received
