0122_9e1c_0000_1605034882_1_generated
b055_0122_0000_1605034884_2_generated
f283_b055_0000_1605034901_3_received
2d4b_f283_0000_1605034912_4_received
c473_2d4b_0000_1605034914_5_generated
cc60_c473_0000_1605034919_6_generated
f83d_cc60_0000_1605034921_7_received
4c0a_f83d_0000_1605034924_8_generated
12f9_4c0a_0000_1605034927_9_generated
0cbe_12f9_0000_1605034930_10_generated
5d08_12f9_0000_1605034931_10_received
93e5_0cbe_0000_1605034940_11_generated
7ec1_93e5_0000_1605034948_12_generated
418c_7ec1_0000_1605034950_13_received
9c13_418c_0000_1605034951_14_received
4e7e_9c13_0000_1605034963_15_received
dcea_4e7e_0000_1605034965_16_generated
015e_dcea_0000_1605034984_17_received
afce_015e_0000_1605034991_18_generated
f900_afce_0000_1605035005_19_received
4de2_f900_0000_1605035011_20_received
bb1c_4de2_0000_1605035021_21_received
cb75_bb1c_0000_1605035029_22_generated
1045_cb75_0000_1605035032_23_received
3044_1045_0000_1605035042_24_received
c9c0_3044_0000_1605035045_25_generated
9587_c9c0_0000_1605035071_26_received
a74b_9587_0000_1605035073_27_received
5e33_a74b_0000_1605035074_28_received
720b_5e33_0000_1605035077_29_generated
2e82_720b_0000_1605035080_30_received
c010_2e82_0000_1605035083_31_received
2420_c010_0000_1605035087_32_generated
0aea_2420_0000_1605035121_33_received
9e64_0aea_0000_1605035124_34_received
e76c_9e64_0000_1605035126_35_received
e3b4_e76c_0000_1605035128_36_received
ad8a_e3b4_0000_1605035130_37_received
e374_e3b4_0000_1605035131_37_received
bf36_ad8a_0000_1605035152_38_generated
8789_bf36_0000_1605035156_39_received
4b9d_8789_0000_1605035161_40_received
aa4b_4b9d_0000_1605035168_41_generated
afa8_aa4b_0000_1605035173_42_generated
46b1_afa8_0000_1605035175_43_generated
c44f_46b1_0000_1605035179_44_generated
fca3_c44f_0000_1605035179_45_generated
2e40_fca3_0000_1605035184_46_received
2564_2e40_0000_1605035192_47_received
3009_2564_0000_1605035200_48_generated
084b_3009_0000_1605035205_49_received
6cde_084b_0000_1605035207_50_received
6514_6cde_0000_1605035212_51_received
f260_6514_0000_1605035215_52_generated
a973_f260_0000_1605035216_53_generated
795f_a973_0000_1605035226_54_generated
b52d_795f_0000_1605035229_55_generated
a745_b52d_0000_1605035231_56_received
c286_a745_0000_1605035237_57_received
dd5f_c286_0000_1605035242_58_generated
46e4_dd5f_0000_1605035244_59_received
6eec_46e4_0000_1605035248_60_generated
c752_46e4_0000_1605035249_60_received
e6a7_6eec_0000_1605035251_61_generated
b402_e6a7_0000_1605035253_62_received
ede5_b402_0000_1605035257_63_generated
0693_ede5_0000_1605035264_64_generated
6c42_0693_0000_1605035266_65_generated
47dc_6c42_0000_1605035275_66_generated
f5e2_47dc_0000_1605035293_67_generated
1ebf_f5e2_0000_1605035295_68_received
fb68_1ebf_0000_1605035295_69_received
3171_fb68_0000_1605035297_70_generated
5afc_3171_0000_1605035297_71_generated
bfd7_5afc_0000_1605035301_72_generated
011a_bfd7_0000_1605035302_73_generated
58d7_011a_0000_1605035322_74_generated
9f2a_58d7_0000_1605035324_75_generated
babf_9f2a_0000_1605035329_76_received
ec46_babf_0000_1605035340_77_received
9dff_ec46_0000_1605035342_78_generated
1f9d_9dff_0000_1605035346_79_generated
568a_1f9d_0000_1605035351_80_received
ce21_568a_0000_1605035354_81_received
847f_ce21_0000_1605035367_82_received
9b62_847f_0000_1605035384_83_generated
5a21_847f_0000_1605035383_83_received
aa70_5a21_0000_1605035388_84_received
e631_aa70_0000_1605035391_85_received
14d0_e631_0000_1605035402_86_generated
db82_e631_0000_1605035403_86_received
dd83_14d0_0000_1605035407_87_generated
ba9f_dd83_0000_1605035411_88_received
c67e_ba9f_0000_1605035412_89_received
e86e_c67e_0000_1605035421_90_generated
5e74_c67e_0000_1605035420_90_received
74a1_e86e_0000_1605035429_91_generated
b5ef_5e74_0000_1605035429_91_received
41e0_b5ef_0000_1605035431_92_received
dc18_41e0_0000_1605035435_93_received
9e84_dc18_0000_1605035437_94_generated
d770_9e84_0000_1605035440_95_generated
b8a9_d770_0000_1605035446_96_received
a32e_b8a9_0000_1605035448_97_received
9cd4_a32e_0000_1605035451_98_received
2529_9cd4_0000_1605035454_99_generated
1a49_2529_0000_1605035459_100_received
2f69_1a49_0000_1605035464_101_received
a575_2f69_0000_1605035465_102_received
8cfa_a575_0000_1605035467_103_received
7188_8cfa_0000_1605035470_104_received
5e57_7188_0000_1605035481_105_generated
5519_5e57_0000_1605035490_106_generated
144d_5e57_0000_1605035491_106_received
7c26_5519_0000_1605035494_107_generated
86c2_7c26_0000_1605035498_108_generated
94d4_86c2_0000_1605035508_109_generated
4403_94d4_0000_1605035509_110_generated
7299_4403_0000_1605035517_111_generated
1b3a_7299_0000_1605035523_112_received
962f_1b3a_0000_1605035525_113_generated
d4ba_962f_0000_1605035531_114_generated
0858_d4ba_0000_1605035536_115_received
9c26_0858_0000_1605035540_116_received
4b75_9c26_0000_1605035559_117_received
f39a_4b75_0000_1605035575_118_generated
0578_4b75_0000_1605035574_118_received
b3d0_f39a_0000_1605035593_119_generated
e35e_0578_0000_1605035592_119_received
f99b_b3d0_0000_1605035594_120_generated
f9df_f99b_0000_1605035601_121_generated
