7ffe_9e1c_0000_1607347454_1_received
3539_7ffe_0000_1607347455_2_received
2459_3539_0000_1607347455_3_received
e6b8_2459_0000_1607347459_4_generated
a3a7_e6b8_0000_1607347463_5_generated
ddc9_a3a7_0000_1607347468_6_received
dfd9_ddc9_0000_1607347469_7_generated
8393_dfd9_0000_1607347470_8_generated
efab_8393_0000_1607347471_9_generated
b48a_efab_0000_1607347475_10_received
c346_b48a_0000_1607347476_11_generated
4c1f_c346_0000_1607347476_12_generated
4f83_4c1f_0000_1607347477_13_generated
a321_4f83_0000_1607347481_14_generated
f720_a321_0000_1607347482_15_generated
1ea3_f720_0000_1607347484_16_generated
f5ce_1ea3_0000_1607347486_17_received
4480_f5ce_0000_1607347488_18_received
4be9_4480_0000_1607347489_19_generated
0d36_4480_0000_1607347490_19_received
48d8_4be9_0000_1607347491_20_generated
5b5b_0d36_0000_1607347491_20_received
8720_48d8_0000_1607347492_21_generated
b8f5_8720_0000_1607347493_22_generated
75fe_b8f5_0000_1607347494_23_received
7072_75fe_0000_1607347495_24_received
8f8e_7072_0000_1607347495_25_received
0ef9_8f8e_0000_1607347496_26_received
0318_0ef9_0000_1607347498_27_received
7175_0318_0000_1607347499_28_received
23c5_7175_0000_1607347500_29_received
9d1e_23c5_0000_1607347502_30_generated
240d_9d1e_0000_1607347503_31_received
3edf_240d_0000_1607347504_32_received
372d_3edf_0000_1607347505_33_received
0fae_372d_0000_1607347506_34_received
3f69_0fae_0000_1607347507_35_received
bb6a_3f69_0000_1607347508_36_received
accc_bb6a_0000_1607347509_37_received
3c71_accc_0000_1607347509_38_received
084b_3c71_0000_1607347510_39_received
b0dd_084b_0000_1607347513_40_generated
0d63_b0dd_0000_1607347514_41_generated
d845_0d63_0000_1607347514_42_received
9edb_d845_0000_1607347515_43_generated
25ce_9edb_0000_1607347516_44_generated
1ffa_25ce_0000_1607347517_45_received
2e8a_1ffa_0000_1607347518_46_received
0867_2e8a_0000_1607347519_47_received
941d_0867_0000_1607347522_48_generated
df81_941d_0000_1607347523_49_generated
2892_df81_0000_1607347526_50_generated
1231_2892_0000_1607347527_51_received
ece5_1231_0000_1607347531_52_received
e7a4_ece5_0000_1607347532_53_received
68ae_e7a4_0000_1607347533_54_generated
99ea_68ae_0000_1607347533_55_generated
50d0_99ea_0000_1607347534_56_generated
1b16_68ae_0000_1607347534_55_received
fd36_1b16_0000_1607347535_56_received
8535_fd36_0000_1607347537_57_received
022a_8535_0000_1607347542_58_received
76c5_022a_0000_1607347542_59_received
2f1e_76c5_0000_1607347544_60_received
c1cb_2f1e_0000_1607347544_61_received
c2aa_c1cb_0000_1607347548_62_generated
8e70_c2aa_0000_1607347549_63_received
09fb_8e70_0000_1607347550_64_received
f981_09fb_0000_1607347552_65_received
2c5c_f981_0000_1607347555_66_generated
d90b_f981_0000_1607347556_66_received
57ac_d90b_0000_1607347556_67_received
7e19_57ac_0000_1607347557_68_received
2a9f_7e19_0000_1607347558_69_received
7b28_2a9f_0000_1607347559_70_received
fcaf_7b28_0000_1607347560_71_generated
c4e8_fcaf_0000_1607347563_72_generated
9c6d_c4e8_0000_1607347563_73_received
16c5_9c6d_0000_1607347564_74_received
020a_16c5_0000_1607347569_75_received
83b5_020a_0000_1607347571_76_received
78a3_83b5_0000_1607347575_77_generated
2e3e_78a3_0000_1607347576_78_generated
b7bd_2e3e_0000_1607347576_79_received
029e_b7bd_0000_1607347577_80_received
cdb9_029e_0000_1607347579_81_generated
3e6f_cdb9_0000_1607347580_82_generated
240f_3e6f_0000_1607347580_83_generated
9a17_240f_0000_1607347583_84_generated
34ad_240f_0000_1607347582_84_received
79e1_34ad_0000_1607347583_85_received
051a_79e1_0000_1607347583_86_received
4623_051a_0000_1607347584_87_generated
928c_4623_0000_1607347584_88_received
47c2_928c_0000_1607347585_89_generated
2a73_47c2_0000_1607347585_90_received
2eb6_2a73_0000_1607347586_91_generated
2092_2eb6_0000_1607347587_92_received
98b4_2092_0000_1607347588_93_received
6cf8_98b4_0000_1607347590_94_received
a28a_6cf8_0000_1607347591_95_received
180d_a28a_0000_1607347592_96_received
0461_180d_0000_1607347592_97_received
ef7c_0461_0000_1607347593_98_received
60c0_ef7c_0000_1607347595_99_received
14ab_60c0_0000_1607347596_100_received
2c53_14ab_0000_1607347597_101_generated
78e3_2c53_0000_1607347598_102_received
6b98_78e3_0000_1607347600_103_received
3421_6b98_0000_1607347601_104_received
cd3a_3421_0000_1607347602_105_generated
513c_cd3a_0000_1607347604_106_generated
cc4b_3421_0000_1607347603_105_received
613e_513c_0000_1607347606_107_generated
e374_613e_0000_1607347609_108_generated
3085_e374_0000_1607347609_109_received
eb9b_3085_0000_1607347613_110_received
e408_eb9b_0000_1607347613_111_generated
13a5_eb9b_0000_1607347614_111_received
ae66_e408_0000_1607347616_112_generated
4cbb_13a5_0000_1607347616_112_received
9ba4_4cbb_0000_1607347619_113_received
cbcd_9ba4_0000_1607347621_114_generated
8fe9_cbcd_0000_1607347622_115_received
6cd5_8fe9_0000_1607347624_116_generated
6a54_6cd5_0000_1607347624_117_generated
8bce_6a54_0000_1607347627_118_received
1ac3_8bce_0000_1607347629_119_generated
1fbb_1ac3_0000_1607347631_120_generated
50d1_1fbb_0000_1607347632_121_generated
6ab7_50d1_0000_1607347632_122_generated
68e2_6ab7_0000_1607347634_123_received
d63e_68e2_0000_1607347634_124_generated
8485_d63e_0000_1607347636_125_generated
22df_8485_0000_1607347638_126_received
dc1f_22df_0000_1607347640_127_received
8775_dc1f_0000_1607347641_128_received
22c8_8775_0000_1607347642_129_generated
a110_22c8_0000_1607347643_130_received
c0f9_a110_0000_1607347645_131_received
2535_c0f9_0000_1607347648_132_generated
2710_c0f9_0000_1607347647_132_received
b4df_2710_0000_1607347648_133_received
8507_b4df_0000_1607347649_134_received
973d_8507_0000_1607347650_135_received
a315_973d_0000_1607347651_136_received
4cf6_a315_0000_1607347652_137_generated
cddc_4cf6_0000_1607347652_138_received
99c5_cddc_0000_1607347653_139_received
b1f1_99c5_0000_1607347655_140_generated
5088_b1f1_0000_1607347658_141_generated
b371_b1f1_0000_1607347657_141_received
7e20_5088_0000_1607347658_142_generated
5e97_b371_0000_1607347658_142_received
5057_5e97_0000_1607347659_143_received
2067_5057_0000_1607347660_144_received
7a29_2067_0000_1607347660_145_generated
241d_2067_0000_1607347661_145_received
7a71_241d_0000_1607347663_146_received
5362_7a71_0000_1607347664_147_received
0846_5362_0000_1607347666_148_received
c37d_0846_0000_1607347666_149_generated
8d94_c37d_0000_1607347669_150_received
ce63_8d94_0000_1607347672_151_generated
7b25_8d94_0000_1607347671_151_received
cd3f_7b25_0000_1607347672_152_received
a363_cd3f_0000_1607347673_153_generated
40a8_a363_0000_1607347675_154_generated
7ad9_40a8_0000_1607347676_155_received
80a1_7ad9_0000_1607347680_156_received
bdf5_80a1_0000_1607347681_157_received
9c13_bdf5_0000_1607347682_158_generated
26fd_9c13_0000_1607347683_159_generated
275c_26fd_0000_1607347683_160_received
7553_275c_0000_1607347685_161_generated
d959_7553_0000_1607347685_162_received
d0f9_d959_0000_1607347686_163_received
028f_d0f9_0000_1607347687_164_generated
1046_d0f9_0000_1607347686_164_received
84ac_028f_0000_1607347687_165_generated
301d_1046_0000_1607347687_165_received
b7a3_84ac_0000_1607347688_166_generated
6caa_301d_0000_1607347688_166_received
cce5_6caa_0000_1607347689_167_received
9e4f_cce5_0000_1607347690_168_received
06d2_9e4f_0000_1607347693_169_generated
2f16_06d2_0000_1607347694_170_generated
fee1_2f16_0000_1607347696_171_received
9fe1_fee1_0000_1607347697_172_received
717d_9fe1_0000_1607347698_173_generated
acd4_717d_0000_1607347700_174_received
350f_acd4_0000_1607347703_175_generated
d79b_acd4_0000_1607347702_175_received
b41e_d79b_0000_1607347703_176_received
d563_b41e_0000_1607347703_177_received
8ccd_d563_0000_1607347705_178_received
3345_8ccd_0000_1607347705_179_received
2a0a_3345_0000_1607347706_180_generated
c823_2a0a_0000_1607347707_181_generated
3384_2a0a_0000_1607347708_181_received
5143_3384_0000_1607347709_182_received
31a2_5143_0000_1607347710_183_generated
b6ef_31a2_0000_1607347711_184_received
eee2_b6ef_0000_1607347711_185_received
3f13_eee2_0000_1607347711_186_received
7c32_3f13_0000_1607347712_187_received
94ab_7c32_0000_1607347713_188_generated
a711_7c32_0000_1607347712_188_received
f462_a711_0000_1607347713_189_received
1ad6_f462_0000_1607347714_190_received
64a7_1ad6_0000_1607347719_191_generated
0049_64a7_0000_1607347720_192_generated
74f8_0049_0000_1607347721_193_received
b61e_74f8_0000_1607347721_194_received
461b_b61e_0000_1607347723_195_generated
fe25_461b_0000_1607347729_196_generated
28cc_fe25_0000_1607347734_197_generated
6d02_28cc_0000_1607347735_198_generated
1254_6d02_0000_1607347737_199_received
825e_1254_0000_1607347737_200_received
9724_825e_0000_1607347737_201_received
d1b4_9724_0000_1607347737_202_received
98aa_d1b4_0000_1607347737_203_received
4ce8_98aa_0000_1607347738_204_received
0494_4ce8_0000_1607347739_205_generated
cadf_4ce8_0000_1607347738_205_received
2fed_cadf_0000_1607347739_206_received
1925_2fed_0000_1607347741_207_generated
9208_1925_0000_1607347743_208_generated
d47b_9208_0000_1607347745_209_generated
cdda_d47b_0000_1607347745_210_generated
ce9c_cdda_0000_1607347748_211_received
4ee8_ce9c_0000_1607347749_212_generated
b973_4ee8_0000_1607347750_213_generated
25ac_ce9c_0000_1607347750_212_received
f659_25ac_0000_1607347750_213_received
8983_b973_0000_1607347751_214_generated
1180_f659_0000_1607347750_214_received
aa53_1180_0000_1607347750_215_received
de0a_aa53_0000_1607347751_216_generated
19d3_de0a_0000_1607347753_217_generated
e9fd_19d3_0000_1607347753_218_generated
5141_e9fd_0000_1607347756_219_generated
6a11_5141_0000_1607347757_220_generated
0902_6a11_0000_1607347758_221_generated
adbe_0902_0000_1607347759_222_received
5d25_adbe_0000_1607347760_223_received
5668_5d25_0000_1607347766_224_generated
a112_5668_0000_1607347768_225_received
fecf_a112_0000_1607347768_226_received
bf1e_fecf_0000_1607347769_227_generated
600c_bf1e_0000_1607347770_228_received
716e_600c_0000_1607347771_229_received
acc1_716e_0000_1607347771_230_received
af49_acc1_0000_1607347774_231_received
0644_af49_0000_1607347777_232_received
deb1_0644_0000_1607347778_233_received
bd9d_deb1_0000_1607347780_234_generated
9ae4_bd9d_0000_1607347781_235_generated
f4c5_9ae4_0000_1607347781_236_generated
cdd7_f4c5_0000_1607347784_237_received
0ca4_cdd7_0000_1607347787_238_received
d4f6_0ca4_0000_1607347788_239_received
4c55_d4f6_0000_1607347789_240_generated
dcd8_4c55_0000_1607347792_241_received
533c_dcd8_0000_1607347795_242_received
221e_533c_0000_1607347798_243_received
ddfb_221e_0000_1607347798_244_received
4810_ddfb_0000_1607347800_245_received
515a_4810_0000_1607347803_246_generated
ead2_515a_0000_1607347804_247_received
d615_ead2_0000_1607347805_248_received
b999_d615_0000_1607347805_249_received
8214_b999_0000_1607347806_250_generated
b880_8214_0000_1607347808_251_generated
1a61_b880_0000_1607347809_252_received
f53e_1a61_0000_1607347811_253_generated
8ded_f53e_0000_1607347812_254_generated
f138_8ded_0000_1607347812_255_generated
85a3_f138_0000_1607347812_256_generated
5fa2_1a61_0000_1607347812_253_received
ce7c_85a3_0000_1607347817_257_generated
2f8e_ce7c_0000_1607347821_258_generated
4c95_2f8e_0000_1607347822_259_received
460c_4c95_0000_1607347825_260_generated
e40b_460c_0000_1607347826_261_received
51aa_e40b_0000_1607347828_262_received
d5de_51aa_0000_1607347830_263_received
adcf_d5de_0000_1607347831_264_generated
0acc_adcf_0000_1607347832_265_generated
4b7f_0acc_0000_1607347833_266_received
b75e_4b7f_0000_1607347834_267_received
f682_b75e_0000_1607347834_268_received
c4f9_f682_0000_1607347835_269_received
5a75_c4f9_0000_1607347837_270_generated
f2a2_5a75_0000_1607347838_271_generated
1cd6_f2a2_0000_1607347838_272_generated
3450_1cd6_0000_1607347840_273_received
531a_3450_0000_1607347844_274_generated
ef2d_531a_0000_1607347849_275_generated
2622_531a_0000_1607347850_275_received
68a4_ef2d_0000_1607347851_276_generated
e269_2622_0000_1607347851_276_received
a60b_68a4_0000_1607347852_277_generated
a280_e269_0000_1607347852_277_received
a467_a280_0000_1607347854_278_received
11d4_a467_0000_1607347856_279_received
0f98_11d4_0000_1607347858_280_generated
04cd_0f98_0000_1607347863_281_generated
ee14_04cd_0000_1607347864_282_generated
5c46_ee14_0000_1607347865_283_generated
a016_5c46_0000_1607347866_284_generated
913e_a016_0000_1607347870_285_received
9462_913e_0000_1607347870_286_received
fdb1_9462_0000_1607347871_287_received
b00c_fdb1_0000_1607347872_288_generated
5458_b00c_0000_1607347874_289_received
4546_5458_0000_1607347874_290_received
04c7_4546_0000_1607347875_291_received
4310_04c7_0000_1607347876_292_generated
f87b_4310_0000_1607347878_293_generated
f885_4310_0000_1607347877_293_received
801c_f885_0000_1607347879_294_received
0977_801c_0000_1607347882_295_generated
b784_801c_0000_1607347881_295_received
98f4_b784_0000_1607347881_296_received
f334_98f4_0000_1607347883_297_received
f373_f334_0000_1607347886_298_generated
d090_f334_0000_1607347885_298_received
eb6c_f373_0000_1607347886_299_generated
366c_eb6c_0000_1607347887_300_generated
2329_366c_0000_1607347887_301_generated
129d_eb6c_0000_1607347888_300_received
72a0_2329_0000_1607347888_302_received
e3e8_72a0_0000_1607347890_303_generated
b92b_e3e8_0000_1607347892_304_received
717b_b92b_0000_1607347893_305_received
0cbb_717b_0000_1607347894_306_generated
53b5_0cbb_0000_1607347895_307_received
3bcf_53b5_0000_1607347897_308_generated
047b_3bcf_0000_1607347897_309_received
8525_047b_0000_1607347898_310_received
5265_8525_0000_1607347898_311_generated
bbef_8525_0000_1607347899_311_received
0ec8_5265_0000_1607347900_312_generated
0ffa_bbef_0000_1607347899_312_received
9114_0ec8_0000_1607347900_313_generated
5654_9114_0000_1607347901_314_generated
a10f_5654_0000_1607347903_315_generated
5e41_a10f_0000_1607347905_316_received
33aa_5e41_0000_1607347907_317_received
6c1d_33aa_0000_1607347909_318_generated
d78d_6c1d_0000_1607347909_319_generated
a4aa_6c1d_0000_1607347910_319_received
fa7e_a4aa_0000_1607347911_320_received
9f77_fa7e_0000_1607347913_321_generated
3d3f_fa7e_0000_1607347912_321_received
7a00_3d3f_0000_1607347913_322_received
9c16_7a00_0000_1607347913_323_received
cc9f_9c16_0000_1607347914_324_generated
38ab_cc9f_0000_1607347914_325_received
b6f8_38ab_0000_1607347915_326_received
a8a3_b6f8_0000_1607347917_327_received
dbdb_a8a3_0000_1607347918_328_received
db29_dbdb_0000_1607347918_329_received
e8d5_db29_0000_1607347920_330_generated
740d_e8d5_0000_1607347921_331_received
67d9_740d_0000_1607347922_332_generated
54bb_67d9_0000_1607347924_333_generated
46b1_67d9_0000_1607347923_333_received
0b77_46b1_0000_1607347925_334_received
a2ea_0b77_0000_1607347926_335_generated
bf56_a2ea_0000_1607347927_336_generated
46ae_bf56_0000_1607347928_337_received
780f_46ae_0000_1607347928_338_received
c42e_780f_0000_1607347929_339_generated
e7d5_780f_0000_1607347930_339_received
65a0_c42e_0000_1607347932_340_generated
c11f_e7d5_0000_1607347931_340_received
10a2_c11f_0000_1607347934_341_received
7930_10a2_0000_1607347934_342_received
8367_7930_0000_1607347935_343_generated
2146_7930_0000_1607347934_343_received
62a4_8367_0000_1607347935_344_generated
cdd6_62a4_0000_1607347936_345_generated
4c21_2146_0000_1607347936_344_received
03be_cdd6_0000_1607347939_346_received
15a7_03be_0000_1607347939_347_received
d509_15a7_0000_1607347941_348_generated
9061_d509_0000_1607347941_349_generated
2723_9061_0000_1607347941_350_received
587f_2723_0000_1607347944_351_generated
119f_587f_0000_1607347947_352_generated
ec3b_119f_0000_1607347951_353_received
290b_ec3b_0000_1607347953_354_generated
36f3_290b_0000_1607347954_355_received
4a30_36f3_0000_1607347956_356_generated
9e1c_4a30_0000_1607347957_357_generated
