0aab_9e1c_0000_1605079035_1_generated
6ce0_0aab_0000_1605079044_2_received
9a8b_6ce0_0000_1605079086_3_generated
98e3_9a8b_0000_1605079093_4_generated
56de_98e3_0000_1605079101_5_generated
b161_56de_0000_1605079106_6_received
1632_b161_0000_1605079111_7_generated
4ea6_1632_0000_1605079125_8_generated
1506_4ea6_0000_1605079150_9_received
f7d1_1506_0000_1605079160_10_generated
2afd_f7d1_0000_1605079163_11_generated
37e3_2afd_0000_1605079179_12_generated
6004_37e3_0000_1605079193_13_received
646f_6004_0000_1605079215_14_generated
bcfe_646f_0000_1605079216_15_generated
75a2_bcfe_0000_1605079241_16_generated
4c8d_75a2_0000_1605079242_17_generated
5e02_4c8d_0000_1605079304_18_generated
4828_5e02_0000_1605079315_19_generated
8659_4828_0000_1605079336_20_generated
da20_8659_0000_1605079341_21_received
891a_da20_0000_1605079352_22_generated
ffc8_891a_0000_1605079386_23_received
c5bf_ffc8_0000_1605079393_24_generated
872a_c5bf_0000_1605079394_25_received
93bd_872a_0000_1605079449_26_generated
d1f8_93bd_0000_1605079454_27_generated
064a_d1f8_0000_1605079475_28_generated
d42a_064a_0000_1605079479_29_generated
2299_d42a_0000_1605079494_30_generated
40e2_2299_0000_1605079520_31_received
67d9_40e2_0000_1605079547_32_received
a7ef_67d9_0000_1605079556_33_generated
1b61_a7ef_0000_1605079580_34_received
7757_1b61_0000_1605079588_35_generated
42c5_7757_0000_1605079593_36_generated
b836_42c5_0000_1605079613_37_generated
a4b8_b836_0000_1605079619_38_generated
f0f0_a4b8_0000_1605079625_39_received
5a13_f0f0_0000_1605079642_40_generated
b424_5a13_0000_1605079663_41_received
6a67_b424_0000_1605079666_42_received
2731_6a67_0000_1605079696_43_received
fade_2731_0000_1605079719_44_generated
