13c2_9e1c_0000_1605026187_1_received
1308_13c2_0000_1605026188_2_received
4bec_1308_0000_1605026190_3_received
e51c_4bec_0000_1605026192_4_received
fa5b_e51c_0000_1605026192_5_received
d0ae_fa5b_0000_1605026195_6_received
9b2e_fa5b_0000_1605026196_6_received
df1b_d0ae_0000_1605026196_7_received
f5a4_df1b_0000_1605026197_8_received
4c5c_f5a4_0000_1605026198_9_received
3669_4c5c_0000_1605026199_10_received
2e4f_3669_0000_1605026200_11_received
3050_2e4f_0000_1605026200_12_received
782b_3050_0000_1605026202_13_received
1e0d_782b_0000_1605026203_14_received
89ac_1e0d_0000_1605026204_15_generated
9dd2_1e0d_0000_1605026205_15_received
3679_9dd2_0000_1605026206_16_received
2baa_3679_0000_1605026214_17_generated
04b4_2baa_0000_1605026235_18_generated
700c_04b4_0000_1605026236_19_generated
581d_700c_0000_1605026257_20_generated
6047_581d_0000_1605026261_21_generated
8d27_6047_0000_1605026273_22_generated
fdb0_8d27_0000_1605026274_23_generated
e2a1_fdb0_0000_1605026277_24_generated
ac2d_e2a1_0000_1605026285_25_generated
0ea0_ac2d_0000_1605026312_26_generated
ae48_0ea0_0000_1605026318_27_generated
eeda_ae48_0000_1605026344_28_generated
36b5_eeda_0000_1605026357_29_generated
cfac_36b5_0000_1605026373_30_generated
6583_cfac_0000_1605026374_31_generated
491c_6583_0000_1605026382_32_generated
cb2b_491c_0000_1605026387_33_generated
bc10_cb2b_0000_1605026399_34_generated
648f_bc10_0000_1605026411_35_generated
06c8_648f_0000_1605026436_36_generated
f337_06c8_0000_1605026439_37_generated
a835_f337_0000_1605026467_38_generated
ec2b_a835_0000_1605026481_39_generated
7390_ec2b_0000_1605026503_40_generated
e691_7390_0000_1605026510_41_generated
39e2_e691_0000_1605026511_42_generated
390e_39e2_0000_1605026523_43_generated
d6a4_390e_0000_1605026528_44_generated
c4b6_d6a4_0000_1605026544_45_generated
fb6e_c4b6_0000_1605026552_46_generated
e980_fb6e_0000_1605026568_47_generated
24f6_e980_0000_1605026569_48_generated
bf04_24f6_0000_1605026573_49_generated
d652_bf04_0000_1605026575_50_generated
752e_d652_0000_1605026575_51_generated
3641_752e_0000_1605026581_52_generated
06db_3641_0000_1605026592_53_generated
6b13_06db_0000_1605026613_54_generated
407a_6b13_0000_1605026613_55_generated
fffd_407a_0000_1605026615_56_generated
8158_fffd_0000_1605026616_57_generated
5202_8158_0000_1605026628_58_generated
4375_5202_0000_1605026646_59_generated
a931_4375_0000_1605026651_60_generated
c3f4_a931_0000_1605026685_61_generated
02b0_c3f4_0000_1605026688_62_generated
dc80_02b0_0000_1605026691_63_generated
91b3_dc80_0000_1605026718_64_generated
eae6_91b3_0000_1605026723_65_generated
bf87_eae6_0000_1605026752_66_generated
5059_bf87_0000_1605026759_67_generated
f6ee_5059_0000_1605026765_68_generated
fb0c_f6ee_0000_1605026768_69_generated
8dcf_fb0c_0000_1605026770_70_generated
e2f5_8dcf_0000_1605026770_71_generated
7d78_e2f5_0000_1605026778_72_generated
e940_7d78_0000_1605026782_73_generated
3beb_e940_0000_1605026816_74_generated
c82d_3beb_0000_1605026835_75_generated
c791_c82d_0000_1605026848_76_generated
be35_c791_0000_1605026867_77_generated
8884_be35_0000_1605026873_78_generated
0db5_8884_0000_1605026882_79_generated
91db_0db5_0000_1605026899_80_generated
5e95_91db_0000_1605026903_81_generated
44bb_5e95_0000_1605026907_82_generated
