13c2_9e1c_0000_1605026187_1_received
1308_13c2_0000_1605026188_2_received
4bec_1308_0000_1605026190_3_received
e51c_4bec_0000_1605026192_4_received
fa5b_e51c_0000_1605026192_5_received
9b2e_fa5b_0000_1605026196_6_generated
d0ae_fa5b_0000_1605026195_6_received
df1b_d0ae_0000_1605026196_7_received
f5a4_df1b_0000_1605026197_8_received
4c5c_f5a4_0000_1605026198_9_received
3669_4c5c_0000_1605026199_10_received
2e4f_3669_0000_1605026200_11_received
3050_2e4f_0000_1605026200_12_received
782b_3050_0000_1605026202_13_received
1e0d_782b_0000_1605026203_14_received
89ac_1e0d_0000_1605026204_15_received
9dd2_1e0d_0000_1605026205_15_received
3679_9dd2_0000_1605026206_16_received
a924_3679_0000_1605026206_17_received
569c_a924_0000_1605026209_18_generated
cb3c_569c_0000_1605026211_19_generated
1015_cb3c_0000_1605026211_20_received
1c93_1015_0000_1605026212_21_received
24ec_1c93_0000_1605026213_22_generated
d4d9_24ec_0000_1605026214_23_generated
78b6_d4d9_0000_1605026214_24_generated
2baa_3679_0000_1605026214_17_received
431c_1c93_0000_1605026214_22_received
0c1c_431c_0000_1605026215_23_received
5cb2_78b6_0000_1605026216_25_received
1dc9_5cb2_0000_1605026220_26_received
111e_1dc9_0000_1605026222_27_generated
e79d_111e_0000_1605026222_28_received
2de8_e79d_0000_1605026224_29_received
67b2_2de8_0000_1605026224_30_received
53b8_67b2_0000_1605026225_31_received
5b21_53b8_0000_1605026227_32_received
6c07_5b21_0000_1605026227_33_received
e14e_6c07_0000_1605026228_34_received
0f31_e14e_0000_1605026231_35_received
9f68_0f31_0000_1605026232_36_generated
04b4_2baa_0000_1605026235_18_received
717c_9f68_0000_1605026237_37_generated
700c_04b4_0000_1605026236_19_received
6fbe_717c_0000_1605026238_38_received
f5e8_6fbe_0000_1605026238_39_received
2910_f5e8_0000_1605026239_40_received
b272_2910_0000_1605026244_41_generated
74f2_b272_0000_1605026247_42_received
8e44_74f2_0000_1605026248_43_received
1171_8e44_0000_1605026248_44_received
775f_1171_0000_1605026248_45_received
029a_775f_0000_1605026249_46_received
4fc8_029a_0000_1605026249_47_received
e317_4fc8_0000_1605026252_48_received
9564_e317_0000_1605026253_49_received
dd7f_9564_0000_1605026256_50_received
8b2f_dd7f_0000_1605026258_51_generated
1c6e_8b2f_0000_1605026258_52_generated
581d_700c_0000_1605026257_20_received
3de1_1c6e_0000_1605026260_53_generated
9ea0_3de1_0000_1605026261_54_received
6047_581d_0000_1605026261_21_received
567a_9ea0_0000_1605026262_55_received
59d6_567a_0000_1605026263_56_generated
2897_59d6_0000_1605026270_57_generated
8bf3_2897_0000_1605026270_58_generated
7ef7_59d6_0000_1605026269_57_received
7ceb_8bf3_0000_1605026270_59_generated
0e60_7ceb_0000_1605026270_60_generated
b9ea_7ef7_0000_1605026270_58_received
f37d_0e60_0000_1605026272_61_received
8d27_6047_0000_1605026273_22_received
48ce_f37d_0000_1605026274_62_generated
f3fa_f37d_0000_1605026273_62_received
fdb0_8d27_0000_1605026274_23_received
da29_f3fa_0000_1605026275_63_received
c717_da29_0000_1605026275_64_received
a529_c717_0000_1605026277_65_generated
2d87_c717_0000_1605026276_65_received
5f0f_a529_0000_1605026278_66_generated
e2a1_fdb0_0000_1605026277_24_received
b734_5f0f_0000_1605026281_67_received
061e_b734_0000_1605026282_68_generated
c177_061e_0000_1605026283_69_generated
ac2d_e2a1_0000_1605026285_25_received
6847_c177_0000_1605026285_70_received
f2f0_6847_0000_1605026286_71_received
70d2_f2f0_0000_1605026288_72_generated
5ca7_70d2_0000_1605026289_73_generated
7ba4_5ca7_0000_1605026289_74_generated
b6fe_7ba4_0000_1605026291_75_received
aa29_b6fe_0000_1605026294_76_generated
48e8_b6fe_0000_1605026293_76_received
e9b3_aa29_0000_1605026299_77_generated
bba3_48e8_0000_1605026298_77_received
2e86_e9b3_0000_1605026304_78_generated
2d96_bba3_0000_1605026303_78_received
2420_2e86_0000_1605026306_79_generated
ccaa_2d96_0000_1605026306_79_received
bafc_ccaa_0000_1605026307_80_received
71be_bafc_0000_1605026309_81_generated
9718_71be_0000_1605026312_82_generated
423d_9718_0000_1605026312_83_received
0ea0_ac2d_0000_1605026312_26_received
f765_423d_0000_1605026314_84_generated
4937_f765_0000_1605026315_85_received
0c74_4937_0000_1605026316_86_received
c188_0c74_0000_1605026316_87_received
7246_c188_0000_1605026317_88_generated
ae48_0ea0_0000_1605026318_27_received
d707_7246_0000_1605026322_89_received
89c7_d707_0000_1605026323_90_received
4ee7_89c7_0000_1605026325_91_received
444d_4ee7_0000_1605026328_92_generated
0c40_4ee7_0000_1605026326_92_received
a486_0c40_0000_1605026329_93_received
3b0e_a486_0000_1605026329_94_received
0bb1_3b0e_0000_1605026332_95_received
8ea7_0bb1_0000_1605026332_96_received
d9d0_8ea7_0000_1605026334_97_received
2198_d9d0_0000_1605026336_98_generated
e3d2_d9d0_0000_1605026337_98_received
ff20_e3d2_0000_1605026338_99_received
fb81_ff20_0000_1605026339_100_generated
d9eb_fb81_0000_1605026340_101_generated
6b28_d9eb_0000_1605026340_102_generated
ed64_6b28_0000_1605026341_103_generated
2c24_ed64_0000_1605026342_104_received
4580_2c24_0000_1605026344_105_generated
609d_4580_0000_1605026344_106_generated
4302_609d_0000_1605026344_107_generated
4ef8_4302_0000_1605026344_108_generated
eeda_ae48_0000_1605026344_28_received
0465_4ef8_0000_1605026348_109_generated
46d4_0465_0000_1605026349_110_received
54aa_46d4_0000_1605026349_111_received
85b6_54aa_0000_1605026350_112_received
cac9_85b6_0000_1605026352_113_received
53c1_cac9_0000_1605026354_114_generated
f9e5_cac9_0000_1605026355_114_received
36b5_eeda_0000_1605026357_29_received
fa20_f9e5_0000_1605026357_115_received
2900_fa20_0000_1605026358_116_received
9d5c_2900_0000_1605026359_117_generated
427c_9d5c_0000_1605026360_118_received
8d65_427c_0000_1605026363_119_received
e39f_8d65_0000_1605026364_120_received
1c99_e39f_0000_1605026367_121_generated
6b65_1c99_0000_1605026367_122_generated
e430_6b65_0000_1605026369_123_generated
8130_e430_0000_1605026369_124_generated
f37b_8130_0000_1605026371_125_generated
cfac_36b5_0000_1605026373_30_received
6583_cfac_0000_1605026374_31_received
3bcf_f37b_0000_1605026377_126_received
f194_3bcf_0000_1605026380_127_received
df22_f194_0000_1605026381_128_received
efc5_df22_0000_1605026381_129_received
491c_6583_0000_1605026382_32_received
21ce_efc5_0000_1605026385_130_generated
c950_efc5_0000_1605026384_130_received
157b_c950_0000_1605026386_131_received
cb2b_491c_0000_1605026387_33_received
6063_157b_0000_1605026389_132_generated
41d2_157b_0000_1605026390_132_received
611d_6063_0000_1605026391_133_generated
8bc8_611d_0000_1605026392_134_generated
14b3_8bc8_0000_1605026392_135_generated
0590_14b3_0000_1605026394_136_generated
ccae_0590_0000_1605026396_137_received
01ef_ccae_0000_1605026397_138_received
ad64_01ef_0000_1605026398_139_received
5c50_ad64_0000_1605026399_140_received
bc10_cb2b_0000_1605026399_34_received
91ed_5c50_0000_1605026400_141_received
f57c_91ed_0000_1605026402_142_generated
05df_f57c_0000_1605026403_143_generated
7218_f57c_0000_1605026404_143_received
042c_05df_0000_1605026405_144_generated
1df7_7218_0000_1605026404_144_received
681d_1df7_0000_1605026404_145_received
3311_681d_0000_1605026408_146_generated
bbd1_681d_0000_1605026407_146_received
4b99_bbd1_0000_1605026407_147_received
8a29_4b99_0000_1605026409_148_generated
d821_4b99_0000_1605026408_148_received
67b5_d821_0000_1605026410_149_received
ae8c_67b5_0000_1605026412_150_generated
648f_bc10_0000_1605026411_35_received
b52b_ae8c_0000_1605026414_151_received
e406_b52b_0000_1605026419_152_generated
fff9_b52b_0000_1605026420_152_received
77fa_fff9_0000_1605026420_153_received
256f_77fa_0000_1605026425_154_received
4d6b_256f_0000_1605026425_155_received
8b72_4d6b_0000_1605026427_156_received
4c4e_8b72_0000_1605026429_157_received
97cc_4c4e_0000_1605026429_158_received
ed24_97cc_0000_1605026429_159_received
e9cf_ed24_0000_1605026432_160_generated
a967_e9cf_0000_1605026432_161_generated
a4d0_ed24_0000_1605026431_160_received
8668_a4d0_0000_1605026431_161_received
ec53_a967_0000_1605026433_162_generated
b5a6_8668_0000_1605026432_162_received
823b_b5a6_0000_1605026432_163_received
bb09_823b_0000_1605026433_164_received
06c8_648f_0000_1605026436_36_received
2ee7_bb09_0000_1605026436_165_received
5112_2ee7_0000_1605026436_166_received
76cd_5112_0000_1605026437_167_received
5877_76cd_0000_1605026438_168_received
8cdc_5877_0000_1605026438_169_received
3c4c_8cdc_0000_1605026438_170_received
f337_06c8_0000_1605026439_37_received
e99d_3c4c_0000_1605026441_171_generated
a3ad_3c4c_0000_1605026440_171_received
fa2d_e99d_0000_1605026444_172_generated
c0fb_a3ad_0000_1605026443_172_received
15c1_fa2d_0000_1605026445_173_generated
68de_15c1_0000_1605026446_174_generated
0ba1_68de_0000_1605026447_175_generated
8d0b_15c1_0000_1605026447_174_received
5c03_0ba1_0000_1605026450_176_generated
052b_5c03_0000_1605026452_177_generated
d71f_052b_0000_1605026457_178_received
e523_d71f_0000_1605026459_179_generated
1e23_e523_0000_1605026460_180_received
4c79_1e23_0000_1605026463_181_received
ee04_4c79_0000_1605026464_182_received
5fb6_ee04_0000_1605026465_183_received
92ca_5fb6_0000_1605026466_184_generated
a835_f337_0000_1605026467_38_received
94ad_92ca_0000_1605026473_185_generated
399b_92ca_0000_1605026472_185_received
2b52_399b_0000_1605026474_186_received
1aad_2b52_0000_1605026475_187_generated
dff9_1aad_0000_1605026478_188_generated
f9ec_1aad_0000_1605026477_188_received
907c_f9ec_0000_1605026478_189_received
2207_907c_0000_1605026479_190_received
bd8b_2207_0000_1605026480_191_received
ec2b_a835_0000_1605026481_39_received
33dc_bd8b_0000_1605026485_192_generated
47b5_bd8b_0000_1605026484_192_received
8887_47b5_0000_1605026486_193_received
6e49_8887_0000_1605026488_194_generated
de91_6e49_0000_1605026496_195_generated
7cf3_de91_0000_1605026499_196_received
258e_7cf3_0000_1605026501_197_generated
a416_258e_0000_1605026503_198_received
7390_ec2b_0000_1605026503_40_received
e49d_a416_0000_1605026506_199_received
731d_e49d_0000_1605026508_200_generated
171e_e49d_0000_1605026509_200_received
e691_7390_0000_1605026510_41_received
39e2_e691_0000_1605026511_42_received
9c09_731d_0000_1605026513_201_generated
4012_171e_0000_1605026514_201_received
8f9f_9c09_0000_1605026516_202_generated
fe7e_4012_0000_1605026515_202_received
9c05_fe7e_0000_1605026516_203_received
1fe1_9c05_0000_1605026516_204_received
64fc_1fe1_0000_1605026518_205_received
ba53_64fc_0000_1605026518_206_received
2d67_ba53_0000_1605026518_207_received
c66e_2d67_0000_1605026521_208_generated
de71_2d67_0000_1605026522_208_received
390e_39e2_0000_1605026523_43_received
9cd1_de71_0000_1605026523_209_received
5be5_9cd1_0000_1605026525_210_received
6470_5be5_0000_1605026526_211_received
3822_6470_0000_1605026526_212_received
930c_3822_0000_1605026527_213_received
bfdf_930c_0000_1605026528_214_generated
3e52_bfdf_0000_1605026528_215_generated
b7dc_930c_0000_1605026527_214_received
d6a4_390e_0000_1605026528_44_received
f63d_b7dc_0000_1605026528_215_received
80e8_3e52_0000_1605026532_216_generated
2856_f63d_0000_1605026531_216_received
f174_2856_0000_1605026534_217_received
f3b7_f174_0000_1605026535_218_received
ef12_f3b7_0000_1605026539_219_received
6ab7_ef12_0000_1605026540_220_received
6cc8_6ab7_0000_1605026543_221_generated
b0b6_6ab7_0000_1605026542_221_received
c4b6_d6a4_0000_1605026544_45_received
a7e9_6cc8_0000_1605026549_222_generated
2b25_b0b6_0000_1605026548_222_received
9321_a7e9_0000_1605026550_223_generated
3245_2b25_0000_1605026549_223_received
55d2_3245_0000_1605026550_224_received
9ca2_55d2_0000_1605026553_225_generated
ca62_55d2_0000_1605026552_225_received
fb6e_c4b6_0000_1605026552_46_received
e280_ca62_0000_1605026553_226_received
2d10_e280_0000_1605026554_227_received
91c2_2d10_0000_1605026555_228_received
5769_91c2_0000_1605026556_229_generated
3e9b_91c2_0000_1605026555_229_received
0933_5769_0000_1605026557_230_generated
dea2_0933_0000_1605026559_231_generated
3995_3e9b_0000_1605026558_230_received
6d4c_3995_0000_1605026559_231_received
7099_6d4c_0000_1605026560_232_received
2492_7099_0000_1605026561_233_received
ab6a_2492_0000_1605026562_234_received
a4d8_ab6a_0000_1605026566_235_generated
df98_ab6a_0000_1605026565_235_received
1e60_a4d8_0000_1605026567_236_generated
8ca2_1e60_0000_1605026568_237_generated
f2a0_df98_0000_1605026568_236_received
e980_fb6e_0000_1605026568_47_received
24f6_e980_0000_1605026569_48_received
80ef_8ca2_0000_1605026570_238_received
953a_80ef_0000_1605026573_239_generated
02ec_80ef_0000_1605026572_239_received
b70f_02ec_0000_1605026572_240_received
bf04_24f6_0000_1605026573_49_received
390f_b70f_0000_1605026574_241_received
d652_bf04_0000_1605026575_50_received
752e_d652_0000_1605026575_51_received
89e0_390f_0000_1605026577_242_generated
a3aa_89e0_0000_1605026577_243_generated
8a58_a3aa_0000_1605026579_244_generated
15d1_8a58_0000_1605026581_245_generated
afc4_8a58_0000_1605026580_245_received
3641_752e_0000_1605026581_52_received
a62c_afc4_0000_1605026581_246_received
a808_a62c_0000_1605026582_247_received
a933_a808_0000_1605026584_248_generated
047f_a933_0000_1605026588_249_received
901b_047f_0000_1605026590_250_received
7335_901b_0000_1605026590_251_received
9228_7335_0000_1605026591_252_received
06db_3641_0000_1605026592_53_received
7993_9228_0000_1605026594_253_received
39d4_7993_0000_1605026599_254_generated
ca0f_39d4_0000_1605026600_255_generated
effd_ca0f_0000_1605026603_256_generated
274e_ca0f_0000_1605026602_256_received
63c5_274e_0000_1605026603_257_received
2f04_63c5_0000_1605026604_258_received
e2da_2f04_0000_1605026605_259_received
6893_e2da_0000_1605026605_260_received
7875_6893_0000_1605026607_261_received
71bf_7875_0000_1605026612_262_received
6b13_06db_0000_1605026613_54_received
407a_6b13_0000_1605026613_55_received
b46e_71bf_0000_1605026613_263_received
f38b_b46e_0000_1605026613_264_received
43ad_f38b_0000_1605026614_265_received
9958_43ad_0000_1605026616_266_generated
75f0_9958_0000_1605026616_267_generated
fffd_407a_0000_1605026615_56_received
8158_fffd_0000_1605026616_57_received
f017_75f0_0000_1605026621_268_generated
7339_f017_0000_1605026621_269_generated
8677_f017_0000_1605026622_269_received
3a5e_8677_0000_1605026622_270_received
6211_3a5e_0000_1605026623_271_received
c31a_6211_0000_1605026627_272_received
5202_8158_0000_1605026628_58_received
3741_c31a_0000_1605026628_273_received
774a_3741_0000_1605026628_274_received
17d6_774a_0000_1605026631_275_received
d325_17d6_0000_1605026633_276_received
4f4c_d325_0000_1605026635_277_generated
267a_d325_0000_1605026634_277_received
fcf9_4f4c_0000_1605026639_278_generated
629f_fcf9_0000_1605026640_279_generated
39e6_629f_0000_1605026642_280_generated
639e_39e6_0000_1605026642_281_received
b2e1_639e_0000_1605026642_282_received
6b8c_b2e1_0000_1605026643_283_received
1192_6b8c_0000_1605026646_284_generated
f726_6b8c_0000_1605026645_284_received
0d6c_f726_0000_1605026645_285_received
4375_5202_0000_1605026646_59_received
60f0_0d6c_0000_1605026647_286_received
6c7f_60f0_0000_1605026648_287_received
1c27_6c7f_0000_1605026651_288_generated
a54d_6c7f_0000_1605026650_288_received
2457_a54d_0000_1605026651_289_received
a931_4375_0000_1605026651_60_received
8a0f_2457_0000_1605026655_290_generated
db64_2457_0000_1605026654_290_received
5c59_8a0f_0000_1605026657_291_generated
ccda_db64_0000_1605026657_291_received
31bc_ccda_0000_1605026657_292_received
620f_31bc_0000_1605026657_293_received
7ade_620f_0000_1605026659_294_received
0c90_7ade_0000_1605026664_295_generated
528e_7ade_0000_1605026663_295_received
4d6d_528e_0000_1605026665_296_received
8d1f_4d6d_0000_1605026666_297_received
590e_8d1f_0000_1605026667_298_received
2a82_590e_0000_1605026668_299_received
a8c9_2a82_0000_1605026669_300_received
2daf_a8c9_0000_1605026670_301_received
1b1e_2daf_0000_1605026670_302_received
eeaa_1b1e_0000_1605026671_303_received
b83d_eeaa_0000_1605026673_304_generated
676f_b83d_0000_1605026674_305_received
3da7_676f_0000_1605026677_306_generated
42dd_3da7_0000_1605026678_307_received
57c1_42dd_0000_1605026680_308_received
3e30_57c1_0000_1605026683_309_received
6a0e_3e30_0000_1605026685_310_generated
4346_3e30_0000_1605026684_310_received
c3f4_a931_0000_1605026685_61_received
2fa6_4346_0000_1605026685_311_received
02b0_c3f4_0000_1605026688_62_received
d6b2_2fa6_0000_1605026688_312_received
8013_d6b2_0000_1605026689_313_received
dc80_02b0_0000_1605026691_63_received
4061_8013_0000_1605026691_314_received
f192_4061_0000_1605026694_315_generated
771b_f192_0000_1605026695_316_received
9eb5_771b_0000_1605026696_317_received
8743_9eb5_0000_1605026699_318_generated
7d8e_8743_0000_1605026700_319_generated
b918_8743_0000_1605026701_319_received
3e96_b918_0000_1605026702_320_received
1f4c_3e96_0000_1605026704_321_generated
2e7e_1f4c_0000_1605026705_322_generated
d54d_3e96_0000_1605026705_321_received
fdc8_2e7e_0000_1605026708_323_generated
5154_fdc8_0000_1605026709_324_received
2f15_5154_0000_1605026710_325_received
712c_2f15_0000_1605026711_326_received
2af3_712c_0000_1605026714_327_generated
635e_2af3_0000_1605026716_328_generated
8a10_712c_0000_1605026715_327_received
c2a9_8a10_0000_1605026715_328_received
8363_c2a9_0000_1605026717_329_received
91b3_dc80_0000_1605026718_64_received
ca58_8363_0000_1605026719_330_received
f7fc_ca58_0000_1605026721_331_received
eae6_91b3_0000_1605026723_65_received
3a85_f7fc_0000_1605026723_332_received
2280_3a85_0000_1605026724_333_received
25c2_2280_0000_1605026726_334_generated
115e_2280_0000_1605026727_334_received
d285_25c2_0000_1605026729_335_generated
e940_115e_0000_1605026730_335_received
f889_e940_0000_1605026730_336_received
3c9c_f889_0000_1605026731_337_received
269a_3c9c_0000_1605026734_338_received
aaa4_269a_0000_1605026735_339_received
d6f4_aaa4_0000_1605026738_340_generated
6b2c_d6f4_0000_1605026740_341_received
27e8_6b2c_0000_1605026741_342_received
06df_27e8_0000_1605026742_343_received
e679_06df_0000_1605026745_344_received
22b7_e679_0000_1605026748_345_generated
5d19_22b7_0000_1605026750_346_generated
c163_22b7_0000_1605026751_346_received
bf87_eae6_0000_1605026752_66_received
46d5_c163_0000_1605026751_347_received
3e15_46d5_0000_1605026752_348_received
6a3a_3e15_0000_1605026756_349_received
525e_6a3a_0000_1605026756_350_received
7f62_525e_0000_1605026760_351_generated
fa28_525e_0000_1605026757_351_received
e1f6_fa28_0000_1605026757_352_received
a16d_e1f6_0000_1605026758_353_received
5059_bf87_0000_1605026759_67_received
69e7_a16d_0000_1605026761_354_received
dd38_69e7_0000_1605026762_355_received
b576_dd38_0000_1605026765_356_generated
b762_b576_0000_1605026766_357_generated
f6ee_5059_0000_1605026765_68_received
f526_b762_0000_1605026769_358_generated
33c2_b762_0000_1605026768_358_received
fb0c_f6ee_0000_1605026768_69_received
8dcf_fb0c_0000_1605026770_70_received
e2f5_8dcf_0000_1605026770_71_received
833f_33c2_0000_1605026769_359_received
76d3_833f_0000_1605026775_360_received
7d78_e2f5_0000_1605026778_72_received
c6a5_76d3_0000_1605026777_361_received
c6cc_c6a5_0000_1605026778_362_received
3072_c6cc_0000_1605026778_363_received
48f2_3072_0000_1605026780_364_received
0811_48f2_0000_1605026781_365_received
13fe_0811_0000_1605026783_366_received
5703_13fe_0000_1605026787_367_generated
1296_13fe_0000_1605026785_367_received
d080_5703_0000_1605026789_368_generated
8dea_d080_0000_1605026790_369_generated
63bf_1296_0000_1605026789_368_received
1751_8dea_0000_1605026795_370_received
89da_1751_0000_1605026796_371_received
f8c7_89da_0000_1605026796_372_received
7420_f8c7_0000_1605026798_373_received
e4e1_7420_0000_1605026800_374_received
5712_e4e1_0000_1605026805_375_received
a6cf_5712_0000_1605026806_376_received
2088_a6cf_0000_1605026806_377_received
1103_2088_0000_1605026810_378_generated
3c6a_1103_0000_1605026811_379_generated
e798_3c6a_0000_1605026813_380_generated
80a9_3c6a_0000_1605026814_380_received
fce6_80a9_0000_1605026814_381_received
39e3_fce6_0000_1605026817_382_generated
7b74_39e3_0000_1605026819_383_generated
7014_7b74_0000_1605026820_384_generated
b1fb_7014_0000_1605026820_385_received
36f8_b1fb_0000_1605026823_386_received
1c4a_36f8_0000_1605026824_387_received
4c15_1c4a_0000_1605026825_388_received
70cd_4c15_0000_1605026828_389_generated
ba08_4c15_0000_1605026827_389_received
ff6e_ba08_0000_1605026832_390_received
8fb8_ff6e_0000_1605026835_391_generated
c194_8fb8_0000_1605026838_392_received
2758_c194_0000_1605026838_393_received
bc26_2758_0000_1605026842_394_generated
75e5_2758_0000_1605026841_394_received
07b3_bc26_0000_1605026844_395_generated
97c6_75e5_0000_1605026843_395_received
a537_97c6_0000_1605026844_396_received
3ab7_a537_0000_1605026847_397_generated
7688_3ab7_0000_1605026850_398_generated
2e98_7688_0000_1605026851_399_generated
f484_2e98_0000_1605026852_400_generated
e8e7_3ab7_0000_1605026851_398_received
2482_e8e7_0000_1605026854_399_received
313c_f484_0000_1605026856_401_received
5e98_313c_0000_1605026857_402_received
8710_5e98_0000_1605026857_403_received
4fa8_8710_0000_1605026858_404_received
aeba_4fa8_0000_1605026859_405_received
475a_aeba_0000_1605026861_406_received
5507_475a_0000_1605026864_407_received
bf6d_5507_0000_1605026864_408_received
5417_bf6d_0000_1605026866_409_received
43cb_5417_0000_1605026867_410_received
3057_43cb_0000_1605026867_411_received
0052_3057_0000_1605026870_412_received
a8c3_0052_0000_1605026871_413_received
57ba_a8c3_0000_1605026874_414_generated
c8a5_57ba_0000_1605026875_415_generated
9f37_c8a5_0000_1605026877_416_generated
7707_c8a5_0000_1605026878_416_received
c701_7707_0000_1605026879_417_received
5803_c701_0000_1605026881_418_received
09e3_5803_0000_1605026884_419_received
8d88_09e3_0000_1605026886_420_generated
3eab_8d88_0000_1605026887_421_generated
0328_3eab_0000_1605026888_422_generated
f2e0_09e3_0000_1605026887_420_received
59f8_3eab_0000_1605026890_422_received
c00b_0328_0000_1605026894_423_generated
9633_c00b_0000_1605026895_424_generated
92b9_9633_0000_1605026899_425_generated
3276_9633_0000_1605026898_425_received
42fe_3276_0000_1605026898_426_received
1642_42fe_0000_1605026900_427_received
b084_1642_0000_1605026902_428_received
6423_b084_0000_1605026904_429_received
a759_6423_0000_1605026907_430_generated
7528_a759_0000_1605026907_431_generated
20db_6423_0000_1605026905_430_received
