4030_9e1c_0000_1605173879_1_generated
0452_4030_0000_1605173884_2_generated
f6f0_0452_0000_1605173898_3_received
05b4_f6f0_0000_1605173905_4_generated
64be_05b4_0000_1605173914_5_received
00b3_64be_0000_1605173922_6_received
e554_00b3_0000_1605173930_7_received
b221_e554_0000_1605173944_8_received
bcbc_b221_0000_1605173977_9_generated
cf98_bcbc_0000_1605173987_10_received
7ce0_cf98_0000_1605173990_11_received
51b3_7ce0_0000_1605173995_12_generated
37cc_51b3_0000_1605173998_13_received
814d_37cc_0000_1605174001_14_generated
4bac_814d_0000_1605174019_15_received
829d_4bac_0000_1605174019_16_received
dad3_829d_0000_1605174049_17_received
b8fa_dad3_0000_1605174060_18_received
2e4e_b8fa_0000_1605174114_19_received
d5c6_2e4e_0000_1605174116_20_generated
af77_d5c6_0000_1605174138_21_received
b827_af77_0000_1605174142_22_received
6289_b827_0000_1605174145_23_generated
d81b_b827_0000_1605174146_23_received
d6b5_d81b_0000_1605174152_24_received
7312_d6b5_0000_1605174157_25_generated
c52a_7312_0000_1605174169_26_generated
a767_c52a_0000_1605174175_27_received
9b02_a767_0000_1605174179_28_received
d04e_9b02_0000_1605174182_29_received
3157_d04e_0000_1605174207_30_generated
fffa_3157_0000_1605174247_31_received
164a_fffa_0000_1605174250_32_received
62b0_164a_0000_1605174253_33_received
cf3c_62b0_0000_1605174255_34_received
6d72_cf3c_0000_1605174264_35_generated
4994_6d72_0000_1605174275_36_generated
bf22_4994_0000_1605174285_37_generated
2fc1_bf22_0000_1605174292_38_generated
fc89_2fc1_0000_1605174340_39_generated
e26b_fc89_0000_1605174351_40_received
4a2a_e26b_0000_1605174365_41_generated
8e7b_4a2a_0000_1605174399_42_generated
d053_8e7b_0000_1605174426_43_generated
d148_d053_0000_1605174433_44_generated
fd04_d148_0000_1605174456_45_received
10eb_fd04_0000_1605174459_46_generated
75b1_10eb_0000_1605174464_47_generated
c097_75b1_0000_1605174465_48_generated
6cd5_c097_0000_1605174473_49_received
e408_6cd5_0000_1605174481_50_generated
f590_e408_0000_1605174501_51_received
285a_f590_0000_1605174528_52_received
481e_285a_0000_1605174534_53_received
c7b8_481e_0000_1605174537_54_received
0937_c7b8_0000_1605174561_55_received
42a7_0937_0000_1605174563_56_received
e101_42a7_0000_1605174564_57_generated
d029_e101_0000_1605174591_58_received
