d04f_9e1c_0000_1605004737_1_generated
49d3_9e1c_0000_1605004738_1_received
2aa4_49d3_0000_1605004741_2_received
f170_2aa4_0000_1605004744_3_generated
c6e5_f170_0000_1605004746_4_generated
b930_f170_0000_1605004745_4_received
9c34_c6e5_0000_1605004747_5_generated
5082_9c34_0000_1605004750_6_received
48ba_5082_0000_1605004751_7_generated
d960_48ba_0000_1605004751_8_generated
819d_d960_0000_1605004752_9_generated
3384_819d_0000_1605004752_10_generated
4474_48ba_0000_1605004752_8_received
cbbe_3384_0000_1605004754_11_generated
6948_cbbe_0000_1605004755_12_generated
b840_6948_0000_1605004755_13_generated
d3d7_3384_0000_1605004755_11_received
8857_b840_0000_1605004758_14_generated
07d8_8857_0000_1605004759_15_generated
e85d_07d8_0000_1605004760_16_generated
182a_e85d_0000_1605004761_17_generated
c6d1_182a_0000_1605004763_18_generated
8812_c6d1_0000_1605004765_19_generated
0d7b_8812_0000_1605004767_20_generated
3ba0_0d7b_0000_1605004768_21_generated
9f44_3ba0_0000_1605004769_22_generated
b3b1_8812_0000_1605004768_20_received
a557_9f44_0000_1605004770_23_generated
496b_b3b1_0000_1605004769_21_received
447e_a557_0000_1605004772_24_generated
1384_447e_0000_1605004772_25_generated
5209_1384_0000_1605004773_26_generated
2032_5209_0000_1605004775_27_generated
20d3_2032_0000_1605004776_28_generated
6103_20d3_0000_1605004777_29_generated
9b35_6103_0000_1605004777_30_generated
fd0e_9b35_0000_1605004778_31_generated
58d7_fd0e_0000_1605004779_32_generated
ca4d_58d7_0000_1605004779_33_generated
237f_fd0e_0000_1605004780_32_received
e1c5_ca4d_0000_1605004781_34_generated
3886_e1c5_0000_1605004782_35_generated
2871_3886_0000_1605004783_36_generated
c59f_2871_0000_1605004786_37_generated
0868_2871_0000_1605004785_37_received
4c8e_0868_0000_1605004786_38_received
a9c7_4c8e_0000_1605004787_39_received
023b_a9c7_0000_1605004787_40_received
d696_023b_0000_1605004789_41_generated
0ed1_023b_0000_1605004788_41_received
7993_0ed1_0000_1605004792_42_received
ab21_7993_0000_1605004795_43_generated
79e9_ab21_0000_1605004796_44_generated
f9bb_79e9_0000_1605004797_45_received
b45a_f9bb_0000_1605004799_46_received
e651_b45a_0000_1605004802_47_generated
baa4_e651_0000_1605004803_48_generated
d3a0_b45a_0000_1605004803_47_received
1e11_baa4_0000_1605004806_49_generated
d7ed_1e11_0000_1605004806_50_generated
6196_d7ed_0000_1605004809_51_generated
73fe_6196_0000_1605004811_52_received
0c47_73fe_0000_1605004813_53_generated
7820_0c47_0000_1605004814_54_generated
f4ff_7820_0000_1605004814_55_generated
b3a2_f4ff_0000_1605004816_56_generated
de36_b3a2_0000_1605004816_57_generated
e6ac_de36_0000_1605004817_58_generated
5458_e6ac_0000_1605004817_59_generated
696e_5458_0000_1605004818_60_generated
7566_f4ff_0000_1605004817_56_received
d483_696e_0000_1605004819_61_generated
3565_d483_0000_1605004820_62_generated
9407_696e_0000_1605004820_61_received
7d85_3565_0000_1605004822_63_generated
67c6_7d85_0000_1605004823_64_generated
643b_67c6_0000_1605004826_65_generated
3175_643b_0000_1605004829_66_generated
00f2_3175_0000_1605004830_67_generated
fb9b_00f2_0000_1605004830_68_generated
e1ed_fb9b_0000_1605004830_69_generated
63a1_fb9b_0000_1605004831_69_received
002f_e1ed_0000_1605004832_70_generated
b97b_002f_0000_1605004838_71_generated
1b79_002f_0000_1605004837_71_received
4393_b97b_0000_1605004838_72_generated
54bb_4393_0000_1605004841_73_generated
306f_54bb_0000_1605004841_74_generated
5665_306f_0000_1605004844_75_generated
8541_5665_0000_1605004845_76_generated
4e54_8541_0000_1605004846_77_received
8093_4e54_0000_1605004848_78_generated
5a9d_8093_0000_1605004848_79_generated
7ddd_5a9d_0000_1605004849_80_generated
cf49_7ddd_0000_1605004850_81_generated
68b5_cf49_0000_1605004852_82_generated
8d1e_68b5_0000_1605004852_83_generated
fe0e_5a9d_0000_1605004850_80_received
7d4a_8d1e_0000_1605004853_84_generated
a6aa_cf49_0000_1605004853_82_received
c308_a6aa_0000_1605004853_83_received
1850_7d4a_0000_1605004854_85_generated
2cb1_1850_0000_1605004855_86_generated
a99f_cf49_0000_1605004854_82_received
4213_7d4a_0000_1605004855_85_received
a00e_2cb1_0000_1605004856_87_generated
5629_a00e_0000_1605004857_88_received
0094_5629_0000_1605004859_89_generated
9ce0_0094_0000_1605004862_90_generated
998e_9ce0_0000_1605004863_91_generated
641e_998e_0000_1605004864_92_generated
a676_0094_0000_1605004863_90_received
9c36_641e_0000_1605004866_93_generated
2e27_9c36_0000_1605004868_94_generated
46ef_2e27_0000_1605004869_95_generated
6144_46ef_0000_1605004869_96_generated
3329_9c36_0000_1605004869_94_received
93ab_6144_0000_1605004871_97_generated
628f_3329_0000_1605004870_95_received
1ae6_93ab_0000_1605004872_98_generated
914c_1ae6_0000_1605004872_99_generated
2280_914c_0000_1605004874_100_generated
55f4_914c_0000_1605004873_100_received
3a11_2280_0000_1605004876_101_generated
1bea_55f4_0000_1605004875_101_received
c425_1bea_0000_1605004876_102_received
1e0d_c425_0000_1605004877_103_received
76ab_1e0d_0000_1605004880_104_generated
b8d8_76ab_0000_1605004880_105_received
3963_b8d8_0000_1605004883_106_generated
a3ce_3963_0000_1605004883_107_generated
b701_a3ce_0000_1605004883_108_generated
20fc_b8d8_0000_1605004882_106_received
63b9_b701_0000_1605004884_109_generated
718c_20fc_0000_1605004883_107_received
c8f6_b701_0000_1605004885_109_received
30dd_63b9_0000_1605004888_110_generated
8909_30dd_0000_1605004889_111_generated
254f_8909_0000_1605004891_112_generated
ac3f_254f_0000_1605004891_113_generated
4146_30dd_0000_1605004891_111_received
fbbc_ac3f_0000_1605004894_114_received
9d98_fbbc_0000_1605004897_115_generated
b6c3_9d98_0000_1605004901_116_generated
da11_9d98_0000_1605004900_116_received
7990_b6c3_0000_1605004902_117_generated
1801_7990_0000_1605004902_118_generated
7119_1801_0000_1605004904_119_generated
504c_da11_0000_1605004902_117_received
3363_7119_0000_1605004904_120_generated
d246_3363_0000_1605004907_121_received
0461_d246_0000_1605004911_122_generated
5e1a_d246_0000_1605004912_122_received
1b9d_0461_0000_1605004915_123_generated
7c8c_1b9d_0000_1605004916_124_generated
0fd1_7c8c_0000_1605004916_125_generated
e89f_0fd1_0000_1605004917_126_generated
ecfe_e89f_0000_1605004917_127_generated
51c6_ecfe_0000_1605004917_128_generated
a54c_51c6_0000_1605004920_129_generated
9101_a54c_0000_1605004921_130_generated
c950_9101_0000_1605004921_131_generated
9042_c950_0000_1605004924_132_generated
2797_9042_0000_1605004924_133_generated
1bfe_c950_0000_1605004923_132_received
8fe6_1bfe_0000_1605004925_133_received
d688_2797_0000_1605004926_134_generated
8fd6_1bfe_0000_1605004926_133_received
60b5_d688_0000_1605004928_135_received
f1b2_60b5_0000_1605004933_136_generated
5ef3_f1b2_0000_1605004933_137_generated
d73c_5ef3_0000_1605004933_138_generated
882c_d73c_0000_1605004934_139_generated
f3b6_882c_0000_1605004934_140_generated
f8f7_f3b6_0000_1605004936_141_received
4dd6_f8f7_0000_1605004941_142_generated
c2f4_4dd6_0000_1605004941_143_generated
4183_c2f4_0000_1605004943_144_generated
bcaa_4dd6_0000_1605004942_143_received
7418_4183_0000_1605004944_145_generated
95cc_7418_0000_1605004946_146_generated
c4e6_95cc_0000_1605004946_147_generated
dc48_4183_0000_1605004945_145_received
e6b5_c4e6_0000_1605004947_148_generated
c6e2_e6b5_0000_1605004948_149_generated
79ef_c6e2_0000_1605004949_150_generated
db07_79ef_0000_1605004950_151_generated
767e_e6b5_0000_1605004949_149_received
30be_db07_0000_1605004952_152_generated
e2cc_79ef_0000_1605004951_151_received
f337_30be_0000_1605004952_153_generated
10f9_30be_0000_1605004953_153_received
ba53_f337_0000_1605004955_154_generated
0453_ba53_0000_1605004957_155_received
4477_10f9_0000_1605004957_154_received
7d45_0453_0000_1605004962_156_generated
ffc1_0453_0000_1605004960_156_received
4822_ffc1_0000_1605004962_157_received
d14f_4822_0000_1605004965_158_generated
d933_4822_0000_1605004966_158_received
51f7_d14f_0000_1605004969_159_generated
2da9_51f7_0000_1605004970_160_generated
2773_d933_0000_1605004970_159_received
f018_2da9_0000_1605004972_161_generated
dad3_f018_0000_1605004973_162_generated
c4a8_2da9_0000_1605004973_161_received
9b7d_dad3_0000_1605004974_163_generated
243a_c4a8_0000_1605004974_162_received
88af_243a_0000_1605004975_163_received
f01d_88af_0000_1605004978_164_received
9256_88af_0000_1605004977_164_received
74e4_f01d_0000_1605004982_165_generated
1ec9_f01d_0000_1605004983_165_received
0330_74e4_0000_1605004984_166_generated
408c_1ec9_0000_1605004985_166_received
be35_0330_0000_1605004986_167_generated
8e8f_be35_0000_1605004987_168_generated
51de_8e8f_0000_1605004989_169_generated
0045_51de_0000_1605004990_170_generated
9731_0045_0000_1605004991_171_generated
b0cf_9731_0000_1605004991_172_generated
9dd8_b0cf_0000_1605004995_173_received
e93b_9dd8_0000_1605004999_174_generated
6088_e93b_0000_1605005000_175_generated
f3bd_9dd8_0000_1605005000_174_received
43b2_f3bd_0000_1605005000_175_received
3457_6088_0000_1605005002_176_generated
ccda_3457_0000_1605005002_177_generated
3028_ccda_0000_1605005003_178_generated
11a9_43b2_0000_1605005003_176_received
8758_3028_0000_1605005006_179_received
7d26_8758_0000_1605005008_180_generated
d834_8758_0000_1605005007_180_received
f0ac_d834_0000_1605005008_181_received
2219_f0ac_0000_1605005010_182_generated
fe33_2219_0000_1605005011_183_generated
054a_2219_0000_1605005012_183_received
96ef_fe33_0000_1605005014_184_generated
ffa9_96ef_0000_1605005014_185_generated
3dcd_ffa9_0000_1605005016_186_generated
05d3_3dcd_0000_1605005017_187_generated
6352_05d3_0000_1605005017_188_generated
a735_6352_0000_1605005018_189_generated
b39d_a735_0000_1605005018_190_generated
101a_b39d_0000_1605005020_191_generated
9c2d_101a_0000_1605005024_192_generated
2b65_9c2d_0000_1605005024_193_generated
5ded_2b65_0000_1605005025_194_generated
e6ca_5ded_0000_1605005029_195_received
1b5f_e6ca_0000_1605005030_196_generated
1873_1b5f_0000_1605005031_197_generated
6827_e6ca_0000_1605005031_196_received
b404_1873_0000_1605005032_198_generated
af3d_b404_0000_1605005033_199_generated
7a8c_af3d_0000_1605005034_200_generated
260a_7a8c_0000_1605005034_201_generated
79a3_260a_0000_1605005036_202_generated
d1c8_79a3_0000_1605005036_203_generated
4b05_d1c8_0000_1605005038_204_generated
b718_4b05_0000_1605005041_205_generated
1f9a_4b05_0000_1605005040_205_received
e318_1f9a_0000_1605005040_206_received
414c_e318_0000_1605005043_207_generated
dcfe_414c_0000_1605005043_208_generated
9f7c_dcfe_0000_1605005044_209_generated
8dae_9f7c_0000_1605005044_210_generated
c1cc_8dae_0000_1605005044_211_generated
cadc_c1cc_0000_1605005045_212_generated
2d3d_e318_0000_1605005042_207_received
535a_cadc_0000_1605005046_213_generated
4d46_535a_0000_1605005047_214_generated
cee5_4d46_0000_1605005050_215_generated
b71a_cee5_0000_1605005051_216_generated
9156_b71a_0000_1605005055_217_generated
a8dc_9156_0000_1605005057_218_generated
dda6_b71a_0000_1605005056_217_received
2ed8_dda6_0000_1605005057_218_received
a0d0_b71a_0000_1605005057_217_received
e5ba_a8dc_0000_1605005060_219_generated
1465_e5ba_0000_1605005062_220_generated
d27b_1465_0000_1605005065_221_generated
79b6_1465_0000_1605005064_221_received
5e38_d27b_0000_1605005066_222_generated
76da_5e38_0000_1605005069_223_generated
e29d_76da_0000_1605005069_224_generated
bfe5_e29d_0000_1605005070_225_generated
2501_bfe5_0000_1605005070_226_generated
a936_79b6_0000_1605005069_222_received
20f7_2501_0000_1605005075_227_generated
002e_20f7_0000_1605005075_228_generated
3c7e_002e_0000_1605005075_229_generated
8ea5_3c7e_0000_1605005078_230_generated
e8ea_8ea5_0000_1605005080_231_received
510f_e8ea_0000_1605005082_232_generated
d0cc_510f_0000_1605005083_233_generated
3d78_d0cc_0000_1605005083_234_generated
8059_510f_0000_1605005084_233_received
5d25_3d78_0000_1605005088_235_generated
8d34_5d25_0000_1605005090_236_generated
bc6d_3d78_0000_1605005089_235_received
d3a7_8d34_0000_1605005092_237_generated
8e89_d3a7_0000_1605005092_238_generated
e917_8e89_0000_1605005093_239_generated
4f0a_e917_0000_1605005095_240_generated
a1e9_8d34_0000_1605005093_237_received
696c_4f0a_0000_1605005096_241_generated
3e97_696c_0000_1605005097_242_generated
679c_3e97_0000_1605005098_243_generated
50cb_679c_0000_1605005099_244_generated
d2d7_50cb_0000_1605005101_245_generated
1eb1_d2d7_0000_1605005101_246_received
bbdf_1eb1_0000_1605005104_247_generated
6a3c_bbdf_0000_1605005104_248_generated
bf66_6a3c_0000_1605005105_249_generated
dca8_1eb1_0000_1605005105_247_received
7ab3_bf66_0000_1605005109_250_received
7ada_7ab3_0000_1605005110_251_received
b6e9_7ada_0000_1605005113_252_received
8398_b6e9_0000_1605005114_253_generated
7c7b_b6e9_0000_1605005113_253_received
b6db_7c7b_0000_1605005115_254_received
31a6_b6db_0000_1605005118_255_generated
0202_b6db_0000_1605005117_255_received
4883_0202_0000_1605005119_256_received
7cf9_4883_0000_1605005122_257_generated
30ef_7cf9_0000_1605005124_258_generated
0beb_30ef_0000_1605005124_259_generated
bfb2_7cf9_0000_1605005123_258_received
42ff_4883_0000_1605005124_257_received
7696_0beb_0000_1605005127_260_generated
d285_7696_0000_1605005128_261_generated
3f0d_d285_0000_1605005128_262_generated
0d45_7696_0000_1605005127_261_received
b82e_0d45_0000_1605005128_262_received
5b53_b82e_0000_1605005128_263_received
8b45_5b53_0000_1605005130_264_generated
724c_5b53_0000_1605005131_264_received
74c3_724c_0000_1605005131_265_received
e2d6_74c3_0000_1605005133_266_received
aa07_e2d6_0000_1605005135_267_generated
2b39_74c3_0000_1605005134_266_received
fda9_aa07_0000_1605005137_268_generated
9359_fda9_0000_1605005137_269_received
82ae_9359_0000_1605005140_270_generated
b1cf_82ae_0000_1605005141_271_generated
a5d6_b1cf_0000_1605005143_272_generated
e91a_a5d6_0000_1605005144_273_generated
feb3_e91a_0000_1605005145_274_generated
ed2c_feb3_0000_1605005150_275_generated
ff78_ed2c_0000_1605005153_276_received
e541_ff78_0000_1605005154_277_received
a343_e541_0000_1605005156_278_generated
344f_a343_0000_1605005156_279_generated
2600_344f_0000_1605005157_280_generated
6fef_2600_0000_1605005160_281_generated
944d_2600_0000_1605005159_281_received
a30a_944d_0000_1605005160_282_received
dbaf_a343_0000_1605005159_279_received
e696_a30a_0000_1605005163_283_generated
edfd_e696_0000_1605005165_284_received
eef3_edfd_0000_1605005167_285_generated
cb76_eef3_0000_1605005167_286_generated
dd24_cb76_0000_1605005168_287_generated
8f36_dd24_0000_1605005168_288_generated
4787_8f36_0000_1605005169_289_generated
61f7_4787_0000_1605005170_290_generated
9464_61f7_0000_1605005170_291_generated
c5b4_9464_0000_1605005171_292_generated
a70d_c5b4_0000_1605005171_293_generated
58a0_a70d_0000_1605005172_294_generated
7be9_58a0_0000_1605005173_295_generated
1ef1_7be9_0000_1605005173_296_generated
84ce_1ef1_0000_1605005174_297_generated
e9f1_84ce_0000_1605005174_298_generated
46c7_e9f1_0000_1605005175_299_generated
f742_8f36_0000_1605005172_289_received
726b_46c7_0000_1605005177_300_generated
2e91_726b_0000_1605005177_301_generated
303f_2e91_0000_1605005179_302_generated
41da_303f_0000_1605005181_303_generated
4f4c_41da_0000_1605005182_304_generated
0d26_4f4c_0000_1605005185_305_generated
634c_0d26_0000_1605005185_306_generated
63dc_4f4c_0000_1605005184_305_received
4ebd_634c_0000_1605005187_307_generated
67fe_4ebd_0000_1605005189_308_generated
a929_67fe_0000_1605005191_309_generated
ccdf_a929_0000_1605005193_310_generated
4ec2_ccdf_0000_1605005194_311_generated
ab2f_4ec2_0000_1605005195_312_generated
f6be_a929_0000_1605005194_310_received
2276_ab2f_0000_1605005196_313_generated
d50e_2276_0000_1605005197_314_generated
ae9e_d50e_0000_1605005199_315_generated
3f5c_ae9e_0000_1605005200_316_generated
b618_3f5c_0000_1605005201_317_generated
8ffd_b618_0000_1605005202_318_generated
6be1_8ffd_0000_1605005202_319_generated
040f_6be1_0000_1605005203_320_generated
833f_040f_0000_1605005203_321_generated
126f_833f_0000_1605005208_322_generated
5bbb_833f_0000_1605005207_322_received
2834_5bbb_0000_1605005208_323_received
812d_2834_0000_1605005214_324_generated
27b7_812d_0000_1605005215_325_generated
ca84_27b7_0000_1605005216_326_received
cbcf_ca84_0000_1605005218_327_generated
8ca4_2834_0000_1605005215_324_received
9592_cbcf_0000_1605005220_328_generated
8d1f_9592_0000_1605005220_329_generated
bc69_8ca4_0000_1605005217_325_received
2b82_8d1f_0000_1605005221_330_generated
cc72_2b82_0000_1605005222_331_generated
5ea5_ca84_0000_1605005219_327_received
c268_cc72_0000_1605005223_332_generated
28f2_c268_0000_1605005226_333_generated
2b57_28f2_0000_1605005226_334_generated
5fa5_2b57_0000_1605005227_335_generated
ff6a_5fa5_0000_1605005230_336_generated
6f26_ff6a_0000_1605005231_337_generated
14c8_6f26_0000_1605005231_338_generated
3934_14c8_0000_1605005237_339_generated
4444_3934_0000_1605005238_340_generated
0494_14c8_0000_1605005238_339_received
dc83_4444_0000_1605005240_341_received
2d86_dc83_0000_1605005244_342_generated
bcda_2d86_0000_1605005244_343_generated
a515_bcda_0000_1605005246_344_generated
b30a_a515_0000_1605005249_345_generated
9cb0_b30a_0000_1605005249_346_generated
d681_9cb0_0000_1605005250_347_generated
16c7_d681_0000_1605005253_348_generated
676c_16c7_0000_1605005255_349_generated
34af_676c_0000_1605005257_350_received
b9ca_34af_0000_1605005260_351_generated
49ab_34af_0000_1605005259_351_received
4140_49ab_0000_1605005260_352_received
1b24_676c_0000_1605005258_350_received
a8ae_4140_0000_1605005263_353_generated
ff40_4140_0000_1605005262_353_received
1e2e_ff40_0000_1605005263_354_received
4cdc_1e2e_0000_1605005264_355_received
ced8_4cdc_0000_1605005268_356_generated
0054_ced8_0000_1605005272_357_received
4591_0054_0000_1605005272_358_received
9f74_4591_0000_1605005275_359_generated
b441_9f74_0000_1605005276_360_generated
54cc_b441_0000_1605005276_361_generated
11b4_54cc_0000_1605005277_362_generated
3598_b441_0000_1605005278_361_received
ebd0_11b4_0000_1605005283_363_generated
34f4_ebd0_0000_1605005284_364_generated
e53c_11b4_0000_1605005284_363_received
26e0_e53c_0000_1605005285_364_received
0433_34f4_0000_1605005290_365_generated
c159_0433_0000_1605005291_366_generated
92d4_26e0_0000_1605005288_365_received
7455_92d4_0000_1605005292_366_received
401f_c159_0000_1605005294_367_received
8218_401f_0000_1605005296_368_generated
a61e_401f_0000_1605005294_368_received
f600_8218_0000_1605005299_369_generated
0775_a61e_0000_1605005299_369_received
47d1_0775_0000_1605005300_370_received
efcd_47d1_0000_1605005303_371_generated
8332_efcd_0000_1605005304_372_generated
0c16_47d1_0000_1605005301_371_received
2c79_0c16_0000_1605005302_372_received
52fd_a61e_0000_1605005300_369_received
d1ff_2c79_0000_1605005305_373_received
34db_d1ff_0000_1605005308_374_generated
eadd_34db_0000_1605005309_375_generated
2738_eadd_0000_1605005310_376_generated
b818_2738_0000_1605005314_377_generated
d921_eadd_0000_1605005313_376_received
a7b1_b818_0000_1605005317_378_received
c07b_a7b1_0000_1605005317_379_received
4ed5_d921_0000_1605005317_377_received
25bb_4ed5_0000_1605005317_378_received
df23_c07b_0000_1605005322_380_generated
3d28_df23_0000_1605005322_381_generated
cf79_3d28_0000_1605005324_382_generated
649e_cf79_0000_1605005325_383_generated
08c2_649e_0000_1605005326_384_generated
bdb4_df23_0000_1605005324_381_received
fc62_c07b_0000_1605005323_380_received
c31e_08c2_0000_1605005329_385_generated
8c48_bdb4_0000_1605005328_382_received
9730_bdb4_0000_1605005329_382_received
08d7_c31e_0000_1605005333_386_received
3ad9_08d7_0000_1605005336_387_received
c0a8_3ad9_0000_1605005337_388_received
21e7_c0a8_0000_1605005339_389_generated
0ec9_08d7_0000_1605005337_387_received
5893_21e7_0000_1605005343_390_generated
7e25_21e7_0000_1605005344_390_received
c73c_5893_0000_1605005347_391_generated
6f1b_c73c_0000_1605005349_392_generated
4220_6f1b_0000_1605005350_393_generated
632c_7e25_0000_1605005347_391_received
93ca_632c_0000_1605005349_392_received
314b_7e25_0000_1605005349_391_received
a0be_4220_0000_1605005355_394_generated
d9bc_a0be_0000_1605005358_395_received
d7bb_4220_0000_1605005358_394_received
d60a_d9bc_0000_1605005361_396_received
8fa2_d60a_0000_1605005362_397_received
361e_8fa2_0000_1605005364_398_received
4b2d_361e_0000_1605005365_399_received
e81c_4b2d_0000_1605005370_400_generated
cc0d_e81c_0000_1605005370_401_generated
5051_e81c_0000_1605005371_401_received
45d2_cc0d_0000_1605005373_402_generated
2607_45d2_0000_1605005375_403_generated
67b0_2607_0000_1605005376_404_generated
c4f1_67b0_0000_1605005377_405_generated
0cf2_c4f1_0000_1605005378_406_generated
05ea_0cf2_0000_1605005379_407_generated
918f_05ea_0000_1605005380_408_generated
5d06_918f_0000_1605005381_409_generated
1fe0_5d06_0000_1605005382_410_generated
45a6_c4f1_0000_1605005380_406_received
f8bf_1fe0_0000_1605005385_411_generated
d2d0_f8bf_0000_1605005387_412_generated
c0dc_d2d0_0000_1605005388_413_generated
5978_c0dc_0000_1605005389_414_generated
a3cf_5978_0000_1605005393_415_generated
169e_a3cf_0000_1605005394_416_generated
ca9a_169e_0000_1605005394_417_generated
020c_5978_0000_1605005394_415_received
7c25_ca9a_0000_1605005397_418_generated
9d5f_020c_0000_1605005396_416_received
7dff_7c25_0000_1605005401_419_generated
8df7_7dff_0000_1605005402_420_generated
43a6_8df7_0000_1605005403_421_generated
0b13_43a6_0000_1605005405_422_generated
cf18_7dff_0000_1605005404_420_received
c9d2_43a6_0000_1605005406_422_received
4600_c9d2_0000_1605005407_423_received
b196_4600_0000_1605005411_424_received
b16f_b196_0000_1605005413_425_received
fb57_b16f_0000_1605005413_426_received
b2b8_fb57_0000_1605005416_427_received
011f_b2b8_0000_1605005417_428_received
6544_011f_0000_1605005418_429_received
a734_6544_0000_1605005419_430_received
40e3_a734_0000_1605005420_431_received
1d05_40e3_0000_1605005421_432_received
a16d_1d05_0000_1605005426_433_generated
caee_1d05_0000_1605005424_433_received
1223_caee_0000_1605005426_434_received
0503_1223_0000_1605005429_435_generated
a422_0503_0000_1605005432_436_generated
81fd_a422_0000_1605005434_437_generated
87a3_0503_0000_1605005434_436_received
ea9e_81fd_0000_1605005438_438_generated
6a62_81fd_0000_1605005439_438_received
61b5_ea9e_0000_1605005446_439_generated
dd57_6a62_0000_1605005444_439_received
656a_dd57_0000_1605005446_440_received
8188_656a_0000_1605005450_441_generated
ff68_8188_0000_1605005453_442_generated
847f_ff68_0000_1605005454_443_generated
23a9_847f_0000_1605005455_444_generated
ea28_656a_0000_1605005452_441_received
92dc_23a9_0000_1605005458_445_generated
