72ce_9e1c_0000_1605076850_1_generated
2148_72ce_0000_1605076852_2_received
c77b_2148_0000_1605076856_3_generated
b264_c77b_0000_1605076857_4_generated
9a82_b264_0000_1605076857_5_generated
6b8f_9a82_0000_1605076865_6_received
8eef_6b8f_0000_1605076865_7_received
5eb1_8eef_0000_1605076866_8_received
2edd_5eb1_0000_1605076871_9_generated
0caa_5eb1_0000_1605076872_9_received
5237_2edd_0000_1605076874_10_generated
3aae_0caa_0000_1605076874_10_received
d8f3_3aae_0000_1605076875_11_received
5a18_d8f3_0000_1605076875_12_received
753e_5a18_0000_1605076880_13_generated
3bca_753e_0000_1605076891_14_generated
4657_753e_0000_1605076892_14_received
4f8b_4657_0000_1605076896_15_received
3a4d_5237_0000_1605076899_11_received
c11e_4f8b_0000_1605076902_16_generated
d35f_c11e_0000_1605076903_17_received
9e21_d35f_0000_1605076909_18_generated
97d0_d35f_0000_1605076908_18_received
8566_9e21_0000_1605076910_19_generated
031b_3a4d_0000_1605076909_12_received
6070_97d0_0000_1605076909_19_received
1b6f_6070_0000_1605076912_20_received
c495_1b6f_0000_1605076915_21_received
74ca_c495_0000_1605076917_22_received
a87f_74ca_0000_1605076922_23_generated
6e56_031b_0000_1605076921_13_received
f6b7_a87f_0000_1605076924_24_received
b091_f6b7_0000_1605076927_25_generated
197d_b091_0000_1605076932_26_received
8185_197d_0000_1605076933_27_received
821d_8185_0000_1605076933_28_received
436f_821d_0000_1605076936_29_received
4fd5_436f_0000_1605076938_30_generated
e620_4fd5_0000_1605076940_31_generated
6c4b_e620_0000_1605076942_32_generated
9630_6c4b_0000_1605076945_33_generated
03c9_9630_0000_1605076945_34_generated
12e4_03c9_0000_1605076946_35_generated
9422_12e4_0000_1605076947_36_generated
7617_9422_0000_1605076950_37_received
2109_6e56_0000_1605076952_14_received
783a_7617_0000_1605076957_38_generated
24cf_2109_0000_1605076957_15_received
282b_783a_0000_1605076962_39_generated
e9a6_282b_0000_1605076969_40_generated
3b1a_e9a6_0000_1605076971_41_generated
fb3b_3b1a_0000_1605076971_42_generated
1a5e_24cf_0000_1605076979_16_received
28d3_fb3b_0000_1605076979_43_received
0d8b_28d3_0000_1605076980_44_received
bc3e_1a5e_0000_1605076981_17_received
1f66_bc3e_0000_1605076983_18_received
6004_1f66_0000_1605076984_19_received
3ab7_6004_0000_1605076984_20_received
feac_0d8b_0000_1605076985_45_received
be23_feac_0000_1605076989_46_received
50c8_be23_0000_1605076992_47_received
291d_3ab7_0000_1605076993_21_received
6730_50c8_0000_1605076998_48_generated
5cf3_6730_0000_1605077001_49_generated
ce2f_5cf3_0000_1605077002_50_received
3074_ce2f_0000_1605077004_51_received
d97c_3074_0000_1605077007_52_received
f67c_d97c_0000_1605077009_53_generated
dca4_291d_0000_1605077008_22_received
dc4f_f67c_0000_1605077015_54_received
5697_dca4_0000_1605077016_23_received
5b4d_dc4f_0000_1605077025_55_generated
5ac6_5697_0000_1605077025_24_received
b1bb_5b4d_0000_1605077028_56_received
71f6_b1bb_0000_1605077032_57_generated
d0ce_71f6_0000_1605077032_58_generated
24af_d0ce_0000_1605077035_59_received
9c07_24af_0000_1605077037_60_generated
8fbd_9c07_0000_1605077038_61_generated
467b_8fbd_0000_1605077039_62_received
cdc0_5ac6_0000_1605077040_25_received
6305_467b_0000_1605077041_63_generated
2578_cdc0_0000_1605077041_26_received
d2d9_6305_0000_1605077047_64_generated
5358_2578_0000_1605077046_27_received
f8e5_d2d9_0000_1605077049_65_received
3c76_5358_0000_1605077052_28_received
6715_f8e5_0000_1605077053_66_received
7ccb_6715_0000_1605077054_67_received
5981_7ccb_0000_1605077055_68_received
1851_3c76_0000_1605077064_29_received
21fd_1851_0000_1605077065_30_received
500f_5981_0000_1605077068_69_received
8616_500f_0000_1605077068_70_received
5c38_8616_0000_1605077069_71_generated
3866_5c38_0000_1605077075_72_generated
6f20_5c38_0000_1605077074_72_received
09fe_3866_0000_1605077077_73_generated
dd59_09fe_0000_1605077080_74_received
949a_21fd_0000_1605077081_31_received
d563_949a_0000_1605077085_32_received
7fcf_dd59_0000_1605077085_75_received
45bf_d563_0000_1605077086_33_received
adb3_7fcf_0000_1605077088_76_received
1fcc_adb3_0000_1605077089_77_generated
22b5_adb3_0000_1605077090_77_received
b0f7_45bf_0000_1605077090_34_received
c365_1fcc_0000_1605077098_78_generated
eba5_c365_0000_1605077098_79_generated
4c5b_b0f7_0000_1605077100_35_received
0946_eba5_0000_1605077101_80_received
e49f_4c5b_0000_1605077103_36_received
1d94_0946_0000_1605077106_81_generated
67a0_1d94_0000_1605077108_82_generated
2c97_e49f_0000_1605077109_37_received
8721_67a0_0000_1605077115_83_generated
3181_8721_0000_1605077118_84_received
8395_3181_0000_1605077123_85_generated
65ff_8395_0000_1605077124_86_generated
ca9a_2c97_0000_1605077125_38_received
b77b_ca9a_0000_1605077125_39_received
d6a0_65ff_0000_1605077129_87_received
a8b6_d6a0_0000_1605077132_88_generated
d0e7_a8b6_0000_1605077132_89_generated
7487_d0e7_0000_1605077136_90_generated
3a88_7487_0000_1605077137_91_received
79fb_3a88_0000_1605077138_92_received
ee77_79fb_0000_1605077143_93_received
f664_ee77_0000_1605077146_94_generated
4c8b_f664_0000_1605077148_95_received
1683_4c8b_0000_1605077151_96_generated
4054_b77b_0000_1605077152_40_received
f7bb_1683_0000_1605077154_97_generated
1509_4054_0000_1605077156_41_received
5694_f7bb_0000_1605077159_98_received
e853_5694_0000_1605077161_99_generated
5aa9_1509_0000_1605077163_42_received
8eb2_e853_0000_1605077164_100_received
c970_8eb2_0000_1605077167_101_received
e675_c970_0000_1605077170_102_generated
cf23_e675_0000_1605077173_103_received
56d2_cf23_0000_1605077175_104_received
40d7_56d2_0000_1605077178_105_received
ebcb_5aa9_0000_1605077178_43_received
6ee8_40d7_0000_1605077180_106_received
84cb_ebcb_0000_1605077181_44_received
4d5a_6ee8_0000_1605077183_107_generated
238b_84cb_0000_1605077185_45_received
3942_238b_0000_1605077188_46_received
6b00_4d5a_0000_1605077196_108_generated
67ea_6b00_0000_1605077198_109_generated
4038_3942_0000_1605077196_47_received
e5a8_4038_0000_1605077199_48_received
6f12_67ea_0000_1605077202_110_received
8a2c_6f12_0000_1605077204_111_generated
571a_8a2c_0000_1605077210_112_received
37e6_e5a8_0000_1605077210_49_received
4292_571a_0000_1605077212_113_received
ec4f_37e6_0000_1605077214_50_received
09d9_4292_0000_1605077220_114_generated
84c0_09d9_0000_1605077221_115_generated
c4d6_ec4f_0000_1605077222_51_received
4969_84c0_0000_1605077227_116_received
b67c_4969_0000_1605077228_117_received
ef37_b67c_0000_1605077232_118_received
6c03_ef37_0000_1605077233_119_generated
8873_6c03_0000_1605077234_120_received
7ce5_c4d6_0000_1605077237_52_received
5cdf_8873_0000_1605077237_121_received
d2ee_7ce5_0000_1605077238_53_received
707a_d2ee_0000_1605077238_54_received
cc8c_5cdf_0000_1605077243_122_received
b1a9_707a_0000_1605077244_55_received
8ae9_cc8c_0000_1605077248_123_generated
88a2_8ae9_0000_1605077250_124_generated
3cc1_8ae9_0000_1605077249_124_received
f4e5_b1a9_0000_1605077250_56_received
0004_3cc1_0000_1605077251_125_received
91f8_f4e5_0000_1605077253_57_received
2da9_0004_0000_1605077255_126_generated
4142_2da9_0000_1605077257_127_generated
b268_4142_0000_1605077259_128_received
c56a_b268_0000_1605077260_129_received
4448_c56a_0000_1605077267_130_received
d06f_4448_0000_1605077276_131_received
2018_91f8_0000_1605077277_58_received
5a23_d06f_0000_1605077282_132_received
e32f_5a23_0000_1605077285_133_received
1b3b_e32f_0000_1605077289_134_generated
90be_1b3b_0000_1605077295_135_generated
c606_2018_0000_1605077295_59_received
2025_90be_0000_1605077298_136_generated
733b_c606_0000_1605077300_60_received
2d92_733b_0000_1605077301_61_received
7cf1_2025_0000_1605077303_137_generated
efa2_7cf1_0000_1605077305_138_generated
d722_efa2_0000_1605077307_139_received
472b_d722_0000_1605077310_140_received
be88_472b_0000_1605077314_141_received
1b9e_be88_0000_1605077316_142_received
030b_2d92_0000_1605077316_62_received
364a_1b9e_0000_1605077317_143_received
d102_364a_0000_1605077322_144_generated
7765_d102_0000_1605077323_145_generated
84ca_7765_0000_1605077326_146_generated
2671_7765_0000_1605077325_146_received
4fbc_030b_0000_1605077326_63_received
8601_2671_0000_1605077327_147_received
cb9a_8601_0000_1605077332_148_received
65aa_cb9a_0000_1605077335_149_received
8069_65aa_0000_1605077343_150_generated
6139_4fbc_0000_1605077343_64_received
1620_6139_0000_1605077344_65_received
fd27_65aa_0000_1605077344_150_received
b345_fd27_0000_1605077346_151_received
18e7_1620_0000_1605077352_66_received
22d4_b345_0000_1605077352_152_received
d4c7_18e7_0000_1605077352_67_received
c09f_22d4_0000_1605077354_153_generated
058f_c09f_0000_1605077355_154_received
4c32_058f_0000_1605077361_155_generated
0e4b_4c32_0000_1605077363_156_received
7667_d4c7_0000_1605077364_68_received
7eb2_7667_0000_1605077367_69_received
8636_7eb2_0000_1605077371_70_received
b419_8636_0000_1605077378_71_received
d06d_0e4b_0000_1605077383_157_generated
f5c2_d06d_0000_1605077384_158_generated
c644_f5c2_0000_1605077392_159_generated
6b6f_b419_0000_1605077392_72_received
8b51_6b6f_0000_1605077393_73_received
bdf6_c644_0000_1605077397_160_received
56be_8b51_0000_1605077400_74_received
54d6_bdf6_0000_1605077401_161_received
90ec_54d6_0000_1605077409_162_received
7444_56be_0000_1605077409_75_received
56bd_7444_0000_1605077409_76_received
90aa_90ec_0000_1605077411_163_generated
be7b_56bd_0000_1605077413_77_received
120e_90aa_0000_1605077417_164_generated
23bd_be7b_0000_1605077418_78_received
af0c_120e_0000_1605077419_165_received
f623_af0c_0000_1605077422_166_received
c035_f623_0000_1605077425_167_received
4fab_c035_0000_1605077430_168_received
66e9_4fab_0000_1605077434_169_generated
67ab_66e9_0000_1605077436_170_received
c5c2_67ab_0000_1605077437_171_received
ebec_23bd_0000_1605077439_79_received
d9e6_c5c2_0000_1605077443_172_received
d6e8_d9e6_0000_1605077445_173_generated
f97a_d9e6_0000_1605077446_173_received
aefc_d6e8_0000_1605077448_174_generated
0dff_ebec_0000_1605077449_80_received
a219_aefc_0000_1605077452_175_generated
8b1c_0dff_0000_1605077454_81_received
eb5b_8b1c_0000_1605077454_82_received
d3d8_a219_0000_1605077457_176_received
f270_d3d8_0000_1605077459_177_generated
9f4c_d3d8_0000_1605077460_177_received
1dbd_f270_0000_1605077462_178_generated
0f75_eb5b_0000_1605077461_83_received
8cdc_1dbd_0000_1605077463_179_generated
c480_0f75_0000_1605077475_84_received
71f7_8cdc_0000_1605077478_180_received
6fb5_71f7_0000_1605077479_181_received
1b0d_c480_0000_1605077481_85_received
e920_6fb5_0000_1605077488_182_generated
e08e_1b0d_0000_1605077489_86_received
aba9_e920_0000_1605077496_183_generated
fb86_aba9_0000_1605077497_184_generated
4a5c_fb86_0000_1605077498_185_generated
660f_4a5c_0000_1605077510_186_generated
9f7f_660f_0000_1605077510_187_generated
5685_9f7f_0000_1605077513_188_generated
f0a2_e08e_0000_1605077512_87_received
54c0_5685_0000_1605077521_189_received
ad5f_f0a2_0000_1605077523_88_received
afec_ad5f_0000_1605077524_89_received
8f6d_54c0_0000_1605077526_190_generated
6b23_afec_0000_1605077525_90_received
836e_8f6d_0000_1605077528_191_generated
eed2_836e_0000_1605077530_192_generated
6dd4_eed2_0000_1605077533_193_received
4187_6dd4_0000_1605077535_194_generated
48c2_4187_0000_1605077538_195_generated
dce4_4187_0000_1605077539_195_received
6185_6b23_0000_1605077546_91_received
12f7_6185_0000_1605077548_92_received
ec3f_12f7_0000_1605077551_93_received
f926_ec3f_0000_1605077551_94_received
dc64_48c2_0000_1605077556_196_generated
f427_f926_0000_1605077555_95_received
42bb_dce4_0000_1605077557_196_received
ab4f_dc64_0000_1605077559_197_generated
03f7_ab4f_0000_1605077561_198_received
