dbbc_9e1c_0000_1607180209_1_generated
4c1f_9e1c_0000_1607180208_1_received
0f06_dbbc_0000_1607180213_2_generated
150c_0f06_0000_1607180220_3_generated
33ea_150c_0000_1607180223_4_received
0724_33ea_0000_1607180231_5_generated
7828_0724_0000_1607180234_6_generated
0d0d_7828_0000_1607180238_7_generated
9ccd_0d0d_0000_1607180242_8_generated
7ae0_9ccd_0000_1607180257_9_received
2eaa_7ae0_0000_1607180262_10_generated
feab_2eaa_0000_1607180264_11_generated
4397_feab_0000_1607180272_12_received
db72_4397_0000_1607180277_13_received
6766_db72_0000_1607180280_14_received
4716_6766_0000_1607180282_15_generated
f29f_4716_0000_1607180290_16_received
064c_f29f_0000_1607180293_17_received
f302_064c_0000_1607180306_18_generated
9f88_f302_0000_1607180311_19_generated
60d6_9f88_0000_1607180312_20_generated
d3c4_60d6_0000_1607180317_21_generated
8dbe_d3c4_0000_1607180323_22_generated
f719_d3c4_0000_1607180322_22_received
697e_8dbe_0000_1607180328_23_generated
3b01_697e_0000_1607180337_24_received
82f3_3b01_0000_1607180349_25_received
17a8_82f3_0000_1607180362_26_received
36d0_17a8_0000_1607180365_27_generated
52b5_36d0_0000_1607180370_28_generated
f16a_52b5_0000_1607180377_29_received
53ac_f16a_0000_1607180380_30_generated
1731_53ac_0000_1607180383_31_received
f4d9_1731_0000_1607180385_32_received
29c8_f4d9_0000_1607180396_33_received
57ab_29c8_0000_1607180404_34_generated
0c4e_57ab_0000_1607180405_35_generated
afbd_0c4e_0000_1607180408_36_generated
5b31_afbd_0000_1607180409_37_generated
861c_5b31_0000_1607180415_38_generated
b0f8_861c_0000_1607180416_39_generated
5834_5b31_0000_1607180416_38_received
b12c_b0f8_0000_1607180422_40_generated
2a34_b12c_0000_1607180426_41_received
75f2_2a34_0000_1607180430_42_received
3327_75f2_0000_1607180444_43_received
9a90_3327_0000_1607180453_44_received
783d_9a90_0000_1607180455_45_generated
423c_783d_0000_1607180472_46_received
99de_423c_0000_1607180479_47_received
038f_99de_0000_1607180481_48_received
67f8_038f_0000_1607180509_49_generated
a446_67f8_0000_1607180522_50_received
353b_a446_0000_1607180524_51_generated
f272_353b_0000_1607180526_52_generated
d5d1_f272_0000_1607180526_53_generated
aa1b_d5d1_0000_1607180529_54_received
fe6c_aa1b_0000_1607180537_55_generated
dbbd_fe6c_0000_1607180541_56_generated
e848_dbbd_0000_1607180543_57_generated
7e01_fe6c_0000_1607180542_56_received
0bd3_e848_0000_1607180545_58_received
38c5_0bd3_0000_1607180547_59_received
a3ce_38c5_0000_1607180548_60_received
b32f_a3ce_0000_1607180558_61_generated
fba6_b32f_0000_1607180565_62_generated
cb8c_fba6_0000_1607180565_63_generated
0aed_cb8c_0000_1607180584_64_received
71f7_cb8c_0000_1607180585_64_received
af90_71f7_0000_1607180588_65_received
c51a_af90_0000_1607180604_66_received
e957_c51a_0000_1607180609_67_generated
1195_c51a_0000_1607180610_67_received
3981_e957_0000_1607180611_68_generated
9141_3981_0000_1607180615_69_received
55d9_9141_0000_1607180619_70_generated
0c7c_55d9_0000_1607180637_71_received
0c29_0c7c_0000_1607180645_72_received
cc52_0c29_0000_1607180657_73_generated
c21e_cc52_0000_1607180660_74_generated
02c9_c21e_0000_1607180664_75_received
d50f_02c9_0000_1607180664_76_received
431f_d50f_0000_1607180664_77_received
726d_431f_0000_1607180672_78_generated
6db8_726d_0000_1607180682_79_received
e0b3_6db8_0000_1607180699_80_generated
b032_e0b3_0000_1607180701_81_generated
9b3c_b032_0000_1607180703_82_received
6d46_9b3c_0000_1607180704_83_generated
6ee1_6d46_0000_1607180705_84_generated
b061_9b3c_0000_1607180705_83_received
8138_6ee1_0000_1607180713_85_generated
63e7_8138_0000_1607180715_86_received
61e7_63e7_0000_1607180722_87_received
7e12_61e7_0000_1607180726_88_generated
e945_7e12_0000_1607180730_89_received
587f_e945_0000_1607180734_90_received
b78a_587f_0000_1607180737_91_generated
4023_b78a_0000_1607180740_92_generated
680c_4023_0000_1607180745_93_generated
08ba_680c_0000_1607180754_94_received
b956_08ba_0000_1607180755_95_received
9569_b956_0000_1607180762_96_generated
19ba_9569_0000_1607180767_97_generated
a12b_19ba_0000_1607180769_98_generated
f1fb_a12b_0000_1607180774_99_received
4586_f1fb_0000_1607180774_100_received
8464_4586_0000_1607180777_101_received
fa7c_8464_0000_1607180785_102_generated
c929_fa7c_0000_1607180787_103_received
a71e_c929_0000_1607180788_104_received
4c33_a71e_0000_1607180810_105_generated
e916_4c33_0000_1607180829_106_generated
32b7_e916_0000_1607180839_107_received
a570_32b7_0000_1607180842_108_generated
f557_a570_0000_1607180844_109_generated
d4a8_f557_0000_1607180852_110_generated
6eff_d4a8_0000_1607180853_111_generated
f431_6eff_0000_1607180855_112_generated
f79e_f431_0000_1607180866_113_received
dfe8_f79e_0000_1607180868_114_generated
cc5e_dfe8_0000_1607180875_115_generated
ac05_cc5e_0000_1607180887_116_generated
acff_ac05_0000_1607180891_117_received
f32f_acff_0000_1607180909_118_received
b705_f32f_0000_1607180911_119_received
5e47_b705_0000_1607180914_120_generated
