7b2d_9e1c_0000_1604994857_1_received
4cf1_7b2d_0000_1604994867_2_generated
77a8_4cf1_0000_1604994884_3_generated
65d3_77a8_0000_1604994885_4_generated
b323_65d3_0000_1604994887_5_generated
971e_b323_0000_1604994923_6_generated
1147_971e_0000_1604994940_7_generated
7dd8_1147_0000_1604994946_8_generated
0bed_7dd8_0000_1604994949_9_received
9259_0bed_0000_1604994954_10_received
b28e_9259_0000_1604994975_11_generated
d9fa_b28e_0000_1604994977_12_generated
266e_9259_0000_1604994976_11_received
8302_d9fa_0000_1604994988_13_generated
0bb3_8302_0000_1604994996_14_generated
e2d0_0bb3_0000_1604995008_15_received
8dba_e2d0_0000_1604995012_16_generated
4dd8_8dba_0000_1604995020_17_generated
0d1a_4dd8_0000_1604995038_18_generated
4b6d_0d1a_0000_1604995053_19_received
eaa2_4b6d_0000_1604995065_20_received
d526_eaa2_0000_1604995074_21_generated
f91b_d526_0000_1604995090_22_received
d4b5_f91b_0000_1604995100_23_received
1300_d4b5_0000_1604995106_24_generated
cf02_1300_0000_1604995109_25_generated
2ef6_cf02_0000_1604995110_26_generated
d135_2ef6_0000_1604995116_27_generated
a5a1_d135_0000_1604995120_28_received
1e4e_a5a1_0000_1604995124_29_generated
5767_1e4e_0000_1604995138_30_received
f721_5767_0000_1604995169_31_received
f939_f721_0000_1604995174_32_generated
5205_f721_0000_1604995172_32_received
83eb_f939_0000_1604995185_33_generated
5377_83eb_0000_1604995193_34_generated
c726_83eb_0000_1604995192_34_received
2b4e_5377_0000_1604995202_35_generated
cf3b_2b4e_0000_1604995225_36_generated
fe79_2b4e_0000_1604995223_36_received
8676_cf3b_0000_1604995241_37_generated
a246_8676_0000_1604995245_38_generated
4a49_a246_0000_1604995256_39_received
2638_4a49_0000_1604995263_40_generated
2045_2638_0000_1604995268_41_received
20e7_2045_0000_1604995271_42_received
78d4_20e7_0000_1604995285_43_received
0966_78d4_0000_1604995292_44_received
41d8_0966_0000_1604995301_45_generated
3c47_41d8_0000_1604995320_46_generated
f234_41d8_0000_1604995322_46_received
7a56_f234_0000_1604995342_47_received
fdce_7a56_0000_1604995353_48_received
e37b_fdce_0000_1604995379_49_generated
caeb_e37b_0000_1604995381_50_generated
44ec_caeb_0000_1604995386_51_generated
8a30_44ec_0000_1604995390_52_received
993b_8a30_0000_1604995408_53_received
17e5_993b_0000_1604995422_54_received
05c3_17e5_0000_1604995433_55_received
b2b7_05c3_0000_1604995454_56_received
9fc4_05c3_0000_1604995455_56_received
57a4_b2b7_0000_1604995470_57_generated
9c6f_57a4_0000_1604995475_58_generated
2660_9c6f_0000_1604995477_59_received
66e9_2660_0000_1604995488_60_received
dc4e_66e9_0000_1604995492_61_generated
b361_dc4e_0000_1604995497_62_generated
913a_b361_0000_1604995498_63_generated
773f_913a_0000_1604995499_64_generated
cbee_773f_0000_1604995515_65_generated
c6c2_cbee_0000_1604995520_66_received
95e1_c6c2_0000_1604995525_67_received
8fd0_95e1_0000_1604995530_68_received
4f3d_8fd0_0000_1604995540_69_generated
c9ce_4f3d_0000_1604995561_70_generated
cbf8_c9ce_0000_1604995571_71_received
