2f19_9e1c_0000_1607380701_1_received
8163_2f19_0000_1607380708_2_received
bcc5_8163_0000_1607380711_3_received
2f95_bcc5_0000_1607380740_4_received
6223_2f95_0000_1607380748_5_received
2440_6223_0000_1607380777_6_received
ff60_2440_0000_1607380784_7_received
065d_ff60_0000_1607380804_8_received
cd86_065d_0000_1607380805_9_received
ea1a_cd86_0000_1607380818_10_received
2977_ea1a_0000_1607380821_11_received
6c59_2977_0000_1607380824_12_received
2eeb_6c59_0000_1607380825_13_received
572d_2eeb_0000_1607380828_14_received
4ce8_572d_0000_1607380831_15_received
65f8_4ce8_0000_1607380836_16_received
ec5d_65f8_0000_1607380841_17_received
2511_ec5d_0000_1607380845_18_received
5cf3_2511_0000_1607380846_19_received
3972_5cf3_0000_1607380848_20_received
0d22_3972_0000_1607380855_21_received
a6b0_0d22_0000_1607380870_22_received
ea8a_a6b0_0000_1607380879_23_received
291c_ea8a_0000_1607380882_24_received
1abb_291c_0000_1607380885_25_received
dc0d_1abb_0000_1607380887_26_received
b7f0_dc0d_0000_1607380892_27_received
de4e_dc0d_0000_1607380893_27_received
8815_b7f0_0000_1607380904_28_received
cae4_8815_0000_1607380926_29_received
5930_cae4_0000_1607380931_30_received
9790_5930_0000_1607380934_31_received
a48e_9790_0000_1607380951_32_received
6d29_a48e_0000_1607380951_33_received
be9d_6d29_0000_1607380958_34_received
5872_be9d_0000_1607380966_35_received
09df_5872_0000_1607380974_36_received
970f_09df_0000_1607380984_37_received
55c4_970f_0000_1607380997_38_received
db6c_55c4_0000_1607381000_39_received
a497_db6c_0000_1607381007_40_received
46ef_a497_0000_1607381025_41_received
c039_46ef_0000_1607381028_42_received
8a62_46ef_0000_1607381029_42_received
f88d_c039_0000_1607381033_43_received
27c8_f88d_0000_1607381046_44_received
3fae_27c8_0000_1607381060_45_received
10e6_27c8_0000_1607381061_45_received
75d2_10e6_0000_1607381062_46_received
3733_75d2_0000_1607381073_47_received
6de4_3733_0000_1607381077_48_received
155b_6de4_0000_1607381089_49_received
16e5_155b_0000_1607381095_50_received
07dd_16e5_0000_1607381098_51_received
d32c_07dd_0000_1607381101_52_received
4bff_d32c_0000_1607381108_53_received
08bc_4bff_0000_1607381108_54_received
675a_08bc_0000_1607381138_55_received
f68a_675a_0000_1607381145_56_received
25ac_f68a_0000_1607381169_57_received
a36a_25ac_0000_1607381183_58_received
c56f_a36a_0000_1607381187_59_received
dedd_c56f_0000_1607381192_60_received
deaf_dedd_0000_1607381207_61_received
a410_deaf_0000_1607381220_62_received
d55a_a410_0000_1607381227_63_received
1fce_d55a_0000_1607381246_64_received
3eb1_1fce_0000_1607381248_65_received
e775_3eb1_0000_1607381250_66_received
f757_e775_0000_1607381259_67_received
5727_f757_0000_1607381262_68_received
e29f_5727_0000_1607381285_69_received
aaf1_e29f_0000_1607381288_70_received
b1d3_aaf1_0000_1607381299_71_received
684b_b1d3_0000_1607381302_72_received
e354_b1d3_0000_1607381303_72_received
874c_e354_0000_1607381304_73_received
11bc_874c_0000_1607381311_74_received
72a2_11bc_0000_1607381322_75_received
fbad_72a2_0000_1607381338_76_received
e944_fbad_0000_1607381358_77_received
f95d_e944_0000_1607381368_78_received
e165_f95d_0000_1607381372_79_received
80a9_f95d_0000_1607381373_79_received
a741_e165_0000_1607381375_80_received
