9f2a_9e1c_0000_1607200561_1_received
e68e_9f2a_0000_1607200566_2_received
db3a_e68e_0000_1607200579_3_generated
e6d0_e68e_0000_1607200580_3_received
a989_e6d0_0000_1607200587_4_received
5ec0_a989_0000_1607200589_5_received
992a_5ec0_0000_1607200592_6_received
747a_992a_0000_1607200604_7_received
712f_747a_0000_1607200608_8_received
fcf9_712f_0000_1607200610_9_received
e123_fcf9_0000_1607200615_10_received
d172_e123_0000_1607200617_11_received
929c_d172_0000_1607200619_12_received
1d66_d172_0000_1607200621_12_received
debd_929c_0000_1607200632_13_received
8bf6_debd_0000_1607200639_14_received
06a7_8bf6_0000_1607200641_15_received
5ec4_06a7_0000_1607200667_16_received
bb4b_5ec4_0000_1607200676_17_received
b720_bb4b_0000_1607200679_18_received
437a_b720_0000_1607200683_19_received
f50a_437a_0000_1607200691_20_received
ab70_f50a_0000_1607200702_21_received
90be_ab70_0000_1607200715_22_generated
b19e_ab70_0000_1607200714_22_received
192a_b19e_0000_1607200721_23_received
fbe2_192a_0000_1607200721_24_received
c340_fbe2_0000_1607200726_25_received
280f_c340_0000_1607200730_26_received
3987_c340_0000_1607200731_26_received
1cad_280f_0000_1607200744_27_received
c633_1cad_0000_1607200753_28_received
a790_c633_0000_1607200776_29_received
9391_a790_0000_1607200785_30_received
07e6_9391_0000_1607200801_31_received
9fc7_07e6_0000_1607200813_32_received
4afc_9fc7_0000_1607200816_33_received
f2c1_4afc_0000_1607200825_34_generated
3133_f2c1_0000_1607200847_35_received
8f36_3133_0000_1607200849_36_received
cff2_8f36_0000_1607200852_37_received
f7b1_cff2_0000_1607200857_38_received
a8ae_f7b1_0000_1607200864_39_received
8082_a8ae_0000_1607200874_40_received
889a_8082_0000_1607200877_41_received
b175_8082_0000_1607200878_41_received
2753_889a_0000_1607200886_42_received
4db9_2753_0000_1607200891_43_generated
4110_2753_0000_1607200890_43_received
df90_4db9_0000_1607200895_44_generated
c2f6_4110_0000_1607200893_44_received
4896_c2f6_0000_1607200897_45_received
8915_4896_0000_1607200901_46_received
1ece_8915_0000_1607200905_47_received
716e_8915_0000_1607200907_47_received
36be_1ece_0000_1607200913_48_generated
0338_36be_0000_1607200920_49_received
1736_36be_0000_1607200921_49_received
2f0e_0338_0000_1607200940_50_received
1148_2f0e_0000_1607200945_51_received
ca93_1148_0000_1607200954_52_received
951e_ca93_0000_1607200958_53_received
8af7_ca93_0000_1607200959_53_received
6e6d_951e_0000_1607200965_54_received
a62d_6e6d_0000_1607200977_55_received
1495_6e6d_0000_1607200978_55_received
72f6_1495_0000_1607200992_56_received
4566_72f6_0000_1607200993_57_received
1cff_4566_0000_1607201000_58_received
c194_1cff_0000_1607201011_59_received
735f_c194_0000_1607201017_60_received
35cc_735f_0000_1607201018_61_received
aeee_35cc_0000_1607201026_62_received
9e71_aeee_0000_1607201047_63_received
07ae_9e71_0000_1607201052_64_generated
0769_07ae_0000_1607201057_65_received
8312_0769_0000_1607201061_66_received
aa6d_8312_0000_1607201068_67_received
a2e8_aa6d_0000_1607201071_68_received
81f7_a2e8_0000_1607201084_69_received
aaa3_81f7_0000_1607201102_70_received
cad9_aaa3_0000_1607201106_71_received
e818_cad9_0000_1607201108_72_generated
1e4c_e818_0000_1607201118_73_received
493d_e818_0000_1607201119_73_received
6747_1e4c_0000_1607201121_74_received
e7c3_6747_0000_1607201126_75_generated
41cb_6747_0000_1607201124_75_received
45b2_41cb_0000_1607201127_76_received
61b6_45b2_0000_1607201154_77_received
d7b7_45b2_0000_1607201156_77_received
1014_61b6_0000_1607201158_78_received
7662_1014_0000_1607201163_79_received
d9dc_7662_0000_1607201169_80_received
d2ba_d9dc_0000_1607201171_81_received
4076_d2ba_0000_1607201181_82_received
dde5_4076_0000_1607201181_83_received
737f_d2ba_0000_1607201182_82_received
7350_dde5_0000_1607201196_84_received
a11f_7350_0000_1607201203_85_received
7ab5_a11f_0000_1607201208_86_received
5bd6_a11f_0000_1607201209_86_received
4efe_5bd6_0000_1607201213_87_received
9bc5_4efe_0000_1607201214_88_received
3905_9bc5_0000_1607201222_89_received
eec1_3905_0000_1607201243_90_generated
85d1_eec1_0000_1607201249_91_received
d8b3_85d1_0000_1607201260_92_received
9d5a_d8b3_0000_1607201265_93_received
796a_9d5a_0000_1607201270_94_received
3b9e_9d5a_0000_1607201269_94_received
22c6_796a_0000_1607201274_95_generated
0d09_3b9e_0000_1607201272_95_received
30aa_0d09_0000_1607201280_96_received
2638_30aa_0000_1607201281_97_received
4274_2638_0000_1607201293_98_received
c64b_4274_0000_1607201298_99_received
51ee_c64b_0000_1607201303_100_received
4814_51ee_0000_1607201309_101_received
7eeb_4814_0000_1607201312_102_received
43dc_7eeb_0000_1607201317_103_received
4a7e_43dc_0000_1607201329_104_generated
6aa7_4a7e_0000_1607201333_105_received
d8d2_6aa7_0000_1607201342_106_received
4dc6_d8d2_0000_1607201346_107_received
9f45_4dc6_0000_1607201349_108_received
c6af_9f45_0000_1607201352_109_received
a8f8_c6af_0000_1607201360_110_received
49e1_a8f8_0000_1607201369_111_generated
907e_49e1_0000_1607201372_112_received
9590_907e_0000_1607201384_113_received
551b_9590_0000_1607201387_114_received
cabf_551b_0000_1607201401_115_received
5c9d_cabf_0000_1607201408_116_received
e85d_5c9d_0000_1607201414_117_received
c8cf_e85d_0000_1607201417_118_received
5ad1_c8cf_0000_1607201432_119_received
a64b_5ad1_0000_1607201435_120_received
f1a4_a64b_0000_1607201448_121_received
7d34_f1a4_0000_1607201453_122_received
bc0d_7d34_0000_1607201461_123_generated
d2bc_bc0d_0000_1607201462_124_received
6f8f_d2bc_0000_1607201465_125_received
0704_bc0d_0000_1607201464_124_received
5515_6f8f_0000_1607201472_126_received
ee08_5515_0000_1607201476_127_received
5548_ee08_0000_1607201478_128_received
e88b_5548_0000_1607201485_129_received
d3c9_e88b_0000_1607201490_130_received
803b_d3c9_0000_1607201491_131_received
aa3d_e88b_0000_1607201492_130_received
b00f_803b_0000_1607201496_132_received
ba1d_803b_0000_1607201495_132_received
75a8_b00f_0000_1607201501_133_received
e52d_75a8_0000_1607201507_134_received
4f51_e52d_0000_1607201511_135_received
1760_4f51_0000_1607201516_136_received
3aba_1760_0000_1607201522_137_received
a571_3aba_0000_1607201525_138_received
f4f1_a571_0000_1607201530_139_received
8d39_f4f1_0000_1607201538_140_received
73b5_8d39_0000_1607201553_141_received
1985_8d39_0000_1607201554_141_received
85a5_1985_0000_1607201557_142_received
a51d_85a5_0000_1607201559_143_received
1cf6_a51d_0000_1607201568_144_generated
970f_1cf6_0000_1607201572_145_received
be9b_970f_0000_1607201590_146_received
1761_970f_0000_1607201592_146_received
d741_be9b_0000_1607201603_147_generated
230e_be9b_0000_1607201602_147_received
ccd6_230e_0000_1607201614_148_received
a89e_ccd6_0000_1607201615_149_received
70a2_a89e_0000_1607201619_150_received
73d4_70a2_0000_1607201626_151_received
47ef_70a2_0000_1607201627_151_received
e000_73d4_0000_1607201630_152_received
ebc0_e000_0000_1607201645_153_received
6ed0_ebc0_0000_1607201652_154_received
887a_6ed0_0000_1607201663_155_received
fef1_887a_0000_1607201676_156_received
b430_fef1_0000_1607201686_157_received
cec6_b430_0000_1607201687_158_received
2a98_cec6_0000_1607201696_159_received
245f_2a98_0000_1607201700_160_received
657b_245f_0000_1607201705_161_received
14b7_657b_0000_1607201713_162_received
6dd4_14b7_0000_1607201719_163_generated
ef19_6dd4_0000_1607201721_164_generated
d683_14b7_0000_1607201720_163_received
242d_d683_0000_1607201721_164_received
dfc4_ef19_0000_1607201725_165_received
3879_dfc4_0000_1607201737_166_received
