a37c_9e1c_0000_1607199338_1_received
c56c_9e1c_0000_1607199339_1_received
342f_c56c_0000_1607199341_2_received
ba47_342f_0000_1607199344_3_received
14dc_ba47_0000_1607199349_4_received
4525_14dc_0000_1607199353_5_received
f89b_14dc_0000_1607199354_5_received
f77b_4525_0000_1607199356_6_received
4559_f77b_0000_1607199358_7_received
f6cf_4559_0000_1607199358_8_received
9f46_f6cf_0000_1607199362_9_received
ad98_9f46_0000_1607199366_10_received
a1e3_9f46_0000_1607199365_10_received
d32a_a1e3_0000_1607199367_11_received
a5a7_d32a_0000_1607199369_12_received
8596_d32a_0000_1607199370_12_received
96cd_a5a7_0000_1607199376_13_received
30f7_96cd_0000_1607199378_14_received
b64f_96cd_0000_1607199377_14_received
d2b3_30f7_0000_1607199379_15_received
736c_96cd_0000_1607199379_14_received
f8e3_d2b3_0000_1607199380_16_received
381e_f8e3_0000_1607199381_17_received
f22b_381e_0000_1607199383_18_received
1ed5_381e_0000_1607199384_18_received
4272_1ed5_0000_1607199385_19_received
9a04_f22b_0000_1607199386_19_received
d465_4272_0000_1607199387_20_received
2c01_4272_0000_1607199388_20_received
d9b2_d465_0000_1607199390_21_received
da36_d9b2_0000_1607199400_22_received
8d61_d9b2_0000_1607199401_22_received
be47_da36_0000_1607199406_23_received
086d_be47_0000_1607199408_24_received
8b35_086d_0000_1607199409_25_received
3bd1_8b35_0000_1607199412_26_received
ad4a_3bd1_0000_1607199417_27_received
ac7b_ad4a_0000_1607199418_28_received
5b06_ac7b_0000_1607199421_29_received
74b4_5b06_0000_1607199425_30_received
ee9b_74b4_0000_1607199427_31_received
3a6f_ee9b_0000_1607199428_32_received
00a7_ee9b_0000_1607199429_32_received
3f1e_3a6f_0000_1607199434_33_received
0da8_3f1e_0000_1607199436_34_generated
851a_0da8_0000_1607199439_35_received
fcf0_851a_0000_1607199441_36_received
c8c6_fcf0_0000_1607199441_37_received
daef_c8c6_0000_1607199443_38_received
73b8_851a_0000_1607199442_36_received
1d12_daef_0000_1607199446_39_received
ab0a_1d12_0000_1607199451_40_received
e517_ab0a_0000_1607199455_41_received
e8ee_ab0a_0000_1607199457_41_received
c5f6_e517_0000_1607199461_42_received
f0d4_c5f6_0000_1607199464_43_received
0509_f0d4_0000_1607199469_44_generated
64d8_0509_0000_1607199470_45_received
b221_64d8_0000_1607199471_46_received
b022_b221_0000_1607199474_47_received
c996_b022_0000_1607199478_48_received
8746_c996_0000_1607199479_49_received
191c_8746_0000_1607199480_50_received
15ef_191c_0000_1607199482_51_received
152b_15ef_0000_1607199484_52_received
d70d_15ef_0000_1607199485_52_received
6512_152b_0000_1607199486_53_received
b976_d70d_0000_1607199487_53_received
624a_b976_0000_1607199489_54_received
8f8a_624a_0000_1607199491_55_received
df3c_8f8a_0000_1607199494_56_received
4436_df3c_0000_1607199497_57_received
510f_df3c_0000_1607199496_57_received
a5a4_4436_0000_1607199498_58_received
1ac4_510f_0000_1607199498_58_received
f204_1ac4_0000_1607199500_59_received
240b_f204_0000_1607199506_60_received
8c4b_f204_0000_1607199507_60_received
ea30_240b_0000_1607199512_61_received
ec43_ea30_0000_1607199514_62_generated
751d_ea30_0000_1607199513_62_received
9791_751d_0000_1607199517_63_received
d3de_9791_0000_1607199519_64_received
49b5_d3de_0000_1607199521_65_generated
8532_49b5_0000_1607199525_66_received
1c8c_8532_0000_1607199527_67_received
5ed2_1c8c_0000_1607199532_68_received
14fd_5ed2_0000_1607199533_69_received
f4c6_14fd_0000_1607199536_70_received
b2b4_f4c6_0000_1607199539_71_received
1ea4_f4c6_0000_1607199540_71_received
495d_b2b4_0000_1607199541_72_received
c86f_495d_0000_1607199544_73_received
d6e5_c86f_0000_1607199547_74_received
f115_d6e5_0000_1607199552_75_received
56e4_f115_0000_1607199553_76_received
2ead_56e4_0000_1607199559_77_received
25dd_2ead_0000_1607199560_78_received
a124_25dd_0000_1607199564_79_received
697d_a124_0000_1607199564_80_received
8839_697d_0000_1607199565_81_received
879d_8839_0000_1607199567_82_received
aca0_879d_0000_1607199569_83_received
5fae_aca0_0000_1607199574_84_received
24e4_aca0_0000_1607199575_84_received
37bc_24e4_0000_1607199581_85_received
4a5e_5fae_0000_1607199582_85_received
d826_37bc_0000_1607199582_86_received
8640_d826_0000_1607199588_87_received
c7b8_8640_0000_1607199589_88_received
f9af_c7b8_0000_1607199596_89_received
cf96_f9af_0000_1607199602_90_received
eb66_f9af_0000_1607199601_90_received
7d67_eb66_0000_1607199606_91_received
0ec6_7d67_0000_1607199608_92_received
5138_0ec6_0000_1607199615_93_generated
6e9e_5138_0000_1607199616_94_generated
7d12_0ec6_0000_1607199616_93_received
5523_6e9e_0000_1607199618_95_received
4d52_5523_0000_1607199620_96_received
0fa4_5523_0000_1607199621_96_received
9f0f_4d52_0000_1607199623_97_received
0f60_9f0f_0000_1607199623_98_received
341d_0fa4_0000_1607199624_97_received
b01f_0f60_0000_1607199625_99_received
861d_0f60_0000_1607199627_99_received
fd70_b01f_0000_1607199628_100_received
dd43_fd70_0000_1607199631_101_generated
a9b3_fd70_0000_1607199632_101_received
2889_dd43_0000_1607199635_102_received
c3bb_2889_0000_1607199641_103_received
5120_c3bb_0000_1607199644_104_received
6ea6_5120_0000_1607199645_105_received
dd2d_6ea6_0000_1607199646_106_received
9fe6_5120_0000_1607199646_105_received
b185_dd2d_0000_1607199647_107_received
5a21_b185_0000_1607199650_108_received
470c_b185_0000_1607199651_108_received
abe9_5a21_0000_1607199654_109_received
f79e_abe9_0000_1607199655_110_received
5052_f79e_0000_1607199663_111_received
05ad_5052_0000_1607199667_112_received
173d_05ad_0000_1607199668_113_received
5892_173d_0000_1607199675_114_received
af9e_5892_0000_1607199677_115_received
27e8_af9e_0000_1607199680_116_generated
35c3_27e8_0000_1607199686_117_received
253f_27e8_0000_1607199687_117_received
9093_35c3_0000_1607199688_118_received
3bd7_35c3_0000_1607199689_118_received
6f05_9093_0000_1607199692_119_received
faac_9093_0000_1607199693_119_received
5659_6f05_0000_1607199694_120_received
0a67_5659_0000_1607199695_121_received
9568_0a67_0000_1607199697_122_received
cc57_9568_0000_1607199702_123_received
7387_cc57_0000_1607199704_124_received
8013_7387_0000_1607199707_125_generated
9ed3_8013_0000_1607199710_126_received
a532_8013_0000_1607199711_126_received
8c4a_9ed3_0000_1607199713_127_received
9f36_8c4a_0000_1607199716_128_received
d44b_9f36_0000_1607199717_129_received
a114_d44b_0000_1607199719_130_generated
3154_a114_0000_1607199723_131_received
b8d7_3154_0000_1607199725_132_received
f7c8_b8d7_0000_1607199730_133_received
e4d8_f7c8_0000_1607199734_134_received
6325_e4d8_0000_1607199740_135_received
de80_6325_0000_1607199741_136_received
f121_de80_0000_1607199741_137_received
620a_f121_0000_1607199744_138_generated
78c3_f121_0000_1607199743_138_received
75d5_620a_0000_1607199745_139_received
afb2_75d5_0000_1607199746_140_received
9c7c_afb2_0000_1607199749_141_received
fad9_9c7c_0000_1607199757_142_received
948f_fad9_0000_1607199759_143_generated
0a12_9c7c_0000_1607199758_142_received
ffc9_948f_0000_1607199762_144_received
314a_948f_0000_1607199763_144_received
09e5_948f_0000_1607199764_144_received
81ce_ffc9_0000_1607199765_145_received
4b74_81ce_0000_1607199771_146_received
30bb_4b74_0000_1607199779_147_received
3cee_30bb_0000_1607199780_148_received
e31e_3cee_0000_1607199786_149_received
19b5_3cee_0000_1607199787_149_received
1517_e31e_0000_1607199790_150_received
310e_1517_0000_1607199795_151_generated
e520_1517_0000_1607199794_151_received
99c8_310e_0000_1607199799_152_received
2569_e520_0000_1607199802_152_received
c2f6_99c8_0000_1607199808_153_received
842c_c2f6_0000_1607199810_154_received
8c8b_842c_0000_1607199814_155_received
50de_8c8b_0000_1607199822_156_received
dc4b_50de_0000_1607199826_157_received
82ed_50de_0000_1607199827_157_received
e726_dc4b_0000_1607199831_158_received
d53a_e726_0000_1607199834_159_received
4658_d53a_0000_1607199839_160_received
a553_4658_0000_1607199839_161_received
d99d_a553_0000_1607199841_162_received
ebc0_d99d_0000_1607199852_163_generated
8ebc_d99d_0000_1607199850_163_received
9fb1_8ebc_0000_1607199853_164_received
b0e3_9fb1_0000_1607199855_165_received
286f_9fb1_0000_1607199856_165_received
272e_b0e3_0000_1607199858_166_received
3d8e_286f_0000_1607199859_166_received
4f16_272e_0000_1607199862_167_received
6f63_3d8e_0000_1607199862_167_received
45a3_4f16_0000_1607199865_168_received
9d97_6f63_0000_1607199865_168_received
b551_45a3_0000_1607199867_169_received
d1dd_b551_0000_1607199871_170_received
3098_b551_0000_1607199872_170_received
a468_d1dd_0000_1607199880_171_received
7dc6_d1dd_0000_1607199881_171_received
45c3_d1dd_0000_1607199882_171_received
f8a7_a468_0000_1607199885_172_received
ed4b_a468_0000_1607199886_172_received
b3cd_f8a7_0000_1607199892_173_received
e398_b3cd_0000_1607199900_174_received
a9c7_e398_0000_1607199904_175_received
3210_a9c7_0000_1607199906_176_received
9e7a_3210_0000_1607199910_177_received
08d0_9e7a_0000_1607199913_178_received
ce94_08d0_0000_1607199913_179_received
5c19_ce94_0000_1607199916_180_received
e470_5c19_0000_1607199922_181_received
dce8_5c19_0000_1607199923_181_received
9925_e470_0000_1607199926_182_received
6baf_9925_0000_1607199930_183_received
a56c_6baf_0000_1607199935_184_generated
2942_a56c_0000_1607199938_185_received
d9ed_2942_0000_1607199942_186_received
031a_d9ed_0000_1607199946_187_received
47ad_d9ed_0000_1607199947_187_received
db2f_47ad_0000_1607199955_188_received
1d5a_031a_0000_1607199957_188_received
cfac_db2f_0000_1607199959_189_received
1996_1d5a_0000_1607199960_189_received
e281_cfac_0000_1607199966_190_received
f25b_e281_0000_1607199969_191_received
5d47_e281_0000_1607199970_191_received
1688_f25b_0000_1607199970_192_received
4f3c_5d47_0000_1607199971_192_received
e716_4f3c_0000_1607199978_193_received
9dd9_e716_0000_1607199978_194_received
d9d5_9dd9_0000_1607199982_195_received
309e_d9d5_0000_1607199986_196_received
d036_309e_0000_1607199988_197_received
e13b_d036_0000_1607199990_198_received
5f0e_e13b_0000_1607199993_199_received
e160_5f0e_0000_1607199996_200_received
37b5_e160_0000_1607200000_201_received
491d_37b5_0000_1607200006_202_received
5370_491d_0000_1607200007_203_received
268b_5370_0000_1607200011_204_generated
4084_5370_0000_1607200010_204_received
0122_4084_0000_1607200011_205_received
9a2d_0122_0000_1607200017_206_received
4541_9a2d_0000_1607200021_207_received
27a9_9a2d_0000_1607200020_207_received
8f3d_27a9_0000_1607200021_208_received
e497_8f3d_0000_1607200032_209_received
a619_e497_0000_1607200037_210_generated
86af_e497_0000_1607200036_210_received
93bf_86af_0000_1607200039_211_received
151e_93bf_0000_1607200042_212_received
bf85_151e_0000_1607200047_213_received
1b8d_bf85_0000_1607200050_214_generated
f137_bf85_0000_1607200049_214_received
f19c_f137_0000_1607200054_215_received
8c0e_f19c_0000_1607200055_216_received
1f40_8c0e_0000_1607200056_217_received
644b_f19c_0000_1607200057_216_received
3893_1f40_0000_1607200061_218_received
39ae_3893_0000_1607200062_219_received
92e7_39ae_0000_1607200070_220_received
07b4_92e7_0000_1607200070_221_received
2984_07b4_0000_1607200073_222_received
db77_07b4_0000_1607200074_222_received
e57f_2984_0000_1607200075_223_received
1b10_e57f_0000_1607200087_224_received
6dc2_1b10_0000_1607200094_225_received
5514_6dc2_0000_1607200095_226_received
5569_5514_0000_1607200098_227_generated
c061_6dc2_0000_1607200097_226_received
9c7a_5569_0000_1607200104_228_generated
6a57_9c7a_0000_1607200106_229_generated
85a3_5514_0000_1607200102_227_received
1ce5_6a57_0000_1607200110_230_received
5ceb_6a57_0000_1607200111_230_received
58ac_1ce5_0000_1607200118_231_received
fa78_58ac_0000_1607200119_232_received
24e7_fa78_0000_1607200123_233_received
01db_24e7_0000_1607200125_234_received
7e05_01db_0000_1607200137_235_received
46e2_01db_0000_1607200138_235_received
580c_01db_0000_1607200139_235_received
63b3_7e05_0000_1607200146_236_received
3d7f_63b3_0000_1607200150_237_received
1ed7_3d7f_0000_1607200152_238_received
ca69_3d7f_0000_1607200153_238_received
f5fe_1ed7_0000_1607200157_239_generated
9933_1ed7_0000_1607200158_239_received
49f0_f5fe_0000_1607200165_240_generated
ef77_f5fe_0000_1607200164_240_received
dbd8_ef77_0000_1607200169_241_received
bf56_dbd8_0000_1607200181_242_received
997a_bf56_0000_1607200185_243_received
8f54_bf56_0000_1607200186_243_received
b26e_997a_0000_1607200188_244_received
d4b9_b26e_0000_1607200189_245_received
4eb0_d4b9_0000_1607200191_246_received
c2a3_4eb0_0000_1607200196_247_received
6b22_4eb0_0000_1607200198_247_received
f7ab_c2a3_0000_1607200200_248_received
79b7_4eb0_0000_1607200199_247_received
bd38_f7ab_0000_1607200210_249_received
2205_bd38_0000_1607200215_250_received
87e1_bd38_0000_1607200216_250_received
f868_2205_0000_1607200220_251_received
04d4_2205_0000_1607200223_251_received
f5e5_f868_0000_1607200230_252_received
1db2_f868_0000_1607200231_252_received
854a_1db2_0000_1607200235_253_received
7941_854a_0000_1607200237_254_received
922b_7941_0000_1607200241_255_generated
ad74_7941_0000_1607200240_255_received
6e76_ad74_0000_1607200241_256_received
a059_7941_0000_1607200242_255_received
b02e_6e76_0000_1607200246_257_received
93a7_b02e_0000_1607200252_258_received
21ce_93a7_0000_1607200256_259_received
3a9c_21ce_0000_1607200261_260_received
41b8_21ce_0000_1607200262_260_received
9b60_41b8_0000_1607200265_261_received
d4fb_9b60_0000_1607200269_262_received
a8fb_d4fb_0000_1607200272_263_received
817d_a8fb_0000_1607200279_264_received
7b75_817d_0000_1607200284_265_received
6946_7b75_0000_1607200289_266_received
b2bc_6946_0000_1607200291_267_received
96d8_6946_0000_1607200295_267_received
6613_b2bc_0000_1607200294_268_received
d45f_b2bc_0000_1607200295_268_received
3563_b2bc_0000_1607200298_268_received
af6b_6613_0000_1607200307_269_received
9e9c_d45f_0000_1607200305_269_received
fef9_9e9c_0000_1607200306_270_received
4430_fef9_0000_1607200307_271_received
2de7_4430_0000_1607200311_272_received
cbde_2de7_0000_1607200312_273_received
1cb9_cbde_0000_1607200315_274_received
32ef_1cb9_0000_1607200316_275_received
7d52_32ef_0000_1607200317_276_received
fd47_7d52_0000_1607200322_277_received
ba4e_fd47_0000_1607200328_278_received
9d14_fd47_0000_1607200330_278_received
d882_ba4e_0000_1607200330_279_received
1044_d882_0000_1607200337_280_received
41d4_d882_0000_1607200338_280_received
c1ef_41d4_0000_1607200345_281_received
7ad1_1044_0000_1607200346_281_received
04fb_c1ef_0000_1607200351_282_received
b7a9_04fb_0000_1607200352_283_received
69d7_c1ef_0000_1607200354_282_received
0dac_b7a9_0000_1607200360_284_received
b5a8_b7a9_0000_1607200365_284_received
f021_0dac_0000_1607200365_285_received
dd26_f021_0000_1607200371_286_received
164a_f021_0000_1607200370_286_received
b7f0_164a_0000_1607200372_287_received
a518_b7f0_0000_1607200379_288_received
f70a_b7f0_0000_1607200381_288_received
f963_f70a_0000_1607200384_289_received
5edc_a518_0000_1607200386_289_received
8936_5edc_0000_1607200387_290_received
9dde_8936_0000_1607200395_291_received
eaac_9dde_0000_1607200399_292_received
b2ad_eaac_0000_1607200402_293_received
9e5c_b2ad_0000_1607200406_294_received
6066_9e5c_0000_1607200408_295_received
e730_6066_0000_1607200409_296_received
1865_e730_0000_1607200411_297_received
5b6e_1865_0000_1607200420_298_received
ac1d_5b6e_0000_1607200424_299_received
df3f_5b6e_0000_1607200422_299_received
ff4c_df3f_0000_1607200425_300_received
c086_ff4c_0000_1607200432_301_received
ee8a_5b6e_0000_1607200428_299_received
3e9f_c086_0000_1607200440_302_received
b0aa_c086_0000_1607200439_302_received
79ee_c086_0000_1607200441_302_received
1c0a_79ee_0000_1607200443_303_received
8bc1_b0aa_0000_1607200446_303_received
d848_1c0a_0000_1607200451_304_received
de9d_1c0a_0000_1607200453_304_received
fcce_d848_0000_1607200457_305_received
c343_d848_0000_1607200458_305_received
acd4_fcce_0000_1607200464_306_received
fd43_acd4_0000_1607200466_307_received
99f8_fd43_0000_1607200473_308_received
6016_fd43_0000_1607200474_308_received
b8ef_fd43_0000_1607200477_308_received
e544_99f8_0000_1607200484_309_received
74b3_e544_0000_1607200491_310_received
65d6_74b3_0000_1607200495_311_received
4d3c_65d6_0000_1607200503_312_received
6756_4d3c_0000_1607200509_313_received
bba9_6756_0000_1607200514_314_received
191d_6756_0000_1607200515_314_received
c487_bba9_0000_1607200518_315_received
b42b_191d_0000_1607200519_315_received
b014_c487_0000_1607200528_316_received
d176_b014_0000_1607200530_317_received
