bb6a_9e1c_0000_1605047209_1_received
9f10_9e1c_0000_1605047211_1_received
411e_9f10_0000_1605047221_2_received
9638_411e_0000_1605047233_3_received
91c0_9638_0000_1605047258_4_received
cada_91c0_0000_1605047289_5_received
1933_cada_0000_1605047310_6_received
750e_1933_0000_1605047316_7_received
4b95_750e_0000_1605047319_8_received
cb89_4b95_0000_1605047322_9_received
dfa0_cb89_0000_1605047323_10_received
f85a_dfa0_0000_1605047331_11_received
ac90_f85a_0000_1605047363_12_received
2e59_ac90_0000_1605047381_13_received
9dc2_2e59_0000_1605047405_14_received
83f0_9dc2_0000_1605047411_15_received
223b_83f0_0000_1605047445_16_received
fc11_223b_0000_1605047466_17_received
f04e_fc11_0000_1605047469_18_received
ace4_f04e_0000_1605047476_19_received
b33d_ace4_0000_1605047489_20_received
ce1d_b33d_0000_1605047514_21_received
31aa_ce1d_0000_1605047551_22_received
27db_31aa_0000_1605047566_23_generated
26fa_27db_0000_1605047568_24_received
b2ff_31aa_0000_1605047568_23_received
24ba_26fa_0000_1605047579_25_received
7800_24ba_0000_1605047588_26_received
9adb_7800_0000_1605047612_27_received
47ef_9adb_0000_1605047619_28_received
d55f_9adb_0000_1605047620_28_received
7db7_47ef_0000_1605047623_29_generated
b2df_7db7_0000_1605047632_30_generated
43c2_b2df_0000_1605047656_31_received
cb9a_43c2_0000_1605047660_32_received
9752_cb9a_0000_1605047686_33_received
ad77_9752_0000_1605047693_34_received
2498_ad77_0000_1605047704_35_received
0714_2498_0000_1605047708_36_received
64ba_0714_0000_1605047770_37_generated
81fe_64ba_0000_1605047783_38_received
cafd_81fe_0000_1605047800_39_received
dce0_cafd_0000_1605047807_40_received
9bb3_dce0_0000_1605047812_41_received
301f_9bb3_0000_1605047812_42_received
3502_dce0_0000_1605047814_41_received
574d_301f_0000_1605047819_43_received
eaae_574d_0000_1605047839_44_received
1e89_eaae_0000_1605047843_45_received
c39c_1e89_0000_1605047869_46_generated
088f_c39c_0000_1605047871_47_received
647e_088f_0000_1605047890_48_received
5885_647e_0000_1605047902_49_received
f224_5885_0000_1605047903_50_received
aea0_f224_0000_1605047908_51_generated
4960_f224_0000_1605047907_51_received
a581_4960_0000_1605047910_52_received
ad6a_a581_0000_1605047917_53_received
