95d6_9e1c_0000_1605026911_1_generated
f5c9_95d6_0000_1605026914_2_generated
698c_f5c9_0000_1605026915_3_generated
153c_f5c9_0000_1605026916_3_received
91a6_698c_0000_1605026918_4_generated
48f1_91a6_0000_1605026921_5_generated
1538_48f1_0000_1605026924_6_generated
9de9_1538_0000_1605026925_7_received
0b46_9de9_0000_1605026928_8_generated
9b0a_9de9_0000_1605026927_8_received
7bc4_0b46_0000_1605026932_9_generated
c0f8_9b0a_0000_1605026931_9_received
ae54_7bc4_0000_1605026932_10_generated
77c2_ae54_0000_1605026934_11_generated
74f1_77c2_0000_1605026934_12_generated
c77e_74f1_0000_1605026940_13_generated
aab8_c77e_0000_1605026940_14_generated
4f7c_aab8_0000_1605026943_15_received
f0ba_4f7c_0000_1605026946_16_generated
7e0c_f0ba_0000_1605026946_17_generated
fc46_7e0c_0000_1605026948_18_generated
c8c7_f0ba_0000_1605026947_17_received
f7c0_c8c7_0000_1605026948_18_received
024b_f7c0_0000_1605026952_19_received
3196_024b_0000_1605026955_20_received
4453_3196_0000_1605026957_21_generated
7a49_4453_0000_1605026959_22_generated
3313_7a49_0000_1605026960_23_generated
db64_3313_0000_1605026962_24_received
447f_db64_0000_1605026962_25_received
516d_447f_0000_1605026962_26_received
db29_516d_0000_1605026962_27_received
c368_db29_0000_1605026965_28_generated
175f_c368_0000_1605026965_29_generated
7ac1_175f_0000_1605026965_30_generated
f100_7ac1_0000_1605026967_31_generated
2bdb_f100_0000_1605026967_32_generated
6fd6_2bdb_0000_1605026969_33_generated
4bd7_6fd6_0000_1605026973_34_generated
b139_4bd7_0000_1605026979_35_generated
be88_b139_0000_1605026986_36_generated
89a7_be88_0000_1605026986_37_generated
fb12_89a7_0000_1605026989_38_generated
5e46_89a7_0000_1605026990_38_received
1f2b_fb12_0000_1605026992_39_generated
d370_1f2b_0000_1605026994_40_generated
bdef_d370_0000_1605027000_41_generated
b883_bdef_0000_1605027002_42_generated
59a8_b883_0000_1605027005_43_generated
cc7f_59a8_0000_1605027010_44_generated
90c3_cc7f_0000_1605027015_45_received
687c_90c3_0000_1605027017_46_generated
e8ca_687c_0000_1605027019_47_generated
209c_e8ca_0000_1605027019_48_generated
899f_209c_0000_1605027023_49_generated
b26b_899f_0000_1605027027_50_received
43d1_b26b_0000_1605027031_51_received
d66e_43d1_0000_1605027032_52_received
a692_d66e_0000_1605027036_53_generated
11fd_a692_0000_1605027037_54_generated
f9e0_11fd_0000_1605027040_55_received
ab98_f9e0_0000_1605027041_56_received
e007_ab98_0000_1605027043_57_generated
b942_e007_0000_1605027050_58_generated
7116_b942_0000_1605027053_59_generated
c366_7116_0000_1605027053_60_generated
4960_b942_0000_1605027054_59_received
aad8_c366_0000_1605027056_61_generated
ed8f_aad8_0000_1605027057_62_received
4fb2_ed8f_0000_1605027060_63_received
80b4_4fb2_0000_1605027062_64_received
e6d4_80b4_0000_1605027066_65_generated
70b3_80b4_0000_1605027065_65_received
2ddf_e6d4_0000_1605027075_66_generated
bc24_2ddf_0000_1605027077_67_received
e9a2_bc24_0000_1605027078_68_received
c3ae_e9a2_0000_1605027080_69_received
276b_c3ae_0000_1605027081_70_received
3e2e_276b_0000_1605027084_71_generated
9135_3e2e_0000_1605027084_72_generated
a373_9135_0000_1605027084_73_generated
a3d1_a373_0000_1605027096_74_received
b1a4_a3d1_0000_1605027101_75_received
c44e_b1a4_0000_1605027102_76_received
ee2c_c44e_0000_1605027104_77_generated
ab35_ee2c_0000_1605027104_78_generated
399e_ab35_0000_1605027105_79_received
0388_399e_0000_1605027106_80_received
10a5_0388_0000_1605027111_81_received
1c8c_10a5_0000_1605027115_82_generated
6f90_1c8c_0000_1605027119_83_generated
5d2c_6f90_0000_1605027123_84_generated
cfb2_5d2c_0000_1605027125_85_generated
1079_cfb2_0000_1605027133_86_generated
c835_1079_0000_1605027137_87_generated
745d_c835_0000_1605027137_88_generated
2ab6_745d_0000_1605027137_89_generated
1b42_2ab6_0000_1605027144_90_received
5923_1b42_0000_1605027144_91_received
2227_5923_0000_1605027146_92_received
fddf_2227_0000_1605027148_93_generated
6bb6_fddf_0000_1605027150_94_generated
c576_6bb6_0000_1605027152_95_generated
388b_c576_0000_1605027159_96_received
bc4a_388b_0000_1605027162_97_received
c15d_bc4a_0000_1605027166_98_generated
2603_c15d_0000_1605027167_99_generated
3828_2603_0000_1605027169_100_generated
cab3_3828_0000_1605027170_101_generated
c479_cab3_0000_1605027171_102_generated
95a7_c479_0000_1605027174_103_generated
0dcc_95a7_0000_1605027174_104_generated
063c_c479_0000_1605027173_103_received
bc26_0dcc_0000_1605027181_105_received
76d6_bc26_0000_1605027185_106_generated
4ea3_76d6_0000_1605027187_107_generated
961e_4ea3_0000_1605027189_108_generated
310e_961e_0000_1605027189_109_generated
4efe_310e_0000_1605027190_110_generated
14d2_4efe_0000_1605027194_111_generated
b31c_14d2_0000_1605027197_112_generated
9687_14d2_0000_1605027196_112_received
37e6_b31c_0000_1605027201_113_generated
9c36_37e6_0000_1605027204_114_received
70a0_9c36_0000_1605027206_115_received
106a_70a0_0000_1605027208_116_received
b63e_106a_0000_1605027209_117_generated
cb9a_b63e_0000_1605027216_118_generated
4528_cb9a_0000_1605027216_119_generated
cd30_4528_0000_1605027217_120_generated
ba9a_cd30_0000_1605027219_121_generated
6687_ba9a_0000_1605027220_122_generated
8e25_6687_0000_1605027220_123_generated
1fb9_8e25_0000_1605027221_124_generated
0cb8_1fb9_0000_1605027224_125_generated
fc39_0cb8_0000_1605027226_126_generated
ec81_fc39_0000_1605027229_127_generated
7a04_ec81_0000_1605027235_128_generated
5f78_7a04_0000_1605027237_129_generated
92c6_5f78_0000_1605027238_130_generated
f21b_92c6_0000_1605027240_131_generated
6440_f21b_0000_1605027247_132_generated
450a_6440_0000_1605027249_133_received
af1d_450a_0000_1605027253_134_generated
9553_af1d_0000_1605027254_135_generated
8480_9553_0000_1605027258_136_generated
ddd4_8480_0000_1605027260_137_received
366a_ddd4_0000_1605027272_138_generated
c1d9_366a_0000_1605027275_139_generated
e85f_c1d9_0000_1605027276_140_generated
0f52_e85f_0000_1605027278_141_received
a3b0_0f52_0000_1605027283_142_generated
b0cc_a3b0_0000_1605027284_143_generated
3b60_b0cc_0000_1605027285_144_generated
ec61_3b60_0000_1605027288_145_received
7564_ec61_0000_1605027288_146_received
8b86_7564_0000_1605027290_147_received
968e_8b86_0000_1605027290_148_received
03bf_968e_0000_1605027293_149_received
4775_03bf_0000_1605027296_150_generated
4b5f_4775_0000_1605027297_151_generated
98ad_4b5f_0000_1605027299_152_received
2b51_98ad_0000_1605027304_153_generated
8d27_2b51_0000_1605027311_154_generated
1971_8d27_0000_1605027312_155_received
0b1b_1971_0000_1605027321_156_generated
e494_0b1b_0000_1605027323_157_received
4c07_e494_0000_1605027329_158_generated
ffa8_4c07_0000_1605027331_159_received
cfb3_ffa8_0000_1605027333_160_generated
4d77_cfb3_0000_1605027338_161_generated
7790_4d77_0000_1605027342_162_generated
51a6_7790_0000_1605027344_163_generated
955d_51a6_0000_1605027344_164_generated
71a9_955d_0000_1605027348_165_generated
eb69_71a9_0000_1605027356_166_received
8a31_eb69_0000_1605027356_167_received
968f_8a31_0000_1605027357_168_received
2478_968f_0000_1605027362_169_received
b6dc_2478_0000_1605027365_170_generated
8a6d_b6dc_0000_1605027367_171_received
dadb_8a6d_0000_1605027367_172_received
6458_dadb_0000_1605027368_173_received
c897_6458_0000_1605027370_174_generated
cb1b_c897_0000_1605027373_175_generated
615b_cb1b_0000_1605027379_176_generated
bfd2_615b_0000_1605027380_177_generated
2f7a_bfd2_0000_1605027381_178_generated
b346_2f7a_0000_1605027385_179_received
46df_b346_0000_1605027386_180_received
2e0a_46df_0000_1605027386_181_received
bec9_2e0a_0000_1605027389_182_received
beb5_bec9_0000_1605027391_183_generated
3f28_bec9_0000_1605027390_183_received
fbd6_beb5_0000_1605027395_184_generated
3c65_3f28_0000_1605027395_184_received
d283_3c65_0000_1605027397_185_received
32a1_d283_0000_1605027398_186_received
37dd_32a1_0000_1605027400_187_generated
cafd_37dd_0000_1605027400_188_generated
112e_cafd_0000_1605027402_189_generated
dbe2_112e_0000_1605027405_190_received
d7aa_dbe2_0000_1605027408_191_generated
b5c4_d7aa_0000_1605027411_192_generated
8155_b5c4_0000_1605027412_193_generated
97a7_8155_0000_1605027413_194_generated
1cb7_97a7_0000_1605027416_195_generated
2c47_1cb7_0000_1605027417_196_generated
3ac6_2c47_0000_1605027418_197_generated
c3db_3ac6_0000_1605027424_198_generated
b823_c3db_0000_1605027428_199_generated
e3cd_b823_0000_1605027437_200_generated
e24e_e3cd_0000_1605027440_201_received
6138_e24e_0000_1605027445_202_received
c941_e24e_0000_1605027446_202_received
3141_6138_0000_1605027449_203_generated
1790_3141_0000_1605027453_204_generated
f26e_3141_0000_1605027452_204_received
c2f7_1790_0000_1605027454_205_generated
77ef_f26e_0000_1605027453_205_received
4300_c2f7_0000_1605027455_206_generated
ae65_4300_0000_1605027457_207_received
443d_ae65_0000_1605027465_208_generated
ba00_443d_0000_1605027467_209_received
2031_ba00_0000_1605027471_210_generated
c70d_2031_0000_1605027475_211_generated
9f60_c70d_0000_1605027480_212_generated
0408_9f60_0000_1605027482_213_generated
65ea_0408_0000_1605027483_214_generated
2f82_65ea_0000_1605027486_215_generated
186d_2f82_0000_1605027486_216_generated
436a_65ea_0000_1605027485_215_received
a3a0_186d_0000_1605027488_217_generated
9a69_436a_0000_1605027487_216_received
7737_a3a0_0000_1605027488_218_generated
7c8e_7737_0000_1605027493_219_generated
40d0_7c8e_0000_1605027494_220_generated
c6b1_7737_0000_1605027494_219_received
4a61_40d0_0000_1605027495_221_generated
1acf_4a61_0000_1605027496_222_generated
7b69_c6b1_0000_1605027495_220_received
ebb2_1acf_0000_1605027498_223_generated
862b_ebb2_0000_1605027501_224_generated
fb37_862b_0000_1605027502_225_generated
2485_fb37_0000_1605027508_226_received
258e_2485_0000_1605027510_227_generated
eae6_2485_0000_1605027509_227_received
62bd_258e_0000_1605027511_228_generated
0224_62bd_0000_1605027512_229_generated
a9b9_0224_0000_1605027516_230_received
e7b4_a9b9_0000_1605027521_231_generated
3187_e7b4_0000_1605027522_232_generated
6bf4_3187_0000_1605027529_233_received
5c73_3187_0000_1605027530_233_received
517e_6bf4_0000_1605027532_234_generated
4da0_517e_0000_1605027532_235_generated
1867_4da0_0000_1605027533_236_generated
55e3_1867_0000_1605027534_237_generated
b290_55e3_0000_1605027535_238_received
6798_b290_0000_1605027538_239_generated
1a8e_6798_0000_1605027541_240_generated
208d_1a8e_0000_1605027543_241_generated
0778_208d_0000_1605027543_242_generated
ac01_0778_0000_1605027550_243_generated
93b0_0778_0000_1605027549_243_received
f1c0_ac01_0000_1605027556_244_generated
5511_f1c0_0000_1605027557_245_generated
45f2_5511_0000_1605027562_246_generated
0a9e_45f2_0000_1605027566_247_received
4688_0a9e_0000_1605027572_248_generated
9f30_4688_0000_1605027575_249_generated
d5f2_9f30_0000_1605027576_250_generated
78f7_9f30_0000_1605027577_250_received
bdce_78f7_0000_1605027578_251_received
a273_bdce_0000_1605027582_252_received
ee18_a273_0000_1605027582_253_received
9aeb_ee18_0000_1605027587_254_generated
c4fc_9aeb_0000_1605027591_255_received
1d96_c4fc_0000_1605027598_256_generated
3209_c4fc_0000_1605027597_256_received
8f75_3209_0000_1605027606_257_received
4643_8f75_0000_1605027609_258_generated
7691_4643_0000_1605027610_259_generated
801a_7691_0000_1605027610_260_generated
09fc_801a_0000_1605027611_261_generated
5cd1_09fc_0000_1605027616_262_generated
fc93_5cd1_0000_1605027618_263_generated
acc3_fc93_0000_1605027621_264_generated
9314_fc93_0000_1605027622_264_received
f5fe_9314_0000_1605027623_265_received
7073_f5fe_0000_1605027625_266_received
a49d_7073_0000_1605027625_267_received
55a4_a49d_0000_1605027628_268_generated
