95d6_9e1c_0000_1605026911_1_received
f5c9_95d6_0000_1605026914_2_received
698c_f5c9_0000_1605026915_3_received
153c_f5c9_0000_1605026916_3_received
91a6_698c_0000_1605026918_4_received
48f1_91a6_0000_1605026921_5_received
1538_48f1_0000_1605026924_6_received
9de9_1538_0000_1605026925_7_received
9b0a_9de9_0000_1605026927_8_received
0b46_9de9_0000_1605026928_8_received
c0f8_9b0a_0000_1605026931_9_received
7bc4_0b46_0000_1605026932_9_received
ae54_7bc4_0000_1605026932_10_received
77c2_ae54_0000_1605026934_11_received
74f1_77c2_0000_1605026934_12_received
c77e_74f1_0000_1605026940_13_received
aab8_c77e_0000_1605026940_14_received
4f7c_aab8_0000_1605026943_15_received
f0ba_4f7c_0000_1605026946_16_received
7e0c_f0ba_0000_1605026946_17_received
c8c7_f0ba_0000_1605026947_17_received
f7c0_c8c7_0000_1605026948_18_received
fc46_7e0c_0000_1605026948_18_received
024b_f7c0_0000_1605026952_19_received
3196_024b_0000_1605026955_20_received
4453_3196_0000_1605026957_21_received
7a49_4453_0000_1605026959_22_received
3313_7a49_0000_1605026960_23_received
db64_3313_0000_1605026962_24_received
447f_db64_0000_1605026962_25_received
516d_447f_0000_1605026962_26_received
db29_516d_0000_1605026962_27_received
c368_db29_0000_1605026965_28_received
175f_c368_0000_1605026965_29_received
7ac1_175f_0000_1605026965_30_received
f100_7ac1_0000_1605026967_31_received
2bdb_f100_0000_1605026967_32_received
6fd6_2bdb_0000_1605026969_33_received
4bd7_6fd6_0000_1605026973_34_received
b139_4bd7_0000_1605026979_35_received
be88_b139_0000_1605026986_36_received
89a7_be88_0000_1605026986_37_received
fb12_89a7_0000_1605026989_38_received
5e46_89a7_0000_1605026990_38_received
1f2b_fb12_0000_1605026992_39_received
d370_1f2b_0000_1605026994_40_received
bdef_d370_0000_1605027000_41_received
b883_bdef_0000_1605027002_42_received
59a8_b883_0000_1605027005_43_received
cc7f_59a8_0000_1605027010_44_received
90c3_cc7f_0000_1605027015_45_generated
687c_90c3_0000_1605027017_46_received
e8ca_687c_0000_1605027019_47_received
209c_e8ca_0000_1605027019_48_received
899f_209c_0000_1605027023_49_received
b26b_899f_0000_1605027027_50_received
43d1_b26b_0000_1605027031_51_received
d66e_43d1_0000_1605027032_52_received
a692_d66e_0000_1605027036_53_received
11fd_a692_0000_1605027037_54_received
f9e0_11fd_0000_1605027040_55_received
ab98_f9e0_0000_1605027041_56_received
e007_ab98_0000_1605027043_57_received
b942_e007_0000_1605027050_58_received
7116_b942_0000_1605027053_59_received
c366_7116_0000_1605027053_60_received
4960_b942_0000_1605027054_59_received
aad8_c366_0000_1605027056_61_received
ed8f_aad8_0000_1605027057_62_generated
4fb2_ed8f_0000_1605027060_63_received
80b4_4fb2_0000_1605027062_64_received
70b3_80b4_0000_1605027065_65_received
e6d4_80b4_0000_1605027066_65_received
2ddf_e6d4_0000_1605027075_66_received
bc24_2ddf_0000_1605027077_67_received
e9a2_bc24_0000_1605027078_68_received
c3ae_e9a2_0000_1605027080_69_received
276b_c3ae_0000_1605027081_70_received
3e2e_276b_0000_1605027084_71_received
9135_3e2e_0000_1605027084_72_received
a373_9135_0000_1605027084_73_received
a3d1_a373_0000_1605027096_74_received
b1a4_a3d1_0000_1605027101_75_received
c44e_b1a4_0000_1605027102_76_received
ee2c_c44e_0000_1605027104_77_received
ab35_ee2c_0000_1605027104_78_received
399e_ab35_0000_1605027105_79_received
0388_399e_0000_1605027106_80_received
10a5_0388_0000_1605027111_81_received
1c8c_10a5_0000_1605027115_82_received
6f90_1c8c_0000_1605027119_83_received
5d2c_6f90_0000_1605027123_84_received
cfb2_5d2c_0000_1605027125_85_received
1079_cfb2_0000_1605027133_86_received
c835_1079_0000_1605027137_87_received
745d_c835_0000_1605027137_88_received
2ab6_745d_0000_1605027137_89_received
1b42_2ab6_0000_1605027144_90_received
5923_1b42_0000_1605027144_91_received
2227_5923_0000_1605027146_92_received
fddf_2227_0000_1605027148_93_received
6bb6_fddf_0000_1605027150_94_received
c576_6bb6_0000_1605027152_95_received
388b_c576_0000_1605027159_96_generated
bc4a_388b_0000_1605027162_97_received
c15d_bc4a_0000_1605027166_98_received
2603_c15d_0000_1605027167_99_received
3828_2603_0000_1605027169_100_received
cab3_3828_0000_1605027170_101_received
c479_cab3_0000_1605027171_102_received
063c_c479_0000_1605027173_103_received
95a7_c479_0000_1605027174_103_received
0dcc_95a7_0000_1605027174_104_received
bc26_0dcc_0000_1605027181_105_received
76d6_bc26_0000_1605027185_106_received
4ea3_76d6_0000_1605027187_107_received
961e_4ea3_0000_1605027189_108_received
310e_961e_0000_1605027189_109_received
4efe_310e_0000_1605027190_110_received
14d2_4efe_0000_1605027194_111_received
9687_14d2_0000_1605027196_112_received
b31c_14d2_0000_1605027197_112_received
37e6_b31c_0000_1605027201_113_received
9c36_37e6_0000_1605027204_114_received
70a0_9c36_0000_1605027206_115_received
106a_70a0_0000_1605027208_116_received
b63e_106a_0000_1605027209_117_received
cb9a_b63e_0000_1605027216_118_received
4528_cb9a_0000_1605027216_119_received
cd30_4528_0000_1605027217_120_received
ba9a_cd30_0000_1605027219_121_received
6687_ba9a_0000_1605027220_122_received
8e25_6687_0000_1605027220_123_received
1fb9_8e25_0000_1605027221_124_received
0cb8_1fb9_0000_1605027224_125_received
fc39_0cb8_0000_1605027226_126_received
ec81_fc39_0000_1605027229_127_received
7a04_ec81_0000_1605027235_128_received
5f78_7a04_0000_1605027237_129_received
92c6_5f78_0000_1605027238_130_received
f21b_92c6_0000_1605027240_131_received
6440_f21b_0000_1605027247_132_received
450a_6440_0000_1605027249_133_received
af1d_450a_0000_1605027253_134_received
9553_af1d_0000_1605027254_135_received
8480_9553_0000_1605027258_136_received
ddd4_8480_0000_1605027260_137_received
366a_ddd4_0000_1605027272_138_received
c1d9_366a_0000_1605027275_139_received
e85f_c1d9_0000_1605027276_140_received
0f52_e85f_0000_1605027278_141_received
a3b0_0f52_0000_1605027283_142_received
b0cc_a3b0_0000_1605027284_143_received
3b60_b0cc_0000_1605027285_144_received
ec61_3b60_0000_1605027288_145_received
7564_ec61_0000_1605027288_146_received
8b86_7564_0000_1605027290_147_received
968e_8b86_0000_1605027290_148_received
03bf_968e_0000_1605027293_149_received
4775_03bf_0000_1605027296_150_received
4b5f_4775_0000_1605027297_151_received
98ad_4b5f_0000_1605027299_152_received
2b51_98ad_0000_1605027304_153_received
8d27_2b51_0000_1605027311_154_received
1971_8d27_0000_1605027312_155_received
0b1b_1971_0000_1605027321_156_received
e494_0b1b_0000_1605027323_157_received
4c07_e494_0000_1605027329_158_received
ffa8_4c07_0000_1605027331_159_generated
cfb3_ffa8_0000_1605027333_160_received
4d77_cfb3_0000_1605027338_161_received
7790_4d77_0000_1605027342_162_received
51a6_7790_0000_1605027344_163_received
955d_51a6_0000_1605027344_164_received
71a9_955d_0000_1605027348_165_received
eb69_71a9_0000_1605027356_166_received
8a31_eb69_0000_1605027356_167_received
968f_8a31_0000_1605027357_168_received
2478_968f_0000_1605027362_169_received
b6dc_2478_0000_1605027365_170_received
8a6d_b6dc_0000_1605027367_171_received
dadb_8a6d_0000_1605027367_172_received
6458_dadb_0000_1605027368_173_received
c897_6458_0000_1605027370_174_received
cb1b_c897_0000_1605027373_175_received
615b_cb1b_0000_1605027379_176_received
bfd2_615b_0000_1605027380_177_received
2f7a_bfd2_0000_1605027381_178_received
b346_2f7a_0000_1605027385_179_received
46df_b346_0000_1605027386_180_received
2e0a_46df_0000_1605027386_181_received
bec9_2e0a_0000_1605027389_182_received
3f28_bec9_0000_1605027390_183_received
beb5_bec9_0000_1605027391_183_received
fbd6_beb5_0000_1605027395_184_received
3c65_3f28_0000_1605027395_184_received
d283_3c65_0000_1605027397_185_received
32a1_d283_0000_1605027398_186_received
37dd_32a1_0000_1605027400_187_received
cafd_37dd_0000_1605027400_188_received
112e_cafd_0000_1605027402_189_received
dbe2_112e_0000_1605027405_190_received
d7aa_dbe2_0000_1605027408_191_received
b5c4_d7aa_0000_1605027411_192_received
8155_b5c4_0000_1605027412_193_received
97a7_8155_0000_1605027413_194_received
1cb7_97a7_0000_1605027416_195_received
2c47_1cb7_0000_1605027417_196_received
3ac6_2c47_0000_1605027418_197_received
c3db_3ac6_0000_1605027424_198_received
b823_c3db_0000_1605027428_199_received
e3cd_b823_0000_1605027437_200_received
e24e_e3cd_0000_1605027440_201_received
6138_e24e_0000_1605027445_202_generated
c941_e24e_0000_1605027446_202_received
3141_6138_0000_1605027449_203_received
f26e_3141_0000_1605027452_204_received
1790_3141_0000_1605027453_204_received
77ef_f26e_0000_1605027453_205_received
c2f7_1790_0000_1605027454_205_received
4300_c2f7_0000_1605027455_206_received
ae65_4300_0000_1605027457_207_received
443d_ae65_0000_1605027465_208_received
ba00_443d_0000_1605027467_209_received
2031_ba00_0000_1605027471_210_received
c70d_2031_0000_1605027475_211_received
9f60_c70d_0000_1605027480_212_received
0408_9f60_0000_1605027482_213_received
65ea_0408_0000_1605027483_214_received
436a_65ea_0000_1605027485_215_received
2f82_65ea_0000_1605027486_215_received
186d_2f82_0000_1605027486_216_received
9a69_436a_0000_1605027487_216_received
a3a0_186d_0000_1605027488_217_received
7737_a3a0_0000_1605027488_218_received
c6b1_7737_0000_1605027494_219_generated
7c8e_7737_0000_1605027493_219_received
40d0_7c8e_0000_1605027494_220_received
4a61_40d0_0000_1605027495_221_received
7b69_c6b1_0000_1605027495_220_received
1acf_4a61_0000_1605027496_222_received
ebb2_1acf_0000_1605027498_223_received
862b_ebb2_0000_1605027501_224_received
fb37_862b_0000_1605027502_225_received
2485_fb37_0000_1605027508_226_received
eae6_2485_0000_1605027509_227_received
258e_2485_0000_1605027510_227_received
62bd_258e_0000_1605027511_228_received
0224_62bd_0000_1605027512_229_received
a9b9_0224_0000_1605027516_230_received
e7b4_a9b9_0000_1605027521_231_received
3187_e7b4_0000_1605027522_232_received
6bf4_3187_0000_1605027529_233_generated
5c73_3187_0000_1605027530_233_received
517e_6bf4_0000_1605027532_234_received
4da0_517e_0000_1605027532_235_received
1867_4da0_0000_1605027533_236_received
55e3_1867_0000_1605027534_237_received
b290_55e3_0000_1605027535_238_received
6798_b290_0000_1605027538_239_generated
1a8e_6798_0000_1605027541_240_received
208d_1a8e_0000_1605027543_241_received
0778_208d_0000_1605027543_242_received
93b0_0778_0000_1605027549_243_received
ac01_0778_0000_1605027550_243_received
f1c0_ac01_0000_1605027556_244_received
5511_f1c0_0000_1605027557_245_received
45f2_5511_0000_1605027562_246_received
0a9e_45f2_0000_1605027566_247_received
4688_0a9e_0000_1605027572_248_received
9f30_4688_0000_1605027575_249_received
d5f2_9f30_0000_1605027576_250_received
78f7_9f30_0000_1605027577_250_received
bdce_78f7_0000_1605027578_251_received
a273_bdce_0000_1605027582_252_received
ee18_a273_0000_1605027582_253_received
9aeb_ee18_0000_1605027587_254_received
c4fc_9aeb_0000_1605027591_255_received
3209_c4fc_0000_1605027597_256_received
1d96_c4fc_0000_1605027598_256_received
8f75_3209_0000_1605027606_257_received
4643_8f75_0000_1605027609_258_received
7691_4643_0000_1605027610_259_received
801a_7691_0000_1605027610_260_received
09fc_801a_0000_1605027611_261_received
5cd1_09fc_0000_1605027616_262_received
fc93_5cd1_0000_1605027618_263_received
acc3_fc93_0000_1605027621_264_received
9314_fc93_0000_1605027622_264_received
f5fe_9314_0000_1605027623_265_received
7073_f5fe_0000_1605027625_266_received
a49d_7073_0000_1605027625_267_received
55a4_a49d_0000_1605027628_268_received
