0c0d_9e1c_0000_1607343931_1_received
7c01_0c0d_0000_1607343932_2_received
77ed_7c01_0000_1607343934_3_generated
aa9d_7c01_0000_1607343933_3_received
3562_77ed_0000_1607343939_4_generated
b0c0_aa9d_0000_1607343939_4_received
4a63_3562_0000_1607343944_5_generated
d8e0_4a63_0000_1607343961_6_received
9c99_d8e0_0000_1607343962_7_generated
9636_9c99_0000_1607343965_8_received
3801_9636_0000_1607343975_9_generated
8a5d_3801_0000_1607343977_10_received
56b7_8a5d_0000_1607343978_11_received
9721_56b7_0000_1607344001_12_received
70a0_9721_0000_1607344008_13_generated
671b_70a0_0000_1607344027_14_generated
b3c9_671b_0000_1607344040_15_generated
69fd_b3c9_0000_1607344040_16_generated
97e1_69fd_0000_1607344048_17_generated
0ee3_97e1_0000_1607344059_18_received
cc86_0ee3_0000_1607344063_19_received
ef79_cc86_0000_1607344071_20_received
a9e5_ef79_0000_1607344079_21_generated
5d01_a9e5_0000_1607344079_22_generated
4654_5d01_0000_1607344101_23_received
bfa4_4654_0000_1607344103_24_generated
8c27_bfa4_0000_1607344103_25_generated
c013_8c27_0000_1607344123_26_received
ea34_c013_0000_1607344145_27_generated
aa0f_ea34_0000_1607344151_28_generated
5bf4_aa0f_0000_1607344153_29_generated
82cf_5bf4_0000_1607344160_30_generated
1f88_82cf_0000_1607344161_31_received
25c0_1f88_0000_1607344162_32_received
7fae_25c0_0000_1607344162_33_received
ee0d_7fae_0000_1607344176_34_generated
6a2a_ee0d_0000_1607344180_35_received
eed1_6a2a_0000_1607344181_36_received
9448_eed1_0000_1607344195_37_generated
13cd_9448_0000_1607344206_38_received
cb82_13cd_0000_1607344249_39_received
a369_cb82_0000_1607344253_40_generated
8b29_a369_0000_1607344261_41_received
eabb_8b29_0000_1607344268_42_generated
6e61_eabb_0000_1607344273_43_received
c931_6e61_0000_1607344286_44_received
3813_c931_0000_1607344288_45_generated
00af_3813_0000_1607344306_46_generated
3d09_00af_0000_1607344312_47_received
a908_3d09_0000_1607344315_48_generated
26de_a908_0000_1607344329_49_generated
e1b0_26de_0000_1607344336_50_received
98c8_e1b0_0000_1607344339_51_received
9bd0_98c8_0000_1607344346_52_received
da9e_9bd0_0000_1607344358_53_received
f31d_da9e_0000_1607344364_54_generated
fdab_f31d_0000_1607344366_55_received
1a5d_fdab_0000_1607344371_56_generated
fdb1_1a5d_0000_1607344373_57_generated
11c7_fdb1_0000_1607344383_58_received
4978_11c7_0000_1607344392_59_received
122f_4978_0000_1607344402_60_generated
adb5_122f_0000_1607344418_61_generated
3bca_adb5_0000_1607344423_62_received
6ca4_3bca_0000_1607344432_63_received
060c_6ca4_0000_1607344440_64_received
8a34_060c_0000_1607344451_65_generated
a79f_8a34_0000_1607344455_66_received
4927_a79f_0000_1607344461_67_generated
7ee7_4927_0000_1607344483_68_generated
d5b8_7ee7_0000_1607344494_69_received
dbf2_d5b8_0000_1607344504_70_generated
f866_dbf2_0000_1607344504_71_generated
e7c5_f866_0000_1607344506_72_generated
8c2f_e7c5_0000_1607344515_73_received
c75d_8c2f_0000_1607344517_74_generated
6dbf_c75d_0000_1607344519_75_received
4568_6dbf_0000_1607344529_76_generated
