a400_9e1c_0000_1607379495_1_received
4a9a_a400_0000_1607379500_2_received
652e_4a9a_0000_1607379506_3_received
efeb_652e_0000_1607379507_4_received
0c60_efeb_0000_1607379522_5_received
08f4_0c60_0000_1607379527_6_received
3126_0c60_0000_1607379528_6_received
e44f_08f4_0000_1607379538_7_received
e7d8_e44f_0000_1607379548_8_generated
4cee_e7d8_0000_1607379550_9_received
94bd_4cee_0000_1607379565_10_received
9c86_94bd_0000_1607379577_11_received
423c_9c86_0000_1607379578_12_received
3272_423c_0000_1607379579_13_received
de87_3272_0000_1607379589_14_generated
a4dc_de87_0000_1607379592_15_received
89f4_a4dc_0000_1607379593_16_received
66e9_89f4_0000_1607379595_17_received
024d_66e9_0000_1607379604_18_received
a4f3_024d_0000_1607379606_19_generated
ae48_a4f3_0000_1607379609_20_received
70fd_ae48_0000_1607379611_21_received
ffc4_70fd_0000_1607379618_22_received
5359_ffc4_0000_1607379638_23_generated
c43f_5359_0000_1607379644_24_received
e28f_c43f_0000_1607379646_25_received
6266_e28f_0000_1607379652_26_received
202d_6266_0000_1607379654_27_received
ac5f_202d_0000_1607379656_28_received
4499_ac5f_0000_1607379671_29_received
9a48_4499_0000_1607379682_30_received
c9ea_9a48_0000_1607379683_31_received
c67b_c9ea_0000_1607379697_32_received
6d8f_c67b_0000_1607379700_33_received
bb7a_6d8f_0000_1607379714_34_received
b486_bb7a_0000_1607379718_35_received
6dbe_b486_0000_1607379720_36_received
5ad7_6dbe_0000_1607379725_37_received
7d3a_6dbe_0000_1607379726_37_received
4041_5ad7_0000_1607379738_38_received
f1b5_4041_0000_1607379742_39_received
af9e_f1b5_0000_1607379744_40_received
3548_af9e_0000_1607379764_41_received
d544_3548_0000_1607379769_42_received
84e3_d544_0000_1607379771_43_received
cebf_84e3_0000_1607379775_44_received
1b9a_cebf_0000_1607379776_45_received
c3e9_1b9a_0000_1607379779_46_received
f08d_c3e9_0000_1607379782_47_received
17f6_f08d_0000_1607379787_48_received
2f57_17f6_0000_1607379798_49_received
5452_2f57_0000_1607379812_50_received
68dc_5452_0000_1607379826_51_received
db9a_68dc_0000_1607379842_52_received
bcf0_db9a_0000_1607379848_53_received
1ee2_bcf0_0000_1607379852_54_received
b7df_1ee2_0000_1607379854_55_received
d90f_b7df_0000_1607379858_56_received
2546_d90f_0000_1607379859_57_received
3186_2546_0000_1607379861_58_received
0fcd_3186_0000_1607379870_59_received
634c_0fcd_0000_1607379883_60_received
9ba6_634c_0000_1607379892_61_received
2e32_9ba6_0000_1607379899_62_received
675b_2e32_0000_1607379902_63_received
7d89_675b_0000_1607379905_64_received
05ef_7d89_0000_1607379917_65_received
35ac_05ef_0000_1607379923_66_received
7559_35ac_0000_1607379926_67_received
d5d2_7559_0000_1607379935_68_received
0970_d5d2_0000_1607379945_69_generated
59c3_0970_0000_1607379950_70_received
41cd_59c3_0000_1607379959_71_received
7d17_41cd_0000_1607379966_72_received
cb07_7d17_0000_1607379975_73_received
1fd2_cb07_0000_1607379980_74_generated
c508_cb07_0000_1607379979_74_received
dd91_1fd2_0000_1607379990_75_received
8a58_dd91_0000_1607379992_76_received
74b5_8a58_0000_1607379992_77_received
5e9a_74b5_0000_1607379994_78_received
5e9f_5e9a_0000_1607379995_79_received
47f2_5e9f_0000_1607379996_80_received
2df6_47f2_0000_1607380003_81_received
3356_2df6_0000_1607380014_82_received
2c40_3356_0000_1607380015_83_received
3383_2c40_0000_1607380022_84_received
8112_3383_0000_1607380024_85_received
0950_8112_0000_1607380028_86_received
78e6_8112_0000_1607380029_86_received
bc95_0950_0000_1607380031_87_received
87f0_bc95_0000_1607380036_88_received
8f11_87f0_0000_1607380037_89_received
a434_8f11_0000_1607380038_90_received
74d3_8f11_0000_1607380039_90_received
e543_a434_0000_1607380042_91_received
1003_e543_0000_1607380054_92_received
7f3a_1003_0000_1607380057_93_received
0b9f_7f3a_0000_1607380062_94_received
2928_0b9f_0000_1607380070_95_received
7df0_2928_0000_1607380080_96_received
83a9_7df0_0000_1607380084_97_received
0327_83a9_0000_1607380088_98_received
1eb7_0327_0000_1607380088_99_received
a262_1eb7_0000_1607380092_100_received
df30_a262_0000_1607380094_101_received
f681_df30_0000_1607380096_102_received
6b7b_f681_0000_1607380099_103_received
a97d_6b7b_0000_1607380101_104_received
fdfc_a97d_0000_1607380102_105_received
e28a_fdfc_0000_1607380106_106_received
b5c8_e28a_0000_1607380117_107_received
761b_b5c8_0000_1607380118_108_generated
b51a_b5c8_0000_1607380119_108_received
e63a_761b_0000_1607380125_109_received
87c7_e63a_0000_1607380130_110_received
3987_87c7_0000_1607380147_111_generated
db11_3987_0000_1607380151_112_received
71dc_db11_0000_1607380155_113_received
4fbd_71dc_0000_1607380163_114_received
aee5_4fbd_0000_1607380179_115_received
abba_aee5_0000_1607380185_116_received
7fa0_abba_0000_1607380187_117_received
a28a_7fa0_0000_1607380188_118_received
b366_a28a_0000_1607380196_119_received
6cb9_b366_0000_1607380198_120_received
b0a2_6cb9_0000_1607380202_121_received
0df4_6cb9_0000_1607380203_121_received
2aa0_0df4_0000_1607380204_122_received
bdd3_2aa0_0000_1607380206_123_received
dbb1_bdd3_0000_1607380210_124_received
25c1_dbb1_0000_1607380214_125_received
f99f_25c1_0000_1607380227_126_received
117d_f99f_0000_1607380231_127_received
1827_f99f_0000_1607380232_127_received
7de5_117d_0000_1607380233_128_received
665e_7de5_0000_1607380235_129_generated
c2d4_665e_0000_1607380247_130_received
5f20_c2d4_0000_1607380262_131_received
ee22_5f20_0000_1607380267_132_received
03a9_ee22_0000_1607380272_133_received
4d80_03a9_0000_1607380281_134_received
a2e0_4d80_0000_1607380295_135_received
951c_a2e0_0000_1607380302_136_received
ab43_951c_0000_1607380307_137_received
3ceb_ab43_0000_1607380317_138_received
bbba_3ceb_0000_1607380331_139_received
c9ff_bbba_0000_1607380343_140_received
96f0_c9ff_0000_1607380344_141_received
76d3_c9ff_0000_1607380345_141_received
c42c_96f0_0000_1607380346_142_received
b656_c42c_0000_1607380356_143_received
c31f_b656_0000_1607380358_144_received
d549_c31f_0000_1607380360_145_received
f8d8_d549_0000_1607380370_146_received
3ecc_f8d8_0000_1607380373_147_received
44ec_3ecc_0000_1607380379_148_received
8345_44ec_0000_1607380381_149_generated
0b7e_8345_0000_1607380392_150_received
aac2_0b7e_0000_1607380400_151_generated
974c_0b7e_0000_1607380399_151_received
232f_974c_0000_1607380408_152_received
bc26_232f_0000_1607380418_153_generated
e020_bc26_0000_1607380422_154_received
aa9f_e020_0000_1607380437_155_received
0642_aa9f_0000_1607380448_156_received
24d5_0642_0000_1607380450_157_generated
4fd2_24d5_0000_1607380454_158_received
1a45_4fd2_0000_1607380455_159_received
77fc_1a45_0000_1607380469_160_received
3aa9_77fc_0000_1607380475_161_received
b5ba_3aa9_0000_1607380494_162_received
9e07_b5ba_0000_1607380500_163_received
c4b9_9e07_0000_1607380509_164_received
b35e_c4b9_0000_1607380513_165_received
4d3b_b35e_0000_1607380514_166_received
6c9a_4d3b_0000_1607380518_167_received
535b_6c9a_0000_1607380523_168_received
61fd_535b_0000_1607380529_169_received
86ed_61fd_0000_1607380535_170_received
2344_86ed_0000_1607380536_171_received
2a46_2344_0000_1607380540_172_generated
5f85_2a46_0000_1607380543_173_received
aebf_5f85_0000_1607380546_174_received
58da_aebf_0000_1607380549_175_received
a0fd_58da_0000_1607380552_176_received
80b7_a0fd_0000_1607380560_177_received
e309_80b7_0000_1607380592_178_received
e54a_e309_0000_1607380596_179_received
f63a_e54a_0000_1607380609_180_received
b955_f63a_0000_1607380638_181_received
06db_b955_0000_1607380639_182_received
c78f_06db_0000_1607380647_183_received
424a_c78f_0000_1607380648_184_received
442a_424a_0000_1607380650_185_received
7fed_c78f_0000_1607380650_184_received
ef31_442a_0000_1607380662_186_received
d3d9_ef31_0000_1607380672_187_received
e6b5_d3d9_0000_1607380678_188_received
01a0_e6b5_0000_1607380681_189_generated
