2fd7_9e1c_0000_1607384299_1_generated
337c_9e1c_0000_1607384298_1_received
168b_337c_0000_1607384302_2_received
88d2_2fd7_0000_1607384302_2_received
dd7e_88d2_0000_1607384307_3_received
b231_168b_0000_1607384308_3_received
e0bf_dd7e_0000_1607384317_4_received
d1e4_e0bf_0000_1607384318_5_received
0d68_d1e4_0000_1607384321_6_received
2956_0d68_0000_1607384322_7_received
e864_2956_0000_1607384328_8_received
a88a_e864_0000_1607384339_9_received
c585_a88a_0000_1607384344_10_received
c2a1_c585_0000_1607384352_11_received
5ee0_c2a1_0000_1607384353_12_received
a69c_5ee0_0000_1607384354_13_received
c5b8_a69c_0000_1607384355_14_received
ba31_c5b8_0000_1607384357_15_received
f124_ba31_0000_1607384360_16_received
2b67_f124_0000_1607384361_17_received
e16f_2b67_0000_1607384366_18_received
8c66_e16f_0000_1607384374_19_received
9868_8c66_0000_1607384376_20_received
aed0_9868_0000_1607384376_21_received
5b7a_aed0_0000_1607384377_22_received
4e8a_5b7a_0000_1607384377_23_received
f7be_4e8a_0000_1607384381_24_received
f764_f7be_0000_1607384385_25_generated
a0a2_f764_0000_1607384387_26_received
7226_a0a2_0000_1607384395_27_received
3467_7226_0000_1607384396_28_received
4c9e_3467_0000_1607384397_29_received
4e1e_4c9e_0000_1607384399_30_received
3c93_4e1e_0000_1607384400_31_received
e621_3c93_0000_1607384402_32_received
3b02_e621_0000_1607384403_33_received
b615_3b02_0000_1607384406_34_received
8eb5_b615_0000_1607384410_35_received
fc3c_8eb5_0000_1607384412_36_received
8558_8eb5_0000_1607384413_36_received
9773_fc3c_0000_1607384415_37_received
0437_9773_0000_1607384424_38_generated
fe79_0437_0000_1607384425_39_received
67fe_fe79_0000_1607384428_40_received
0d36_67fe_0000_1607384432_41_received
fa2c_67fe_0000_1607384433_41_received
3052_0d36_0000_1607384434_42_received
f861_0d36_0000_1607384433_42_received
f2a5_3052_0000_1607384438_43_received
1abd_f861_0000_1607384438_43_received
4ae2_f2a5_0000_1607384439_44_received
edf3_4ae2_0000_1607384443_45_received
7a9f_edf3_0000_1607384448_46_received
2ac6_7a9f_0000_1607384450_47_received
8e7d_7a9f_0000_1607384451_47_received
6cab_2ac6_0000_1607384453_48_received
a094_6cab_0000_1607384455_49_received
9e8f_a094_0000_1607384455_50_received
8a37_9e8f_0000_1607384457_51_received
3c75_9e8f_0000_1607384458_51_received
abac_8a37_0000_1607384459_52_generated
5377_abac_0000_1607384459_53_received
91b4_5377_0000_1607384461_54_received
1a87_91b4_0000_1607384464_55_received
f173_1a87_0000_1607384468_56_received
0520_f173_0000_1607384474_57_generated
bc6d_0520_0000_1607384475_58_generated
adce_bc6d_0000_1607384476_59_received
fe98_adce_0000_1607384478_60_received
dc08_fe98_0000_1607384485_61_received
552f_fe98_0000_1607384484_61_received
272a_dc08_0000_1607384486_62_received
227a_272a_0000_1607384489_63_received
c169_227a_0000_1607384492_64_received
0c0d_c169_0000_1607384503_65_received
16a3_0c0d_0000_1607384519_66_generated
b6e5_16a3_0000_1607384523_67_received
d631_b6e5_0000_1607384527_68_received
7f3f_d631_0000_1607384529_69_generated
eaff_7f3f_0000_1607384529_70_generated
35d0_eaff_0000_1607384531_71_received
c13b_35d0_0000_1607384539_72_received
86da_c13b_0000_1607384541_73_received
b1dc_86da_0000_1607384544_74_generated
2603_b1dc_0000_1607384549_75_received
96b2_2603_0000_1607384551_76_received
29b5_96b2_0000_1607384555_77_received
3ca8_29b5_0000_1607384566_78_received
2a18_3ca8_0000_1607384569_79_received
7b31_2a18_0000_1607384574_80_received
d453_7b31_0000_1607384577_81_received
c066_d453_0000_1607384580_82_received
a0ee_c066_0000_1607384582_83_received
8d1b_a0ee_0000_1607384582_84_received
ec57_8d1b_0000_1607384584_85_received
ed04_ec57_0000_1607384590_86_received
0a76_ed04_0000_1607384593_87_received
8010_0a76_0000_1607384595_88_received
a01d_8010_0000_1607384597_89_generated
448c_a01d_0000_1607384601_90_received
7582_448c_0000_1607384602_91_generated
7c05_448c_0000_1607384601_91_received
7bce_7c05_0000_1607384604_92_received
185c_7bce_0000_1607384609_93_received
94b2_185c_0000_1607384609_94_received
6f65_94b2_0000_1607384614_95_received
279c_6f65_0000_1607384617_96_received
5dbf_279c_0000_1607384617_97_received
7da6_5dbf_0000_1607384619_98_received
365d_7da6_0000_1607384620_99_received
bb81_365d_0000_1607384621_100_received
b6f7_bb81_0000_1607384622_101_received
25fc_b6f7_0000_1607384625_102_received
c6bf_25fc_0000_1607384637_103_received
5bdc_c6bf_0000_1607384639_104_received
2084_5bdc_0000_1607384646_105_received
d907_2084_0000_1607384650_106_received
5495_d907_0000_1607384655_107_received
36b4_5495_0000_1607384657_108_generated
7d22_36b4_0000_1607384667_109_received
1980_7d22_0000_1607384668_110_received
0689_1980_0000_1607384669_111_received
f5d0_0689_0000_1607384671_112_received
48f4_f5d0_0000_1607384672_113_generated
2fba_48f4_0000_1607384677_114_received
2e0d_2fba_0000_1607384677_115_received
9a5b_2e0d_0000_1607384678_116_received
1878_9a5b_0000_1607384681_117_generated
36f9_9a5b_0000_1607384680_117_received
a493_36f9_0000_1607384681_118_received
0e51_a493_0000_1607384687_119_received
2bea_0e51_0000_1607384690_120_received
fb86_2bea_0000_1607384700_121_received
4929_fb86_0000_1607384700_122_received
018c_4929_0000_1607384701_123_received
f8a2_018c_0000_1607384703_124_received
408c_f8a2_0000_1607384703_125_received
a18a_408c_0000_1607384705_126_received
0f58_a18a_0000_1607384714_127_received
27af_0f58_0000_1607384718_128_received
e0a6_27af_0000_1607384720_129_received
c12c_e0a6_0000_1607384728_130_received
e884_e0a6_0000_1607384727_130_received
d520_c12c_0000_1607384731_131_received
3038_d520_0000_1607384737_132_received
f340_3038_0000_1607384746_133_received
80d2_f340_0000_1607384748_134_received
521f_80d2_0000_1607384750_135_received
7fbe_521f_0000_1607384754_136_received
6537_7fbe_0000_1607384755_137_received
17e3_6537_0000_1607384758_138_received
5a66_17e3_0000_1607384759_139_generated
31f3_5a66_0000_1607384763_140_received
21b3_31f3_0000_1607384767_141_received
64ae_21b3_0000_1607384773_142_received
b57a_64ae_0000_1607384775_143_received
533f_b57a_0000_1607384776_144_received
7427_533f_0000_1607384777_145_received
a02d_7427_0000_1607384785_146_generated
8114_a02d_0000_1607384788_147_received
1d8e_8114_0000_1607384794_148_received
0853_1d8e_0000_1607384795_149_received
b077_0853_0000_1607384800_150_received
7b29_b077_0000_1607384802_151_generated
33ee_0853_0000_1607384801_150_received
212a_7b29_0000_1607384803_152_received
7c7c_212a_0000_1607384809_153_received
c97c_7c7c_0000_1607384819_154_received
5b91_c97c_0000_1607384822_155_received
d5ae_5b91_0000_1607384826_156_received
d8df_d5ae_0000_1607384830_157_generated
2785_d8df_0000_1607384831_158_received
1502_2785_0000_1607384832_159_received
0270_1502_0000_1607384833_160_received
96bd_1502_0000_1607384835_160_received
57b3_0270_0000_1607384840_161_received
8682_57b3_0000_1607384842_162_received
7ef8_8682_0000_1607384848_163_received
27a2_7ef8_0000_1607384853_164_received
89bc_27a2_0000_1607384854_165_received
c7b9_89bc_0000_1607384857_166_generated
cf1d_c7b9_0000_1607384865_167_received
ee94_cf1d_0000_1607384870_168_received
d48e_ee94_0000_1607384871_169_received
b4ca_d48e_0000_1607384875_170_received
6bc4_b4ca_0000_1607384876_171_received
722f_b4ca_0000_1607384877_171_received
c6e1_722f_0000_1607384878_172_received
c6d5_6bc4_0000_1607384880_172_received
6ec8_c6e1_0000_1607384882_173_received
08e7_6ec8_0000_1607384886_174_received
e86d_08e7_0000_1607384890_175_received
1c25_e86d_0000_1607384893_176_received
fead_1c25_0000_1607384895_177_received
794f_1c25_0000_1607384896_177_received
b8fc_794f_0000_1607384898_178_received
25bd_1c25_0000_1607384897_177_received
2d66_b8fc_0000_1607384901_179_received
1e53_b8fc_0000_1607384902_179_received
d9fa_2d66_0000_1607384904_180_received
213c_d9fa_0000_1607384907_181_generated
c0f2_213c_0000_1607384911_182_received
2f1a_c0f2_0000_1607384915_183_received
284b_c0f2_0000_1607384916_183_received
3477_2f1a_0000_1607384919_184_received
aaeb_3477_0000_1607384926_185_received
3ecc_3477_0000_1607384927_185_received
30ba_aaeb_0000_1607384930_186_received
c3b7_30ba_0000_1607384934_187_received
f21a_c3b7_0000_1607384936_188_received
0343_f21a_0000_1607384938_189_received
3ea5_f21a_0000_1607384939_189_received
dc75_3ea5_0000_1607384943_190_received
7428_dc75_0000_1607384944_191_received
d215_dc75_0000_1607384946_191_received
f94f_7428_0000_1607384951_192_received
99c6_f94f_0000_1607384957_193_received
5105_99c6_0000_1607384959_194_generated
6092_f94f_0000_1607384958_193_received
21cb_5105_0000_1607384962_195_received
7c78_99c6_0000_1607384961_194_received
2330_21cb_0000_1607384969_196_received
404e_2330_0000_1607384971_197_received
89cd_404e_0000_1607384971_198_received
74c5_89cd_0000_1607384973_199_generated
119a_404e_0000_1607384972_198_received
f4d6_74c5_0000_1607384978_200_received
1c1d_f4d6_0000_1607384983_201_received
2867_1c1d_0000_1607384994_202_received
dbdf_2867_0000_1607384997_203_received
94b6_2867_0000_1607384996_203_received
48fd_dbdf_0000_1607384999_204_generated
7629_48fd_0000_1607384999_205_received
1c7e_7629_0000_1607385007_206_received
b553_1c7e_0000_1607385010_207_received
2287_b553_0000_1607385016_208_received
38eb_2287_0000_1607385021_209_received
5cac_2287_0000_1607385022_209_received
d1fb_38eb_0000_1607385032_210_received
1326_d1fb_0000_1607385039_211_received
459d_1326_0000_1607385043_212_generated
2e68_459d_0000_1607385048_213_received
1390_2e68_0000_1607385058_214_received
4198_1390_0000_1607385063_215_received
e2b7_4198_0000_1607385064_216_received
03e2_e2b7_0000_1607385067_217_received
6297_e2b7_0000_1607385068_217_received
8ae1_03e2_0000_1607385071_218_received
f29a_8ae1_0000_1607385073_219_received
fa12_f29a_0000_1607385076_220_received
63ed_fa12_0000_1607385078_221_received
c555_63ed_0000_1607385080_222_received
91a1_63ed_0000_1607385081_222_received
7c30_c555_0000_1607385082_223_received
95ff_c555_0000_1607385084_223_received
2ea9_7c30_0000_1607385099_224_received
ed34_2ea9_0000_1607385100_225_received
60d0_2ea9_0000_1607385101_225_received
8313_ed34_0000_1607385103_226_received
3924_8313_0000_1607385104_227_received
cc6e_3924_0000_1607385109_228_generated
f576_3924_0000_1607385108_228_received
cd5b_f576_0000_1607385112_229_received
c777_cd5b_0000_1607385113_230_received
f197_f576_0000_1607385114_229_received
a524_cd5b_0000_1607385114_230_received
096c_c777_0000_1607385117_231_received
704e_c777_0000_1607385119_231_received
628c_704e_0000_1607385124_232_received
2f21_096c_0000_1607385124_232_received
7c91_628c_0000_1607385127_233_received
a401_7c91_0000_1607385128_234_received
8d94_a401_0000_1607385131_235_received
567c_a401_0000_1607385132_235_received
29c2_567c_0000_1607385133_236_received
f1e8_29c2_0000_1607385136_237_received
323d_8d94_0000_1607385135_236_received
3547_f1e8_0000_1607385137_238_received
7f25_3547_0000_1607385148_239_received
57de_7f25_0000_1607385152_240_received
ba0e_57de_0000_1607385155_241_received
b8a8_ba0e_0000_1607385155_242_received
ae12_57de_0000_1607385157_241_received
c670_b8a8_0000_1607385162_243_received
6f5c_c670_0000_1607385162_244_received
d52f_b8a8_0000_1607385163_243_received
193e_6f5c_0000_1607385165_245_received
4b47_193e_0000_1607385168_246_received
cfab_4b47_0000_1607385169_247_received
91a2_cfab_0000_1607385171_248_received
cef9_91a2_0000_1607385175_249_generated
0cd6_91a2_0000_1607385172_249_received
6104_0cd6_0000_1607385173_250_received
e8d9_193e_0000_1607385172_246_received
f0b0_4b47_0000_1607385172_247_received
fd2d_f0b0_0000_1607385174_248_received
c981_6104_0000_1607385181_251_received
c952_6104_0000_1607385180_251_received
1e85_c981_0000_1607385183_252_received
24e3_1e85_0000_1607385185_253_received
0a35_24e3_0000_1607385190_254_received
028f_6104_0000_1607385182_251_received
06d4_24e3_0000_1607385191_254_received
3f33_028f_0000_1607385186_252_received
1ff5_24e3_0000_1607385193_254_received
dc87_1e85_0000_1607385190_253_received
b42e_0a35_0000_1607385198_255_received
5b2c_0a35_0000_1607385200_255_received
e5f4_0a35_0000_1607385202_255_received
83fe_b42e_0000_1607385203_256_received
5e8e_83fe_0000_1607385205_257_received
ccfd_5e8e_0000_1607385212_258_received
1c85_83fe_0000_1607385210_257_received
0c70_ccfd_0000_1607385214_259_received
78b9_ccfd_0000_1607385215_259_received
d891_0c70_0000_1607385220_260_received
431e_0c70_0000_1607385221_260_received
c71e_78b9_0000_1607385220_260_received
9af1_c71e_0000_1607385221_261_received
1d3f_d891_0000_1607385224_261_received
dec6_9af1_0000_1607385229_262_received
d120_dec6_0000_1607385232_263_received
2e62_d120_0000_1607385237_264_generated
8f62_d120_0000_1607385236_264_received
2565_8f62_0000_1607385238_265_received
3da0_2565_0000_1607385240_266_received
8815_8f62_0000_1607385240_265_received
4e76_8815_0000_1607385243_266_received
8db2_3da0_0000_1607385247_267_received
897c_8815_0000_1607385245_266_received
e3be_3da0_0000_1607385249_267_received
fce6_8db2_0000_1607385253_268_received
13e1_fce6_0000_1607385255_269_received
1f7b_13e1_0000_1607385259_270_generated
de2b_e3be_0000_1607385252_268_received
812f_fce6_0000_1607385256_269_received
4bc0_8db2_0000_1607385256_268_received
e412_1f7b_0000_1607385265_271_received
c957_1f7b_0000_1607385263_271_received
b1cd_13e1_0000_1607385263_270_received
8800_e412_0000_1607385268_272_received
1e33_8800_0000_1607385274_273_received
fe57_8800_0000_1607385275_273_received
3e5e_1e33_0000_1607385277_274_received
d3dc_3e5e_0000_1607385281_275_received
20f1_1e33_0000_1607385279_274_received
af39_3e5e_0000_1607385284_275_received
6a16_3e5e_0000_1607385286_275_received
5919_af39_0000_1607385288_276_received
849f_d3dc_0000_1607385289_276_received
79dc_5919_0000_1607385297_277_received
7297_79dc_0000_1607385298_278_received
aded_7297_0000_1607385300_279_received
52b9_aded_0000_1607385302_280_received
7a1a_52b9_0000_1607385304_281_received
6c33_52b9_0000_1607385307_281_received
286b_7a1a_0000_1607385308_282_received
a85c_7a1a_0000_1607385311_282_received
35f9_a85c_0000_1607385314_283_received
9492_7a1a_0000_1607385313_282_received
8a2a_35f9_0000_1607385316_284_received
a2b6_8a2a_0000_1607385317_285_received
cab4_286b_0000_1607385314_283_received
08a9_35f9_0000_1607385319_284_received
2205_cab4_0000_1607385320_284_received
c337_08a9_0000_1607385323_285_received
f4ed_a2b6_0000_1607385320_286_received
70ce_f4ed_0000_1607385322_287_received
6dbf_70ce_0000_1607385334_288_received
16a5_9492_0000_1607385321_283_received
849c_6dbf_0000_1607385338_289_received
0ecd_08a9_0000_1607385327_285_received
ac49_70ce_0000_1607385338_288_received
11a0_ac49_0000_1607385345_289_received
b58c_849c_0000_1607385345_290_received
ac64_b58c_0000_1607385348_291_received
3954_ac64_0000_1607385349_292_received
925f_11a0_0000_1607385350_290_received
0c09_3954_0000_1607385354_293_received
fe1c_0c09_0000_1607385356_294_received
a220_925f_0000_1607385352_291_received
2c35_6dbf_0000_1607385345_289_received
3f22_a220_0000_1607385363_292_received
3ead_849c_0000_1607385349_290_received
8617_fe1c_0000_1607385366_295_received
d6a7_fe1c_0000_1607385365_295_received
a41a_3954_0000_1607385359_293_received
f837_a41a_0000_1607385363_294_received
1478_3954_0000_1607385357_293_received
1e14_fe1c_0000_1607385367_295_received
a227_3f22_0000_1607385369_293_received
8826_3954_0000_1607385360_293_received
901d_1e14_0000_1607385388_296_received
10f4_d6a7_0000_1607385385_296_received
02f6_901d_0000_1607385395_297_generated
efa5_901d_0000_1607385391_297_received
b6d9_10f4_0000_1607385394_297_received
654d_901d_0000_1607385393_297_received
9b5b_b6d9_0000_1607385397_298_received
4afc_901d_0000_1607385394_297_received
3d8e_4afc_0000_1607385397_298_received
9db8_8617_0000_1607385367_296_received
a929_654d_0000_1607385401_298_received
f954_901d_0000_1607385396_297_received
8bdf_efa5_0000_1607385399_298_received
f8cf_9b5b_0000_1607385418_299_received
6467_8bdf_0000_1607385419_299_received
8cb3_6467_0000_1607385423_300_received
d66b_f8cf_0000_1607385425_300_received
d1e0_9db8_0000_1607385381_297_received
0fc5_d1e0_0000_1607385389_298_received
8090_0fc5_0000_1607385395_299_received
01f1_8090_0000_1607385417_300_received
eb95_01f1_0000_1607385426_301_received
aa85_eb95_0000_1607385438_302_received
ea1b_8cb3_0000_1607385427_301_received
4dd0_eb95_0000_1607385440_302_received
a933_aa85_0000_1607385449_303_generated
1f1d_aa85_0000_1607385446_303_received
9d37_1f1d_0000_1607385449_304_received
0301_aa85_0000_1607385447_303_received
ffad_0301_0000_1607385452_304_received
e9b8_ffad_0000_1607385458_305_received
b3aa_0301_0000_1607385454_304_received
8da2_a933_0000_1607385455_304_received
f57d_e9b8_0000_1607385466_306_received
86ca_ffad_0000_1607385460_305_received
0de4_eb95_0000_1607385450_302_received
f5bf_e9b8_0000_1607385472_306_received
d0af_86ca_0000_1607385470_306_received
6801_f5bf_0000_1607385476_307_received
6322_6801_0000_1607385479_308_received
34db_6322_0000_1607385486_309_generated
7918_6322_0000_1607385484_309_received
7dfe_7918_0000_1607385489_310_received
