7ffe_9e1c_0000_1607347454_1_received
3539_7ffe_0000_1607347455_2_received
2459_3539_0000_1607347455_3_received
e6b8_2459_0000_1607347459_4_received
a3a7_e6b8_0000_1607347463_5_received
ddc9_a3a7_0000_1607347468_6_received
dfd9_ddc9_0000_1607347469_7_received
8393_dfd9_0000_1607347470_8_received
efab_8393_0000_1607347471_9_received
b48a_efab_0000_1607347475_10_received
c346_b48a_0000_1607347476_11_received
4c1f_c346_0000_1607347476_12_received
4f83_4c1f_0000_1607347477_13_received
a321_4f83_0000_1607347481_14_received
f720_a321_0000_1607347482_15_received
1ea3_f720_0000_1607347484_16_received
f5ce_1ea3_0000_1607347486_17_received
4480_f5ce_0000_1607347488_18_received
4be9_4480_0000_1607347489_19_received
0d36_4480_0000_1607347490_19_received
5b5b_0d36_0000_1607347491_20_received
48d8_4be9_0000_1607347491_20_received
8720_48d8_0000_1607347492_21_received
b8f5_8720_0000_1607347493_22_received
75fe_b8f5_0000_1607347494_23_received
7072_75fe_0000_1607347495_24_received
8f8e_7072_0000_1607347495_25_received
0ef9_8f8e_0000_1607347496_26_received
0318_0ef9_0000_1607347498_27_received
7175_0318_0000_1607347499_28_received
23c5_7175_0000_1607347500_29_received
9d1e_23c5_0000_1607347502_30_received
240d_9d1e_0000_1607347503_31_received
3edf_240d_0000_1607347504_32_received
372d_3edf_0000_1607347505_33_received
0fae_372d_0000_1607347506_34_received
3f69_0fae_0000_1607347507_35_received
bb6a_3f69_0000_1607347508_36_received
accc_bb6a_0000_1607347509_37_received
3c71_accc_0000_1607347509_38_received
084b_3c71_0000_1607347510_39_received
b0dd_084b_0000_1607347513_40_received
0d63_b0dd_0000_1607347514_41_received
d845_0d63_0000_1607347514_42_received
9edb_d845_0000_1607347515_43_received
25ce_9edb_0000_1607347516_44_received
1ffa_25ce_0000_1607347517_45_received
2e8a_1ffa_0000_1607347518_46_received
0867_2e8a_0000_1607347519_47_received
941d_0867_0000_1607347522_48_received
df81_941d_0000_1607347523_49_received
2892_df81_0000_1607347526_50_received
1231_2892_0000_1607347527_51_received
ece5_1231_0000_1607347531_52_received
e7a4_ece5_0000_1607347532_53_received
68ae_e7a4_0000_1607347533_54_received
99ea_68ae_0000_1607347533_55_received
1b16_68ae_0000_1607347534_55_received
50d0_99ea_0000_1607347534_56_received
fd36_1b16_0000_1607347535_56_received
8535_fd36_0000_1607347537_57_received
022a_8535_0000_1607347542_58_received
76c5_022a_0000_1607347542_59_received
2f1e_76c5_0000_1607347544_60_received
c1cb_2f1e_0000_1607347544_61_received
c2aa_c1cb_0000_1607347548_62_received
8e70_c2aa_0000_1607347549_63_received
09fb_8e70_0000_1607347550_64_received
f981_09fb_0000_1607347552_65_received
2c5c_f981_0000_1607347555_66_received
d90b_f981_0000_1607347556_66_received
57ac_d90b_0000_1607347556_67_received
7e19_57ac_0000_1607347557_68_received
2a9f_7e19_0000_1607347558_69_received
7b28_2a9f_0000_1607347559_70_received
fcaf_7b28_0000_1607347560_71_received
c4e8_fcaf_0000_1607347563_72_received
9c6d_c4e8_0000_1607347563_73_received
16c5_9c6d_0000_1607347564_74_received
020a_16c5_0000_1607347569_75_received
83b5_020a_0000_1607347571_76_received
78a3_83b5_0000_1607347575_77_received
2e3e_78a3_0000_1607347576_78_received
b7bd_2e3e_0000_1607347576_79_received
029e_b7bd_0000_1607347577_80_received
cdb9_029e_0000_1607347579_81_received
3e6f_cdb9_0000_1607347580_82_received
240f_3e6f_0000_1607347580_83_received
34ad_240f_0000_1607347582_84_received
9a17_240f_0000_1607347583_84_received
79e1_34ad_0000_1607347583_85_received
051a_79e1_0000_1607347583_86_received
4623_051a_0000_1607347584_87_received
928c_4623_0000_1607347584_88_received
