3c25_9e1c_0000_1607196940_1_received
4345_3c25_0000_1607196949_2_received
f584_4345_0000_1607196986_3_received
20bb_f584_0000_1607197016_4_received
4365_20bb_0000_1607197018_5_received
ecec_4365_0000_1607197036_6_received
7370_ecec_0000_1607197055_7_received
731f_7370_0000_1607197066_8_received
8b36_731f_0000_1607197080_9_received
2ac9_8b36_0000_1607197083_10_received
6714_8b36_0000_1607197084_10_received
30c2_2ac9_0000_1607197101_11_received
28eb_30c2_0000_1607197104_12_received
7c99_28eb_0000_1607197127_13_received
3019_7c99_0000_1607197144_14_generated
fd71_7c99_0000_1607197145_14_received
d5e6_3019_0000_1607197153_15_received
fe1d_d5e6_0000_1607197166_16_received
b086_fe1d_0000_1607197173_17_generated
40f4_b086_0000_1607197181_18_received
0328_40f4_0000_1607197212_19_received
6deb_0328_0000_1607197215_20_received
68e7_6deb_0000_1607197221_21_received
9a60_68e7_0000_1607197223_22_received
f442_9a60_0000_1607197228_23_received
5974_f442_0000_1607197238_24_received
66ae_5974_0000_1607197253_25_received
0f59_66ae_0000_1607197261_26_received
37d3_0f59_0000_1607197265_27_received
8ff9_37d3_0000_1607197281_28_received
44e5_8ff9_0000_1607197287_29_received
f171_44e5_0000_1607197293_30_received
aa2b_f171_0000_1607197346_31_received
f990_aa2b_0000_1607197364_32_received
e3ca_f990_0000_1607197382_33_received
b8ce_e3ca_0000_1607197388_34_received
6736_b8ce_0000_1607197391_35_received
8b8d_6736_0000_1607197394_36_generated
2608_8b8d_0000_1607197405_37_received
3bac_2608_0000_1607197427_38_received
7922_2608_0000_1607197426_38_received
011e_7922_0000_1607197428_39_received
695a_011e_0000_1607197452_40_received
5e6e_695a_0000_1607197458_41_generated
912e_5e6e_0000_1607197492_42_received
5260_912e_0000_1607197513_43_received
20fa_5260_0000_1607197526_44_received
e5a7_20fa_0000_1607197537_45_received
5129_e5a7_0000_1607197546_46_received
3057_5129_0000_1607197556_47_generated
c1ec_5129_0000_1607197554_47_received
0567_3057_0000_1607197561_48_received
531a_0567_0000_1607197581_49_received
b316_531a_0000_1607197622_50_received
92b0_b316_0000_1607197629_51_received
995d_92b0_0000_1607197632_52_received
9cfc_995d_0000_1607197645_53_received
fd2f_9cfc_0000_1607197649_54_received
0ba8_fd2f_0000_1607197663_55_received
9465_0ba8_0000_1607197694_56_received
d7eb_9465_0000_1607197702_57_received
9d85_d7eb_0000_1607197728_58_received
5144_9d85_0000_1607197743_59_received
053b_5144_0000_1607197747_60_received
d667_053b_0000_1607197773_61_received
54a4_d667_0000_1607197798_62_received
ebd7_54a4_0000_1607197811_63_received
efce_ebd7_0000_1607197833_64_received
b8a8_efce_0000_1607197836_65_generated
f3f3_b8a8_0000_1607197838_66_generated
8740_f3f3_0000_1607197887_67_received
cd42_8740_0000_1607197912_68_received
3c2d_cd42_0000_1607197917_69_received
3679_3c2d_0000_1607197923_70_received
9900_3679_0000_1607197932_71_received
f08c_9900_0000_1607197961_72_received
f466_f08c_0000_1607197987_73_received
6a5f_f466_0000_1607197999_74_received
424d_6a5f_0000_1607198019_75_received
dfb6_424d_0000_1607198020_76_received
45a0_dfb6_0000_1607198027_77_received
e61e_45a0_0000_1607198031_78_received
f089_e61e_0000_1607198033_79_received
aaa0_e61e_0000_1607198034_79_received
f10e_f089_0000_1607198036_80_received
3f9a_f10e_0000_1607198038_81_received
e1af_3f9a_0000_1607198048_82_received
4cfa_e1af_0000_1607198050_83_received
25b3_4cfa_0000_1607198052_84_received
64af_25b3_0000_1607198058_85_received
d65f_64af_0000_1607198073_86_received
67a3_d65f_0000_1607198075_87_received
6684_67a3_0000_1607198081_88_received
9964_6684_0000_1607198101_89_received
8125_9964_0000_1607198104_90_received
