d86d_9e1c_0000_1607387905_1_received
67da_d86d_0000_1607387916_2_received
3fef_67da_0000_1607387928_3_received
bb80_3fef_0000_1607387931_4_received
e29e_bb80_0000_1607387932_5_received
7054_e29e_0000_1607387935_6_received
c50d_7054_0000_1607387953_7_generated
6207_c50d_0000_1607387980_8_received
7141_6207_0000_1607387982_9_received
7c92_7141_0000_1607387986_10_received
4843_7c92_0000_1607387990_11_received
4d4e_4843_0000_1607388005_12_received
e5f1_4d4e_0000_1607388006_13_received
20d7_e5f1_0000_1607388008_14_received
79e3_20d7_0000_1607388028_15_received
0925_79e3_0000_1607388035_16_received
2d9c_0925_0000_1607388038_17_received
f2d6_2d9c_0000_1607388061_18_received
61d8_f2d6_0000_1607388071_19_received
ab17_61d8_0000_1607388074_20_received
ac85_ab17_0000_1607388075_21_received
088a_ac85_0000_1607388079_22_received
c132_088a_0000_1607388081_23_received
43d2_c132_0000_1607388095_24_received
05f5_43d2_0000_1607388117_25_received
adbc_05f5_0000_1607388134_26_received
3bbd_adbc_0000_1607388136_27_received
3c60_3bbd_0000_1607388140_28_generated
c0ba_3c60_0000_1607388149_29_received
28b1_c0ba_0000_1607388154_30_received
c964_28b1_0000_1607388180_31_received
885b_c964_0000_1607388182_32_received
9b22_885b_0000_1607388191_33_received
241c_9b22_0000_1607388213_34_received
a11e_9b22_0000_1607388214_34_received
3494_241c_0000_1607388220_35_received
1809_3494_0000_1607388233_36_received
ee89_1809_0000_1607388257_37_received
7e36_ee89_0000_1607388267_38_received
1144_7e36_0000_1607388269_39_received
c9ad_1144_0000_1607388278_40_received
43c3_c9ad_0000_1607388280_41_received
e917_43c3_0000_1607388289_42_received
d7dc_e917_0000_1607388291_43_received
490c_d7dc_0000_1607388292_44_received
ca4f_490c_0000_1607388296_45_received
19dc_ca4f_0000_1607388301_46_received
3030_19dc_0000_1607388305_47_received
95b3_3030_0000_1607388313_48_received
b475_95b3_0000_1607388333_49_received
f3f5_b475_0000_1607388352_50_received
b36d_f3f5_0000_1607388359_51_received
ebb4_b36d_0000_1607388368_52_received
5814_ebb4_0000_1607388383_53_received
9af1_5814_0000_1607388402_54_received
c722_9af1_0000_1607388404_55_received
9e01_c722_0000_1607388409_56_generated
df04_9e01_0000_1607388412_57_received
dcef_df04_0000_1607388432_58_received
7c27_dcef_0000_1607388434_59_received
bee2_7c27_0000_1607388441_60_received
8f38_bee2_0000_1607388459_61_received
ae56_8f38_0000_1607388509_62_generated
6b5b_ae56_0000_1607388511_63_received
2d8c_6b5b_0000_1607388530_64_received
a270_2d8c_0000_1607388537_65_received
bb44_a270_0000_1607388553_66_received
e1c9_bb44_0000_1607388568_67_received
87d6_e1c9_0000_1607388570_68_generated
2f43_87d6_0000_1607388576_69_generated
6797_2f43_0000_1607388589_70_received
19a7_6797_0000_1607388595_71_received
5a20_19a7_0000_1607388596_72_received
4537_5a20_0000_1607388608_73_received
d1c2_4537_0000_1607388618_74_received
f5ae_d1c2_0000_1607388619_75_received
fc89_f5ae_0000_1607388627_76_received
0cfe_fc89_0000_1607388650_77_received
5083_0cfe_0000_1607388676_78_generated
711a_5083_0000_1607388698_79_received
8910_711a_0000_1607388707_80_received
83b9_8910_0000_1607388721_81_received
16a8_83b9_0000_1607388737_82_received
7685_16a8_0000_1607388748_83_received
4e5d_7685_0000_1607388754_84_received
9701_4e5d_0000_1607388755_85_received
d92e_9701_0000_1607388797_86_received
46f4_d92e_0000_1607388799_87_received
b575_46f4_0000_1607388818_88_received
9cae_b575_0000_1607388831_89_received
6dad_9cae_0000_1607388873_90_received
e760_6dad_0000_1607388904_91_received
f4b9_e760_0000_1607388924_92_received
8bce_f4b9_0000_1607388953_93_received
d92a_8bce_0000_1607388956_94_generated
0060_d92a_0000_1607388992_95_received
7ffb_d92a_0000_1607388993_95_received
99d1_0060_0000_1607389004_96_received
dae8_99d1_0000_1607389014_97_received
b742_dae8_0000_1607389030_98_received
ec7c_b742_0000_1607389036_99_received
2559_ec7c_0000_1607389040_100_received
14e7_ec7c_0000_1607389041_100_received
f761_14e7_0000_1607389047_101_received
12a8_2559_0000_1607389048_101_received
54f5_f761_0000_1607389056_102_received
6450_54f5_0000_1607389080_103_generated
3e0d_6450_0000_1607389088_104_received
8db7_3e0d_0000_1607389096_105_received
