07c2_9e1c_0000_1607386703_1_received
aba8_07c2_0000_1607386707_2_received
a90b_aba8_0000_1607386720_3_received
97a8_a90b_0000_1607386724_4_generated
8d45_97a8_0000_1607386727_5_received
e6a5_8d45_0000_1607386729_6_generated
3b81_e6a5_0000_1607386731_7_received
d8f0_3b81_0000_1607386735_8_received
2967_d8f0_0000_1607386738_9_received
76c0_2967_0000_1607386748_10_generated
0d99_76c0_0000_1607386753_11_generated
82e0_76c0_0000_1607386752_11_received
b3aa_82e0_0000_1607386754_12_received
17c6_b3aa_0000_1607386764_13_generated
99df_17c6_0000_1607386788_14_received
1fd2_99df_0000_1607386795_15_generated
346a_1fd2_0000_1607386802_16_received
db0f_346a_0000_1607386806_17_received
4335_db0f_0000_1607386808_18_generated
1cbe_4335_0000_1607386812_19_received
ec87_1cbe_0000_1607386821_20_received
f0bf_ec87_0000_1607386823_21_received
9bf9_f0bf_0000_1607386844_22_received
5d21_9bf9_0000_1607386854_23_received
05d4_5d21_0000_1607386866_24_generated
c733_05d4_0000_1607386869_25_received
dfc6_c733_0000_1607386871_26_received
31ce_dfc6_0000_1607386880_27_generated
f8c3_31ce_0000_1607386884_28_received
36d4_f8c3_0000_1607386890_29_received
503d_36d4_0000_1607386892_30_generated
c18e_503d_0000_1607386896_31_received
d292_c18e_0000_1607386898_32_generated
1af1_d292_0000_1607386899_33_generated
5fbc_1af1_0000_1607386900_34_generated
f3b1_5fbc_0000_1607386915_35_generated
10ca_f3b1_0000_1607386920_36_received
4f1a_10ca_0000_1607386930_37_received
868b_4f1a_0000_1607386960_38_generated
5e05_868b_0000_1607386963_39_received
ca8e_5e05_0000_1607386969_40_received
4c08_ca8e_0000_1607386989_41_received
12ed_4c08_0000_1607386990_42_received
f67d_12ed_0000_1607386991_43_generated
1140_f67d_0000_1607387013_44_received
c9a1_1140_0000_1607387030_45_received
3909_c9a1_0000_1607387032_46_generated
c5cd_3909_0000_1607387057_47_received
bbb8_3909_0000_1607387058_47_received
a238_c5cd_0000_1607387073_48_received
109b_a238_0000_1607387075_49_received
21e5_109b_0000_1607387083_50_generated
ba08_21e5_0000_1607387091_51_generated
7dd7_ba08_0000_1607387109_52_received
a25d_7dd7_0000_1607387111_53_received
2ed1_a25d_0000_1607387124_54_received
45cd_2ed1_0000_1607387143_55_received
06e4_45cd_0000_1607387153_56_received
8c71_45cd_0000_1607387154_56_received
c27b_06e4_0000_1607387161_57_received
8633_c27b_0000_1607387162_58_generated
996a_8633_0000_1607387163_59_received
4baa_996a_0000_1607387164_60_received
1d52_4baa_0000_1607387171_61_received
44da_1d52_0000_1607387174_62_generated
3c1a_44da_0000_1607387193_63_received
5a24_3c1a_0000_1607387209_64_received
dbc0_5a24_0000_1607387223_65_generated
1def_dbc0_0000_1607387236_66_generated
36f5_1def_0000_1607387237_67_generated
9946_36f5_0000_1607387238_68_received
6f00_9946_0000_1607387240_69_generated
6289_6f00_0000_1607387240_70_generated
91e4_6289_0000_1607387244_71_generated
f405_91e4_0000_1607387267_72_received
5144_f405_0000_1607387288_73_received
393c_5144_0000_1607387304_74_generated
5e33_393c_0000_1607387332_75_received
7994_5e33_0000_1607387333_76_generated
174a_7994_0000_1607387336_77_received
94c0_174a_0000_1607387337_78_generated
51da_94c0_0000_1607387341_79_received
2224_51da_0000_1607387345_80_generated
1635_2224_0000_1607387350_81_received
91d4_1635_0000_1607387357_82_received
3e93_91d4_0000_1607387360_83_generated
713d_3e93_0000_1607387361_84_received
6ebc_713d_0000_1607387363_85_generated
1fa8_6ebc_0000_1607387375_86_received
8ac4_1fa8_0000_1607387392_87_generated
b60b_8ac4_0000_1607387405_88_received
d895_b60b_0000_1607387415_89_received
ecda_d895_0000_1607387436_90_received
c69e_ecda_0000_1607387444_91_received
7061_c69e_0000_1607387444_92_generated
b21a_7061_0000_1607387452_93_received
76ef_b21a_0000_1607387459_94_received
1d48_76ef_0000_1607387468_95_received
97f8_1d48_0000_1607387476_96_received
5e5d_97f8_0000_1607387482_97_received
cf90_5e5d_0000_1607387491_98_received
2c2d_cf90_0000_1607387496_99_received
d6e4_2c2d_0000_1607387498_100_generated
ec7b_d6e4_0000_1607387504_101_generated
0fab_ec7b_0000_1607387510_102_generated
b129_0fab_0000_1607387522_103_received
b2f0_0fab_0000_1607387521_103_received
0d7b_b2f0_0000_1607387523_104_received
9d7b_0d7b_0000_1607387526_105_received
f986_9d7b_0000_1607387527_106_received
f9bf_f986_0000_1607387542_107_received
3b1c_f9bf_0000_1607387547_108_received
64d7_3b1c_0000_1607387550_109_generated
49da_64d7_0000_1607387567_110_received
9b24_49da_0000_1607387572_111_generated
4f44_9b24_0000_1607387572_112_generated
a16b_4f44_0000_1607387584_113_generated
21e7_a16b_0000_1607387592_114_received
4314_21e7_0000_1607387594_115_generated
6e97_4314_0000_1607387599_116_received
acb4_4314_0000_1607387600_116_received
fa70_6e97_0000_1607387602_117_received
174c_fa70_0000_1607387603_118_generated
100c_174c_0000_1607387609_119_generated
f1b1_100c_0000_1607387611_120_generated
886d_f1b1_0000_1607387613_121_generated
fbc6_886d_0000_1607387614_122_received
720c_fbc6_0000_1607387623_123_received
d542_720c_0000_1607387626_124_generated
8d7b_d542_0000_1607387627_125_received
997f_8d7b_0000_1607387630_126_generated
90f3_997f_0000_1607387633_127_received
f84e_90f3_0000_1607387636_128_generated
921c_f84e_0000_1607387653_129_received
0295_921c_0000_1607387658_130_generated
887b_0295_0000_1607387665_131_received
c1c8_887b_0000_1607387687_132_received
4f5d_c1c8_0000_1607387702_133_received
f71e_4f5d_0000_1607387710_134_received
a826_f71e_0000_1607387713_135_generated
27fb_a826_0000_1607387720_136_received
ce23_27fb_0000_1607387730_137_received
a4b0_ce23_0000_1607387734_138_received
1a85_a4b0_0000_1607387744_139_received
2a13_1a85_0000_1607387746_140_generated
5434_2a13_0000_1607387750_141_generated
b2de_5434_0000_1607387751_142_generated
6710_b2de_0000_1607387756_143_received
e8a2_6710_0000_1607387760_144_received
b3f7_e8a2_0000_1607387769_145_generated
10d1_b3f7_0000_1607387770_146_received
27e9_10d1_0000_1607387776_147_generated
fd8f_27e9_0000_1607387782_148_received
82dd_fd8f_0000_1607387787_149_received
b8e4_82dd_0000_1607387788_150_generated
41fc_b8e4_0000_1607387792_151_received
70ab_41fc_0000_1607387801_152_received
8709_70ab_0000_1607387809_153_received
aea8_8709_0000_1607387812_154_generated
84d5_aea8_0000_1607387820_155_generated
086a_84d5_0000_1607387825_156_received
146a_086a_0000_1607387837_157_generated
99e6_146a_0000_1607387838_158_generated
c5b9_99e6_0000_1607387851_159_received
fbae_c5b9_0000_1607387854_160_generated
f4ea_fbae_0000_1607387865_161_generated
b545_f4ea_0000_1607387873_162_generated
11d0_b545_0000_1607387879_163_received
4ef0_11d0_0000_1607387885_164_received
fee5_4ef0_0000_1607387888_165_received
a6d0_fee5_0000_1607387891_166_generated
efc2_a6d0_0000_1607387893_167_received
