8089_9e1c_0000_1605040711_1_generated
a551_8089_0000_1605040713_2_received
4cbf_a551_0000_1605040714_3_received
9ec4_4cbf_0000_1605040715_4_generated
0eaf_9ec4_0000_1605040717_5_received
c72f_0eaf_0000_1605040718_6_received
0dc2_c72f_0000_1605040720_7_generated
e332_c72f_0000_1605040719_7_received
a255_e332_0000_1605040720_8_received
cabd_e332_0000_1605040721_8_received
1127_cabd_0000_1605040724_9_received
e9e8_a255_0000_1605040725_9_received
d625_1127_0000_1605040726_10_received
c813_d625_0000_1605040728_11_received
b366_d625_0000_1605040729_11_received
5cb2_c813_0000_1605040730_12_received
0130_b366_0000_1605040730_12_received
cc09_5cb2_0000_1605040731_13_received
0742_0130_0000_1605040731_13_received
988a_cc09_0000_1605040731_14_received
46c0_0742_0000_1605040732_14_received
ef5b_988a_0000_1605040732_15_received
5d2e_ef5b_0000_1605040734_16_received
016c_5d2e_0000_1605040736_17_received
5d89_016c_0000_1605040736_18_received
1733_5d89_0000_1605040738_19_received
211e_1733_0000_1605040741_20_received
7167_211e_0000_1605040742_21_received
35f3_211e_0000_1605040744_21_received
66ef_7167_0000_1605040745_22_received
049a_66ef_0000_1605040747_23_received
9d71_049a_0000_1605040748_24_generated
06c9_7167_0000_1605040746_22_received
9839_66ef_0000_1605040749_23_received
56e1_9d71_0000_1605040751_25_received
b9f0_9d71_0000_1605040752_25_received
fbe7_56e1_0000_1605040752_26_received
9218_fbe7_0000_1605040752_27_received
098c_9218_0000_1605040756_28_received
d86e_9218_0000_1605040757_28_received
666f_098c_0000_1605040758_29_received
bb60_666f_0000_1605040764_30_received
b075_bb60_0000_1605040765_31_received
c45a_666f_0000_1605040765_30_received
c3e4_b075_0000_1605040768_32_received
e146_c3e4_0000_1605040769_33_received
13d6_c3e4_0000_1605040770_33_received
d616_13d6_0000_1605040772_34_received
7a63_d616_0000_1605040774_35_generated
3f81_7a63_0000_1605040778_36_received
09da_7a63_0000_1605040777_36_received
0bce_09da_0000_1605040777_37_received
da5c_3f81_0000_1605040779_37_received
749e_0bce_0000_1605040782_38_received
b54c_749e_0000_1605040785_39_received
eb6c_b54c_0000_1605040786_40_received
1280_eb6c_0000_1605040786_41_received
2afd_1280_0000_1605040787_42_received
1bc5_2afd_0000_1605040788_43_received
6c01_1280_0000_1605040788_42_received
5783_1bc5_0000_1605040790_44_received
80a5_1bc5_0000_1605040791_44_received
b99a_5783_0000_1605040792_45_received
d0b3_b99a_0000_1605040796_46_received
65b9_d0b3_0000_1605040798_47_generated
9568_b99a_0000_1605040797_46_received
29ad_d0b3_0000_1605040799_47_received
86a1_29ad_0000_1605040799_48_received
242f_65b9_0000_1605040800_48_received
2b38_86a1_0000_1605040800_49_received
01ac_242f_0000_1605040800_49_received
8cc3_242f_0000_1605040802_49_received
42f4_8cc3_0000_1605040802_50_received
1eb7_42f4_0000_1605040807_51_generated
cc07_1eb7_0000_1605040808_52_generated
68a0_1eb7_0000_1605040809_52_received
3308_68a0_0000_1605040809_53_received
32bd_cc07_0000_1605040811_53_received
c826_3308_0000_1605040813_54_generated
d4c2_3308_0000_1605040812_54_received
231e_c826_0000_1605040814_55_received
fc8f_231e_0000_1605040814_56_received
478e_c826_0000_1605040815_55_received
8492_fc8f_0000_1605040817_57_received
63af_8492_0000_1605040818_58_received
abd0_8492_0000_1605040820_58_received
5066_63af_0000_1605040820_59_received
e8ae_5066_0000_1605040820_60_received
464e_63af_0000_1605040821_59_received
21f1_e8ae_0000_1605040823_61_received
c7be_21f1_0000_1605040823_62_received
c66b_c7be_0000_1605040823_63_received
4e43_c66b_0000_1605040826_64_received
c52a_4e43_0000_1605040828_65_received
0253_4e43_0000_1605040829_65_received
27ef_c52a_0000_1605040830_66_received
fa0c_27ef_0000_1605040833_67_received
bd3f_fa0c_0000_1605040835_68_received
ba2c_fa0c_0000_1605040836_68_received
fe06_bd3f_0000_1605040837_69_received
09bb_fe06_0000_1605040837_70_received
5e68_09bb_0000_1605040839_71_generated
64e6_09bb_0000_1605040838_71_received
639d_bd3f_0000_1605040838_69_received
db33_64e6_0000_1605040839_72_received
f914_64e6_0000_1605040840_72_received
e13a_db33_0000_1605040841_73_generated
7c2c_db33_0000_1605040842_73_received
9e50_e13a_0000_1605040843_74_received
f782_e13a_0000_1605040844_74_received
3e69_9e50_0000_1605040844_75_received
bf49_f782_0000_1605040845_75_received
1ef5_3e69_0000_1605040848_76_received
989d_1ef5_0000_1605040849_77_received
56c5_989d_0000_1605040852_78_received
e276_56c5_0000_1605040854_79_received
5114_e276_0000_1605040857_80_received
2e62_e276_0000_1605040856_80_received
11b0_5114_0000_1605040860_81_received
ee48_5114_0000_1605040861_81_received
35c8_11b0_0000_1605040863_82_generated
4840_2e62_0000_1605040861_81_received
68ad_35c8_0000_1605040866_83_generated
075b_35c8_0000_1605040865_83_received
c7a4_075b_0000_1605040868_84_received
0371_68ad_0000_1605040867_84_received
1a21_c7a4_0000_1605040872_85_generated
22d7_c7a4_0000_1605040871_85_received
17eb_0371_0000_1605040870_85_received
6459_22d7_0000_1605040872_86_received
fcdd_0371_0000_1605040871_85_received
c6e9_6459_0000_1605040872_87_received
499f_c6e9_0000_1605040878_88_received
27f2_499f_0000_1605040878_89_received
6245_27f2_0000_1605040879_90_received
3725_6245_0000_1605040879_91_received
f47f_3725_0000_1605040880_92_received
3124_f47f_0000_1605040884_93_received
be93_3124_0000_1605040885_94_received
f940_be93_0000_1605040886_95_received
154d_f940_0000_1605040887_96_generated
3daf_f940_0000_1605040888_96_received
738e_3daf_0000_1605040889_97_received
9276_738e_0000_1605040890_98_received
a5fd_f940_0000_1605040889_96_received
2879_a5fd_0000_1605040889_97_received
b12d_9276_0000_1605040894_99_generated
157c_9276_0000_1605040893_99_received
7a7c_157c_0000_1605040895_100_received
3e43_7a7c_0000_1605040898_101_received
8804_7a7c_0000_1605040899_101_received
30f5_3e43_0000_1605040900_102_received
0a2d_30f5_0000_1605040900_103_received
e098_8804_0000_1605040901_102_received
c35c_7a7c_0000_1605040900_101_received
e160_e098_0000_1605040901_103_received
4da2_30f5_0000_1605040901_103_received
8174_4da2_0000_1605040906_104_received
f2a1_8174_0000_1605040907_105_received
b98a_0a2d_0000_1605040907_104_received
5ddf_f2a1_0000_1605040910_106_received
badb_5ddf_0000_1605040914_107_received
c3a1_5ddf_0000_1605040913_107_received
b58e_c3a1_0000_1605040915_108_received
9d83_c3a1_0000_1605040916_108_received
1638_b58e_0000_1605040919_109_generated
7cc7_9d83_0000_1605040918_109_received
9e3f_7cc7_0000_1605040919_110_received
b028_9e3f_0000_1605040924_111_generated
619e_9e3f_0000_1605040921_111_received
2106_619e_0000_1605040924_112_received
a3d8_2106_0000_1605040928_113_generated
55db_a3d8_0000_1605040929_114_generated
51bb_2106_0000_1605040927_113_received
5689_51bb_0000_1605040929_114_received
ba2d_5689_0000_1605040932_115_received
2c0f_5689_0000_1605040931_115_received
0420_ba2d_0000_1605040937_116_generated
5134_2c0f_0000_1605040934_116_received
2d8a_ba2d_0000_1605040935_116_received
cdde_5134_0000_1605040936_117_received
723e_cdde_0000_1605040939_118_received
5f7d_cdde_0000_1605040941_118_received
d27b_5f7d_0000_1605040941_119_received
5097_723e_0000_1605040942_119_received
411b_d27b_0000_1605040945_120_received
5fb2_411b_0000_1605040947_121_received
d186_411b_0000_1605040948_121_received
afa7_5097_0000_1605040948_120_received
e7af_5fb2_0000_1605040952_122_received
0ca9_e7af_0000_1605040953_123_received
9935_5fb2_0000_1605040951_122_received
f2a2_5fb2_0000_1605040954_122_received
092c_5fb2_0000_1605040953_122_received
b0a1_0ca9_0000_1605040956_124_received
eb31_0ca9_0000_1605040957_124_received
fe4d_0ca9_0000_1605040958_124_received
9a9d_fe4d_0000_1605040959_125_received
547d_9a9d_0000_1605040964_126_generated
36db_9a9d_0000_1605040962_126_received
396d_36db_0000_1605040965_127_received
cc63_396d_0000_1605040968_128_received
15e3_cc63_0000_1605040970_129_received
f22e_cc63_0000_1605040971_129_received
24dd_15e3_0000_1605040973_130_generated
9ce1_15e3_0000_1605040974_130_received
626f_f22e_0000_1605040974_130_received
0126_24dd_0000_1605040977_131_generated
e468_9ce1_0000_1605040977_131_received
cc81_e468_0000_1605040978_132_received
c9c2_cc81_0000_1605040984_133_received
c699_c9c2_0000_1605040984_134_received
a468_c699_0000_1605040987_135_received
e0aa_a468_0000_1605040992_136_received
b31c_e0aa_0000_1605040994_137_received
ecfb_b31c_0000_1605040999_138_generated
ec90_b31c_0000_1605040997_138_received
cbbf_b31c_0000_1605040998_138_received
4ab4_cbbf_0000_1605040998_139_received
ef18_ec90_0000_1605041000_139_received
9f66_4ab4_0000_1605041004_140_generated
3217_4ab4_0000_1605041003_140_received
9fe6_3217_0000_1605041005_141_received
81df_9f66_0000_1605041005_141_received
7fed_4ab4_0000_1605041005_140_received
233b_9fe6_0000_1605041012_142_received
8752_9fe6_0000_1605041011_142_received
d839_8752_0000_1605041013_143_received
a7f6_d839_0000_1605041016_144_received
62df_d839_0000_1605041019_144_received
da2e_a7f6_0000_1605041019_145_received
4657_da2e_0000_1605041020_146_received
5263_4657_0000_1605041023_147_received
6346_4657_0000_1605041025_147_received
7c22_6346_0000_1605041027_148_received
1f31_5263_0000_1605041028_148_received
6605_7c22_0000_1605041029_149_received
1c6f_6605_0000_1605041033_150_generated
7899_7c22_0000_1605041030_149_received
4455_6605_0000_1605041034_150_received
d722_1c6f_0000_1605041035_151_received
f74b_4455_0000_1605041037_151_received
5533_d722_0000_1605041038_152_received
41de_5533_0000_1605041042_153_generated
9241_5533_0000_1605041041_153_received
c4a7_9241_0000_1605041041_154_received
eb03_c4a7_0000_1605041046_155_received
5373_c4a7_0000_1605041047_155_received
f60c_eb03_0000_1605041047_156_received
df55_f60c_0000_1605041048_157_received
11b2_df55_0000_1605041050_158_received
53c8_11b2_0000_1605041054_159_received
493b_53c8_0000_1605041060_160_received
da92_493b_0000_1605041061_161_received
5188_da92_0000_1605041062_162_received
657f_5188_0000_1605041065_163_generated
daa7_657f_0000_1605041067_164_generated
a513_daa7_0000_1605041070_165_received
ac26_a513_0000_1605041072_166_generated
d266_daa7_0000_1605041071_165_received
292b_ac26_0000_1605041076_167_received
077f_ac26_0000_1605041077_167_received
903d_a513_0000_1605041075_166_received
cf08_292b_0000_1605041078_168_received
cb76_903d_0000_1605041078_167_received
a7ba_ac26_0000_1605041078_167_received
bf2f_cf08_0000_1605041082_169_received
1db3_cf08_0000_1605041084_169_received
4b76_1db3_0000_1605041087_170_received
702e_1db3_0000_1605041089_170_received
07a6_bf2f_0000_1605041089_170_received
1d8d_4b76_0000_1605041090_171_received
5ab5_1d8d_0000_1605041094_172_generated
4384_5ab5_0000_1605041096_173_generated
8c9f_5ab5_0000_1605041097_173_received
b951_4384_0000_1605041100_174_received
b3db_4384_0000_1605041101_174_received
9006_b951_0000_1605041105_175_received
eb26_9006_0000_1605041108_176_generated
7082_9006_0000_1605041106_176_received
0f68_eb26_0000_1605041110_177_generated
e895_7082_0000_1605041107_177_received
dc54_e895_0000_1605041108_178_received
1d97_dc54_0000_1605041109_179_received
23d3_b951_0000_1605041106_175_received
ce99_23d3_0000_1605041108_176_received
61c9_1d97_0000_1605041119_180_received
0a8f_1d97_0000_1605041120_180_received
8d58_61c9_0000_1605041120_181_received
7854_8d58_0000_1605041123_182_received
83c9_0a8f_0000_1605041123_181_received
b78d_8d58_0000_1605041125_182_received
3198_7854_0000_1605041126_183_received
f4f1_3198_0000_1605041132_184_received
3f37_8d58_0000_1605041127_182_received
b8a1_f4f1_0000_1605041137_185_received
8178_f4f1_0000_1605041138_185_received
64ac_f4f1_0000_1605041139_185_received
373c_64ac_0000_1605041144_186_received
6bb7_b8a1_0000_1605041141_186_received
73ed_373c_0000_1605041146_187_received
28b6_73ed_0000_1605041150_188_generated
365c_373c_0000_1605041148_187_received
2ef7_6bb7_0000_1605041147_187_received
0fc7_365c_0000_1605041150_188_received
2531_2ef7_0000_1605041156_188_received
4f76_0fc7_0000_1605041158_189_received
9d7a_28b6_0000_1605041157_189_received
baee_4f76_0000_1605041159_190_received
d289_9d7a_0000_1605041159_190_received
b1ca_28b6_0000_1605041159_189_received
e0ba_baee_0000_1605041168_191_received
484c_e0ba_0000_1605041170_192_received
95bf_484c_0000_1605041171_193_received
6ebd_95bf_0000_1605041172_194_received
f592_6ebd_0000_1605041176_195_received
5ce4_f592_0000_1605041177_196_received
2f12_e0ba_0000_1605041176_192_received
7175_e0ba_0000_1605041175_192_received
2a2c_5ce4_0000_1605041185_197_received
0297_2a2c_0000_1605041192_198_received
45f2_0297_0000_1605041194_199_generated
992f_0297_0000_1605041195_199_received
aa5f_992f_0000_1605041199_200_received
69bd_0297_0000_1605041197_199_received
83d9_aa5f_0000_1605041204_201_received
e944_83d9_0000_1605041208_202_received
c300_aa5f_0000_1605041206_201_received
ff77_83d9_0000_1605041210_202_received
667e_e944_0000_1605041212_203_received
ecd8_e944_0000_1605041213_203_received
7f89_667e_0000_1605041214_204_received
783c_7f89_0000_1605041224_205_received
91d7_783c_0000_1605041224_206_received
9d78_7f89_0000_1605041225_205_received
9957_91d7_0000_1605041230_207_received
7cd5_9957_0000_1605041233_208_received
c48e_7cd5_0000_1605041236_209_received
0bfa_9957_0000_1605041236_208_received
511b_c48e_0000_1605041239_210_received
0d0e_511b_0000_1605041240_211_received
8ffe_c48e_0000_1605041240_210_received
80c0_0d0e_0000_1605041246_212_received
077d_80c0_0000_1605041247_213_received
6340_077d_0000_1605041252_214_received
43c0_0d0e_0000_1605041249_212_received
e193_6340_0000_1605041258_215_received
6fac_e193_0000_1605041259_216_received
5a8d_e193_0000_1605041260_216_received
441d_6fac_0000_1605041260_217_received
5707_441d_0000_1605041261_218_received
f397_5707_0000_1605041262_219_received
2f5b_f397_0000_1605041264_220_received
663a_e193_0000_1605041261_216_received
7218_2f5b_0000_1605041267_221_received
45ed_e193_0000_1605041262_216_received
3823_7218_0000_1605041272_222_received
5b6f_45ed_0000_1605041266_217_received
4f04_5a8d_0000_1605041272_217_received
b4ba_3823_0000_1605041280_223_received
9618_3823_0000_1605041282_223_received
48bb_3823_0000_1605041284_223_received
d5a7_b4ba_0000_1605041282_224_received
c1b1_d5a7_0000_1605041284_225_received
e0b0_3823_0000_1605041285_223_received
66cd_c1b1_0000_1605041291_226_received
7228_9618_0000_1605041291_224_received
be75_66cd_0000_1605041298_227_received
c0f3_c1b1_0000_1605041293_226_received
43aa_66cd_0000_1605041299_227_received
f66b_be75_0000_1605041301_228_received
62a8_be75_0000_1605041304_228_received
0c29_43aa_0000_1605041305_228_received
9ee8_f66b_0000_1605041313_229_received
af95_9ee8_0000_1605041314_230_received
2563_af95_0000_1605041317_231_received
a12d_2563_0000_1605041319_232_received
982e_a12d_0000_1605041320_233_received
154f_982e_0000_1605041323_234_received
94c3_154f_0000_1605041331_235_generated
140e_94c3_0000_1605041335_236_generated
684d_154f_0000_1605041330_235_received
8bcd_2563_0000_1605041326_232_received
61f8_154f_0000_1605041333_235_received
b9cc_154f_0000_1605041334_235_received
b94f_140e_0000_1605041345_237_generated
2cbc_140e_0000_1605041346_237_received
e399_684d_0000_1605041343_236_received
932a_2cbc_0000_1605041350_238_received
dff0_b94f_0000_1605041350_238_received
d814_140e_0000_1605041347_237_received
06c7_932a_0000_1605041352_239_received
4b9a_06c7_0000_1605041358_240_received
9ac7_06c7_0000_1605041360_240_received
5c84_4b9a_0000_1605041362_241_received
b3b2_dff0_0000_1605041358_239_received
ed19_06c7_0000_1605041363_240_received
fb0b_5c84_0000_1605041368_242_received
eea2_fb0b_0000_1605041371_243_received
4d4e_eea2_0000_1605041373_244_received
bab4_fb0b_0000_1605041375_243_received
73d7_4d4e_0000_1605041380_245_received
757d_4d4e_0000_1605041383_245_received
7eae_73d7_0000_1605041384_246_received
38f9_4d4e_0000_1605041384_245_received
02ef_7eae_0000_1605041386_247_received
f80d_02ef_0000_1605041394_248_received
70dc_02ef_0000_1605041395_248_received
1a41_70dc_0000_1605041402_249_received
beed_f80d_0000_1605041404_249_received
1c6a_1a41_0000_1605041407_250_received
6a59_1a41_0000_1605041406_250_received
ef6c_1c6a_0000_1605041411_251_received
0d10_1c6a_0000_1605041412_251_received
72bb_0d10_0000_1605041417_252_received
987d_1c6a_0000_1605041416_251_received
