8089_9e1c_0000_1605040711_1_received
a551_8089_0000_1605040713_2_received
4cbf_a551_0000_1605040714_3_received
9ec4_4cbf_0000_1605040715_4_received
0eaf_9ec4_0000_1605040717_5_received
c72f_0eaf_0000_1605040718_6_received
e332_c72f_0000_1605040719_7_generated
a255_e332_0000_1605040720_8_generated
0dc2_c72f_0000_1605040720_7_received
cabd_e332_0000_1605040721_8_received
1127_cabd_0000_1605040724_9_received
e9e8_a255_0000_1605040725_9_received
d625_1127_0000_1605040726_10_received
c813_d625_0000_1605040728_11_generated
b366_d625_0000_1605040729_11_received
5cb2_c813_0000_1605040730_12_received
0130_b366_0000_1605040730_12_received
cc09_5cb2_0000_1605040731_13_received
0742_0130_0000_1605040731_13_received
988a_cc09_0000_1605040731_14_received
46c0_0742_0000_1605040732_14_received
ef5b_988a_0000_1605040732_15_received
5d2e_ef5b_0000_1605040734_16_received
016c_5d2e_0000_1605040736_17_received
5d89_016c_0000_1605040736_18_received
1733_5d89_0000_1605040738_19_received
211e_1733_0000_1605040741_20_received
7167_211e_0000_1605040742_21_received
35f3_211e_0000_1605040744_21_received
66ef_7167_0000_1605040745_22_received
049a_66ef_0000_1605040747_23_generated
06c9_7167_0000_1605040746_22_received
9d71_049a_0000_1605040748_24_received
9839_66ef_0000_1605040749_23_received
56e1_9d71_0000_1605040751_25_received
fbe7_56e1_0000_1605040752_26_received
9218_fbe7_0000_1605040752_27_received
b9f0_9d71_0000_1605040752_25_received
098c_9218_0000_1605040756_28_received
d86e_9218_0000_1605040757_28_received
666f_098c_0000_1605040758_29_received
c45a_666f_0000_1605040765_30_received
bb60_666f_0000_1605040764_30_received
b075_bb60_0000_1605040765_31_received
c3e4_b075_0000_1605040768_32_received
13d6_c3e4_0000_1605040770_33_generated
e146_c3e4_0000_1605040769_33_received
d616_13d6_0000_1605040772_34_received
7a63_d616_0000_1605040774_35_received
09da_7a63_0000_1605040777_36_received
0bce_09da_0000_1605040777_37_received
3f81_7a63_0000_1605040778_36_received
da5c_3f81_0000_1605040779_37_received
749e_0bce_0000_1605040782_38_received
b54c_749e_0000_1605040785_39_received
eb6c_b54c_0000_1605040786_40_received
1280_eb6c_0000_1605040786_41_received
2afd_1280_0000_1605040787_42_received
1bc5_2afd_0000_1605040788_43_received
6c01_1280_0000_1605040788_42_received
80a5_1bc5_0000_1605040791_44_generated
5783_1bc5_0000_1605040790_44_received
b99a_5783_0000_1605040792_45_received
d0b3_b99a_0000_1605040796_46_generated
65b9_d0b3_0000_1605040798_47_generated
9568_b99a_0000_1605040797_46_received
29ad_d0b3_0000_1605040799_47_received
86a1_29ad_0000_1605040799_48_received
2b38_86a1_0000_1605040800_49_received
242f_65b9_0000_1605040800_48_received
01ac_242f_0000_1605040800_49_received
8cc3_242f_0000_1605040802_49_received
42f4_8cc3_0000_1605040802_50_received
1eb7_42f4_0000_1605040807_51_received
68a0_1eb7_0000_1605040809_52_generated
3308_68a0_0000_1605040809_53_generated
cc07_1eb7_0000_1605040808_52_received
32bd_cc07_0000_1605040811_53_received
c826_3308_0000_1605040813_54_received
d4c2_3308_0000_1605040812_54_received
478e_c826_0000_1605040815_55_generated
231e_c826_0000_1605040814_55_received
fc8f_231e_0000_1605040814_56_received
8492_fc8f_0000_1605040817_57_received
63af_8492_0000_1605040818_58_received
abd0_8492_0000_1605040820_58_received
5066_63af_0000_1605040820_59_received
e8ae_5066_0000_1605040820_60_received
464e_63af_0000_1605040821_59_received
21f1_e8ae_0000_1605040823_61_received
c7be_21f1_0000_1605040823_62_received
c66b_c7be_0000_1605040823_63_received
4e43_c66b_0000_1605040826_64_received
c52a_4e43_0000_1605040828_65_generated
0253_4e43_0000_1605040829_65_received
27ef_c52a_0000_1605040830_66_received
fa0c_27ef_0000_1605040833_67_received
bd3f_fa0c_0000_1605040835_68_received
ba2c_fa0c_0000_1605040836_68_received
fe06_bd3f_0000_1605040837_69_received
09bb_fe06_0000_1605040837_70_received
639d_bd3f_0000_1605040838_69_received
64e6_09bb_0000_1605040838_71_received
5e68_09bb_0000_1605040839_71_received
db33_64e6_0000_1605040839_72_received
f914_64e6_0000_1605040840_72_received
e13a_db33_0000_1605040841_73_generated
7c2c_db33_0000_1605040842_73_received
f782_e13a_0000_1605040844_74_received
9e50_e13a_0000_1605040843_74_received
bf49_f782_0000_1605040845_75_generated
3e69_9e50_0000_1605040844_75_received
1ef5_3e69_0000_1605040848_76_received
989d_1ef5_0000_1605040849_77_received
56c5_989d_0000_1605040852_78_received
e276_56c5_0000_1605040854_79_received
2e62_e276_0000_1605040856_80_received
5114_e276_0000_1605040857_80_received
11b0_5114_0000_1605040860_81_received
ee48_5114_0000_1605040861_81_received
4840_2e62_0000_1605040861_81_received
35c8_11b0_0000_1605040863_82_received
68ad_35c8_0000_1605040866_83_generated
075b_35c8_0000_1605040865_83_received
0371_68ad_0000_1605040867_84_received
c7a4_075b_0000_1605040868_84_received
17eb_0371_0000_1605040870_85_received
22d7_c7a4_0000_1605040871_85_received
1a21_c7a4_0000_1605040872_85_received
6459_22d7_0000_1605040872_86_received
fcdd_0371_0000_1605040871_85_received
c6e9_6459_0000_1605040872_87_received
499f_c6e9_0000_1605040878_88_received
27f2_499f_0000_1605040878_89_received
6245_27f2_0000_1605040879_90_received
3725_6245_0000_1605040879_91_received
f47f_3725_0000_1605040880_92_received
3124_f47f_0000_1605040884_93_generated
be93_3124_0000_1605040885_94_generated
f940_be93_0000_1605040886_95_received
154d_f940_0000_1605040887_96_received
3daf_f940_0000_1605040888_96_received
738e_3daf_0000_1605040889_97_received
a5fd_f940_0000_1605040889_96_received
9276_738e_0000_1605040890_98_received
2879_a5fd_0000_1605040889_97_received
157c_9276_0000_1605040893_99_received
b12d_9276_0000_1605040894_99_received
7a7c_157c_0000_1605040895_100_received
c35c_7a7c_0000_1605040900_101_generated
3e43_7a7c_0000_1605040898_101_received
30f5_3e43_0000_1605040900_102_received
0a2d_30f5_0000_1605040900_103_received
8804_7a7c_0000_1605040899_101_received
e098_8804_0000_1605040901_102_received
4da2_30f5_0000_1605040901_103_received
e160_e098_0000_1605040901_103_received
8174_4da2_0000_1605040906_104_received
f2a1_8174_0000_1605040907_105_received
b98a_0a2d_0000_1605040907_104_received
5ddf_f2a1_0000_1605040910_106_received
badb_5ddf_0000_1605040914_107_generated
c3a1_5ddf_0000_1605040913_107_received
b58e_c3a1_0000_1605040915_108_received
9d83_c3a1_0000_1605040916_108_received
1638_b58e_0000_1605040919_109_received
7cc7_9d83_0000_1605040918_109_received
9e3f_7cc7_0000_1605040919_110_received
619e_9e3f_0000_1605040921_111_received
2106_619e_0000_1605040924_112_received
b028_9e3f_0000_1605040924_111_received
a3d8_2106_0000_1605040928_113_received
51bb_2106_0000_1605040927_113_received
5689_51bb_0000_1605040929_114_received
55db_a3d8_0000_1605040929_114_received
ba2d_5689_0000_1605040932_115_received
2c0f_5689_0000_1605040931_115_received
2d8a_ba2d_0000_1605040935_116_received
5134_2c0f_0000_1605040934_116_received
0420_ba2d_0000_1605040937_116_received
cdde_5134_0000_1605040936_117_received
723e_cdde_0000_1605040939_118_received
5f7d_cdde_0000_1605040941_118_received
d27b_5f7d_0000_1605040941_119_received
5097_723e_0000_1605040942_119_received
411b_d27b_0000_1605040945_120_received
5fb2_411b_0000_1605040947_121_received
d186_411b_0000_1605040948_121_received
afa7_5097_0000_1605040948_120_received
9935_5fb2_0000_1605040951_122_received
e7af_5fb2_0000_1605040952_122_received
0ca9_e7af_0000_1605040953_123_received
092c_5fb2_0000_1605040953_122_received
f2a2_5fb2_0000_1605040954_122_received
b0a1_0ca9_0000_1605040956_124_received
eb31_0ca9_0000_1605040957_124_received
fe4d_0ca9_0000_1605040958_124_received
9a9d_fe4d_0000_1605040959_125_received
36db_9a9d_0000_1605040962_126_received
547d_9a9d_0000_1605040964_126_received
396d_36db_0000_1605040965_127_received
cc63_396d_0000_1605040968_128_received
15e3_cc63_0000_1605040970_129_received
f22e_cc63_0000_1605040971_129_received
24dd_15e3_0000_1605040973_130_received
9ce1_15e3_0000_1605040974_130_received
626f_f22e_0000_1605040974_130_received
e468_9ce1_0000_1605040977_131_received
0126_24dd_0000_1605040977_131_received
cc81_e468_0000_1605040978_132_received
c9c2_cc81_0000_1605040984_133_received
c699_c9c2_0000_1605040984_134_received
a468_c699_0000_1605040987_135_received
e0aa_a468_0000_1605040992_136_received
