8ea3_9e1c_0000_1605035615_1_received
2a87_8ea3_0000_1605035631_2_received
0a0e_2a87_0000_1605035639_3_received
bb88_2a87_0000_1605035640_3_received
d1b9_bb88_0000_1605035657_4_received
1479_d1b9_0000_1605035660_5_received
41c9_1479_0000_1605035669_6_received
4281_41c9_0000_1605035673_7_received
5c06_4281_0000_1605035676_8_received
6f1c_4281_0000_1605035677_8_received
e583_6f1c_0000_1605035691_9_received
931e_5c06_0000_1605035691_9_received
cfa1_931e_0000_1605035693_10_received
4dc3_cfa1_0000_1605035701_11_received
1929_4dc3_0000_1605035709_12_received
bb3f_1929_0000_1605035740_13_received
3b01_bb3f_0000_1605035756_14_received
9361_3b01_0000_1605035761_15_received
8128_9361_0000_1605035771_16_received
02cd_8128_0000_1605035777_17_received
30db_02cd_0000_1605035777_18_received
1518_30db_0000_1605035779_19_received
08b3_1518_0000_1605035783_20_received
d786_08b3_0000_1605035827_21_received
ba02_d786_0000_1605035866_22_received
8d98_ba02_0000_1605035929_23_received
4e66_8d98_0000_1605035930_24_received
bfc7_4e66_0000_1605035937_25_received
beea_bfc7_0000_1605035949_26_received
a9c3_beea_0000_1605035957_27_received
e8fc_a9c3_0000_1605035975_28_received
41f8_e8fc_0000_1605035990_29_received
a695_41f8_0000_1605035992_30_received
7245_41f8_0000_1605035993_30_received
1762_a695_0000_1605035993_31_received
8a53_1762_0000_1605036012_32_received
684b_8a53_0000_1605036021_33_received
b9e6_684b_0000_1605036026_34_received
7b33_b9e6_0000_1605036036_35_generated
791f_7b33_0000_1605036044_36_received
dd55_791f_0000_1605036065_37_received
9f38_dd55_0000_1605036088_38_received
9bdd_9f38_0000_1605036110_39_generated
4c46_9bdd_0000_1605036145_40_received
d9dc_4c46_0000_1605036182_41_received
854d_d9dc_0000_1605036183_42_received
599a_854d_0000_1605036201_43_received
4e98_599a_0000_1605036213_44_received
930e_4e98_0000_1605036219_45_received
22f2_930e_0000_1605036234_46_received
1ee6_22f2_0000_1605036237_47_received
bfba_1ee6_0000_1605036249_48_received
61ba_bfba_0000_1605036261_49_received
5baf_61ba_0000_1605036263_50_received
fc9d_5baf_0000_1605036271_51_received
2c0b_5baf_0000_1605036272_51_received
729a_2c0b_0000_1605036280_52_received
19eb_729a_0000_1605036316_53_received
