831e_9e1c_0000_1607419568_1_received
7bd0_9e1c_0000_1607419569_1_received
4575_831e_0000_1607419571_2_received
7644_4575_0000_1607419572_3_received
d2c9_4575_0000_1607419573_3_received
abbb_7644_0000_1607419573_4_received
56bb_7644_0000_1607419574_4_received
5a34_56bb_0000_1607419575_5_received
bb68_abbb_0000_1607419575_5_received
cf8b_bb68_0000_1607419576_6_received
3080_cf8b_0000_1607419577_7_received
5d63_3080_0000_1607419578_8_received
80da_5d63_0000_1607419579_9_received
e72a_80da_0000_1607419581_10_received
8bad_e72a_0000_1607419582_11_received
8f62_8bad_0000_1607419582_12_received
1b49_8f62_0000_1607419583_13_generated
11e1_1b49_0000_1607419584_14_generated
f90d_1b49_0000_1607419585_14_received
6712_11e1_0000_1607419589_15_received
263f_f90d_0000_1607419590_15_received
e747_6712_0000_1607419590_16_received
a6ce_e747_0000_1607419592_17_received
9699_a6ce_0000_1607419594_18_generated
1468_a6ce_0000_1607419593_18_received
7e85_1468_0000_1607419595_19_received
d5c9_7e85_0000_1607419597_20_generated
75ba_d5c9_0000_1607419600_21_received
beae_75ba_0000_1607419602_22_received
b9d3_beae_0000_1607419604_23_received
32b6_b9d3_0000_1607419606_24_received
5dbd_32b6_0000_1607419609_25_received
bae5_5dbd_0000_1607419610_26_received
722e_bae5_0000_1607419613_27_generated
38b8_bae5_0000_1607419612_27_received
5633_722e_0000_1607419614_28_generated
d8c0_38b8_0000_1607419614_28_received
2bdb_5633_0000_1607419615_29_received
fe03_2bdb_0000_1607419618_30_received
96b8_fe03_0000_1607419622_31_received
06ae_fe03_0000_1607419623_31_received
33db_96b8_0000_1607419628_32_generated
32eb_96b8_0000_1607419627_32_received
6525_06ae_0000_1607419628_32_received
ff4c_6525_0000_1607419628_33_received
d3db_ff4c_0000_1607419628_34_received
8476_32eb_0000_1607419629_33_received
501e_d3db_0000_1607419630_35_generated
2aab_501e_0000_1607419632_36_received
a3ad_2aab_0000_1607419634_37_received
3d88_a3ad_0000_1607419634_38_received
70b4_3d88_0000_1607419637_39_received
9f6d_70b4_0000_1607419638_40_received
7a01_9f6d_0000_1607419643_41_received
fa34_9f6d_0000_1607419644_41_received
9d55_7a01_0000_1607419645_42_received
ae72_9d55_0000_1607419647_43_received
d136_ae72_0000_1607419650_44_received
6c5b_ae72_0000_1607419651_44_received
c9a6_6c5b_0000_1607419652_45_received
5c7e_c9a6_0000_1607419653_46_received
f8f7_5c7e_0000_1607419653_47_received
54b9_f8f7_0000_1607419656_48_received
de58_54b9_0000_1607419657_49_received
aa6c_de58_0000_1607419659_50_received
ba31_54b9_0000_1607419658_49_received
1369_aa6c_0000_1607419660_51_received
1486_1369_0000_1607419662_52_generated
dddc_1369_0000_1607419663_52_received
f862_1486_0000_1607419664_53_received
5f3b_1486_0000_1607419665_53_received
12e5_5f3b_0000_1607419666_54_received
e409_12e5_0000_1607419667_55_received
d6ec_e409_0000_1607419667_56_received
3abf_f862_0000_1607419667_54_received
c6e8_12e5_0000_1607419668_55_received
029d_d6ec_0000_1607419669_57_received
8a82_d6ec_0000_1607419670_57_received
165e_8a82_0000_1607419672_58_received
bfe4_165e_0000_1607419672_59_received
964d_bfe4_0000_1607419676_60_received
9f6e_964d_0000_1607419676_61_generated
f18c_9f6e_0000_1607419678_62_received
691b_f18c_0000_1607419678_63_received
81ee_691b_0000_1607419680_64_received
b0e9_81ee_0000_1607419681_65_received
7436_b0e9_0000_1607419682_66_received
a03e_b0e9_0000_1607419683_66_received
be0f_a03e_0000_1607419683_67_received
6b76_7436_0000_1607419684_67_received
9dd5_a03e_0000_1607419684_67_received
ae37_be0f_0000_1607419684_68_received
0ced_ae37_0000_1607419685_69_received
663a_0ced_0000_1607419686_70_received
45c3_663a_0000_1607419689_71_received
d57a_45c3_0000_1607419690_72_received
2114_d57a_0000_1607419691_73_received
17f2_2114_0000_1607419692_74_received
76ec_17f2_0000_1607419701_75_generated
6e5b_76ec_0000_1607419702_76_received
2335_6e5b_0000_1607419706_77_received
59d4_2335_0000_1607419707_78_received
4844_6e5b_0000_1607419707_77_received
868f_59d4_0000_1607419708_79_received
f8f6_59d4_0000_1607419709_79_received
d2a6_868f_0000_1607419710_80_received
4a12_d2a6_0000_1607419712_81_received
f225_4a12_0000_1607419713_82_received
9101_f225_0000_1607419714_83_received
a13b_9101_0000_1607419715_84_received
66bf_a13b_0000_1607419715_85_received
07c0_f225_0000_1607419715_83_received
74fe_66bf_0000_1607419718_86_received
d011_74fe_0000_1607419719_87_received
3937_74fe_0000_1607419720_87_received
b3a1_d011_0000_1607419721_88_received
9bd9_b3a1_0000_1607419723_89_received
f658_9bd9_0000_1607419723_90_received
4080_f658_0000_1607419728_91_generated
3691_4080_0000_1607419729_92_received
a348_3691_0000_1607419732_93_received
7172_a348_0000_1607419736_94_received
76d1_7172_0000_1607419737_95_received
df63_76d1_0000_1607419740_96_received
1ccc_76d1_0000_1607419741_96_received
9274_df63_0000_1607419742_97_received
2360_df63_0000_1607419741_97_received
994b_2360_0000_1607419742_98_received
0682_9274_0000_1607419742_98_received
0ade_2360_0000_1607419743_98_received
69ab_994b_0000_1607419747_99_received
1b22_69ab_0000_1607419747_100_received
85b7_69ab_0000_1607419748_100_received
f15f_85b7_0000_1607419748_101_received
8419_f15f_0000_1607419751_102_received
157b_f15f_0000_1607419752_102_received
38ce_8419_0000_1607419754_103_received
ebd4_38ce_0000_1607419755_104_received
cd5b_ebd4_0000_1607419756_105_received
dc99_ebd4_0000_1607419757_105_received
bfde_38ce_0000_1607419756_104_received
4660_dc99_0000_1607419758_106_received
9cf0_4660_0000_1607419761_107_received
ee0b_9cf0_0000_1607419766_108_generated
05f3_9cf0_0000_1607419765_108_received
b00a_05f3_0000_1607419767_109_received
6e7f_b00a_0000_1607419767_110_received
cfa1_6e7f_0000_1607419770_111_received
bf0a_6e7f_0000_1607419769_111_received
f41b_bf0a_0000_1607419771_112_received
f5b2_cfa1_0000_1607419771_112_received
990e_bf0a_0000_1607419772_112_received
d024_cfa1_0000_1607419772_112_received
ccf7_d024_0000_1607419774_113_received
c03d_990e_0000_1607419774_113_received
b08d_ccf7_0000_1607419777_114_received
cd28_b08d_0000_1607419778_115_received
a99c_b08d_0000_1607419780_115_received
ba62_cd28_0000_1607419786_116_received
a7f8_ba62_0000_1607419788_117_received
80a5_a7f8_0000_1607419788_118_received
e9b5_80a5_0000_1607419790_119_received
3602_a7f8_0000_1607419790_118_received
834c_e9b5_0000_1607419793_120_received
14c4_e9b5_0000_1607419792_120_received
7b15_834c_0000_1607419795_121_generated
f83c_a7f8_0000_1607419791_118_received
438e_14c4_0000_1607419793_121_received
f42b_438e_0000_1607419796_122_received
e871_f42b_0000_1607419799_123_generated
80f6_e9b5_0000_1607419794_120_received
7a5b_7b15_0000_1607419798_122_received
658e_7b15_0000_1607419799_122_received
13de_80f6_0000_1607419797_121_received
37d7_7a5b_0000_1607419800_123_received
5262_e871_0000_1607419802_124_received
10a5_e871_0000_1607419806_124_received
81c9_5262_0000_1607419805_125_received
623b_5262_0000_1607419807_125_received
bda9_81c9_0000_1607419809_126_received
04bb_bda9_0000_1607419811_127_received
5b15_10a5_0000_1607419809_125_received
c3b2_623b_0000_1607419810_126_received
23a5_bda9_0000_1607419813_127_received
33a1_04bb_0000_1607419816_128_received
cf1e_23a5_0000_1607419818_128_received
14ef_33a1_0000_1607419818_129_received
b874_14ef_0000_1607419819_130_received
5466_b874_0000_1607419821_131_generated
25ab_14ef_0000_1607419820_130_received
cfae_5466_0000_1607419824_132_generated
6412_14ef_0000_1607419821_130_received
5068_b874_0000_1607419822_131_received
eb5f_5466_0000_1607419823_132_received
5a65_eb5f_0000_1607419827_133_received
5787_eb5f_0000_1607419828_133_received
fee7_5068_0000_1607419826_132_received
ea81_5787_0000_1607419831_134_received
1246_5068_0000_1607419827_132_received
bfce_5a65_0000_1607419831_134_received
6b79_ea81_0000_1607419834_135_received
1dfb_6b79_0000_1607419836_136_received
71d8_1dfb_0000_1607419838_137_received
c01a_71d8_0000_1607419840_138_generated
3f10_71d8_0000_1607419839_138_received
0f9e_1dfb_0000_1607419839_137_received
8863_3f10_0000_1607419842_139_received
9608_c01a_0000_1607419843_139_received
0b4c_8863_0000_1607419847_140_received
5eac_0b4c_0000_1607419848_141_received
fe65_8863_0000_1607419849_140_received
a5e0_5eac_0000_1607419851_142_received
3453_a5e0_0000_1607419854_143_generated
5d23_3453_0000_1607419857_144_generated
