cb3d_9e1c_0000_1607206550_1_received
383f_9e1c_0000_1607206553_1_received
c591_cb3d_0000_1607206564_2_received
2d29_c591_0000_1607206566_3_received
14b0_2d29_0000_1607206573_4_received
bede_2d29_0000_1607206572_4_received
5187_14b0_0000_1607206576_5_generated
fc9d_bede_0000_1607206574_5_received
2b06_fc9d_0000_1607206579_6_received
1152_2b06_0000_1607206595_7_received
7229_1152_0000_1607206600_8_received
c5e2_7229_0000_1607206602_9_received
d16e_c5e2_0000_1607206608_10_received
4608_d16e_0000_1607206628_11_received
0cb9_4608_0000_1607206632_12_received
1885_4608_0000_1607206634_12_received
bb36_0cb9_0000_1607206636_13_received
33fb_bb36_0000_1607206639_14_received
de60_33fb_0000_1607206643_15_received
91f1_de60_0000_1607206647_16_received
1f68_91f1_0000_1607206649_17_received
76b4_91f1_0000_1607206650_17_received
e920_1f68_0000_1607206650_18_received
2a7c_e920_0000_1607206655_19_received
b752_2a7c_0000_1607206662_20_received
0198_b752_0000_1607206669_21_received
7092_b752_0000_1607206670_21_received
c422_0198_0000_1607206672_22_received
c774_c422_0000_1607206675_23_received
d943_c422_0000_1607206677_23_received
4c89_c422_0000_1607206678_23_received
0c8e_c774_0000_1607206681_24_received
134e_0c8e_0000_1607206682_25_received
deda_134e_0000_1607206683_26_received
89a6_deda_0000_1607206692_27_received
5cc2_89a6_0000_1607206697_28_received
1c43_5cc2_0000_1607206700_29_received
bca4_5cc2_0000_1607206699_29_received
94e2_bca4_0000_1607206703_30_received
e8cf_94e2_0000_1607206704_31_received
fba8_e8cf_0000_1607206712_32_received
6f0d_fba8_0000_1607206718_33_received
44b5_fba8_0000_1607206719_33_received
efd1_44b5_0000_1607206724_34_received
b732_efd1_0000_1607206726_35_received
7e07_b732_0000_1607206728_36_received
65e1_7e07_0000_1607206750_37_received
52eb_65e1_0000_1607206752_38_received
2c34_52eb_0000_1607206758_39_received
cb0f_2c34_0000_1607206775_40_received
fd60_2c34_0000_1607206776_40_received
314e_cb0f_0000_1607206780_41_received
fcf9_314e_0000_1607206788_42_received
8e00_fcf9_0000_1607206797_43_received
8f54_8e00_0000_1607206803_44_received
e4c7_8e00_0000_1607206804_44_received
03f9_8f54_0000_1607206809_45_received
6dd5_03f9_0000_1607206813_46_received
24a7_03f9_0000_1607206814_46_received
5d79_6dd5_0000_1607206815_47_received
2692_5d79_0000_1607206825_48_received
12b1_2692_0000_1607206828_49_received
80cd_12b1_0000_1607206833_50_received
3fb3_80cd_0000_1607206844_51_received
b636_3fb3_0000_1607206856_52_received
90ad_b636_0000_1607206864_53_received
3688_b636_0000_1607206865_53_received
a16a_3688_0000_1607206867_54_received
b1ad_a16a_0000_1607206871_55_received
4757_b1ad_0000_1607206877_56_received
1765_4757_0000_1607206879_57_received
143c_1765_0000_1607206882_58_received
ce20_1765_0000_1607206883_58_received
3323_ce20_0000_1607206901_59_received
811a_3323_0000_1607206907_60_received
cc3c_811a_0000_1607206915_61_received
c17c_cc3c_0000_1607206925_62_received
ef50_cc3c_0000_1607206927_62_received
e4b5_c17c_0000_1607206928_63_received
3112_e4b5_0000_1607206944_64_received
f34e_3112_0000_1607206948_65_received
7f44_f34e_0000_1607206951_66_received
95eb_7f44_0000_1607206957_67_generated
6de9_95eb_0000_1607206964_68_received
da32_6de9_0000_1607206969_69_received
5427_da32_0000_1607206976_70_received
596e_da32_0000_1607206978_70_received
0423_5427_0000_1607206985_71_received
7bca_0423_0000_1607206988_72_received
c6a4_7bca_0000_1607206989_73_received
7dd4_c6a4_0000_1607206998_74_received
6350_7dd4_0000_1607207002_75_received
d245_6350_0000_1607207019_76_received
70a1_6350_0000_1607207022_76_received
b868_d245_0000_1607207023_77_received
04c0_b868_0000_1607207023_78_received
b647_04c0_0000_1607207032_79_received
8e22_b647_0000_1607207048_80_received
9b25_8e22_0000_1607207050_81_received
4f7b_9b25_0000_1607207056_82_received
eaba_4f7b_0000_1607207058_83_received
cd2e_eaba_0000_1607207066_84_received
21bd_cd2e_0000_1607207071_85_received
5a42_21bd_0000_1607207078_86_received
9971_5a42_0000_1607207113_87_received
0a28_9971_0000_1607207124_88_received
b5a3_0a28_0000_1607207133_89_received
ae87_b5a3_0000_1607207138_90_received
7a79_ae87_0000_1607207149_91_received
0256_7a79_0000_1607207157_92_received
64c3_7a79_0000_1607207159_92_received
11f8_64c3_0000_1607207160_93_received
c997_0256_0000_1607207160_93_received
49dc_11f8_0000_1607207163_94_generated
f8f6_49dc_0000_1607207170_95_received
1d95_f8f6_0000_1607207175_96_received
c000_1d95_0000_1607207184_97_received
1179_c000_0000_1607207186_98_received
e8e6_1d95_0000_1607207186_97_received
a259_1179_0000_1607207188_99_received
c077_a259_0000_1607207203_100_received
6276_a259_0000_1607207204_100_received
2c48_c077_0000_1607207209_101_received
7fba_2c48_0000_1607207211_102_received
0871_7fba_0000_1607207215_103_received
f499_0871_0000_1607207217_104_received
2478_0871_0000_1607207218_104_received
a543_f499_0000_1607207221_105_received
d102_a543_0000_1607207225_106_received
c135_a543_0000_1607207226_106_received
53aa_c135_0000_1607207233_107_received
1686_53aa_0000_1607207239_108_received
75f1_1686_0000_1607207243_109_received
1538_75f1_0000_1607207246_110_received
3c1c_1538_0000_1607207253_111_received
4a90_3c1c_0000_1607207260_112_received
1de7_4a90_0000_1607207267_113_received
b186_1de7_0000_1607207271_114_received
7e2d_b186_0000_1607207278_115_received
dbb8_7e2d_0000_1607207280_116_received
4f91_7e2d_0000_1607207281_116_received
8a2b_dbb8_0000_1607207291_117_received
a433_8a2b_0000_1607207295_118_generated
4982_a433_0000_1607207296_119_received
d7d1_4982_0000_1607207300_120_generated
28ab_d7d1_0000_1607207303_121_received
873e_d7d1_0000_1607207304_121_received
ebb3_873e_0000_1607207308_122_received
b8b6_ebb3_0000_1607207314_123_received
4236_b8b6_0000_1607207324_124_received
9cbe_b8b6_0000_1607207325_124_received
fc8f_4236_0000_1607207327_125_received
83ca_fc8f_0000_1607207332_126_received
1d8b_83ca_0000_1607207334_127_generated
24db_1d8b_0000_1607207343_128_received
f487_24db_0000_1607207347_129_received
5d30_f487_0000_1607207353_130_received
a2a6_f487_0000_1607207355_130_received
59b5_a2a6_0000_1607207370_131_received
7c4c_59b5_0000_1607207378_132_received
ec97_59b5_0000_1607207379_132_received
3148_7c4c_0000_1607207384_133_received
5437_3148_0000_1607207391_134_received
3716_5437_0000_1607207398_135_received
84fd_3716_0000_1607207402_136_received
6565_84fd_0000_1607207414_137_received
5f78_6565_0000_1607207420_138_received
8bdd_6565_0000_1607207421_138_received
be91_8bdd_0000_1607207426_139_received
3b44_5f78_0000_1607207430_139_received
e017_be91_0000_1607207451_140_received
9703_e017_0000_1607207464_141_received
66ef_e017_0000_1607207465_141_received
97cd_e017_0000_1607207466_141_received
8bb6_66ef_0000_1607207484_142_received
9023_8bb6_0000_1607207488_143_received
2194_9023_0000_1607207494_144_received
43e1_9023_0000_1607207495_144_received
34df_43e1_0000_1607207503_145_received
b612_2194_0000_1607207503_145_received
dad2_34df_0000_1607207511_146_generated
0c0a_dad2_0000_1607207515_147_received
004e_0c0a_0000_1607207520_148_generated
f4bf_004e_0000_1607207525_149_received
2666_f4bf_0000_1607207538_150_received
7d4f_2666_0000_1607207547_151_received
a1a8_2666_0000_1607207548_151_received
2eae_7d4f_0000_1607207570_152_received
b6d6_2eae_0000_1607207580_153_received
9fcd_b6d6_0000_1607207589_154_received
4235_9fcd_0000_1607207590_155_received
fde2_4235_0000_1607207605_156_received
52a1_fde2_0000_1607207623_157_received
a840_52a1_0000_1607207629_158_received
ce47_a840_0000_1607207638_159_received
311a_ce47_0000_1607207644_160_received
a45a_ce47_0000_1607207648_160_received
ce1c_311a_0000_1607207656_161_received
b507_ce1c_0000_1607207659_162_received
31fd_b507_0000_1607207669_163_received
754a_31fd_0000_1607207672_164_received
2182_754a_0000_1607207675_165_received
c38b_2182_0000_1607207682_166_received
d5aa_c38b_0000_1607207690_167_received
4cc5_d5aa_0000_1607207705_168_received
430b_d5aa_0000_1607207708_168_received
5ed0_4cc5_0000_1607207713_169_received
bb05_5ed0_0000_1607207718_170_received
d2d4_bb05_0000_1607207721_171_received
5674_d2d4_0000_1607207730_172_received
9996_5674_0000_1607207739_173_received
1165_5674_0000_1607207740_173_received
