ea2b_9e1c_0000_1605042876_1_generated
ee12_ea2b_0000_1605042879_2_received
d81f_ee12_0000_1605042881_3_received
fc2e_d81f_0000_1605042900_4_received
1d19_fc2e_0000_1605042904_5_received
5d4e_1d19_0000_1605042914_6_received
a518_5d4e_0000_1605042934_7_received
672b_a518_0000_1605042937_8_received
a287_672b_0000_1605042953_9_received
af69_a287_0000_1605042958_10_received
af74_a287_0000_1605042959_10_received
e993_af69_0000_1605042961_11_received
5b73_e993_0000_1605042974_12_received
e18a_5b73_0000_1605042979_13_received
74d5_e18a_0000_1605042985_14_received
90ae_e18a_0000_1605042986_14_received
e653_74d5_0000_1605042990_15_received
ef69_e653_0000_1605042998_16_generated
0afd_ef69_0000_1605043005_17_received
1bcb_0afd_0000_1605043007_18_received
6ba1_1bcb_0000_1605043016_19_generated
5ace_6ba1_0000_1605043030_20_received
bac0_5ace_0000_1605043039_21_received
684a_5ace_0000_1605043041_21_received
b23d_bac0_0000_1605043046_22_received
5eff_b23d_0000_1605043053_23_received
4706_5eff_0000_1605043058_24_generated
c263_4706_0000_1605043068_25_received
2ef1_c263_0000_1605043086_26_received
557e_c263_0000_1605043088_26_received
652b_2ef1_0000_1605043090_27_received
1ca7_652b_0000_1605043096_28_received
385b_1ca7_0000_1605043136_29_generated
1f14_1ca7_0000_1605043137_29_received
54b2_385b_0000_1605043143_30_received
4589_54b2_0000_1605043148_31_received
eae4_4589_0000_1605043165_32_received
adc7_eae4_0000_1605043169_33_received
f525_adc7_0000_1605043171_34_received
ddb5_f525_0000_1605043172_35_generated
81de_ddb5_0000_1605043195_36_received
9e9f_81de_0000_1605043204_37_received
32c9_9e9f_0000_1605043217_38_received
df9b_32c9_0000_1605043231_39_received
3679_df9b_0000_1605043238_40_received
3b3e_3679_0000_1605043241_41_received
ffa8_3b3e_0000_1605043250_42_received
7f8e_ffa8_0000_1605043282_43_generated
4ca4_ffa8_0000_1605043281_43_received
7046_7f8e_0000_1605043287_44_received
3f2b_7046_0000_1605043288_45_received
ebb3_7046_0000_1605043289_45_received
06b6_ebb3_0000_1605043295_46_received
2212_06b6_0000_1605043318_47_received
92cb_2212_0000_1605043327_48_received
3d40_92cb_0000_1605043327_49_received
928c_3d40_0000_1605043331_50_received
d0f1_928c_0000_1605043340_51_generated
c787_d0f1_0000_1605043349_52_received
c72c_c787_0000_1605043354_53_received
045c_c72c_0000_1605043358_54_generated
6795_045c_0000_1605043371_55_received
3c70_045c_0000_1605043372_55_received
2a8e_6795_0000_1605043383_56_received
cedc_2a8e_0000_1605043392_57_received
c85c_cedc_0000_1605043409_58_received
cd06_c85c_0000_1605043410_59_received
dc29_cd06_0000_1605043423_60_received
2868_dc29_0000_1605043426_61_received
b258_2868_0000_1605043429_62_received
119e_b258_0000_1605043445_63_received
be54_119e_0000_1605043460_64_received
db97_be54_0000_1605043468_65_received
ef29_db97_0000_1605043475_66_received
97e1_ef29_0000_1605043478_67_received
5c79_97e1_0000_1605043479_68_received
5cf7_5c79_0000_1605043490_69_received
cd6a_5cf7_0000_1605043494_70_received
a80e_cd6a_0000_1605043497_71_received
9c46_a80e_0000_1605043503_72_received
dcc5_9c46_0000_1605043513_73_received
0921_dcc5_0000_1605043517_74_received
fb07_0921_0000_1605043519_75_received
164a_fb07_0000_1605043522_76_received
f513_164a_0000_1605043526_77_received
7217_f513_0000_1605043544_78_received
af75_7217_0000_1605043550_79_received
c17a_af75_0000_1605043567_80_received
0990_c17a_0000_1605043570_81_received
5354_0990_0000_1605043572_82_received
cdea_5354_0000_1605043575_83_received
f7e8_cdea_0000_1605043591_84_received
b0dc_f7e8_0000_1605043593_85_generated
