86c3_9e1c_0000_1607331963_1_generated
0a85_86c3_0000_1607331964_2_received
13e1_0a85_0000_1607331969_3_received
d071_13e1_0000_1607331971_4_received
3441_d071_0000_1607331981_5_received
c66d_3441_0000_1607331993_6_received
fc89_c66d_0000_1607332000_7_received
b64b_fc89_0000_1607332017_8_generated
563c_b64b_0000_1607332019_9_generated
3b20_563c_0000_1607332021_10_received
f019_3b20_0000_1607332025_11_generated
4b38_f019_0000_1607332027_12_generated
7465_4b38_0000_1607332042_13_generated
8914_7465_0000_1607332046_14_generated
9641_8914_0000_1607332050_15_received
b811_9641_0000_1607332064_16_received
7e73_b811_0000_1607332072_17_received
1911_7e73_0000_1607332096_18_generated
25d0_1911_0000_1607332106_19_generated
f5be_25d0_0000_1607332106_20_generated
c234_1911_0000_1607332105_19_received
010b_f5be_0000_1607332108_21_generated
ba29_010b_0000_1607332109_22_generated
9362_ba29_0000_1607332121_23_generated
1a9a_9362_0000_1607332127_24_received
b7f8_1a9a_0000_1607332137_25_received
ff76_b7f8_0000_1607332144_26_generated
cdf2_ff76_0000_1607332144_27_generated
fdf9_cdf2_0000_1607332147_28_generated
b085_fdf9_0000_1607332161_29_received
63b9_b085_0000_1607332168_30_generated
6b5e_63b9_0000_1607332181_31_generated
e701_6b5e_0000_1607332188_32_generated
c31e_e701_0000_1607332190_33_received
ccf0_c31e_0000_1607332198_34_generated
323c_ccf0_0000_1607332209_35_generated
8a70_323c_0000_1607332212_36_generated
452a_8a70_0000_1607332252_37_generated
9607_452a_0000_1607332263_38_received
7a52_9607_0000_1607332266_39_received
c6c1_7a52_0000_1607332276_40_received
959a_c6c1_0000_1607332280_41_received
ce3e_959a_0000_1607332285_42_generated
2479_ce3e_0000_1607332290_43_generated
95bd_2479_0000_1607332316_44_generated
59ea_95bd_0000_1607332326_45_received
e996_59ea_0000_1607332335_46_generated
995c_e996_0000_1607332341_47_generated
60a7_995c_0000_1607332343_48_generated
7280_60a7_0000_1607332345_49_generated
7ec6_7280_0000_1607332346_50_generated
e583_7ec6_0000_1607332358_51_generated
abc9_e583_0000_1607332364_52_generated
1bdb_abc9_0000_1607332386_53_generated
f086_1bdb_0000_1607332390_54_generated
c64b_f086_0000_1607332412_55_received
0a6d_c64b_0000_1607332422_56_generated
47da_0a6d_0000_1607332426_57_generated
22a5_47da_0000_1607332429_58_generated
adaf_22a5_0000_1607332430_59_generated
8c24_adaf_0000_1607332430_60_generated
565e_8c24_0000_1607332436_61_generated
d948_8c24_0000_1607332435_61_received
aadb_565e_0000_1607332436_62_generated
98ac_aadb_0000_1607332439_63_received
63fd_98ac_0000_1607332440_64_generated
9b59_63fd_0000_1607332445_65_generated
1914_63fd_0000_1607332444_65_received
90b4_9b59_0000_1607332453_66_generated
0e3a_90b4_0000_1607332460_67_received
e086_0e3a_0000_1607332485_68_generated
8fbb_e086_0000_1607332488_69_generated
d134_8fbb_0000_1607332500_70_generated
5420_d134_0000_1607332516_71_generated
011f_5420_0000_1607332518_72_generated
389e_011f_0000_1607332525_73_generated
2741_389e_0000_1607332531_74_generated
13be_2741_0000_1607332538_75_generated
b317_13be_0000_1607332543_76_generated
a39c_b317_0000_1607332545_77_received
