86c3_9e1c_0000_1607331963_1_received
0a85_86c3_0000_1607331964_2_generated
13e1_0a85_0000_1607331969_3_generated
d071_13e1_0000_1607331971_4_generated
3441_d071_0000_1607331981_5_generated
c66d_3441_0000_1607331993_6_generated
fc89_c66d_0000_1607332000_7_generated
b64b_fc89_0000_1607332017_8_received
563c_b64b_0000_1607332019_9_received
3b20_563c_0000_1607332021_10_generated
f019_3b20_0000_1607332025_11_received
4b38_f019_0000_1607332027_12_received
7465_4b38_0000_1607332042_13_generated
8914_7465_0000_1607332046_14_received
9641_8914_0000_1607332050_15_generated
b811_9641_0000_1607332064_16_generated
7e73_b811_0000_1607332072_17_generated
1911_7e73_0000_1607332096_18_received
c234_1911_0000_1607332105_19_generated
25d0_1911_0000_1607332106_19_received
f5be_25d0_0000_1607332106_20_received
010b_f5be_0000_1607332108_21_received
ba29_010b_0000_1607332109_22_received
9362_ba29_0000_1607332121_23_received
1a9a_9362_0000_1607332127_24_generated
b7f8_1a9a_0000_1607332137_25_generated
ff76_b7f8_0000_1607332144_26_received
cdf2_ff76_0000_1607332144_27_received
fdf9_cdf2_0000_1607332147_28_received
b085_fdf9_0000_1607332161_29_generated
63b9_b085_0000_1607332168_30_received
6b5e_63b9_0000_1607332181_31_received
e701_6b5e_0000_1607332188_32_received
c31e_e701_0000_1607332190_33_generated
ccf0_c31e_0000_1607332198_34_received
323c_ccf0_0000_1607332209_35_received
8a70_323c_0000_1607332212_36_received
452a_8a70_0000_1607332252_37_received
9607_452a_0000_1607332263_38_generated
7a52_9607_0000_1607332266_39_generated
c6c1_7a52_0000_1607332276_40_generated
959a_c6c1_0000_1607332280_41_generated
ce3e_959a_0000_1607332285_42_received
2479_ce3e_0000_1607332290_43_received
95bd_2479_0000_1607332316_44_received
59ea_95bd_0000_1607332326_45_generated
e996_59ea_0000_1607332335_46_received
995c_e996_0000_1607332341_47_received
60a7_995c_0000_1607332343_48_received
7280_60a7_0000_1607332345_49_received
7ec6_7280_0000_1607332346_50_received
e583_7ec6_0000_1607332358_51_received
abc9_e583_0000_1607332364_52_received
1bdb_abc9_0000_1607332386_53_received
f086_1bdb_0000_1607332390_54_received
c64b_f086_0000_1607332412_55_generated
0a6d_c64b_0000_1607332422_56_received
47da_0a6d_0000_1607332426_57_received
22a5_47da_0000_1607332429_58_received
adaf_22a5_0000_1607332430_59_received
8c24_adaf_0000_1607332430_60_received
d948_8c24_0000_1607332435_61_generated
565e_8c24_0000_1607332436_61_received
aadb_565e_0000_1607332436_62_received
98ac_aadb_0000_1607332439_63_generated
63fd_98ac_0000_1607332440_64_received
1914_63fd_0000_1607332444_65_generated
9b59_63fd_0000_1607332445_65_received
90b4_9b59_0000_1607332453_66_received
0e3a_90b4_0000_1607332460_67_generated
e086_0e3a_0000_1607332485_68_received
8fbb_e086_0000_1607332488_69_received
d134_8fbb_0000_1607332500_70_received
5420_d134_0000_1607332516_71_received
011f_5420_0000_1607332518_72_received
389e_011f_0000_1607332525_73_received
2741_389e_0000_1607332531_74_received
13be_2741_0000_1607332538_75_received
b317_13be_0000_1607332543_76_received
a39c_b317_0000_1607332545_77_generated
