9c71_9e1c_0000_1607205348_1_received
19df_9e1c_0000_1607205349_1_received
ebc3_9c71_0000_1607205357_2_received
3740_9c71_0000_1607205358_2_received
cd06_3740_0000_1607205363_3_received
ae62_cd06_0000_1607205364_4_received
8c57_ae62_0000_1607205366_5_received
0162_8c57_0000_1607205368_6_received
dcd5_0162_0000_1607205368_7_received
684e_dcd5_0000_1607205370_8_received
c378_684e_0000_1607205375_9_received
29ca_c378_0000_1607205377_10_received
189d_29ca_0000_1607205380_11_received
e7ab_189d_0000_1607205385_12_received
8891_e7ab_0000_1607205386_13_received
b42a_8891_0000_1607205386_14_received
2232_b42a_0000_1607205398_15_received
11f6_2232_0000_1607205401_16_received
787f_11f6_0000_1607205404_17_received
1ff8_787f_0000_1607205406_18_received
ba0d_1ff8_0000_1607205408_19_generated
894d_1ff8_0000_1607205409_19_received
4a15_ba0d_0000_1607205413_20_received
efc4_4a15_0000_1607205415_21_generated
fe4e_efc4_0000_1607205421_22_received
8381_fe4e_0000_1607205423_23_received
14a9_fe4e_0000_1607205424_23_received
9517_8381_0000_1607205427_24_received
0e02_14a9_0000_1607205427_24_received
6034_9517_0000_1607205429_25_received
8f97_6034_0000_1607205435_26_received
ff83_6034_0000_1607205436_26_received
ea3d_8f97_0000_1607205446_27_received
9375_ea3d_0000_1607205449_28_received
e964_9375_0000_1607205455_29_received
f854_9375_0000_1607205456_29_received
9079_e964_0000_1607205457_30_received
3cda_9079_0000_1607205460_31_generated
d9cb_3cda_0000_1607205462_32_received
1e82_d9cb_0000_1607205464_33_received
7339_1e82_0000_1607205468_34_received
35d2_7339_0000_1607205473_35_received
3a1f_35d2_0000_1607205480_36_received
cf81_3a1f_0000_1607205483_37_generated
35db_3a1f_0000_1607205484_37_received
dc36_cf81_0000_1607205485_38_received
8fc8_dc36_0000_1607205489_39_received
d891_dc36_0000_1607205490_39_received
f26f_8fc8_0000_1607205497_40_received
a21c_f26f_0000_1607205499_41_received
3894_f26f_0000_1607205501_41_received
06c4_3894_0000_1607205505_42_received
f6aa_06c4_0000_1607205510_43_received
b1e8_06c4_0000_1607205509_43_received
8166_b1e8_0000_1607205519_44_received
2f95_8166_0000_1607205521_45_received
0eb4_2f95_0000_1607205524_46_received
7104_0eb4_0000_1607205537_47_generated
e4dd_7104_0000_1607205540_48_received
347e_e4dd_0000_1607205547_49_received
cd77_347e_0000_1607205554_50_received
cc9e_cd77_0000_1607205558_51_received
6ca1_cc9e_0000_1607205559_52_received
e3d3_6ca1_0000_1607205564_53_received
bd35_e3d3_0000_1607205570_54_received
88b3_e3d3_0000_1607205571_54_received
c970_bd35_0000_1607205577_55_generated
d830_c970_0000_1607205579_56_received
60d0_d830_0000_1607205582_57_received
08db_60d0_0000_1607205584_58_received
368d_08db_0000_1607205586_59_received
3211_368d_0000_1607205588_60_generated
4026_3211_0000_1607205590_61_received
c403_4026_0000_1607205593_62_generated
6caa_4026_0000_1607205594_62_received
cdc6_c403_0000_1607205599_63_generated
4548_cdc6_0000_1607205601_64_generated
6852_4548_0000_1607205604_65_received
0296_6852_0000_1607205612_66_received
860b_0296_0000_1607205615_67_generated
5f7a_860b_0000_1607205617_68_received
ae25_5f7a_0000_1607205619_69_received
5473_ae25_0000_1607205622_70_received
9345_ae25_0000_1607205621_70_received
87d9_9345_0000_1607205624_71_received
05c2_9345_0000_1607205623_71_received
d0b1_05c2_0000_1607205626_72_received
3e29_d0b1_0000_1607205629_73_received
fc72_3e29_0000_1607205631_74_received
7812_3e29_0000_1607205632_74_received
0be7_fc72_0000_1607205636_75_generated
8da1_7812_0000_1607205636_75_received
c88b_0be7_0000_1607205638_76_received
87a5_c88b_0000_1607205640_77_generated
9078_87a5_0000_1607205642_78_received
a32e_9078_0000_1607205647_79_generated
a4d7_a32e_0000_1607205648_80_received
6dbb_a32e_0000_1607205649_80_received
2466_6dbb_0000_1607205653_81_received
78ed_2466_0000_1607205656_82_generated
d2ee_78ed_0000_1607205659_83_received
a865_d2ee_0000_1607205661_84_received
9ec9_a865_0000_1607205664_85_received
86e8_a865_0000_1607205665_85_received
2dec_9ec9_0000_1607205669_86_generated
ecd6_2dec_0000_1607205671_87_generated
3966_2dec_0000_1607205672_87_received
8bf9_3966_0000_1607205681_88_received
530c_8bf9_0000_1607205683_89_received
c808_530c_0000_1607205688_90_received
ea66_c808_0000_1607205690_91_received
3374_ea66_0000_1607205703_92_received
1b1b_3374_0000_1607205704_93_received
6253_1b1b_0000_1607205709_94_received
c74c_1b1b_0000_1607205710_94_received
f6b0_6253_0000_1607205718_95_received
e57e_6253_0000_1607205719_95_received
4795_f6b0_0000_1607205724_96_generated
5b81_f6b0_0000_1607205725_96_received
ecbb_5b81_0000_1607205726_97_received
ecc9_4795_0000_1607205728_97_received
bf1d_ecbb_0000_1607205730_98_received
4441_bf1d_0000_1607205730_99_received
f2f4_4441_0000_1607205737_100_received
264c_f2f4_0000_1607205737_101_received
d86c_264c_0000_1607205738_102_received
fcae_d86c_0000_1607205740_103_received
6074_fcae_0000_1607205742_104_received
4372_6074_0000_1607205752_105_received
fb61_4372_0000_1607205752_106_received
2de7_fb61_0000_1607205755_107_received
aa68_2de7_0000_1607205757_108_received
00ec_aa68_0000_1607205757_109_received
eea3_00ec_0000_1607205759_110_generated
f22c_00ec_0000_1607205760_110_received
5e60_f22c_0000_1607205760_111_received
bd2b_5e60_0000_1607205763_112_received
c809_bd2b_0000_1607205768_113_received
fcb6_c809_0000_1607205774_114_generated
1f01_fcb6_0000_1607205776_115_received
9ecb_fcb6_0000_1607205777_115_received
1376_9ecb_0000_1607205779_116_received
4bf2_1376_0000_1607205788_117_received
c5cf_4bf2_0000_1607205796_118_generated
7169_4bf2_0000_1607205795_118_received
5800_c5cf_0000_1607205800_119_received
1ead_7169_0000_1607205799_119_received
b37a_1ead_0000_1607205809_120_received
7d60_1ead_0000_1607205808_120_received
1ecb_7d60_0000_1607205814_121_received
a151_1ecb_0000_1607205816_122_received
ed61_a151_0000_1607205818_123_received
0220_ed61_0000_1607205821_124_received
5f1d_0220_0000_1607205824_125_received
b95d_5f1d_0000_1607205827_126_received
6da7_b95d_0000_1607205828_127_received
0784_6da7_0000_1607205835_128_received
16a3_6da7_0000_1607205836_128_received
a088_0784_0000_1607205839_129_received
d794_0784_0000_1607205840_129_received
cefd_a088_0000_1607205840_130_received
33ee_cefd_0000_1607205841_131_received
6b69_33ee_0000_1607205845_132_received
a5c2_6b69_0000_1607205847_133_received
6fee_6b69_0000_1607205848_133_received
7b40_a5c2_0000_1607205851_134_received
e9cb_6fee_0000_1607205852_134_received
8a20_7b40_0000_1607205854_135_received
7c06_e9cb_0000_1607205853_135_received
c44c_7c06_0000_1607205860_136_received
4af6_c44c_0000_1607205865_137_received
7df7_4af6_0000_1607205867_138_received
0858_7df7_0000_1607205870_139_received
1247_7df7_0000_1607205873_139_received
359f_0858_0000_1607205871_140_received
c2b5_359f_0000_1607205877_141_received
36c9_c2b5_0000_1607205879_142_received
78ac_36c9_0000_1607205882_143_generated
7662_36c9_0000_1607205881_143_received
ff26_7662_0000_1607205881_144_received
55e2_ff26_0000_1607205885_145_received
3c5d_ff26_0000_1607205884_145_received
c64b_3c5d_0000_1607205887_146_received
bd31_3c5d_0000_1607205889_146_received
c388_c64b_0000_1607205893_147_received
9c6f_c388_0000_1607205899_148_received
5f5d_9c6f_0000_1607205906_149_received
fb82_5f5d_0000_1607205918_150_received
8cbe_fb82_0000_1607205925_151_received
ae57_8cbe_0000_1607205934_152_received
cd5b_ae57_0000_1607205938_153_received
5181_cd5b_0000_1607205942_154_received
6dd3_5181_0000_1607205946_155_received
db41_5181_0000_1607205945_155_received
ea01_db41_0000_1607205947_156_received
d17e_ea01_0000_1607205950_157_received
3a9d_d17e_0000_1607205958_158_generated
f1a2_d17e_0000_1607205959_158_received
5a5a_3a9d_0000_1607205964_159_received
aee2_3a9d_0000_1607205963_159_received
9cb0_5a5a_0000_1607205967_160_received
b1bd_aee2_0000_1607205966_160_received
723f_aee2_0000_1607205967_160_received
a13d_b1bd_0000_1607205968_161_received
c9a6_723f_0000_1607205970_161_received
55a4_a13d_0000_1607205976_162_received
010a_a13d_0000_1607205977_162_received
90d5_010a_0000_1607205980_163_received
a217_55a4_0000_1607205979_163_received
22da_90d5_0000_1607205981_164_received
fb30_22da_0000_1607205988_165_received
b066_fb30_0000_1607205990_166_received
a533_b066_0000_1607205991_167_received
1dc2_b066_0000_1607205992_167_received
54bc_a533_0000_1607205995_168_received
3d6f_54bc_0000_1607205999_169_received
3bbc_3d6f_0000_1607206003_170_received
bb5e_3bbc_0000_1607206006_171_received
3a1d_3bbc_0000_1607206007_171_received
0d6d_bb5e_0000_1607206020_172_received
402d_3a1d_0000_1607206021_172_received
8c03_0d6d_0000_1607206027_173_generated
ab23_0d6d_0000_1607206024_173_received
ce36_402d_0000_1607206025_173_received
aced_ce36_0000_1607206028_174_received
3462_ce36_0000_1607206027_174_received
24a1_3462_0000_1607206038_175_received
6520_3462_0000_1607206037_175_received
af01_6520_0000_1607206040_176_received
1090_af01_0000_1607206048_177_received
551e_1090_0000_1607206055_178_generated
83c6_1090_0000_1607206056_178_received
48d3_551e_0000_1607206059_179_received
ff2d_48d3_0000_1607206062_180_received
a204_ff2d_0000_1607206066_181_received
63d7_a204_0000_1607206077_182_received
de9f_63d7_0000_1607206082_183_received
06a7_63d7_0000_1607206081_183_received
38da_06a7_0000_1607206085_184_received
cf16_38da_0000_1607206093_185_received
173e_cf16_0000_1607206095_186_received
0d1f_173e_0000_1607206098_187_received
e4df_0d1f_0000_1607206102_188_received
49d7_e4df_0000_1607206106_189_received
c40f_49d7_0000_1607206110_190_received
17ee_c40f_0000_1607206117_191_generated
172f_c40f_0000_1607206115_191_received
bca8_c40f_0000_1607206116_191_received
06e5_bca8_0000_1607206118_192_received
960a_06e5_0000_1607206125_193_received
e7cd_960a_0000_1607206126_194_received
a773_e7cd_0000_1607206129_195_received
2e8d_a773_0000_1607206134_196_received
4a6c_2e8d_0000_1607206137_197_received
f4d6_2e8d_0000_1607206138_197_received
241d_f4d6_0000_1607206140_198_received
0478_f4d6_0000_1607206141_198_received
4dc1_0478_0000_1607206153_199_received
edcd_4dc1_0000_1607206154_200_received
ea9a_241d_0000_1607206155_199_received
9bcf_edcd_0000_1607206157_201_received
19a2_9bcf_0000_1607206161_202_generated
239b_edcd_0000_1607206158_201_received
6ed7_19a2_0000_1607206165_203_generated
e099_19a2_0000_1607206166_203_received
0c58_239b_0000_1607206166_202_received
659a_6ed7_0000_1607206174_204_received
0de0_659a_0000_1607206180_205_received
37c1_0de0_0000_1607206183_206_received
8029_37c1_0000_1607206187_207_received
cf9a_8029_0000_1607206197_208_received
2de3_8029_0000_1607206195_208_received
42a5_2de3_0000_1607206198_209_received
d439_42a5_0000_1607206203_210_received
d1f0_42a5_0000_1607206202_210_received
ceaa_d439_0000_1607206218_211_received
561b_d1f0_0000_1607206220_211_received
f03e_ceaa_0000_1607206227_212_received
c5c9_f03e_0000_1607206230_213_received
e983_f03e_0000_1607206232_213_received
0abf_c5c9_0000_1607206240_214_received
a5d1_0abf_0000_1607206241_215_received
2382_a5d1_0000_1607206243_216_received
632d_a5d1_0000_1607206246_216_received
091b_2382_0000_1607206252_217_generated
d300_2382_0000_1607206251_217_received
aea6_d300_0000_1607206253_218_received
7366_d300_0000_1607206254_218_received
6865_aea6_0000_1607206254_219_received
dd5f_6865_0000_1607206262_220_received
bd98_6865_0000_1607206260_220_received
4cef_bd98_0000_1607206271_221_received
4c16_4cef_0000_1607206276_222_received
9826_4c16_0000_1607206279_223_received
b512_9826_0000_1607206286_224_received
064d_b512_0000_1607206288_225_received
0052_064d_0000_1607206297_226_received
ab10_0052_0000_1607206300_227_received
db7f_ab10_0000_1607206311_228_received
d7dc_ab10_0000_1607206313_228_received
eb98_d7dc_0000_1607206314_229_received
26c3_eb98_0000_1607206319_230_received
11bb_26c3_0000_1607206323_231_received
1262_11bb_0000_1607206327_232_generated
0ce7_11bb_0000_1607206326_232_received
c1cf_11bb_0000_1607206328_232_received
71f8_1262_0000_1607206335_233_generated
6e31_0ce7_0000_1607206337_233_received
d47d_71f8_0000_1607206345_234_received
d2a3_6e31_0000_1607206345_234_received
d72d_d47d_0000_1607206352_235_generated
dab1_d2a3_0000_1607206351_235_received
0ff1_d47d_0000_1607206353_235_received
5656_dab1_0000_1607206360_236_received
b73a_dab1_0000_1607206359_236_received
defc_dab1_0000_1607206361_236_received
abdd_5656_0000_1607206364_237_received
c9ad_b73a_0000_1607206365_237_received
ed9b_b73a_0000_1607206367_237_received
bd69_abdd_0000_1607206370_238_received
5c3a_ed9b_0000_1607206372_238_received
e7d3_5c3a_0000_1607206378_239_received
b94e_bd69_0000_1607206379_239_received
7c5d_5c3a_0000_1607206379_239_received
9a68_7c5d_0000_1607206385_240_received
4dd5_e7d3_0000_1607206386_240_received
565d_4dd5_0000_1607206390_241_received
e0f6_565d_0000_1607206395_242_received
7775_e0f6_0000_1607206397_243_received
a670_565d_0000_1607206397_242_received
1ba0_7775_0000_1607206399_244_received
43af_1ba0_0000_1607206400_245_received
45a4_43af_0000_1607206401_246_received
5819_7775_0000_1607206406_244_received
5706_45a4_0000_1607206408_247_received
29b2_5706_0000_1607206415_248_received
1067_29b2_0000_1607206427_249_received
5222_29b2_0000_1607206428_249_received
4362_1067_0000_1607206435_250_generated
d7ab_1067_0000_1607206434_250_received
c6a2_4362_0000_1607206443_251_received
b855_c6a2_0000_1607206449_252_received
cf87_c6a2_0000_1607206450_252_received
9a07_cf87_0000_1607206454_253_received
83da_9a07_0000_1607206459_254_received
1881_83da_0000_1607206464_255_received
06d0_83da_0000_1607206465_255_received
106a_1881_0000_1607206470_256_received
8f0f_1881_0000_1607206471_256_received
270f_06d0_0000_1607206470_256_received
5a6f_06d0_0000_1607206469_256_received
3b7d_5a6f_0000_1607206471_257_received
2f98_3b7d_0000_1607206482_258_received
edfc_2f98_0000_1607206485_259_received
3b4a_edfc_0000_1607206489_260_received
fa5c_3b4a_0000_1607206497_261_received
0acd_3b4a_0000_1607206499_261_received
8d77_fa5c_0000_1607206503_262_received
5896_fa5c_0000_1607206505_262_received
6913_8d77_0000_1607206508_263_received
ac31_6913_0000_1607206510_264_received
6e88_6913_0000_1607206514_264_received
d6e6_6913_0000_1607206511_264_received
927a_d6e6_0000_1607206519_265_received
983c_927a_0000_1607206523_266_received
c0fd_ac31_0000_1607206522_265_received
61d8_927a_0000_1607206525_266_received
12ef_983c_0000_1607206529_267_received
7298_983c_0000_1607206530_267_received
66ce_61d8_0000_1607206528_267_received
d232_12ef_0000_1607206540_268_received
