9c71_9e1c_0000_1607205348_1_received
19df_9e1c_0000_1607205349_1_received
ebc3_9c71_0000_1607205357_2_generated
3740_9c71_0000_1607205358_2_received
cd06_3740_0000_1607205363_3_received
ae62_cd06_0000_1607205364_4_received
8c57_ae62_0000_1607205366_5_received
0162_8c57_0000_1607205368_6_received
dcd5_0162_0000_1607205368_7_received
684e_dcd5_0000_1607205370_8_received
c378_684e_0000_1607205375_9_received
29ca_c378_0000_1607205377_10_received
189d_29ca_0000_1607205380_11_received
e7ab_189d_0000_1607205385_12_received
8891_e7ab_0000_1607205386_13_received
b42a_8891_0000_1607205386_14_received
2232_b42a_0000_1607205398_15_received
11f6_2232_0000_1607205401_16_generated
787f_11f6_0000_1607205404_17_generated
1ff8_787f_0000_1607205406_18_received
ba0d_1ff8_0000_1607205408_19_received
894d_1ff8_0000_1607205409_19_received
4a15_ba0d_0000_1607205413_20_received
efc4_4a15_0000_1607205415_21_received
fe4e_efc4_0000_1607205421_22_generated
8381_fe4e_0000_1607205423_23_received
14a9_fe4e_0000_1607205424_23_received
9517_8381_0000_1607205427_24_received
0e02_14a9_0000_1607205427_24_received
6034_9517_0000_1607205429_25_received
ff83_6034_0000_1607205436_26_generated
8f97_6034_0000_1607205435_26_received
ea3d_8f97_0000_1607205446_27_received
9375_ea3d_0000_1607205449_28_received
e964_9375_0000_1607205455_29_generated
f854_9375_0000_1607205456_29_received
9079_e964_0000_1607205457_30_received
3cda_9079_0000_1607205460_31_received
d9cb_3cda_0000_1607205462_32_received
1e82_d9cb_0000_1607205464_33_received
7339_1e82_0000_1607205468_34_received
35d2_7339_0000_1607205473_35_received
3a1f_35d2_0000_1607205480_36_received
cf81_3a1f_0000_1607205483_37_received
dc36_cf81_0000_1607205485_38_generated
35db_3a1f_0000_1607205484_37_received
8fc8_dc36_0000_1607205489_39_received
d891_dc36_0000_1607205490_39_received
f26f_8fc8_0000_1607205497_40_received
a21c_f26f_0000_1607205499_41_generated
3894_f26f_0000_1607205501_41_received
06c4_3894_0000_1607205505_42_received
f6aa_06c4_0000_1607205510_43_received
b1e8_06c4_0000_1607205509_43_received
8166_b1e8_0000_1607205519_44_received
2f95_8166_0000_1607205521_45_received
0eb4_2f95_0000_1607205524_46_received
7104_0eb4_0000_1607205537_47_received
e4dd_7104_0000_1607205540_48_received
347e_e4dd_0000_1607205547_49_received
cd77_347e_0000_1607205554_50_received
cc9e_cd77_0000_1607205558_51_received
6ca1_cc9e_0000_1607205559_52_received
e3d3_6ca1_0000_1607205564_53_received
bd35_e3d3_0000_1607205570_54_received
88b3_e3d3_0000_1607205571_54_received
c970_bd35_0000_1607205577_55_received
d830_c970_0000_1607205579_56_received
60d0_d830_0000_1607205582_57_received
08db_60d0_0000_1607205584_58_received
368d_08db_0000_1607205586_59_generated
3211_368d_0000_1607205588_60_received
4026_3211_0000_1607205590_61_received
c403_4026_0000_1607205593_62_received
6caa_4026_0000_1607205594_62_received
cdc6_c403_0000_1607205599_63_received
4548_cdc6_0000_1607205601_64_received
6852_4548_0000_1607205604_65_received
0296_6852_0000_1607205612_66_received
860b_0296_0000_1607205615_67_received
5f7a_860b_0000_1607205617_68_received
ae25_5f7a_0000_1607205619_69_received
5473_ae25_0000_1607205622_70_received
9345_ae25_0000_1607205621_70_received
87d9_9345_0000_1607205624_71_received
05c2_9345_0000_1607205623_71_received
d0b1_05c2_0000_1607205626_72_received
3e29_d0b1_0000_1607205629_73_received
fc72_3e29_0000_1607205631_74_received
7812_3e29_0000_1607205632_74_received
0be7_fc72_0000_1607205636_75_received
8da1_7812_0000_1607205636_75_received
c88b_0be7_0000_1607205638_76_received
87a5_c88b_0000_1607205640_77_received
9078_87a5_0000_1607205642_78_received
a32e_9078_0000_1607205647_79_received
a4d7_a32e_0000_1607205648_80_generated
6dbb_a32e_0000_1607205649_80_received
2466_6dbb_0000_1607205653_81_received
78ed_2466_0000_1607205656_82_received
d2ee_78ed_0000_1607205659_83_received
a865_d2ee_0000_1607205661_84_received
9ec9_a865_0000_1607205664_85_received
86e8_a865_0000_1607205665_85_received
2dec_9ec9_0000_1607205669_86_received
ecd6_2dec_0000_1607205671_87_received
3966_2dec_0000_1607205672_87_received
8bf9_3966_0000_1607205681_88_received
530c_8bf9_0000_1607205683_89_received
c808_530c_0000_1607205688_90_received
ea66_c808_0000_1607205690_91_received
3374_ea66_0000_1607205703_92_received
1b1b_3374_0000_1607205704_93_received
6253_1b1b_0000_1607205709_94_received
c74c_1b1b_0000_1607205710_94_received
f6b0_6253_0000_1607205718_95_received
e57e_6253_0000_1607205719_95_received
4795_f6b0_0000_1607205724_96_generated
5b81_f6b0_0000_1607205725_96_received
ecbb_5b81_0000_1607205726_97_received
ecc9_4795_0000_1607205728_97_received
bf1d_ecbb_0000_1607205730_98_received
4441_bf1d_0000_1607205730_99_received
f2f4_4441_0000_1607205737_100_received
264c_f2f4_0000_1607205737_101_received
d86c_264c_0000_1607205738_102_received
fcae_d86c_0000_1607205740_103_received
6074_fcae_0000_1607205742_104_received
4372_6074_0000_1607205752_105_received
fb61_4372_0000_1607205752_106_received
2de7_fb61_0000_1607205755_107_received
aa68_2de7_0000_1607205757_108_received
00ec_aa68_0000_1607205757_109_received
eea3_00ec_0000_1607205759_110_received
f22c_00ec_0000_1607205760_110_received
5e60_f22c_0000_1607205760_111_received
bd2b_5e60_0000_1607205763_112_received
c809_bd2b_0000_1607205768_113_received
fcb6_c809_0000_1607205774_114_received
1f01_fcb6_0000_1607205776_115_generated
9ecb_fcb6_0000_1607205777_115_received
1376_9ecb_0000_1607205779_116_received
4bf2_1376_0000_1607205788_117_received
7169_4bf2_0000_1607205795_118_received
c5cf_4bf2_0000_1607205796_118_received
1ead_7169_0000_1607205799_119_received
5800_c5cf_0000_1607205800_119_received
b37a_1ead_0000_1607205809_120_received
7d60_1ead_0000_1607205808_120_received
1ecb_7d60_0000_1607205814_121_received
a151_1ecb_0000_1607205816_122_received
ed61_a151_0000_1607205818_123_received
0220_ed61_0000_1607205821_124_received
5f1d_0220_0000_1607205824_125_received
b95d_5f1d_0000_1607205827_126_received
6da7_b95d_0000_1607205828_127_received
0784_6da7_0000_1607205835_128_received
16a3_6da7_0000_1607205836_128_received
a088_0784_0000_1607205839_129_received
d794_0784_0000_1607205840_129_received
cefd_a088_0000_1607205840_130_received
33ee_cefd_0000_1607205841_131_received
6b69_33ee_0000_1607205845_132_generated
a5c2_6b69_0000_1607205847_133_received
6fee_6b69_0000_1607205848_133_received
7b40_a5c2_0000_1607205851_134_received
e9cb_6fee_0000_1607205852_134_received
8a20_7b40_0000_1607205854_135_received
7c06_e9cb_0000_1607205853_135_received
c44c_7c06_0000_1607205860_136_received
4af6_c44c_0000_1607205865_137_received
7df7_4af6_0000_1607205867_138_received
1247_7df7_0000_1607205873_139_generated
0858_7df7_0000_1607205870_139_received
359f_0858_0000_1607205871_140_received
c2b5_359f_0000_1607205877_141_received
36c9_c2b5_0000_1607205879_142_received
78ac_36c9_0000_1607205882_143_received
7662_36c9_0000_1607205881_143_received
ff26_7662_0000_1607205881_144_received
3c5d_ff26_0000_1607205884_145_received
55e2_ff26_0000_1607205885_145_received
c64b_3c5d_0000_1607205887_146_received
bd31_3c5d_0000_1607205889_146_received
c388_c64b_0000_1607205893_147_received
9c6f_c388_0000_1607205899_148_received
5f5d_9c6f_0000_1607205906_149_received
fb82_5f5d_0000_1607205918_150_received
8cbe_fb82_0000_1607205925_151_received
ae57_8cbe_0000_1607205934_152_received
cd5b_ae57_0000_1607205938_153_received
5181_cd5b_0000_1607205942_154_received
6dd3_5181_0000_1607205946_155_received
db41_5181_0000_1607205945_155_received
ea01_db41_0000_1607205947_156_received
d17e_ea01_0000_1607205950_157_received
f1a2_d17e_0000_1607205959_158_generated
3a9d_d17e_0000_1607205958_158_received
5a5a_3a9d_0000_1607205964_159_received
aee2_3a9d_0000_1607205963_159_received
9cb0_5a5a_0000_1607205967_160_generated
b1bd_aee2_0000_1607205966_160_received
723f_aee2_0000_1607205967_160_received
a13d_b1bd_0000_1607205968_161_received
c9a6_723f_0000_1607205970_161_received
55a4_a13d_0000_1607205976_162_received
010a_a13d_0000_1607205977_162_received
a217_55a4_0000_1607205979_163_received
90d5_010a_0000_1607205980_163_received
22da_90d5_0000_1607205981_164_received
fb30_22da_0000_1607205988_165_generated
b066_fb30_0000_1607205990_166_generated
a533_b066_0000_1607205991_167_generated
1dc2_b066_0000_1607205992_167_received
54bc_a533_0000_1607205995_168_received
3d6f_54bc_0000_1607205999_169_received
3bbc_3d6f_0000_1607206003_170_received
bb5e_3bbc_0000_1607206006_171_generated
3a1d_3bbc_0000_1607206007_171_received
0d6d_bb5e_0000_1607206020_172_received
402d_3a1d_0000_1607206021_172_received
ab23_0d6d_0000_1607206024_173_received
ce36_402d_0000_1607206025_173_received
8c03_0d6d_0000_1607206027_173_received
aced_ce36_0000_1607206028_174_received
3462_ce36_0000_1607206027_174_received
24a1_3462_0000_1607206038_175_received
6520_3462_0000_1607206037_175_received
af01_6520_0000_1607206040_176_received
1090_af01_0000_1607206048_177_generated
551e_1090_0000_1607206055_178_received
83c6_1090_0000_1607206056_178_received
48d3_551e_0000_1607206059_179_received
ff2d_48d3_0000_1607206062_180_received
a204_ff2d_0000_1607206066_181_received
63d7_a204_0000_1607206077_182_received
de9f_63d7_0000_1607206082_183_received
06a7_63d7_0000_1607206081_183_received
38da_06a7_0000_1607206085_184_received
cf16_38da_0000_1607206093_185_generated
173e_cf16_0000_1607206095_186_received
0d1f_173e_0000_1607206098_187_received
e4df_0d1f_0000_1607206102_188_received
49d7_e4df_0000_1607206106_189_received
c40f_49d7_0000_1607206110_190_received
172f_c40f_0000_1607206115_191_received
bca8_c40f_0000_1607206116_191_received
17ee_c40f_0000_1607206117_191_received
06e5_bca8_0000_1607206118_192_received
960a_06e5_0000_1607206125_193_received
e7cd_960a_0000_1607206126_194_received
a773_e7cd_0000_1607206129_195_received
2e8d_a773_0000_1607206134_196_received
4a6c_2e8d_0000_1607206137_197_generated
f4d6_2e8d_0000_1607206138_197_received
241d_f4d6_0000_1607206140_198_received
0478_f4d6_0000_1607206141_198_received
ea9a_241d_0000_1607206155_199_generated
4dc1_0478_0000_1607206153_199_received
edcd_4dc1_0000_1607206154_200_received
9bcf_edcd_0000_1607206157_201_received
239b_edcd_0000_1607206158_201_received
19a2_9bcf_0000_1607206161_202_received
6ed7_19a2_0000_1607206165_203_received
0c58_239b_0000_1607206166_202_received
e099_19a2_0000_1607206166_203_received
659a_6ed7_0000_1607206174_204_received
0de0_659a_0000_1607206180_205_received
37c1_0de0_0000_1607206183_206_received
8029_37c1_0000_1607206187_207_received
cf9a_8029_0000_1607206197_208_generated
2de3_8029_0000_1607206195_208_received
42a5_2de3_0000_1607206198_209_received
d439_42a5_0000_1607206203_210_received
d1f0_42a5_0000_1607206202_210_received
ceaa_d439_0000_1607206218_211_generated
561b_d1f0_0000_1607206220_211_received
f03e_ceaa_0000_1607206227_212_received
c5c9_f03e_0000_1607206230_213_received
e983_f03e_0000_1607206232_213_received
0abf_c5c9_0000_1607206240_214_received
a5d1_0abf_0000_1607206241_215_received
2382_a5d1_0000_1607206243_216_received
632d_a5d1_0000_1607206246_216_received
d300_2382_0000_1607206251_217_received
091b_2382_0000_1607206252_217_received
7366_d300_0000_1607206254_218_received
aea6_d300_0000_1607206253_218_received
6865_aea6_0000_1607206254_219_received
dd5f_6865_0000_1607206262_220_received
bd98_6865_0000_1607206260_220_received
4cef_bd98_0000_1607206271_221_received
4c16_4cef_0000_1607206276_222_generated
9826_4c16_0000_1607206279_223_received
b512_9826_0000_1607206286_224_received
064d_b512_0000_1607206288_225_received
0052_064d_0000_1607206297_226_received
ab10_0052_0000_1607206300_227_generated
db7f_ab10_0000_1607206311_228_received
d7dc_ab10_0000_1607206313_228_received
eb98_d7dc_0000_1607206314_229_received
26c3_eb98_0000_1607206319_230_generated
11bb_26c3_0000_1607206323_231_received
c1cf_11bb_0000_1607206328_232_generated
0ce7_11bb_0000_1607206326_232_received
1262_11bb_0000_1607206327_232_received
71f8_1262_0000_1607206335_233_received
6e31_0ce7_0000_1607206337_233_received
d47d_71f8_0000_1607206345_234_received
d2a3_6e31_0000_1607206345_234_received
dab1_d2a3_0000_1607206351_235_received
d72d_d47d_0000_1607206352_235_received
0ff1_d47d_0000_1607206353_235_received
5656_dab1_0000_1607206360_236_received
b73a_dab1_0000_1607206359_236_received
defc_dab1_0000_1607206361_236_received
abdd_5656_0000_1607206364_237_received
c9ad_b73a_0000_1607206365_237_received
bd69_abdd_0000_1607206370_238_received
ed9b_b73a_0000_1607206367_237_received
5c3a_ed9b_0000_1607206372_238_received
b94e_bd69_0000_1607206379_239_received
e7d3_5c3a_0000_1607206378_239_received
7c5d_5c3a_0000_1607206379_239_received
9a68_7c5d_0000_1607206385_240_received
4dd5_e7d3_0000_1607206386_240_received
565d_4dd5_0000_1607206390_241_received
e0f6_565d_0000_1607206395_242_received
7775_e0f6_0000_1607206397_243_received
a670_565d_0000_1607206397_242_received
5819_7775_0000_1607206406_244_generated
1ba0_7775_0000_1607206399_244_received
43af_1ba0_0000_1607206400_245_received
45a4_43af_0000_1607206401_246_received
5706_45a4_0000_1607206408_247_received
29b2_5706_0000_1607206415_248_received
1067_29b2_0000_1607206427_249_generated
5222_29b2_0000_1607206428_249_received
d7ab_1067_0000_1607206434_250_received
4362_1067_0000_1607206435_250_received
c6a2_4362_0000_1607206443_251_received
b855_c6a2_0000_1607206449_252_received
cf87_c6a2_0000_1607206450_252_received
9a07_cf87_0000_1607206454_253_received
83da_9a07_0000_1607206459_254_received
1881_83da_0000_1607206464_255_received
06d0_83da_0000_1607206465_255_received
8f0f_1881_0000_1607206471_256_generated
106a_1881_0000_1607206470_256_received
270f_06d0_0000_1607206470_256_received
5a6f_06d0_0000_1607206469_256_received
3b7d_5a6f_0000_1607206471_257_received
2f98_3b7d_0000_1607206482_258_received
edfc_2f98_0000_1607206485_259_received
3b4a_edfc_0000_1607206489_260_received
fa5c_3b4a_0000_1607206497_261_received
0acd_3b4a_0000_1607206499_261_received
8d77_fa5c_0000_1607206503_262_received
5896_fa5c_0000_1607206505_262_received
6913_8d77_0000_1607206508_263_received
ac31_6913_0000_1607206510_264_received
6e88_6913_0000_1607206514_264_received
d6e6_6913_0000_1607206511_264_received
c0fd_ac31_0000_1607206522_265_generated
927a_d6e6_0000_1607206519_265_received
983c_927a_0000_1607206523_266_received
7298_983c_0000_1607206530_267_generated
61d8_927a_0000_1607206525_266_received
12ef_983c_0000_1607206529_267_received
66ce_61d8_0000_1607206528_267_received
d232_12ef_0000_1607206540_268_received
3097_12ef_0000_1607206543_268_received
6da9_d232_0000_1607206545_269_received
3b32_6da9_0000_1607206553_270_received
5a2a_3b32_0000_1607206561_271_received
32ac_5a2a_0000_1607206573_272_generated
b196_5a2a_0000_1607206570_272_received
f1d5_b196_0000_1607206574_273_received
2a57_5a2a_0000_1607206576_272_received
0058_f1d5_0000_1607206602_274_generated
9d8a_f1d5_0000_1607206597_274_received
14b0_f1d5_0000_1607206593_274_received
bfcf_14b0_0000_1607206595_275_received
e171_bfcf_0000_1607206604_276_received
59d5_e171_0000_1607206613_277_received
42e3_59d5_0000_1607206625_278_received
e6b7_42e3_0000_1607206627_279_received
f04b_e6b7_0000_1607206629_280_received
0e36_f04b_0000_1607206639_281_received
9a66_0e36_0000_1607206644_282_received
c500_9a66_0000_1607206653_283_received
b530_c500_0000_1607206656_284_received
9e60_b530_0000_1607206661_285_received
a416_9e60_0000_1607206680_286_generated
200e_9e60_0000_1607206667_286_received
0483_200e_0000_1607206670_287_received
28cc_0483_0000_1607206673_288_received
e83f_28cc_0000_1607206686_289_received
2163_e83f_0000_1607206697_290_received
ad5f_2163_0000_1607206702_291_received
ed7c_ad5f_0000_1607206713_292_received
6e3e_ed7c_0000_1607206721_293_generated
845e_6e3e_0000_1607206728_294_received
0943_845e_0000_1607206735_295_received
fc4f_0943_0000_1607206745_296_received
03eb_fc4f_0000_1607206747_297_received
be20_03eb_0000_1607206761_298_received
dd5d_03eb_0000_1607206754_298_received
2260_dd5d_0000_1607206756_299_received
6a17_2260_0000_1607206759_300_received
3d3a_6a17_0000_1607206761_301_received
2ab0_3d3a_0000_1607206772_302_received
8295_2ab0_0000_1607206775_303_received
77c8_8295_0000_1607206778_304_received
1ea5_77c8_0000_1607206784_305_received
80cd_1ea5_0000_1607206787_306_received
dc06_80cd_0000_1607206792_307_received
0ca0_dc06_0000_1607206803_308_received
58eb_0ca0_0000_1607206805_309_received
e160_58eb_0000_1607206811_310_received
f43e_e160_0000_1607206815_311_received
43e5_f43e_0000_1607206827_312_received
46f1_43e5_0000_1607206836_313_received
e68c_46f1_0000_1607206837_314_received
c56a_e68c_0000_1607206861_315_received
e9b9_c56a_0000_1607206875_316_generated
37a3_e9b9_0000_1607206879_317_generated
00b5_c56a_0000_1607206880_316_received
3532_37a3_0000_1607206892_318_received
01f4_3532_0000_1607206908_319_generated
1f9a_3532_0000_1607206897_319_received
235b_37a3_0000_1607206891_318_received
253c_235b_0000_1607206894_319_received
61a8_253c_0000_1607206903_320_received
e5ea_61a8_0000_1607206918_321_received
a66b_e5ea_0000_1607206933_322_generated
f072_e5ea_0000_1607206935_322_received
ff1b_f072_0000_1607206938_323_received
5e09_ff1b_0000_1607206951_324_received
5d45_5e09_0000_1607206963_325_received
4523_5e09_0000_1607206960_325_received
d35a_4523_0000_1607206964_326_received
b8cd_d35a_0000_1607206979_327_received
83c0_b8cd_0000_1607206981_328_received
1f1f_83c0_0000_1607206986_329_received
2283_1f1f_0000_1607206989_330_received
05b8_2283_0000_1607207007_331_generated
0f8e_2283_0000_1607207000_331_received
6e36_0f8e_0000_1607207004_332_received
1dac_6e36_0000_1607207006_333_received
0cce_1dac_0000_1607207010_334_received
1621_0cce_0000_1607207017_335_received
d2ba_1621_0000_1607207020_336_received
f37a_d2ba_0000_1607207040_337_received
a70e_f37a_0000_1607207045_338_received
a74d_a70e_0000_1607207048_339_received
7533_a74d_0000_1607207051_340_received
926d_7533_0000_1607207073_341_received
ac98_926d_0000_1607207077_342_received
5ddb_ac98_0000_1607207078_343_received
31be_5ddb_0000_1607207090_344_received
62a2_31be_0000_1607207102_345_received
a1bc_62a2_0000_1607207108_346_received
e7ac_a1bc_0000_1607207114_347_received
f967_e7ac_0000_1607207117_348_received
15ef_f967_0000_1607207119_349_received
9379_15ef_0000_1607207130_350_received
1e9e_9379_0000_1607207136_351_received
9db5_1e9e_0000_1607207140_352_received
16bb_9db5_0000_1607207142_353_received
dfea_16bb_0000_1607207144_354_received
8422_dfea_0000_1607207146_355_received
700e_8422_0000_1607207154_356_received
1be6_700e_0000_1607207157_357_received
c046_1be6_0000_1607207165_358_received
11b0_c046_0000_1607207179_359_received
4709_c046_0000_1607207176_359_received
5872_4709_0000_1607207181_360_received
890c_5872_0000_1607207203_361_received
f7d2_890c_0000_1607207210_362_received
6b58_f7d2_0000_1607207254_363_generated
db4d_f7d2_0000_1607207221_363_received
ca9e_db4d_0000_1607207224_364_received
6f5e_ca9e_0000_1607207228_365_received
bab0_6f5e_0000_1607207233_366_received
0b32_bab0_0000_1607207236_367_received
b6c6_0b32_0000_1607207239_368_received
a871_b6c6_0000_1607207241_369_received
0f96_a871_0000_1607207247_370_received
e2ec_0f96_0000_1607207251_371_received
f769_e2ec_0000_1607207256_372_received
d1de_f769_0000_1607207264_373_received
20af_d1de_0000_1607207266_374_received
a3e4_20af_0000_1607207268_375_received
432a_a3e4_0000_1607207272_376_received
3c57_432a_0000_1607207274_377_received
7720_3c57_0000_1607207277_378_received
04e3_7720_0000_1607207285_379_received
b0fb_04e3_0000_1607207289_380_received
6921_b0fb_0000_1607207294_381_received
c7df_6921_0000_1607207315_382_received
d554_c7df_0000_1607207318_383_received
becc_d554_0000_1607207323_384_received
5703_becc_0000_1607207327_385_received
b9be_5703_0000_1607207335_386_received
1ef9_b9be_0000_1607207356_387_generated
c2d2_b9be_0000_1607207344_387_received
1980_c2d2_0000_1607207347_388_received
1f28_1980_0000_1607207359_389_received
6923_1f28_0000_1607207382_390_received
6348_6923_0000_1607207388_391_received
1dbd_6348_0000_1607207397_392_received
707b_1dbd_0000_1607207400_393_received
cb8b_707b_0000_1607207402_394_received
26fb_cb8b_0000_1607207405_395_received
3b50_26fb_0000_1607207408_396_received
8c4a_3b50_0000_1607207413_397_received
4b86_8c4a_0000_1607207416_398_received
4ff6_4b86_0000_1607207422_399_received
20cf_4ff6_0000_1607207425_400_received
3edc_20cf_0000_1607207429_401_received
e774_3edc_0000_1607207463_402_generated
29b0_3edc_0000_1607207450_402_received
14b8_29b0_0000_1607207453_403_received
60e1_14b8_0000_1607207455_404_received
20e3_60e1_0000_1607207472_405_received
9866_60e1_0000_1607207469_405_received
9feb_9866_0000_1607207478_406_received
d731_9feb_0000_1607207493_407_received
0a31_d731_0000_1607207508_408_generated
f550_0a31_0000_1607207514_409_generated
89fa_9feb_0000_1607207486_407_received
5e43_89fa_0000_1607207488_408_received
0da8_5e43_0000_1607207492_409_received
09a4_0da8_0000_1607207495_410_received
1fa4_09a4_0000_1607207509_411_received
2122_1fa4_0000_1607207519_412_received
f983_2122_0000_1607207546_413_generated
74c8_2122_0000_1607207531_413_received
1134_74c8_0000_1607207535_414_received
27c5_1134_0000_1607207539_415_received
52c3_27c5_0000_1607207541_416_received
de79_52c3_0000_1607207543_417_received
7f5b_de79_0000_1607207562_418_received
4fd2_7f5b_0000_1607207599_419_generated
934f_7f5b_0000_1607207583_419_received
bfe1_934f_0000_1607207586_420_received
4408_bfe1_0000_1607207588_421_received
c2db_4408_0000_1607207590_422_received
25b0_c2db_0000_1607207596_423_received
1348_25b0_0000_1607207617_424_received
9615_1348_0000_1607207640_425_generated
94c9_1348_0000_1607207620_425_received
1404_94c9_0000_1607207623_426_received
4a5b_1404_0000_1607207628_427_received
b1e2_4a5b_0000_1607207631_428_received
30d0_b1e2_0000_1607207634_429_received
10d7_30d0_0000_1607207638_430_received
bfff_10d7_0000_1607207645_431_received
0122_bfff_0000_1607207649_432_received
0f14_0122_0000_1607207652_433_received
9627_0f14_0000_1607207655_434_received
f9d1_9627_0000_1607207661_435_received
9ffc_f9d1_0000_1607207686_436_received
7735_f9d1_0000_1607207678_436_received
7e6c_7735_0000_1607207681_437_received
31c2_7e6c_0000_1607207686_438_received
d0fc_31c2_0000_1607207691_439_received
ef85_d0fc_0000_1607207705_440_received
46d6_d0fc_0000_1607207696_440_received
261b_46d6_0000_1607207710_441_received
3b4c_261b_0000_1607207718_442_received
d0e5_3b4c_0000_1607207725_443_received
7dd6_d0e5_0000_1607207727_444_received
bf6b_7dd6_0000_1607207730_445_received
4f1f_bf6b_0000_1607207738_446_received
b9c6_4f1f_0000_1607207742_447_received
512a_b9c6_0000_1607207746_448_received
5f36_512a_0000_1607207766_449_generated
1af0_512a_0000_1607207752_449_received
512e_1af0_0000_1607207756_450_received
e758_512e_0000_1607207764_451_received
81c6_e758_0000_1607207771_452_received
adb4_81c6_0000_1607207781_453_received
ad41_81c6_0000_1607207778_453_received
8556_ad41_0000_1607207783_454_received
5a7a_8556_0000_1607207798_455_received
a764_5a7a_0000_1607207810_456_generated
18fc_a764_0000_1607207813_457_generated
23fd_5a7a_0000_1607207801_456_received
8980_23fd_0000_1607207803_457_received
1c1a_18fc_0000_1607207831_458_generated
3188_8980_0000_1607207813_458_received
b872_3188_0000_1607207817_459_received
1892_b872_0000_1607207824_460_received
2f75_1892_0000_1607207836_461_received
2f39_2f75_0000_1607207840_462_received
5c85_2f39_0000_1607207843_463_received
b734_5c85_0000_1607207850_464_received
9eae_b734_0000_1607207855_465_received
fc1a_9eae_0000_1607207865_466_received
b095_fc1a_0000_1607207869_467_received
2a55_b095_0000_1607207882_468_received
d005_2a55_0000_1607207904_469_received
e703_2a55_0000_1607207895_469_received
c820_e703_0000_1607207902_470_received
b626_c820_0000_1607207929_471_received
6639_b626_0000_1607207963_472_generated
5036_b626_0000_1607207945_472_received
7e0f_5036_0000_1607207947_473_received
5c93_7e0f_0000_1607207961_474_received
0331_5c93_0000_1607207982_475_received
3ccb_0331_0000_1607208007_476_generated
73e2_3ccb_0000_1607208010_477_generated
b41b_73e2_0000_1607208015_478_generated
9706_b41b_0000_1607208033_479_generated
9164_0331_0000_1607208016_476_received
eff8_9706_0000_1607208058_480_generated
9e3c_b41b_0000_1607208044_479_received
bd9d_9e3c_0000_1607208067_480_received
3819_eff8_0000_1607208092_481_received
26f6_3819_0000_1607208101_482_received
6834_bd9d_0000_1607208086_481_received
782a_6834_0000_1607208091_482_received
8c04_782a_0000_1607208095_483_received
3fd6_8c04_0000_1607208110_484_received
50ea_3fd6_0000_1607208114_485_received
7f97_50ea_0000_1607208119_486_received
c931_7f97_0000_1607208130_487_received
810b_c931_0000_1607208133_488_received
57ed_810b_0000_1607208143_489_received
f7b8_57ed_0000_1607208192_490_generated
d00e_57ed_0000_1607208146_490_received
e874_d00e_0000_1607208152_491_received
