9c71_9e1c_0000_1607205348_1_received
19df_9e1c_0000_1607205349_1_received
3740_9c71_0000_1607205358_2_generated
ebc3_9c71_0000_1607205357_2_received
cd06_3740_0000_1607205363_3_generated
ae62_cd06_0000_1607205364_4_generated
8c57_ae62_0000_1607205366_5_generated
0162_8c57_0000_1607205368_6_generated
dcd5_0162_0000_1607205368_7_generated
684e_dcd5_0000_1607205370_8_generated
c378_684e_0000_1607205375_9_generated
29ca_c378_0000_1607205377_10_generated
189d_29ca_0000_1607205380_11_generated
e7ab_189d_0000_1607205385_12_generated
8891_e7ab_0000_1607205386_13_generated
b42a_8891_0000_1607205386_14_generated
2232_b42a_0000_1607205398_15_generated
11f6_2232_0000_1607205401_16_received
787f_11f6_0000_1607205404_17_received
1ff8_787f_0000_1607205406_18_received
894d_1ff8_0000_1607205409_19_generated
ba0d_1ff8_0000_1607205408_19_received
4a15_ba0d_0000_1607205413_20_received
efc4_4a15_0000_1607205415_21_received
fe4e_efc4_0000_1607205421_22_received
14a9_fe4e_0000_1607205424_23_generated
8381_fe4e_0000_1607205423_23_received
0e02_14a9_0000_1607205427_24_generated
9517_8381_0000_1607205427_24_received
6034_9517_0000_1607205429_25_received
8f97_6034_0000_1607205435_26_generated
ff83_6034_0000_1607205436_26_received
ea3d_8f97_0000_1607205446_27_generated
9375_ea3d_0000_1607205449_28_received
e964_9375_0000_1607205455_29_generated
9079_e964_0000_1607205457_30_generated
f854_9375_0000_1607205456_29_received
3cda_9079_0000_1607205460_31_generated
d9cb_3cda_0000_1607205462_32_generated
1e82_d9cb_0000_1607205464_33_generated
7339_1e82_0000_1607205468_34_generated
35d2_7339_0000_1607205473_35_generated
3a1f_35d2_0000_1607205480_36_received
35db_3a1f_0000_1607205484_37_generated
cf81_3a1f_0000_1607205483_37_received
dc36_cf81_0000_1607205485_38_received
d891_dc36_0000_1607205490_39_generated
8fc8_dc36_0000_1607205489_39_received
f26f_8fc8_0000_1607205497_40_received
3894_f26f_0000_1607205501_41_generated
a21c_f26f_0000_1607205499_41_received
06c4_3894_0000_1607205505_42_generated
b1e8_06c4_0000_1607205509_43_generated
f6aa_06c4_0000_1607205510_43_received
8166_b1e8_0000_1607205519_44_generated
2f95_8166_0000_1607205521_45_received
0eb4_2f95_0000_1607205524_46_received
7104_0eb4_0000_1607205537_47_received
e4dd_7104_0000_1607205540_48_received
347e_e4dd_0000_1607205547_49_received
cd77_347e_0000_1607205554_50_received
cc9e_cd77_0000_1607205558_51_received
6ca1_cc9e_0000_1607205559_52_generated
e3d3_6ca1_0000_1607205564_53_generated
bd35_e3d3_0000_1607205570_54_received
88b3_e3d3_0000_1607205571_54_received
c970_bd35_0000_1607205577_55_received
d830_c970_0000_1607205579_56_generated
60d0_d830_0000_1607205582_57_generated
08db_60d0_0000_1607205584_58_generated
368d_08db_0000_1607205586_59_generated
3211_368d_0000_1607205588_60_received
4026_3211_0000_1607205590_61_received
c403_4026_0000_1607205593_62_received
6caa_4026_0000_1607205594_62_received
cdc6_c403_0000_1607205599_63_received
4548_cdc6_0000_1607205601_64_received
6852_4548_0000_1607205604_65_received
0296_6852_0000_1607205612_66_generated
860b_0296_0000_1607205615_67_generated
5f7a_860b_0000_1607205617_68_received
ae25_5f7a_0000_1607205619_69_generated
9345_ae25_0000_1607205621_70_generated
05c2_9345_0000_1607205623_71_generated
5473_ae25_0000_1607205622_70_received
87d9_9345_0000_1607205624_71_received
d0b1_05c2_0000_1607205626_72_received
3e29_d0b1_0000_1607205629_73_generated
7812_3e29_0000_1607205632_74_generated
fc72_3e29_0000_1607205631_74_received
8da1_7812_0000_1607205636_75_generated
0be7_fc72_0000_1607205636_75_received
c88b_0be7_0000_1607205638_76_received
87a5_c88b_0000_1607205640_77_generated
9078_87a5_0000_1607205642_78_received
a32e_9078_0000_1607205647_79_received
6dbb_a32e_0000_1607205649_80_received
a4d7_a32e_0000_1607205648_80_received
2466_6dbb_0000_1607205653_81_generated
78ed_2466_0000_1607205656_82_received
d2ee_78ed_0000_1607205659_83_received
a865_d2ee_0000_1607205661_84_received
9ec9_a865_0000_1607205664_85_generated
86e8_a865_0000_1607205665_85_received
2dec_9ec9_0000_1607205669_86_received
3966_2dec_0000_1607205672_87_received
ecd6_2dec_0000_1607205671_87_received
8bf9_3966_0000_1607205681_88_generated
530c_8bf9_0000_1607205683_89_received
c808_530c_0000_1607205688_90_generated
ea66_c808_0000_1607205690_91_generated
3374_ea66_0000_1607205703_92_received
1b1b_3374_0000_1607205704_93_generated
6253_1b1b_0000_1607205709_94_received
c74c_1b1b_0000_1607205710_94_received
f6b0_6253_0000_1607205718_95_received
e57e_6253_0000_1607205719_95_received
5b81_f6b0_0000_1607205725_96_generated
4795_f6b0_0000_1607205724_96_received
ecbb_5b81_0000_1607205726_97_generated
ecc9_4795_0000_1607205728_97_received
bf1d_ecbb_0000_1607205730_98_generated
4441_bf1d_0000_1607205730_99_generated
f2f4_4441_0000_1607205737_100_generated
264c_f2f4_0000_1607205737_101_generated
d86c_264c_0000_1607205738_102_received
fcae_d86c_0000_1607205740_103_received
6074_fcae_0000_1607205742_104_generated
4372_6074_0000_1607205752_105_generated
fb61_4372_0000_1607205752_106_generated
2de7_fb61_0000_1607205755_107_generated
aa68_2de7_0000_1607205757_108_generated
00ec_aa68_0000_1607205757_109_received
f22c_00ec_0000_1607205760_110_generated
5e60_f22c_0000_1607205760_111_generated
eea3_00ec_0000_1607205759_110_received
bd2b_5e60_0000_1607205763_112_generated
c809_bd2b_0000_1607205768_113_received
fcb6_c809_0000_1607205774_114_received
9ecb_fcb6_0000_1607205777_115_received
1f01_fcb6_0000_1607205776_115_received
1376_9ecb_0000_1607205779_116_generated
4bf2_1376_0000_1607205788_117_received
7169_4bf2_0000_1607205795_118_received
c5cf_4bf2_0000_1607205796_118_received
1ead_7169_0000_1607205799_119_received
5800_c5cf_0000_1607205800_119_received
7d60_1ead_0000_1607205808_120_generated
b37a_1ead_0000_1607205809_120_received
1ecb_7d60_0000_1607205814_121_received
a151_1ecb_0000_1607205816_122_generated
ed61_a151_0000_1607205818_123_received
0220_ed61_0000_1607205821_124_generated
5f1d_0220_0000_1607205824_125_received
b95d_5f1d_0000_1607205827_126_received
6da7_b95d_0000_1607205828_127_received
0784_6da7_0000_1607205835_128_received
16a3_6da7_0000_1607205836_128_received
a088_0784_0000_1607205839_129_generated
cefd_a088_0000_1607205840_130_generated
33ee_cefd_0000_1607205841_131_generated
d794_0784_0000_1607205840_129_received
6b69_33ee_0000_1607205845_132_received
6fee_6b69_0000_1607205848_133_generated
a5c2_6b69_0000_1607205847_133_received
e9cb_6fee_0000_1607205852_134_generated
7b40_a5c2_0000_1607205851_134_received
7c06_e9cb_0000_1607205853_135_generated
8a20_7b40_0000_1607205854_135_received
c44c_7c06_0000_1607205860_136_generated
4af6_c44c_0000_1607205865_137_generated
7df7_4af6_0000_1607205867_138_received
0858_7df7_0000_1607205870_139_generated
359f_0858_0000_1607205871_140_generated
1247_7df7_0000_1607205873_139_received
c2b5_359f_0000_1607205877_141_generated
36c9_c2b5_0000_1607205879_142_generated
7662_36c9_0000_1607205881_143_generated
ff26_7662_0000_1607205881_144_generated
3c5d_ff26_0000_1607205884_145_generated
78ac_36c9_0000_1607205882_143_received
c64b_3c5d_0000_1607205887_146_generated
55e2_ff26_0000_1607205885_145_received
bd31_3c5d_0000_1607205889_146_received
c388_c64b_0000_1607205893_147_generated
9c6f_c388_0000_1607205899_148_received
5f5d_9c6f_0000_1607205906_149_generated
fb82_5f5d_0000_1607205918_150_generated
8cbe_fb82_0000_1607205925_151_received
ae57_8cbe_0000_1607205934_152_generated
cd5b_ae57_0000_1607205938_153_generated
5181_cd5b_0000_1607205942_154_received
db41_5181_0000_1607205945_155_received
6dd3_5181_0000_1607205946_155_received
ea01_db41_0000_1607205947_156_received
d17e_ea01_0000_1607205950_157_received
3a9d_d17e_0000_1607205958_158_received
f1a2_d17e_0000_1607205959_158_received
aee2_3a9d_0000_1607205963_159_generated
5a5a_3a9d_0000_1607205964_159_received
723f_aee2_0000_1607205967_160_generated
b1bd_aee2_0000_1607205966_160_received
c9a6_723f_0000_1607205970_161_generated
a13d_b1bd_0000_1607205968_161_received
9cb0_5a5a_0000_1607205967_160_received
55a4_a13d_0000_1607205976_162_received
010a_a13d_0000_1607205977_162_received
a217_55a4_0000_1607205979_163_received
90d5_010a_0000_1607205980_163_received
22da_90d5_0000_1607205981_164_received
fb30_22da_0000_1607205988_165_received
b066_fb30_0000_1607205990_166_received
1dc2_b066_0000_1607205992_167_received
a533_b066_0000_1607205991_167_received
54bc_a533_0000_1607205995_168_received
3d6f_54bc_0000_1607205999_169_generated
3bbc_3d6f_0000_1607206003_170_received
3a1d_3bbc_0000_1607206007_171_generated
bb5e_3bbc_0000_1607206006_171_received
402d_3a1d_0000_1607206021_172_generated
0d6d_bb5e_0000_1607206020_172_received
ce36_402d_0000_1607206025_173_generated
ab23_0d6d_0000_1607206024_173_received
3462_ce36_0000_1607206027_174_generated
8c03_0d6d_0000_1607206027_173_received
aced_ce36_0000_1607206028_174_received
6520_3462_0000_1607206037_175_generated
24a1_3462_0000_1607206038_175_received
af01_6520_0000_1607206040_176_received
1090_af01_0000_1607206048_177_received
83c6_1090_0000_1607206056_178_received
551e_1090_0000_1607206055_178_received
48d3_551e_0000_1607206059_179_received
ff2d_48d3_0000_1607206062_180_generated
a204_ff2d_0000_1607206066_181_received
63d7_a204_0000_1607206077_182_generated
06a7_63d7_0000_1607206081_183_generated
de9f_63d7_0000_1607206082_183_received
38da_06a7_0000_1607206085_184_received
cf16_38da_0000_1607206093_185_received
173e_cf16_0000_1607206095_186_received
0d1f_173e_0000_1607206098_187_generated
e4df_0d1f_0000_1607206102_188_received
49d7_e4df_0000_1607206106_189_generated
c40f_49d7_0000_1607206110_190_generated
172f_c40f_0000_1607206115_191_generated
bca8_c40f_0000_1607206116_191_received
06e5_bca8_0000_1607206118_192_received
17ee_c40f_0000_1607206117_191_received
960a_06e5_0000_1607206125_193_generated
e7cd_960a_0000_1607206126_194_generated
a773_e7cd_0000_1607206129_195_generated
2e8d_a773_0000_1607206134_196_received
f4d6_2e8d_0000_1607206138_197_received
4a6c_2e8d_0000_1607206137_197_received
0478_f4d6_0000_1607206141_198_generated
241d_f4d6_0000_1607206140_198_received
4dc1_0478_0000_1607206153_199_generated
edcd_4dc1_0000_1607206154_200_generated
239b_edcd_0000_1607206158_201_generated
9bcf_edcd_0000_1607206157_201_received
ea9a_241d_0000_1607206155_199_received
0c58_239b_0000_1607206166_202_generated
19a2_9bcf_0000_1607206161_202_received
6ed7_19a2_0000_1607206165_203_received
e099_19a2_0000_1607206166_203_received
659a_6ed7_0000_1607206174_204_generated
0de0_659a_0000_1607206180_205_received
37c1_0de0_0000_1607206183_206_received
8029_37c1_0000_1607206187_207_generated
2de3_8029_0000_1607206195_208_received
42a5_2de3_0000_1607206198_209_generated
cf9a_8029_0000_1607206197_208_received
d1f0_42a5_0000_1607206202_210_generated
d439_42a5_0000_1607206203_210_received
561b_d1f0_0000_1607206220_211_generated
ceaa_d439_0000_1607206218_211_received
f03e_ceaa_0000_1607206227_212_received
c5c9_f03e_0000_1607206230_213_received
e983_f03e_0000_1607206232_213_received
0abf_c5c9_0000_1607206240_214_generated
a5d1_0abf_0000_1607206241_215_generated
2382_a5d1_0000_1607206243_216_generated
632d_a5d1_0000_1607206246_216_received
d300_2382_0000_1607206251_217_generated
aea6_d300_0000_1607206253_218_generated
6865_aea6_0000_1607206254_219_generated
091b_2382_0000_1607206252_217_received
7366_d300_0000_1607206254_218_received
bd98_6865_0000_1607206260_220_generated
dd5f_6865_0000_1607206262_220_received
4cef_bd98_0000_1607206271_221_received
4c16_4cef_0000_1607206276_222_received
9826_4c16_0000_1607206279_223_generated
b512_9826_0000_1607206286_224_generated
064d_b512_0000_1607206288_225_received
0052_064d_0000_1607206297_226_received
ab10_0052_0000_1607206300_227_received
d7dc_ab10_0000_1607206313_228_generated
db7f_ab10_0000_1607206311_228_received
eb98_d7dc_0000_1607206314_229_received
26c3_eb98_0000_1607206319_230_generated
11bb_26c3_0000_1607206323_231_received
0ce7_11bb_0000_1607206326_232_received
c1cf_11bb_0000_1607206328_232_received
1262_11bb_0000_1607206327_232_received
6e31_0ce7_0000_1607206337_233_received
71f8_1262_0000_1607206335_233_received
d2a3_6e31_0000_1607206345_234_generated
d47d_71f8_0000_1607206345_234_received
dab1_d2a3_0000_1607206351_235_received
0ff1_d47d_0000_1607206353_235_received
d72d_d47d_0000_1607206352_235_received
b73a_dab1_0000_1607206359_236_generated
5656_dab1_0000_1607206360_236_received
defc_dab1_0000_1607206361_236_received
ed9b_b73a_0000_1607206367_237_generated
abdd_5656_0000_1607206364_237_received
c9ad_b73a_0000_1607206365_237_received
5c3a_ed9b_0000_1607206372_238_generated
bd69_abdd_0000_1607206370_238_received
e7d3_5c3a_0000_1607206378_239_generated
b94e_bd69_0000_1607206379_239_received
7c5d_5c3a_0000_1607206379_239_received
4dd5_e7d3_0000_1607206386_240_generated
9a68_7c5d_0000_1607206385_240_received
565d_4dd5_0000_1607206390_241_generated
e0f6_565d_0000_1607206395_242_generated
7775_e0f6_0000_1607206397_243_generated
1ba0_7775_0000_1607206399_244_generated
43af_1ba0_0000_1607206400_245_generated
45a4_43af_0000_1607206401_246_generated
a670_565d_0000_1607206397_242_received
5706_45a4_0000_1607206408_247_generated
5819_7775_0000_1607206406_244_received
29b2_5706_0000_1607206415_248_received
5222_29b2_0000_1607206428_249_generated
1067_29b2_0000_1607206427_249_received
d7ab_1067_0000_1607206434_250_received
4362_1067_0000_1607206435_250_received
c6a2_4362_0000_1607206443_251_received
cf87_c6a2_0000_1607206450_252_generated
b855_c6a2_0000_1607206449_252_received
9a07_cf87_0000_1607206454_253_received
83da_9a07_0000_1607206459_254_generated
06d0_83da_0000_1607206465_255_generated
1881_83da_0000_1607206464_255_received
5a6f_06d0_0000_1607206469_256_generated
3b7d_5a6f_0000_1607206471_257_generated
106a_1881_0000_1607206470_256_received
270f_06d0_0000_1607206470_256_received
8f0f_1881_0000_1607206471_256_received
2f98_3b7d_0000_1607206482_258_generated
edfc_2f98_0000_1607206485_259_generated
3b4a_edfc_0000_1607206489_260_received
fa5c_3b4a_0000_1607206497_261_received
0acd_3b4a_0000_1607206499_261_received
8d77_fa5c_0000_1607206503_262_received
6913_8d77_0000_1607206508_263_generated
5896_fa5c_0000_1607206505_262_received
d6e6_6913_0000_1607206511_264_generated
ac31_6913_0000_1607206510_264_received
6e88_6913_0000_1607206514_264_received
927a_d6e6_0000_1607206519_265_generated
61d8_927a_0000_1607206525_266_generated
983c_927a_0000_1607206523_266_received
66ce_61d8_0000_1607206528_267_generated
c0fd_ac31_0000_1607206522_265_received
12ef_983c_0000_1607206529_267_received
7298_983c_0000_1607206530_267_received
d232_12ef_0000_1607206540_268_received
3097_12ef_0000_1607206543_268_received
6da9_d232_0000_1607206545_269_received
3b32_6da9_0000_1607206553_270_generated
5a2a_3b32_0000_1607206561_271_generated
2a57_5a2a_0000_1607206576_272_generated
b196_5a2a_0000_1607206570_272_received
f1d5_b196_0000_1607206574_273_received
32ac_5a2a_0000_1607206573_272_received
14b0_f1d5_0000_1607206593_274_generated
bfcf_14b0_0000_1607206595_275_generated
e171_bfcf_0000_1607206604_276_generated
9d8a_f1d5_0000_1607206597_274_received
59d5_e171_0000_1607206613_277_generated
0058_f1d5_0000_1607206602_274_received
42e3_59d5_0000_1607206625_278_generated
e6b7_42e3_0000_1607206627_279_generated
f04b_e6b7_0000_1607206629_280_generated
0e36_f04b_0000_1607206639_281_generated
9a66_0e36_0000_1607206644_282_generated
c500_9a66_0000_1607206653_283_generated
b530_c500_0000_1607206656_284_generated
9e60_b530_0000_1607206661_285_generated
200e_9e60_0000_1607206667_286_generated
0483_200e_0000_1607206670_287_generated
28cc_0483_0000_1607206673_288_generated
e83f_28cc_0000_1607206686_289_generated
a416_9e60_0000_1607206680_286_received
2163_e83f_0000_1607206697_290_generated
ad5f_2163_0000_1607206702_291_generated
ed7c_ad5f_0000_1607206713_292_generated
6e3e_ed7c_0000_1607206721_293_received
845e_6e3e_0000_1607206728_294_received
0943_845e_0000_1607206735_295_received
fc4f_0943_0000_1607206745_296_generated
03eb_fc4f_0000_1607206747_297_generated
dd5d_03eb_0000_1607206754_298_generated
2260_dd5d_0000_1607206756_299_generated
6a17_2260_0000_1607206759_300_generated
3d3a_6a17_0000_1607206761_301_generated
be20_03eb_0000_1607206761_298_received
2ab0_3d3a_0000_1607206772_302_generated
8295_2ab0_0000_1607206775_303_generated
77c8_8295_0000_1607206778_304_generated
1ea5_77c8_0000_1607206784_305_generated
80cd_1ea5_0000_1607206787_306_generated
dc06_80cd_0000_1607206792_307_generated
0ca0_dc06_0000_1607206803_308_generated
58eb_0ca0_0000_1607206805_309_generated
e160_58eb_0000_1607206811_310_generated
f43e_e160_0000_1607206815_311_generated
43e5_f43e_0000_1607206827_312_generated
46f1_43e5_0000_1607206836_313_generated
e68c_46f1_0000_1607206837_314_generated
c56a_e68c_0000_1607206861_315_generated
00b5_c56a_0000_1607206880_316_generated
e9b9_c56a_0000_1607206875_316_received
37a3_e9b9_0000_1607206879_317_received
235b_37a3_0000_1607206891_318_generated
253c_235b_0000_1607206894_319_generated
3532_37a3_0000_1607206892_318_received
61a8_253c_0000_1607206903_320_generated
1f9a_3532_0000_1607206897_319_received
e5ea_61a8_0000_1607206918_321_generated
01f4_3532_0000_1607206908_319_received
f072_e5ea_0000_1607206935_322_generated
ff1b_f072_0000_1607206938_323_generated
a66b_e5ea_0000_1607206933_322_received
5e09_ff1b_0000_1607206951_324_generated
4523_5e09_0000_1607206960_325_generated
d35a_4523_0000_1607206964_326_generated
5d45_5e09_0000_1607206963_325_received
b8cd_d35a_0000_1607206979_327_generated
83c0_b8cd_0000_1607206981_328_generated
1f1f_83c0_0000_1607206986_329_generated
2283_1f1f_0000_1607206989_330_generated
0f8e_2283_0000_1607207000_331_generated
6e36_0f8e_0000_1607207004_332_generated
1dac_6e36_0000_1607207006_333_generated
0cce_1dac_0000_1607207010_334_generated
1621_0cce_0000_1607207017_335_generated
d2ba_1621_0000_1607207020_336_generated
05b8_2283_0000_1607207007_331_received
f37a_d2ba_0000_1607207040_337_generated
a70e_f37a_0000_1607207045_338_generated
a74d_a70e_0000_1607207048_339_generated
7533_a74d_0000_1607207051_340_generated
926d_7533_0000_1607207073_341_generated
ac98_926d_0000_1607207077_342_generated
5ddb_ac98_0000_1607207078_343_generated
31be_5ddb_0000_1607207090_344_generated
62a2_31be_0000_1607207102_345_generated
a1bc_62a2_0000_1607207108_346_generated
e7ac_a1bc_0000_1607207114_347_generated
f967_e7ac_0000_1607207117_348_generated
15ef_f967_0000_1607207119_349_generated
9379_15ef_0000_1607207130_350_generated
1e9e_9379_0000_1607207136_351_generated
9db5_1e9e_0000_1607207140_352_generated
16bb_9db5_0000_1607207142_353_generated
dfea_16bb_0000_1607207144_354_generated
8422_dfea_0000_1607207146_355_generated
700e_8422_0000_1607207154_356_generated
1be6_700e_0000_1607207157_357_generated
c046_1be6_0000_1607207165_358_generated
4709_c046_0000_1607207176_359_generated
5872_4709_0000_1607207181_360_generated
11b0_c046_0000_1607207179_359_received
890c_5872_0000_1607207203_361_generated
f7d2_890c_0000_1607207210_362_generated
db4d_f7d2_0000_1607207221_363_generated
ca9e_db4d_0000_1607207224_364_generated
6f5e_ca9e_0000_1607207228_365_generated
bab0_6f5e_0000_1607207233_366_generated
0b32_bab0_0000_1607207236_367_generated
b6c6_0b32_0000_1607207239_368_generated
a871_b6c6_0000_1607207241_369_generated
0f96_a871_0000_1607207247_370_generated
e2ec_0f96_0000_1607207251_371_generated
f769_e2ec_0000_1607207256_372_generated
d1de_f769_0000_1607207264_373_generated
20af_d1de_0000_1607207266_374_generated
a3e4_20af_0000_1607207268_375_generated
432a_a3e4_0000_1607207272_376_generated
3c57_432a_0000_1607207274_377_generated
7720_3c57_0000_1607207277_378_generated
04e3_7720_0000_1607207285_379_generated
b0fb_04e3_0000_1607207289_380_generated
6921_b0fb_0000_1607207294_381_generated
6b58_f7d2_0000_1607207254_363_received
c7df_6921_0000_1607207315_382_generated
d554_c7df_0000_1607207318_383_generated
becc_d554_0000_1607207323_384_generated
5703_becc_0000_1607207327_385_generated
b9be_5703_0000_1607207335_386_generated
c2d2_b9be_0000_1607207344_387_generated
1980_c2d2_0000_1607207347_388_generated
1f28_1980_0000_1607207359_389_generated
1ef9_b9be_0000_1607207356_387_received
6923_1f28_0000_1607207382_390_generated
6348_6923_0000_1607207388_391_generated
1dbd_6348_0000_1607207397_392_generated
707b_1dbd_0000_1607207400_393_generated
cb8b_707b_0000_1607207402_394_generated
26fb_cb8b_0000_1607207405_395_generated
3b50_26fb_0000_1607207408_396_generated
8c4a_3b50_0000_1607207413_397_generated
4b86_8c4a_0000_1607207416_398_generated
4ff6_4b86_0000_1607207422_399_generated
20cf_4ff6_0000_1607207425_400_generated
3edc_20cf_0000_1607207429_401_generated
29b0_3edc_0000_1607207450_402_generated
14b8_29b0_0000_1607207453_403_generated
60e1_14b8_0000_1607207455_404_generated
9866_60e1_0000_1607207469_405_generated
9feb_9866_0000_1607207478_406_generated
20e3_60e1_0000_1607207472_405_received
89fa_9feb_0000_1607207486_407_generated
5e43_89fa_0000_1607207488_408_generated
0da8_5e43_0000_1607207492_409_generated
09a4_0da8_0000_1607207495_410_generated
d731_9feb_0000_1607207493_407_received
1fa4_09a4_0000_1607207509_411_generated
2122_1fa4_0000_1607207519_412_generated
0a31_d731_0000_1607207508_408_received
f550_0a31_0000_1607207514_409_received
74c8_2122_0000_1607207531_413_generated
1134_74c8_0000_1607207535_414_generated
27c5_1134_0000_1607207539_415_generated
52c3_27c5_0000_1607207541_416_generated
de79_52c3_0000_1607207543_417_generated
7f5b_de79_0000_1607207562_418_generated
f983_2122_0000_1607207546_413_received
934f_7f5b_0000_1607207583_419_generated
bfe1_934f_0000_1607207586_420_generated
4408_bfe1_0000_1607207588_421_generated
c2db_4408_0000_1607207590_422_generated
25b0_c2db_0000_1607207596_423_generated
4fd2_7f5b_0000_1607207599_419_received
1348_25b0_0000_1607207617_424_generated
94c9_1348_0000_1607207620_425_generated
1404_94c9_0000_1607207623_426_generated
4a5b_1404_0000_1607207628_427_generated
b1e2_4a5b_0000_1607207631_428_generated
30d0_b1e2_0000_1607207634_429_generated
10d7_30d0_0000_1607207638_430_generated
bfff_10d7_0000_1607207645_431_generated
0122_bfff_0000_1607207649_432_generated
0f14_0122_0000_1607207652_433_generated
9627_0f14_0000_1607207655_434_generated
f9d1_9627_0000_1607207661_435_generated
7735_f9d1_0000_1607207678_436_generated
7e6c_7735_0000_1607207681_437_generated
31c2_7e6c_0000_1607207686_438_generated
d0fc_31c2_0000_1607207691_439_generated
46d6_d0fc_0000_1607207696_440_generated
9ffc_f9d1_0000_1607207686_436_received
261b_46d6_0000_1607207710_441_generated
ef85_d0fc_0000_1607207705_440_received
3b4c_261b_0000_1607207718_442_generated
d0e5_3b4c_0000_1607207725_443_generated
7dd6_d0e5_0000_1607207727_444_generated
bf6b_7dd6_0000_1607207730_445_generated
4f1f_bf6b_0000_1607207738_446_generated
b9c6_4f1f_0000_1607207742_447_generated
512a_b9c6_0000_1607207746_448_generated
1af0_512a_0000_1607207752_449_generated
512e_1af0_0000_1607207756_450_generated
e758_512e_0000_1607207764_451_generated
81c6_e758_0000_1607207771_452_generated
ad41_81c6_0000_1607207778_453_generated
8556_ad41_0000_1607207783_454_generated
adb4_81c6_0000_1607207781_453_received
5f36_512a_0000_1607207766_449_received
5a7a_8556_0000_1607207798_455_generated
23fd_5a7a_0000_1607207801_456_generated
8980_23fd_0000_1607207803_457_generated
3188_8980_0000_1607207813_458_generated
b872_3188_0000_1607207817_459_generated
1892_b872_0000_1607207824_460_generated
a764_5a7a_0000_1607207810_456_received
2f75_1892_0000_1607207836_461_generated
2f39_2f75_0000_1607207840_462_generated
5c85_2f39_0000_1607207843_463_generated
b734_5c85_0000_1607207850_464_generated
9eae_b734_0000_1607207855_465_generated
fc1a_9eae_0000_1607207865_466_generated
b095_fc1a_0000_1607207869_467_generated
2a55_b095_0000_1607207882_468_generated
e703_2a55_0000_1607207895_469_generated
c820_e703_0000_1607207902_470_generated
d005_2a55_0000_1607207904_469_received
b626_c820_0000_1607207929_471_generated
5036_b626_0000_1607207945_472_generated
7e0f_5036_0000_1607207947_473_generated
5c93_7e0f_0000_1607207961_474_generated
0331_5c93_0000_1607207982_475_generated
6639_b626_0000_1607207963_472_received
9164_0331_0000_1607208016_476_generated
3ccb_0331_0000_1607208007_476_received
73e2_3ccb_0000_1607208010_477_received
b41b_73e2_0000_1607208015_478_received
9e3c_b41b_0000_1607208044_479_generated
9706_b41b_0000_1607208033_479_received
bd9d_9e3c_0000_1607208067_480_generated
eff8_9706_0000_1607208058_480_received
6834_bd9d_0000_1607208086_481_generated
782a_6834_0000_1607208091_482_generated
8c04_782a_0000_1607208095_483_generated
3819_eff8_0000_1607208092_481_received
3fd6_8c04_0000_1607208110_484_generated
50ea_3fd6_0000_1607208114_485_generated
7f97_50ea_0000_1607208119_486_generated
26f6_3819_0000_1607208101_482_received
c931_7f97_0000_1607208130_487_generated
810b_c931_0000_1607208133_488_generated
57ed_810b_0000_1607208143_489_generated
d00e_57ed_0000_1607208146_490_generated
e874_d00e_0000_1607208152_491_generated
d21b_e874_0000_1607208159_492_generated
f29e_d21b_0000_1607208167_493_generated
d603_f29e_0000_1607208170_494_generated
57bc_d603_0000_1607208174_495_generated
d15d_57bc_0000_1607208177_496_generated
7449_d15d_0000_1607208184_497_generated
7772_7449_0000_1607208187_498_generated
46bb_7772_0000_1607208192_499_generated
ad89_46bb_0000_1607208199_500_generated
eb04_ad89_0000_1607208207_501_generated
3d84_eb04_0000_1607208213_502_generated
bfdc_3d84_0000_1607208219_503_generated
38c8_bfdc_0000_1607208223_504_generated
01a8_38c8_0000_1607208230_505_generated
8576_01a8_0000_1607208234_506_generated
f53c_8576_0000_1607208249_507_generated
2b51_f53c_0000_1607208257_508_generated
da0e_2b51_0000_1607208261_509_generated
b78a_da0e_0000_1607208281_510_generated
4524_b78a_0000_1607208285_511_generated
6c6d_4524_0000_1607208304_512_generated
33c4_6c6d_0000_1607208307_513_generated
9d63_33c4_0000_1607208314_514_generated
c068_4524_0000_1607208306_512_received
7469_9d63_0000_1607208354_515_generated
2029_7469_0000_1607208372_516_generated
35c6_2029_0000_1607208378_517_generated
edca_35c6_0000_1607208383_518_generated
6023_edca_0000_1607208387_519_generated
888b_6023_0000_1607208404_520_generated
50f7_6023_0000_1607208410_520_received
deb9_888b_0000_1607208433_521_generated
5ca1_deb9_0000_1607208438_522_generated
e401_5ca1_0000_1607208443_523_generated
9dc2_e401_0000_1607208448_524_generated
414a_9dc2_0000_1607208453_525_generated
59c8_414a_0000_1607208458_526_generated
af1a_59c8_0000_1607208463_527_generated
6c73_af1a_0000_1607208468_528_generated
4b03_6c73_0000_1607208478_529_generated
2a0a_4b03_0000_1607208482_530_generated
ecbc_2a0a_0000_1607208486_531_generated
f831_ecbc_0000_1607208493_532_generated
9203_f831_0000_1607208525_533_generated
0e0a_9203_0000_1607208535_534_generated
99cc_0e0a_0000_1607208539_535_generated
aff5_99cc_0000_1607208564_536_generated
34ef_aff5_0000_1607208570_537_generated
e3ad_34ef_0000_1607208582_538_generated
cc08_e3ad_0000_1607208589_539_generated
63c2_cc08_0000_1607208593_540_generated
992f_63c2_0000_1607208596_541_generated
96b9_992f_0000_1607208601_542_generated
bb18_96b9_0000_1607208615_543_generated
b082_bb18_0000_1607208646_544_generated
f481_b082_0000_1607208659_545_generated
2288_bb18_0000_1607208650_544_received
7769_f481_0000_1607208668_546_generated
25e2_7769_0000_1607208672_547_generated
916a_25e2_0000_1607208690_548_generated
cebf_916a_0000_1607208698_549_generated
a6fa_cebf_0000_1607208703_550_generated
1bdc_916a_0000_1607208700_549_received
9ce1_a6fa_0000_1607208717_551_generated
af5e_9ce1_0000_1607208720_552_generated
c47c_af5e_0000_1607208722_553_generated
b6c1_c47c_0000_1607208725_554_generated
d775_b6c1_0000_1607208729_555_generated
df36_d775_0000_1607208737_556_generated
8281_df36_0000_1607208751_557_generated
4728_8281_0000_1607208756_558_generated
7998_4728_0000_1607208766_559_generated
d1ef_7998_0000_1607208788_560_generated
1474_d1ef_0000_1607208795_561_generated
e937_1474_0000_1607208808_562_generated
96d4_e937_0000_1607208813_563_generated
33df_96d4_0000_1607208820_564_generated
459d_33df_0000_1607208825_565_generated
b350_459d_0000_1607208831_566_generated
99a3_b350_0000_1607208841_567_generated
7116_99a3_0000_1607208847_568_generated
7b35_7116_0000_1607208856_569_generated
984f_7b35_0000_1607208861_570_generated
18dc_b350_0000_1607208853_567_received
7be0_7116_0000_1607208866_569_received
c91e_984f_0000_1607208883_571_generated
5f67_c91e_0000_1607208888_572_generated
f2ea_5f67_0000_1607208892_573_generated
973f_f2ea_0000_1607208898_574_generated
adfe_973f_0000_1607208901_575_generated
7908_c91e_0000_1607208900_572_received
dc2d_adfe_0000_1607208931_576_generated
f26c_dc2d_0000_1607208936_577_generated
077f_f26c_0000_1607208942_578_generated
fcb0_077f_0000_1607208949_579_generated
2816_fcb0_0000_1607208955_580_generated
7b2e_2816_0000_1607208961_581_generated
4729_7b2e_0000_1607208967_582_generated
e861_4729_0000_1607208973_583_generated
edcc_e861_0000_1607208981_584_generated
8aaa_fcb0_0000_1607208966_580_received
1048_edcc_0000_1607208993_585_generated
c11b_1048_0000_1607208998_586_generated
6b0f_c11b_0000_1607209002_587_generated
cf36_6b0f_0000_1607209020_588_generated
b6ae_cf36_0000_1607209033_589_generated
012a_b6ae_0000_1607209040_590_generated
d8d3_012a_0000_1607209049_591_generated
d7ef_d8d3_0000_1607209068_592_generated
72fd_b6ae_0000_1607209052_590_received
aa16_d7ef_0000_1607209080_593_generated
9c48_aa16_0000_1607209086_594_generated
e680_9c48_0000_1607209093_595_generated
f3af_e680_0000_1607209100_596_generated
760e_f3af_0000_1607209107_597_generated
1198_760e_0000_1607209113_598_generated
e496_1198_0000_1607209117_599_generated
1ae6_e496_0000_1607209122_600_generated
e0dd_1ae6_0000_1607209129_601_generated
821a_e0dd_0000_1607209136_602_generated
7b8f_821a_0000_1607209142_603_generated
f31e_7b8f_0000_1607209148_604_generated
7cc0_f31e_0000_1607209167_605_generated
1b76_7cc0_0000_1607209180_606_generated
f20f_1b76_0000_1607209190_607_generated
9bd9_f20f_0000_1607209197_608_generated
bcbb_9bd9_0000_1607209202_609_generated
3761_bcbb_0000_1607209208_610_generated
e154_1b76_0000_1607209209_607_received
fd4a_3761_0000_1607209222_611_generated
09fb_fd4a_0000_1607209226_612_generated
c727_09fb_0000_1607209231_613_generated
0ac0_c727_0000_1607209237_614_generated
9647_0ac0_0000_1607209244_615_generated
7503_e154_0000_1607209235_608_received
181d_9647_0000_1607209273_616_generated
866d_181d_0000_1607209283_617_generated
8830_866d_0000_1607209288_618_generated
a8ae_8830_0000_1607209294_619_generated
7628_a8ae_0000_1607209302_620_generated
82f0_7628_0000_1607209310_621_generated
6c40_82f0_0000_1607209316_622_generated
97cb_6c40_0000_1607209328_623_generated
298c_9647_0000_1607209295_616_received
1cd1_97cb_0000_1607209362_624_generated
04ef_1cd1_0000_1607209382_625_generated
ff44_04ef_0000_1607209389_626_generated
c9e6_1cd1_0000_1607209387_625_received
a703_ff44_0000_1607209413_627_generated
477b_a703_0000_1607209419_628_generated
e32c_477b_0000_1607209428_629_generated
a88b_e32c_0000_1607209433_630_generated
3918_a88b_0000_1607209444_631_generated
44d8_3918_0000_1607209453_632_generated
ad63_44d8_0000_1607209459_633_generated
6b47_ad63_0000_1607209465_634_generated
ede3_6b47_0000_1607209471_635_generated
c275_ede3_0000_1607209476_636_generated
c2c9_c275_0000_1607209482_637_generated
eca5_3918_0000_1607209483_632_received
b6bd_c2c9_0000_1607209507_638_generated
bf0d_b6bd_0000_1607209514_639_generated
c53b_bf0d_0000_1607209521_640_generated
4429_c53b_0000_1607209533_641_generated
89c2_4429_0000_1607209545_642_generated
d913_89c2_0000_1607209553_643_generated
1731_d913_0000_1607209559_644_generated
6be1_1731_0000_1607209563_645_generated
27aa_6be1_0000_1607209567_646_generated
bb98_27aa_0000_1607209572_647_generated
86f1_bb98_0000_1607209586_648_generated
04b4_86f1_0000_1607209593_649_generated
72ed_04b4_0000_1607209601_650_generated
86c5_72ed_0000_1607209608_651_generated
e971_86c5_0000_1607209615_652_generated
d820_bb98_0000_1607209614_648_received
ff46_e971_0000_1607209637_653_generated
441a_ff46_0000_1607209647_654_generated
1504_d820_0000_1607209628_649_received
3daa_441a_0000_1607209672_655_generated
70a6_3daa_0000_1607209679_656_generated
8a33_70a6_0000_1607209689_657_generated
758c_8a33_0000_1607209699_658_generated
f9b7_758c_0000_1607209703_659_generated
806e_f9b7_0000_1607209709_660_generated
6948_806e_0000_1607209717_661_generated
ec4b_6948_0000_1607209720_662_generated
8cb9_ec4b_0000_1607209732_663_generated
3bb1_8cb9_0000_1607209745_664_generated
0da4_3bb1_0000_1607209753_665_generated
2c0d_0da4_0000_1607209760_666_generated
5d46_2c0d_0000_1607209766_667_generated
2779_5d46_0000_1607209772_668_generated
ec34_2779_0000_1607209779_669_generated
0cbe_ec34_0000_1607209787_670_generated
56b4_0cbe_0000_1607209795_671_generated
e989_56b4_0000_1607209814_672_generated
b4ea_e989_0000_1607209821_673_generated
88b8_b4ea_0000_1607209830_674_generated
e793_88b8_0000_1607209841_675_generated
f3bb_e793_0000_1607209849_676_generated
0fd8_f3bb_0000_1607209855_677_generated
c7e2_0fd8_0000_1607209862_678_generated
f984_c7e2_0000_1607209868_679_generated
eb1f_f984_0000_1607209874_680_generated
26e4_eb1f_0000_1607209893_681_generated
29d8_26e4_0000_1607209902_682_generated
e388_29d8_0000_1607209907_683_generated
e38c_e388_0000_1607209930_684_generated
e77e_e38c_0000_1607209936_685_generated
583d_e77e_0000_1607209959_686_generated
d00c_583d_0000_1607209968_687_generated
28e7_d00c_0000_1607209977_688_generated
53e3_e77e_0000_1607209977_686_received
7045_28e7_0000_1607209996_689_generated
9343_7045_0000_1607210001_690_generated
afd7_9343_0000_1607210009_691_generated
4377_afd7_0000_1607210016_692_generated
e515_4377_0000_1607210023_693_generated
fa43_e515_0000_1607210030_694_generated
2afc_fa43_0000_1607210036_695_generated
20a3_2afc_0000_1607210043_696_generated
5ac7_20a3_0000_1607210051_697_generated
04fa_5ac7_0000_1607210056_698_generated
267c_04fa_0000_1607210065_699_generated
8df1_267c_0000_1607210073_700_generated
2921_8df1_0000_1607210082_701_generated
2405_2921_0000_1607210091_702_generated
c758_2405_0000_1607210102_703_generated
6512_c758_0000_1607210108_704_generated
2b7c_6512_0000_1607210117_705_generated
8d71_2b7c_0000_1607210127_706_generated
da40_8d71_0000_1607210135_707_generated
6ef5_da40_0000_1607210141_708_generated
9b7c_6ef5_0000_1607210147_709_generated
abfe_9b7c_0000_1607210154_710_generated
0fe5_4377_0000_1607210069_693_received
3ba4_abfe_0000_1607210161_711_generated
b069_3ba4_0000_1607210163_712_generated
677d_b069_0000_1607210176_713_generated
9353_677d_0000_1607210181_714_generated
08f2_9353_0000_1607210183_715_generated
d7e5_08f2_0000_1607210188_716_generated
823b_d7e5_0000_1607210189_717_generated
18d7_823b_0000_1607210192_718_generated
956e_18d7_0000_1607210202_719_generated
b589_956e_0000_1607210209_720_generated
c50b_b589_0000_1607210224_721_generated
9c1f_c50b_0000_1607210228_722_generated
82bd_9c1f_0000_1607210241_723_generated
a232_82bd_0000_1607210254_724_generated
0ccf_a232_0000_1607210256_725_generated
bbaf_0ccf_0000_1607210265_726_generated
8f99_bbaf_0000_1607210267_727_generated
d93d_8f99_0000_1607210282_728_generated
e9d4_d93d_0000_1607210283_729_generated
da56_e9d4_0000_1607210288_730_generated
bc2b_da56_0000_1607210299_731_generated
70a2_bc2b_0000_1607210300_732_generated
28ce_70a2_0000_1607210301_733_generated
5033_28ce_0000_1607210308_734_generated
f525_5033_0000_1607210309_735_generated
c7a7_f525_0000_1607210319_736_generated
4027_c7a7_0000_1607210340_737_generated
2df7_4027_0000_1607210352_738_generated
2fe4_2df7_0000_1607210355_739_generated
d2fb_4027_0000_1607210353_738_received
c151_2fe4_0000_1607210358_740_generated
5c95_c151_0000_1607210359_741_generated
d297_5c95_0000_1607210363_742_generated
313c_d297_0000_1607210371_743_generated
12b5_313c_0000_1607210387_744_generated
3882_12b5_0000_1607210394_745_generated
9881_3882_0000_1607210404_746_generated
15f0_9881_0000_1607210407_747_generated
4455_15f0_0000_1607210440_748_generated
671f_15f0_0000_1607210441_748_received
e5f0_4455_0000_1607210448_749_generated
2c5d_e5f0_0000_1607210455_750_generated
f8c9_2c5d_0000_1607210456_751_generated
d378_f8c9_0000_1607210458_752_generated
6540_d378_0000_1607210460_753_generated
0a69_6540_0000_1607210463_754_generated
99f4_0a69_0000_1607210466_755_generated
a956_99f4_0000_1607210468_756_generated
79df_a956_0000_1607210478_757_generated
5cec_79df_0000_1607210497_758_generated
77df_5cec_0000_1607210498_759_generated
8cc4_77df_0000_1607210503_760_generated
512b_8cc4_0000_1607210504_761_generated
8a91_512b_0000_1607210511_762_generated
57f9_8a91_0000_1607210521_763_generated
9862_57f9_0000_1607210524_764_generated
990d_9862_0000_1607210529_765_generated
3df1_990d_0000_1607210533_766_generated
c4af_3df1_0000_1607210534_767_generated
4843_c4af_0000_1607210535_768_generated
2ed4_4843_0000_1607210537_769_generated
3ece_2ed4_0000_1607210539_770_generated
788e_3ece_0000_1607210547_771_generated
bef1_788e_0000_1607210555_772_generated
d01c_bef1_0000_1607210567_773_generated
9296_d01c_0000_1607210571_774_generated
6987_9296_0000_1607210573_775_generated
d898_6987_0000_1607210576_776_generated
1fb4_d898_0000_1607210577_777_generated
39e5_1fb4_0000_1607210578_778_generated
e153_39e5_0000_1607210585_779_generated
a723_e153_0000_1607210594_780_generated
2f52_a723_0000_1607210595_781_generated
01e7_2f52_0000_1607210596_782_generated
93b3_01e7_0000_1607210598_783_generated
a9f0_93b3_0000_1607210601_784_generated
7af2_a9f0_0000_1607210606_785_generated
5a4e_7af2_0000_1607210610_786_generated
41b6_5a4e_0000_1607210613_787_generated
f377_41b6_0000_1607210614_788_generated
bd99_f377_0000_1607210615_789_generated
d73e_bd99_0000_1607210622_790_generated
2bac_d73e_0000_1607210629_791_generated
2e90_2bac_0000_1607210631_792_generated
2e1a_2e90_0000_1607210644_793_generated
52f1_2e1a_0000_1607210645_794_generated
8483_52f1_0000_1607210660_795_generated
a5e6_8483_0000_1607210662_796_generated
9e06_a5e6_0000_1607210667_797_generated
7f42_9e06_0000_1607210671_798_generated
e82b_7f42_0000_1607210676_799_generated
9c62_e82b_0000_1607210683_800_generated
b5b7_e82b_0000_1607210684_800_received
6a11_9c62_0000_1607210700_801_generated
b7f7_6a11_0000_1607210701_802_generated
4d80_b7f7_0000_1607210705_803_generated
ae2b_4d80_0000_1607210728_804_generated
fc7e_ae2b_0000_1607210740_805_generated
6b64_fc7e_0000_1607210742_806_generated
e0c6_6b64_0000_1607210744_807_generated
3ae8_ae2b_0000_1607210742_805_received
f96b_e0c6_0000_1607210749_808_generated
bc9c_f96b_0000_1607210756_809_generated
77ff_bc9c_0000_1607210758_810_generated
bb00_77ff_0000_1607210766_811_generated
e2a5_bb00_0000_1607210769_812_generated
0da7_e2a5_0000_1607210773_813_generated
2236_0da7_0000_1607210785_814_generated
cdbe_2236_0000_1607210789_815_generated
05e9_cdbe_0000_1607210805_816_generated
11b6_05e9_0000_1607210807_817_generated
013e_cdbe_0000_1607210806_816_received
8c9d_11b6_0000_1607210811_818_generated
b185_8c9d_0000_1607210815_819_generated
b958_b185_0000_1607210817_820_generated
094f_b958_0000_1607210832_821_generated
3cd8_094f_0000_1607210858_822_generated
25b7_3cd8_0000_1607210859_823_generated
d65b_25b7_0000_1607210863_824_generated
f879_d65b_0000_1607210875_825_generated
4e30_f879_0000_1607210883_826_generated
70f7_4e30_0000_1607210888_827_generated
0aab_70f7_0000_1607210899_828_generated
1fe2_0aab_0000_1607210902_829_generated
7a24_1fe2_0000_1607210904_830_generated
d223_7a24_0000_1607210910_831_generated
5f9f_d223_0000_1607210919_832_generated
7b56_5f9f_0000_1607210920_833_generated
0c31_7b56_0000_1607210926_834_generated
a0ab_0c31_0000_1607210929_835_generated
2329_a0ab_0000_1607210936_836_generated
6a9a_2329_0000_1607210939_837_generated
6b54_6a9a_0000_1607210947_838_generated
4aea_6b54_0000_1607210954_839_generated
03f1_4aea_0000_1607210957_840_generated
21ad_03f1_0000_1607210962_841_generated
7229_21ad_0000_1607210969_842_generated
6552_7229_0000_1607210977_843_generated
34c0_6552_0000_1607210985_844_generated
1562_6552_0000_1607210986_844_received
2a87_34c0_0000_1607211008_845_generated
e2ae_2a87_0000_1607211044_846_generated
a9f6_e2ae_0000_1607211051_847_generated
1893_a9f6_0000_1607211052_848_generated
ec4a_1893_0000_1607211060_849_generated
2904_ec4a_0000_1607211062_850_generated
5130_2904_0000_1607211064_851_generated
d2d6_1893_0000_1607211062_849_received
6bc7_5130_0000_1607211067_852_generated
7354_6bc7_0000_1607211069_853_generated
759d_7354_0000_1607211072_854_generated
0660_759d_0000_1607211081_855_generated
7588_0660_0000_1607211085_856_generated
7857_7588_0000_1607211086_857_generated
7215_7857_0000_1607211087_858_generated
5311_7215_0000_1607211090_859_generated
7cc6_5311_0000_1607211092_860_generated
7175_7cc6_0000_1607211094_861_generated
37ae_7175_0000_1607211098_862_generated
578c_37ae_0000_1607211102_863_generated
9c2f_578c_0000_1607211115_864_generated
2837_9c2f_0000_1607211121_865_generated
60eb_2837_0000_1607211123_866_generated
4016_60eb_0000_1607211124_867_generated
7886_4016_0000_1607211127_868_generated
3496_7886_0000_1607211134_869_generated
d3a0_3496_0000_1607211147_870_generated
b2cc_d3a0_0000_1607211149_871_generated
4c1f_b2cc_0000_1607211155_872_generated
8458_4c1f_0000_1607211166_873_generated
343e_8458_0000_1607211174_874_generated
246e_343e_0000_1607211183_875_generated
e163_246e_0000_1607211200_876_generated
47d1_e163_0000_1607211201_877_generated
7965_47d1_0000_1607211209_878_generated
dc03_7965_0000_1607211225_879_generated
dbe9_dc03_0000_1607211227_880_generated
5712_dbe9_0000_1607211233_881_generated
397e_5712_0000_1607211235_882_generated
cbdf_397e_0000_1607211242_883_generated
3177_cbdf_0000_1607211246_884_generated
191d_cbdf_0000_1607211247_884_received
61b7_3177_0000_1607211270_885_generated
ae9c_61b7_0000_1607211272_886_generated
dea6_ae9c_0000_1607211277_887_generated
f6b3_ae9c_0000_1607211278_887_received
7e4b_dea6_0000_1607211284_888_generated
d741_7e4b_0000_1607211287_889_generated
3f05_d741_0000_1607211289_890_generated
25eb_3f05_0000_1607211290_891_generated
55e8_25eb_0000_1607211303_892_generated
4d2a_55e8_0000_1607211305_893_generated
11d0_4d2a_0000_1607211317_894_generated
03ff_11d0_0000_1607211321_895_generated
ea15_03ff_0000_1607211348_896_generated
b9b0_ea15_0000_1607211350_897_generated
947a_b9b0_0000_1607211353_898_generated
077e_947a_0000_1607211358_899_generated
03fb_077e_0000_1607211361_900_generated
3fce_03fb_0000_1607211364_901_generated
4bc6_3fce_0000_1607211367_902_generated
e543_4bc6_0000_1607211371_903_generated
2f9d_e543_0000_1607211378_904_generated
c76d_2f9d_0000_1607211390_905_generated
8b4d_c76d_0000_1607211412_906_generated
b452_8b4d_0000_1607211416_907_generated
16b0_b452_0000_1607211418_908_generated
42be_8b4d_0000_1607211419_907_received
9fd3_16b0_0000_1607211427_909_generated
1f89_9fd3_0000_1607211431_910_generated
be06_1f89_0000_1607211437_911_generated
6ff7_be06_0000_1607211439_912_generated
8fbe_6ff7_0000_1607211450_913_generated
5af8_8fbe_0000_1607211454_914_generated
69c4_5af8_0000_1607211467_915_generated
003c_69c4_0000_1607211473_916_generated
bf4f_003c_0000_1607211479_917_generated
09c9_bf4f_0000_1607211481_918_generated
5e18_09c9_0000_1607211488_919_generated
8fa5_5e18_0000_1607211497_920_generated
b336_8fa5_0000_1607211499_921_generated
bf0a_b336_0000_1607211504_922_generated
b789_bf0a_0000_1607211511_923_generated
8b7b_b789_0000_1607211512_924_generated
506e_8b7b_0000_1607211522_925_generated
c59b_506e_0000_1607211533_926_generated
ad1c_c59b_0000_1607211535_927_generated
0c39_ad1c_0000_1607211552_928_generated
cb83_0c39_0000_1607211558_929_generated
7b07_cb83_0000_1607211561_930_generated
d4eb_7b07_0000_1607211563_931_generated
1f79_d4eb_0000_1607211573_932_generated
f76d_1f79_0000_1607211578_933_generated
63da_f76d_0000_1607211580_934_generated
3688_63da_0000_1607211584_935_generated
6d09_3688_0000_1607211590_936_generated
88a3_63da_0000_1607211587_935_received
5722_88a3_0000_1607211594_936_received
cf56_6d09_0000_1607211599_937_generated
7ae7_cf56_0000_1607211604_938_generated
090c_7ae7_0000_1607211615_939_generated
522e_090c_0000_1607211620_940_generated
32b3_522e_0000_1607211622_941_generated
145b_32b3_0000_1607211626_942_generated
06f3_145b_0000_1607211630_943_generated
a07b_06f3_0000_1607211634_944_generated
8035_a07b_0000_1607211636_945_generated
38e1_06f3_0000_1607211636_944_received
44c8_8035_0000_1607211643_946_generated
12f2_44c8_0000_1607211651_947_generated
4812_12f2_0000_1607211652_948_generated
02b2_4812_0000_1607211658_949_generated
3838_02b2_0000_1607211660_950_generated
276d_3838_0000_1607211662_951_generated
e592_276d_0000_1607211677_952_generated
8fa0_e592_0000_1607211679_953_generated
a354_8fa0_0000_1607211681_954_generated
e8fd_a354_0000_1607211698_955_generated
dd3e_e8fd_0000_1607211699_956_generated
b3a3_dd3e_0000_1607211710_957_generated
e65e_b3a3_0000_1607211720_958_generated
ae42_e65e_0000_1607211724_959_generated
2c86_ae42_0000_1607211744_960_generated
3a0a_2c86_0000_1607211760_961_generated
1601_3a0a_0000_1607211764_962_generated
f5ba_1601_0000_1607211766_963_generated
b19d_f5ba_0000_1607211780_964_generated
66ae_b19d_0000_1607211800_965_generated
1038_66ae_0000_1607211802_966_generated
7172_1038_0000_1607211808_967_generated
2255_7172_0000_1607211813_968_generated
0b51_2255_0000_1607211822_969_generated
8cc3_2255_0000_1607211825_969_received
24d5_0b51_0000_1607211830_970_generated
80af_24d5_0000_1607211832_971_generated
1c7f_80af_0000_1607211840_972_generated
ba02_1c7f_0000_1607211845_973_generated
cb43_ba02_0000_1607211847_974_generated
e289_1c7f_0000_1607211846_973_received
bf5a_cb43_0000_1607211851_975_generated
4775_bf5a_0000_1607211862_976_generated
7ec7_bf5a_0000_1607211864_976_received
1444_4775_0000_1607211871_977_generated
e4ce_1444_0000_1607211874_978_generated
ea0f_e4ce_0000_1607211877_979_generated
4ffb_ea0f_0000_1607211882_980_generated
ef05_4ffb_0000_1607211887_981_generated
dc1d_ef05_0000_1607211895_982_generated
2812_dc1d_0000_1607211902_983_generated
c3d7_dc1d_0000_1607211903_983_received
aea2_2812_0000_1607211912_984_generated
2c51_aea2_0000_1607211932_985_generated
0856_2c51_0000_1607211954_986_generated
7c22_0856_0000_1607211961_987_generated
9eb2_7c22_0000_1607211963_988_generated
2fe3_9eb2_0000_1607211976_989_generated
5a81_2fe3_0000_1607211982_990_generated
4553_5a81_0000_1607211985_991_generated
0358_4553_0000_1607211987_992_generated
84f0_0358_0000_1607211993_993_generated
ada5_84f0_0000_1607212000_994_generated
1bf9_ada5_0000_1607212020_995_generated
1276_1bf9_0000_1607212022_996_generated
7652_1276_0000_1607212025_997_generated
f1ca_7652_0000_1607212028_998_generated
74f4_f1ca_0000_1607212030_999_generated
7aef_74f4_0000_1607212034_1000_generated
520c_7aef_0000_1607212042_1001_generated
9c8e_520c_0000_1607212044_1002_generated
df45_9c8e_0000_1607212048_1003_generated
cb99_df45_0000_1607212057_1004_generated
a6db_9c8e_0000_1607212052_1003_received
f1e9_cb99_0000_1607212061_1005_generated
d766_f1e9_0000_1607212072_1006_generated
299f_f1e9_0000_1607212073_1006_received
53e4_d766_0000_1607212081_1007_generated
a0d0_299f_0000_1607212079_1007_received
fbba_53e4_0000_1607212086_1008_generated
f708_fbba_0000_1607212090_1009_generated
3349_f708_0000_1607212091_1010_generated
8c1a_3349_0000_1607212102_1011_generated
ea70_8c1a_0000_1607212104_1012_generated
d9f8_ea70_0000_1607212106_1013_generated
00d4_d9f8_0000_1607212109_1014_generated
bdbe_00d4_0000_1607212112_1015_generated
6e68_bdbe_0000_1607212118_1016_generated
c695_6e68_0000_1607212128_1017_generated
899e_c695_0000_1607212130_1018_generated
641e_899e_0000_1607212143_1019_generated
260d_641e_0000_1607212156_1020_generated
4c29_260d_0000_1607212163_1021_generated
00f0_4c29_0000_1607212165_1022_generated
d443_00f0_0000_1607212172_1023_generated
6e29_d443_0000_1607212175_1024_generated
919b_00f0_0000_1607212173_1023_received
fdc4_6e29_0000_1607212184_1025_generated
f722_6e29_0000_1607212186_1025_received
0fc2_fdc4_0000_1607212192_1026_generated
9896_0fc2_0000_1607212196_1027_generated
8040_9896_0000_1607212198_1028_generated
2c4f_8040_0000_1607212204_1029_generated
7ee4_2c4f_0000_1607212207_1030_generated
0532_7ee4_0000_1607212211_1031_generated
4867_0532_0000_1607212214_1032_generated
a6a5_4867_0000_1607212216_1033_generated
1675_a6a5_0000_1607212228_1034_generated
5ae9_a6a5_0000_1607212226_1034_received
0341_1675_0000_1607212239_1035_generated
9e7e_0341_0000_1607212244_1036_generated
81d4_9e7e_0000_1607212246_1037_generated
e418_81d4_0000_1607212253_1038_generated
50eb_e418_0000_1607212255_1039_generated
46f3_50eb_0000_1607212263_1040_generated
c5a4_46f3_0000_1607212265_1041_generated
ec68_c5a4_0000_1607212273_1042_generated
846a_ec68_0000_1607212287_1043_generated
f9be_846a_0000_1607212297_1044_generated
6a40_f9be_0000_1607212320_1045_generated
515f_6a40_0000_1607212323_1046_generated
c26c_515f_0000_1607212328_1047_generated
e6e4_c26c_0000_1607212331_1048_generated
04ae_e6e4_0000_1607212334_1049_generated
4e3f_04ae_0000_1607212338_1050_generated
ef54_4e3f_0000_1607212342_1051_generated
be82_ef54_0000_1607212345_1052_generated
cfc4_be82_0000_1607212364_1053_generated
e870_cfc4_0000_1607212369_1054_generated
310c_e870_0000_1607212382_1055_generated
dc91_310c_0000_1607212402_1056_generated
bcdd_dc91_0000_1607212406_1057_generated
ea4a_bcdd_0000_1607212409_1058_generated
f185_ea4a_0000_1607212422_1059_generated
90ee_f185_0000_1607212438_1060_generated
7674_90ee_0000_1607212444_1061_generated
e52d_7674_0000_1607212446_1062_generated
3e92_e52d_0000_1607212456_1063_generated
6407_3e92_0000_1607212458_1064_generated
63a3_6407_0000_1607212465_1065_generated
dd93_63a3_0000_1607212492_1066_generated
8f56_dd93_0000_1607212507_1067_generated
4f5d_8f56_0000_1607212509_1068_generated
145f_4f5d_0000_1607212520_1069_generated
55c1_145f_0000_1607212525_1070_generated
22b3_55c1_0000_1607212529_1071_generated
557f_22b3_0000_1607212536_1072_generated
e1a5_557f_0000_1607212549_1073_generated
2a34_e1a5_0000_1607212552_1074_generated
b10d_2a34_0000_1607212555_1075_generated
74b1_557f_0000_1607212551_1073_received
d69e_b10d_0000_1607212568_1076_generated
9f1a_d69e_0000_1607212583_1077_generated
e992_9f1a_0000_1607212587_1078_generated
d58e_e992_0000_1607212596_1079_generated
529d_d58e_0000_1607212598_1080_generated
1403_529d_0000_1607212602_1081_generated
aeef_1403_0000_1607212606_1082_generated
fa18_aeef_0000_1607212609_1083_generated
b79e_fa18_0000_1607212615_1084_generated
86d1_b79e_0000_1607212618_1085_generated
fb3b_86d1_0000_1607212629_1086_generated
8426_fb3b_0000_1607212633_1087_generated
c0da_8426_0000_1607212641_1088_generated
7f0f_c0da_0000_1607212644_1089_generated
186d_7f0f_0000_1607212646_1090_generated
c1e0_8426_0000_1607212642_1088_received
7862_186d_0000_1607212652_1091_generated
98e8_7862_0000_1607212656_1092_generated
f876_98e8_0000_1607212660_1093_generated
3b8e_f876_0000_1607212664_1094_generated
68de_3b8e_0000_1607212670_1095_generated
14cc_68de_0000_1607212673_1096_generated
a577_14cc_0000_1607212677_1097_generated
6867_a577_0000_1607212706_1098_generated
ce19_6867_0000_1607212708_1099_generated
b0a9_ce19_0000_1607212710_1100_generated
1956_b0a9_0000_1607212712_1101_generated
5909_1956_0000_1607212715_1102_generated
44fb_5909_0000_1607212719_1103_generated
3f4d_44fb_0000_1607212728_1104_generated
21a5_3f4d_0000_1607212738_1105_generated
7b86_21a5_0000_1607212743_1106_generated
2934_7b86_0000_1607212746_1107_generated
c6ca_2934_0000_1607212750_1108_generated
8a6f_c6ca_0000_1607212753_1109_generated
0b5f_8a6f_0000_1607212757_1110_generated
3a6d_0b5f_0000_1607212766_1111_generated
8251_3a6d_0000_1607212768_1112_generated
53f1_8251_0000_1607212774_1113_generated
a0f3_53f1_0000_1607212777_1114_generated
ea94_a0f3_0000_1607212785_1115_generated
3f91_ea94_0000_1607212794_1116_generated
dcf2_3f91_0000_1607212797_1117_generated
2060_dcf2_0000_1607212802_1118_generated
e595_2060_0000_1607212807_1119_generated
39f1_e595_0000_1607212812_1120_generated
5e45_39f1_0000_1607212816_1121_generated
bf56_5e45_0000_1607212818_1122_generated
6fd5_bf56_0000_1607212835_1123_generated
835e_bf56_0000_1607212836_1123_received
389d_6fd5_0000_1607212853_1124_generated
9851_389d_0000_1607212855_1125_generated
017d_9851_0000_1607212858_1126_generated
a190_835e_0000_1607212856_1124_received
eb66_a190_0000_1607212861_1125_received
d0c7_017d_0000_1607212876_1127_generated
72b0_d0c7_0000_1607212878_1128_generated
b332_72b0_0000_1607212880_1129_generated
52eb_b332_0000_1607212883_1130_generated
b3ea_52eb_0000_1607212886_1131_generated
3e28_b3ea_0000_1607212898_1132_generated
5e50_3e28_0000_1607212901_1133_generated
eb3f_5e50_0000_1607212905_1134_generated
dc8d_eb3f_0000_1607212909_1135_generated
9821_b3ea_0000_1607212901_1132_received
bb3a_dc8d_0000_1607212923_1136_generated
2be1_bb3a_0000_1607212928_1137_generated
7b90_2be1_0000_1607212935_1138_generated
1e53_7b90_0000_1607212941_1139_generated
b14c_1e53_0000_1607212943_1140_generated
8ffb_b14c_0000_1607212948_1141_generated
3e19_8ffb_0000_1607212952_1142_generated
2281_3e19_0000_1607212965_1143_generated
9d33_2281_0000_1607212979_1144_generated
d6f5_9d33_0000_1607212982_1145_generated
2cd4_d6f5_0000_1607212984_1146_generated
5b88_2cd4_0000_1607212989_1147_generated
8ed9_5b88_0000_1607212996_1148_generated
94fe_8ed9_0000_1607213000_1149_generated
851b_94fe_0000_1607213002_1150_generated
be97_851b_0000_1607213005_1151_generated
e80f_be97_0000_1607213008_1152_generated
f4e9_e80f_0000_1607213011_1153_generated
8cfd_f4e9_0000_1607213045_1154_generated
4526_8cfd_0000_1607213049_1155_generated
622f_4526_0000_1607213061_1156_generated
3ba5_622f_0000_1607213067_1157_generated
0890_3ba5_0000_1607213072_1158_generated
3732_0890_0000_1607213075_1159_generated
0907_3732_0000_1607213077_1160_generated
2ca9_0907_0000_1607213080_1161_generated
4311_2ca9_0000_1607213086_1162_generated
a250_4311_0000_1607213090_1163_generated
97a1_3ba5_0000_1607213083_1158_received
3fc6_a250_0000_1607213110_1164_generated
61f0_3fc6_0000_1607213114_1165_generated
9b80_61f0_0000_1607213122_1166_generated
fc5d_9b80_0000_1607213124_1167_generated
7860_fc5d_0000_1607213127_1168_generated
ea5c_7860_0000_1607213130_1169_generated
20ee_ea5c_0000_1607213136_1170_generated
f5ec_20ee_0000_1607213143_1171_generated
6c3d_f5ec_0000_1607213147_1172_generated
4a36_6c3d_0000_1607213150_1173_generated
d255_4a36_0000_1607213161_1174_generated
7ad4_20ee_0000_1607213151_1171_received
c1f9_d255_0000_1607213168_1175_generated
8ae7_c1f9_0000_1607213171_1176_generated
5386_8ae7_0000_1607213175_1177_generated
a5e8_5386_0000_1607213182_1178_generated
1ecc_a5e8_0000_1607213187_1179_generated
119b_d255_0000_1607213176_1175_received
00e6_1ecc_0000_1607213193_1180_generated
3c6e_00e6_0000_1607213199_1181_generated
75f1_3c6e_0000_1607213208_1182_generated
7b16_75f1_0000_1607213211_1183_generated
92d2_7b16_0000_1607213249_1184_generated
f925_92d2_0000_1607213252_1185_generated
53cd_f925_0000_1607213254_1186_generated
918f_53cd_0000_1607213257_1187_generated
31f9_918f_0000_1607213260_1188_generated
7df3_31f9_0000_1607213266_1189_generated
feff_7df3_0000_1607213304_1190_generated
e677_feff_0000_1607213306_1191_generated
e775_e677_0000_1607213309_1192_generated
6335_e775_0000_1607213311_1193_generated
19f5_6335_0000_1607213314_1194_generated
7baf_19f5_0000_1607213333_1195_generated
3bac_7baf_0000_1607213341_1196_generated
d53c_3bac_0000_1607213344_1197_generated
498d_d53c_0000_1607213346_1198_generated
1970_498d_0000_1607213364_1199_generated
b1f1_1970_0000_1607213366_1200_generated
5a2f_b1f1_0000_1607213372_1201_generated
8c6f_5a2f_0000_1607213379_1202_generated
d0e7_8c6f_0000_1607213385_1203_generated
a1d6_d0e7_0000_1607213389_1204_generated
7a1f_a1d6_0000_1607213400_1205_generated
5efd_7a1f_0000_1607213406_1206_generated
1d34_5efd_0000_1607213409_1207_generated
3ea3_1d34_0000_1607213414_1208_generated
0664_3ea3_0000_1607213419_1209_generated
5b6b_0664_0000_1607213424_1210_generated
12ec_5b6b_0000_1607213429_1211_generated
bf55_12ec_0000_1607213433_1212_generated
9dfb_bf55_0000_1607213436_1213_generated
80e2_9dfb_0000_1607213440_1214_generated
40e7_0664_0000_1607213437_1210_received
52d9_80e2_0000_1607213452_1215_generated
7d02_52d9_0000_1607213457_1216_generated
79c4_7d02_0000_1607213465_1217_generated
fb4b_79c4_0000_1607213470_1218_generated
65a2_fb4b_0000_1607213473_1219_generated
9ce8_65a2_0000_1607213481_1220_generated
5626_9ce8_0000_1607213489_1221_generated
79bc_5626_0000_1607213498_1222_generated
2527_79bc_0000_1607213501_1223_generated
4832_2527_0000_1607213504_1224_generated
0dcd_4832_0000_1607213507_1225_generated
f2ce_0dcd_0000_1607213518_1226_generated
cf01_f2ce_0000_1607213526_1227_generated
c97b_cf01_0000_1607213531_1228_generated
4e84_f2ce_0000_1607213530_1227_received
d00b_c97b_0000_1607213552_1229_generated
48b1_d00b_0000_1607213555_1230_generated
6ae0_48b1_0000_1607213560_1231_generated
0f1f_6ae0_0000_1607213562_1232_generated
bf1f_0f1f_0000_1607213565_1233_generated
29de_bf1f_0000_1607213568_1234_generated
3dcf_29de_0000_1607213577_1235_generated
6af1_3dcf_0000_1607213601_1236_generated
85cc_6af1_0000_1607213606_1237_generated
fbe9_85cc_0000_1607213610_1238_generated
af4a_fbe9_0000_1607213626_1239_generated
caf2_af4a_0000_1607213634_1240_generated
eede_caf2_0000_1607213638_1241_generated
aa58_af4a_0000_1607213635_1240_received
c47e_eede_0000_1607213644_1242_generated
7e95_c47e_0000_1607213661_1243_generated
10f8_7e95_0000_1607213669_1244_generated
2295_10f8_0000_1607213681_1245_generated
645b_2295_0000_1607213685_1246_generated
2903_645b_0000_1607213694_1247_generated
6939_2903_0000_1607213703_1248_generated
bc2e_6939_0000_1607213708_1249_generated
89be_bc2e_0000_1607213712_1250_generated
0cfd_89be_0000_1607213723_1251_generated
1a4c_0cfd_0000_1607213727_1252_generated
d07f_1a4c_0000_1607213731_1253_generated
cfd6_d07f_0000_1607213734_1254_generated
e639_cfd6_0000_1607213748_1255_generated
5f60_e639_0000_1607213751_1256_generated
ce91_5f60_0000_1607213758_1257_generated
2f85_ce91_0000_1607213762_1258_generated
7871_2f85_0000_1607213765_1259_generated
3cb1_7871_0000_1607213774_1260_generated
5664_ce91_0000_1607213770_1258_received
3945_3cb1_0000_1607213788_1261_generated
8704_3cb1_0000_1607213786_1261_received
67a7_3945_0000_1607213805_1262_generated
8832_67a7_0000_1607213808_1263_generated
f965_8832_0000_1607213811_1264_generated
1b6c_f965_0000_1607213813_1265_generated
bc89_1b6c_0000_1607213818_1266_generated
7ec4_bc89_0000_1607213823_1267_generated
1b78_7ec4_0000_1607213828_1268_generated
9f4d_1b78_0000_1607213834_1269_generated
fecd_9f4d_0000_1607213839_1270_generated
c8f6_fecd_0000_1607213843_1271_generated
80b5_c8f6_0000_1607213848_1272_generated
d824_80b5_0000_1607213851_1273_generated
3828_7ec4_0000_1607213850_1268_received
ec89_d824_0000_1607213863_1274_generated
dfc9_ec89_0000_1607213868_1275_generated
5a6a_dfc9_0000_1607213872_1276_generated
2720_5a6a_0000_1607213877_1277_generated
216a_2720_0000_1607213931_1278_generated
659b_216a_0000_1607213935_1279_generated
40b0_659b_0000_1607213938_1280_generated
e998_40b0_0000_1607213948_1281_generated
13cd_e998_0000_1607213952_1282_generated
1c87_13cd_0000_1607213962_1283_generated
6cb5_1c87_0000_1607213965_1284_generated
9310_6cb5_0000_1607213968_1285_generated
a027_9310_0000_1607213987_1286_generated
c2ac_a027_0000_1607213990_1287_generated
c0fe_c2ac_0000_1607214002_1288_generated
1008_9310_0000_1607213994_1286_received
5c69_c0fe_0000_1607214016_1289_generated
454e_c2ac_0000_1607214009_1288_received
c0d6_454e_0000_1607214019_1289_received
2fdc_5c69_0000_1607214034_1290_generated
e9b7_c0d6_0000_1607214029_1290_received
bec7_2fdc_0000_1607214047_1291_generated
8bed_bec7_0000_1607214052_1292_generated
7367_e9b7_0000_1607214047_1291_received
0171_8bed_0000_1607214059_1293_generated
851d_0171_0000_1607214062_1294_generated
1a75_851d_0000_1607214069_1295_generated
37aa_1a75_0000_1607214074_1296_generated
9ce5_37aa_0000_1607214082_1297_generated
a2fe_9ce5_0000_1607214088_1298_generated
59d0_a2fe_0000_1607214093_1299_generated
4b30_59d0_0000_1607214106_1300_generated
d4b2_4b30_0000_1607214110_1301_generated
538a_59d0_0000_1607214108_1300_received
4c41_538a_0000_1607214114_1301_received
dfde_d4b2_0000_1607214152_1302_generated
3e71_dfde_0000_1607214173_1303_generated
0d43_3e71_0000_1607214176_1304_generated
1063_0d43_0000_1607214181_1305_generated
f4c5_1063_0000_1607214187_1306_generated
b58f_f4c5_0000_1607214191_1307_generated
52ec_b58f_0000_1607214195_1308_generated
12a9_0d43_0000_1607214191_1305_received
4ac4_52ec_0000_1607214203_1309_generated
4253_4ac4_0000_1607214206_1310_generated
18e4_4253_0000_1607214209_1311_generated
6a63_18e4_0000_1607214214_1312_generated
2b7e_6a63_0000_1607214220_1313_generated
5985_2b7e_0000_1607214226_1314_generated
3e0a_5985_0000_1607214231_1315_generated
932d_3e0a_0000_1607214237_1316_generated
2199_932d_0000_1607214242_1317_generated
8313_2199_0000_1607214247_1318_generated
dcef_8313_0000_1607214253_1319_generated
a56c_dcef_0000_1607214259_1320_generated
4b1f_a56c_0000_1607214263_1321_generated
fd65_4b1f_0000_1607214269_1322_generated
0ce4_fd65_0000_1607214285_1323_generated
aab7_0ce4_0000_1607214292_1324_generated
102e_aab7_0000_1607214297_1325_generated
6541_102e_0000_1607214302_1326_generated
ca34_6541_0000_1607214308_1327_generated
7260_ca34_0000_1607214318_1328_generated
30be_7260_0000_1607214344_1329_generated
e43f_30be_0000_1607214349_1330_generated
2c90_e43f_0000_1607214355_1331_generated
eaff_2c90_0000_1607214359_1332_generated
100c_eaff_0000_1607214366_1333_generated
41dd_100c_0000_1607214379_1334_generated
2d12_41dd_0000_1607214386_1335_generated
c6aa_2d12_0000_1607214407_1336_generated
2ad5_c6aa_0000_1607214410_1337_generated
57ab_2ad5_0000_1607214413_1338_generated
c280_57ab_0000_1607214420_1339_generated
c732_c280_0000_1607214435_1340_generated
b9c4_c732_0000_1607214439_1341_generated
59f1_c280_0000_1607214436_1340_received
3e97_b9c4_0000_1607214454_1342_generated
626b_3e97_0000_1607214458_1343_generated
c89b_626b_0000_1607214469_1344_generated
cec7_c89b_0000_1607214487_1345_generated
aa70_cec7_0000_1607214490_1346_generated
41ad_aa70_0000_1607214494_1347_generated
9bae_c89b_0000_1607214496_1345_received
4d4e_41ad_0000_1607214522_1348_generated
43f5_4d4e_0000_1607214526_1349_generated
ab66_43f5_0000_1607214529_1350_generated
bec2_ab66_0000_1607214532_1351_generated
e08c_bec2_0000_1607214542_1352_generated
721e_e08c_0000_1607214547_1353_generated
a4aa_721e_0000_1607214553_1354_generated
81e1_a4aa_0000_1607214558_1355_generated
bab4_81e1_0000_1607214561_1356_generated
aea8_bab4_0000_1607214565_1357_generated
c83e_aea8_0000_1607214569_1358_generated
d726_c83e_0000_1607214577_1359_generated
5be3_d726_0000_1607214585_1360_generated
98ea_5be3_0000_1607214592_1361_generated
13b8_98ea_0000_1607214609_1362_generated
0dda_13b8_0000_1607214614_1363_generated
e9e1_0dda_0000_1607214624_1364_generated
bc56_e9e1_0000_1607214629_1365_generated
66dc_bc56_0000_1607214633_1366_generated
2d83_66dc_0000_1607214637_1367_generated
fbae_2d83_0000_1607214643_1368_generated
2861_fbae_0000_1607214649_1369_generated
b674_2861_0000_1607214655_1370_generated
3c85_b674_0000_1607214658_1371_generated
265b_3c85_0000_1607214664_1372_generated
764f_265b_0000_1607214668_1373_generated
8e90_764f_0000_1607214674_1374_generated
aafe_8e90_0000_1607214679_1375_generated
dfc8_aafe_0000_1607214683_1376_generated
35f8_dfc8_0000_1607214694_1377_generated
bfca_35f8_0000_1607214700_1378_generated
ed12_bfca_0000_1607214705_1379_generated
4229_ed12_0000_1607214711_1380_generated
1183_4229_0000_1607214717_1381_generated
3ed0_1183_0000_1607214731_1382_generated
330e_3ed0_0000_1607214737_1383_generated
10a6_330e_0000_1607214744_1384_generated
745d_10a6_0000_1607214753_1385_generated
47ec_745d_0000_1607214758_1386_generated
1dd1_47ec_0000_1607214764_1387_generated
52aa_1dd1_0000_1607214770_1388_generated
efdc_52aa_0000_1607214774_1389_generated
db3a_efdc_0000_1607214777_1390_generated
1c4d_db3a_0000_1607214781_1391_generated
6c28_1c4d_0000_1607214787_1392_generated
e8bf_10a6_0000_1607214781_1385_received
6965_6c28_0000_1607214804_1393_generated
bb45_6965_0000_1607214810_1394_generated
d26e_bb45_0000_1607214815_1395_generated
8874_d26e_0000_1607214821_1396_generated
9bf6_8874_0000_1607214828_1397_generated
c1be_9bf6_0000_1607214836_1398_generated
34c5_c1be_0000_1607214842_1399_generated
5bb3_e8bf_0000_1607214792_1386_received
8de6_34c5_0000_1607214856_1400_generated
3c44_8de6_0000_1607214862_1401_generated
6225_3c44_0000_1607214869_1402_generated
7f8a_6225_0000_1607214883_1403_generated
4bda_7f8a_0000_1607214890_1404_generated
016d_4bda_0000_1607214896_1405_generated
80ce_016d_0000_1607214902_1406_generated
9b0d_6225_0000_1607214899_1403_received
9745_80ce_0000_1607214928_1407_generated
c79a_9745_0000_1607214948_1408_generated
9bcc_c79a_0000_1607214957_1409_generated
1c72_9745_0000_1607214951_1408_received
86d6_9bcc_0000_1607214971_1410_generated
8e4e_86d6_0000_1607214977_1411_generated
354d_8e4e_0000_1607214995_1412_generated
542f_354d_0000_1607214998_1413_generated
0b78_542f_0000_1607215004_1414_generated
b9d5_0b78_0000_1607215010_1415_generated
7bbd_b9d5_0000_1607215017_1416_generated
7475_7bbd_0000_1607215024_1417_generated
a8fe_7475_0000_1607215030_1418_generated
5b0a_a8fe_0000_1607215036_1419_generated
ef7b_b9d5_0000_1607215030_1416_received
4c2b_5b0a_0000_1607215044_1420_generated
d94d_4c2b_0000_1607215050_1421_generated
9e56_d94d_0000_1607215056_1422_generated
5064_9e56_0000_1607215067_1423_generated
c6fc_5064_0000_1607215074_1424_generated
96d7_c6fc_0000_1607215080_1425_generated
59da_96d7_0000_1607215086_1426_generated
993f_59da_0000_1607215090_1427_generated
232f_993f_0000_1607215102_1428_generated
96ea_232f_0000_1607215109_1429_generated
46e9_96ea_0000_1607215116_1430_generated
2e82_46e9_0000_1607215125_1431_generated
f245_2e82_0000_1607215132_1432_generated
467f_f245_0000_1607215138_1433_generated
066e_467f_0000_1607215143_1434_generated
ded5_066e_0000_1607215147_1435_generated
f0a5_ded5_0000_1607215151_1436_generated
587b_f0a5_0000_1607215163_1437_generated
3a38_587b_0000_1607215168_1438_generated
af0b_3a38_0000_1607215183_1439_generated
6fca_46e9_0000_1607215153_1431_received
7d96_af0b_0000_1607215199_1440_generated
18eb_7d96_0000_1607215206_1441_generated
1767_18eb_0000_1607215213_1442_generated
2c8b_1767_0000_1607215220_1443_generated
3de6_2c8b_0000_1607215226_1444_generated
cef7_3de6_0000_1607215230_1445_generated
484a_cef7_0000_1607215240_1446_generated
592d_484a_0000_1607215247_1447_generated
6e92_18eb_0000_1607215231_1442_received
95b8_592d_0000_1607215269_1448_generated
4486_95b8_0000_1607215274_1449_generated
28ba_4486_0000_1607215280_1450_generated
7933_28ba_0000_1607215287_1451_generated
7a5a_7933_0000_1607215301_1452_generated
37b1_7a5a_0000_1607215308_1453_generated
8163_4486_0000_1607215293_1450_received
66c6_37b1_0000_1607215331_1454_generated
4718_66c6_0000_1607215338_1455_generated
85e8_37b1_0000_1607215332_1454_received
95ff_4718_0000_1607215350_1456_generated
fca1_95ff_0000_1607215354_1457_generated
a8dc_fca1_0000_1607215358_1458_generated
cb5e_a8dc_0000_1607215365_1459_generated
ae98_cb5e_0000_1607215369_1460_generated
7b85_4718_0000_1607215369_1456_received
f38c_ae98_0000_1607215403_1461_generated
58e9_7b85_0000_1607215377_1457_received
3a1e_ae98_0000_1607215405_1461_received
54aa_f38c_0000_1607215425_1462_generated
e4bb_54aa_0000_1607215430_1463_generated
dc16_e4bb_0000_1607215443_1464_generated
21b9_dc16_0000_1607215450_1465_generated
d237_e4bb_0000_1607215446_1464_received
11f3_21b9_0000_1607215479_1466_generated
d090_11f3_0000_1607215500_1467_generated
8b27_d090_0000_1607215504_1468_generated
4028_8b27_0000_1607215508_1469_generated
2a35_4028_0000_1607215514_1470_generated
97aa_11f3_0000_1607215509_1467_received
fa8d_2a35_0000_1607215530_1471_generated
27ab_fa8d_0000_1607215538_1472_generated
6040_27ab_0000_1607215549_1473_generated
9856_6040_0000_1607215557_1474_generated
9e7b_9856_0000_1607215562_1475_generated
7284_9e7b_0000_1607215568_1476_generated
ff70_7284_0000_1607215576_1477_generated
70a8_ff70_0000_1607215583_1478_generated
3f43_70a8_0000_1607215590_1479_generated
119e_3f43_0000_1607215594_1480_generated
57a7_119e_0000_1607215600_1481_generated
9b1b_57a7_0000_1607215612_1482_generated
e98c_9b1b_0000_1607215621_1483_generated
a17e_e98c_0000_1607215628_1484_generated
f5c4_a17e_0000_1607215635_1485_generated
5c6c_f5c4_0000_1607215644_1486_generated
192a_5c6c_0000_1607215652_1487_generated
902d_192a_0000_1607215687_1488_generated
b0d3_902d_0000_1607215699_1489_generated
6dc5_b0d3_0000_1607215704_1490_generated
f19e_6dc5_0000_1607215711_1491_generated
1e14_f19e_0000_1607215719_1492_generated
ca1a_1e14_0000_1607215725_1493_generated
a54c_ca1a_0000_1607215729_1494_generated
650a_a54c_0000_1607215738_1495_generated
a0b5_650a_0000_1607215746_1496_generated
09a2_a0b5_0000_1607215753_1497_generated
483f_09a2_0000_1607215760_1498_generated
3a5a_483f_0000_1607215770_1499_generated
6569_3a5a_0000_1607215776_1500_generated
5f4a_6569_0000_1607215784_1501_generated
d1fc_5f4a_0000_1607215792_1502_generated
20b0_d1fc_0000_1607215798_1503_generated
0086_a54c_0000_1607215766_1495_received
6d62_20b0_0000_1607215808_1504_generated
37a6_6d62_0000_1607215832_1505_generated
3ab5_37a6_0000_1607215839_1506_generated
c36c_6d62_0000_1607215844_1505_received
09c5_3ab5_0000_1607215863_1507_generated
7d05_09c5_0000_1607215868_1508_generated
5f9c_7d05_0000_1607215872_1509_generated
0d78_5f9c_0000_1607215877_1510_generated
b9fe_0d78_0000_1607215888_1511_generated
1c6a_b9fe_0000_1607215897_1512_generated
790a_1c6a_0000_1607215905_1513_generated
b7f2_3ab5_0000_1607215879_1507_received
d32b_790a_0000_1607215922_1514_generated
46ed_d32b_0000_1607215932_1515_generated
62c8_46ed_0000_1607215940_1516_generated
001f_62c8_0000_1607215952_1517_generated
bf2e_001f_0000_1607215960_1518_generated
5f5b_d32b_0000_1607215943_1515_received
8404_bf2e_0000_1607215971_1519_generated
9500_8404_0000_1607215979_1520_generated
7631_9500_0000_1607215999_1521_generated
92c2_7631_0000_1607216004_1522_generated
ac2e_92c2_0000_1607216013_1523_generated
1708_9500_0000_1607216004_1521_received
9d16_ac2e_0000_1607216028_1524_generated
7ec2_9d16_0000_1607216035_1525_generated
5ba9_7ec2_0000_1607216041_1526_generated
8250_5ba9_0000_1607216048_1527_generated
6389_8250_0000_1607216056_1528_generated
403c_6389_0000_1607216064_1529_generated
c51a_403c_0000_1607216087_1530_generated
acfc_c51a_0000_1607216092_1531_generated
bbda_acfc_0000_1607216101_1532_generated
01e0_bbda_0000_1607216110_1533_generated
ef3c_01e0_0000_1607216116_1534_generated
ee1f_ef3c_0000_1607216124_1535_generated
de8e_ee1f_0000_1607216132_1536_generated
d31d_de8e_0000_1607216142_1537_generated
e28a_d31d_0000_1607216152_1538_generated
3a88_e28a_0000_1607216161_1539_generated
7128_3a88_0000_1607216167_1540_generated
3c2c_7128_0000_1607216177_1541_generated
6bd2_3c2c_0000_1607216185_1542_generated
5c99_6bd2_0000_1607216194_1543_generated
4926_5c99_0000_1607216201_1544_generated
777b_7128_0000_1607216196_1541_received
3adb_4926_0000_1607216223_1545_generated
393b_3adb_0000_1607216237_1546_generated
95ae_777b_0000_1607216203_1542_received
7bc1_393b_0000_1607216263_1547_generated
6544_7bc1_0000_1607216267_1548_generated
7f73_6544_0000_1607216274_1549_generated
9803_7f73_0000_1607216284_1550_generated
98b5_9803_0000_1607216291_1551_generated
e9ed_98b5_0000_1607216298_1552_generated
cdbd_e9ed_0000_1607216306_1553_generated
1350_7f73_0000_1607216298_1550_received
fdb1_cdbd_0000_1607216322_1554_generated
ed6d_fdb1_0000_1607216333_1555_generated
7507_ed6d_0000_1607216341_1556_generated
9a92_1350_0000_1607216313_1551_received
c0be_7507_0000_1607216357_1557_generated
f32f_c0be_0000_1607216371_1558_generated
c253_f32f_0000_1607216380_1559_generated
9df8_c253_0000_1607216384_1560_generated
618a_9df8_0000_1607216392_1561_generated
e0ad_618a_0000_1607216400_1562_generated
8a42_e0ad_0000_1607216409_1563_generated
440c_8a42_0000_1607216417_1564_generated
6ea8_440c_0000_1607216424_1565_generated
f363_9df8_0000_1607216418_1561_received
2456_6ea8_0000_1607216447_1566_generated
0016_2456_0000_1607216456_1567_generated
cf45_0016_0000_1607216465_1568_generated
d96e_cf45_0000_1607216475_1569_generated
4ebe_d96e_0000_1607216483_1570_generated
7f29_4ebe_0000_1607216492_1571_generated
78ee_7f29_0000_1607216499_1572_generated
71d0_78ee_0000_1607216506_1573_generated
2aa9_71d0_0000_1607216514_1574_generated
07b6_cf45_0000_1607216500_1569_received
7b3b_07b6_0000_1607216508_1570_received
8802_2aa9_0000_1607216543_1575_generated
7d80_8802_0000_1607216554_1576_generated
34ab_7d80_0000_1607216562_1577_generated
c5d3_7b3b_0000_1607216526_1571_received
3320_34ab_0000_1607216588_1578_generated
6bd7_3320_0000_1607216596_1579_generated
f698_6bd7_0000_1607216604_1580_generated
aaac_34ab_0000_1607216594_1578_received
1807_aaac_0000_1607216608_1579_received
5200_f698_0000_1607216625_1581_generated
f0a1_5200_0000_1607216634_1582_generated
7d18_f0a1_0000_1607216643_1583_generated
f46e_7d18_0000_1607216665_1584_generated
48ac_f46e_0000_1607216670_1585_generated
7afc_48ac_0000_1607216680_1586_generated
6e10_7afc_0000_1607216689_1587_generated
6b5a_6e10_0000_1607216699_1588_generated
f70b_6b5a_0000_1607216707_1589_generated
947b_48ac_0000_1607216691_1586_received
e686_f70b_0000_1607216733_1590_generated
6ef0_e686_0000_1607216738_1591_generated
d32a_6ef0_0000_1607216755_1592_generated
9f67_d32a_0000_1607216762_1593_generated
fbe7_9f67_0000_1607216771_1594_generated
c184_6ef0_0000_1607216759_1592_received
8304_fbe7_0000_1607216785_1595_generated
b2bd_c184_0000_1607216778_1593_received
83cb_b2bd_0000_1607216788_1594_received
3a56_8304_0000_1607216813_1596_generated
72b1_3a56_0000_1607216821_1597_generated
a85d_72b1_0000_1607216828_1598_generated
dfdc_8304_0000_1607216825_1596_received
2fa9_a85d_0000_1607216849_1599_generated
eb25_2fa9_0000_1607216859_1600_generated
cdb1_eb25_0000_1607216869_1601_generated
e67f_cdb1_0000_1607216878_1602_generated
8436_e67f_0000_1607216885_1603_generated
32a9_8436_0000_1607216892_1604_generated
af55_32a9_0000_1607216900_1605_generated
91dd_eb25_0000_1607216886_1601_received
9f56_af55_0000_1607216919_1606_generated
