d22f_9e1c_0000_1605006917_1_generated
7499_d22f_0000_1605006918_2_generated
ba69_7499_0000_1605006925_3_received
7125_ba69_0000_1605006943_4_generated
7d04_7125_0000_1605006951_5_generated
42df_7d04_0000_1605006962_6_generated
42c4_42df_0000_1605006969_7_received
5939_42c4_0000_1605006972_8_generated
e078_5939_0000_1605006980_9_received
4ebb_e078_0000_1605007001_10_received
fbf7_4ebb_0000_1605007007_11_generated
9c9a_fbf7_0000_1605007022_12_received
cb36_9c9a_0000_1605007025_13_generated
d7bd_cb36_0000_1605007029_14_received
23e8_d7bd_0000_1605007038_15_generated
bced_23e8_0000_1605007042_16_generated
e34a_bced_0000_1605007047_17_received
0277_e34a_0000_1605007060_18_generated
26c2_0277_0000_1605007074_19_received
5eff_26c2_0000_1605007096_20_generated
e448_5eff_0000_1605007098_21_received
ec5b_e448_0000_1605007103_22_generated
2f82_ec5b_0000_1605007112_23_generated
0fdc_2f82_0000_1605007114_24_generated
efbb_0fdc_0000_1605007137_25_generated
e4fd_efbb_0000_1605007138_26_generated
c787_e4fd_0000_1605007143_27_received
b367_c787_0000_1605007155_28_generated
7eb0_b367_0000_1605007169_29_received
551a_7eb0_0000_1605007171_30_generated
211f_551a_0000_1605007172_31_generated
49df_211f_0000_1605007178_32_generated
161d_49df_0000_1605007187_33_received
274d_161d_0000_1605007199_34_generated
3264_161d_0000_1605007198_34_received
8c82_274d_0000_1605007204_35_generated
74b8_8c82_0000_1605007220_36_generated
5ed7_74b8_0000_1605007238_37_received
4ffd_5ed7_0000_1605007245_38_received
0d63_4ffd_0000_1605007249_39_generated
3f0f_0d63_0000_1605007253_40_received
fc02_3f0f_0000_1605007263_41_received
3e71_fc02_0000_1605007279_42_generated
971c_3e71_0000_1605007280_43_generated
35d9_971c_0000_1605007290_44_received
32ac_35d9_0000_1605007293_45_generated
5fef_32ac_0000_1605007297_46_received
e918_5fef_0000_1605007322_47_received
5109_e918_0000_1605007326_48_generated
ad95_5109_0000_1605007334_49_received
7f75_ad95_0000_1605007349_50_generated
1264_7f75_0000_1605007352_51_generated
5df3_1264_0000_1605007362_52_generated
bb85_5df3_0000_1605007368_53_generated
4205_bb85_0000_1605007373_54_generated
a9b7_4205_0000_1605007377_55_generated
cd23_a9b7_0000_1605007398_56_received
67af_cd23_0000_1605007401_57_received
7bb8_67af_0000_1605007405_58_generated
8512_7bb8_0000_1605007408_59_generated
1d3c_8512_0000_1605007432_60_generated
c713_1d3c_0000_1605007440_61_generated
6a75_c713_0000_1605007453_62_generated
1bfa_6a75_0000_1605007454_63_generated
7325_1bfa_0000_1605007458_64_received
8ef3_7325_0000_1605007464_65_generated
91b7_8ef3_0000_1605007469_66_received
d2f1_91b7_0000_1605007494_67_generated
b554_d2f1_0000_1605007498_68_generated
6de5_b554_0000_1605007509_69_generated
0bd0_6de5_0000_1605007515_70_received
d5aa_0bd0_0000_1605007524_71_generated
d20a_d5aa_0000_1605007535_72_received
5b33_d20a_0000_1605007543_73_generated
b8f6_5b33_0000_1605007558_74_generated
647a_b8f6_0000_1605007563_75_generated
d83e_647a_0000_1605007567_76_received
0d99_d83e_0000_1605007572_77_generated
b1f6_0d99_0000_1605007573_78_generated
99b5_b1f6_0000_1605007584_79_generated
a6b9_99b5_0000_1605007588_80_generated
4eae_a6b9_0000_1605007595_81_received
