72ce_9e1c_0000_1605076850_1_received
2148_72ce_0000_1605076852_2_received
c77b_2148_0000_1605076856_3_received
b264_c77b_0000_1605076857_4_received
9a82_b264_0000_1605076857_5_received
6b8f_9a82_0000_1605076865_6_received
8eef_6b8f_0000_1605076865_7_received
5eb1_8eef_0000_1605076866_8_received
2edd_5eb1_0000_1605076871_9_received
0caa_5eb1_0000_1605076872_9_received
5237_2edd_0000_1605076874_10_received
3aae_0caa_0000_1605076874_10_received
3a4d_5237_0000_1605076899_11_generated
031b_3a4d_0000_1605076909_12_generated
6e56_031b_0000_1605076921_13_generated
2109_6e56_0000_1605076952_14_generated
24cf_2109_0000_1605076957_15_generated
1a5e_24cf_0000_1605076979_16_generated
bc3e_1a5e_0000_1605076981_17_generated
1f66_bc3e_0000_1605076983_18_generated
6004_1f66_0000_1605076984_19_generated
3ab7_6004_0000_1605076984_20_generated
291d_3ab7_0000_1605076993_21_generated
dca4_291d_0000_1605077008_22_generated
5697_dca4_0000_1605077016_23_generated
5ac6_5697_0000_1605077025_24_generated
cdc0_5ac6_0000_1605077040_25_generated
2578_cdc0_0000_1605077041_26_generated
5358_2578_0000_1605077046_27_generated
3c76_5358_0000_1605077052_28_generated
1851_3c76_0000_1605077064_29_generated
21fd_1851_0000_1605077065_30_generated
949a_21fd_0000_1605077081_31_generated
d563_949a_0000_1605077085_32_generated
45bf_d563_0000_1605077086_33_generated
b0f7_45bf_0000_1605077090_34_generated
4c5b_b0f7_0000_1605077100_35_generated
e49f_4c5b_0000_1605077103_36_generated
2c97_e49f_0000_1605077109_37_generated
ca9a_2c97_0000_1605077125_38_generated
b77b_ca9a_0000_1605077125_39_generated
4054_b77b_0000_1605077152_40_generated
1509_4054_0000_1605077156_41_generated
5aa9_1509_0000_1605077163_42_generated
ebcb_5aa9_0000_1605077178_43_generated
84cb_ebcb_0000_1605077181_44_generated
238b_84cb_0000_1605077185_45_generated
3942_238b_0000_1605077188_46_generated
4038_3942_0000_1605077196_47_generated
e5a8_4038_0000_1605077199_48_generated
37e6_e5a8_0000_1605077210_49_generated
ec4f_37e6_0000_1605077214_50_generated
c4d6_ec4f_0000_1605077222_51_generated
7ce5_c4d6_0000_1605077237_52_generated
d2ee_7ce5_0000_1605077238_53_generated
707a_d2ee_0000_1605077238_54_generated
b1a9_707a_0000_1605077244_55_generated
f4e5_b1a9_0000_1605077250_56_generated
91f8_f4e5_0000_1605077253_57_generated
2018_91f8_0000_1605077277_58_generated
c606_2018_0000_1605077295_59_generated
733b_c606_0000_1605077300_60_generated
2d92_733b_0000_1605077301_61_generated
030b_2d92_0000_1605077316_62_generated
4fbc_030b_0000_1605077326_63_generated
6139_4fbc_0000_1605077343_64_generated
1620_6139_0000_1605077344_65_generated
18e7_1620_0000_1605077352_66_generated
d4c7_18e7_0000_1605077352_67_generated
7667_d4c7_0000_1605077364_68_generated
7eb2_7667_0000_1605077367_69_generated
8636_7eb2_0000_1605077371_70_generated
b419_8636_0000_1605077378_71_generated
6b6f_b419_0000_1605077392_72_generated
8b51_6b6f_0000_1605077393_73_generated
56be_8b51_0000_1605077400_74_generated
7444_56be_0000_1605077409_75_generated
56bd_7444_0000_1605077409_76_generated
be7b_56bd_0000_1605077413_77_generated
23bd_be7b_0000_1605077418_78_generated
ebec_23bd_0000_1605077439_79_generated
0dff_ebec_0000_1605077449_80_generated
8b1c_0dff_0000_1605077454_81_generated
eb5b_8b1c_0000_1605077454_82_generated
0f75_eb5b_0000_1605077461_83_generated
c480_0f75_0000_1605077475_84_generated
1b0d_c480_0000_1605077481_85_generated
e08e_1b0d_0000_1605077489_86_generated
f0a2_e08e_0000_1605077512_87_generated
ad5f_f0a2_0000_1605077523_88_generated
afec_ad5f_0000_1605077524_89_generated
6b23_afec_0000_1605077525_90_generated
6185_6b23_0000_1605077546_91_generated
12f7_6185_0000_1605077548_92_generated
ec3f_12f7_0000_1605077551_93_generated
f926_ec3f_0000_1605077551_94_generated
f427_f926_0000_1605077555_95_generated
