1352_9e1c_0000_1605037104_1_received
00d8_9e1c_0000_1605037105_1_received
2845_1352_0000_1605037106_2_received
a413_2845_0000_1605037107_3_received
eea0_a413_0000_1605037110_4_generated
3e43_eea0_0000_1605037112_5_received
e3ee_3e43_0000_1605037113_6_received
051c_e3ee_0000_1605037116_7_received
b523_e3ee_0000_1605037115_7_received
92e8_b523_0000_1605037116_8_received
111d_92e8_0000_1605037120_9_generated
4a27_92e8_0000_1605037119_9_received
936b_4a27_0000_1605037120_10_received
a033_936b_0000_1605037122_11_received
963b_a033_0000_1605037127_12_generated
415d_a033_0000_1605037125_12_received
d7fa_963b_0000_1605037128_13_generated
e0bc_415d_0000_1605037127_13_received
303c_e0bc_0000_1605037128_14_received
3202_303c_0000_1605037129_15_received
ea47_303c_0000_1605037130_15_received
714f_3202_0000_1605037131_16_received
d637_ea47_0000_1605037132_16_received
9506_3202_0000_1605037132_16_received
aefc_d637_0000_1605037133_17_received
6f46_9506_0000_1605037133_17_received
1e38_6f46_0000_1605037134_18_received
dbd6_1e38_0000_1605037138_19_received
e294_dbd6_0000_1605037143_20_generated
5c72_e294_0000_1605037143_21_generated
5769_dbd6_0000_1605037142_20_received
14e8_5769_0000_1605037143_21_received
e1f6_5769_0000_1605037144_21_received
a062_5c72_0000_1605037148_22_generated
7c3e_14e8_0000_1605037147_22_received
d524_7c3e_0000_1605037149_23_received
2e38_d524_0000_1605037153_24_received
baab_2e38_0000_1605037154_25_received
bb4b_baab_0000_1605037157_26_received
9ae2_baab_0000_1605037158_26_received
c40b_bb4b_0000_1605037160_27_generated
20cf_bb4b_0000_1605037161_27_received
ee57_20cf_0000_1605037162_28_received
5fa0_c40b_0000_1605037163_28_received
13da_ee57_0000_1605037163_29_received
32fe_13da_0000_1605037165_30_generated
57f1_13da_0000_1605037163_30_received
22da_57f1_0000_1605037164_31_received
2cec_22da_0000_1605037166_32_received
9b3d_57f1_0000_1605037165_31_received
d932_2cec_0000_1605037169_33_received
4a45_2cec_0000_1605037168_33_received
3ea7_4a45_0000_1605037170_34_received
656a_3ea7_0000_1605037172_35_received
ba21_656a_0000_1605037173_36_received
908f_ba21_0000_1605037175_37_received
42cf_908f_0000_1605037177_38_received
1c3e_908f_0000_1605037176_38_received
0df2_1c3e_0000_1605037178_39_received
4bdf_0df2_0000_1605037179_40_received
c410_4bdf_0000_1605037180_41_received
8411_c410_0000_1605037181_42_received
b8a6_8411_0000_1605037183_43_received
baf6_b8a6_0000_1605037186_44_received
f610_baf6_0000_1605037187_45_received
e4b1_f610_0000_1605037190_46_generated
5700_f610_0000_1605037188_46_received
6ea3_5700_0000_1605037191_47_received
d6a1_5700_0000_1605037190_47_received
9a9c_d6a1_0000_1605037191_48_received
540a_9a9c_0000_1605037194_49_generated
a970_540a_0000_1605037194_50_received
4466_a970_0000_1605037197_51_generated
dbe3_4466_0000_1605037198_52_received
de57_a970_0000_1605037198_51_received
8211_dbe3_0000_1605037201_53_received
43fc_dbe3_0000_1605037200_53_received
0ee1_43fc_0000_1605037201_54_received
2ecc_0ee1_0000_1605037203_55_received
afcd_0ee1_0000_1605037204_55_received
bd47_2ecc_0000_1605037206_56_generated
e026_2ecc_0000_1605037205_56_received
ceec_afcd_0000_1605037207_56_received
9aec_ceec_0000_1605037208_57_received
ef47_e026_0000_1605037208_57_received
08dc_ef47_0000_1605037209_58_received
77dd_08dc_0000_1605037213_59_generated
e1a4_77dd_0000_1605037214_60_received
379f_e1a4_0000_1605037217_61_received
e1b7_e1a4_0000_1605037216_61_received
c85b_379f_0000_1605037219_62_received
1124_e1b7_0000_1605037220_62_received
8236_379f_0000_1605037220_62_received
7adb_e1b7_0000_1605037221_62_received
8806_c85b_0000_1605037225_63_received
7aeb_8236_0000_1605037224_63_received
2712_8806_0000_1605037227_64_received
d7f7_7aeb_0000_1605037226_64_received
9512_7aeb_0000_1605037228_64_received
7194_2712_0000_1605037228_65_received
8360_d7f7_0000_1605037228_65_received
a6d5_8360_0000_1605037231_66_received
4215_8360_0000_1605037230_66_received
f25d_4215_0000_1605037231_67_received
e42e_4215_0000_1605037232_67_received
b95a_f25d_0000_1605037233_68_received
82b8_f25d_0000_1605037234_68_received
1db7_b95a_0000_1605037237_69_generated
b6c1_82b8_0000_1605037236_69_received
64ad_b6c1_0000_1605037239_70_received
ee7f_64ad_0000_1605037242_71_received
a004_64ad_0000_1605037241_71_received
0a59_a004_0000_1605037242_72_received
7b7c_ee7f_0000_1605037242_72_received
6a6b_0a59_0000_1605037245_73_received
b0cc_6a6b_0000_1605037247_74_generated
70c1_7b7c_0000_1605037245_73_received
56e9_7b7c_0000_1605037246_73_received
04e3_b0cc_0000_1605037249_75_received
eda4_6a6b_0000_1605037248_74_received
b2d9_70c1_0000_1605037249_74_received
6449_b0cc_0000_1605037250_75_received
64d8_04e3_0000_1605037253_76_received
ddeb_64d8_0000_1605037253_77_received
a54c_ddeb_0000_1605037257_78_received
e211_a54c_0000_1605037258_79_received
a6d7_a54c_0000_1605037257_79_received
6e9a_a6d7_0000_1605037259_80_received
5f64_6e9a_0000_1605037261_81_received
0b91_5f64_0000_1605037265_82_received
4937_5f64_0000_1605037264_82_received
b12e_0b91_0000_1605037267_83_received
360e_4937_0000_1605037266_83_received
08de_360e_0000_1605037268_84_received
1fe3_360e_0000_1605037269_84_received
cb3b_1fe3_0000_1605037269_85_received
a465_cb3b_0000_1605037271_86_received
e964_08de_0000_1605037270_85_received
e963_a465_0000_1605037275_87_generated
b685_e963_0000_1605037276_88_generated
00fd_cb3b_0000_1605037274_86_received
575c_a465_0000_1605037277_87_received
d1ec_b685_0000_1605037280_89_generated
23f2_d1ec_0000_1605037282_90_received
7060_23f2_0000_1605037283_91_received
5c9c_d1ec_0000_1605037283_90_received
eef8_7060_0000_1605037283_92_received
c943_d1ec_0000_1605037284_90_received
b4db_5c9c_0000_1605037284_91_received
233d_eef8_0000_1605037285_93_received
51b5_233d_0000_1605037286_94_received
33e8_51b5_0000_1605037290_95_received
0e1a_51b5_0000_1605037288_95_received
41d3_33e8_0000_1605037292_96_generated
6f83_0e1a_0000_1605037292_96_received
8965_0e1a_0000_1605037291_96_received
5929_8965_0000_1605037292_97_received
5d8f_5929_0000_1605037296_98_received
5f89_5929_0000_1605037298_98_received
d3ff_5929_0000_1605037297_98_received
4d95_5d8f_0000_1605037299_99_received
c5e6_d3ff_0000_1605037299_99_received
0742_4d95_0000_1605037303_100_received
697b_c5e6_0000_1605037302_100_received
c1d0_697b_0000_1605037304_101_received
6d5e_c1d0_0000_1605037304_102_received
bb36_6d5e_0000_1605037306_103_received
3fa4_bb36_0000_1605037307_104_received
f6d8_3fa4_0000_1605037310_105_received
4ccb_f6d8_0000_1605037313_106_received
8312_4ccb_0000_1605037315_107_received
6b94_8312_0000_1605037317_108_received
eebf_8312_0000_1605037318_108_received
9c4c_eebf_0000_1605037318_109_received
3a35_9c4c_0000_1605037322_110_generated
d4f6_9c4c_0000_1605037319_110_received
9504_d4f6_0000_1605037320_111_received
6090_9504_0000_1605037321_112_received
a013_6090_0000_1605037322_113_received
5220_a013_0000_1605037325_114_received
78eb_5220_0000_1605037329_115_received
56aa_78eb_0000_1605037331_116_received
b2f9_56aa_0000_1605037333_117_received
9b40_b2f9_0000_1605037337_118_received
e6f1_9b40_0000_1605037340_119_generated
d0bb_e6f1_0000_1605037341_120_generated
10bb_9b40_0000_1605037339_119_received
f23a_10bb_0000_1605037341_120_received
dcca_10bb_0000_1605037340_120_received
2f3b_dcca_0000_1605037341_121_received
6187_2f3b_0000_1605037344_122_received
9c3e_9b40_0000_1605037342_119_received
ae19_10bb_0000_1605037342_120_received
2016_6187_0000_1605037349_123_received
858f_6187_0000_1605037350_123_received
b95d_858f_0000_1605037353_124_received
748b_2016_0000_1605037353_124_received
3732_b95d_0000_1605037359_125_received
d095_b95d_0000_1605037358_125_received
8001_d095_0000_1605037364_126_received
c62a_d095_0000_1605037365_126_received
e7df_8001_0000_1605037365_127_received
4a83_8001_0000_1605037366_127_received
1a5b_e7df_0000_1605037371_128_received
7dc1_1a5b_0000_1605037372_129_received
5c8d_1a5b_0000_1605037374_129_received
bd1a_7dc1_0000_1605037373_130_received
4495_bd1a_0000_1605037374_131_received
8a35_4495_0000_1605037375_132_received
977c_8a35_0000_1605037379_133_received
f89f_8a35_0000_1605037378_133_received
e118_f89f_0000_1605037379_134_received
76ad_e118_0000_1605037385_135_generated
6794_e118_0000_1605037384_135_received
