1352_9e1c_0000_1605037104_1_received
00d8_9e1c_0000_1605037105_1_received
2845_1352_0000_1605037106_2_received
a413_2845_0000_1605037107_3_received
eea0_a413_0000_1605037110_4_received
3e43_eea0_0000_1605037112_5_received
e3ee_3e43_0000_1605037113_6_received
b523_e3ee_0000_1605037115_7_generated
051c_e3ee_0000_1605037116_7_received
92e8_b523_0000_1605037116_8_received
4a27_92e8_0000_1605037119_9_generated
936b_4a27_0000_1605037120_10_received
111d_92e8_0000_1605037120_9_received
a033_936b_0000_1605037122_11_generated
415d_a033_0000_1605037125_12_generated
e0bc_415d_0000_1605037127_13_generated
303c_e0bc_0000_1605037128_14_generated
963b_a033_0000_1605037127_12_received
3202_303c_0000_1605037129_15_generated
d7fa_963b_0000_1605037128_13_received
ea47_303c_0000_1605037130_15_received
9506_3202_0000_1605037132_16_generated
714f_3202_0000_1605037131_16_received
6f46_9506_0000_1605037133_17_generated
d637_ea47_0000_1605037132_16_received
aefc_d637_0000_1605037133_17_received
1e38_6f46_0000_1605037134_18_received
dbd6_1e38_0000_1605037138_19_received
5769_dbd6_0000_1605037142_20_received
14e8_5769_0000_1605037143_21_received
e294_dbd6_0000_1605037143_20_received
e1f6_5769_0000_1605037144_21_received
5c72_e294_0000_1605037143_21_received
7c3e_14e8_0000_1605037147_22_received
d524_7c3e_0000_1605037149_23_received
a062_5c72_0000_1605037148_22_received
2e38_d524_0000_1605037153_24_received
baab_2e38_0000_1605037154_25_received
bb4b_baab_0000_1605037157_26_received
9ae2_baab_0000_1605037158_26_received
c40b_bb4b_0000_1605037160_27_received
20cf_bb4b_0000_1605037161_27_received
ee57_20cf_0000_1605037162_28_received
13da_ee57_0000_1605037163_29_generated
57f1_13da_0000_1605037163_30_generated
22da_57f1_0000_1605037164_31_generated
5fa0_c40b_0000_1605037163_28_received
9b3d_57f1_0000_1605037165_31_received
32fe_13da_0000_1605037165_30_received
2cec_22da_0000_1605037166_32_received
4a45_2cec_0000_1605037168_33_generated
3ea7_4a45_0000_1605037170_34_generated
d932_2cec_0000_1605037169_33_received
656a_3ea7_0000_1605037172_35_generated
ba21_656a_0000_1605037173_36_received
908f_ba21_0000_1605037175_37_received
1c3e_908f_0000_1605037176_38_received
0df2_1c3e_0000_1605037178_39_generated
42cf_908f_0000_1605037177_38_received
4bdf_0df2_0000_1605037179_40_generated
c410_4bdf_0000_1605037180_41_generated
8411_c410_0000_1605037181_42_generated
b8a6_8411_0000_1605037183_43_generated
baf6_b8a6_0000_1605037186_44_generated
f610_baf6_0000_1605037187_45_generated
5700_f610_0000_1605037188_46_generated
d6a1_5700_0000_1605037190_47_received
9a9c_d6a1_0000_1605037191_48_generated
6ea3_5700_0000_1605037191_47_received
e4b1_f610_0000_1605037190_46_received
540a_9a9c_0000_1605037194_49_generated
a970_540a_0000_1605037194_50_generated
de57_a970_0000_1605037198_51_generated
4466_a970_0000_1605037197_51_received
dbe3_4466_0000_1605037198_52_received
43fc_dbe3_0000_1605037200_53_generated
0ee1_43fc_0000_1605037201_54_generated
8211_dbe3_0000_1605037201_53_received
2ecc_0ee1_0000_1605037203_55_received
afcd_0ee1_0000_1605037204_55_received
e026_2ecc_0000_1605037205_56_received
ef47_e026_0000_1605037208_57_generated
ceec_afcd_0000_1605037207_56_received
bd47_2ecc_0000_1605037206_56_received
08dc_ef47_0000_1605037209_58_generated
9aec_ceec_0000_1605037208_57_received
77dd_08dc_0000_1605037213_59_received
e1a4_77dd_0000_1605037214_60_received
379f_e1a4_0000_1605037217_61_received
e1b7_e1a4_0000_1605037216_61_received
c85b_379f_0000_1605037219_62_generated
1124_e1b7_0000_1605037220_62_received
8236_379f_0000_1605037220_62_received
7adb_e1b7_0000_1605037221_62_received
7aeb_8236_0000_1605037224_63_received
8806_c85b_0000_1605037225_63_received
d7f7_7aeb_0000_1605037226_64_received
2712_8806_0000_1605037227_64_received
8360_d7f7_0000_1605037228_65_generated
9512_7aeb_0000_1605037228_64_received
7194_2712_0000_1605037228_65_received
4215_8360_0000_1605037230_66_generated
a6d5_8360_0000_1605037231_66_received
f25d_4215_0000_1605037231_67_received
e42e_4215_0000_1605037232_67_received
82b8_f25d_0000_1605037234_68_generated
b95a_f25d_0000_1605037233_68_received
b6c1_82b8_0000_1605037236_69_received
1db7_b95a_0000_1605037237_69_received
64ad_b6c1_0000_1605037239_70_received
a004_64ad_0000_1605037241_71_received
ee7f_64ad_0000_1605037242_71_received
7b7c_ee7f_0000_1605037242_72_received
0a59_a004_0000_1605037242_72_received
6a6b_0a59_0000_1605037245_73_received
70c1_7b7c_0000_1605037245_73_received
56e9_7b7c_0000_1605037246_73_received
b0cc_6a6b_0000_1605037247_74_received
eda4_6a6b_0000_1605037248_74_received
b2d9_70c1_0000_1605037249_74_received
04e3_b0cc_0000_1605037249_75_received
6449_b0cc_0000_1605037250_75_received
64d8_04e3_0000_1605037253_76_generated
ddeb_64d8_0000_1605037253_77_generated
a54c_ddeb_0000_1605037257_78_generated
a6d7_a54c_0000_1605037257_79_generated
6e9a_a6d7_0000_1605037259_80_generated
e211_a54c_0000_1605037258_79_received
5f64_6e9a_0000_1605037261_81_generated
4937_5f64_0000_1605037264_82_generated
0b91_5f64_0000_1605037265_82_received
360e_4937_0000_1605037266_83_generated
08de_360e_0000_1605037268_84_generated
b12e_0b91_0000_1605037267_83_received
e964_08de_0000_1605037270_85_generated
1fe3_360e_0000_1605037269_84_received
cb3b_1fe3_0000_1605037269_85_received
a465_cb3b_0000_1605037271_86_received
00fd_cb3b_0000_1605037274_86_received
575c_a465_0000_1605037277_87_generated
e963_a465_0000_1605037275_87_received
b685_e963_0000_1605037276_88_received
d1ec_b685_0000_1605037280_89_received
5c9c_d1ec_0000_1605037283_90_generated
23f2_d1ec_0000_1605037282_90_received
b4db_5c9c_0000_1605037284_91_generated
7060_23f2_0000_1605037283_91_received
eef8_7060_0000_1605037283_92_received
233d_eef8_0000_1605037285_93_generated
c943_d1ec_0000_1605037284_90_received
51b5_233d_0000_1605037286_94_generated
0e1a_51b5_0000_1605037288_95_generated
33e8_51b5_0000_1605037290_95_received
8965_0e1a_0000_1605037291_96_generated
5929_8965_0000_1605037292_97_generated
6f83_0e1a_0000_1605037292_96_received
41d3_33e8_0000_1605037292_96_received
d3ff_5929_0000_1605037297_98_generated
5d8f_5929_0000_1605037296_98_received
c5e6_d3ff_0000_1605037299_99_generated
5f89_5929_0000_1605037298_98_received
4d95_5d8f_0000_1605037299_99_received
697b_c5e6_0000_1605037302_100_generated
c1d0_697b_0000_1605037304_101_generated
6d5e_c1d0_0000_1605037304_102_generated
0742_4d95_0000_1605037303_100_received
bb36_6d5e_0000_1605037306_103_generated
3fa4_bb36_0000_1605037307_104_generated
f6d8_3fa4_0000_1605037310_105_received
4ccb_f6d8_0000_1605037313_106_received
8312_4ccb_0000_1605037315_107_generated
eebf_8312_0000_1605037318_108_generated
9c4c_eebf_0000_1605037318_109_generated
6b94_8312_0000_1605037317_108_received
d4f6_9c4c_0000_1605037319_110_generated
9504_d4f6_0000_1605037320_111_generated
6090_9504_0000_1605037321_112_generated
a013_6090_0000_1605037322_113_generated
3a35_9c4c_0000_1605037322_110_received
5220_a013_0000_1605037325_114_received
78eb_5220_0000_1605037329_115_generated
56aa_78eb_0000_1605037331_116_generated
b2f9_56aa_0000_1605037333_117_generated
9b40_b2f9_0000_1605037337_118_generated
10bb_9b40_0000_1605037339_119_generated
dcca_10bb_0000_1605037340_120_generated
2f3b_dcca_0000_1605037341_121_generated
e6f1_9b40_0000_1605037340_119_received
f23a_10bb_0000_1605037341_120_received
ae19_10bb_0000_1605037342_120_received
d0bb_e6f1_0000_1605037341_120_received
6187_2f3b_0000_1605037344_122_received
9c3e_9b40_0000_1605037342_119_received
2016_6187_0000_1605037349_123_received
858f_6187_0000_1605037350_123_received
748b_2016_0000_1605037353_124_generated
b95d_858f_0000_1605037353_124_received
d095_b95d_0000_1605037358_125_received
3732_b95d_0000_1605037359_125_received
8001_d095_0000_1605037364_126_generated
e7df_8001_0000_1605037365_127_generated
c62a_d095_0000_1605037365_126_received
4a83_8001_0000_1605037366_127_received
1a5b_e7df_0000_1605037371_128_received
7dc1_1a5b_0000_1605037372_129_generated
bd1a_7dc1_0000_1605037373_130_generated
4495_bd1a_0000_1605037374_131_generated
8a35_4495_0000_1605037375_132_generated
5c8d_1a5b_0000_1605037374_129_received
f89f_8a35_0000_1605037378_133_generated
e118_f89f_0000_1605037379_134_generated
977c_8a35_0000_1605037379_133_received
37b5_e118_0000_1605037386_135_generated
6794_e118_0000_1605037384_135_received
76ad_e118_0000_1605037385_135_received
96d0_37b5_0000_1605037389_136_generated
0f22_96d0_0000_1605037389_137_generated
3d31_6794_0000_1605037388_136_received
f28e_0f22_0000_1605037391_138_generated
32d1_6794_0000_1605037389_136_received
bb83_3d31_0000_1605037392_137_received
ba9d_96d0_0000_1605037393_137_received
a1df_f28e_0000_1605037397_139_generated
cc7f_a1df_0000_1605037398_140_generated
78db_a1df_0000_1605037401_140_received
3daa_cc7f_0000_1605037404_141_received
14cc_78db_0000_1605037404_141_received
e490_3daa_0000_1605037409_142_received
eccb_e490_0000_1605037413_143_generated
c77b_e490_0000_1605037412_143_received
e8f9_eccb_0000_1605037415_144_generated
06f4_e8f9_0000_1605037416_145_generated
f1e5_e490_0000_1605037414_143_received
a1e2_c77b_0000_1605037415_144_received
5e7c_06f4_0000_1605037418_146_generated
eb32_5e7c_0000_1605037419_147_generated
8ab5_eb32_0000_1605037420_148_generated
7d16_8ab5_0000_1605037421_149_generated
3711_c77b_0000_1605037416_144_received
6d90_c77b_0000_1605037418_144_received
9729_7d16_0000_1605037426_150_received
6af6_7d16_0000_1605037427_150_received
2062_7d16_0000_1605037428_150_received
47d7_9729_0000_1605037429_151_received
dd36_6af6_0000_1605037430_151_received
1d67_47d7_0000_1605037431_152_received
485a_1d67_0000_1605037435_153_received
0b80_485a_0000_1605037440_154_received
b939_485a_0000_1605037442_154_received
d3ea_485a_0000_1605037441_154_received
1f3d_0b80_0000_1605037443_155_received
5287_d3ea_0000_1605037442_155_received
ccf3_1f3d_0000_1605037448_156_generated
6bb2_ccf3_0000_1605037449_157_generated
9cd7_6bb2_0000_1605037449_158_generated
2760_9cd7_0000_1605037449_159_generated
ba89_1f3d_0000_1605037449_156_received
f9d3_2760_0000_1605037453_160_generated
cb1a_f9d3_0000_1605037456_161_generated
e015_5287_0000_1605037451_156_received
c1b5_2760_0000_1605037455_160_received
1476_f9d3_0000_1605037457_161_received
36a9_cb1a_0000_1605037462_162_generated
6d53_cb1a_0000_1605037461_162_received
6969_36a9_0000_1605037464_163_generated
ecc1_6969_0000_1605037467_164_generated
e85d_ecc1_0000_1605037469_165_generated
0c4c_e85d_0000_1605037474_166_generated
7aed_0c4c_0000_1605037475_167_generated
6fca_7aed_0000_1605037480_168_generated
3fb4_6fca_0000_1605037481_169_generated
f3fa_7aed_0000_1605037482_168_received
4217_7aed_0000_1605037481_168_received
9ac0_3fb4_0000_1605037487_170_generated
d762_9ac0_0000_1605037491_171_generated
bb07_9ac0_0000_1605037490_171_received
2687_bb07_0000_1605037492_172_received
eda5_2687_0000_1605037496_173_generated
0f66_eda5_0000_1605037499_174_generated
b3f9_2687_0000_1605037497_173_received
65ca_2687_0000_1605037498_173_received
d98f_0f66_0000_1605037504_175_received
be21_d98f_0000_1605037506_176_received
a05b_0f66_0000_1605037507_175_received
34dc_be21_0000_1605037509_177_received
ad7a_be21_0000_1605037508_177_received
6986_34dc_0000_1605037514_178_generated
aec1_ad7a_0000_1605037514_178_received
5135_6986_0000_1605037517_179_generated
e770_5135_0000_1605037518_180_generated
238b_e770_0000_1605037519_181_generated
4119_aec1_0000_1605037519_179_received
3a77_238b_0000_1605037523_182_received
9fd9_238b_0000_1605037525_182_received
4e51_9fd9_0000_1605037528_183_received
f1ef_3a77_0000_1605037528_183_received
22b8_3a77_0000_1605037529_183_received
046b_22b8_0000_1605037530_184_received
bb33_4e51_0000_1605037533_184_received
b7ff_046b_0000_1605037537_185_generated
8dbe_3a77_0000_1605037531_183_received
4043_bb33_0000_1605037539_185_received
77e0_046b_0000_1605037540_185_received
aa07_b7ff_0000_1605037546_186_generated
3844_bb33_0000_1605037541_185_received
fa77_aa07_0000_1605037550_187_generated
e22c_fa77_0000_1605037550_188_generated
4c7b_e22c_0000_1605037552_189_generated
fc25_aa07_0000_1605037552_187_received
effb_aa07_0000_1605037553_187_received
d008_4c7b_0000_1605037561_190_generated
8f8e_d008_0000_1605037561_191_generated
3f21_8f8e_0000_1605037563_192_generated
e2cc_4c7b_0000_1605037562_190_received
fada_8f8e_0000_1605037566_192_received
0188_3f21_0000_1605037569_193_received
5233_3f21_0000_1605037570_193_received
289e_0188_0000_1605037576_194_generated
89ee_5233_0000_1605037576_194_received
93fd_289e_0000_1605037583_195_generated
4b04_289e_0000_1605037581_195_received
110b_89ee_0000_1605037581_195_received
eca0_89ee_0000_1605037582_195_received
f500_4b04_0000_1605037583_196_received
0c7b_110b_0000_1605037584_196_received
098d_110b_0000_1605037585_196_received
9792_f500_0000_1605037594_197_received
618e_098d_0000_1605037593_197_received
6ce1_f500_0000_1605037590_197_received
8074_0c7b_0000_1605037595_197_received
22cc_9792_0000_1605037603_198_generated
a357_9792_0000_1605037600_198_received
c4e9_618e_0000_1605037599_198_received
f516_c4e9_0000_1605037604_199_received
05c1_f516_0000_1605037610_200_generated
f94e_a357_0000_1605037609_199_received
af03_f94e_0000_1605037612_200_received
c3ef_05c1_0000_1605037618_201_generated
68d4_05c1_0000_1605037616_201_received
af35_05c1_0000_1605037619_201_received
989c_c3ef_0000_1605037627_202_generated
1dea_989c_0000_1605037630_203_generated
45ff_68d4_0000_1605037627_202_received
7ddf_68d4_0000_1605037626_202_received
aa88_7ddf_0000_1605037627_203_received
2dbf_1dea_0000_1605037638_204_received
580d_aa88_0000_1605037638_204_received
3700_aa88_0000_1605037639_204_received
eb79_580d_0000_1605037640_205_received
3def_2dbf_0000_1605037643_205_received
96b9_eb79_0000_1605037651_206_generated
3cce_eb79_0000_1605037649_206_received
c5c4_96b9_0000_1605037656_207_generated
4b1d_3cce_0000_1605037658_207_received
de53_c5c4_0000_1605037663_208_generated
e626_4b1d_0000_1605037660_208_received
f38d_e626_0000_1605037662_209_received
8a4b_3cce_0000_1605037659_207_received
e650_c5c4_0000_1605037665_208_received
379d_8a4b_0000_1605037666_208_received
53a1_f38d_0000_1605037669_210_received
18b5_53a1_0000_1605037679_211_generated
899d_f38d_0000_1605037677_210_received
4c81_18b5_0000_1605037685_212_generated
aa84_4c81_0000_1605037686_213_generated
0ca2_53a1_0000_1605037682_211_received
9267_18b5_0000_1605037687_212_received
7612_0ca2_0000_1605037686_212_received
ec68_aa84_0000_1605037697_214_received
0b75_ec68_0000_1605037700_215_generated
040a_0b75_0000_1605037702_216_generated
925e_040a_0000_1605037703_217_generated
91fd_aa84_0000_1605037699_214_received
0d6a_ec68_0000_1605037703_215_received
d5fe_925e_0000_1605037713_218_generated
2147_91fd_0000_1605037705_215_received
a987_040a_0000_1605037708_217_received
ae27_2147_0000_1605037707_216_received
447f_a987_0000_1605037717_218_received
f0cc_d5fe_0000_1605037720_219_received
42ad_f0cc_0000_1605037725_220_generated
4e47_42ad_0000_1605037727_221_generated
beb7_d5fe_0000_1605037722_219_received
da6c_f0cc_0000_1605037729_220_received
2777_4e47_0000_1605037733_222_received
a580_4e47_0000_1605037736_222_received
26e0_4e47_0000_1605037738_222_received
8790_2777_0000_1605037739_223_received
6e41_a580_0000_1605037741_223_received
c61d_8790_0000_1605037745_224_received
759c_8790_0000_1605037746_224_received
dc68_8790_0000_1605037749_224_received
d252_c61d_0000_1605037753_225_received
d072_c61d_0000_1605037754_225_received
163b_d252_0000_1605037760_226_generated
574e_163b_0000_1605037761_227_generated
ee13_d252_0000_1605037761_226_received
b7a9_574e_0000_1605037768_228_generated
bbb5_b7a9_0000_1605037769_229_generated
c910_d252_0000_1605037763_226_received
fd50_574e_0000_1605037767_228_received
929e_574e_0000_1605037769_228_received
4e86_bbb5_0000_1605037779_230_generated
3e64_4e86_0000_1605037781_231_generated
8d69_bbb5_0000_1605037781_230_received
9647_4e86_0000_1605037782_231_received
6eea_4e86_0000_1605037783_231_received
e2c9_4e86_0000_1605037784_231_received
13fc_6eea_0000_1605037793_232_received
f8ab_13fc_0000_1605037799_233_generated
4a03_f8ab_0000_1605037801_234_generated
242a_13fc_0000_1605037801_233_received
b9e5_4a03_0000_1605037808_235_generated
0b1b_b9e5_0000_1605037814_236_generated
0c05_b9e5_0000_1605037812_236_received
6000_0b1b_0000_1605037818_237_generated
