9f06_9e1c_0000_1605034159_1_generated
219f_9f06_0000_1605034173_2_received
6e59_219f_0000_1605034176_3_generated
ba1a_6e59_0000_1605034180_4_received
c2fd_ba1a_0000_1605034182_5_received
3697_c2fd_0000_1605034185_6_generated
d41f_3697_0000_1605034190_7_generated
1b7b_d41f_0000_1605034193_8_received
b578_1b7b_0000_1605034193_9_received
6cb4_b578_0000_1605034197_10_received
c3c4_6cb4_0000_1605034201_11_generated
e1db_c3c4_0000_1605034206_12_generated
25ad_e1db_0000_1605034212_13_generated
92b7_25ad_0000_1605034214_14_generated
6eef_92b7_0000_1605034214_15_generated
2d82_6eef_0000_1605034215_16_generated
05d9_2d82_0000_1605034216_17_generated
c773_05d9_0000_1605034221_18_generated
943b_c773_0000_1605034223_19_received
f4a6_943b_0000_1605034230_20_received
f962_f4a6_0000_1605034236_21_received
52a8_f962_0000_1605034239_22_generated
6eff_f962_0000_1605034240_22_received
114b_52a8_0000_1605034241_23_received
c7fa_114b_0000_1605034251_24_generated
9893_c7fa_0000_1605034252_25_received
5fc6_9893_0000_1605034252_26_received
638a_5fc6_0000_1605034254_27_generated
e307_638a_0000_1605034261_28_generated
c08d_e307_0000_1605034261_29_received
60a2_c08d_0000_1605034263_30_generated
bd9e_60a2_0000_1605034264_31_generated
fd22_bd9e_0000_1605034278_32_generated
71e9_fd22_0000_1605034280_33_generated
2c0c_71e9_0000_1605034281_34_generated
452f_2c0c_0000_1605034285_35_generated
611b_452f_0000_1605034289_36_received
0e42_611b_0000_1605034294_37_generated
f557_611b_0000_1605034293_37_received
cf76_0e42_0000_1605034295_38_generated
354b_cf76_0000_1605034299_39_generated
d269_354b_0000_1605034302_40_generated
72f1_d269_0000_1605034307_41_generated
453e_72f1_0000_1605034308_42_generated
ff8c_453e_0000_1605034308_43_generated
e839_ff8c_0000_1605034310_44_generated
2dba_e839_0000_1605034311_45_generated
2dd7_2dba_0000_1605034311_46_generated
a3a7_2dd7_0000_1605034312_47_generated
348e_a3a7_0000_1605034313_48_generated
77b7_2dd7_0000_1605034313_47_received
6a26_348e_0000_1605034317_49_received
d8ad_6a26_0000_1605034319_50_generated
2c45_6a26_0000_1605034318_50_received
9769_d8ad_0000_1605034320_51_generated
dfc3_2c45_0000_1605034319_51_received
875e_9769_0000_1605034321_52_generated
35d0_dfc3_0000_1605034321_52_received
6b61_875e_0000_1605034322_53_generated
f1eb_6b61_0000_1605034326_54_received
f1e0_f1eb_0000_1605034328_55_received
7a06_f1e0_0000_1605034328_56_received
6d0b_7a06_0000_1605034329_57_generated
19a1_6d0b_0000_1605034334_58_generated
044d_19a1_0000_1605034334_59_generated
e8a6_044d_0000_1605034335_60_generated
fbbe_6d0b_0000_1605034335_58_received
387a_fbbe_0000_1605034335_59_received
6ddb_e8a6_0000_1605034346_61_generated
8fb5_6ddb_0000_1605034347_62_received
05fa_8fb5_0000_1605034351_63_generated
6adc_05fa_0000_1605034353_64_received
d82f_6adc_0000_1605034357_65_generated
9172_6adc_0000_1605034356_65_received
5160_9172_0000_1605034358_66_received
4154_5160_0000_1605034365_67_generated
c433_4154_0000_1605034368_68_generated
a3e1_c433_0000_1605034370_69_received
d807_a3e1_0000_1605034376_70_received
0778_d807_0000_1605034386_71_received
c51a_0778_0000_1605034386_72_received
16bb_c51a_0000_1605034387_73_received
5268_16bb_0000_1605034391_74_received
65e2_5268_0000_1605034392_75_generated
bbc6_65e2_0000_1605034393_76_generated
e6f9_bbc6_0000_1605034394_77_generated
232a_e6f9_0000_1605034397_78_received
c7f8_232a_0000_1605034399_79_received
63e2_c7f8_0000_1605034401_80_generated
be59_63e2_0000_1605034401_81_generated
3021_be59_0000_1605034406_82_received
8bbd_3021_0000_1605034413_83_received
7649_8bbd_0000_1605034416_84_received
ea7d_7649_0000_1605034417_85_generated
0091_ea7d_0000_1605034419_86_received
d3c0_0091_0000_1605034421_87_received
0eb0_d3c0_0000_1605034421_88_received
ff85_0091_0000_1605034422_87_received
837a_0eb0_0000_1605034423_89_generated
39fe_837a_0000_1605034427_90_generated
357f_39fe_0000_1605034429_91_received
92a9_357f_0000_1605034430_92_generated
694a_92a9_0000_1605034430_93_generated
24d9_694a_0000_1605034433_94_generated
a111_24d9_0000_1605034433_95_generated
3933_a111_0000_1605034434_96_generated
65f3_3933_0000_1605034438_97_generated
9565_3933_0000_1605034439_97_received
19db_65f3_0000_1605034439_98_received
8ae6_19db_0000_1605034441_99_generated
c8c9_9565_0000_1605034440_98_received
cfd3_8ae6_0000_1605034442_100_generated
71e4_c8c9_0000_1605034441_99_received
6bb7_cfd3_0000_1605034443_101_generated
bb8e_6bb7_0000_1605034454_102_received
b281_bb8e_0000_1605034455_103_generated
8309_b281_0000_1605034456_104_generated
2a93_8309_0000_1605034457_105_received
ed84_2a93_0000_1605034461_106_received
f0b1_ed84_0000_1605034462_107_generated
d9f7_f0b1_0000_1605034472_108_generated
0af5_d9f7_0000_1605034488_109_received
95e3_0af5_0000_1605034489_110_generated
415d_95e3_0000_1605034490_111_generated
c7b1_415d_0000_1605034494_112_received
6772_c7b1_0000_1605034498_113_received
e7f4_6772_0000_1605034500_114_generated
21c3_e7f4_0000_1605034502_115_generated
31b6_21c3_0000_1605034509_116_generated
f625_31b6_0000_1605034511_117_generated
10dc_f625_0000_1605034514_118_generated
d79b_10dc_0000_1605034514_119_generated
9141_d79b_0000_1605034514_120_generated
1f78_9141_0000_1605034515_121_generated
1f1f_1f78_0000_1605034517_122_generated
ce72_1f1f_0000_1605034521_123_received
37bc_ce72_0000_1605034522_124_generated
5696_37bc_0000_1605034528_125_generated
bea8_5696_0000_1605034530_126_generated
d946_bea8_0000_1605034533_127_generated
09df_d946_0000_1605034537_128_generated
a0c1_09df_0000_1605034537_129_generated
21da_a0c1_0000_1605034538_130_generated
34b5_21da_0000_1605034541_131_received
7be2_34b5_0000_1605034541_132_received
d03f_7be2_0000_1605034547_133_received
a7da_d03f_0000_1605034549_134_generated
bdb0_a7da_0000_1605034553_135_generated
b128_bdb0_0000_1605034556_136_generated
3ec8_b128_0000_1605034559_137_generated
bcbe_3ec8_0000_1605034561_138_generated
1ce4_bcbe_0000_1605034562_139_received
a7ef_1ce4_0000_1605034564_140_received
2db3_a7ef_0000_1605034567_141_received
5fba_2db3_0000_1605034570_142_received
0430_5fba_0000_1605034573_143_generated
a610_5fba_0000_1605034574_143_received
0913_a610_0000_1605034574_144_received
c752_0913_0000_1605034576_145_generated
d285_0913_0000_1605034575_145_received
d5a9_c752_0000_1605034577_146_generated
98cb_d5a9_0000_1605034580_147_generated
3068_98cb_0000_1605034581_148_generated
905c_3068_0000_1605034581_149_generated
4b85_d5a9_0000_1605034581_147_received
a29f_905c_0000_1605034583_150_generated
a014_a29f_0000_1605034584_151_generated
7524_905c_0000_1605034584_150_received
92d2_7524_0000_1605034585_151_received
8748_a014_0000_1605034589_152_generated
5903_8748_0000_1605034591_153_received
8fa3_5903_0000_1605034592_154_received
b666_5903_0000_1605034593_154_received
50e3_b666_0000_1605034593_155_received
ab27_50e3_0000_1605034596_156_generated
decd_ab27_0000_1605034598_157_received
ac61_decd_0000_1605034601_158_generated
dc1a_ac61_0000_1605034606_159_received
36e8_dc1a_0000_1605034610_160_generated
d7ab_36e8_0000_1605034612_161_received
0967_d7ab_0000_1605034615_162_received
95b9_0967_0000_1605034617_163_received
41f5_95b9_0000_1605034621_164_received
a938_41f5_0000_1605034624_165_generated
d7b1_a938_0000_1605034629_166_generated
6999_d7b1_0000_1605034632_167_generated
5db9_d7b1_0000_1605034631_167_received
824a_5db9_0000_1605034638_168_received
e7f1_824a_0000_1605034646_169_generated
b499_e7f1_0000_1605034651_170_received
1b24_b499_0000_1605034653_171_generated
2440_b499_0000_1605034652_171_received
cf83_1b24_0000_1605034658_172_generated
8417_cf83_0000_1605034659_173_received
66c0_cf83_0000_1605034660_173_received
b573_8417_0000_1605034661_174_received
40de_b573_0000_1605034662_175_received
6f55_40de_0000_1605034664_176_received
75a6_6f55_0000_1605034666_177_received
46fb_6f55_0000_1605034667_177_received
183f_75a6_0000_1605034670_178_generated
b408_183f_0000_1605034671_179_generated
a2a9_b408_0000_1605034687_180_received
56cf_a2a9_0000_1605034688_181_generated
4058_56cf_0000_1605034689_182_generated
2785_4058_0000_1605034698_183_received
bd5d_2785_0000_1605034699_184_generated
6e2e_2785_0000_1605034700_184_received
b431_bd5d_0000_1605034702_185_generated
66df_6e2e_0000_1605034702_185_received
4a0e_b431_0000_1605034706_186_generated
6fa4_66df_0000_1605034705_186_received
899f_4a0e_0000_1605034710_187_generated
776c_899f_0000_1605034711_188_generated
d924_776c_0000_1605034726_189_generated
fe09_d924_0000_1605034726_190_received
e37e_fe09_0000_1605034732_191_generated
abb0_e37e_0000_1605034735_192_generated
1ca6_abb0_0000_1605034746_193_received
af59_1ca6_0000_1605034753_194_generated
51d6_af59_0000_1605034754_195_generated
e30e_51d6_0000_1605034757_196_generated
c06c_e30e_0000_1605034771_197_received
4e0f_c06c_0000_1605034777_198_generated
0093_4e0f_0000_1605034780_199_received
6a45_0093_0000_1605034786_200_received
85eb_6a45_0000_1605034791_201_generated
4d88_85eb_0000_1605034791_202_generated
7612_4d88_0000_1605034791_203_generated
1ce6_7612_0000_1605034794_204_generated
3167_7612_0000_1605034795_204_received
db7a_3167_0000_1605034798_205_received
11d0_db7a_0000_1605034800_206_generated
9a99_1ce6_0000_1605034799_205_received
eb90_11d0_0000_1605034802_207_received
07e6_eb90_0000_1605034811_208_generated
56ea_07e6_0000_1605034814_209_generated
dd1b_07e6_0000_1605034813_209_received
2220_56ea_0000_1605034816_210_generated
bfd3_2220_0000_1605034818_211_received
76bf_bfd3_0000_1605034819_212_generated
a732_76bf_0000_1605034822_213_generated
d644_a732_0000_1605034823_214_generated
6e9e_76bf_0000_1605034823_213_received
da45_6e9e_0000_1605034824_214_received
8319_d644_0000_1605034825_215_received
e523_8319_0000_1605034827_216_generated
f3f5_e523_0000_1605034828_217_generated
e7b1_f3f5_0000_1605034830_218_generated
27d9_f3f5_0000_1605034831_218_received
5d10_e7b1_0000_1605034839_219_generated
6f5f_e7b1_0000_1605034838_219_received
7c09_6f5f_0000_1605034841_220_received
bb06_7c09_0000_1605034845_221_received
c0eb_bb06_0000_1605034846_222_received
285d_c0eb_0000_1605034850_223_generated
8ac7_c0eb_0000_1605034849_223_received
9693_285d_0000_1605034853_224_generated
c364_9693_0000_1605034861_225_generated
8f28_c364_0000_1605034865_226_generated
7e16_8f28_0000_1605034868_227_generated
ac9f_8f28_0000_1605034867_227_received
0d0a_ac9f_0000_1605034869_228_received
b475_0d0a_0000_1605034872_229_generated
2afa_b475_0000_1605034872_230_generated
0bcc_2afa_0000_1605034875_231_generated
2a97_0bcc_0000_1605034876_232_generated
dbd8_2a97_0000_1605034877_233_generated
aa20_2a97_0000_1605034878_233_received
