9f06_9e1c_0000_1605034159_1_received
219f_9f06_0000_1605034173_2_generated
6e59_219f_0000_1605034176_3_received
ba1a_6e59_0000_1605034180_4_generated
c2fd_ba1a_0000_1605034182_5_generated
3697_c2fd_0000_1605034185_6_received
d41f_3697_0000_1605034190_7_received
1b7b_d41f_0000_1605034193_8_generated
b578_1b7b_0000_1605034193_9_generated
6cb4_b578_0000_1605034197_10_generated
c3c4_6cb4_0000_1605034201_11_received
e1db_c3c4_0000_1605034206_12_generated
25ad_e1db_0000_1605034212_13_received
92b7_25ad_0000_1605034214_14_received
6eef_92b7_0000_1605034214_15_received
2d82_6eef_0000_1605034215_16_received
05d9_2d82_0000_1605034216_17_received
c773_05d9_0000_1605034221_18_received
943b_c773_0000_1605034223_19_generated
f4a6_943b_0000_1605034230_20_generated
f962_f4a6_0000_1605034236_21_generated
6eff_f962_0000_1605034240_22_generated
52a8_f962_0000_1605034239_22_received
114b_52a8_0000_1605034241_23_received
c7fa_114b_0000_1605034251_24_generated
9893_c7fa_0000_1605034252_25_generated
5fc6_9893_0000_1605034252_26_generated
638a_5fc6_0000_1605034254_27_received
e307_638a_0000_1605034261_28_generated
c08d_e307_0000_1605034261_29_generated
60a2_c08d_0000_1605034263_30_received
bd9e_60a2_0000_1605034264_31_received
fd22_bd9e_0000_1605034278_32_received
71e9_fd22_0000_1605034280_33_received
2c0c_71e9_0000_1605034281_34_received
452f_2c0c_0000_1605034285_35_received
611b_452f_0000_1605034289_36_generated
f557_611b_0000_1605034293_37_generated
0e42_611b_0000_1605034294_37_received
cf76_0e42_0000_1605034295_38_received
354b_cf76_0000_1605034299_39_received
d269_354b_0000_1605034302_40_received
72f1_d269_0000_1605034307_41_received
453e_72f1_0000_1605034308_42_received
ff8c_453e_0000_1605034308_43_received
e839_ff8c_0000_1605034310_44_received
2dba_e839_0000_1605034311_45_received
2dd7_2dba_0000_1605034311_46_received
77b7_2dd7_0000_1605034313_47_generated
a3a7_2dd7_0000_1605034312_47_received
348e_a3a7_0000_1605034313_48_received
6a26_348e_0000_1605034317_49_received
2c45_6a26_0000_1605034318_50_received
dfc3_2c45_0000_1605034319_51_generated
d8ad_6a26_0000_1605034319_50_received
9769_d8ad_0000_1605034320_51_received
35d0_dfc3_0000_1605034321_52_generated
875e_9769_0000_1605034321_52_received
6b61_875e_0000_1605034322_53_received
f1eb_6b61_0000_1605034326_54_generated
f1e0_f1eb_0000_1605034328_55_generated
7a06_f1e0_0000_1605034328_56_generated
6d0b_7a06_0000_1605034329_57_received
fbbe_6d0b_0000_1605034335_58_generated
387a_fbbe_0000_1605034335_59_generated
19a1_6d0b_0000_1605034334_58_received
044d_19a1_0000_1605034334_59_received
e8a6_044d_0000_1605034335_60_received
6ddb_e8a6_0000_1605034346_61_generated
8fb5_6ddb_0000_1605034347_62_generated
05fa_8fb5_0000_1605034351_63_received
6adc_05fa_0000_1605034353_64_generated
9172_6adc_0000_1605034356_65_generated
5160_9172_0000_1605034358_66_generated
d82f_6adc_0000_1605034357_65_received
4154_5160_0000_1605034365_67_received
c433_4154_0000_1605034368_68_received
a3e1_c433_0000_1605034370_69_generated
d807_a3e1_0000_1605034376_70_generated
0778_d807_0000_1605034386_71_generated
c51a_0778_0000_1605034386_72_generated
16bb_c51a_0000_1605034387_73_generated
5268_16bb_0000_1605034391_74_generated
65e2_5268_0000_1605034392_75_generated
bbc6_65e2_0000_1605034393_76_received
e6f9_bbc6_0000_1605034394_77_received
232a_e6f9_0000_1605034397_78_received
c7f8_232a_0000_1605034399_79_generated
63e2_c7f8_0000_1605034401_80_received
be59_63e2_0000_1605034401_81_received
3021_be59_0000_1605034406_82_generated
8bbd_3021_0000_1605034413_83_received
7649_8bbd_0000_1605034416_84_received
ea7d_7649_0000_1605034417_85_received
0091_ea7d_0000_1605034419_86_received
d3c0_0091_0000_1605034421_87_generated
0eb0_d3c0_0000_1605034421_88_generated
837a_0eb0_0000_1605034423_89_generated
ff85_0091_0000_1605034422_87_received
39fe_837a_0000_1605034427_90_received
357f_39fe_0000_1605034429_91_generated
92a9_357f_0000_1605034430_92_received
694a_92a9_0000_1605034430_93_received
24d9_694a_0000_1605034433_94_received
a111_24d9_0000_1605034433_95_received
3933_a111_0000_1605034434_96_received
9565_3933_0000_1605034439_97_generated
65f3_3933_0000_1605034438_97_received
c8c9_9565_0000_1605034440_98_generated
19db_65f3_0000_1605034439_98_received
71e4_c8c9_0000_1605034441_99_generated
8ae6_19db_0000_1605034441_99_received
cfd3_8ae6_0000_1605034442_100_received
6bb7_cfd3_0000_1605034443_101_received
bb8e_6bb7_0000_1605034454_102_generated
b281_bb8e_0000_1605034455_103_generated
8309_b281_0000_1605034456_104_received
2a93_8309_0000_1605034457_105_generated
ed84_2a93_0000_1605034461_106_generated
f0b1_ed84_0000_1605034462_107_received
d9f7_f0b1_0000_1605034472_108_received
0af5_d9f7_0000_1605034488_109_received
95e3_0af5_0000_1605034489_110_received
415d_95e3_0000_1605034490_111_received
c7b1_415d_0000_1605034494_112_generated
6772_c7b1_0000_1605034498_113_generated
e7f4_6772_0000_1605034500_114_received
21c3_e7f4_0000_1605034502_115_received
31b6_21c3_0000_1605034509_116_received
f625_31b6_0000_1605034511_117_received
10dc_f625_0000_1605034514_118_received
d79b_10dc_0000_1605034514_119_received
9141_d79b_0000_1605034514_120_received
1f78_9141_0000_1605034515_121_received
1f1f_1f78_0000_1605034517_122_generated
ce72_1f1f_0000_1605034521_123_generated
37bc_ce72_0000_1605034522_124_received
5696_37bc_0000_1605034528_125_received
bea8_5696_0000_1605034530_126_received
d946_bea8_0000_1605034533_127_received
09df_d946_0000_1605034537_128_received
a0c1_09df_0000_1605034537_129_received
21da_a0c1_0000_1605034538_130_received
34b5_21da_0000_1605034541_131_generated
7be2_34b5_0000_1605034541_132_generated
d03f_7be2_0000_1605034547_133_generated
a7da_d03f_0000_1605034549_134_received
bdb0_a7da_0000_1605034553_135_received
b128_bdb0_0000_1605034556_136_generated
3ec8_b128_0000_1605034559_137_received
bcbe_3ec8_0000_1605034561_138_received
1ce4_bcbe_0000_1605034562_139_generated
a7ef_1ce4_0000_1605034564_140_generated
2db3_a7ef_0000_1605034567_141_generated
5fba_2db3_0000_1605034570_142_generated
0430_5fba_0000_1605034573_143_received
a610_5fba_0000_1605034574_143_received
0913_a610_0000_1605034574_144_received
d285_0913_0000_1605034575_145_received
c752_0913_0000_1605034576_145_received
d5a9_c752_0000_1605034577_146_received
4b85_d5a9_0000_1605034581_147_generated
98cb_d5a9_0000_1605034580_147_received
3068_98cb_0000_1605034581_148_received
905c_3068_0000_1605034581_149_received
a29f_905c_0000_1605034583_150_received
7524_905c_0000_1605034584_150_received
a014_a29f_0000_1605034584_151_received
92d2_7524_0000_1605034585_151_received
8748_a014_0000_1605034589_152_received
5903_8748_0000_1605034591_153_generated
b666_5903_0000_1605034593_154_generated
50e3_b666_0000_1605034593_155_generated
8fa3_5903_0000_1605034592_154_received
ab27_50e3_0000_1605034596_156_received
decd_ab27_0000_1605034598_157_generated
ac61_decd_0000_1605034601_158_received
dc1a_ac61_0000_1605034606_159_generated
36e8_dc1a_0000_1605034610_160_received
d7ab_36e8_0000_1605034612_161_generated
0967_d7ab_0000_1605034615_162_generated
95b9_0967_0000_1605034617_163_received
41f5_95b9_0000_1605034621_164_generated
a938_41f5_0000_1605034624_165_generated
d7b1_a938_0000_1605034629_166_received
5db9_d7b1_0000_1605034631_167_generated
6999_d7b1_0000_1605034632_167_received
824a_5db9_0000_1605034638_168_generated
e7f1_824a_0000_1605034646_169_received
b499_e7f1_0000_1605034651_170_received
2440_b499_0000_1605034652_171_received
1b24_b499_0000_1605034653_171_received
cf83_1b24_0000_1605034658_172_received
8417_cf83_0000_1605034659_173_generated
b573_8417_0000_1605034661_174_generated
66c0_cf83_0000_1605034660_173_received
40de_b573_0000_1605034662_175_generated
6f55_40de_0000_1605034664_176_generated
75a6_6f55_0000_1605034666_177_generated
46fb_6f55_0000_1605034667_177_received
183f_75a6_0000_1605034670_178_generated
b408_183f_0000_1605034671_179_received
a2a9_b408_0000_1605034687_180_generated
56cf_a2a9_0000_1605034688_181_generated
4058_56cf_0000_1605034689_182_received
2785_4058_0000_1605034698_183_received
6e2e_2785_0000_1605034700_184_generated
bd5d_2785_0000_1605034699_184_received
66df_6e2e_0000_1605034702_185_generated
b431_bd5d_0000_1605034702_185_received
6fa4_66df_0000_1605034705_186_generated
4a0e_b431_0000_1605034706_186_received
899f_4a0e_0000_1605034710_187_received
776c_899f_0000_1605034711_188_received
d924_776c_0000_1605034726_189_generated
fe09_d924_0000_1605034726_190_generated
e37e_fe09_0000_1605034732_191_received
abb0_e37e_0000_1605034735_192_received
1ca6_abb0_0000_1605034746_193_generated
af59_1ca6_0000_1605034753_194_received
51d6_af59_0000_1605034754_195_received
e30e_51d6_0000_1605034757_196_received
c06c_e30e_0000_1605034771_197_generated
4e0f_c06c_0000_1605034777_198_received
0093_4e0f_0000_1605034780_199_generated
6a45_0093_0000_1605034786_200_generated
85eb_6a45_0000_1605034791_201_received
4d88_85eb_0000_1605034791_202_received
7612_4d88_0000_1605034791_203_received
3167_7612_0000_1605034795_204_generated
1ce6_7612_0000_1605034794_204_received
db7a_3167_0000_1605034798_205_generated
9a99_1ce6_0000_1605034799_205_received
11d0_db7a_0000_1605034800_206_received
eb90_11d0_0000_1605034802_207_generated
07e6_eb90_0000_1605034811_208_received
dd1b_07e6_0000_1605034813_209_generated
56ea_07e6_0000_1605034814_209_received
2220_56ea_0000_1605034816_210_received
bfd3_2220_0000_1605034818_211_received
76bf_bfd3_0000_1605034819_212_received
6e9e_76bf_0000_1605034823_213_generated
a732_76bf_0000_1605034822_213_received
da45_6e9e_0000_1605034824_214_generated
d644_a732_0000_1605034823_214_received
8319_d644_0000_1605034825_215_received
e523_8319_0000_1605034827_216_received
f3f5_e523_0000_1605034828_217_received
e7b1_f3f5_0000_1605034830_218_received
27d9_f3f5_0000_1605034831_218_received
6f5f_e7b1_0000_1605034838_219_generated
5d10_e7b1_0000_1605034839_219_received
7c09_6f5f_0000_1605034841_220_received
bb06_7c09_0000_1605034845_221_generated
c0eb_bb06_0000_1605034846_222_generated
8ac7_c0eb_0000_1605034849_223_generated
285d_c0eb_0000_1605034850_223_received
9693_285d_0000_1605034853_224_received
c364_9693_0000_1605034861_225_received
8f28_c364_0000_1605034865_226_received
ac9f_8f28_0000_1605034867_227_generated
0d0a_ac9f_0000_1605034869_228_generated
7e16_8f28_0000_1605034868_227_received
b475_0d0a_0000_1605034872_229_received
2afa_b475_0000_1605034872_230_received
0bcc_2afa_0000_1605034875_231_received
2a97_0bcc_0000_1605034876_232_received
dbd8_2a97_0000_1605034877_233_received
aa20_2a97_0000_1605034878_233_received
70e6_dbd8_0000_1605034879_234_generated
