2154_9e1c_0000_1605031259_1_received
4fab_2154_0000_1605031268_2_received
da26_4fab_0000_1605031273_3_received
e73c_da26_0000_1605031278_4_received
05c7_e73c_0000_1605031280_5_received
755b_05c7_0000_1605031282_6_received
3184_05c7_0000_1605031283_6_received
4e88_3184_0000_1605031294_7_received
4759_4e88_0000_1605031300_8_received
8e51_4759_0000_1605031306_9_received
cf52_8e51_0000_1605031311_10_received
afed_cf52_0000_1605031314_11_received
eaf9_afed_0000_1605031317_12_received
a805_eaf9_0000_1605031319_13_received
1366_a805_0000_1605031320_14_received
b32b_1366_0000_1605031323_15_received
f00f_b32b_0000_1605031327_16_received
6737_f00f_0000_1605031331_17_received
462d_6737_0000_1605031332_18_received
b49d_462d_0000_1605031333_19_received
b69c_b49d_0000_1605031337_20_received
6632_b69c_0000_1605031342_21_received
679d_6632_0000_1605031346_22_received
113c_679d_0000_1605031354_23_received
16b6_113c_0000_1605031355_24_received
89e1_16b6_0000_1605031356_25_received
d73d_89e1_0000_1605031357_26_received
3b81_d73d_0000_1605031359_27_received
254d_3b81_0000_1605031372_28_received
fcaf_254d_0000_1605031383_29_generated
8453_fcaf_0000_1605031391_30_received
86ab_fcaf_0000_1605031392_30_received
4900_8453_0000_1605031399_31_received
1fda_4900_0000_1605031414_32_received
c2cd_1fda_0000_1605031421_33_received
8bbe_c2cd_0000_1605031428_34_received
1490_8bbe_0000_1605031431_35_received
0b54_1490_0000_1605031433_36_received
09d1_0b54_0000_1605031437_37_received
2f3c_09d1_0000_1605031442_38_received
531c_2f3c_0000_1605031450_39_received
362c_531c_0000_1605031459_40_received
1b74_362c_0000_1605031462_41_received
6557_1b74_0000_1605031466_42_received
8385_6557_0000_1605031469_43_received
7d4d_8385_0000_1605031476_44_received
901a_7d4d_0000_1605031483_45_received
9728_901a_0000_1605031487_46_received
babe_9728_0000_1605031492_47_received
d9a8_babe_0000_1605031493_48_received
ecc0_d9a8_0000_1605031495_49_received
cca8_ecc0_0000_1605031496_50_received
6ca0_cca8_0000_1605031498_51_received
c5bb_cca8_0000_1605031499_51_received
50a1_c5bb_0000_1605031504_52_received
045d_50a1_0000_1605031508_53_received
1328_045d_0000_1605031510_54_received
ccc0_1328_0000_1605031514_55_received
00fa_ccc0_0000_1605031530_56_received
f309_00fa_0000_1605031531_57_received
a111_f309_0000_1605031532_58_received
65a7_a111_0000_1605031535_59_received
3ca2_65a7_0000_1605031536_60_generated
17ad_65a7_0000_1605031537_60_received
33b9_17ad_0000_1605031545_61_received
7977_33b9_0000_1605031546_62_received
3294_7977_0000_1605031549_63_received
f0e6_3294_0000_1605031551_64_received
1fca_f0e6_0000_1605031552_65_received
1b29_1fca_0000_1605031563_66_received
bbc5_1b29_0000_1605031564_67_received
6299_bbc5_0000_1605031566_68_received
360d_6299_0000_1605031571_69_received
43d6_360d_0000_1605031573_70_received
3083_43d6_0000_1605031576_71_received
c8c1_3083_0000_1605031583_72_received
a109_c8c1_0000_1605031591_73_received
c7bf_a109_0000_1605031593_74_received
ece5_c7bf_0000_1605031604_75_received
6f00_ece5_0000_1605031608_76_received
b5ff_6f00_0000_1605031610_77_received
aa45_b5ff_0000_1605031615_78_generated
f1b5_aa45_0000_1605031618_79_received
5994_f1b5_0000_1605031622_80_received
46b0_5994_0000_1605031625_81_received
2c50_46b0_0000_1605031630_82_received
67eb_2c50_0000_1605031630_83_received
e104_67eb_0000_1605031633_84_received
f129_e104_0000_1605031633_85_received
fc11_f129_0000_1605031637_86_received
a2a0_fc11_0000_1605031646_87_received
cc2b_a2a0_0000_1605031661_88_generated
94be_cc2b_0000_1605031663_89_received
6156_94be_0000_1605031670_90_received
c331_6156_0000_1605031673_91_received
c161_c331_0000_1605031675_92_received
5cd9_c161_0000_1605031680_93_received
12c1_5cd9_0000_1605031681_94_generated
bfef_12c1_0000_1605031683_95_received
88fd_bfef_0000_1605031691_96_received
fb9e_88fd_0000_1605031691_97_received
d67e_fb9e_0000_1605031695_98_received
1add_d67e_0000_1605031702_99_received
5d44_1add_0000_1605031708_100_generated
cab2_5d44_0000_1605031716_101_received
5a42_cab2_0000_1605031717_102_received
f350_5a42_0000_1605031719_103_received
ff2d_f350_0000_1605031720_104_received
11ba_ff2d_0000_1605031720_105_received
89f6_11ba_0000_1605031724_106_generated
31b9_11ba_0000_1605031722_106_received
2e4d_31b9_0000_1605031726_107_received
61c4_2e4d_0000_1605031727_108_received
4d9a_61c4_0000_1605031731_109_received
4942_4d9a_0000_1605031732_110_received
f0c9_4942_0000_1605031738_111_received
cb7c_f0c9_0000_1605031744_112_received
a1b5_cb7c_0000_1605031748_113_received
d8f6_a1b5_0000_1605031752_114_received
0ea7_d8f6_0000_1605031754_115_generated
abc7_0ea7_0000_1605031755_116_received
dc57_abc7_0000_1605031757_117_received
8734_dc57_0000_1605031768_118_received
94e1_8734_0000_1605031777_119_received
13f0_94e1_0000_1605031778_120_received
52f0_13f0_0000_1605031785_121_received
564c_52f0_0000_1605031793_122_received
aca5_564c_0000_1605031795_123_received
fb82_aca5_0000_1605031800_124_received
cea1_fb82_0000_1605031802_125_received
6457_cea1_0000_1605031805_126_received
a86a_6457_0000_1605031810_127_received
da27_a86a_0000_1605031813_128_received
19d9_da27_0000_1605031817_129_received
0fdf_19d9_0000_1605031819_130_received
e0ab_0fdf_0000_1605031826_131_received
33c0_e0ab_0000_1605031837_132_received
398e_33c0_0000_1605031846_133_received
62ec_398e_0000_1605031849_134_received
1106_62ec_0000_1605031858_135_received
d6c5_1106_0000_1605031861_136_received
a1b3_1106_0000_1605031862_136_received
28fb_a1b3_0000_1605031875_137_received
ca51_28fb_0000_1605031877_138_generated
5af2_ca51_0000_1605031886_139_received
60ae_5af2_0000_1605031886_140_received
9223_60ae_0000_1605031891_141_received
a18b_60ae_0000_1605031892_141_received
1377_9223_0000_1605031892_142_received
d00d_a18b_0000_1605031893_142_received
84f0_1377_0000_1605031893_143_received
05eb_d00d_0000_1605031894_143_received
9fc7_84f0_0000_1605031895_144_received
2cb7_9fc7_0000_1605031897_145_received
59d1_2cb7_0000_1605031900_146_received
ec35_59d1_0000_1605031910_147_received
589e_ec35_0000_1605031910_148_received
40ec_589e_0000_1605031919_149_received
754b_40ec_0000_1605031924_150_received
e832_754b_0000_1605031926_151_received
5c1f_e832_0000_1605031932_152_received
22da_5c1f_0000_1605031937_153_received
680d_22da_0000_1605031939_154_received
586c_680d_0000_1605031942_155_received
7d6e_586c_0000_1605031944_156_received
3eb6_7d6e_0000_1605031949_157_received
1cc6_7d6e_0000_1605031950_157_received
91a8_3eb6_0000_1605031952_158_generated
d2de_1cc6_0000_1605031953_158_received
6745_91a8_0000_1605031957_159_received
0008_6745_0000_1605031965_160_received
b84e_6745_0000_1605031966_160_received
2f78_0008_0000_1605031966_161_received
93d3_2f78_0000_1605031972_162_received
72b5_93d3_0000_1605031975_163_received
13e3_72b5_0000_1605031979_164_generated
52a8_72b5_0000_1605031978_164_received
ad9b_52a8_0000_1605031980_165_received
