817a_9e1c_0000_1607349135_1_generated
a38a_817a_0000_1607349141_2_generated
bfcd_a38a_0000_1607349145_3_generated
450e_bfcd_0000_1607349166_4_generated
9e03_450e_0000_1607349173_5_generated
3fde_9e03_0000_1607349180_6_generated
38e2_3fde_0000_1607349182_7_generated
aeb7_38e2_0000_1607349183_8_generated
4b7d_aeb7_0000_1607349215_9_received
8073_4b7d_0000_1607349218_10_received
857d_8073_0000_1607349228_11_generated
52bf_857d_0000_1607349231_12_generated
a0e3_52bf_0000_1607349245_13_generated
95b1_a0e3_0000_1607349258_14_received
605a_95b1_0000_1607349280_15_generated
45d5_605a_0000_1607349288_16_received
ada0_45d5_0000_1607349289_17_received
cc51_ada0_0000_1607349311_18_generated
3507_cc51_0000_1607349315_19_received
7c87_3507_0000_1607349321_20_generated
c498_7c87_0000_1607349327_21_generated
39d6_c498_0000_1607349332_22_generated
e2e9_39d6_0000_1607349336_23_generated
4d5a_39d6_0000_1607349337_23_received
21b8_e2e9_0000_1607349354_24_generated
ca1a_21b8_0000_1607349360_25_generated
c346_ca1a_0000_1607349367_26_received
9377_c346_0000_1607349388_27_received
709b_9377_0000_1607349389_28_generated
7780_709b_0000_1607349400_29_received
4135_7780_0000_1607349407_30_received
becc_4135_0000_1607349425_31_received
d7fc_becc_0000_1607349437_32_received
0de4_d7fc_0000_1607349442_33_received
9633_0de4_0000_1607349448_34_generated
963f_9633_0000_1607349453_35_received
d131_963f_0000_1607349455_36_generated
b748_d131_0000_1607349460_37_generated
0d02_b748_0000_1607349464_38_generated
b368_0d02_0000_1607349467_39_received
aa36_b368_0000_1607349469_40_generated
b1cd_aa36_0000_1607349479_41_received
bf63_b1cd_0000_1607349490_42_generated
c939_bf63_0000_1607349505_43_generated
f55c_c939_0000_1607349506_44_generated
b840_f55c_0000_1607349516_45_generated
a50b_b840_0000_1607349517_46_generated
c87c_a50b_0000_1607349536_47_received
93e4_c87c_0000_1607349542_48_generated
77e3_93e4_0000_1607349546_49_generated
8bbf_77e3_0000_1607349555_50_generated
16f5_8bbf_0000_1607349562_51_received
1ee9_16f5_0000_1607349565_52_received
e6ee_1ee9_0000_1607349587_53_received
5634_e6ee_0000_1607349588_54_generated
35af_5634_0000_1607349598_55_received
5a47_35af_0000_1607349602_56_generated
939a_5a47_0000_1607349607_57_received
bfe5_939a_0000_1607349612_58_generated
ec76_bfe5_0000_1607349617_59_received
c327_ec76_0000_1607349629_60_received
8986_c327_0000_1607349640_61_generated
c998_8986_0000_1607349652_62_received
791b_c998_0000_1607349659_63_generated
4bb9_791b_0000_1607349661_64_generated
c0c0_4bb9_0000_1607349664_65_generated
b966_c0c0_0000_1607349668_66_received
5586_b966_0000_1607349676_67_received
0304_5586_0000_1607349681_68_received
a50c_0304_0000_1607349685_69_received
7ec4_a50c_0000_1607349705_70_received
df87_7ec4_0000_1607349713_71_generated
c87f_df87_0000_1607349727_72_generated
